#
# There is insufficient memory for the Java Runtime Environment to continue.
# Native memory allocation (mmap) failed to map 115867648 bytes for committing reserved memory.
# Possible reasons:
#   The system is out of physical RAM or swap space
#   In 32 bit mode, the process size limit was hit
# Possible solutions:
#   Reduce memory load on the system
#   Increase physical memory or swap space
#   Check if swap backing store is full
#   Use 64 bit Java on a 64 bit OS
#   Decrease Java heap size (-Xmx/-Xms)
#   Decrease number of Java threads
#   Decrease Java thread stack sizes (-Xss)
#   Set larger code cache with -XX:ReservedCodeCacheSize=
# This output file may be truncated or incomplete.
#
#  Out of Memory Error (os_linux.cpp:2673), pid=5960, tid=140485159024384
#
# JRE version: Java(TM) SE Runtime Environment (8.0_45-b14) (build 1.8.0_45-b14)
# Java VM: Java HotSpot(TM) 64-Bit Server VM (25.45-b02 mixed mode linux-amd64 compressed oops)
# Failed to write core dump. Core dumps have been disabled. To enable core dumping, try "ulimit -c unlimited" before starting Java again
#

---------------  T H R E A D  ---------------

Current thread (0x00007fc560077800):  VMThread [stack: 0x00007fc53feff000,0x00007fc540000000] [id=5968]

Stack: [0x00007fc53feff000,0x00007fc540000000],  sp=0x00007fc53fffe0e0,  free space=1020k
Native frames: (J=compiled Java code, j=interpreted, Vv=VM code, C=native code)
V  [libjvm.so+0xaac99a]  VMError::report_and_die()+0x2ba
V  [libjvm.so+0x4f333b]  report_vm_out_of_memory(char const*, int, unsigned long, VMErrorType, char const*)+0x8b
V  [libjvm.so+0x90e7c3]  os::Linux::commit_memory_impl(char*, unsigned long, bool)+0x103
V  [libjvm.so+0x90ed19]  os::pd_commit_memory(char*, unsigned long, unsigned long, bool)+0x29
V  [libjvm.so+0x90867a]  os::commit_memory(char*, unsigned long, unsigned long, bool)+0x2a
V  [libjvm.so+0x97bac3]  PSVirtualSpace::expand_by(unsigned long)+0x53
V  [libjvm.so+0x97cec8]  PSYoungGen::resize_generation(unsigned long, unsigned long)+0xf8
V  [libjvm.so+0x97c022]  PSYoungGen::resize(unsigned long, unsigned long)+0x22
V  [libjvm.so+0x9792fb]  PSScavenge::invoke_no_policy()+0xf7b
V  [libjvm.so+0x979a81]  PSScavenge::invoke()+0x41
V  [libjvm.so+0x932050]  ParallelScavengeHeap::failed_mem_allocate(unsigned long)+0x70
V  [libjvm.so+0xaae1d7]  VM_ParallelGCFailedAllocation::doit()+0x97
V  [libjvm.so+0xab59c5]  VM_Operation::evaluate()+0x55
V  [libjvm.so+0xab3d9a]  VMThread::evaluate_operation(VM_Operation*)+0xba
V  [libjvm.so+0xab411e]  VMThread::loop()+0x1ce
V  [libjvm.so+0xab4590]  VMThread::run()+0x70
V  [libjvm.so+0x910de8]  java_start(Thread*)+0x108

VM_Operation (0x00007fc53e249620): ParallelGCFailedAllocation, mode: safepoint, requested by thread 0x00007fc51000a800


---------------  P R O C E S S  ---------------

Java Threads: ( => current thread )
  0x00007fc4e400a800 JavaThread "Forward streams with process: command '/opt/java/jdk1.8.0_45/bin/java' Thread 2" [_thread_in_native, id=7901, stack(0x00007fc4f1c7b000,0x00007fc4f1d7c000)]
  0x00007fc4e4009800 JavaThread "Forward streams with process: command '/opt/java/jdk1.8.0_45/bin/java'" [_thread_in_native, id=7900, stack(0x00007fc4f22ba000,0x00007fc4f23bb000)]
  0x00007fc4e8007000 JavaThread "Run command '/opt/java/jdk1.8.0_45/bin/java'" [_thread_blocked, id=7896, stack(0x00007fc4f1e7d000,0x00007fc4f1f7e000)]
  0x00007fc50441c800 JavaThread "Stdin handler" [_thread_blocked, id=7893, stack(0x00007fc53dd4b000,0x00007fc53de4c000)]
  0x00007fc510005000 JavaThread "Cancel handler" [_thread_blocked, id=7892, stack(0x00007fc4f2ffc000,0x00007fc4f30fd000)]
  0x00007fc510007800 JavaThread "Handler for socket connection from /127.0.0.1:33817 to /127.0.0.1:58667" [_thread_in_native, id=7891, stack(0x00007fc4f28f9000,0x00007fc4f29fa000)]
  0x00007fc4e8007800 JavaThread "Forward streams with process: command '/opt/java/jdk1.8.0_45/bin/java' Thread 2" [_thread_in_native, id=7875, stack(0x00007fc4f30fd000,0x00007fc4f31fe000)]
  0x00007fc4e8004800 JavaThread "Forward streams with process: command '/opt/java/jdk1.8.0_45/bin/java'" [_thread_in_native, id=7874, stack(0x00007fc53c06d000,0x00007fc53c16e000)]
  0x00007fc4e4008000 JavaThread "Run command '/opt/java/jdk1.8.0_45/bin/java'" [_thread_blocked, id=7866, stack(0x00007fc53e053000,0x00007fc53e154000)]
  0x00007fc4fc02b800 JavaThread "Forward streams with process: command '/opt/java/jdk1.8.0_45/bin/java' Thread 2" [_thread_in_native, id=7839, stack(0x00007fc4f2cfb000,0x00007fc4f2dfc000)]
  0x00007fc4fce88800 JavaThread "Forward streams with process: command '/opt/java/jdk1.8.0_45/bin/java'" [_thread_in_native, id=7837, stack(0x00007fc4f25f6000,0x00007fc4f26f7000)]
  0x00007fc4fc494000 JavaThread "Run command '/opt/java/jdk1.8.0_45/bin/java'" [_thread_blocked, id=7833, stack(0x00007fc4f31fe000,0x00007fc4f32ff000)]
  0x00007fc4fce89800 JavaThread "Forward streams with process: command '/opt/java/jdk1.8.0_45/bin/java' Thread 2" [_thread_blocked, id=7581, stack(0x00007fc4f21b9000,0x00007fc4f22ba000)]
  0x00007fc4fcc17800 JavaThread "Forward streams with process: command '/opt/java/jdk1.8.0_45/bin/java'" [_thread_blocked, id=7580, stack(0x00007fc4f1f7e000,0x00007fc4f207f000)]
  0x00007fc4e4007000 JavaThread "Run command '/opt/java/jdk1.8.0_45/bin/java'" [_thread_blocked, id=7567, stack(0x00007fc4f1b7a000,0x00007fc4f1c7b000)]
  0x00007fc504046800 JavaThread "pool-3-thread-4" [_thread_blocked, id=7560, stack(0x00007fc4f1d7c000,0x00007fc4f1e7d000)]
  0x00007fc504045800 JavaThread "pool-3-thread-3" [_thread_blocked, id=7559, stack(0x00007fc4f27f8000,0x00007fc4f28f9000)]
  0x00007fc504045000 JavaThread "pool-3-thread-2" [_thread_blocked, id=7558, stack(0x00007fc4f32ff000,0x00007fc4f3400000)]
  0x00007fc504033800 JavaThread "pool-3-thread-1" [_thread_blocked, id=7557, stack(0x00007fc4f26f7000,0x00007fc4f27f8000)]
  0x00007fc4cc001000 JavaThread "process reaper" daemon [_thread_in_native, id=7014, stack(0x00007fc4f207f000,0x00007fc4f20b8000)]
  0x00007fc4d0001000 JavaThread "process reaper" daemon [_thread_in_native, id=7008, stack(0x00007fc4f23bb000,0x00007fc4f23f4000)]
  0x00007fc4e0001800 JavaThread "process reaper" daemon [_thread_in_native, id=7001, stack(0x00007fc53c034000,0x00007fc53c06d000)]
  0x00007fc500001000 JavaThread "process reaper" daemon [_thread_in_native, id=6986, stack(0x00007fc53d496000,0x00007fc53d4cf000)]
  0x00007fc51000a800 JavaThread "Daemon worker Thread 2" [_thread_blocked, id=6944, stack(0x00007fc53e154000,0x00007fc53e255000)]
  0x00007fc50c026000 JavaThread "Daemon Thread 2" [_thread_blocked, id=6941, stack(0x00007fc53e356000,0x00007fc53e457000)]
  0x00007fc4fc333000 JavaThread "File lock request listener" [_thread_in_native, id=5985, stack(0x00007fc53d7d1000,0x00007fc53d8d2000)]
  0x00007fc560b35800 JavaThread "Incoming local TCP Connector on port 33817" [_thread_in_native, id=5977, stack(0x00007fc53e457000,0x00007fc53e558000)]
  0x00007fc5600c2800 JavaThread "Service Thread" daemon [_thread_blocked, id=5975, stack(0x00007fc53f52f000,0x00007fc53f630000)]
  0x00007fc5600bd000 JavaThread "C1 CompilerThread2" daemon [_thread_blocked, id=5974, stack(0x00007fc53f630000,0x00007fc53f731000)]
  0x00007fc5600bb800 JavaThread "C2 CompilerThread1" daemon [_thread_blocked, id=5973, stack(0x00007fc53f731000,0x00007fc53f832000)]
  0x00007fc5600b8800 JavaThread "C2 CompilerThread0" daemon [_thread_blocked, id=5972, stack(0x00007fc53f832000,0x00007fc53f933000)]
  0x00007fc5600b7000 JavaThread "Signal Dispatcher" daemon [_thread_blocked, id=5971, stack(0x00007fc53f933000,0x00007fc53fa34000)]
  0x00007fc56007f000 JavaThread "Finalizer" daemon [_thread_blocked, id=5970, stack(0x00007fc53fcfd000,0x00007fc53fdfe000)]
  0x00007fc56007c800 JavaThread "Reference Handler" daemon [_thread_blocked, id=5969, stack(0x00007fc53fdfe000,0x00007fc53feff000)]
  0x00007fc56000a000 JavaThread "main" [_thread_blocked, id=5963, stack(0x00007fc568b96000,0x00007fc568c97000)]

Other Threads:
=>0x00007fc560077800 VMThread [stack: 0x00007fc53feff000,0x00007fc540000000] [id=5968]
  0x00007fc5600c5000 WatcherThread [stack: 0x00007fc53f42e000,0x00007fc53f52f000] [id=5976]

VM state:at safepoint (normal execution)

VM Mutex/Monitor currently owned by a thread:  ([mutex/lock_event])
[0x00007fc560006380] Threads_lock - owner thread: 0x00007fc560077800
[0x00007fc560006880] Heap_lock - owner thread: 0x00007fc51000a800

Heap:
 PSYoungGen      total 383488K, used 10202K [0x00000000d5580000, 0x00000000ee780000, 0x0000000100000000)
  eden space 355328K, 0% used [0x00000000d5580000,0x00000000d5580000,0x00000000eb080000)
  from space 28160K, 36% used [0x00000000eb080000,0x00000000eba76bd0,0x00000000ecc00000)
  to   space 27648K, 0% used [0x00000000ecc80000,0x00000000ecc80000,0x00000000ee780000)
 ParOldGen       total 109056K, used 60188K [0x0000000080000000, 0x0000000086a80000, 0x00000000d5580000)
  object space 109056K, 55% used [0x0000000080000000,0x0000000083ac7230,0x0000000086a80000)
 Metaspace       used 50892K, capacity 55092K, committed 55168K, reserved 1095680K
  class space    used 7006K, capacity 8289K, committed 8320K, reserved 1048576K

Card table byte_map: [0x00007fc565575000,0x00007fc565976000] byte_map_base: 0x00007fc565175000

Marking Bits: (ParMarkBitMap*) 0x00007fc568073760
 Begin Bits: [0x00007fc54d000000, 0x00007fc54f000000)
 End Bits:   [0x00007fc54f000000, 0x00007fc551000000)

Polling page: 0x00007fc568cba000

CodeCache: size=245760Kb used=29208Kb max_used=29208Kb free=216551Kb
 bounds [0x00007fc551000000, 0x00007fc552cb0000, 0x00007fc560000000]
 total_blobs=9018 nmethods=8339 adapters=590
 compilation: enabled

Compilation events (10 events):
Event: 1303.128 Thread 0x00007fc5600bd000 10204       3       org.gradle.internal.component.external.model.DefaultMavenModuleResolveMetaData::withSource (6 bytes)
Event: 1303.128 Thread 0x00007fc5600bd000 nmethod 10204 0x00007fc552cab210 code [0x00007fc552cab3a0, 0x00007fc552cab708]
Event: 1303.129 Thread 0x00007fc5600bd000 10205       3       org.gradle.internal.component.model.AbstractModuleDescriptorBackedMetaData::<init> (48 bytes)
Event: 1303.129 Thread 0x00007fc5600bd000 nmethod 10205 0x00007fc552cab890 code [0x00007fc552caba20, 0x00007fc552cabe30]
Event: 1303.139 Thread 0x00007fc5600bd000 10206       3       org.gradle.api.internal.CompositeDomainObjectSet::iterator (18 bytes)
Event: 1303.140 Thread 0x00007fc5600bd000 nmethod 10206 0x00007fc552cac050 code [0x00007fc552cac2e0, 0x00007fc552cad2e8]
Event: 1303.140 Thread 0x00007fc5600bd000 10207       3       com.google.common.collect.ImmutableList::<init> (5 bytes)
Event: 1303.140 Thread 0x00007fc5600bd000 nmethod 10207 0x00007fc552cada90 code [0x00007fc552cadc00, 0x00007fc552cade70]
Event: 1303.146 Thread 0x00007fc5600bd000 10208       3       org.codehaus.groovy.runtime.callsite.AbstractCallSite::call (10 bytes)
Event: 1303.146 Thread 0x00007fc5600bd000 nmethod 10208 0x00007fc552cadf90 code [0x00007fc552cae120, 0x00007fc552cae548]

GC Heap History (10 events):
Event: 12.771 GC heap after
Heap after GC invocations=15 (full 3):
 PSYoungGen      total 288256K, used 0K [0x00000000d5580000, 0x00000000e9200000, 0x0000000100000000)
  eden space 266240K, 0% used [0x00000000d5580000,0x00000000d5580000,0x00000000e5980000)
  from space 22016K, 0% used [0x00000000e7380000,0x00000000e7380000,0x00000000e8900000)
  to   space 26624K, 0% used [0x00000000e5980000,0x00000000e5980000,0x00000000e7380000)
 ParOldGen       total 60928K, used 45983K [0x0000000080000000, 0x0000000083b80000, 0x00000000d5580000)
  object space 60928K, 75% used [0x0000000080000000,0x0000000082ce7ce8,0x0000000083b80000)
 Metaspace       used 44056K, capacity 45992K, committed 46080K, reserved 1089536K
  class space    used 6111K, capacity 6886K, committed 6912K, reserved 1048576K
}
Event: 1170.580 GC heap before
{Heap before GC invocations=16 (full 3):
 PSYoungGen      total 288256K, used 266240K [0x00000000d5580000, 0x00000000e9200000, 0x0000000100000000)
  eden space 266240K, 100% used [0x00000000d5580000,0x00000000e5980000,0x00000000e5980000)
  from space 22016K, 0% used [0x00000000e7380000,0x00000000e7380000,0x00000000e8900000)
  to   space 26624K, 0% used [0x00000000e5980000,0x00000000e5980000,0x00000000e7380000)
 ParOldGen       total 60928K, used 45983K [0x0000000080000000, 0x0000000083b80000, 0x00000000d5580000)
  object space 60928K, 75% used [0x0000000080000000,0x0000000082ce7ce8,0x0000000083b80000)
 Metaspace       used 46360K, capacity 49172K, committed 49408K, reserved 1091584K
  class space    used 6420K, capacity 7420K, committed 7424K, reserved 1048576K
Event: 1170.606 GC heap after
Heap after GC invocations=16 (full 3):
 PSYoungGen      total 292864K, used 20671K [0x00000000d5580000, 0x00000000ee880000, 0x0000000100000000)
  eden space 266240K, 0% used [0x00000000d5580000,0x00000000d5580000,0x00000000e5980000)
  from space 26624K, 77% used [0x00000000e5980000,0x00000000e6dafdb8,0x00000000e7380000)
  to   space 28672K, 0% used [0x00000000ecc80000,0x00000000ecc80000,0x00000000ee880000)
 ParOldGen       total 60928K, used 45991K [0x0000000080000000, 0x0000000083b80000, 0x00000000d5580000)
  object space 60928K, 75% used [0x0000000080000000,0x0000000082ce9ce8,0x0000000083b80000)
 Metaspace       used 46360K, capacity 49172K, committed 49408K, reserved 1091584K
  class space    used 6420K, capacity 7420K, committed 7424K, reserved 1048576K
}
Event: 1174.389 GC heap before
{Heap before GC invocations=17 (full 3):
 PSYoungGen      total 292864K, used 141657K [0x00000000d5580000, 0x00000000ee880000, 0x0000000100000000)
  eden space 266240K, 45% used [0x00000000d5580000,0x00000000dcba6838,0x00000000e5980000)
  from space 26624K, 77% used [0x00000000e5980000,0x00000000e6dafdb8,0x00000000e7380000)
  to   space 28672K, 0% used [0x00000000ecc80000,0x00000000ecc80000,0x00000000ee880000)
 ParOldGen       total 60928K, used 45991K [0x0000000080000000, 0x0000000083b80000, 0x00000000d5580000)
  object space 60928K, 75% used [0x0000000080000000,0x0000000082ce9ce8,0x0000000083b80000)
 Metaspace       used 48911K, capacity 51870K, committed 51968K, reserved 1093632K
  class space    used 6771K, capacity 7867K, committed 7936K, reserved 1048576K
Event: 1174.401 GC heap after
Heap after GC invocations=17 (full 3):
 PSYoungGen      total 382976K, used 4455K [0x00000000d5580000, 0x00000000ee780000, 0x0000000100000000)
  eden space 355328K, 0% used [0x00000000d5580000,0x00000000d5580000,0x00000000eb080000)
  from space 27648K, 16% used [0x00000000ecc80000,0x00000000ed0d9de0,0x00000000ee780000)
  to   space 28160K, 0% used [0x00000000eb080000,0x00000000eb080000,0x00000000ecc00000)
 ParOldGen       total 60928K, used 52007K [0x0000000080000000, 0x0000000083b80000, 0x00000000d5580000)
  object space 60928K, 85% used [0x0000000080000000,0x00000000832c9e18,0x0000000083b80000)
 Metaspace       used 48911K, capacity 51870K, committed 51968K, reserved 1093632K
  class space    used 6771K, capacity 7867K, committed 7936K, reserved 1048576K
}
Event: 1174.401 GC heap before
{Heap before GC invocations=18 (full 4):
 PSYoungGen      total 382976K, used 4455K [0x00000000d5580000, 0x00000000ee780000, 0x0000000100000000)
  eden space 355328K, 0% used [0x00000000d5580000,0x00000000d5580000,0x00000000eb080000)
  from space 27648K, 16% used [0x00000000ecc80000,0x00000000ed0d9de0,0x00000000ee780000)
  to   space 28160K, 0% used [0x00000000eb080000,0x00000000eb080000,0x00000000ecc00000)
 ParOldGen       total 60928K, used 52007K [0x0000000080000000, 0x0000000083b80000, 0x00000000d5580000)
  object space 60928K, 85% used [0x0000000080000000,0x00000000832c9e18,0x0000000083b80000)
 Metaspace       used 48911K, capacity 51870K, committed 51968K, reserved 1093632K
  class space    used 6771K, capacity 7867K, committed 7936K, reserved 1048576K
Event: 1174.681 GC heap after
Heap after GC invocations=18 (full 4):
 PSYoungGen      total 382976K, used 0K [0x00000000d5580000, 0x00000000ee780000, 0x0000000100000000)
  eden space 355328K, 0% used [0x00000000d5580000,0x00000000d5580000,0x00000000eb080000)
  from space 27648K, 0% used [0x00000000ecc80000,0x00000000ecc80000,0x00000000ee780000)
  to   space 28160K, 0% used [0x00000000eb080000,0x00000000eb080000,0x00000000ecc00000)
 ParOldGen       total 60928K, used 52372K [0x0000000080000000, 0x0000000083b80000, 0x00000000d5580000)
  object space 60928K, 85% used [0x0000000080000000,0x0000000083325198,0x0000000083b80000)
 Metaspace       used 48911K, capacity 51870K, committed 51968K, reserved 1093632K
  class space    used 6771K, capacity 7867K, committed 7936K, reserved 1048576K
}
Event: 1249.202 GC heap before
{Heap before GC invocations=19 (full 5):
 PSYoungGen      total 382976K, used 355328K [0x00000000d5580000, 0x00000000ee780000, 0x0000000100000000)
  eden space 355328K, 100% used [0x00000000d5580000,0x00000000eb080000,0x00000000eb080000)
  from space 27648K, 0% used [0x00000000ecc80000,0x00000000ecc80000,0x00000000ee780000)
  to   space 28160K, 0% used [0x00000000eb080000,0x00000000eb080000,0x00000000ecc00000)
 ParOldGen       total 60928K, used 52372K [0x0000000080000000, 0x0000000083b80000, 0x00000000d5580000)
  object space 60928K, 85% used [0x0000000080000000,0x0000000083325198,0x0000000083b80000)
 Metaspace       used 49962K, capacity 53524K, committed 53760K, reserved 1095680K
  class space    used 6919K, capacity 8095K, committed 8192K, reserved 1048576K
Event: 1249.762 GC heap after
Heap after GC invocations=19 (full 5):
 PSYoungGen      total 382976K, used 0K [0x00000000d5580000, 0x00000000ee780000, 0x0000000100000000)
  eden space 355328K, 0% used [0x00000000d5580000,0x00000000d5580000,0x00000000eb080000)
  from space 27648K, 0% used [0x00000000ecc80000,0x00000000ecc80000,0x00000000ee780000)
  to   space 28160K, 0% used [0x00000000eb080000,0x00000000eb080000,0x00000000ecc00000)
 ParOldGen       total 109056K, used 60180K [0x0000000080000000, 0x0000000086a80000, 0x00000000d5580000)
  object space 109056K, 55% used [0x0000000080000000,0x0000000083ac5230,0x0000000086a80000)
 Metaspace       used 49959K, capacity 53512K, committed 53760K, reserved 1095680K
  class space    used 6918K, capacity 8093K, committed 8192K, reserved 1048576K
}
Event: 1303.648 GC heap before
{Heap before GC invocations=20 (full 5):
 PSYoungGen      total 382976K, used 355328K [0x00000000d5580000, 0x00000000ee780000, 0x0000000100000000)
  eden space 355328K, 100% used [0x00000000d5580000,0x00000000eb080000,0x00000000eb080000)
  from space 27648K, 0% used [0x00000000ecc80000,0x00000000ecc80000,0x00000000ee780000)
  to   space 28160K, 0% used [0x00000000eb080000,0x00000000eb080000,0x00000000ecc00000)
 ParOldGen       total 109056K, used 60180K [0x0000000080000000, 0x0000000086a80000, 0x00000000d5580000)
  object space 109056K, 55% used [0x0000000080000000,0x0000000083ac5230,0x0000000086a80000)
 Metaspace       used 50892K, capacity 55092K, committed 55168K, reserved 1095680K
  class space    used 7006K, capacity 8289K, committed 8320K, reserved 1048576K

Deoptimization events (10 events):
Event: 1246.456 Thread 0x00007fc50c026000 Uncommon trap: reason=bimorphic action=maybe_recompile pc=0x00007fc55286f514 method=java.io.ObjectOutputStream.writeNonProxyDesc(Ljava/io/ObjectStreamClass;Z)V @ 44
Event: 1246.456 Thread 0x00007fc50c026000 Uncommon trap: reason=bimorphic action=maybe_recompile pc=0x00007fc55286f514 method=java.io.ObjectOutputStream.writeNonProxyDesc(Ljava/io/ObjectStreamClass;Z)V @ 44
Event: 1246.456 Thread 0x00007fc50c026000 Uncommon trap: reason=bimorphic action=maybe_recompile pc=0x00007fc55286f514 method=java.io.ObjectOutputStream.writeNonProxyDesc(Ljava/io/ObjectStreamClass;Z)V @ 44
Event: 1246.458 Thread 0x00007fc50c026000 Uncommon trap: reason=unstable_if action=reinterpret pc=0x00007fc5523cf6b4 method=java.io.ObjectOutputStream.writeObject0(Ljava/lang/Object;Z)V @ 498
Event: 1277.947 Thread 0x00007fc51000a800 Uncommon trap: reason=unstable_if action=reinterpret pc=0x00007fc551c07a1c method=java.util.Formatter$FormatSpecifier.precision(Ljava/lang/String;)I @ 6
Event: 1278.323 Thread 0x00007fc51000a800 Uncommon trap: reason=null_check action=make_not_entrant pc=0x00007fc55116068c method=org.codehaus.groovy.runtime.typehandling.DefaultTypeTransformation.castToType(Ljava/lang/Object;Ljava/lang/Class;)Ljava/lang/Object; @ 28
Event: 1278.936 Thread 0x00007fc51000a800 Uncommon trap: reason=null_check action=make_not_entrant pc=0x00007fc5523822bc method=java.lang.Class.isEnum()Z @ 1
Event: 1279.015 Thread 0x00007fc51000a800 Uncommon trap: reason=null_check action=make_not_entrant pc=0x00007fc5529b0738 method=org.codehaus.groovy.runtime.typehandling.DefaultTypeTransformation.castToType(Ljava/lang/Object;Ljava/lang/Class;)Ljava/lang/Object; @ 65
Event: 1279.326 Thread 0x00007fc51000a800 Uncommon trap: reason=predicate action=maybe_recompile pc=0x00007fc552a09494 method=java.util.LinkedList.toArray([Ljava/lang/Object;)[Ljava/lang/Object; @ 45
Event: 1293.520 Thread 0x00007fc51000a800 Uncommon trap: reason=class_check action=maybe_recompile pc=0x00007fc551517c54 method=java.lang.Throwable.<init>(Ljava/lang/String;Ljava/lang/Throwable;)V @ 24

Internal exceptions (10 events):
Event: 1236.889 Thread 0x00007fc50441c800 Exception <a 'java/lang/ClassNotFoundException': com/google/common/hash/MessageDigestHashFunctionCustomizer> (0x00000000e26bf9b0) thrown at [/RE-WORK/workspace/8-2-build-linux-amd64/jdk8u45/3457/hotspot/src/share/vm/classfile/systemDictionary.cpp, line 21
Event: 1246.358 Thread 0x00007fc51000a800 Exception <a 'java/lang/reflect/InvocationTargetException'> (0x00000000e64b9bc0) thrown at [/RE-WORK/workspace/8-2-build-linux-amd64/jdk8u45/3457/hotspot/src/share/vm/runtime/reflection.cpp, line 1080]
Event: 1246.458 Thread 0x00007fc50c026000 Exception <a 'java/lang/NoSuchMethodError': <clinit>> (0x00000000d59547e0) thrown at [/RE-WORK/workspace/8-2-build-linux-amd64/jdk8u45/3457/hotspot/src/share/vm/prims/jni.cpp, line 1598]
Event: 1246.465 Thread 0x00007fc50c026000 Exception <a 'java/lang/NoSuchMethodError': <clinit>> (0x00000000d5994210) thrown at [/RE-WORK/workspace/8-2-build-linux-amd64/jdk8u45/3457/hotspot/src/share/vm/prims/jni.cpp, line 1598]
Event: 1246.466 Thread 0x00007fc50c026000 Exception <a 'java/lang/NoSuchMethodError': <clinit>> (0x00000000d59a0fc0) thrown at [/RE-WORK/workspace/8-2-build-linux-amd64/jdk8u45/3457/hotspot/src/share/vm/prims/jni.cpp, line 1598]
Event: 1277.988 Thread 0x00007fc51000a800 Exception <a 'java/lang/ClassNotFoundException': asLocalRepo15_7ue6ipeqmbenkboos9ndtijc4BeanInfo> (0x00000000d9b15d70) thrown at [/RE-WORK/workspace/8-2-build-linux-amd64/jdk8u45/3457/hotspot/src/share/vm/classfile/systemDictionary.cpp, line 210]
Event: 1277.989 Thread 0x00007fc51000a800 Exception <a 'java/lang/ClassNotFoundException': asLocalRepo15_7ue6ipeqmbenkboos9ndtijc4Customizer> (0x00000000d9b1eb98) thrown at [/RE-WORK/workspace/8-2-build-linux-amd64/jdk8u45/3457/hotspot/src/share/vm/classfile/systemDictionary.cpp, line 210]
Event: 1293.520 Thread 0x00007fc51000a800 Exception <a 'java/lang/reflect/InvocationTargetException'> (0x00000000e43bf850) thrown at [/RE-WORK/workspace/8-2-build-linux-amd64/jdk8u45/3457/hotspot/src/share/vm/runtime/reflection.cpp, line 1080]
Event: 1300.926 Thread 0x00007fc51000a800 Exception <a 'java/lang/ClassNotFoundException': asLocalRepo16_2j9s88k1pwu6bm6tj22inb6b2BeanInfo> (0x00000000e456ea48) thrown at [/RE-WORK/workspace/8-2-build-linux-amd64/jdk8u45/3457/hotspot/src/share/vm/classfile/systemDictionary.cpp, line 210]
Event: 1300.931 Thread 0x00007fc51000a800 Exception <a 'java/lang/ClassNotFoundException': asLocalRepo16_2j9s88k1pwu6bm6tj22inb6b2Customizer> (0x00000000e4577870) thrown at [/RE-WORK/workspace/8-2-build-linux-amd64/jdk8u45/3457/hotspot/src/share/vm/classfile/systemDictionary.cpp, line 210]

Events (10 events):
Event: 1301.499 Executing VM operation: RevokeBias done
Event: 1301.499 Thread 0x00007fc4e4009800 Thread exited: 0x00007fc4e4009800
Event: 1301.499 Thread 0x00007fc4e400a800 Thread exited: 0x00007fc4e400a800
Event: 1301.499 Thread 0x00007fc4e8007000 Thread exited: 0x00007fc4e8007000
Event: 1301.514 Thread 0x00007fc4e8007000 Thread added: 0x00007fc4e8007000
Event: 1301.537 Thread 0x00007fc4e4002000 Thread added: 0x00007fc4e4002000
Event: 1301.553 Thread 0x00007fc4e4009800 Thread added: 0x00007fc4e4009800
Event: 1301.559 Thread 0x00007fc4e400a800 Thread added: 0x00007fc4e400a800
Event: 1301.559 Thread 0x00007fc4e4002000 Thread exited: 0x00007fc4e4002000
Event: 1303.577 Executing VM operation: ParallelGCFailedAllocation


Dynamic libraries:
00400000-00401000 r-xp 00000000 08:03 1572315                            /opt/java/jdk1.8.0_45/bin/java
00600000-00601000 rw-p 00000000 08:03 1572315                            /opt/java/jdk1.8.0_45/bin/java
016bc000-016dd000 rw-p 00000000 00:00 0                                  [heap]
80000000-86a80000 rw-p 00000000 00:00 0 
86a80000-d5580000 ---p 00000000 00:00 0 
d5580000-ee780000 rw-p 00000000 00:00 0 
f5600000-100000000 ---p 00000000 00:00 0 
100000000-100820000 rw-p 00000000 00:00 0 
100820000-140000000 ---p 00000000 00:00 0 
7fc4cc000000-7fc4cc021000 rw-p 00000000 00:00 0 
7fc4cc021000-7fc4d0000000 ---p 00000000 00:00 0 
7fc4d0000000-7fc4d0021000 rw-p 00000000 00:00 0 
7fc4d0021000-7fc4d4000000 ---p 00000000 00:00 0 
7fc4d4000000-7fc4d4021000 rw-p 00000000 00:00 0 
7fc4d4021000-7fc4d8000000 ---p 00000000 00:00 0 
7fc4d8000000-7fc4d8021000 rw-p 00000000 00:00 0 
7fc4d8021000-7fc4dc000000 ---p 00000000 00:00 0 
7fc4dc000000-7fc4dc021000 rw-p 00000000 00:00 0 
7fc4dc021000-7fc4e0000000 ---p 00000000 00:00 0 
7fc4e0000000-7fc4e0021000 rw-p 00000000 00:00 0 
7fc4e0021000-7fc4e4000000 ---p 00000000 00:00 0 
7fc4e4000000-7fc4e4021000 rw-p 00000000 00:00 0 
7fc4e4021000-7fc4e8000000 ---p 00000000 00:00 0 
7fc4e8000000-7fc4e8021000 rw-p 00000000 00:00 0 
7fc4e8021000-7fc4ec000000 ---p 00000000 00:00 0 
7fc4ec000000-7fc4ec021000 rw-p 00000000 00:00 0 
7fc4ec021000-7fc4f0000000 ---p 00000000 00:00 0 
7fc4f1b7a000-7fc4f1b7d000 ---p 00000000 00:00 0 
7fc4f1b7d000-7fc4f1c7b000 rw-p 00000000 00:00 0                          [stack:7567]
7fc4f1c7b000-7fc4f1c7e000 ---p 00000000 00:00 0 
7fc4f1c7e000-7fc4f1d7c000 rw-p 00000000 00:00 0                          [stack:7901]
7fc4f1d7c000-7fc4f1d7f000 ---p 00000000 00:00 0 
7fc4f1d7f000-7fc4f1e7d000 rw-p 00000000 00:00 0                          [stack:7560]
7fc4f1e7d000-7fc4f1e80000 ---p 00000000 00:00 0 
7fc4f1e80000-7fc4f1f7e000 rw-p 00000000 00:00 0                          [stack:7896]
7fc4f1f7e000-7fc4f1f81000 ---p 00000000 00:00 0 
7fc4f1f81000-7fc4f207f000 rw-p 00000000 00:00 0                          [stack:7580]
7fc4f207f000-7fc4f2082000 ---p 00000000 00:00 0 
7fc4f2082000-7fc4f20b8000 rw-p 00000000 00:00 0                          [stack:7014]
7fc4f20b8000-7fc4f20bb000 ---p 00000000 00:00 0 
7fc4f20bb000-7fc4f21b9000 rw-p 00000000 00:00 0 
7fc4f21b9000-7fc4f21bc000 ---p 00000000 00:00 0 
7fc4f21bc000-7fc4f22ba000 rw-p 00000000 00:00 0                          [stack:7581]
7fc4f22ba000-7fc4f22bd000 ---p 00000000 00:00 0 
7fc4f22bd000-7fc4f23bb000 rw-p 00000000 00:00 0                          [stack:7900]
7fc4f23bb000-7fc4f23be000 ---p 00000000 00:00 0 
7fc4f23be000-7fc4f23f4000 rw-p 00000000 00:00 0                          [stack:7008]
7fc4f23f4000-7fc4f23f7000 ---p 00000000 00:00 0 
7fc4f23f7000-7fc4f24f5000 rw-p 00000000 00:00 0 
7fc4f24f5000-7fc4f24f8000 ---p 00000000 00:00 0 
7fc4f24f8000-7fc4f25f6000 rw-p 00000000 00:00 0 
7fc4f25f6000-7fc4f25f9000 ---p 00000000 00:00 0 
7fc4f25f9000-7fc4f26f7000 rw-p 00000000 00:00 0                          [stack:7837]
7fc4f26f7000-7fc4f26fa000 ---p 00000000 00:00 0 
7fc4f26fa000-7fc4f27f8000 rw-p 00000000 00:00 0                          [stack:7557]
7fc4f27f8000-7fc4f27fb000 ---p 00000000 00:00 0 
7fc4f27fb000-7fc4f28f9000 rw-p 00000000 00:00 0                          [stack:7559]
7fc4f28f9000-7fc4f28fc000 ---p 00000000 00:00 0 
7fc4f28fc000-7fc4f29fa000 rw-p 00000000 00:00 0                          [stack:7891]
7fc4f29fa000-7fc4f29fd000 ---p 00000000 00:00 0 
7fc4f29fd000-7fc4f2cbb000 rw-p 00000000 00:00 0 
7fc4f2cbb000-7fc4f2cfb000 ---p 00000000 00:00 0 
7fc4f2cfb000-7fc4f2cfe000 ---p 00000000 00:00 0 
7fc4f2cfe000-7fc4f2ffc000 rw-p 00000000 00:00 0                          [stack:7839]
7fc4f2ffc000-7fc4f2fff000 ---p 00000000 00:00 0 
7fc4f2fff000-7fc4f30fd000 rw-p 00000000 00:00 0                          [stack:7892]
7fc4f30fd000-7fc4f3100000 ---p 00000000 00:00 0 
7fc4f3100000-7fc4f31fe000 rw-p 00000000 00:00 0                          [stack:7875]
7fc4f31fe000-7fc4f3201000 ---p 00000000 00:00 0 
7fc4f3201000-7fc4f32ff000 rw-p 00000000 00:00 0                          [stack:7833]
7fc4f32ff000-7fc4f3302000 ---p 00000000 00:00 0 
7fc4f3302000-7fc4f3600000 rw-p 00000000 00:00 0                          [stack:7558]
7fc4f3600000-7fc4f3800000 rw-p 00000000 00:00 0 
7fc4f3800000-7fc4f3a00000 rw-p 00000000 00:00 0 
7fc4f3a00000-7fc4f3c00000 rw-p 00000000 00:00 0 
7fc4f3c00000-7fc4f3e00000 rw-p 00000000 00:00 0 
7fc4f3e00000-7fc4f4000000 rw-p 00000000 00:00 0 
7fc4f4000000-7fc4f4021000 rw-p 00000000 00:00 0 
7fc4f4021000-7fc4f8000000 ---p 00000000 00:00 0 
7fc4f8000000-7fc4f8021000 rw-p 00000000 00:00 0 
7fc4f8021000-7fc4fc000000 ---p 00000000 00:00 0 
7fc4fc000000-7fc4fced6000 rw-p 00000000 00:00 0 
7fc4fced6000-7fc500000000 ---p 00000000 00:00 0 
7fc500000000-7fc500021000 rw-p 00000000 00:00 0 
7fc500021000-7fc504000000 ---p 00000000 00:00 0 
7fc504000000-7fc50450d000 rw-p 00000000 00:00 0 
7fc50450d000-7fc508000000 ---p 00000000 00:00 0 
7fc508000000-7fc508021000 rw-p 00000000 00:00 0 
7fc508021000-7fc50c000000 ---p 00000000 00:00 0 
7fc50c000000-7fc50c02b000 rw-p 00000000 00:00 0 
7fc50c02b000-7fc510000000 ---p 00000000 00:00 0 
7fc510000000-7fc510021000 rw-p 00000000 00:00 0 
7fc510021000-7fc514000000 ---p 00000000 00:00 0 
7fc514000000-7fc514021000 rw-p 00000000 00:00 0 
7fc514021000-7fc518000000 ---p 00000000 00:00 0 
7fc518000000-7fc518021000 rw-p 00000000 00:00 0 
7fc518021000-7fc51c000000 ---p 00000000 00:00 0 
7fc51c000000-7fc51db91000 rw-p 00000000 00:00 0 
7fc51db91000-7fc520000000 ---p 00000000 00:00 0 
7fc520000000-7fc520d41000 rw-p 00000000 00:00 0 
7fc520d41000-7fc524000000 ---p 00000000 00:00 0 
7fc524000000-7fc524021000 rw-p 00000000 00:00 0 
7fc524021000-7fc528000000 ---p 00000000 00:00 0 
7fc528000000-7fc529a50000 rw-p 00000000 00:00 0 
7fc529a50000-7fc52c000000 ---p 00000000 00:00 0 
7fc52c000000-7fc52c021000 rw-p 00000000 00:00 0 
7fc52c021000-7fc530000000 ---p 00000000 00:00 0 
7fc530000000-7fc530021000 rw-p 00000000 00:00 0 
7fc530021000-7fc534000000 ---p 00000000 00:00 0 
7fc534000000-7fc53428d000 rw-p 00000000 00:00 0 
7fc53428d000-7fc538000000 ---p 00000000 00:00 0 
7fc538000000-7fc538021000 rw-p 00000000 00:00 0 
7fc538021000-7fc53c000000 ---p 00000000 00:00 0 
7fc53c032000-7fc53c033000 rw-p 00000000 00:00 0 
7fc53c033000-7fc53c034000 r--p 00000000 08:03 672594                     /usr/share/locale-langpack/en_GB/LC_MESSAGES/libc.mo
7fc53c034000-7fc53c037000 ---p 00000000 00:00 0 
7fc53c037000-7fc53c06d000 rw-p 00000000 00:00 0                          [stack:7001]
7fc53c06d000-7fc53c070000 ---p 00000000 00:00 0 
7fc53c070000-7fc53c16e000 rw-p 00000000 00:00 0                          [stack:7874]
7fc53c16e000-7fc53c181000 r--s 00344000 08:03 1573837                    /opt/java/jdk1.8.0_45/jre/lib/resources.jar
7fc53c181000-7fc53c381000 rw-p 00000000 00:00 0 
7fc53c381000-7fc53c389000 r-xp 00000000 08:03 1574091                    /opt/java/jdk1.8.0_45/jre/lib/amd64/libmanagement.so
7fc53c389000-7fc53c589000 ---p 00008000 08:03 1574091                    /opt/java/jdk1.8.0_45/jre/lib/amd64/libmanagement.so
7fc53c589000-7fc53c58a000 rw-p 00008000 08:03 1574091                    /opt/java/jdk1.8.0_45/jre/lib/amd64/libmanagement.so
7fc53c58a000-7fc53c58d000 r--s 00012000 08:03 1570298                    /opt/android-studio/gradle/m2repository/com/android/tools/layoutlib/layoutlib-api/24.1.0/layoutlib-api-24.1.0.jar
7fc53c58d000-7fc53c58e000 r--s 00005000 08:03 1570212                    /opt/android-studio/gradle/m2repository/com/android/tools/dvlib/24.1.0/dvlib-24.1.0.jar
7fc53c58e000-7fc53c58f000 r--s 00001000 08:03 1570317                    /opt/android-studio/gradle/m2repository/com/android/tools/annotations/24.1.0/annotations-24.1.0.jar
7fc53c58f000-7fc53c592000 r--s 0002b000 08:03 1570346                    /opt/android-studio/gradle/m2repository/com/android/tools/lint/lint-api/24.1.0/lint-api-24.1.0.jar
7fc53c592000-7fc53c594000 r--s 00012000 08:03 1570327                    /opt/android-studio/gradle/m2repository/com/android/tools/common/24.1.0/common-24.1.0.jar
7fc53c594000-7fc53c59d000 r--s 000a9000 08:03 1570309                    /opt/android-studio/gradle/m2repository/com/android/tools/sdklib/24.1.0/sdklib-24.1.0.jar
7fc53c59d000-7fc53c5a2000 r--s 00042000 08:03 1570204                    /opt/android-studio/gradle/m2repository/com/android/tools/ddms/ddmlib/24.1.0/ddmlib-24.1.0.jar
7fc53c5a2000-7fc53c5a3000 r--s 00002000 08:03 1570244                    /opt/android-studio/gradle/m2repository/com/android/tools/build/builder-test-api/1.1.0/builder-test-api-1.1.0.jar
7fc53c5a3000-7fc53c5a7000 r--s 00029000 08:03 1570288                    /opt/android-studio/gradle/m2repository/com/android/tools/build/manifest-merger/24.1.0/manifest-merger-24.1.0.jar
7fc53c5a7000-7fc53c5a9000 r--s 00004000 08:03 1570252                    /opt/android-studio/gradle/m2repository/com/android/tools/build/builder-model/1.1.0/builder-model-1.1.0.jar
7fc53c5a9000-7fc53c5b0000 r--s 0005e000 08:03 1570222                    /opt/android-studio/gradle/m2repository/com/android/tools/sdk-common/24.1.0/sdk-common-24.1.0.jar
7fc53c5b0000-7fc53c5c0000 r--s 000d3000 08:03 1570396                    /opt/android-studio/gradle/m2repository/net/sf/proguard/proguard-base/5.1/proguard-base-5.1.jar
7fc53c5c0000-7fc53c5c5000 r--s 00091000 08:03 1570337                    /opt/android-studio/gradle/m2repository/com/android/tools/lint/lint-checks/24.1.0/lint-checks-24.1.0.jar
7fc53c5c5000-7fc53c5ca000 r--s 00034000 08:03 1570281                    /opt/android-studio/gradle/m2repository/com/android/tools/build/builder/1.1.0/builder-1.1.0.jar
7fc53c5ca000-7fc53c5cb000 r--s 00002000 08:03 1570406                    /opt/android-studio/gradle/m2repository/net/sf/proguard/proguard-gradle/5.1/proguard-gradle-5.1.jar
7fc53c5cb000-7fc53c5cd000 r--s 0001a000 08:03 1570355                    /opt/android-studio/gradle/m2repository/com/android/tools/lint/lint/24.1.0/lint-24.1.0.jar
7fc53c5cd000-7fc53c5de000 r--s 00140000 08:03 1570263                    /opt/android-studio/gradle/m2repository/com/android/tools/build/gradle-core/1.1.0/gradle-core-1.1.0.jar
7fc53c5de000-7fc53c5df000 r--s 00009000 08:03 1570271                    /opt/android-studio/gradle/m2repository/com/android/tools/build/gradle/1.1.0/gradle-1.1.0.jar
7fc53c5df000-7fc53c7df000 rw-p 00000000 00:00 0 
7fc53c7df000-7fc53c7e7000 r--s 000a8000 08:03 1570235                    /opt/android-studio/gradle/m2repository/com/android/tools/external/lombok/lombok-ast/0.2.3/lombok-ast-0.2.3.jar
7fc53c7e7000-7fc53c7e9000 r--s 0000d000 08:03 1570410                    /opt/android-studio/gradle/m2repository/commons-codec/commons-codec/1.4/commons-codec-1.4.jar
7fc53c7e9000-7fc53c7eb000 r--s 0000d000 08:03 1570191                    /opt/android-studio/gradle/m2repository/commons-logging/commons-logging/1.1.1/commons-logging-1.1.1.jar
7fc53c7eb000-7fc53c7f0000 r--s 00028000 08:03 1444497                    /opt/android-studio/gradle/m2repository/org/apache/httpcomponents/httpcore/4.1/httpcore-4.1.jar
7fc53c7f0000-7fc53c7f1000 r--s 00004000 08:03 1574647                    /opt/android-studio/gradle/m2repository/com/intellij/annotations/12.0/annotations-12.0.jar
7fc53c7f1000-7fc53c7f2000 r--s 00004000 08:03 1444544                    /opt/android-studio/gradle/m2repository/org/ow2/asm/asm-analysis/5.0.3/asm-analysis-5.0.3.jar
7fc53c7f2000-7fc53c7f5000 r--s 0002d000 00:19 11010079                   /home/mike/.gradle/caches/modules-2/files-2.1/com.android.tools.lint/lint-api/24.3.0-beta1/d43d9675958e80399fb92157cded17c6fb06fe8c/lint-api-24.3.0-beta1.jar
7fc53c7f5000-7fc53c7f6000 r--s 0000a000 08:03 1570387                    /opt/android-studio/gradle/m2repository/net/sf/kxml/kxml2/2.3.0/kxml2-2.3.0.jar
7fc53c7f6000-7fc53c821000 r--s 001f9000 08:03 1570373                    /opt/android-studio/gradle/m2repository/com/google/guava/guava/17.0/guava-17.0.jar
7fc53c821000-7fc53c823000 r--s 00005000 08:03 1444503                    /opt/android-studio/gradle/m2repository/org/apache/httpcomponents/httpmime/4.1/httpmime-4.1.jar
7fc53c823000-7fc53c82b000 r--s 0004e000 08:03 1444482                    /opt/android-studio/gradle/m2repository/org/apache/httpcomponents/httpclient/4.1.1/httpclient-4.1.1.jar
7fc53c82b000-7fc53c832000 r--s 00053000 08:03 1444515                    /opt/android-studio/gradle/m2repository/org/apache/commons/commons-compress/1.8.1/commons-compress-1.8.1.jar
7fc53c832000-7fc53c837000 r--s 0002a000 08:03 1570378                    /opt/android-studio/gradle/m2repository/com/google/code/gson/gson/2.2.4/gson-2.2.4.jar
7fc53c837000-7fc53c838000 r--s 00005000 00:19 11010077                   /home/mike/.gradle/caches/modules-2/files-2.1/com.android.tools/dvlib/24.3.0-beta1/9b360670b240003da59b0ad2dfda26daee2b4d2e/dvlib-24.3.0-beta1.jar
7fc53c838000-7fc53c83b000 r--s 00013000 00:19 11010075                   /home/mike/.gradle/caches/modules-2/files-2.1/com.android.tools.layoutlib/layoutlib-api/24.3.0-beta1/3c18a808bb9ec9210036a20df39447e74a20704f/layoutlib-api-24.3.0-beta1.jar
7fc53c83b000-7fc53c83c000 r--s 00001000 00:19 11010073                   /home/mike/.gradle/caches/modules-2/files-2.1/com.android.tools/annotations/24.3.0-beta1/6346def53600ee478442db6a8eddb359a0f17f47/annotations-24.3.0-beta1.jar
7fc53c83c000-7fc53c84c000 r--s 000d6000 08:03 1574650                    /opt/android-studio/gradle/m2repository/net/sf/proguard/proguard-base/5.2.1/proguard-base-5.2.1.jar
7fc53c84c000-7fc53c85e000 r--s 00220000 08:03 1570181                    /opt/android-studio/gradle/m2repository/org/eclipse/jdt/core/compiler/ecj/4.4/ecj-4.4.jar
7fc53c85e000-7fc53c864000 r--s 00099000 00:19 11010071                   /home/mike/.gradle/caches/modules-2/files-2.1/com.android.tools.lint/lint-checks/24.3.0-beta1/f3c05fe2d26ef32d9d9b401c3e37036ee4855deb/lint-checks-24.3.0-beta1.jar
7fc53c864000-7fc53c866000 r--s 00005000 08:03 1574641                    /opt/android-studio/gradle/m2repository/com/android/tools/jill/jill-api/0.9.0/jill-api-0.9.0.jar
7fc53c866000-7fc53c868000 r--s 00006000 08:03 1574571                    /opt/android-studio/gradle/m2repository/com/android/tools/jack/jack-api/0.9.0/jack-api-0.9.0.jar
7fc53c868000-7fc53c86a000 r--s 00006000 08:03 1570155                    /opt/android-studio/gradle/m2repository/org/ow2/asm/asm-tree/5.0.3/asm-tree-5.0.3.jar
7fc53c86a000-7fc53c86b000 r--s 0000c000 08:03 1570168                    /opt/android-studio/gradle/m2repository/org/ow2/asm/asm/5.0.3/asm-5.0.3.jar
7fc53c86b000-7fc53c89e000 r--s 00203000 08:03 1444527                    /opt/android-studio/gradle/m2repository/org/bouncycastle/bcprov-jdk15on/1.48/bcprov-jdk15on-1.48.jar
7fc53c89e000-7fc53c8ac000 r--s 00081000 08:03 1444524                    /opt/android-studio/gradle/m2repository/org/bouncycastle/bcpkix-jdk15on/1.48/bcpkix-jdk15on-1.48.jar
7fc53c8ac000-7fc53c8ae000 r--s 00002000 08:03 1570362                    /opt/android-studio/gradle/m2repository/com/squareup/javawriter/2.5.0/javawriter-2.5.0.jar
7fc53c8ae000-7fc53c8b3000 r--s 00043000 00:19 11010069                   /home/mike/.gradle/caches/modules-2/files-2.1/com.android.tools.ddms/ddmlib/24.3.0-beta1/7dde4af6f7392e0058b969d1c19fefd82a58819a/ddmlib-24.3.0-beta1.jar
7fc53c8b3000-7fc53c8b6000 r--s 00028000 00:19 11010067                   /home/mike/.gradle/caches/modules-2/files-2.1/com.android.tools.build/manifest-merger/24.3.0-beta1/4b40a1fa2774fd1a321b5085fba95d16df067fe0/manifest-merger-24.3.0-beta1.jar
7fc53c8b6000-7fc53c8b9000 r--s 00014000 00:19 11010065                   /home/mike/.gradle/caches/modules-2/files-2.1/com.android.tools/common/24.3.0-beta1/9f25375c03f6c0e2acf08201245112a1dbee8002/common-24.3.0-beta1.jar
7fc53c8b9000-7fc53c8c0000 r--s 00067000 00:19 11010063                   /home/mike/.gradle/caches/modules-2/files-2.1/com.android.tools/sdk-common/24.3.0-beta1/dc5829cb8dc2e683e3d2363e0b685f6c89410373/sdk-common-24.3.0-beta1.jar
7fc53c8c0000-7fc53c8ca000 r--s 000a9000 00:19 11010061                   /home/mike/.gradle/caches/modules-2/files-2.1/com.android.tools/sdklib/24.3.0-beta1/56c935fbaf2c66a3247831b36f7daa8149a65c8e/sdklib-24.3.0-beta1.jar
7fc53c8ca000-7fc53c8cb000 r--s 00002000 00:19 11010059                   /home/mike/.gradle/caches/modules-2/files-2.1/com.android.tools.build/builder-test-api/1.3.0-beta1/3c62f5ee13cfceebf0a52da718b3a1be2f7ec5a1/builder-test-api-1.3.0-beta1.jar
7fc53c8cb000-7fc53c8cd000 r--s 00004000 00:19 11010057                   /home/mike/.gradle/caches/modules-2/files-2.1/com.android.tools.build/builder-model/1.3.0-beta1/42a62029d6356e89825a25a2cde700db5c6dec18/builder-model-1.3.0-beta1.jar
7fc53c8cd000-7fc53c938000 r--s 00685000 00:19 11010055                   /home/mike/.gradle/caches/modules-2/files-2.1/org.codehaus.groovy/groovy-all/2.3.6/dfe5f424777f4579786ec2145fc43286fcda8195/groovy-all-2.3.6.jar
7fc53c938000-7fc53c939000 r--s 00002000 08:03 1574654                    /opt/android-studio/gradle/m2repository/net/sf/proguard/proguard-gradle/5.2.1/proguard-gradle-5.2.1.jar
7fc53c939000-7fc53c93c000 r--s 00020000 00:19 10882074                   /home/mike/.gradle/caches/modules-2/files-2.1/com.android.tools.lint/lint/24.3.0-beta1/e7385d4ddb5b492b61a9d4d6d8b9ad480bf6b82/lint-24.3.0-beta1.jar
7fc53c93c000-7fc53c942000 r--s 0003f000 00:19 10882072                   /home/mike/.gradle/caches/modules-2/files-2.1/com.android.tools.build/builder/1.3.0-beta1/f0d8d86beebc6d77db4a0401230e87078c0654cf/builder-1.3.0-beta1.jar
7fc53c942000-7fc53c958000 r--s 00172000 00:19 10882070                   /home/mike/.gradle/caches/modules-2/files-2.1/com.android.tools.build/gradle-core/1.3.0-beta1/98428909b8ebbcfa29949de539d490ca84d4c19f/gradle-core-1.3.0-beta1.jar
7fc53c958000-7fc53c95a000 r--s 00011000 00:19 10882068                   /home/mike/.gradle/caches/modules-2/files-2.1/com.android.tools.build/gradle/1.3.0-beta1/b31a3515b080229cb5283ba79972c13a798cb364/gradle-1.3.0-beta1.jar
7fc53c95a000-7fc53c95b000 r--s 00003000 00:19 10751321                   /home/mike/.gradle/caches/modules-2/files-2.1/com.google.gms/google-services/1.3.0-beta1/4db7489e188544e5fa7a6cfa16a42f5c2b5fc93/google-services-1.3.0-beta1.jar
7fc53c95b000-7fc53cb5b000 rw-p 00000000 00:00 0 
7fc53cb5b000-7fc53cd5b000 rw-p 00000000 00:00 0 
7fc53cd5b000-7fc53cd5d000 r--s 00026000 08:03 1571959                    /opt/android-studio/plugins/gradle/lib/gradle-tooling-extension-impl.jar
7fc53cd5d000-7fc53cdc9000 r--s 00696000 08:03 1445090                    /opt/android-studio/lib/groovy-all-2.3.9.jar
7fc53cdc9000-7fc53cdcb000 r--s 00006000 08:03 1571960                    /opt/android-studio/plugins/gradle/lib/gradle-tooling-extension-api.jar
7fc53cdcb000-7fc53cdd0000 r--s 0002e000 08:03 1445129                    /opt/android-studio/lib/gson-2.3.jar
7fc53cdd0000-7fc53ce96000 r--s 010eb000 08:03 1444917                    /opt/android-studio/lib/openapi.jar
7fc53ce96000-7fc53d096000 rw-p 00000000 00:00 0 
7fc53d096000-7fc53d296000 rw-p 00000000 00:00 0 
7fc53d296000-7fc53d496000 rw-p 00000000 00:00 0 
7fc53d496000-7fc53d499000 ---p 00000000 00:00 0 
7fc53d499000-7fc53d4cf000 rw-p 00000000 00:00 0                          [stack:6986]
7fc53d4cf000-7fc53d4d0000 r--p 00000000 00:00 0 
7fc53d4d0000-7fc53d6d0000 rw-p 00000000 00:00 0 
7fc53d6d0000-7fc53d6d1000 r--s 00005000 00:19 11013271                   /home/mike/.gradle/caches/jars-1/ddb3xo63sk87376y3m4i33byir38fre/builder-model-1.3.0.jar
7fc53d6d1000-7fc53d6d2000 r--s 00000000 00:19 10224372                   /home/mike/.gradle/caches/jars-1/dg22azhabc6tsc1i8xni15giz1bnssh/gradle-appengine-builder-model-0.1.0.jar
7fc53d6d2000-7fc53d798000 r--s 010eb000 00:19 10879106                   /home/mike/.gradle/caches/jars-1/e8vlystefsf8rzo9zqceg3ci7x2slu1/openapi.jar
7fc53d798000-7fc53d79a000 r--s 00006000 00:19 10879097                   /home/mike/.gradle/caches/jars-1/ejlk4w46lj2zceqmwg5oi55flbz2r9p/gradle-tooling-extension-api.jar
7fc53d79a000-7fc53d7a0000 r--s 00026000 00:19 10224364                   /home/mike/.gradle/caches/jars-1/qlb402qqdb9mu9614i3hr843cfch7zw/gradle-base-services-2.2.jar
7fc53d7a0000-7fc53d7c8000 r--s 001cf000 00:19 10224362                   /home/mike/.gradle/caches/jars-1/87eo0lrvp84r6dbxjq018wy66es2era/guava-jdk5-17.0.jar
7fc53d7c8000-7fc53d7d1000 r--s 0002c000 00:19 10224360                   /home/mike/.gradle/caches/jars-1/ltkluv74baem3ersp41z8rutm6he5v5/gradle-tooling-api-2.2.jar
7fc53d7d1000-7fc53d7d4000 ---p 00000000 00:00 0 
7fc53d7d4000-7fc53dad2000 rw-p 00000000 00:00 0                          [stack:5985]
7fc53dad2000-7fc53dcd2000 rw-p 00000000 00:00 0 
7fc53dcd2000-7fc53dd4b000 r--s 010e7000 08:03 1572488                    /opt/java/jdk1.8.0_45/lib/tools.jar
7fc53dd4b000-7fc53dd4e000 ---p 00000000 00:00 0 
7fc53dd4e000-7fc53e04c000 rw-p 00000000 00:00 0                          [stack:7893]
7fc53e04c000-7fc53e053000 r--s 00000000 08:03 666437                     /usr/lib/x86_64-linux-gnu/gconv/gconv-modules.cache
7fc53e053000-7fc53e056000 ---p 00000000 00:00 0 
7fc53e056000-7fc53e154000 rw-p 00000000 00:00 0                          [stack:7866]
7fc53e154000-7fc53e157000 ---p 00000000 00:00 0 
7fc53e157000-7fc53e255000 rw-p 00000000 00:00 0                          [stack:6944]
7fc53e255000-7fc53e258000 ---p 00000000 00:00 0 
7fc53e258000-7fc53e356000 rw-p 00000000 00:00 0 
7fc53e356000-7fc53e359000 ---p 00000000 00:00 0 
7fc53e359000-7fc53e457000 rw-p 00000000 00:00 0                          [stack:6941]
7fc53e457000-7fc53e45a000 ---p 00000000 00:00 0 
7fc53e45a000-7fc53e558000 rw-p 00000000 00:00 0                          [stack:5977]
7fc53e558000-7fc53e55d000 r--s 00094000 08:03 1573828                    /opt/java/jdk1.8.0_45/jre/lib/jsse.jar
7fc53e55d000-7fc53e55e000 r--s 00002000 08:03 1576405                    /opt/android-studio/gradle/gradle-2.4/lib/plugins/gradle-tooling-api-builders-2.4.jar
7fc53e55e000-7fc53e56d000 r--s 00081000 08:03 1576369                    /opt/android-studio/gradle/gradle-2.4/lib/plugins/joda-time-2.7.jar
7fc53e56d000-7fc53e57e000 r--s 000cf000 08:03 1576395                    /opt/android-studio/gradle/gradle-2.4/lib/plugins/jackson-databind-2.3.2.jar
7fc53e57e000-7fc53e580000 r--s 00007000 08:03 1576408                    /opt/android-studio/gradle/gradle-2.4/lib/plugins/jackson-annotations-2.3.2.jar
7fc53e580000-7fc53e583000 r--s 0002e000 08:03 1576388                    /opt/android-studio/gradle/gradle-2.4/lib/plugins/jackson-core-2.3.2.jar
7fc53e583000-7fc53e58e000 r--s 0006b000 08:03 1576419                    /opt/android-studio/gradle/gradle-2.4/lib/plugins/aws-java-sdk-core-1.9.19.jar
7fc53e58e000-7fc53e594000 r--s 00036000 08:03 1576406                    /opt/android-studio/gradle/gradle-2.4/lib/plugins/aws-java-sdk-kms-1.9.19.jar
7fc53e594000-7fc53e59f000 r--s 00079000 08:03 1576360                    /opt/android-studio/gradle/gradle-2.4/lib/plugins/aws-java-sdk-s3-1.9.19.jar
7fc53e59f000-7fc53e5a0000 r--s 00003000 08:03 1576358                    /opt/android-studio/gradle/gradle-2.4/lib/plugins/gradle-resources-s3-2.4.jar
7fc53e5a0000-7fc53e5a2000 r--s 00003000 08:03 1576371                    /opt/android-studio/gradle/gradle-2.4/lib/plugins/gradle-resources-sftp-2.4.jar
7fc53e5a2000-7fc53e5a3000 r--s 00001000 08:03 1576404                    /opt/android-studio/gradle/gradle-2.4/lib/plugins/gradle-plugin-development-2.4.jar
7fc53e5a3000-7fc53e5a4000 r--s 00005000 08:03 1576380                    /opt/android-studio/gradle/gradle-2.4/lib/plugins/gradle-testing-native-2.4.jar
7fc53e5a4000-7fc53e5a9000 r--s 00036000 08:03 1576359                    /opt/android-studio/gradle/gradle-2.4/lib/plugins/gradle-ide-native-2.4.jar
7fc53e5a9000-7fc53e5ae000 r--s 0001a000 08:03 1576403                    /opt/android-studio/gradle/gradle-2.4/lib/plugins/gradle-language-native-2.4.jar
7fc53e5ae000-7fc53e5b3000 r--s 00022000 08:03 1576401                    /opt/android-studio/gradle/gradle-2.4/lib/plugins/gradle-platform-play-2.4.jar
7fc53e5b3000-7fc53e5c0000 r--s 00057000 08:03 1576370                    /opt/android-studio/gradle/gradle-2.4/lib/plugins/gradle-platform-native-2.4.jar
7fc53e5c0000-7fc53e5c3000 r--s 00008000 08:03 1576373                    /opt/android-studio/gradle/gradle-2.4/lib/plugins/gradle-language-scala-2.4.jar
7fc53e5c3000-7fc53e5c5000 r--s 00009000 08:03 1576407                    /opt/android-studio/gradle/gradle-2.4/lib/plugins/gradle-language-groovy-2.4.jar
7fc53e5c5000-7fc53e5cb000 r--s 00023000 08:03 1576367                    /opt/android-studio/gradle/gradle-2.4/lib/plugins/gradle-language-java-2.4.jar
7fc53e5cb000-7fc53e5cd000 r--s 00008000 08:03 1576396                    /opt/android-studio/gradle/gradle-2.4/lib/plugins/gradle-language-jvm-2.4.jar
7fc53e5cd000-7fc53e5cf000 r--s 00009000 08:03 1576389                    /opt/android-studio/gradle/gradle-2.4/lib/plugins/gradle-platform-jvm-2.4.jar
7fc53e5cf000-7fc53e5d6000 r--s 00020000 08:03 1576383                    /opt/android-studio/gradle/gradle-2.4/lib/plugins/gradle-platform-base-2.4.jar
7fc53e5d6000-7fc53e5da000 r--s 00025000 08:03 1576414                    /opt/android-studio/gradle/gradle-2.4/lib/plugins/gradle-build-init-2.4.jar
7fc53e5da000-7fc53e5dd000 r--s 0001c000 08:03 1576420                    /opt/android-studio/gradle/gradle-2.4/lib/plugins/gradle-jacoco-2.4.jar
7fc53e5dd000-7fc53e5e0000 r--s 0000e000 08:03 1576384                    /opt/android-studio/gradle/gradle-2.4/lib/plugins/gradle-ivy-2.4.jar
7fc53e5e0000-7fc53e5e2000 r--s 00002000 08:03 1576381                    /opt/android-studio/gradle/gradle-2.4/lib/plugins/gradle-publish-2.4.jar
7fc53e5e2000-7fc53e5e4000 r--s 00005000 08:03 1576711                    /opt/android-studio/gradle/gradle-2.4/lib/plugins/jatl-0.2.2.jar
7fc53e5e4000-7fc53e5e6000 r--s 0000f000 08:03 1576378                    /opt/android-studio/gradle/gradle-2.4/lib/plugins/gradle-reporting-2.4.jar
7fc53e5e6000-7fc53e5eb000 r--s 00036000 08:03 1576392                    /opt/android-studio/gradle/gradle-2.4/lib/plugins/gradle-diagnostics-2.4.jar
7fc53e5eb000-7fc53e5f2000 r--s 00094000 08:03 1576364                    /opt/android-studio/gradle/gradle-2.4/lib/plugins/gradle-build-comparison-2.4.jar
7fc53e5f2000-7fc53e5f9000 r--s 00035000 08:03 1576721                    /opt/android-studio/gradle/gradle-2.4/lib/plugins/simple-4.1.21.jar
7fc53e5f9000-7fc53e605000 r--s 00100000 08:03 1576738                    /opt/android-studio/gradle/gradle-2.4/lib/plugins/rhino-1.7R3.jar
7fc53e605000-7fc53e60a000 r--s 0001f000 08:03 1576377                    /opt/android-studio/gradle/gradle-2.4/lib/plugins/gradle-javascript-2.4.jar
7fc53e60a000-7fc53e60c000 r--s 0000e000 08:03 1576368                    /opt/android-studio/gradle/gradle-2.4/lib/plugins/gradle-ear-2.4.jar
7fc53e60c000-7fc53e613000 r--s 00038000 08:03 1576390                    /opt/android-studio/gradle/gradle-2.4/lib/plugins/bcpg-jdk15on-1.51.jar
7fc53e613000-7fc53e616000 r--s 0001d000 08:03 1576376                    /opt/android-studio/gradle/gradle-2.4/lib/plugins/gradle-signing-2.4.jar
7fc53e616000-7fc53e617000 r--s 00002000 08:03 1576685                    /opt/android-studio/gradle/gradle-2.4/lib/plugins/sonar-batch-bootstrapper-2.9.jar
7fc53e617000-7fc53e61a000 r--s 00019000 08:03 1576374                    /opt/android-studio/gradle/gradle-2.4/lib/plugins/gradle-sonar-2.4.jar
7fc53e61a000-7fc53e61c000 r--s 00013000 08:03 1576400                    /opt/android-studio/gradle/gradle-2.4/lib/plugins/gradle-scala-2.4.jar
7fc53e61c000-7fc53e61d000 r--s 0000e000 08:03 1576372                    /opt/android-studio/gradle/gradle-2.4/lib/plugins/gradle-announce-2.4.jar
7fc53e61d000-7fc53e62a000 r--s 000b9000 08:03 1576398                    /opt/android-studio/gradle/gradle-2.4/lib/plugins/gradle-ide-2.4.jar
7fc53e62a000-7fc53e62c000 r--s 00000000 08:03 1576733                    /opt/android-studio/gradle/gradle-2.4/lib/plugins/plexus-component-annotations-1.5.2.jar
7fc53e62c000-7fc53e62f000 r--s 0000c000 08:03 1576708                    /opt/android-studio/gradle/gradle-2.4/lib/plugins/pmaven-groovy-0.8-20100325.jar
7fc53e62f000-7fc53e630000 r--s 00004000 08:03 1576722                    /opt/android-studio/gradle/gradle-2.4/lib/plugins/pmaven-common-0.8-20100325.jar
7fc53e630000-7fc53e632000 r--s 0000b000 08:03 1576361                    /opt/android-studio/gradle/gradle-2.4/lib/plugins/wagon-provider-api-1.0-beta-6.jar
7fc53e632000-7fc53e633000 r--s 00003000 08:03 1576399                    /opt/android-studio/gradle/gradle-2.4/lib/plugins/wagon-http-lightweight-1.0-beta-6.jar
7fc53e633000-7fc53e634000 r--s 00002000 08:03 1576402                    /opt/android-studio/gradle/gradle-2.4/lib/plugins/wagon-file-1.0-beta-6.jar
7fc53e634000-7fc53e635000 r--s 0000b000 08:03 1576397                    /opt/android-studio/gradle/gradle-2.4/lib/plugins/maven-settings-2.2.1.jar
7fc53e635000-7fc53e637000 r--s 00002000 08:03 1576418                    /opt/android-studio/gradle/gradle-2.4/lib/plugins/maven-error-diagnostics-2.2.1.jar
7fc53e637000-7fc53e63b000 r--s 00023000 08:03 1576366                    /opt/android-studio/gradle/gradle-2.4/lib/plugins/maven-project-2.2.1.jar
7fc53e63b000-7fc53e63d000 r--s 00014000 08:03 1576391                    /opt/android-studio/gradle/gradle-2.4/lib/plugins/maven-model-2.2.1.jar
7fc53e63d000-7fc53e63f000 r--s 00005000 08:03 1576394                    /opt/android-studio/gradle/gradle-2.4/lib/plugins/maven-repository-metadata-2.2.1.jar
7fc53e63f000-7fc53e641000 r--s 0000f000 08:03 1576393                    /opt/android-studio/gradle/gradle-2.4/lib/plugins/maven-artifact-manager-2.2.1.jar
7fc53e641000-7fc53e644000 r--s 00011000 08:03 1576379                    /opt/android-studio/gradle/gradle-2.4/lib/plugins/maven-artifact-2.2.1.jar
7fc53e644000-7fc53e646000 r--s 0000b000 08:03 1576386                    /opt/android-studio/gradle/gradle-2.4/lib/plugins/plexus-interpolation-1.11.jar
7fc53e646000-7fc53e64a000 r--s 00034000 08:03 1576382                    /opt/android-studio/gradle/gradle-2.4/lib/plugins/plexus-utils-1.5.15.jar
7fc53e64a000-7fc53e651000 r--s 00029000 08:03 1576385                    /opt/android-studio/gradle/gradle-2.4/lib/plugins/plexus-container-default-1.0-alpha-9-stable-1.jar
7fc53e651000-7fc53e653000 r--s 00008000 08:03 1576415                    /opt/android-studio/gradle/gradle-2.4/lib/plugins/classworlds-1.1-alpha-2.jar
7fc53e653000-7fc53e658000 r--s 00023000 08:03 1576365                    /opt/android-studio/gradle/gradle-2.4/lib/plugins/gradle-maven-2.4.jar
7fc53e658000-7fc53e670000 r--s 0013b000 08:03 1576740                    /opt/android-studio/gradle/gradle-2.4/lib/plugins/bndlib-2.1.0.jar
7fc53e670000-7fc53e672000 r--s 00004000 08:03 1576409                    /opt/android-studio/gradle/gradle-2.4/lib/plugins/gradle-osgi-2.4.jar
7fc53e672000-7fc53e674000 r--s 00007000 08:03 1576416                    /opt/android-studio/gradle/gradle-2.4/lib/plugins/gradle-antlr-2.4.jar
7fc53e674000-7fc53e677000 r--s 0001e000 08:03 1576718                    /opt/android-studio/gradle/gradle-2.4/lib/plugins/jsp-api-2.1-6.1.14.jar
7fc53e677000-7fc53e69a000 r--s 00344000 08:03 1576734                    /opt/android-studio/gradle/gradle-2.4/lib/plugins/core-3.1.1.jar
7fc53e69a000-7fc53e69b000 r--s 00006000 08:03 1576747                    /opt/android-studio/gradle/gradle-2.4/lib/plugins/jetty-naming-6.1.25.jar
7fc53e69b000-7fc53e69c000 r--s 00002000 08:03 1576704                    /opt/android-studio/gradle/gradle-2.4/lib/plugins/geronimo-annotation_1.0_spec-1.0.jar
7fc53e69c000-7fc53e69e000 r--s 00002000 08:03 1576712                    /opt/android-studio/gradle/gradle-2.4/lib/plugins/jetty-annotations-6.1.25.jar
7fc53e69e000-7fc53e6af000 r--s 000ea000 08:03 1576725                    /opt/android-studio/gradle/gradle-2.4/lib/plugins/jsp-2.1-6.1.14.jar
7fc53e6af000-7fc53e6b1000 r--s 0000d000 08:03 1576695                    /opt/android-studio/gradle/gradle-2.4/lib/plugins/jetty-plus-6.1.25.jar
7fc53e6b1000-7fc53e6b3000 r--s 0001f000 08:03 1576707                    /opt/android-studio/gradle/gradle-2.4/lib/plugins/servlet-api-2.5-20081211.jar
7fc53e6b3000-7fc53e6b7000 r--s 00028000 08:03 1576686                    /opt/android-studio/gradle/gradle-2.4/lib/plugins/jetty-util-6.1.25.jar
7fc53e6b7000-7fc53e6be000 r--s 0007d000 08:03 1576727                    /opt/android-studio/gradle/gradle-2.4/lib/plugins/jetty-6.1.25.jar
7fc53e6be000-7fc53e6c0000 r--s 00009000 08:03 1576417                    /opt/android-studio/gradle/gradle-2.4/lib/plugins/gradle-jetty-2.4.jar
7fc53e6c0000-7fc53e6c6000 r--s 00041000 08:03 1576412                    /opt/android-studio/gradle/gradle-2.4/lib/plugins/gradle-code-quality-2.4.jar
7fc53e6c6000-7fc53e6c8000 r--s 00009000 08:03 1576705                    /opt/android-studio/gradle/gradle-2.4/lib/plugins/hamcrest-core-1.3.jar
7fc53e6c8000-7fc53e6ce000 r--s 00033000 08:03 1576729                    /opt/android-studio/gradle/gradle-2.4/lib/plugins/snakeyaml-1.6.jar
7fc53e6ce000-7fc53e6d0000 r--s 00006000 08:03 1576696                    /opt/android-studio/gradle/gradle-2.4/lib/plugins/jcommander-1.12.jar
7fc53e6d0000-7fc53e6d5000 r--s 00040000 08:03 1576732                    /opt/android-studio/gradle/gradle-2.4/lib/plugins/bsh-2.0b4.jar
7fc53e6d5000-7fc53e6d7000 r--s 00009000 08:03 1576691                    /opt/android-studio/gradle/gradle-2.4/lib/plugins/commons-cli-1.2.jar
7fc53e6d7000-7fc53e6e0000 r--s 00089000 08:03 1576702                    /opt/android-studio/gradle/gradle-2.4/lib/plugins/testng-6.3.1.jar
7fc53e6e0000-7fc53e6e8000 r--s 00045000 08:03 1576413                    /opt/android-studio/gradle/gradle-2.4/lib/plugins/junit-4.12.jar
7fc53e6e8000-7fc53e6f5000 r--s 0007a000 08:03 1576387                    /opt/android-studio/gradle/gradle-2.4/lib/plugins/gradle-plugins-2.4.jar
7fc53e6f5000-7fc53e70d000 r--s 00115000 08:03 1576724                    /opt/android-studio/gradle/gradle-2.4/lib/plugins/xercesImpl-2.9.1.jar
7fc53e70d000-7fc53e715000 r--s 00028000 08:03 1576713                    /opt/android-studio/gradle/gradle-2.4/lib/plugins/xml-apis-1.3.04.jar
7fc53e715000-7fc53e71b000 r--s 0005b000 08:03 1576690                    /opt/android-studio/gradle/gradle-2.4/lib/plugins/jcifs-1.3.17.jar
7fc53e71b000-7fc53e721000 r--s 00031000 08:03 1576697                    /opt/android-studio/gradle/gradle-2.4/lib/plugins/httpcore-4.2.2.jar
7fc53e721000-7fc53e727000 r--s 00033000 08:03 1576687                    /opt/android-studio/gradle/gradle-2.4/lib/plugins/commons-codec-1.6.jar
7fc53e727000-7fc53e72a000 r--s 0001c000 08:03 1576744                    /opt/android-studio/gradle/gradle-2.4/lib/plugins/nekohtml-1.9.14.jar
7fc53e72a000-7fc53e733000 r--s 00060000 08:03 1576703                    /opt/android-studio/gradle/gradle-2.4/lib/plugins/httpclient-4.2.2.jar
7fc53e733000-7fc53e735000 r--s 00007000 08:03 1576375                    /opt/android-studio/gradle/gradle-2.4/lib/plugins/gradle-resources-http-2.4.jar
7fc53e735000-7fc53e738000 r--s 00010000 08:03 1576411                    /opt/android-studio/gradle/gradle-2.4/lib/plugins/gradle-plugin-use-2.4.jar
7fc53e738000-7fc53e73c000 r--s 0003d000 08:03 1576716                    /opt/android-studio/gradle/gradle-2.4/lib/plugins/jsch-0.1.51.jar
7fc53e73c000-7fc53e77c000 r--s 00277000 08:03 1576410                    /opt/android-studio/gradle/gradle-2.4/lib/plugins/bcprov-jdk15on-1.51.jar
7fc53e77c000-7fc53e780000 r--s 0001d000 08:03 1576735                    /opt/android-studio/gradle/gradle-2.4/lib/plugins/xbean-reflect-3.4.jar
7fc53e780000-7fc53e785000 r--s 0002a000 08:03 1576741                    /opt/android-studio/gradle/gradle-2.4/lib/plugins/gson-2.2.4.jar
7fc53e785000-7fc53e794000 r--s 000d9000 08:03 1576731                    /opt/android-studio/gradle/gradle-2.4/lib/plugins/ivy-2.2.0.jar
7fc53e794000-7fc53e798000 r--s 0001e000 08:03 1576714                    /opt/android-studio/gradle/gradle-2.4/lib/plugins/jarjar-aether-impl-1.13.1.jar
7fc53e798000-7fc53e79b000 r--s 00027000 08:03 1576717                    /opt/android-studio/gradle/gradle-2.4/lib/plugins/jarjar-maven-model-3.0.4.jar
7fc53e79b000-7fc53e79e000 r--s 0000b000 08:03 1576710                    /opt/android-studio/gradle/gradle-2.4/lib/plugins/jarjar-maven-artifact-3.0.4.jar
7fc53e79e000-7fc53e7a2000 r--s 0001e000 08:03 1576699                    /opt/android-studio/gradle/gradle-2.4/lib/plugins/jarjar-aether-util-1.13.1.jar
7fc53e7a2000-7fc53e7a4000 r--s 00007000 08:03 1576742                    /opt/android-studio/gradle/gradle-2.4/lib/plugins/jarjar-wagon-http-shared4-2.4.jar
7fc53e7a4000-7fc53e7b1000 r--s 00083000 08:03 1576698                    /opt/android-studio/gradle/gradle-2.4/lib/plugins/jarjar-maven-core-3.0.4.jar
7fc53e7b1000-7fc53e7b3000 r--s 00003000 08:03 1576730                    /opt/android-studio/gradle/gradle-2.4/lib/plugins/jarjar-aether-spi-1.13.1.jar
7fc53e7b3000-7fc53e7b5000 r--s 00009000 08:03 1576723                    /opt/android-studio/gradle/gradle-2.4/lib/plugins/jarjar-maven-settings-builder-3.0.4.jar
7fc53e7b5000-7fc53e7b9000 r--s 00014000 08:03 1576706                    /opt/android-studio/gradle/gradle-2.4/lib/plugins/jarjar-aether-api-1.13.1.jar
7fc53e7b9000-7fc53e7ba000 r--s 00002000 08:03 1576736                    /opt/android-studio/gradle/gradle-2.4/lib/plugins/jarjar-wagon-http-2.4.jar
7fc53e7ba000-7fc53e7c1000 r--s 00042000 08:03 1576700                    /opt/android-studio/gradle/gradle-2.4/lib/plugins/jarjar-maven-compat-3.0.4.jar
7fc53e7c1000-7fc53e7c3000 r--s 00006000 08:03 1576709                    /opt/android-studio/gradle/gradle-2.4/lib/plugins/jarjar-aether-connector-wagon-1.13.1.jar
7fc53e7c3000-7fc53e7c5000 r--s 00000000 08:03 1576701                    /opt/android-studio/gradle/gradle-2.4/lib/plugins/jarjar-plexus-component-annotations-1.5.5.jar
7fc53e7c5000-7fc53e7c7000 r--s 00006000 08:03 1576694                    /opt/android-studio/gradle/gradle-2.4/lib/plugins/jarjar-plexus-sec-dispatcher-1.3.jar
7fc53e7c7000-7fc53e7cc000 r--s 00022000 08:03 1576737                    /opt/android-studio/gradle/gradle-2.4/lib/plugins/jarjar-maven-model-builder-3.0.4.jar
7fc53e7cc000-7fc53e7ce000 r--s 0000b000 08:03 1576720                    /opt/android-studio/gradle/gradle-2.4/lib/plugins/jarjar-maven-plugin-api-3.0.4.jar
7fc53e7ce000-7fc53e7d1000 r--s 0000a000 08:03 1576692                    /opt/android-studio/gradle/gradle-2.4/lib/plugins/jarjar-plexus-classworlds-2.4.jar
7fc53e7d1000-7fc53e7d5000 r--s 00035000 08:03 1576743                    /opt/android-studio/gradle/gradle-2.4/lib/plugins/jarjar-plexus-utils-2.0.6.jar
7fc53e7d5000-7fc53e7d7000 r--s 0000e000 08:03 1576745                    /opt/android-studio/gradle/gradle-2.4/lib/plugins/jarjar-plexus-interpolation-1.14.jar
7fc53e7d7000-7fc53e7d9000 r--s 00002000 08:03 1576715                    /opt/android-studio/gradle/gradle-2.4/lib/plugins/jarjar-plexus-cipher-1.7.jar
7fc53e7d9000-7fc53e7e1000 r--s 00031000 08:03 1576728                    /opt/android-studio/gradle/gradle-2.4/lib/plugins/jarjar-plexus-container-default-1.5.5.jar
7fc53e7e1000-7fc53e7f7000 r-xp 00000000 08:03 135335                     /lib/x86_64-linux-gnu/libgcc_s.so.1
7fc53e7f7000-7fc53e9f6000 ---p 00016000 08:03 135335                     /lib/x86_64-linux-gnu/libgcc_s.so.1
7fc53e9f6000-7fc53e9f7000 rw-p 00015000 08:03 135335                     /lib/x86_64-linux-gnu/libgcc_s.so.1
7fc53e9f7000-7fc53eadd000 r-xp 00000000 08:03 394317                     /usr/lib/x86_64-linux-gnu/libstdc++.so.6.0.19
7fc53eadd000-7fc53ecdc000 ---p 000e6000 08:03 394317                     /usr/lib/x86_64-linux-gnu/libstdc++.so.6.0.19
7fc53ecdc000-7fc53ece4000 r--p 000e5000 08:03 394317                     /usr/lib/x86_64-linux-gnu/libstdc++.so.6.0.19
7fc53ece4000-7fc53ece6000 rw-p 000ed000 08:03 394317                     /usr/lib/x86_64-linux-gnu/libstdc++.so.6.0.19
7fc53ece6000-7fc53ecfb000 rw-p 00000000 00:00 0 
7fc53ecfb000-7fc53ecfd000 r--s 0000c000 08:03 1576739                    /opt/android-studio/gradle/gradle-2.4/lib/plugins/jarjar-wagon-provider-api-2.4.jar
7fc53ecfd000-7fc53ecff000 r--s 0000d000 08:03 1576746                    /opt/android-studio/gradle/gradle-2.4/lib/plugins/jarjar-maven-aether-provider-3.0.4.jar
7fc53ecff000-7fc53ed00000 r--s 00007000 08:03 1576719                    /opt/android-studio/gradle/gradle-2.4/lib/plugins/jarjar-maven-repository-metadata-3.0.4.jar
7fc53ed00000-7fc53ed01000 r--s 0000b000 08:03 1576726                    /opt/android-studio/gradle/gradle-2.4/lib/plugins/jarjar-maven-settings-3.0.4.jar
7fc53ed01000-7fc53ed1b000 r--s 000c0000 08:03 1576362                    /opt/android-studio/gradle/gradle-2.4/lib/plugins/gradle-dependency-management-2.4.jar
7fc53ed1b000-7fc53ed1f000 r-xp 00000000 00:19 10879089                   /home/mike/.gradle/native/19/linux-amd64/libnative-platform.so
7fc53ed1f000-7fc53ef1e000 ---p 00004000 00:19 10879089                   /home/mike/.gradle/native/19/linux-amd64/libnative-platform.so
7fc53ef1e000-7fc53ef1f000 rw-p 00003000 00:19 10879089                   /home/mike/.gradle/native/19/linux-amd64/libnative-platform.so
7fc53ef1f000-7fc53ef30000 r-xp 00000000 08:03 1574055                    /opt/java/jdk1.8.0_45/jre/lib/amd64/libnio.so
7fc53ef30000-7fc53f12f000 ---p 00011000 08:03 1574055                    /opt/java/jdk1.8.0_45/jre/lib/amd64/libnio.so
7fc53f12f000-7fc53f130000 rw-p 00010000 08:03 1574055                    /opt/java/jdk1.8.0_45/jre/lib/amd64/libnio.so
7fc53f130000-7fc53f146000 r-xp 00000000 08:03 1574041                    /opt/java/jdk1.8.0_45/jre/lib/amd64/libnet.so
7fc53f146000-7fc53f346000 ---p 00016000 08:03 1574041                    /opt/java/jdk1.8.0_45/jre/lib/amd64/libnet.so
7fc53f346000-7fc53f347000 rw-p 00016000 08:03 1574041                    /opt/java/jdk1.8.0_45/jre/lib/amd64/libnet.so
7fc53f347000-7fc53f349000 r--s 00005000 08:03 1576425                    /opt/android-studio/gradle/gradle-2.4/lib/gradle-wrapper-2.4.jar
7fc53f349000-7fc53f353000 r--s 00032000 08:03 1576342                    /opt/android-studio/gradle/gradle-2.4/lib/gradle-tooling-api-2.4.jar
7fc53f353000-7fc53f355000 r--s 00002000 08:03 1576344                    /opt/android-studio/gradle/gradle-2.4/lib/gradle-open-api-2.4.jar
7fc53f355000-7fc53f35b000 r--s 00032000 08:03 1576677                    /opt/android-studio/gradle/gradle-2.4/lib/jaxen-1.1.jar
7fc53f35b000-7fc53f360000 r--s 00048000 08:03 1576665                    /opt/android-studio/gradle/gradle-2.4/lib/dom4j-1.6.1.jar
7fc53f360000-7fc53f36b000 r--s 00059000 08:03 1576343                    /opt/android-studio/gradle/gradle-2.4/lib/gradle-ui-2.4.jar
7fc53f36b000-7fc53f36d000 r--s 00008000 08:03 1576348                    /opt/android-studio/gradle/gradle-2.4/lib/gradle-resources-2.4.jar
7fc53f36d000-7fc53f36f000 r--s 00007000 08:03 1576678                    /opt/android-studio/gradle/gradle-2.4/lib/objenesis-1.2.jar
7fc53f36f000-7fc53f371000 r--s 00000000 08:03 1576679                    /opt/android-studio/gradle/gradle-2.4/lib/minlog-1.2.jar
7fc53f371000-7fc53f373000 r--s 0000f000 08:03 1576682                    /opt/android-studio/gradle/gradle-2.4/lib/reflectasm-1.07-shaded.jar
7fc53f373000-7fc53f377000 r--s 00026000 08:03 1576748                    /opt/android-studio/gradle/gradle-2.4/lib/kryo-2.20.jar
7fc53f377000-7fc53f380000 r--s 0003c000 08:03 1576350                    /opt/android-studio/gradle/gradle-2.4/lib/gradle-messaging-2.4.jar
7fc53f380000-7fc53f381000 r--s 00003000 08:03 1576683                    /opt/android-studio/gradle/gradle-2.4/lib/native-platform-freebsd-amd64-0.10.jar
7fc53f381000-7fc53f382000 r--s 00003000 08:03 1576673                    /opt/android-studio/gradle/gradle-2.4/lib/native-platform-freebsd-i386-0.10.jar
7fc53f382000-7fc53f383000 r--s 00005000 08:03 1576676                    /opt/android-studio/gradle/gradle-2.4/lib/native-platform-windows-i386-0.10.jar
7fc53f383000-7fc53f384000 r--s 00005000 08:03 1576662                    /opt/android-studio/gradle/gradle-2.4/lib/native-platform-windows-amd64-0.10.jar
7fc53f384000-7fc53f385000 r--s 00003000 08:03 1576664                    /opt/android-studio/gradle/gradle-2.4/lib/native-platform-linux-i386-0.10.jar
7fc53f385000-7fc53f386000 r--s 00003000 08:03 1576667                    /opt/android-studio/gradle/gradle-2.4/lib/native-platform-linux-amd64-0.10.jar
7fc53f386000-7fc53f387000 r--s 00002000 08:03 1576749                    /opt/android-studio/gradle/gradle-2.4/lib/native-platform-osx-amd64-0.10.jar
7fc53f387000-7fc53f389000 r--s 00008000 08:03 1576671                    /opt/android-studio/gradle/gradle-2.4/lib/jansi-1.2.1.jar
7fc53f389000-7fc53f38c000 r--s 0000d000 08:03 1576680                    /opt/android-studio/gradle/gradle-2.4/lib/native-platform-0.10.jar
7fc53f38c000-7fc53f390000 r--s 000e4000 08:03 1576663                    /opt/android-studio/gradle/gradle-2.4/lib/jna-3.2.7.jar
7fc53f390000-7fc53f392000 r--s 00008000 08:03 1576355                    /opt/android-studio/gradle/gradle-2.4/lib/gradle-native-2.4.jar
7fc53f392000-7fc53f39a000 r--s 00040000 08:03 1576352                    /opt/android-studio/gradle/gradle-2.4/lib/gradle-model-core-2.4.jar
7fc53f39a000-7fc53f406000 r--s 00689000 08:03 1576423                    /opt/android-studio/gradle/gradle-2.4/lib/groovy-all-2.3.10.jar
7fc53f406000-7fc53f42e000 r--s 001cf000 08:03 1576669                    /opt/android-studio/gradle/gradle-2.4/lib/guava-jdk5-17.0.jar
7fc53f42e000-7fc53f42f000 ---p 00000000 00:00 0 
7fc53f42f000-7fc53f52f000 rw-p 00000000 00:00 0                          [stack:5976]
7fc53f52f000-7fc53f532000 ---p 00000000 00:00 0 
7fc53f532000-7fc53f630000 rw-p 00000000 00:00 0                          [stack:5975]
7fc53f630000-7fc53f633000 ---p 00000000 00:00 0 
7fc53f633000-7fc53f731000 rw-p 00000000 00:00 0                          [stack:5974]
7fc53f731000-7fc53f734000 ---p 00000000 00:00 0 
7fc53f734000-7fc53f832000 rw-p 00000000 00:00 0                          [stack:5973]
7fc53f832000-7fc53f835000 ---p 00000000 00:00 0 
7fc53f835000-7fc53f933000 rw-p 00000000 00:00 0                          [stack:5972]
7fc53f933000-7fc53f936000 ---p 00000000 00:00 0 
7fc53f936000-7fc53fa34000 rw-p 00000000 00:00 0                          [stack:5971]
7fc53fa34000-7fc53fcfd000 r--p 00000000 08:03 266989                     /usr/lib/locale/locale-archive
7fc53fcfd000-7fc53fd00000 ---p 00000000 00:00 0 
7fc53fd00000-7fc53fdfe000 rw-p 00000000 00:00 0                          [stack:5970]
7fc53fdfe000-7fc53fe01000 ---p 00000000 00:00 0 
7fc53fe01000-7fc53feff000 rw-p 00000000 00:00 0                          [stack:5969]
7fc53feff000-7fc53ff00000 ---p 00000000 00:00 0 
7fc53ff00000-7fc540000000 rw-p 00000000 00:00 0                          [stack:5968]
7fc540000000-7fc54002c000 rw-p 00000000 00:00 0 
7fc54002c000-7fc544000000 ---p 00000000 00:00 0 
7fc544000000-7fc544021000 rw-p 00000000 00:00 0 
7fc544021000-7fc548000000 ---p 00000000 00:00 0 
7fc548000000-7fc548021000 rw-p 00000000 00:00 0 
7fc548021000-7fc54c000000 ---p 00000000 00:00 0 
7fc54c000000-7fc54c001000 r--s 00002000 08:03 1576672                    /opt/android-studio/gradle/gradle-2.4/lib/native-platform-osx-i386-0.10.jar
7fc54c001000-7fc54c003000 r--s 00005000 08:03 1576351                    /opt/android-studio/gradle/gradle-2.4/lib/gradle-cli-2.4.jar
7fc54c003000-7fc54c005000 r--s 00005000 08:03 1576341                    /opt/android-studio/gradle/gradle-2.4/lib/gradle-model-groovy-2.4.jar
7fc54c005000-7fc54c006000 r--s 00004000 08:03 1576356                    /opt/android-studio/gradle/gradle-2.4/lib/gradle-base-services-groovy-2.4.jar
7fc54c006000-7fc54c007000 r--s 00000000 08:03 1576346                    /opt/android-studio/gradle/gradle-2.4/lib/gradle-docs-2.4.jar
7fc54c007000-7fc54c009000 r--s 00003000 08:03 1576345                    /opt/android-studio/gradle/gradle-2.4/lib/jcl-over-slf4j-1.7.10.jar
7fc54c009000-7fc54c00a000 r--s 00005000 08:03 1576422                    /opt/android-studio/gradle/gradle-2.4/lib/log4j-over-slf4j-1.7.10.jar
7fc54c00a000-7fc54c00d000 r--s 0001b000 08:03 1576668                    /opt/android-studio/gradle/gradle-2.4/lib/jarjar-1.3.jar
7fc54c00d000-7fc54c01b000 r--s 0007f000 08:03 1576681                    /opt/android-studio/gradle/gradle-2.4/lib/commons-collections-3.2.1.jar
7fc54c01b000-7fc54c020000 r--s 00036000 08:03 1576674                    /opt/android-studio/gradle/gradle-2.4/lib/asm-all-5.0.3.jar
7fc54c020000-7fc54c03e000 r--s 001cf000 08:03 1576424                    /opt/android-studio/gradle/gradle-2.4/lib/ant-1.9.4.jar
7fc54c03e000-7fc54c05a000 r--s 00393000 08:03 1574015                    /opt/java/jdk1.8.0_45/jre/lib/ext/cldrdata.jar
7fc54c05a000-7fc54c08e000 r--s 001a4000 08:03 1576347                    /opt/android-studio/gradle/gradle-2.4/lib/gradle-core-2.4.jar
7fc54c08e000-7fc551000000 rw-p 00000000 00:00 0 
7fc551000000-7fc552cb0000 rwxp 00000000 00:00 0 
7fc552cb0000-7fc560000000 ---p 00000000 00:00 0 
7fc560000000-7fc560b58000 rw-p 00000000 00:00 0 
7fc560b58000-7fc564000000 ---p 00000000 00:00 0 
7fc564000000-7fc564002000 r--s 00000000 08:03 1576421                    /opt/android-studio/gradle/gradle-2.4/lib/jul-to-slf4j-1.7.10.jar
7fc564002000-7fc564007000 r--s 00041000 08:03 1576666                    /opt/android-studio/gradle/gradle-2.4/lib/commons-lang-2.6.jar
7fc564007000-7fc564077000 rw-p 00000000 00:00 0 
7fc564077000-7fc564250000 r--s 03d09000 08:03 1573810                    /opt/java/jdk1.8.0_45/jre/lib/rt.jar
7fc564250000-7fc564ec6000 rw-p 00000000 00:00 0 
7fc564ec6000-7fc564ec7000 ---p 00000000 00:00 0 
7fc564ec7000-7fc564fc7000 rw-p 00000000 00:00 0                          [stack:5967]
7fc564fc7000-7fc564fc8000 ---p 00000000 00:00 0 
7fc564fc8000-7fc5650c8000 rw-p 00000000 00:00 0                          [stack:5966]
7fc5650c8000-7fc5650c9000 ---p 00000000 00:00 0 
7fc5650c9000-7fc5651c9000 rw-p 00000000 00:00 0                          [stack:5965]
7fc5651c9000-7fc5651ca000 ---p 00000000 00:00 0 
7fc5651ca000-7fc565300000 rw-p 00000000 00:00 0                          [stack:5964]
7fc565300000-7fc565575000 ---p 00000000 00:00 0 
7fc565575000-7fc5655ab000 rw-p 00000000 00:00 0 
7fc5655ab000-7fc56581f000 ---p 00000000 00:00 0 
7fc56581f000-7fc5658e9000 rw-p 00000000 00:00 0 
7fc5658e9000-7fc565975000 ---p 00000000 00:00 0 
7fc565975000-7fc5659e9000 rw-p 00000000 00:00 0 
7fc5659e9000-7fc565d36000 ---p 00000000 00:00 0 
7fc565d36000-7fc565d50000 r-xp 00000000 08:03 1574049                    /opt/java/jdk1.8.0_45/jre/lib/amd64/libzip.so
7fc565d50000-7fc565f50000 ---p 0001a000 08:03 1574049                    /opt/java/jdk1.8.0_45/jre/lib/amd64/libzip.so
7fc565f50000-7fc565f51000 rw-p 0001a000 08:03 1574049                    /opt/java/jdk1.8.0_45/jre/lib/amd64/libzip.so
7fc565f51000-7fc565f5c000 r-xp 00000000 08:03 131807                     /lib/x86_64-linux-gnu/libnss_files-2.19.so
7fc565f5c000-7fc56615b000 ---p 0000b000 08:03 131807                     /lib/x86_64-linux-gnu/libnss_files-2.19.so
7fc56615b000-7fc56615c000 r--p 0000a000 08:03 131807                     /lib/x86_64-linux-gnu/libnss_files-2.19.so
7fc56615c000-7fc56615d000 rw-p 0000b000 08:03 131807                     /lib/x86_64-linux-gnu/libnss_files-2.19.so
7fc56615d000-7fc566168000 r-xp 00000000 08:03 131871                     /lib/x86_64-linux-gnu/libnss_nis-2.19.so
7fc566168000-7fc566367000 ---p 0000b000 08:03 131871                     /lib/x86_64-linux-gnu/libnss_nis-2.19.so
7fc566367000-7fc566368000 r--p 0000a000 08:03 131871                     /lib/x86_64-linux-gnu/libnss_nis-2.19.so
7fc566368000-7fc566369000 rw-p 0000b000 08:03 131871                     /lib/x86_64-linux-gnu/libnss_nis-2.19.so
7fc566369000-7fc566380000 r-xp 00000000 08:03 131829                     /lib/x86_64-linux-gnu/libnsl-2.19.so
7fc566380000-7fc56657f000 ---p 00017000 08:03 131829                     /lib/x86_64-linux-gnu/libnsl-2.19.so
7fc56657f000-7fc566580000 r--p 00016000 08:03 131829                     /lib/x86_64-linux-gnu/libnsl-2.19.so
7fc566580000-7fc566581000 rw-p 00017000 08:03 131829                     /lib/x86_64-linux-gnu/libnsl-2.19.so
7fc566581000-7fc566583000 rw-p 00000000 00:00 0 
7fc566583000-7fc56658c000 r-xp 00000000 08:03 131828                     /lib/x86_64-linux-gnu/libnss_compat-2.19.so
7fc56658c000-7fc56678b000 ---p 00009000 08:03 131828                     /lib/x86_64-linux-gnu/libnss_compat-2.19.so
7fc56678b000-7fc56678c000 r--p 00008000 08:03 131828                     /lib/x86_64-linux-gnu/libnss_compat-2.19.so
7fc56678c000-7fc56678d000 rw-p 00009000 08:03 131828                     /lib/x86_64-linux-gnu/libnss_compat-2.19.so
7fc56678d000-7fc5667b7000 r-xp 00000000 08:03 1574040                    /opt/java/jdk1.8.0_45/jre/lib/amd64/libjava.so
7fc5667b7000-7fc5669b7000 ---p 0002a000 08:03 1574040                    /opt/java/jdk1.8.0_45/jre/lib/amd64/libjava.so
7fc5669b7000-7fc5669b9000 rw-p 0002a000 08:03 1574040                    /opt/java/jdk1.8.0_45/jre/lib/amd64/libjava.so
7fc5669b9000-7fc5669c6000 r-xp 00000000 08:03 1574047                    /opt/java/jdk1.8.0_45/jre/lib/amd64/libverify.so
7fc5669c6000-7fc566bc6000 ---p 0000d000 08:03 1574047                    /opt/java/jdk1.8.0_45/jre/lib/amd64/libverify.so
7fc566bc6000-7fc566bc8000 rw-p 0000d000 08:03 1574047                    /opt/java/jdk1.8.0_45/jre/lib/amd64/libverify.so
7fc566bc8000-7fc566bcf000 r-xp 00000000 08:03 131868                     /lib/x86_64-linux-gnu/librt-2.19.so
7fc566bcf000-7fc566dce000 ---p 00007000 08:03 131868                     /lib/x86_64-linux-gnu/librt-2.19.so
7fc566dce000-7fc566dcf000 r--p 00006000 08:03 131868                     /lib/x86_64-linux-gnu/librt-2.19.so
7fc566dcf000-7fc566dd0000 rw-p 00007000 08:03 131868                     /lib/x86_64-linux-gnu/librt-2.19.so
7fc566dd0000-7fc566ed5000 r-xp 00000000 08:03 131806                     /lib/x86_64-linux-gnu/libm-2.19.so
7fc566ed5000-7fc5670d4000 ---p 00105000 08:03 131806                     /lib/x86_64-linux-gnu/libm-2.19.so
7fc5670d4000-7fc5670d5000 r--p 00104000 08:03 131806                     /lib/x86_64-linux-gnu/libm-2.19.so
7fc5670d5000-7fc5670d6000 rw-p 00105000 08:03 131806                     /lib/x86_64-linux-gnu/libm-2.19.so
7fc5670d6000-7fc567d84000 r-xp 00000000 08:03 1574060                    /opt/java/jdk1.8.0_45/jre/lib/amd64/server/libjvm.so
7fc567d84000-7fc567f83000 ---p 00cae000 08:03 1574060                    /opt/java/jdk1.8.0_45/jre/lib/amd64/server/libjvm.so
7fc567f83000-7fc56805a000 rw-p 00cad000 08:03 1574060                    /opt/java/jdk1.8.0_45/jre/lib/amd64/server/libjvm.so
7fc56805a000-7fc56809e000 rw-p 00000000 00:00 0 
7fc56809e000-7fc568259000 r-xp 00000000 08:03 131857                     /lib/x86_64-linux-gnu/libc-2.19.so
7fc568259000-7fc568458000 ---p 001bb000 08:03 131857                     /lib/x86_64-linux-gnu/libc-2.19.so
7fc568458000-7fc56845c000 r--p 001ba000 08:03 131857                     /lib/x86_64-linux-gnu/libc-2.19.so
7fc56845c000-7fc56845e000 rw-p 001be000 08:03 131857                     /lib/x86_64-linux-gnu/libc-2.19.so
7fc56845e000-7fc568463000 rw-p 00000000 00:00 0 
7fc568463000-7fc568466000 r-xp 00000000 08:03 131810                     /lib/x86_64-linux-gnu/libdl-2.19.so
7fc568466000-7fc568665000 ---p 00003000 08:03 131810                     /lib/x86_64-linux-gnu/libdl-2.19.so
7fc568665000-7fc568666000 r--p 00002000 08:03 131810                     /lib/x86_64-linux-gnu/libdl-2.19.so
7fc568666000-7fc568667000 rw-p 00003000 08:03 131810                     /lib/x86_64-linux-gnu/libdl-2.19.so
7fc568667000-7fc56867c000 r-xp 00000000 08:03 1573749                    /opt/java/jdk1.8.0_45/lib/amd64/jli/libjli.so
7fc56867c000-7fc56887c000 ---p 00015000 08:03 1573749                    /opt/java/jdk1.8.0_45/lib/amd64/jli/libjli.so
7fc56887c000-7fc56887d000 rw-p 00015000 08:03 1573749                    /opt/java/jdk1.8.0_45/lib/amd64/jli/libjli.so
7fc56887d000-7fc568896000 r-xp 00000000 08:03 131858                     /lib/x86_64-linux-gnu/libpthread-2.19.so
7fc568896000-7fc568a95000 ---p 00019000 08:03 131858                     /lib/x86_64-linux-gnu/libpthread-2.19.so
7fc568a95000-7fc568a96000 r--p 00018000 08:03 131858                     /lib/x86_64-linux-gnu/libpthread-2.19.so
7fc568a96000-7fc568a97000 rw-p 00019000 08:03 131858                     /lib/x86_64-linux-gnu/libpthread-2.19.so
7fc568a97000-7fc568a9b000 rw-p 00000000 00:00 0 
7fc568a9b000-7fc568abe000 r-xp 00000000 08:03 131833                     /lib/x86_64-linux-gnu/ld-2.19.so
7fc568abe000-7fc568abf000 r--s 00000000 08:03 1576675                    /opt/android-studio/gradle/gradle-2.4/lib/javax.inject-1.jar
7fc568abf000-7fc568aca000 r--s 00116000 08:03 1574017                    /opt/java/jdk1.8.0_45/jre/lib/ext/localedata.jar
7fc568aca000-7fc568b96000 rw-p 00000000 00:00 0 
7fc568b96000-7fc568b99000 ---p 00000000 00:00 0 
7fc568b99000-7fc568c9b000 rw-p 00000000 00:00 0                          [stack:5963]
7fc568c9b000-7fc568c9c000 r--s 00000000 08:03 1576670                    /opt/android-studio/gradle/gradle-2.4/lib/jcip-annotations-1.0.jar
7fc568c9c000-7fc568c9f000 r--s 00018000 08:03 1576684                    /opt/android-studio/gradle/gradle-2.4/lib/commons-io-1.4.jar
7fc568c9f000-7fc568ca0000 r--s 00007000 08:03 1576340                    /opt/android-studio/gradle/gradle-2.4/lib/slf4j-api-1.7.10.jar
7fc568ca0000-7fc568ca1000 r--s 00004000 08:03 1576349                    /opt/android-studio/gradle/gradle-2.4/lib/ant-launcher-1.9.4.jar
7fc568ca1000-7fc568ca8000 r--s 00030000 08:03 1576353                    /opt/android-studio/gradle/gradle-2.4/lib/gradle-base-services-2.4.jar
7fc568ca8000-7fc568cb1000 r--s 00040000 08:03 1576354                    /opt/android-studio/gradle/gradle-2.4/lib/gradle-launcher-2.4.jar
7fc568cb1000-7fc568cb9000 rw-s 00000000 08:03 1569947                    /tmp/hsperfdata_mike/5960
7fc568cb9000-7fc568cba000 rw-p 00000000 00:00 0 
7fc568cba000-7fc568cbb000 ---p 00000000 00:00 0 
7fc568cbb000-7fc568cbd000 rw-p 00000000 00:00 0 
7fc568cbd000-7fc568cbe000 r--p 00022000 08:03 131833                     /lib/x86_64-linux-gnu/ld-2.19.so
7fc568cbe000-7fc568cbf000 rw-p 00023000 08:03 131833                     /lib/x86_64-linux-gnu/ld-2.19.so
7fc568cbf000-7fc568cc0000 rw-p 00000000 00:00 0 
7fff3e2ba000-7fff3e2db000 rw-p 00000000 00:00 0                          [stack]
7fff3e315000-7fff3e317000 r-xp 00000000 00:00 0                          [vdso]
ffffffffff600000-ffffffffff601000 r-xp 00000000 00:00 0                  [vsyscall]

VM Arguments:
jvm_args: -XX:MaxPermSize=512m -XX:+HeapDumpOnOutOfMemoryError -Xmx2048m -Dfile.encoding=UTF-8 -Duser.country=GB -Duser.language=en -Duser.variant 
java_command: org.gradle.launcher.daemon.bootstrap.GradleDaemon 2.4 /home/mike/.gradle /home/mike/.gradle/daemon 10800000 e1addb6c-7bcc-44f4-a812-98d9e71b9423 -XX:MaxPermSize=512m -XX:+HeapDumpOnOutOfMemoryError -Xmx2048m -Dfile.encoding=UTF-8 -Duser.country=GB -Duser.language=en -Duser.variant
java_class_path (initial): /opt/android-studio/gradle/gradle-2.4/lib/gradle-launcher-2.4.jar
Launcher Type: SUN_STANDARD

Environment Variables:
PATH=/usr/local/sbin:/usr/local/bin:/usr/sbin:/usr/bin:/sbin:/bin:/usr/games:/usr/local/games
USERNAME=mike
LD_LIBRARY_PATH=/opt/android-studio/bin:
SHELL=/bin/bash
DISPLAY=:0

Signal Handlers:
SIGSEGV: [libjvm.so+0xaad1e0], sa_mask[0]=11111111011111111101111111111110, sa_flags=SA_RESTART|SA_SIGINFO
SIGBUS: [libjvm.so+0xaad1e0], sa_mask[0]=11111111011111111101111111111110, sa_flags=SA_RESTART|SA_SIGINFO
SIGFPE: [libjvm.so+0x90b450], sa_mask[0]=11111111011111111101111111111110, sa_flags=SA_RESTART|SA_SIGINFO
SIGPIPE: [libjvm.so+0x90b450], sa_mask[0]=11111111011111111101111111111110, sa_flags=SA_RESTART|SA_SIGINFO
SIGXFSZ: [libjvm.so+0x90b450], sa_mask[0]=11111111011111111101111111111110, sa_flags=SA_RESTART|SA_SIGINFO
SIGILL: [libjvm.so+0x90b450], sa_mask[0]=11111111011111111101111111111110, sa_flags=SA_RESTART|SA_SIGINFO
SIGUSR1: SIG_DFL, sa_mask[0]=00000000000000000000000000000000, sa_flags=none
SIGUSR2: [libjvm.so+0x90ca90], sa_mask[0]=00100000000000000000000000000000, sa_flags=SA_RESTART|SA_SIGINFO
SIGHUP: [libjvm.so+0x90dde0], sa_mask[0]=11111111011111111101111111111110, sa_flags=SA_RESTART|SA_SIGINFO
SIGINT: [libjvm.so+0x90dde0], sa_mask[0]=11111111011111111101111111111110, sa_flags=SA_RESTART|SA_SIGINFO
SIGTERM: [libjvm.so+0x90dde0], sa_mask[0]=11111111011111111101111111111110, sa_flags=SA_RESTART|SA_SIGINFO
SIGQUIT: [libjvm.so+0x90dde0], sa_mask[0]=11111111011111111101111111111110, sa_flags=SA_RESTART|SA_SIGINFO


---------------  S Y S T E M  ---------------

OS:DISTRIB_ID=LinuxMint
DISTRIB_RELEASE=17.2
DISTRIB_CODENAME=rafaela
DISTRIB_DESCRIPTION="Linux Mint 17.2 Rafaela"

uname:Linux 3.13.0-37-generic #64-Ubuntu SMP Mon Sep 22 21:28:38 UTC 2014 x86_64
libc:glibc 2.19 NPTL 2.19 
rlimit: STACK 8192k, CORE 0k, NPROC 30882, NOFILE 4096, AS infinity
load average:8.01 3.48 2.08

/proc/meminfo:
MemTotal:        4048044 kB
MemFree:           95788 kB
Buffers:             512 kB
Cached:            27688 kB
SwapCached:            0 kB
Active:          3179644 kB
Inactive:          23964 kB
Active(anon):    3176328 kB
Inactive(anon):    21240 kB
Active(file):       3316 kB
Inactive(file):     2724 kB
Unevictable:          72 kB
Mlocked:              72 kB
SwapTotal:             0 kB
SwapFree:              0 kB
Dirty:                76 kB
Writeback:             0 kB
AnonPages:       3175304 kB
Mapped:           501556 kB
Shmem:             22336 kB
Slab:              68460 kB
SReclaimable:      23428 kB
SUnreclaim:        45032 kB
KernelStack:        4024 kB
PageTables:        25600 kB
NFS_Unstable:          0 kB
Bounce:                0 kB
WritebackTmp:          0 kB
CommitLimit:     2024020 kB
Committed_AS:    4469656 kB
VmallocTotal:   34359738367 kB
VmallocUsed:      305648 kB
VmallocChunk:   34359427560 kB
HardwareCorrupted:     0 kB
AnonHugePages:   1935360 kB
HugePages_Total:       0
HugePages_Free:        0
HugePages_Rsvd:        0
HugePages_Surp:        0
Hugepagesize:       2048 kB
DirectMap4k:      161344 kB
DirectMap2M:     2983936 kB
DirectMap1G:     1048576 kB


CPU:total 4 (4 cores per cpu, 1 threads per core) family 16 model 4 stepping 2, cmov, cx8, fxsr, mmx, sse, sse2, sse3, popcnt, mmxext, 3dnowpref, lzcnt, sse4a, tsc, tscinvbit, tscinv

/proc/cpuinfo:
processor	: 0
vendor_id	: AuthenticAMD
cpu family	: 16
model		: 4
model name	: AMD Phenom(tm) II X4 955 Processor
stepping	: 2
microcode	: 0x1000086
cpu MHz		: 3200.000
cache size	: 512 KB
physical id	: 0
siblings	: 4
core id		: 0
cpu cores	: 4
apicid		: 0
initial apicid	: 0
fpu		: yes
fpu_exception	: yes
cpuid level	: 5
wp		: yes
flags		: fpu vme de pse tsc msr pae mce cx8 apic sep mtrr pge mca cmov pat pse36 clflush mmx fxsr sse sse2 ht syscall nx mmxext fxsr_opt pdpe1gb rdtscp lm 3dnowext 3dnow constant_tsc rep_good nopl nonstop_tsc extd_apicid pni monitor cx16 popcnt lahf_lm cmp_legacy svm extapic cr8_legacy abm sse4a misalignsse 3dnowprefetch osvw ibs skinit wdt hw_pstate npt lbrv svm_lock nrip_save
bogomips	: 6399.94
TLB size	: 1024 4K pages
clflush size	: 64
cache_alignment	: 64
address sizes	: 48 bits physical, 48 bits virtual
power management: ts ttp tm stc 100mhzsteps hwpstate

processor	: 1
vendor_id	: AuthenticAMD
cpu family	: 16
model		: 4
model name	: AMD Phenom(tm) II X4 955 Processor
stepping	: 2
microcode	: 0x1000086
cpu MHz		: 2500.000
cache size	: 512 KB
physical id	: 0
siblings	: 4
core id		: 1
cpu cores	: 4
apicid		: 1
initial apicid	: 1
fpu		: yes
fpu_exception	: yes
cpuid level	: 5
wp		: yes
flags		: fpu vme de pse tsc msr pae mce cx8 apic sep mtrr pge mca cmov pat pse36 clflush mmx fxsr sse sse2 ht syscall nx mmxext fxsr_opt pdpe1gb rdtscp lm 3dnowext 3dnow constant_tsc rep_good nopl nonstop_tsc extd_apicid pni monitor cx16 popcnt lahf_lm cmp_legacy svm extapic cr8_legacy abm sse4a misalignsse 3dnowprefetch osvw ibs skinit wdt hw_pstate npt lbrv svm_lock nrip_save
bogomips	: 6399.94
TLB size	: 1024 4K pages
clflush size	: 64
cache_alignment	: 64
address sizes	: 48 bits physical, 48 bits virtual
power management: ts ttp tm stc 100mhzsteps hwpstate

processor	: 2
vendor_id	: AuthenticAMD
cpu family	: 16
model		: 4
model name	: AMD Phenom(tm) II X4 955 Processor
stepping	: 2
microcode	: 0x1000086
cpu MHz		: 3200.000
cache size	: 512 KB
physical id	: 0
siblings	: 4
core id		: 2
cpu cores	: 4
apicid		: 2
initial apicid	: 2
fpu		: yes
fpu_exception	: yes
cpuid level	: 5
wp		: yes
flags		: fpu vme de pse tsc msr pae mce cx8 apic sep mtrr pge mca cmov pat pse36 clflush mmx fxsr sse sse2 ht syscall nx mmxext fxsr_opt pdpe1gb rdtscp lm 3dnowext 3dnow constant_tsc rep_good nopl nonstop_tsc extd_apicid pni monitor cx16 popcnt lahf_lm cmp_legacy svm extapic cr8_legacy abm sse4a misalignsse 3dnowprefetch osvw ibs skinit wdt hw_pstate npt lbrv svm_lock nrip_save
bogomips	: 6399.94
TLB size	: 1024 4K pages
clflush size	: 64
cache_alignment	: 64
address sizes	: 48 bits physical, 48 bits virtual
power management: ts ttp tm stc 100mhzsteps hwpstate

processor	: 3
vendor_id	: AuthenticAMD
cpu family	: 16
model		: 4
model name	: AMD Phenom(tm) II X4 955 Processor
stepping	: 2
microcode	: 0x1000086
cpu MHz		: 2100.000
cache size	: 512 KB
physical id	: 0
siblings	: 4
core id		: 3
cpu cores	: 4
apicid		: 3
initial apicid	: 3
fpu		: yes
fpu_exception	: yes
cpuid level	: 5
wp		: yes
flags		: fpu vme de pse tsc msr pae mce cx8 apic sep mtrr pge mca cmov pat pse36 clflush mmx fxsr sse sse2 ht syscall nx mmxext fxsr_opt pdpe1gb rdtscp lm 3dnowext 3dnow constant_tsc rep_good nopl nonstop_tsc extd_apicid pni monitor cx16 popcnt lahf_lm cmp_legacy svm extapic cr8_legacy abm sse4a misalignsse 3dnowprefetch osvw ibs skinit wdt hw_pstate npt lbrv svm_lock nrip_save
bogomips	: 6399.94
TLB size	: 1024 4K pages
clflush size	: 64
cache_alignment	: 64
address sizes	: 48 bits physical, 48 bits virtual
power management: ts ttp tm stc 100mhzsteps hwpstate



Memory: 4k page, physical 4048044k(95168k free), swap 0k(0k free)

vm_info: Java HotSpot(TM) 64-Bit Server VM (25.45-b02) for linux-amd64 JRE (1.8.0_45-b14), built on Apr 10 2015 10:07:45 by "java_re" with gcc 4.3.0 20080428 (Red Hat 4.3.0-8)

time: Thu Aug 13 01:23:47 2015
elapsed time: 1304 seconds (0d 0h 21m 44s)

