#
# There is insufficient memory for the Java Runtime Environment to continue.
# Native memory allocation (mmap) failed to map 132120576 bytes for committing reserved memory.
# Possible reasons:
#   The system is out of physical RAM or swap space
#   In 32 bit mode, the process size limit was hit
# Possible solutions:
#   Reduce memory load on the system
#   Increase physical memory or swap space
#   Check if swap backing store is full
#   Use 64 bit Java on a 64 bit OS
#   Decrease Java heap size (-Xmx/-Xms)
#   Decrease number of Java threads
#   Decrease Java thread stack sizes (-Xss)
#   Set larger code cache with -XX:ReservedCodeCacheSize=
# This output file may be truncated or incomplete.
#
#  Out of Memory Error (os_linux.cpp:2673), pid=26851, tid=140263253956352
#
# JRE version: Java(TM) SE Runtime Environment (8.0_45-b14) (build 1.8.0_45-b14)
# Java VM: Java HotSpot(TM) 64-Bit Server VM (25.45-b02 mixed mode linux-amd64 compressed oops)
# Failed to write core dump. Core dumps have been disabled. To enable core dumping, try "ulimit -c unlimited" before starting Java again
#

---------------  T H R E A D  ---------------

Current thread (0x00007f91ac079800):  VMThread [stack: 0x00007f91955d5000,0x00007f91956d6000] [id=26861]

Stack: [0x00007f91955d5000,0x00007f91956d6000],  sp=0x00007f91956d3f60,  free space=1019k
Native frames: (J=compiled Java code, j=interpreted, Vv=VM code, C=native code)
V  [libjvm.so+0xaac99a]  VMError::report_and_die()+0x2ba
V  [libjvm.so+0x4f333b]  report_vm_out_of_memory(char const*, int, unsigned long, VMErrorType, char const*)+0x8b
V  [libjvm.so+0x90e7c3]  os::Linux::commit_memory_impl(char*, unsigned long, bool)+0x103
V  [libjvm.so+0x90ed19]  os::pd_commit_memory(char*, unsigned long, unsigned long, bool)+0x29
V  [libjvm.so+0x90867a]  os::commit_memory(char*, unsigned long, unsigned long, bool)+0x2a
V  [libjvm.so+0x97bac3]  PSVirtualSpace::expand_by(unsigned long)+0x53
V  [libjvm.so+0x97cec8]  PSYoungGen::resize_generation(unsigned long, unsigned long)+0xf8
V  [libjvm.so+0x97c022]  PSYoungGen::resize(unsigned long, unsigned long)+0x22
V  [libjvm.so+0x9792fb]  PSScavenge::invoke_no_policy()+0xf7b
V  [libjvm.so+0x979a81]  PSScavenge::invoke()+0x41
V  [libjvm.so+0x932050]  ParallelScavengeHeap::failed_mem_allocate(unsigned long)+0x70
V  [libjvm.so+0xaae1d7]  VM_ParallelGCFailedAllocation::doit()+0x97
V  [libjvm.so+0xab59c5]  VM_Operation::evaluate()+0x55
V  [libjvm.so+0xab3d9a]  VMThread::evaluate_operation(VM_Operation*)+0xba
V  [libjvm.so+0xab411e]  VMThread::loop()+0x1ce
V  [libjvm.so+0xab4590]  VMThread::run()+0x70
V  [libjvm.so+0x910de8]  java_start(Thread*)+0x108

VM_Operation (0x00007f91b3d6f0f0): ParallelGCFailedAllocation, mode: safepoint, requested by thread 0x00007f91ac00b800


---------------  P R O C E S S  ---------------

Java Threads: ( => current thread )
  0x00007f91ac0d2000 JavaThread "Service Thread" daemon [_thread_blocked, id=26868, stack(0x00007f9194c05000,0x00007f9194d06000)]
  0x00007f91ac0bc800 JavaThread "C1 CompilerThread2" daemon [_thread_blocked, id=26867, stack(0x00007f9194d06000,0x00007f9194e07000)]
  0x00007f91ac0bb000 JavaThread "C2 CompilerThread1" daemon [_thread_in_native, id=26866, stack(0x00007f9194e07000,0x00007f9194f08000)]
  0x00007f91ac0b8000 JavaThread "C2 CompilerThread0" daemon [_thread_blocked, id=26865, stack(0x00007f9194f08000,0x00007f9195009000)]
  0x00007f91ac0b6800 JavaThread "Signal Dispatcher" daemon [_thread_blocked, id=26864, stack(0x00007f9195009000,0x00007f919510a000)]
  0x00007f91ac080800 JavaThread "Finalizer" daemon [_thread_blocked, id=26863, stack(0x00007f91953d3000,0x00007f91954d4000)]
  0x00007f91ac07e800 JavaThread "Reference Handler" daemon [_thread_blocked, id=26862, stack(0x00007f91954d4000,0x00007f91955d5000)]
  0x00007f91ac00b800 JavaThread "main" [_thread_blocked, id=26856, stack(0x00007f91b3c70000,0x00007f91b3d71000)]

Other Threads:
=>0x00007f91ac079800 VMThread [stack: 0x00007f91955d5000,0x00007f91956d6000] [id=26861]
  0x00007f91ac0dc800 WatcherThread [stack: 0x00007f9194b04000,0x00007f9194c05000] [id=26869]

VM state:at safepoint (normal execution)

VM Mutex/Monitor currently owned by a thread:  ([mutex/lock_event])
[0x00007f91ac007df0] Threads_lock - owner thread: 0x00007f91ac079800
[0x00007f91ac0082f0] Heap_lock - owner thread: 0x00007f91ac00b800

Heap:
 PSYoungGen      total 139776K, used 11282K [0x00000000eab00000, 0x00000000f4000000, 0x0000000100000000)
  eden space 126976K, 0% used [0x00000000eab00000,0x00000000eab00000,0x00000000f2700000)
  from space 12800K, 88% used [0x00000000f2700000,0x00000000f3204ac0,0x00000000f3380000)
  to   space 12288K, 0% used [0x00000000f3400000,0x00000000f3400000,0x00000000f4000000)
 ParOldGen       total 42496K, used 27260K [0x00000000c0000000, 0x00000000c2980000, 0x00000000eab00000)
  object space 42496K, 64% used [0x00000000c0000000,0x00000000c1a9f2f8,0x00000000c2980000)
 Metaspace       used 7742K, capacity 7966K, committed 8320K, reserved 1056768K
  class space    used 754K, capacity 785K, committed 896K, reserved 1048576K

Card table byte_map: [0x00007f91b084f000,0x00007f91b0a50000] byte_map_base: 0x00007f91b024f000

Marking Bits: (ParMarkBitMap*) 0x00007f91b314d760
 Begin Bits: [0x00007f9196000000, 0x00007f9197000000)
 End Bits:   [0x00007f9197000000, 0x00007f9198000000)

Polling page: 0x00007f91b3d94000

CodeCache: size=245760Kb used=8705Kb max_used=8705Kb free=237054Kb
 bounds [0x00007f919d000000, 0x00007f919d890000, 0x00007f91ac000000]
 total_blobs=2745 nmethods=2449 adapters=210
 compilation: enabled

Compilation events (10 events):
Event: 3.110 Thread 0x00007f91ac0bb000 nmethod 2432 0x00007f919d8869d0 code [0x00007f919d886b80, 0x00007f919d8875d8]
Event: 3.110 Thread 0x00007f91ac0bb000 2476       4       com.android.dx.merge.DexMerger::transformAnnotationDirectory (239 bytes)
Event: 3.189 Thread 0x00007f91ac0bc800 2480       2       java.util.regex.Pattern$Curly::match0 (174 bytes)
Event: 3.191 Thread 0x00007f91ac0bc800 nmethod 2480 0x00007f919d869110 code [0x00007f919d8692e0, 0x00007f919d869778]
Event: 3.191 Thread 0x00007f91ac0bc800 2482       2       sun.nio.cs.UTF_8$Encoder::encodeArrayLoop (489 bytes)
Event: 3.194 Thread 0x00007f91ac0bc800 nmethod 2482 0x00007f919d888090 code [0x00007f919d8884a0, 0x00007f919d8897c8]
Event: 3.194 Thread 0x00007f91ac0bc800 2481       2       java.util.Locale::hashCode (41 bytes)
Event: 3.195 Thread 0x00007f91ac0bc800 nmethod 2481 0x00007f919d866a90 code [0x00007f919d866c00, 0x00007f919d866df8]
Event: 3.216 Thread 0x00007f91ac0bc800 2485 %     3       java.util.HashMap::putVal @ 134 (300 bytes)
Event: 3.229 Thread 0x00007f91ac0bc800 nmethod 2485% 0x00007f919d87f510 code [0x00007f919d87f780, 0x00007f919d880cd8]

GC Heap History (10 events):
Event: 0.917 GC heap after
Heap after GC invocations=2 (full 0):
 PSYoungGen      total 34304K, used 2554K [0x00000000eab00000, 0x00000000ecf00000, 0x0000000100000000)
  eden space 31744K, 0% used [0x00000000eab00000,0x00000000eab00000,0x00000000eca00000)
  from space 2560K, 99% used [0x00000000ecc80000,0x00000000ecefeb60,0x00000000ecf00000)
  to   space 2560K, 0% used [0x00000000eca00000,0x00000000eca00000,0x00000000ecc80000)
 ParOldGen       total 42496K, used 5780K [0x00000000c0000000, 0x00000000c2980000, 0x00000000eab00000)
  object space 42496K, 13% used [0x00000000c0000000,0x00000000c05a5150,0x00000000c2980000)
 Metaspace       used 5553K, capacity 6896K, committed 7040K, reserved 1056768K
  class space    used 539K, capacity 616K, committed 640K, reserved 1048576K
}
Event: 1.298 GC heap before
{Heap before GC invocations=3 (full 0):
 PSYoungGen      total 34304K, used 34298K [0x00000000eab00000, 0x00000000ecf00000, 0x0000000100000000)
  eden space 31744K, 100% used [0x00000000eab00000,0x00000000eca00000,0x00000000eca00000)
  from space 2560K, 99% used [0x00000000ecc80000,0x00000000ecefeb60,0x00000000ecf00000)
  to   space 2560K, 0% used [0x00000000eca00000,0x00000000eca00000,0x00000000ecc80000)
 ParOldGen       total 42496K, used 5780K [0x00000000c0000000, 0x00000000c2980000, 0x00000000eab00000)
  object space 42496K, 13% used [0x00000000c0000000,0x00000000c05a5150,0x00000000c2980000)
 Metaspace       used 6574K, capacity 7440K, committed 7680K, reserved 1056768K
  class space    used 625K, capacity 648K, committed 768K, reserved 1048576K
Event: 1.306 GC heap after
Heap after GC invocations=3 (full 0):
 PSYoungGen      total 34304K, used 2531K [0x00000000eab00000, 0x00000000eee00000, 0x0000000100000000)
  eden space 31744K, 0% used [0x00000000eab00000,0x00000000eab00000,0x00000000eca00000)
  from space 2560K, 98% used [0x00000000eca00000,0x00000000ecc78f28,0x00000000ecc80000)
  to   space 2560K, 0% used [0x00000000eeb80000,0x00000000eeb80000,0x00000000eee00000)
 ParOldGen       total 42496K, used 13718K [0x00000000c0000000, 0x00000000c2980000, 0x00000000eab00000)
  object space 42496K, 32% used [0x00000000c0000000,0x00000000c0d658e8,0x00000000c2980000)
 Metaspace       used 6574K, capacity 7440K, committed 7680K, reserved 1056768K
  class space    used 625K, capacity 648K, committed 768K, reserved 1048576K
}
Event: 1.573 GC heap before
{Heap before GC invocations=4 (full 0):
 PSYoungGen      total 34304K, used 34275K [0x00000000eab00000, 0x00000000eee00000, 0x0000000100000000)
  eden space 31744K, 100% used [0x00000000eab00000,0x00000000eca00000,0x00000000eca00000)
  from space 2560K, 98% used [0x00000000eca00000,0x00000000ecc78f28,0x00000000ecc80000)
  to   space 2560K, 0% used [0x00000000eeb80000,0x00000000eeb80000,0x00000000eee00000)
 ParOldGen       total 42496K, used 13718K [0x00000000c0000000, 0x00000000c2980000, 0x00000000eab00000)
  object space 42496K, 32% used [0x00000000c0000000,0x00000000c0d658e8,0x00000000c2980000)
 Metaspace       used 7601K, capacity 7928K, committed 8192K, reserved 1056768K
  class space    used 744K, capacity 752K, committed 768K, reserved 1048576K
Event: 1.684 GC heap after
Heap after GC invocations=4 (full 0):
 PSYoungGen      total 66048K, used 2534K [0x00000000eab00000, 0x00000000eee00000, 0x0000000100000000)
  eden space 63488K, 0% used [0x00000000eab00000,0x00000000eab00000,0x00000000ee900000)
  from space 2560K, 99% used [0x00000000eeb80000,0x00000000eedf9a40,0x00000000eee00000)
  to   space 2560K, 0% used [0x00000000ee900000,0x00000000ee900000,0x00000000eeb80000)
 ParOldGen       total 42496K, used 16468K [0x00000000c0000000, 0x00000000c2980000, 0x00000000eab00000)
  object space 42496K, 38% used [0x00000000c0000000,0x00000000c10152c0,0x00000000c2980000)
 Metaspace       used 7601K, capacity 7928K, committed 8192K, reserved 1056768K
  class space    used 744K, capacity 752K, committed 768K, reserved 1048576K
}
Event: 2.414 GC heap before
{Heap before GC invocations=5 (full 0):
 PSYoungGen      total 66048K, used 66022K [0x00000000eab00000, 0x00000000eee00000, 0x0000000100000000)
  eden space 63488K, 100% used [0x00000000eab00000,0x00000000ee900000,0x00000000ee900000)
  from space 2560K, 99% used [0x00000000eeb80000,0x00000000eedf9a40,0x00000000eee00000)
  to   space 2560K, 0% used [0x00000000ee900000,0x00000000ee900000,0x00000000eeb80000)
 ParOldGen       total 42496K, used 16468K [0x00000000c0000000, 0x00000000c2980000, 0x00000000eab00000)
  object space 42496K, 38% used [0x00000000c0000000,0x00000000c10152c0,0x00000000c2980000)
 Metaspace       used 7727K, capacity 7966K, committed 8320K, reserved 1056768K
  class space    used 754K, capacity 785K, committed 896K, reserved 1048576K
Event: 2.425 GC heap after
Heap after GC invocations=5 (full 0):
 PSYoungGen      total 66048K, used 2539K [0x00000000eab00000, 0x00000000f4100000, 0x0000000100000000)
  eden space 63488K, 0% used [0x00000000eab00000,0x00000000eab00000,0x00000000ee900000)
  from space 2560K, 99% used [0x00000000ee900000,0x00000000eeb7ad28,0x00000000eeb80000)
  to   space 13312K, 0% used [0x00000000f3400000,0x00000000f3400000,0x00000000f4100000)
 ParOldGen       total 42496K, used 25130K [0x00000000c0000000, 0x00000000c2980000, 0x00000000eab00000)
  object space 42496K, 59% used [0x00000000c0000000,0x00000000c188a970,0x00000000c2980000)
 Metaspace       used 7727K, capacity 7966K, committed 8320K, reserved 1056768K
  class space    used 754K, capacity 785K, committed 896K, reserved 1048576K
}
Event: 2.582 GC heap before
{Heap before GC invocations=6 (full 0):
 PSYoungGen      total 66048K, used 66027K [0x00000000eab00000, 0x00000000f4100000, 0x0000000100000000)
  eden space 63488K, 100% used [0x00000000eab00000,0x00000000ee900000,0x00000000ee900000)
  from space 2560K, 99% used [0x00000000ee900000,0x00000000eeb7ad28,0x00000000eeb80000)
  to   space 13312K, 0% used [0x00000000f3400000,0x00000000f3400000,0x00000000f4100000)
 ParOldGen       total 42496K, used 25130K [0x00000000c0000000, 0x00000000c2980000, 0x00000000eab00000)
  object space 42496K, 59% used [0x00000000c0000000,0x00000000c188a970,0x00000000c2980000)
 Metaspace       used 7735K, capacity 7966K, committed 8320K, reserved 1056768K
  class space    used 754K, capacity 785K, committed 896K, reserved 1048576K
Event: 2.902 GC heap after
Heap after GC invocations=6 (full 0):
 PSYoungGen      total 139264K, used 8215K [0x00000000eab00000, 0x00000000f4000000, 0x0000000100000000)
  eden space 126976K, 0% used [0x00000000eab00000,0x00000000eab00000,0x00000000f2700000)
  from space 12288K, 66% used [0x00000000f3400000,0x00000000f3c05e70,0x00000000f4000000)
  to   space 12800K, 0% used [0x00000000f2700000,0x00000000f2700000,0x00000000f3380000)
 ParOldGen       total 42496K, used 25130K [0x00000000c0000000, 0x00000000c2980000, 0x00000000eab00000)
  object space 42496K, 59% used [0x00000000c0000000,0x00000000c188a970,0x00000000c2980000)
 Metaspace       used 7735K, capacity 7966K, committed 8320K, reserved 1056768K
  class space    used 754K, capacity 785K, committed 896K, reserved 1048576K
}
Event: 3.246 GC heap before
{Heap before GC invocations=7 (full 0):
 PSYoungGen      total 139264K, used 135191K [0x00000000eab00000, 0x00000000f4000000, 0x0000000100000000)
  eden space 126976K, 100% used [0x00000000eab00000,0x00000000f2700000,0x00000000f2700000)
  from space 12288K, 66% used [0x00000000f3400000,0x00000000f3c05e70,0x00000000f4000000)
  to   space 12800K, 0% used [0x00000000f2700000,0x00000000f2700000,0x00000000f3380000)
 ParOldGen       total 42496K, used 25130K [0x00000000c0000000, 0x00000000c2980000, 0x00000000eab00000)
  object space 42496K, 59% used [0x00000000c0000000,0x00000000c188a970,0x00000000c2980000)
 Metaspace       used 7742K, capacity 7966K, committed 8320K, reserved 1056768K
  class space    used 754K, capacity 785K, committed 896K, reserved 1048576K

Deoptimization events (10 events):
Event: 1.312 Thread 0x00007f91ac00b800 Uncommon trap: reason=unstable_if action=reinterpret pc=0x00007f919d655460 method=java.util.HashMap.putVal(ILjava/lang/Object;Ljava/lang/Object;ZZ)Ljava/lang/Object; @ 162
Event: 1.384 Thread 0x00007f91ac00b800 Uncommon trap: reason=unstable_if action=reinterpret pc=0x00007f919d66db38 method=sun.misc.MetaIndex.mayContain(Ljava/lang/String;)Z @ 13
Event: 1.414 Thread 0x00007f91ac00b800 Uncommon trap: reason=predicate action=maybe_recompile pc=0x00007f919d6ea8fc method=com.android.dex.Leb128.readUnsignedLeb128(Lcom/android/dex/util/ByteInput;)I @ 41
Event: 1.420 Thread 0x00007f91ac00b800 Uncommon trap: reason=unstable_if action=reinterpret pc=0x00007f919d57c260 method=java.util.HashMap.getNode(ILjava/lang/Object;)Ljava/util/HashMap$Node; @ 84
Event: 1.420 Thread 0x00007f91ac00b800 Uncommon trap: reason=unstable_if action=reinterpret pc=0x00007f919d57baac method=java.util.HashMap.getNode(ILjava/lang/Object;)Ljava/util/HashMap$Node; @ 84
Event: 1.430 Thread 0x00007f91ac00b800 Uncommon trap: reason=unstable_if action=reinterpret pc=0x00007f919d6f97d4 method=com.android.dx.merge.IndexMap.adjustString(I)I @ 2
Event: 1.469 Thread 0x00007f91ac00b800 Uncommon trap: reason=unstable_if action=reinterpret pc=0x00007f919d711e20 method=com.android.dex.FieldId.compareTo(Lcom/android/dex/FieldId;)I @ 8
Event: 1.513 Thread 0x00007f91ac00b800 Uncommon trap: reason=unstable_if action=reinterpret pc=0x00007f919d712114 method=com.android.dex.FieldId.compareTo(Lcom/android/dex/FieldId;)I @ 8
Event: 2.480 Thread 0x00007f91ac00b800 Uncommon trap: reason=unstable_if action=reinterpret pc=0x00007f919d7b61e8 method=com.android.dex.EncodedValueCodec.readUnsignedInt(Lcom/android/dex/util/ByteInput;IZ)I @ 3
Event: 3.006 Thread 0x00007f91ac00b800 Uncommon trap: reason=unstable_if action=reinterpret pc=0x00007f919d7e6ea0 method=java.util.HashMap$TreeNode.balanceInsertion(Ljava/util/HashMap$TreeNode;Ljava/util/HashMap$TreeNode;)Ljava/util/HashMap$TreeNode; @ 189

Internal exceptions (7 events):
Event: 0.113 Thread 0x00007f91ac00b800 Exception <a 'java/lang/NoSuchMethodError': Method sun.misc.Unsafe.defineClass(Ljava/lang/String;[BII)Ljava/lang/Class; name or signature does not match> (0x00000000eab12900) thrown at [/RE-WORK/workspace/8-2-build-linux-amd64/jdk8u45/3457/hotspot/src/sha
Event: 0.113 Thread 0x00007f91ac00b800 Exception <a 'java/lang/NoSuchMethodError': Method sun.misc.Unsafe.prefetchRead(Ljava/lang/Object;J)V name or signature does not match> (0x00000000eab12b90) thrown at [/RE-WORK/workspace/8-2-build-linux-amd64/jdk8u45/3457/hotspot/src/share/vm/prims/jni.cp
Event: 0.928 Thread 0x00007f91ac00b800 Implicit null exception at 0x00007f919d51d222 to 0x00007f919d51d2c2
Event: 1.384 Thread 0x00007f91ac00b800 Exception <a 'java/security/PrivilegedActionException'> (0x00000000ead6c168) thrown at [/RE-WORK/workspace/8-2-build-linux-amd64/jdk8u45/3457/hotspot/src/share/vm/prims/jvm.cpp, line 1382]
Event: 1.384 Thread 0x00007f91ac00b800 Exception <a 'java/security/PrivilegedActionException'> (0x00000000ead6c4b0) thrown at [/RE-WORK/workspace/8-2-build-linux-amd64/jdk8u45/3457/hotspot/src/share/vm/prims/jvm.cpp, line 1382]
Event: 1.385 Thread 0x00007f91ac00b800 Exception <a 'java/security/PrivilegedActionException'> (0x00000000ead6e960) thrown at [/RE-WORK/workspace/8-2-build-linux-amd64/jdk8u45/3457/hotspot/src/share/vm/prims/jvm.cpp, line 1382]
Event: 1.385 Thread 0x00007f91ac00b800 Exception <a 'java/security/PrivilegedActionException'> (0x00000000ead6eca8) thrown at [/RE-WORK/workspace/8-2-build-linux-amd64/jdk8u45/3457/hotspot/src/share/vm/prims/jvm.cpp, line 1382]

Events (10 events):
Event: 2.425 Executing VM operation: ParallelGCFailedAllocation done
Event: 2.480 Thread 0x00007f91ac00b800 Uncommon trap: trap_request=0xffffff65 fr.pc=0x00007f919d7b61e8
Event: 2.480 Thread 0x00007f91ac00b800 DEOPT PACKING pc=0x00007f919d7b61e8 sp=0x00007f91b3d6f2a0
Event: 2.480 Thread 0x00007f91ac00b800 DEOPT UNPACKING pc=0x00007f919d005229 sp=0x00007f91b3d6f278 mode 2
Event: 2.582 Executing VM operation: ParallelGCFailedAllocation
Event: 2.902 Executing VM operation: ParallelGCFailedAllocation done
Event: 3.006 Thread 0x00007f91ac00b800 Uncommon trap: trap_request=0xffffff65 fr.pc=0x00007f919d7e6ea0
Event: 3.006 Thread 0x00007f91ac00b800 DEOPT PACKING pc=0x00007f919d7e6ea0 sp=0x00007f91b3d6f3a0
Event: 3.006 Thread 0x00007f91ac00b800 DEOPT UNPACKING pc=0x00007f919d005229 sp=0x00007f91b3d6f188 mode 2
Event: 3.246 Executing VM operation: ParallelGCFailedAllocation


Dynamic libraries:
00400000-00401000 r-xp 00000000 08:03 1572315                            /opt/java/jdk1.8.0_45/bin/java
00600000-00601000 rw-p 00000000 08:03 1572315                            /opt/java/jdk1.8.0_45/bin/java
02368000-02389000 rw-p 00000000 00:00 0                                  [heap]
c0000000-c2980000 rw-p 00000000 00:00 0 
c2980000-eab00000 ---p 00000000 00:00 0 
eab00000-f4000000 rw-p 00000000 00:00 0 
fbe00000-100000000 ---p 00000000 00:00 0 
100000000-1000e0000 rw-p 00000000 00:00 0 
1000e0000-140000000 ---p 00000000 00:00 0 
7f9160000000-7f9160021000 rw-p 00000000 00:00 0 
7f9160021000-7f9164000000 ---p 00000000 00:00 0 
7f9168000000-7f916877d000 rw-p 00000000 00:00 0 
7f916877d000-7f916c000000 ---p 00000000 00:00 0 
7f916c000000-7f916c021000 rw-p 00000000 00:00 0 
7f916c021000-7f9170000000 ---p 00000000 00:00 0 
7f9170000000-7f91707b3000 rw-p 00000000 00:00 0 
7f91707b3000-7f9174000000 ---p 00000000 00:00 0 
7f9174000000-7f9174b34000 rw-p 00000000 00:00 0 
7f9174b34000-7f9178000000 ---p 00000000 00:00 0 
7f9178000000-7f9178021000 rw-p 00000000 00:00 0 
7f9178021000-7f917c000000 ---p 00000000 00:00 0 
7f917c000000-7f917c021000 rw-p 00000000 00:00 0 
7f917c021000-7f9180000000 ---p 00000000 00:00 0 
7f9180000000-7f918028a000 rw-p 00000000 00:00 0 
7f918028a000-7f9184000000 ---p 00000000 00:00 0 
7f9184000000-7f9184021000 rw-p 00000000 00:00 0 
7f9184021000-7f9188000000 ---p 00000000 00:00 0 
7f9188000000-7f9188021000 rw-p 00000000 00:00 0 
7f9188021000-7f918c000000 ---p 00000000 00:00 0 
7f918c000000-7f918c021000 rw-p 00000000 00:00 0 
7f918c021000-7f9190000000 ---p 00000000 00:00 0 
7f9190000000-7f9190021000 rw-p 00000000 00:00 0 
7f9190021000-7f9194000000 ---p 00000000 00:00 0 
7f9194ae8000-7f9194b04000 r--s 00393000 08:03 1574015                    /opt/java/jdk1.8.0_45/jre/lib/ext/cldrdata.jar
7f9194b04000-7f9194b05000 ---p 00000000 00:00 0 
7f9194b05000-7f9194c05000 rw-p 00000000 00:00 0                          [stack:26869]
7f9194c05000-7f9194c08000 ---p 00000000 00:00 0 
7f9194c08000-7f9194d06000 rw-p 00000000 00:00 0                          [stack:26868]
7f9194d06000-7f9194d09000 ---p 00000000 00:00 0 
7f9194d09000-7f9194e07000 rw-p 00000000 00:00 0                          [stack:26867]
7f9194e07000-7f9194e0a000 ---p 00000000 00:00 0 
7f9194e0a000-7f9194f08000 rw-p 00000000 00:00 0                          [stack:26866]
7f9194f08000-7f9194f0b000 ---p 00000000 00:00 0 
7f9194f0b000-7f9195009000 rw-p 00000000 00:00 0                          [stack:26865]
7f9195009000-7f919500c000 ---p 00000000 00:00 0 
7f919500c000-7f919510a000 rw-p 00000000 00:00 0                          [stack:26864]
7f919510a000-7f91953d3000 r--p 00000000 08:03 266989                     /usr/lib/locale/locale-archive
7f91953d3000-7f91953d6000 ---p 00000000 00:00 0 
7f91953d6000-7f91954d4000 rw-p 00000000 00:00 0                          [stack:26863]
7f91954d4000-7f91954d7000 ---p 00000000 00:00 0 
7f91954d7000-7f91955d5000 rw-p 00000000 00:00 0                          [stack:26862]
7f91955d5000-7f91955d6000 ---p 00000000 00:00 0 
7f91955d6000-7f9198000000 rw-p 00000000 00:00 0                          [stack:26861]
7f9198000000-7f9198021000 rw-p 00000000 00:00 0 
7f9198021000-7f919c000000 ---p 00000000 00:00 0 
7f919c000000-7f919c627000 rw-p 00000000 00:00 0 
7f919c627000-7f919c800000 r--s 03d09000 08:03 1573810                    /opt/java/jdk1.8.0_45/jre/lib/rt.jar
7f919c800000-7f919cf40000 rw-p 00000000 00:00 0 
7f919cf40000-7f919d000000 ---p 00000000 00:00 0 
7f919d000000-7f919d890000 rwxp 00000000 00:00 0 
7f919d890000-7f91ac000000 ---p 00000000 00:00 0 
7f91ac000000-7f91ac3e0000 rw-p 00000000 00:00 0 
7f91ac3e0000-7f91b0000000 ---p 00000000 00:00 0 
7f91b0002000-7f91b000d000 r--s 00116000 08:03 1574017                    /opt/java/jdk1.8.0_45/jre/lib/ext/localedata.jar
7f91b000d000-7f91b001c000 r--s 000dd000 00:1a 9438599                    /home/mike/Android/Sdk/build-tools/22.0.1/lib/dx.jar
7f91b001c000-7f91b02f5000 rw-p 00000000 00:00 0 
7f91b02f5000-7f91b02f6000 ---p 00000000 00:00 0 
7f91b02f6000-7f91b03f6000 rw-p 00000000 00:00 0                          [stack:26860]
7f91b03f6000-7f91b03f7000 ---p 00000000 00:00 0 
7f91b03f7000-7f91b04f7000 rw-p 00000000 00:00 0                          [stack:26859]
7f91b04f7000-7f91b04f8000 ---p 00000000 00:00 0 
7f91b04f8000-7f91b05f8000 rw-p 00000000 00:00 0                          [stack:26858]
7f91b05f8000-7f91b05f9000 ---p 00000000 00:00 0 
7f91b05f9000-7f91b070e000 rw-p 00000000 00:00 0                          [stack:26857]
7f91b070e000-7f91b084f000 ---p 00000000 00:00 0 
7f91b084f000-7f91b0864000 rw-p 00000000 00:00 0 
7f91b0864000-7f91b09a4000 ---p 00000000 00:00 0 
7f91b09a4000-7f91b09ef000 rw-p 00000000 00:00 0 
7f91b09ef000-7f91b0a4f000 ---p 00000000 00:00 0 
7f91b0a4f000-7f91b0a73000 rw-p 00000000 00:00 0 
7f91b0a73000-7f91b0e10000 ---p 00000000 00:00 0 
7f91b0e10000-7f91b0e2a000 r-xp 00000000 08:03 1574049                    /opt/java/jdk1.8.0_45/jre/lib/amd64/libzip.so
7f91b0e2a000-7f91b102a000 ---p 0001a000 08:03 1574049                    /opt/java/jdk1.8.0_45/jre/lib/amd64/libzip.so
7f91b102a000-7f91b102b000 rw-p 0001a000 08:03 1574049                    /opt/java/jdk1.8.0_45/jre/lib/amd64/libzip.so
7f91b102b000-7f91b1036000 r-xp 00000000 08:03 131807                     /lib/x86_64-linux-gnu/libnss_files-2.19.so
7f91b1036000-7f91b1235000 ---p 0000b000 08:03 131807                     /lib/x86_64-linux-gnu/libnss_files-2.19.so
7f91b1235000-7f91b1236000 r--p 0000a000 08:03 131807                     /lib/x86_64-linux-gnu/libnss_files-2.19.so
7f91b1236000-7f91b1237000 rw-p 0000b000 08:03 131807                     /lib/x86_64-linux-gnu/libnss_files-2.19.so
7f91b1237000-7f91b1242000 r-xp 00000000 08:03 131871                     /lib/x86_64-linux-gnu/libnss_nis-2.19.so
7f91b1242000-7f91b1441000 ---p 0000b000 08:03 131871                     /lib/x86_64-linux-gnu/libnss_nis-2.19.so
7f91b1441000-7f91b1442000 r--p 0000a000 08:03 131871                     /lib/x86_64-linux-gnu/libnss_nis-2.19.so
7f91b1442000-7f91b1443000 rw-p 0000b000 08:03 131871                     /lib/x86_64-linux-gnu/libnss_nis-2.19.so
7f91b1443000-7f91b145a000 r-xp 00000000 08:03 131829                     /lib/x86_64-linux-gnu/libnsl-2.19.so
7f91b145a000-7f91b1659000 ---p 00017000 08:03 131829                     /lib/x86_64-linux-gnu/libnsl-2.19.so
7f91b1659000-7f91b165a000 r--p 00016000 08:03 131829                     /lib/x86_64-linux-gnu/libnsl-2.19.so
7f91b165a000-7f91b165b000 rw-p 00017000 08:03 131829                     /lib/x86_64-linux-gnu/libnsl-2.19.so
7f91b165b000-7f91b165d000 rw-p 00000000 00:00 0 
7f91b165d000-7f91b1666000 r-xp 00000000 08:03 131828                     /lib/x86_64-linux-gnu/libnss_compat-2.19.so
7f91b1666000-7f91b1865000 ---p 00009000 08:03 131828                     /lib/x86_64-linux-gnu/libnss_compat-2.19.so
7f91b1865000-7f91b1866000 r--p 00008000 08:03 131828                     /lib/x86_64-linux-gnu/libnss_compat-2.19.so
7f91b1866000-7f91b1867000 rw-p 00009000 08:03 131828                     /lib/x86_64-linux-gnu/libnss_compat-2.19.so
7f91b1867000-7f91b1891000 r-xp 00000000 08:03 1574040                    /opt/java/jdk1.8.0_45/jre/lib/amd64/libjava.so
7f91b1891000-7f91b1a91000 ---p 0002a000 08:03 1574040                    /opt/java/jdk1.8.0_45/jre/lib/amd64/libjava.so
7f91b1a91000-7f91b1a93000 rw-p 0002a000 08:03 1574040                    /opt/java/jdk1.8.0_45/jre/lib/amd64/libjava.so
7f91b1a93000-7f91b1aa0000 r-xp 00000000 08:03 1574047                    /opt/java/jdk1.8.0_45/jre/lib/amd64/libverify.so
7f91b1aa0000-7f91b1ca0000 ---p 0000d000 08:03 1574047                    /opt/java/jdk1.8.0_45/jre/lib/amd64/libverify.so
7f91b1ca0000-7f91b1ca2000 rw-p 0000d000 08:03 1574047                    /opt/java/jdk1.8.0_45/jre/lib/amd64/libverify.so
7f91b1ca2000-7f91b1ca9000 r-xp 00000000 08:03 131868                     /lib/x86_64-linux-gnu/librt-2.19.so
7f91b1ca9000-7f91b1ea8000 ---p 00007000 08:03 131868                     /lib/x86_64-linux-gnu/librt-2.19.so
7f91b1ea8000-7f91b1ea9000 r--p 00006000 08:03 131868                     /lib/x86_64-linux-gnu/librt-2.19.so
7f91b1ea9000-7f91b1eaa000 rw-p 00007000 08:03 131868                     /lib/x86_64-linux-gnu/librt-2.19.so
7f91b1eaa000-7f91b1faf000 r-xp 00000000 08:03 131806                     /lib/x86_64-linux-gnu/libm-2.19.so
7f91b1faf000-7f91b21ae000 ---p 00105000 08:03 131806                     /lib/x86_64-linux-gnu/libm-2.19.so
7f91b21ae000-7f91b21af000 r--p 00104000 08:03 131806                     /lib/x86_64-linux-gnu/libm-2.19.so
7f91b21af000-7f91b21b0000 rw-p 00105000 08:03 131806                     /lib/x86_64-linux-gnu/libm-2.19.so
7f91b21b0000-7f91b2e5e000 r-xp 00000000 08:03 1574060                    /opt/java/jdk1.8.0_45/jre/lib/amd64/server/libjvm.so
7f91b2e5e000-7f91b305d000 ---p 00cae000 08:03 1574060                    /opt/java/jdk1.8.0_45/jre/lib/amd64/server/libjvm.so
7f91b305d000-7f91b3134000 rw-p 00cad000 08:03 1574060                    /opt/java/jdk1.8.0_45/jre/lib/amd64/server/libjvm.so
7f91b3134000-7f91b3178000 rw-p 00000000 00:00 0 
7f91b3178000-7f91b3333000 r-xp 00000000 08:03 131857                     /lib/x86_64-linux-gnu/libc-2.19.so
7f91b3333000-7f91b3532000 ---p 001bb000 08:03 131857                     /lib/x86_64-linux-gnu/libc-2.19.so
7f91b3532000-7f91b3536000 r--p 001ba000 08:03 131857                     /lib/x86_64-linux-gnu/libc-2.19.so
7f91b3536000-7f91b3538000 rw-p 001be000 08:03 131857                     /lib/x86_64-linux-gnu/libc-2.19.so
7f91b3538000-7f91b353d000 rw-p 00000000 00:00 0 
7f91b353d000-7f91b3540000 r-xp 00000000 08:03 131810                     /lib/x86_64-linux-gnu/libdl-2.19.so
7f91b3540000-7f91b373f000 ---p 00003000 08:03 131810                     /lib/x86_64-linux-gnu/libdl-2.19.so
7f91b373f000-7f91b3740000 r--p 00002000 08:03 131810                     /lib/x86_64-linux-gnu/libdl-2.19.so
7f91b3740000-7f91b3741000 rw-p 00003000 08:03 131810                     /lib/x86_64-linux-gnu/libdl-2.19.so
7f91b3741000-7f91b3756000 r-xp 00000000 08:03 1573749                    /opt/java/jdk1.8.0_45/lib/amd64/jli/libjli.so
7f91b3756000-7f91b3956000 ---p 00015000 08:03 1573749                    /opt/java/jdk1.8.0_45/lib/amd64/jli/libjli.so
7f91b3956000-7f91b3957000 rw-p 00015000 08:03 1573749                    /opt/java/jdk1.8.0_45/lib/amd64/jli/libjli.so
7f91b3957000-7f91b3970000 r-xp 00000000 08:03 131858                     /lib/x86_64-linux-gnu/libpthread-2.19.so
7f91b3970000-7f91b3b6f000 ---p 00019000 08:03 131858                     /lib/x86_64-linux-gnu/libpthread-2.19.so
7f91b3b6f000-7f91b3b70000 r--p 00018000 08:03 131858                     /lib/x86_64-linux-gnu/libpthread-2.19.so
7f91b3b70000-7f91b3b71000 rw-p 00019000 08:03 131858                     /lib/x86_64-linux-gnu/libpthread-2.19.so
7f91b3b71000-7f91b3b75000 rw-p 00000000 00:00 0 
7f91b3b75000-7f91b3b98000 r-xp 00000000 08:03 131833                     /lib/x86_64-linux-gnu/ld-2.19.so
7f91b3b99000-7f91b3b9e000 r--s 00094000 08:03 1573828                    /opt/java/jdk1.8.0_45/jre/lib/jsse.jar
7f91b3b9e000-7f91b3c70000 rw-p 00000000 00:00 0 
7f91b3c70000-7f91b3c73000 ---p 00000000 00:00 0 
7f91b3c73000-7f91b3d76000 rw-p 00000000 00:00 0                          [stack:26856]
7f91b3d76000-7f91b3d77000 r--p 00000000 08:03 672594                     /usr/share/locale-langpack/en_GB/LC_MESSAGES/libc.mo
7f91b3d77000-7f91b3d8b000 rw-p 00000000 00:00 0 
7f91b3d8b000-7f91b3d93000 rw-s 00000000 08:03 1574161                    /tmp/hsperfdata_mike/26851
7f91b3d93000-7f91b3d94000 rw-p 00000000 00:00 0 
7f91b3d94000-7f91b3d95000 ---p 00000000 00:00 0 
7f91b3d95000-7f91b3d97000 rw-p 00000000 00:00 0 
7f91b3d97000-7f91b3d98000 r--p 00022000 08:03 131833                     /lib/x86_64-linux-gnu/ld-2.19.so
7f91b3d98000-7f91b3d99000 rw-p 00023000 08:03 131833                     /lib/x86_64-linux-gnu/ld-2.19.so
7f91b3d99000-7f91b3d9a000 rw-p 00000000 00:00 0 
7ffff24de000-7ffff2500000 rw-p 00000000 00:00 0                          [stack]
7ffff25a7000-7ffff25a9000 r-xp 00000000 00:00 0                          [vdso]
ffffffffff600000-ffffffffff601000 r-xp 00000000 00:00 0                  [vsyscall]

VM Arguments:
jvm_args: -Xmx1024M -Dfile.encoding=UTF-8 -Duser.country=GB -Duser.language=en -Duser.variant 
java_command: com.android.dx.command.Main --dex --output /home/mike/AndroidStudioProjects/Wordist/app/build/intermediates/dex/debug /home/mike/AndroidStudioProjects/Wordist/app/build/intermediates/classes/debug /home/mike/AndroidStudioProjects/Wordist/app/build/intermediates/pre-dexed/debug/support-annotations-22.2.0-bfa71d602cc0e11fce5350ed544c9f5e4d4a05e4.jar /home/mike/AndroidStudioProjects/Wordist/app/build/intermediates/pre-dexed/debug/classes-e01224f4b848d2f70fe036e6ffd03fad8e49b557.jar /home/mike/AndroidStudioProjects/Wordist/app/build/intermediates/pre-dexed/debug/classes-2ab3d19bd8375c4756f92f9df195e4252f17cf71.jar /home/mike/AndroidStudioProjects/Wordist/app/build/intermediates/pre-dexed/debug/classes-674e81071699e5047dc949309e33eaff0b6cf792.jar /home/mike/AndroidStudioProjects/Wordist/app/build/intermediates/pre-dexed/debug/internal_impl-22.0.0-badf73acff408b2f94e3947ab7ebff932b700965.jar /home/mike/AndroidStudioProjects/Wordist/app/build/intermediates/pre-dexed/debug/classes-b97a6c1cf7fbeb04f196fcf80c57d4257edcc6dd.jar /home/mike/AndroidStudioProjects/Wordist/app/build/intermediates/pre-dexed/debug/classes-d24eb526a194db96263c3f6685649fd0fe6c44d5.jar /home/mike/AndroidStudioProjects/Wordist/app/build/intermediates/pre-dexed/debug/classes-7a28f4ba4fb32a581ec7923ddf90ef95697adfea.jar /home/mike/AndroidStudioProjects/Wordist/app/build/intermediates/pre-dexed/debug/classes-2fffb6f7a97d395100aaf3eefa7e7444903a76be.jar /home/mike/AndroidStudioProjects/Wordist/app/build/intermediates/pre-dexed/debug/classes-cc0797b316f66372a2b35e75e646f3b4068a1b62.jar /home/mike/AndroidStudioProjects/Wordist/app/build/intermediates/pre-dexed/debug/classes-ba694547ab3fc3fe5bc8d34ae51866c6cab4beda.jar /home/mike/AndroidStudioProjects/Wordist/app/build/intermediates/pre-dexed/debug/classes-137b98b536e4a331a4b67052cd2264e1af3633e9.jar /home/mike/AndroidStudioProjects/Wordist/app/build/intermediates/pre-dexed/debug/classes-d59b62fbaf9b5683c1ab50b0492d3f2097297188.jar /home/mike/An
java_class_path (initial): /home/mike/Android/Sdk/build-tools/22.0.1/lib/dx.jar
Launcher Type: SUN_STANDARD

Environment Variables:
PATH=/usr/local/sbin:/usr/local/bin:/usr/sbin:/usr/bin:/sbin:/bin:/usr/games:/usr/local/games
USERNAME=mike
LD_LIBRARY_PATH=/opt/android-studio/bin:
SHELL=/bin/bash
DISPLAY=:0

Signal Handlers:
SIGSEGV: [libjvm.so+0xaad1e0], sa_mask[0]=11111111011111111101111111111110, sa_flags=SA_RESTART|SA_SIGINFO
SIGBUS: [libjvm.so+0xaad1e0], sa_mask[0]=11111111011111111101111111111110, sa_flags=SA_RESTART|SA_SIGINFO
SIGFPE: [libjvm.so+0x90b450], sa_mask[0]=11111111011111111101111111111110, sa_flags=SA_RESTART|SA_SIGINFO
SIGPIPE: [libjvm.so+0x90b450], sa_mask[0]=11111111011111111101111111111110, sa_flags=SA_RESTART|SA_SIGINFO
SIGXFSZ: [libjvm.so+0x90b450], sa_mask[0]=11111111011111111101111111111110, sa_flags=SA_RESTART|SA_SIGINFO
SIGILL: [libjvm.so+0x90b450], sa_mask[0]=11111111011111111101111111111110, sa_flags=SA_RESTART|SA_SIGINFO
SIGUSR1: SIG_DFL, sa_mask[0]=00000000000000000000000000000000, sa_flags=none
SIGUSR2: [libjvm.so+0x90ca90], sa_mask[0]=00100000000000000000000000000000, sa_flags=SA_RESTART|SA_SIGINFO
SIGHUP: [libjvm.so+0x90dde0], sa_mask[0]=11111111011111111101111111111110, sa_flags=SA_RESTART|SA_SIGINFO
SIGINT: [libjvm.so+0x90dde0], sa_mask[0]=11111111011111111101111111111110, sa_flags=SA_RESTART|SA_SIGINFO
SIGTERM: [libjvm.so+0x90dde0], sa_mask[0]=11111111011111111101111111111110, sa_flags=SA_RESTART|SA_SIGINFO
SIGQUIT: [libjvm.so+0x90dde0], sa_mask[0]=11111111011111111101111111111110, sa_flags=SA_RESTART|SA_SIGINFO


---------------  S Y S T E M  ---------------

OS:DISTRIB_ID=LinuxMint
DISTRIB_RELEASE=17.2
DISTRIB_CODENAME=rafaela
DISTRIB_DESCRIPTION="Linux Mint 17.2 Rafaela"

uname:Linux 3.13.0-37-generic #64-Ubuntu SMP Mon Sep 22 21:28:38 UTC 2014 x86_64
libc:glibc 2.19 NPTL 2.19 
rlimit: STACK 8192k, CORE 0k, NPROC 30882, NOFILE 4096, AS infinity
load average:1.44 0.78 0.86

/proc/meminfo:
MemTotal:        4048044 kB
MemFree:          126976 kB
Buffers:            1996 kB
Cached:            94856 kB
SwapCached:            0 kB
Active:          3361936 kB
Inactive:          52120 kB
Active(anon):    3318400 kB
Inactive(anon):    16092 kB
Active(file):      43536 kB
Inactive(file):    36028 kB
Unevictable:          72 kB
Mlocked:              72 kB
SwapTotal:             0 kB
SwapFree:              0 kB
Dirty:               156 kB
Writeback:             0 kB
AnonPages:       3317108 kB
Mapped:           238712 kB
Shmem:             17872 kB
Slab:              67888 kB
SReclaimable:      24672 kB
SUnreclaim:        43216 kB
KernelStack:        4248 kB
PageTables:        30980 kB
NFS_Unstable:          0 kB
Bounce:                0 kB
WritebackTmp:          0 kB
CommitLimit:     2024020 kB
Committed_AS:    4852752 kB
VmallocTotal:   34359738367 kB
VmallocUsed:      305680 kB
VmallocChunk:   34359429372 kB
HardwareCorrupted:     0 kB
AnonHugePages:   2244608 kB
HugePages_Total:       0
HugePages_Free:        0
HugePages_Rsvd:        0
HugePages_Surp:        0
Hugepagesize:       2048 kB
DirectMap4k:      280128 kB
DirectMap2M:     3913728 kB
DirectMap1G:           0 kB


CPU:total 4 (4 cores per cpu, 1 threads per core) family 16 model 4 stepping 2, cmov, cx8, fxsr, mmx, sse, sse2, sse3, popcnt, mmxext, 3dnowpref, lzcnt, sse4a, tsc, tscinvbit, tscinv

/proc/cpuinfo:
processor	: 0
vendor_id	: AuthenticAMD
cpu family	: 16
model		: 4
model name	: AMD Phenom(tm) II X4 955 Processor
stepping	: 2
microcode	: 0x1000086
cpu MHz		: 3200.000
cache size	: 512 KB
physical id	: 0
siblings	: 4
core id		: 0
cpu cores	: 4
apicid		: 0
initial apicid	: 0
fpu		: yes
fpu_exception	: yes
cpuid level	: 5
wp		: yes
flags		: fpu vme de pse tsc msr pae mce cx8 apic sep mtrr pge mca cmov pat pse36 clflush mmx fxsr sse sse2 ht syscall nx mmxext fxsr_opt pdpe1gb rdtscp lm 3dnowext 3dnow constant_tsc rep_good nopl nonstop_tsc extd_apicid pni monitor cx16 popcnt lahf_lm cmp_legacy svm extapic cr8_legacy abm sse4a misalignsse 3dnowprefetch osvw ibs skinit wdt hw_pstate npt lbrv svm_lock nrip_save
bogomips	: 6399.67
TLB size	: 1024 4K pages
clflush size	: 64
cache_alignment	: 64
address sizes	: 48 bits physical, 48 bits virtual
power management: ts ttp tm stc 100mhzsteps hwpstate

processor	: 1
vendor_id	: AuthenticAMD
cpu family	: 16
model		: 4
model name	: AMD Phenom(tm) II X4 955 Processor
stepping	: 2
microcode	: 0x1000086
cpu MHz		: 800.000
cache size	: 512 KB
physical id	: 0
siblings	: 4
core id		: 1
cpu cores	: 4
apicid		: 1
initial apicid	: 1
fpu		: yes
fpu_exception	: yes
cpuid level	: 5
wp		: yes
flags		: fpu vme de pse tsc msr pae mce cx8 apic sep mtrr pge mca cmov pat pse36 clflush mmx fxsr sse sse2 ht syscall nx mmxext fxsr_opt pdpe1gb rdtscp lm 3dnowext 3dnow constant_tsc rep_good nopl nonstop_tsc extd_apicid pni monitor cx16 popcnt lahf_lm cmp_legacy svm extapic cr8_legacy abm sse4a misalignsse 3dnowprefetch osvw ibs skinit wdt hw_pstate npt lbrv svm_lock nrip_save
bogomips	: 6399.67
TLB size	: 1024 4K pages
clflush size	: 64
cache_alignment	: 64
address sizes	: 48 bits physical, 48 bits virtual
power management: ts ttp tm stc 100mhzsteps hwpstate

processor	: 2
vendor_id	: AuthenticAMD
cpu family	: 16
model		: 4
model name	: AMD Phenom(tm) II X4 955 Processor
stepping	: 2
microcode	: 0x1000086
cpu MHz		: 2100.000
cache size	: 512 KB
physical id	: 0
siblings	: 4
core id		: 2
cpu cores	: 4
apicid		: 2
initial apicid	: 2
fpu		: yes
fpu_exception	: yes
cpuid level	: 5
wp		: yes
flags		: fpu vme de pse tsc msr pae mce cx8 apic sep mtrr pge mca cmov pat pse36 clflush mmx fxsr sse sse2 ht syscall nx mmxext fxsr_opt pdpe1gb rdtscp lm 3dnowext 3dnow constant_tsc rep_good nopl nonstop_tsc extd_apicid pni monitor cx16 popcnt lahf_lm cmp_legacy svm extapic cr8_legacy abm sse4a misalignsse 3dnowprefetch osvw ibs skinit wdt hw_pstate npt lbrv svm_lock nrip_save
bogomips	: 6399.67
TLB size	: 1024 4K pages
clflush size	: 64
cache_alignment	: 64
address sizes	: 48 bits physical, 48 bits virtual
power management: ts ttp tm stc 100mhzsteps hwpstate

processor	: 3
vendor_id	: AuthenticAMD
cpu family	: 16
model		: 4
model name	: AMD Phenom(tm) II X4 955 Processor
stepping	: 2
microcode	: 0x1000086
cpu MHz		: 800.000
cache size	: 512 KB
physical id	: 0
siblings	: 4
core id		: 3
cpu cores	: 4
apicid		: 3
initial apicid	: 3
fpu		: yes
fpu_exception	: yes
cpuid level	: 5
wp		: yes
flags		: fpu vme de pse tsc msr pae mce cx8 apic sep mtrr pge mca cmov pat pse36 clflush mmx fxsr sse sse2 ht syscall nx mmxext fxsr_opt pdpe1gb rdtscp lm 3dnowext 3dnow constant_tsc rep_good nopl nonstop_tsc extd_apicid pni monitor cx16 popcnt lahf_lm cmp_legacy svm extapic cr8_legacy abm sse4a misalignsse 3dnowprefetch osvw ibs skinit wdt hw_pstate npt lbrv svm_lock nrip_save
bogomips	: 6399.67
TLB size	: 1024 4K pages
clflush size	: 64
cache_alignment	: 64
address sizes	: 48 bits physical, 48 bits virtual
power management: ts ttp tm stc 100mhzsteps hwpstate



Memory: 4k page, physical 4048044k(126976k free), swap 0k(0k free)

vm_info: Java HotSpot(TM) 64-Bit Server VM (25.45-b02) for linux-amd64 JRE (1.8.0_45-b14), built on Apr 10 2015 10:07:45 by "java_re" with gcc 4.3.0 20080428 (Red Hat 4.3.0-8)

time: Sun Jul 19 22:25:06 2015
elapsed time: 3 seconds (0d 0h 0m 3s)

