#
# There is insufficient memory for the Java Runtime Environment to continue.
# Native memory allocation (mmap) failed to map 87031808 bytes for committing reserved memory.
# Possible reasons:
#   The system is out of physical RAM or swap space
#   In 32 bit mode, the process size limit was hit
# Possible solutions:
#   Reduce memory load on the system
#   Increase physical memory or swap space
#   Check if swap backing store is full
#   Use 64 bit Java on a 64 bit OS
#   Decrease Java heap size (-Xmx/-Xms)
#   Decrease number of Java threads
#   Decrease Java thread stack sizes (-Xss)
#   Set larger code cache with -XX:ReservedCodeCacheSize=
# This output file may be truncated or incomplete.
#
#  Out of Memory Error (os_linux.cpp:2673), pid=24610, tid=140573369415424
#
# JRE version: Java(TM) SE Runtime Environment (8.0_45-b14) (build 1.8.0_45-b14)
# Java VM: Java HotSpot(TM) 64-Bit Server VM (25.45-b02 mixed mode linux-amd64 compressed oops)
# Failed to write core dump. Core dumps have been disabled. To enable core dumping, try "ulimit -c unlimited" before starting Java again
#

---------------  T H R E A D  ---------------

Current thread (0x00007fd9e0077800):  VMThread [stack: 0x00007fd9c9afb000,0x00007fd9c9bfc000] [id=24637]

Stack: [0x00007fd9c9afb000,0x00007fd9c9bfc000],  sp=0x00007fd9c9bf9fe0,  free space=1019k
Native frames: (J=compiled Java code, j=interpreted, Vv=VM code, C=native code)
V  [libjvm.so+0xaac99a]  VMError::report_and_die()+0x2ba
V  [libjvm.so+0x4f333b]  report_vm_out_of_memory(char const*, int, unsigned long, VMErrorType, char const*)+0x8b
V  [libjvm.so+0x90e7c3]  os::Linux::commit_memory_impl(char*, unsigned long, bool)+0x103
V  [libjvm.so+0x90ed19]  os::pd_commit_memory(char*, unsigned long, unsigned long, bool)+0x29
V  [libjvm.so+0x90867a]  os::commit_memory(char*, unsigned long, unsigned long, bool)+0x2a
V  [libjvm.so+0x97bac3]  PSVirtualSpace::expand_by(unsigned long)+0x53
V  [libjvm.so+0x97cec8]  PSYoungGen::resize_generation(unsigned long, unsigned long)+0xf8
V  [libjvm.so+0x97c022]  PSYoungGen::resize(unsigned long, unsigned long)+0x22
V  [libjvm.so+0x9792fb]  PSScavenge::invoke_no_policy()+0xf7b
V  [libjvm.so+0x979a81]  PSScavenge::invoke()+0x41
V  [libjvm.so+0x932050]  ParallelScavengeHeap::failed_mem_allocate(unsigned long)+0x70
V  [libjvm.so+0xaae1d7]  VM_ParallelGCFailedAllocation::doit()+0x97
V  [libjvm.so+0xab59c5]  VM_Operation::evaluate()+0x55
V  [libjvm.so+0xab3d9a]  VMThread::evaluate_operation(VM_Operation*)+0xba
V  [libjvm.so+0xab411e]  VMThread::loop()+0x1ce
V  [libjvm.so+0xab4590]  VMThread::run()+0x70
V  [libjvm.so+0x910de8]  java_start(Thread*)+0x108

VM_Operation (0x00007fd9e8355890): ParallelGCFailedAllocation, mode: safepoint, requested by thread 0x00007fd9e000a000


---------------  P R O C E S S  ---------------

Java Threads: ( => current thread )
  0x00007fd9e00c2000 JavaThread "Service Thread" daemon [_thread_blocked, id=24669, stack(0x00007fd9c912b000,0x00007fd9c922c000)]
  0x00007fd9e00bd000 JavaThread "C1 CompilerThread2" daemon [_thread_blocked, id=24660, stack(0x00007fd9c922c000,0x00007fd9c932d000)]
  0x00007fd9e00bb800 JavaThread "C2 CompilerThread1" daemon [_thread_blocked, id=24659, stack(0x00007fd9c932d000,0x00007fd9c942e000)]
  0x00007fd9e00b8800 JavaThread "C2 CompilerThread0" daemon [_thread_blocked, id=24658, stack(0x00007fd9c942e000,0x00007fd9c952f000)]
  0x00007fd9e00b7000 JavaThread "Signal Dispatcher" daemon [_thread_blocked, id=24656, stack(0x00007fd9c952f000,0x00007fd9c9630000)]
  0x00007fd9e007f000 JavaThread "Finalizer" daemon [_thread_blocked, id=24646, stack(0x00007fd9c98f9000,0x00007fd9c99fa000)]
  0x00007fd9e007c800 JavaThread "Reference Handler" daemon [_thread_blocked, id=24644, stack(0x00007fd9c99fa000,0x00007fd9c9afb000)]
  0x00007fd9e000a000 JavaThread "main" [_thread_blocked, id=24612, stack(0x00007fd9e8257000,0x00007fd9e8358000)]

Other Threads:
=>0x00007fd9e0077800 VMThread [stack: 0x00007fd9c9afb000,0x00007fd9c9bfc000] [id=24637]
  0x00007fd9e00c4800 WatcherThread [stack: 0x00007fd9c902a000,0x00007fd9c912b000] [id=24670]

VM state:at safepoint (normal execution)

VM Mutex/Monitor currently owned by a thread:  ([mutex/lock_event])
[0x00007fd9e0006330] Threads_lock - owner thread: 0x00007fd9e0077800
[0x00007fd9e0006830] Heap_lock - owner thread: 0x00007fd9e000a000

Heap:
 PSYoungGen      total 137728K, used 16885K [0x00000000eab00000, 0x00000000f4600000, 0x0000000100000000)
  eden space 120832K, 0% used [0x00000000eab00000,0x00000000eab00000,0x00000000f2100000)
  from space 16896K, 99% used [0x00000000f2100000,0x00000000f317d6f8,0x00000000f3180000)
  to   space 12800K, 0% used [0x00000000f3180000,0x00000000f3180000,0x00000000f3e00000)
 ParOldGen       total 42496K, used 40766K [0x00000000c0000000, 0x00000000c2980000, 0x00000000eab00000)
  object space 42496K, 95% used [0x00000000c0000000,0x00000000c27cfa30,0x00000000c2980000)
 Metaspace       used 5945K, capacity 7152K, committed 7296K, reserved 1056768K
  class space    used 552K, capacity 616K, committed 640K, reserved 1048576K

Card table byte_map: [0x00007fd9e4e36000,0x00007fd9e5037000] byte_map_base: 0x00007fd9e4836000

Marking Bits: (ParMarkBitMap*) 0x00007fd9e7734760
 Begin Bits: [0x00007fd9ca000000, 0x00007fd9cb000000)
 End Bits:   [0x00007fd9cb000000, 0x00007fd9cc000000)

Polling page: 0x00007fd9e837b000

CodeCache: size=245760Kb used=8448Kb max_used=8448Kb free=237311Kb
 bounds [0x00007fd9d1000000, 0x00007fd9d1850000, 0x00007fd9e0000000]
 total_blobs=2220 nmethods=1956 adapters=178
 compilation: enabled

Compilation events (10 events):
Event: 6.989 Thread 0x00007fd9e00bd000 2050       3       com.android.dx.cf.direct.StdAttributeFactory::lineNumberTable (204 bytes)
Event: 6.991 Thread 0x00007fd9e00bd000 nmethod 2050 0x00007fd9d183cb50 code [0x00007fd9d183d000, 0x00007fd9d183fcf8]
Event: 7.024 Thread 0x00007fd9e00bd000 2051       2       com.android.dx.ssa.DeadCodeRemover$NoSideEffectVisitor::visitMoveInsn (22 bytes)
Event: 7.025 Thread 0x00007fd9e00bd000 nmethod 2051 0x00007fd9d17f8a10 code [0x00007fd9d17f8b80, 0x00007fd9d17f8d58]
Event: 7.040 Thread 0x00007fd9e00bd000 2052 %     3       com.android.dx.ssa.back.FirstFitLocalCombiningAllocator::handleLocalAssociatedParams @ 48 (132 bytes)
Event: 7.042 Thread 0x00007fd9e00bd000 nmethod 2052% 0x00007fd9d1842210 code [0x00007fd9d18424a0, 0x00007fd9d1843568]
Event: 7.042 Thread 0x00007fd9e00bd000 2053       3       com.android.dx.ssa.back.FirstFitLocalCombiningAllocator::handleLocalAssociatedParams (132 bytes)
Event: 7.042 Thread 0x00007fd9e00bd000 nmethod 2053 0x00007fd9d181c4d0 code [0x00007fd9d181c760, 0x00007fd9d181d6c8]
Event: 7.045 Thread 0x00007fd9e00bd000 2054       2       com.android.dx.rop.code.Rops::opConv (231 bytes)
Event: 7.047 Thread 0x00007fd9e00bd000 nmethod 2054 0x00007fd9d1843ed0 code [0x00007fd9d1844160, 0x00007fd9d1844cf8]

GC Heap History (10 events):
Event: 2.948 GC heap after
Heap after GC invocations=4 (full 0):
 PSYoungGen      total 34304K, used 2560K [0x00000000eab00000, 0x00000000ecf00000, 0x0000000100000000)
  eden space 31744K, 0% used [0x00000000eab00000,0x00000000eab00000,0x00000000eca00000)
  from space 2560K, 100% used [0x00000000ecc80000,0x00000000ecf00000,0x00000000ecf00000)
  to   space 2560K, 0% used [0x00000000eca00000,0x00000000eca00000,0x00000000ecc80000)
 ParOldGen       total 42496K, used 8905K [0x00000000c0000000, 0x00000000c2980000, 0x00000000eab00000)
  object space 42496K, 20% used [0x00000000c0000000,0x00000000c08b2518,0x00000000c2980000)
 Metaspace       used 5809K, capacity 7024K, committed 7296K, reserved 1056768K
  class space    used 551K, capacity 616K, committed 640K, reserved 1048576K
}
Event: 3.655 GC heap before
{Heap before GC invocations=5 (full 0):
 PSYoungGen      total 34304K, used 34304K [0x00000000eab00000, 0x00000000ecf00000, 0x0000000100000000)
  eden space 31744K, 100% used [0x00000000eab00000,0x00000000eca00000,0x00000000eca00000)
  from space 2560K, 100% used [0x00000000ecc80000,0x00000000ecf00000,0x00000000ecf00000)
  to   space 2560K, 0% used [0x00000000eca00000,0x00000000eca00000,0x00000000ecc80000)
 ParOldGen       total 42496K, used 8905K [0x00000000c0000000, 0x00000000c2980000, 0x00000000eab00000)
  object space 42496K, 20% used [0x00000000c0000000,0x00000000c08b2518,0x00000000c2980000)
 Metaspace       used 5834K, capacity 7088K, committed 7296K, reserved 1056768K
  class space    used 551K, capacity 616K, committed 640K, reserved 1048576K
Event: 3.682 GC heap after
Heap after GC invocations=5 (full 0):
 PSYoungGen      total 34304K, used 2544K [0x00000000eab00000, 0x00000000ef600000, 0x0000000100000000)
  eden space 31744K, 0% used [0x00000000eab00000,0x00000000eab00000,0x00000000eca00000)
  from space 2560K, 99% used [0x00000000eca00000,0x00000000ecc7c3d8,0x00000000ecc80000)
  to   space 6656K, 0% used [0x00000000eef80000,0x00000000eef80000,0x00000000ef600000)
 ParOldGen       total 42496K, used 12532K [0x00000000c0000000, 0x00000000c2980000, 0x00000000eab00000)
  object space 42496K, 29% used [0x00000000c0000000,0x00000000c0c3d080,0x00000000c2980000)
 Metaspace       used 5834K, capacity 7088K, committed 7296K, reserved 1056768K
  class space    used 551K, capacity 616K, committed 640K, reserved 1048576K
}
Event: 4.224 GC heap before
{Heap before GC invocations=6 (full 0):
 PSYoungGen      total 34304K, used 34288K [0x00000000eab00000, 0x00000000ef600000, 0x0000000100000000)
  eden space 31744K, 100% used [0x00000000eab00000,0x00000000eca00000,0x00000000eca00000)
  from space 2560K, 99% used [0x00000000eca00000,0x00000000ecc7c3d8,0x00000000ecc80000)
  to   space 6656K, 0% used [0x00000000eef80000,0x00000000eef80000,0x00000000ef600000)
 ParOldGen       total 42496K, used 12532K [0x00000000c0000000, 0x00000000c2980000, 0x00000000eab00000)
  object space 42496K, 29% used [0x00000000c0000000,0x00000000c0c3d080,0x00000000c2980000)
 Metaspace       used 5857K, capacity 7088K, committed 7296K, reserved 1056768K
  class space    used 551K, capacity 616K, committed 640K, reserved 1048576K
Event: 4.334 GC heap after
Heap after GC invocations=6 (full 0):
 PSYoungGen      total 69120K, used 6645K [0x00000000eab00000, 0x00000000ef800000, 0x0000000100000000)
  eden space 62464K, 0% used [0x00000000eab00000,0x00000000eab00000,0x00000000ee800000)
  from space 6656K, 99% used [0x00000000eef80000,0x00000000ef5fd608,0x00000000ef600000)
  to   space 7680K, 0% used [0x00000000ee800000,0x00000000ee800000,0x00000000eef80000)
 ParOldGen       total 42496K, used 13558K [0x00000000c0000000, 0x00000000c2980000, 0x00000000eab00000)
  object space 42496K, 31% used [0x00000000c0000000,0x00000000c0d3d8c8,0x00000000c2980000)
 Metaspace       used 5857K, capacity 7088K, committed 7296K, reserved 1056768K
  class space    used 551K, capacity 616K, committed 640K, reserved 1048576K
}
Event: 5.192 GC heap before
{Heap before GC invocations=7 (full 0):
 PSYoungGen      total 69120K, used 69109K [0x00000000eab00000, 0x00000000ef800000, 0x0000000100000000)
  eden space 62464K, 100% used [0x00000000eab00000,0x00000000ee800000,0x00000000ee800000)
  from space 6656K, 99% used [0x00000000eef80000,0x00000000ef5fd608,0x00000000ef600000)
  to   space 7680K, 0% used [0x00000000ee800000,0x00000000ee800000,0x00000000eef80000)
 ParOldGen       total 42496K, used 13558K [0x00000000c0000000, 0x00000000c2980000, 0x00000000eab00000)
  object space 42496K, 31% used [0x00000000c0000000,0x00000000c0d3d8c8,0x00000000c2980000)
 Metaspace       used 5906K, capacity 7152K, committed 7296K, reserved 1056768K
  class space    used 552K, capacity 616K, committed 640K, reserved 1048576K
Event: 5.234 GC heap after
Heap after GC invocations=7 (full 0):
 PSYoungGen      total 70144K, used 7648K [0x00000000eab00000, 0x00000000f3e00000, 0x0000000100000000)
  eden space 62464K, 0% used [0x00000000eab00000,0x00000000eab00000,0x00000000ee800000)
  from space 7680K, 99% used [0x00000000ee800000,0x00000000eef78238,0x00000000eef80000)
  to   space 12800K, 0% used [0x00000000f3180000,0x00000000f3180000,0x00000000f3e00000)
 ParOldGen       total 42496K, used 22049K [0x00000000c0000000, 0x00000000c2980000, 0x00000000eab00000)
  object space 42496K, 51% used [0x00000000c0000000,0x00000000c1588658,0x00000000c2980000)
 Metaspace       used 5906K, capacity 7152K, committed 7296K, reserved 1056768K
  class space    used 552K, capacity 616K, committed 640K, reserved 1048576K
}
Event: 5.730 GC heap before
{Heap before GC invocations=8 (full 0):
 PSYoungGen      total 70144K, used 70112K [0x00000000eab00000, 0x00000000f3e00000, 0x0000000100000000)
  eden space 62464K, 100% used [0x00000000eab00000,0x00000000ee800000,0x00000000ee800000)
  from space 7680K, 99% used [0x00000000ee800000,0x00000000eef78238,0x00000000eef80000)
  to   space 12800K, 0% used [0x00000000f3180000,0x00000000f3180000,0x00000000f3e00000)
 ParOldGen       total 42496K, used 22049K [0x00000000c0000000, 0x00000000c2980000, 0x00000000eab00000)
  object space 42496K, 51% used [0x00000000c0000000,0x00000000c1588658,0x00000000c2980000)
 Metaspace       used 5914K, capacity 7152K, committed 7296K, reserved 1056768K
  class space    used 552K, capacity 616K, committed 640K, reserved 1048576K
Event: 5.793 GC heap after
Heap after GC invocations=8 (full 0):
 PSYoungGen      total 133632K, used 12784K [0x00000000eab00000, 0x00000000f4600000, 0x0000000100000000)
  eden space 120832K, 0% used [0x00000000eab00000,0x00000000eab00000,0x00000000f2100000)
  from space 12800K, 99% used [0x00000000f3180000,0x00000000f3dfc100,0x00000000f3e00000)
  to   space 16896K, 0% used [0x00000000f2100000,0x00000000f2100000,0x00000000f3180000)
 ParOldGen       total 42496K, used 27154K [0x00000000c0000000, 0x00000000c2980000, 0x00000000eab00000)
  object space 42496K, 63% used [0x00000000c0000000,0x00000000c1a849d8,0x00000000c2980000)
 Metaspace       used 5914K, capacity 7152K, committed 7296K, reserved 1056768K
  class space    used 552K, capacity 616K, committed 640K, reserved 1048576K
}
Event: 7.109 GC heap before
{Heap before GC invocations=9 (full 0):
 PSYoungGen      total 133632K, used 133616K [0x00000000eab00000, 0x00000000f4600000, 0x0000000100000000)
  eden space 120832K, 100% used [0x00000000eab00000,0x00000000f2100000,0x00000000f2100000)
  from space 12800K, 99% used [0x00000000f3180000,0x00000000f3dfc100,0x00000000f3e00000)
  to   space 16896K, 0% used [0x00000000f2100000,0x00000000f2100000,0x00000000f3180000)
 ParOldGen       total 42496K, used 27154K [0x00000000c0000000, 0x00000000c2980000, 0x00000000eab00000)
  object space 42496K, 63% used [0x00000000c0000000,0x00000000c1a849d8,0x00000000c2980000)
 Metaspace       used 5945K, capacity 7152K, committed 7296K, reserved 1056768K
  class space    used 552K, capacity 616K, committed 640K, reserved 1048576K

Deoptimization events (10 events):
Event: 5.367 Thread 0x00007fd9e000a000 Uncommon trap: reason=bimorphic action=maybe_recompile pc=0x00007fd9d16f0650 method=com.android.dx.rop.code.RegisterSpec.withSimpleType()Lcom/android/dx/rop/code/RegisterSpec; @ 21
Event: 5.367 Thread 0x00007fd9e000a000 Uncommon trap: reason=bimorphic action=maybe_recompile pc=0x00007fd9d16f0650 method=com.android.dx.rop.code.RegisterSpec.withSimpleType()Lcom/android/dx/rop/code/RegisterSpec; @ 21
Event: 5.367 Thread 0x00007fd9e000a000 Uncommon trap: reason=bimorphic action=maybe_recompile pc=0x00007fd9d16f0650 method=com.android.dx.rop.code.RegisterSpec.withSimpleType()Lcom/android/dx/rop/code/RegisterSpec; @ 21
Event: 5.367 Thread 0x00007fd9e000a000 Uncommon trap: reason=bimorphic action=maybe_recompile pc=0x00007fd9d16f0650 method=com.android.dx.rop.code.RegisterSpec.withSimpleType()Lcom/android/dx/rop/code/RegisterSpec; @ 21
Event: 5.398 Thread 0x00007fd9e000a000 Uncommon trap: reason=bimorphic action=maybe_recompile pc=0x00007fd9d1775998 method=com.android.dx.cf.code.BytecodeArray.parseInstruction(ILcom/android/dx/cf/code/BytecodeArray$Visitor;)I @ 2281
Event: 5.398 Thread 0x00007fd9e000a000 Uncommon trap: reason=bimorphic action=maybe_recompile pc=0x00007fd9d1775998 method=com.android.dx.cf.code.BytecodeArray.parseInstruction(ILcom/android/dx/cf/code/BytecodeArray$Visitor;)I @ 2281
Event: 6.402 Thread 0x00007fd9e000a000 Uncommon trap: reason=class_check action=maybe_recompile pc=0x00007fd9d1809ac0 method=com.android.dx.cf.code.RopperMachine.run(Lcom/android/dx/cf/code/Frame;II)V @ 1024
Event: 6.402 Thread 0x00007fd9e000a000 Uncommon trap: reason=class_check action=maybe_recompile pc=0x00007fd9d1809ac0 method=com.android.dx.cf.code.RopperMachine.run(Lcom/android/dx/cf/code/Frame;II)V @ 1024
Event: 6.402 Thread 0x00007fd9e000a000 Uncommon trap: reason=class_check action=maybe_recompile pc=0x00007fd9d1809ac0 method=com.android.dx.cf.code.RopperMachine.run(Lcom/android/dx/cf/code/Frame;II)V @ 1024
Event: 6.403 Thread 0x00007fd9e000a000 Uncommon trap: reason=class_check action=maybe_recompile pc=0x00007fd9d1809ac0 method=com.android.dx.cf.code.RopperMachine.run(Lcom/android/dx/cf/code/Frame;II)V @ 1024

Internal exceptions (2 events):
Event: 0.081 Thread 0x00007fd9e000a000 Exception <a 'java/lang/NoSuchMethodError': Method sun.misc.Unsafe.defineClass(Ljava/lang/String;[BII)Ljava/lang/Class; name or signature does not match> (0x00000000eab12a38) thrown at [/RE-WORK/workspace/8-2-build-linux-amd64/jdk8u45/3457/hotspot/src/sha
Event: 0.081 Thread 0x00007fd9e000a000 Exception <a 'java/lang/NoSuchMethodError': Method sun.misc.Unsafe.prefetchRead(Ljava/lang/Object;J)V name or signature does not match> (0x00000000eab12cc8) thrown at [/RE-WORK/workspace/8-2-build-linux-amd64/jdk8u45/3457/hotspot/src/share/vm/prims/jni.cp

Events (10 events):
Event: 6.687 Thread 0x00007fd9e000a000 DEOPT UNPACKING pc=0x00007fd9d1047233 sp=0x00007fd9e8355620 mode 0
Event: 6.733 Thread 0x00007fd9e000a000 DEOPT PACKING pc=0x00007fd9d1575202 sp=0x00007fd9e8355840
Event: 6.733 Thread 0x00007fd9e000a000 DEOPT UNPACKING pc=0x00007fd9d1047233 sp=0x00007fd9e8355590 mode 0
Event: 6.826 Thread 0x00007fd9e000a000 DEOPT PACKING pc=0x00007fd9d1573308 sp=0x00007fd9e8355bc0
Event: 6.826 Thread 0x00007fd9e000a000 DEOPT UNPACKING pc=0x00007fd9d1047233 sp=0x00007fd9e8355958 mode 0
Event: 6.991 Thread 0x00007fd9e000a000 DEOPT PACKING pc=0x00007fd9d14dd4cf sp=0x00007fd9e8354e00
Event: 6.991 Thread 0x00007fd9e000a000 DEOPT UNPACKING pc=0x00007fd9d1047233 sp=0x00007fd9e8354c28 mode 0
Event: 7.042 Thread 0x00007fd9e000a000 DEOPT PACKING pc=0x00007fd9d14304d1 sp=0x00007fd9e8355a10
Event: 7.042 Thread 0x00007fd9e000a000 DEOPT UNPACKING pc=0x00007fd9d1047233 sp=0x00007fd9e8355798 mode 0
Event: 7.109 Executing VM operation: ParallelGCFailedAllocation


Dynamic libraries:
00400000-00401000 r-xp 00000000 08:03 1572315                            /opt/java/jdk1.8.0_45/bin/java
00600000-00601000 rw-p 00000000 08:03 1572315                            /opt/java/jdk1.8.0_45/bin/java
00a3f000-00a60000 rw-p 00000000 00:00 0                                  [heap]
c0000000-c2980000 rw-p 00000000 00:00 0 
c2980000-eab00000 ---p 00000000 00:00 0 
eab00000-f4600000 rw-p 00000000 00:00 0 
f9900000-100000000 ---p 00000000 00:00 0 
100000000-1000a0000 rw-p 00000000 00:00 0 
1000a0000-140000000 ---p 00000000 00:00 0 
7fd994000000-7fd994021000 rw-p 00000000 00:00 0 
7fd994021000-7fd998000000 ---p 00000000 00:00 0 
7fd99c000000-7fd99cba5000 rw-p 00000000 00:00 0 
7fd99cba5000-7fd9a0000000 ---p 00000000 00:00 0 
7fd9a0000000-7fd9a0021000 rw-p 00000000 00:00 0 
7fd9a0021000-7fd9a4000000 ---p 00000000 00:00 0 
7fd9a4000000-7fd9a4021000 rw-p 00000000 00:00 0 
7fd9a4021000-7fd9a8000000 ---p 00000000 00:00 0 
7fd9a8000000-7fd9a91cf000 rw-p 00000000 00:00 0 
7fd9a91cf000-7fd9ac000000 ---p 00000000 00:00 0 
7fd9ac000000-7fd9ac021000 rw-p 00000000 00:00 0 
7fd9ac021000-7fd9b0000000 ---p 00000000 00:00 0 
7fd9b0000000-7fd9b118a000 rw-p 00000000 00:00 0 
7fd9b118a000-7fd9b4000000 ---p 00000000 00:00 0 
7fd9b4000000-7fd9b428a000 rw-p 00000000 00:00 0 
7fd9b428a000-7fd9b8000000 ---p 00000000 00:00 0 
7fd9b8000000-7fd9b8021000 rw-p 00000000 00:00 0 
7fd9b8021000-7fd9bc000000 ---p 00000000 00:00 0 
7fd9bc000000-7fd9bc021000 rw-p 00000000 00:00 0 
7fd9bc021000-7fd9c0000000 ---p 00000000 00:00 0 
7fd9c0000000-7fd9c0021000 rw-p 00000000 00:00 0 
7fd9c0021000-7fd9c4000000 ---p 00000000 00:00 0 
7fd9c4000000-7fd9c4021000 rw-p 00000000 00:00 0 
7fd9c4021000-7fd9c8000000 ---p 00000000 00:00 0 
7fd9c902a000-7fd9c902b000 ---p 00000000 00:00 0 
7fd9c902b000-7fd9c912b000 rw-p 00000000 00:00 0                          [stack:24670]
7fd9c912b000-7fd9c912e000 ---p 00000000 00:00 0 
7fd9c912e000-7fd9c922c000 rw-p 00000000 00:00 0                          [stack:24669]
7fd9c922c000-7fd9c922f000 ---p 00000000 00:00 0 
7fd9c922f000-7fd9c932d000 rw-p 00000000 00:00 0                          [stack:24660]
7fd9c932d000-7fd9c9330000 ---p 00000000 00:00 0 
7fd9c9330000-7fd9c942e000 rw-p 00000000 00:00 0                          [stack:24659]
7fd9c942e000-7fd9c9431000 ---p 00000000 00:00 0 
7fd9c9431000-7fd9c952f000 rw-p 00000000 00:00 0                          [stack:24658]
7fd9c952f000-7fd9c9532000 ---p 00000000 00:00 0 
7fd9c9532000-7fd9c9630000 rw-p 00000000 00:00 0                          [stack:24656]
7fd9c9630000-7fd9c98f9000 r--p 00000000 08:03 266989                     /usr/lib/locale/locale-archive
7fd9c98f9000-7fd9c98fc000 ---p 00000000 00:00 0 
7fd9c98fc000-7fd9c99fa000 rw-p 00000000 00:00 0                          [stack:24646]
7fd9c99fa000-7fd9c99fd000 ---p 00000000 00:00 0 
7fd9c99fd000-7fd9c9afb000 rw-p 00000000 00:00 0                          [stack:24644]
7fd9c9afb000-7fd9c9afc000 ---p 00000000 00:00 0 
7fd9c9afc000-7fd9cc000000 rw-p 00000000 00:00 0                          [stack:24637]
7fd9cc000000-7fd9cc021000 rw-p 00000000 00:00 0 
7fd9cc021000-7fd9d0000000 ---p 00000000 00:00 0 
7fd9d00b7000-7fd9d00c9000 r--s 000c6000 00:1a 11537151                   /home/mike/AndroidStudioProjects/Wordist/app/build/intermediates/exploded-aar/com.android.support/support-v4/22.2.0/jars/classes.jar
7fd9d00c9000-7fd9d00d8000 r--s 000dd000 00:1a 9438599                    /home/mike/Android/Sdk/build-tools/22.0.1/lib/dx.jar
7fd9d00d8000-7fd9d0e80000 rw-p 00000000 00:00 0 
7fd9d0e80000-7fd9d1000000 ---p 00000000 00:00 0 
7fd9d1000000-7fd9d1850000 rwxp 00000000 00:00 0 
7fd9d1850000-7fd9e0000000 ---p 00000000 00:00 0 
7fd9e0000000-7fd9e03ba000 rw-p 00000000 00:00 0 
7fd9e03ba000-7fd9e4000000 ---p 00000000 00:00 0 
7fd9e4005000-7fd9e448d000 rw-p 00000000 00:00 0 
7fd9e448d000-7fd9e4666000 r--s 03d09000 08:03 1573810                    /opt/java/jdk1.8.0_45/jre/lib/rt.jar
7fd9e4666000-7fd9e48dc000 rw-p 00000000 00:00 0 
7fd9e48dc000-7fd9e48dd000 ---p 00000000 00:00 0 
7fd9e48dd000-7fd9e49dd000 rw-p 00000000 00:00 0                          [stack:24620]
7fd9e49dd000-7fd9e49de000 ---p 00000000 00:00 0 
7fd9e49de000-7fd9e4ade000 rw-p 00000000 00:00 0                          [stack:24618]
7fd9e4ade000-7fd9e4adf000 ---p 00000000 00:00 0 
7fd9e4adf000-7fd9e4bdf000 rw-p 00000000 00:00 0                          [stack:24616]
7fd9e4bdf000-7fd9e4be0000 ---p 00000000 00:00 0 
7fd9e4be0000-7fd9e4cf5000 rw-p 00000000 00:00 0                          [stack:24615]
7fd9e4cf5000-7fd9e4e36000 ---p 00000000 00:00 0 
7fd9e4e36000-7fd9e4e4b000 rw-p 00000000 00:00 0 
7fd9e4e4b000-7fd9e4f8b000 ---p 00000000 00:00 0 
7fd9e4f8b000-7fd9e4fd9000 rw-p 00000000 00:00 0 
7fd9e4fd9000-7fd9e5036000 ---p 00000000 00:00 0 
7fd9e5036000-7fd9e5059000 rw-p 00000000 00:00 0 
7fd9e5059000-7fd9e53f7000 ---p 00000000 00:00 0 
7fd9e53f7000-7fd9e5411000 r-xp 00000000 08:03 1574049                    /opt/java/jdk1.8.0_45/jre/lib/amd64/libzip.so
7fd9e5411000-7fd9e5611000 ---p 0001a000 08:03 1574049                    /opt/java/jdk1.8.0_45/jre/lib/amd64/libzip.so
7fd9e5611000-7fd9e5612000 rw-p 0001a000 08:03 1574049                    /opt/java/jdk1.8.0_45/jre/lib/amd64/libzip.so
7fd9e5612000-7fd9e561d000 r-xp 00000000 08:03 131807                     /lib/x86_64-linux-gnu/libnss_files-2.19.so
7fd9e561d000-7fd9e581c000 ---p 0000b000 08:03 131807                     /lib/x86_64-linux-gnu/libnss_files-2.19.so
7fd9e581c000-7fd9e581d000 r--p 0000a000 08:03 131807                     /lib/x86_64-linux-gnu/libnss_files-2.19.so
7fd9e581d000-7fd9e581e000 rw-p 0000b000 08:03 131807                     /lib/x86_64-linux-gnu/libnss_files-2.19.so
7fd9e581e000-7fd9e5829000 r-xp 00000000 08:03 131871                     /lib/x86_64-linux-gnu/libnss_nis-2.19.so
7fd9e5829000-7fd9e5a28000 ---p 0000b000 08:03 131871                     /lib/x86_64-linux-gnu/libnss_nis-2.19.so
7fd9e5a28000-7fd9e5a29000 r--p 0000a000 08:03 131871                     /lib/x86_64-linux-gnu/libnss_nis-2.19.so
7fd9e5a29000-7fd9e5a2a000 rw-p 0000b000 08:03 131871                     /lib/x86_64-linux-gnu/libnss_nis-2.19.so
7fd9e5a2a000-7fd9e5a41000 r-xp 00000000 08:03 131829                     /lib/x86_64-linux-gnu/libnsl-2.19.so
7fd9e5a41000-7fd9e5c40000 ---p 00017000 08:03 131829                     /lib/x86_64-linux-gnu/libnsl-2.19.so
7fd9e5c40000-7fd9e5c41000 r--p 00016000 08:03 131829                     /lib/x86_64-linux-gnu/libnsl-2.19.so
7fd9e5c41000-7fd9e5c42000 rw-p 00017000 08:03 131829                     /lib/x86_64-linux-gnu/libnsl-2.19.so
7fd9e5c42000-7fd9e5c44000 rw-p 00000000 00:00 0 
7fd9e5c44000-7fd9e5c4d000 r-xp 00000000 08:03 131828                     /lib/x86_64-linux-gnu/libnss_compat-2.19.so
7fd9e5c4d000-7fd9e5e4c000 ---p 00009000 08:03 131828                     /lib/x86_64-linux-gnu/libnss_compat-2.19.so
7fd9e5e4c000-7fd9e5e4d000 r--p 00008000 08:03 131828                     /lib/x86_64-linux-gnu/libnss_compat-2.19.so
7fd9e5e4d000-7fd9e5e4e000 rw-p 00009000 08:03 131828                     /lib/x86_64-linux-gnu/libnss_compat-2.19.so
7fd9e5e4e000-7fd9e5e78000 r-xp 00000000 08:03 1574040                    /opt/java/jdk1.8.0_45/jre/lib/amd64/libjava.so
7fd9e5e78000-7fd9e6078000 ---p 0002a000 08:03 1574040                    /opt/java/jdk1.8.0_45/jre/lib/amd64/libjava.so
7fd9e6078000-7fd9e607a000 rw-p 0002a000 08:03 1574040                    /opt/java/jdk1.8.0_45/jre/lib/amd64/libjava.so
7fd9e607a000-7fd9e6087000 r-xp 00000000 08:03 1574047                    /opt/java/jdk1.8.0_45/jre/lib/amd64/libverify.so
7fd9e6087000-7fd9e6287000 ---p 0000d000 08:03 1574047                    /opt/java/jdk1.8.0_45/jre/lib/amd64/libverify.so
7fd9e6287000-7fd9e6289000 rw-p 0000d000 08:03 1574047                    /opt/java/jdk1.8.0_45/jre/lib/amd64/libverify.so
7fd9e6289000-7fd9e6290000 r-xp 00000000 08:03 131868                     /lib/x86_64-linux-gnu/librt-2.19.so
7fd9e6290000-7fd9e648f000 ---p 00007000 08:03 131868                     /lib/x86_64-linux-gnu/librt-2.19.so
7fd9e648f000-7fd9e6490000 r--p 00006000 08:03 131868                     /lib/x86_64-linux-gnu/librt-2.19.so
7fd9e6490000-7fd9e6491000 rw-p 00007000 08:03 131868                     /lib/x86_64-linux-gnu/librt-2.19.so
7fd9e6491000-7fd9e6596000 r-xp 00000000 08:03 131806                     /lib/x86_64-linux-gnu/libm-2.19.so
7fd9e6596000-7fd9e6795000 ---p 00105000 08:03 131806                     /lib/x86_64-linux-gnu/libm-2.19.so
7fd9e6795000-7fd9e6796000 r--p 00104000 08:03 131806                     /lib/x86_64-linux-gnu/libm-2.19.so
7fd9e6796000-7fd9e6797000 rw-p 00105000 08:03 131806                     /lib/x86_64-linux-gnu/libm-2.19.so
7fd9e6797000-7fd9e7445000 r-xp 00000000 08:03 1574060                    /opt/java/jdk1.8.0_45/jre/lib/amd64/server/libjvm.so
7fd9e7445000-7fd9e7644000 ---p 00cae000 08:03 1574060                    /opt/java/jdk1.8.0_45/jre/lib/amd64/server/libjvm.so
7fd9e7644000-7fd9e771b000 rw-p 00cad000 08:03 1574060                    /opt/java/jdk1.8.0_45/jre/lib/amd64/server/libjvm.so
7fd9e771b000-7fd9e775f000 rw-p 00000000 00:00 0 
7fd9e775f000-7fd9e791a000 r-xp 00000000 08:03 131857                     /lib/x86_64-linux-gnu/libc-2.19.so
7fd9e791a000-7fd9e7b19000 ---p 001bb000 08:03 131857                     /lib/x86_64-linux-gnu/libc-2.19.so
7fd9e7b19000-7fd9e7b1d000 r--p 001ba000 08:03 131857                     /lib/x86_64-linux-gnu/libc-2.19.so
7fd9e7b1d000-7fd9e7b1f000 rw-p 001be000 08:03 131857                     /lib/x86_64-linux-gnu/libc-2.19.so
7fd9e7b1f000-7fd9e7b24000 rw-p 00000000 00:00 0 
7fd9e7b24000-7fd9e7b27000 r-xp 00000000 08:03 131810                     /lib/x86_64-linux-gnu/libdl-2.19.so
7fd9e7b27000-7fd9e7d26000 ---p 00003000 08:03 131810                     /lib/x86_64-linux-gnu/libdl-2.19.so
7fd9e7d26000-7fd9e7d27000 r--p 00002000 08:03 131810                     /lib/x86_64-linux-gnu/libdl-2.19.so
7fd9e7d27000-7fd9e7d28000 rw-p 00003000 08:03 131810                     /lib/x86_64-linux-gnu/libdl-2.19.so
7fd9e7d28000-7fd9e7d3d000 r-xp 00000000 08:03 1573749                    /opt/java/jdk1.8.0_45/lib/amd64/jli/libjli.so
7fd9e7d3d000-7fd9e7f3d000 ---p 00015000 08:03 1573749                    /opt/java/jdk1.8.0_45/lib/amd64/jli/libjli.so
7fd9e7f3d000-7fd9e7f3e000 rw-p 00015000 08:03 1573749                    /opt/java/jdk1.8.0_45/lib/amd64/jli/libjli.so
7fd9e7f3e000-7fd9e7f57000 r-xp 00000000 08:03 131858                     /lib/x86_64-linux-gnu/libpthread-2.19.so
7fd9e7f57000-7fd9e8156000 ---p 00019000 08:03 131858                     /lib/x86_64-linux-gnu/libpthread-2.19.so
7fd9e8156000-7fd9e8157000 r--p 00018000 08:03 131858                     /lib/x86_64-linux-gnu/libpthread-2.19.so
7fd9e8157000-7fd9e8158000 rw-p 00019000 08:03 131858                     /lib/x86_64-linux-gnu/libpthread-2.19.so
7fd9e8158000-7fd9e815c000 rw-p 00000000 00:00 0 
7fd9e815c000-7fd9e817f000 r-xp 00000000 08:03 131833                     /lib/x86_64-linux-gnu/ld-2.19.so
7fd9e8185000-7fd9e8257000 rw-p 00000000 00:00 0 
7fd9e8257000-7fd9e825a000 ---p 00000000 00:00 0 
7fd9e825a000-7fd9e835d000 rw-p 00000000 00:00 0                          [stack:24612]
7fd9e835d000-7fd9e835e000 r--p 00000000 08:03 672594                     /usr/share/locale-langpack/en_GB/LC_MESSAGES/libc.mo
7fd9e835e000-7fd9e8372000 rw-p 00000000 00:00 0 
7fd9e8372000-7fd9e837a000 rw-s 00000000 08:03 1574122                    /tmp/hsperfdata_mike/24610
7fd9e837a000-7fd9e837b000 rw-p 00000000 00:00 0 
7fd9e837b000-7fd9e837c000 ---p 00000000 00:00 0 
7fd9e837c000-7fd9e837e000 rw-p 00000000 00:00 0 
7fd9e837e000-7fd9e837f000 r--p 00022000 08:03 131833                     /lib/x86_64-linux-gnu/ld-2.19.so
7fd9e837f000-7fd9e8380000 rw-p 00023000 08:03 131833                     /lib/x86_64-linux-gnu/ld-2.19.so
7fd9e8380000-7fd9e8381000 rw-p 00000000 00:00 0 
7fffd410e000-7fffd412f000 rw-p 00000000 00:00 0                          [stack]
7fffd41fe000-7fffd4200000 r-xp 00000000 00:00 0                          [vdso]
ffffffffff600000-ffffffffff601000 r-xp 00000000 00:00 0                  [vsyscall]

VM Arguments:
jvm_args: -Xmx1024M -Dfile.encoding=UTF-8 -Duser.country=GB -Duser.language=en -Duser.variant 
java_command: com.android.dx.command.Main --dex --output /home/mike/AndroidStudioProjects/Wordist/app/build/intermediates/pre-dexed/debug/classes-4e292dcf0eedebcd460bfc38d45a23050ac46222.jar /home/mike/AndroidStudioProjects/Wordist/app/build/intermediates/exploded-aar/com.android.support/support-v4/22.2.0/jars/classes.jar
java_class_path (initial): /home/mike/Android/Sdk/build-tools/22.0.1/lib/dx.jar
Launcher Type: SUN_STANDARD

Environment Variables:
PATH=/usr/local/sbin:/usr/local/bin:/usr/sbin:/usr/bin:/sbin:/bin:/usr/games:/usr/local/games
USERNAME=mike
LD_LIBRARY_PATH=/opt/android-studio/bin:
SHELL=/bin/bash
DISPLAY=:0

Signal Handlers:
SIGSEGV: [libjvm.so+0xaad1e0], sa_mask[0]=11111111011111111101111111111110, sa_flags=SA_RESTART|SA_SIGINFO
SIGBUS: [libjvm.so+0xaad1e0], sa_mask[0]=11111111011111111101111111111110, sa_flags=SA_RESTART|SA_SIGINFO
SIGFPE: [libjvm.so+0x90b450], sa_mask[0]=11111111011111111101111111111110, sa_flags=SA_RESTART|SA_SIGINFO
SIGPIPE: [libjvm.so+0x90b450], sa_mask[0]=11111111011111111101111111111110, sa_flags=SA_RESTART|SA_SIGINFO
SIGXFSZ: [libjvm.so+0x90b450], sa_mask[0]=11111111011111111101111111111110, sa_flags=SA_RESTART|SA_SIGINFO
SIGILL: [libjvm.so+0x90b450], sa_mask[0]=11111111011111111101111111111110, sa_flags=SA_RESTART|SA_SIGINFO
SIGUSR1: SIG_DFL, sa_mask[0]=00000000000000000000000000000000, sa_flags=none
SIGUSR2: [libjvm.so+0x90ca90], sa_mask[0]=00100000000000000000000000000000, sa_flags=SA_RESTART|SA_SIGINFO
SIGHUP: [libjvm.so+0x90dde0], sa_mask[0]=11111111011111111101111111111110, sa_flags=SA_RESTART|SA_SIGINFO
SIGINT: [libjvm.so+0x90dde0], sa_mask[0]=11111111011111111101111111111110, sa_flags=SA_RESTART|SA_SIGINFO
SIGTERM: [libjvm.so+0x90dde0], sa_mask[0]=11111111011111111101111111111110, sa_flags=SA_RESTART|SA_SIGINFO
SIGQUIT: [libjvm.so+0x90dde0], sa_mask[0]=11111111011111111101111111111110, sa_flags=SA_RESTART|SA_SIGINFO


---------------  S Y S T E M  ---------------

OS:DISTRIB_ID=LinuxMint
DISTRIB_RELEASE=17.2
DISTRIB_CODENAME=rafaela
DISTRIB_DESCRIPTION="Linux Mint 17.2 Rafaela"

uname:Linux 3.13.0-37-generic #64-Ubuntu SMP Mon Sep 22 21:28:38 UTC 2014 x86_64
libc:glibc 2.19 NPTL 2.19 
rlimit: STACK 8192k, CORE 0k, NPROC 30882, NOFILE 4096, AS infinity
load average:1.80 0.79 1.98

/proc/meminfo:
MemTotal:        4048044 kB
MemFree:          116708 kB
Buffers:             900 kB
Cached:            64612 kB
SwapCached:            0 kB
Active:          3407656 kB
Inactive:          61552 kB
Active(anon):    3406252 kB
Inactive(anon):    35056 kB
Active(file):       1404 kB
Inactive(file):    26496 kB
Unevictable:          88 kB
Mlocked:              88 kB
SwapTotal:             0 kB
SwapFree:              0 kB
Dirty:               400 kB
Writeback:             0 kB
AnonPages:       3404400 kB
Mapped:           214744 kB
Shmem:             36996 kB
Slab:              68468 kB
SReclaimable:      25004 kB
SUnreclaim:        43464 kB
KernelStack:        5296 kB
PageTables:        39060 kB
NFS_Unstable:          0 kB
Bounce:                0 kB
WritebackTmp:          0 kB
CommitLimit:     2024020 kB
Committed_AS:    6310304 kB
VmallocTotal:   34359738367 kB
VmallocUsed:      306264 kB
VmallocChunk:   34359427812 kB
HardwareCorrupted:     0 kB
AnonHugePages:   1669120 kB
HugePages_Total:       0
HugePages_Free:        0
HugePages_Rsvd:        0
HugePages_Surp:        0
Hugepagesize:       2048 kB
DirectMap4k:      280128 kB
DirectMap2M:     3913728 kB
DirectMap1G:           0 kB


CPU:total 4 (4 cores per cpu, 1 threads per core) family 16 model 4 stepping 2, cmov, cx8, fxsr, mmx, sse, sse2, sse3, popcnt, mmxext, 3dnowpref, lzcnt, sse4a, tsc, tscinvbit, tscinv

/proc/cpuinfo:
processor	: 0
vendor_id	: AuthenticAMD
cpu family	: 16
model		: 4
model name	: AMD Phenom(tm) II X4 955 Processor
stepping	: 2
microcode	: 0x1000086
cpu MHz		: 2100.000
cache size	: 512 KB
physical id	: 0
siblings	: 4
core id		: 0
cpu cores	: 4
apicid		: 0
initial apicid	: 0
fpu		: yes
fpu_exception	: yes
cpuid level	: 5
wp		: yes
flags		: fpu vme de pse tsc msr pae mce cx8 apic sep mtrr pge mca cmov pat pse36 clflush mmx fxsr sse sse2 ht syscall nx mmxext fxsr_opt pdpe1gb rdtscp lm 3dnowext 3dnow constant_tsc rep_good nopl nonstop_tsc extd_apicid pni monitor cx16 popcnt lahf_lm cmp_legacy svm extapic cr8_legacy abm sse4a misalignsse 3dnowprefetch osvw ibs skinit wdt hw_pstate npt lbrv svm_lock nrip_save
bogomips	: 6399.67
TLB size	: 1024 4K pages
clflush size	: 64
cache_alignment	: 64
address sizes	: 48 bits physical, 48 bits virtual
power management: ts ttp tm stc 100mhzsteps hwpstate

processor	: 1
vendor_id	: AuthenticAMD
cpu family	: 16
model		: 4
model name	: AMD Phenom(tm) II X4 955 Processor
stepping	: 2
microcode	: 0x1000086
cpu MHz		: 3200.000
cache size	: 512 KB
physical id	: 0
siblings	: 4
core id		: 1
cpu cores	: 4
apicid		: 1
initial apicid	: 1
fpu		: yes
fpu_exception	: yes
cpuid level	: 5
wp		: yes
flags		: fpu vme de pse tsc msr pae mce cx8 apic sep mtrr pge mca cmov pat pse36 clflush mmx fxsr sse sse2 ht syscall nx mmxext fxsr_opt pdpe1gb rdtscp lm 3dnowext 3dnow constant_tsc rep_good nopl nonstop_tsc extd_apicid pni monitor cx16 popcnt lahf_lm cmp_legacy svm extapic cr8_legacy abm sse4a misalignsse 3dnowprefetch osvw ibs skinit wdt hw_pstate npt lbrv svm_lock nrip_save
bogomips	: 6399.67
TLB size	: 1024 4K pages
clflush size	: 64
cache_alignment	: 64
address sizes	: 48 bits physical, 48 bits virtual
power management: ts ttp tm stc 100mhzsteps hwpstate

processor	: 2
vendor_id	: AuthenticAMD
cpu family	: 16
model		: 4
model name	: AMD Phenom(tm) II X4 955 Processor
stepping	: 2
microcode	: 0x1000086
cpu MHz		: 800.000
cache size	: 512 KB
physical id	: 0
siblings	: 4
core id		: 2
cpu cores	: 4
apicid		: 2
initial apicid	: 2
fpu		: yes
fpu_exception	: yes
cpuid level	: 5
wp		: yes
flags		: fpu vme de pse tsc msr pae mce cx8 apic sep mtrr pge mca cmov pat pse36 clflush mmx fxsr sse sse2 ht syscall nx mmxext fxsr_opt pdpe1gb rdtscp lm 3dnowext 3dnow constant_tsc rep_good nopl nonstop_tsc extd_apicid pni monitor cx16 popcnt lahf_lm cmp_legacy svm extapic cr8_legacy abm sse4a misalignsse 3dnowprefetch osvw ibs skinit wdt hw_pstate npt lbrv svm_lock nrip_save
bogomips	: 6399.67
TLB size	: 1024 4K pages
clflush size	: 64
cache_alignment	: 64
address sizes	: 48 bits physical, 48 bits virtual
power management: ts ttp tm stc 100mhzsteps hwpstate

processor	: 3
vendor_id	: AuthenticAMD
cpu family	: 16
model		: 4
model name	: AMD Phenom(tm) II X4 955 Processor
stepping	: 2
microcode	: 0x1000086
cpu MHz		: 2100.000
cache size	: 512 KB
physical id	: 0
siblings	: 4
core id		: 3
cpu cores	: 4
apicid		: 3
initial apicid	: 3
fpu		: yes
fpu_exception	: yes
cpuid level	: 5
wp		: yes
flags		: fpu vme de pse tsc msr pae mce cx8 apic sep mtrr pge mca cmov pat pse36 clflush mmx fxsr sse sse2 ht syscall nx mmxext fxsr_opt pdpe1gb rdtscp lm 3dnowext 3dnow constant_tsc rep_good nopl nonstop_tsc extd_apicid pni monitor cx16 popcnt lahf_lm cmp_legacy svm extapic cr8_legacy abm sse4a misalignsse 3dnowprefetch osvw ibs skinit wdt hw_pstate npt lbrv svm_lock nrip_save
bogomips	: 6399.67
TLB size	: 1024 4K pages
clflush size	: 64
cache_alignment	: 64
address sizes	: 48 bits physical, 48 bits virtual
power management: ts ttp tm stc 100mhzsteps hwpstate



Memory: 4k page, physical 4048044k(115964k free), swap 0k(0k free)

vm_info: Java HotSpot(TM) 64-Bit Server VM (25.45-b02) for linux-amd64 JRE (1.8.0_45-b14), built on Apr 10 2015 10:07:45 by "java_re" with gcc 4.3.0 20080428 (Red Hat 4.3.0-8)

time: Sun Jul 19 21:40:49 2015
elapsed time: 8 seconds (0d 0h 0m 8s)

