#
# There is insufficient memory for the Java Runtime Environment to continue.
# Native memory allocation (mmap) failed to map 69730304 bytes for committing reserved memory.
# Possible reasons:
#   The system is out of physical RAM or swap space
#   In 32 bit mode, the process size limit was hit
# Possible solutions:
#   Reduce memory load on the system
#   Increase physical memory or swap space
#   Check if swap backing store is full
#   Use 64 bit Java on a 64 bit OS
#   Decrease Java heap size (-Xmx/-Xms)
#   Decrease number of Java threads
#   Decrease Java thread stack sizes (-Xss)
#   Set larger code cache with -XX:ReservedCodeCacheSize=
# This output file may be truncated or incomplete.
#
#  Out of Memory Error (os_linux.cpp:2673), pid=7979, tid=140554224473856
#
# JRE version: Java(TM) SE Runtime Environment (8.0_45-b14) (build 1.8.0_45-b14)
# Java VM: Java HotSpot(TM) 64-Bit Server VM (25.45-b02 mixed mode linux-amd64 compressed oops)
# Failed to write core dump. Core dumps have been disabled. To enable core dumping, try "ulimit -c unlimited" before starting Java again
#

---------------  T H R E A D  ---------------

Current thread (0x00007fd56c077800):  VMThread [stack: 0x00007fd5548f1000,0x00007fd5549f2000] [id=8004]

Stack: [0x00007fd5548f1000,0x00007fd5549f2000],  sp=0x00007fd5549effe0,  free space=1019k
Native frames: (J=compiled Java code, j=interpreted, Vv=VM code, C=native code)
V  [libjvm.so+0xaac99a]  VMError::report_and_die()+0x2ba
V  [libjvm.so+0x4f333b]  report_vm_out_of_memory(char const*, int, unsigned long, VMErrorType, char const*)+0x8b
V  [libjvm.so+0x90e7c3]  os::Linux::commit_memory_impl(char*, unsigned long, bool)+0x103
V  [libjvm.so+0x90ed19]  os::pd_commit_memory(char*, unsigned long, unsigned long, bool)+0x29
V  [libjvm.so+0x90867a]  os::commit_memory(char*, unsigned long, unsigned long, bool)+0x2a
V  [libjvm.so+0x97bac3]  PSVirtualSpace::expand_by(unsigned long)+0x53
V  [libjvm.so+0x96c320]  PSOldGen::expand(unsigned long)+0x170
V  [libjvm.so+0x96c52b]  PSOldGen::resize(unsigned long)+0x1cb
V  [libjvm.so+0x974241]  PSParallelCompact::invoke_no_policy(bool)+0x9d1
V  [libjvm.so+0x979bed]  PSScavenge::invoke()+0x1ad
V  [libjvm.so+0x932050]  ParallelScavengeHeap::failed_mem_allocate(unsigned long)+0x70
V  [libjvm.so+0xaae1d7]  VM_ParallelGCFailedAllocation::doit()+0x97
V  [libjvm.so+0xab59c5]  VM_Operation::evaluate()+0x55
V  [libjvm.so+0xab3d9a]  VMThread::evaluate_operation(VM_Operation*)+0xba
V  [libjvm.so+0xab411e]  VMThread::loop()+0x1ce
V  [libjvm.so+0xab4590]  VMThread::run()+0x70
V  [libjvm.so+0x910de8]  java_start(Thread*)+0x108

VM_Operation (0x00007fd5730f6ac0): ParallelGCFailedAllocation, mode: safepoint, requested by thread 0x00007fd56c00a000


---------------  P R O C E S S  ---------------

Java Threads: ( => current thread )
  0x00007fd56c0ca800 JavaThread "Service Thread" daemon [_thread_blocked, id=8032, stack(0x00007fd52feff000,0x00007fd530000000)]
  0x00007fd56c0bd000 JavaThread "C1 CompilerThread2" daemon [_thread_blocked, id=8031, stack(0x00007fd554022000,0x00007fd554123000)]
  0x00007fd56c0bb800 JavaThread "C2 CompilerThread1" daemon [_thread_blocked, id=8028, stack(0x00007fd554123000,0x00007fd554224000)]
  0x00007fd56c0b8800 JavaThread "C2 CompilerThread0" daemon [_thread_blocked, id=8026, stack(0x00007fd554224000,0x00007fd554325000)]
  0x00007fd56c0b7000 JavaThread "Signal Dispatcher" daemon [_thread_blocked, id=8025, stack(0x00007fd554325000,0x00007fd554426000)]
  0x00007fd56c07f000 JavaThread "Finalizer" daemon [_thread_blocked, id=8015, stack(0x00007fd5546ef000,0x00007fd5547f0000)]
  0x00007fd56c07c800 JavaThread "Reference Handler" daemon [_thread_blocked, id=8012, stack(0x00007fd5547f0000,0x00007fd5548f1000)]
  0x00007fd56c00a000 JavaThread "main" [_thread_blocked, id=7982, stack(0x00007fd572ff8000,0x00007fd5730f9000)]

Other Threads:
=>0x00007fd56c077800 VMThread [stack: 0x00007fd5548f1000,0x00007fd5549f2000] [id=8004]
  0x00007fd56c0cd000 WatcherThread [stack: 0x00007fd52fdfe000,0x00007fd52feff000] [id=8033]

VM state:at safepoint (normal execution)

VM Mutex/Monitor currently owned by a thread:  ([mutex/lock_event])
[0x00007fd56c005cd0] ExpandHeap_lock - owner thread: 0x00007fd56c077800
[0x00007fd56c006350] Threads_lock - owner thread: 0x00007fd56c077800
[0x00007fd56c006850] Heap_lock - owner thread: 0x00007fd56c00a000

Heap:
 PSYoungGen      total 246272K, used 0K [0x00000000eab00000, 0x0000000100000000, 0x0000000100000000)
  eden space 195584K, 0% used [0x00000000eab00000,0x00000000eab00000,0x00000000f6a00000)
  from space 50688K, 0% used [0x00000000f6a00000,0x00000000f6a00000,0x00000000f9b80000)
  to   space 79872K, 0% used [0x00000000fb200000,0x00000000fb200000,0x0000000100000000)
 ParOldGen       total 203264K, used 144581K [0x00000000c0000000, 0x00000000cc680000, 0x00000000eab00000)
  object space 203264K, 71% used [0x00000000c0000000,0x00000000c8d31508,0x00000000cc680000)
 Metaspace       used 6048K, capacity 7152K, committed 7296K, reserved 1056768K
  class space    used 567K, capacity 616K, committed 640K, reserved 1048576K

Card table byte_map: [0x00007fd55ca3f000,0x00007fd55cc40000] byte_map_base: 0x00007fd55c43f000

Marking Bits: (ParMarkBitMap*) 0x00007fd5724d5760
 Begin Bits: [0x00007fd556000000, 0x00007fd557000000)
 End Bits:   [0x00007fd557000000, 0x00007fd558000000)

Polling page: 0x00007fd57311c000

CodeCache: size=245760Kb used=10501Kb max_used=10521Kb free=235258Kb
 bounds [0x00007fd55d000000, 0x00007fd55da60000, 0x00007fd56c000000]
 total_blobs=2302 nmethods=2039 adapters=178
 compilation: enabled

Compilation events (10 events):
Event: 25.263 Thread 0x00007fd56c0bb800 nmethod 2245% 0x00007fd55d9fe090 code [0x00007fd55d9fe200, 0x00007fd55d9fe608]
Event: 25.263 Thread 0x00007fd56c0bb800 2239       4       com.android.dx.cf.iface.StdAttributeList::findFirst (44 bytes)
Event: 25.266 Thread 0x00007fd56c0bb800 nmethod 2239 0x00007fd55d11c490 code [0x00007fd55d11c600, 0x00007fd55d11c8b8]
Event: 25.266 Thread 0x00007fd56c0bb800 2230       4       com.android.dx.ssa.back.FirstFitLocalCombiningAllocator::handleNormalUnassociated (99 bytes)
Event: 25.518 Thread 0x00007fd56c0bb800 nmethod 2230 0x00007fd55da3ca10 code [0x00007fd55da3cd80, 0x00007fd55da3ed30]
Event: 25.519 Thread 0x00007fd56c0bb800 2226 %     4       com.android.dx.ssa.back.InterferenceGraph::<init> @ 18 (42 bytes)
Event: 25.591 Thread 0x00007fd56c0b8800 nmethod 2225% 0x00007fd55da45390 code [0x00007fd55da45760, 0x00007fd55da47af0]
Event: 25.607 Thread 0x00007fd56c0bb800 nmethod 2226% 0x00007fd55da439d0 code [0x00007fd55da43ba0, 0x00007fd55da44b78]
Event: 25.868 Thread 0x00007fd56c0b8800 2247       4       com.android.dx.cf.code.Simulator$SimVisitor::visitLocal (329 bytes)
Event: 26.013 Thread 0x00007fd56c0b8800 nmethod 2247 0x00007fd55da4d050 code [0x00007fd55da4d400, 0x00007fd55da4f4a0]

GC Heap History (10 events):
Event: 17.314 GC heap after
Heap after GC invocations=14 (full 2):
 PSYoungGen      total 237568K, used 45552K [0x00000000eab00000, 0x0000000100000000, 0x0000000100000000)
  eden space 192000K, 0% used [0x00000000eab00000,0x00000000eab00000,0x00000000f6680000)
  from space 45568K, 99% used [0x00000000fa780000,0x00000000fd3fc098,0x00000000fd400000)
  to   space 66560K, 0% used [0x00000000f6680000,0x00000000f6680000,0x00000000fa780000)
 ParOldGen       total 145920K, used 110177K [0x00000000c0000000, 0x00000000c8e80000, 0x00000000eab00000)
  object space 145920K, 75% used [0x00000000c0000000,0x00000000c6b98738,0x00000000c8e80000)
 Metaspace       used 6048K, capacity 7152K, committed 7296K, reserved 1056768K
  class space    used 567K, capacity 616K, committed 640K, reserved 1048576K
}
Event: 17.314 GC heap before
{Heap before GC invocations=15 (full 3):
 PSYoungGen      total 237568K, used 45552K [0x00000000eab00000, 0x0000000100000000, 0x0000000100000000)
  eden space 192000K, 0% used [0x00000000eab00000,0x00000000eab00000,0x00000000f6680000)
  from space 45568K, 99% used [0x00000000fa780000,0x00000000fd3fc098,0x00000000fd400000)
  to   space 66560K, 0% used [0x00000000f6680000,0x00000000f6680000,0x00000000fa780000)
 ParOldGen       total 145920K, used 110177K [0x00000000c0000000, 0x00000000c8e80000, 0x00000000eab00000)
  object space 145920K, 75% used [0x00000000c0000000,0x00000000c6b98738,0x00000000c8e80000)
 Metaspace       used 6048K, capacity 7152K, committed 7296K, reserved 1056768K
  class space    used 567K, capacity 616K, committed 640K, reserved 1048576K
Event: 18.079 GC heap after
Heap after GC invocations=15 (full 3):
 PSYoungGen      total 237568K, used 0K [0x00000000eab00000, 0x0000000100000000, 0x0000000100000000)
  eden space 192000K, 0% used [0x00000000eab00000,0x00000000eab00000,0x00000000f6680000)
  from space 45568K, 0% used [0x00000000fa780000,0x00000000fa780000,0x00000000fd400000)
  to   space 66560K, 0% used [0x00000000f6680000,0x00000000f6680000,0x00000000fa780000)
 ParOldGen       total 203264K, used 109263K [0x00000000c0000000, 0x00000000cc680000, 0x00000000eab00000)
  object space 203264K, 53% used [0x00000000c0000000,0x00000000c6ab3f60,0x00000000cc680000)
 Metaspace       used 6048K, capacity 7152K, committed 7296K, reserved 1056768K
  class space    used 567K, capacity 616K, committed 640K, reserved 1048576K
}
Event: 21.067 GC heap before
{Heap before GC invocations=16 (full 3):
 PSYoungGen      total 237568K, used 192000K [0x00000000eab00000, 0x0000000100000000, 0x0000000100000000)
  eden space 192000K, 100% used [0x00000000eab00000,0x00000000f6680000,0x00000000f6680000)
  from space 45568K, 0% used [0x00000000fa780000,0x00000000fa780000,0x00000000fd400000)
  to   space 66560K, 0% used [0x00000000f6680000,0x00000000f6680000,0x00000000fa780000)
 ParOldGen       total 203264K, used 109263K [0x00000000c0000000, 0x00000000cc680000, 0x00000000eab00000)
  object space 203264K, 53% used [0x00000000c0000000,0x00000000c6ab3f60,0x00000000cc680000)
 Metaspace       used 6048K, capacity 7152K, committed 7296K, reserved 1056768K
  class space    used 567K, capacity 616K, committed 640K, reserved 1048576K
Event: 21.157 GC heap after
Heap after GC invocations=16 (full 3):
 PSYoungGen      total 258560K, used 30131K [0x00000000eab00000, 0x0000000100000000, 0x0000000100000000)
  eden space 192000K, 0% used [0x00000000eab00000,0x00000000eab00000,0x00000000f6680000)
  from space 66560K, 45% used [0x00000000f6680000,0x00000000f83ecff0,0x00000000fa780000)
  to   space 64512K, 0% used [0x00000000fc100000,0x00000000fc100000,0x0000000100000000)
 ParOldGen       total 203264K, used 109263K [0x00000000c0000000, 0x00000000cc680000, 0x00000000eab00000)
  object space 203264K, 53% used [0x00000000c0000000,0x00000000c6ab3f60,0x00000000cc680000)
 Metaspace       used 6048K, capacity 7152K, committed 7296K, reserved 1056768K
  class space    used 567K, capacity 616K, committed 640K, reserved 1048576K
}
Event: 23.685 GC heap before
{Heap before GC invocations=17 (full 3):
 PSYoungGen      total 258560K, used 222131K [0x00000000eab00000, 0x0000000100000000, 0x0000000100000000)
  eden space 192000K, 100% used [0x00000000eab00000,0x00000000f6680000,0x00000000f6680000)
  from space 66560K, 45% used [0x00000000f6680000,0x00000000f83ecff0,0x00000000fa780000)
  to   space 64512K, 0% used [0x00000000fc100000,0x00000000fc100000,0x0000000100000000)
 ParOldGen       total 203264K, used 109263K [0x00000000c0000000, 0x00000000cc680000, 0x00000000eab00000)
  object space 203264K, 53% used [0x00000000c0000000,0x00000000c6ab3f60,0x00000000cc680000)
 Metaspace       used 6048K, capacity 7152K, committed 7296K, reserved 1056768K
  class space    used 567K, capacity 616K, committed 640K, reserved 1048576K
Event: 23.875 GC heap after
Heap after GC invocations=17 (full 3):
 PSYoungGen      total 260096K, used 64486K [0x00000000eab00000, 0x0000000100000000, 0x0000000100000000)
  eden space 195584K, 0% used [0x00000000eab00000,0x00000000eab00000,0x00000000f6a00000)
  from space 64512K, 99% used [0x00000000fc100000,0x00000000ffff9a38,0x0000000100000000)
  to   space 76800K, 0% used [0x00000000f6a00000,0x00000000f6a00000,0x00000000fb500000)
 ParOldGen       total 203264K, used 114025K [0x00000000c0000000, 0x00000000cc680000, 0x00000000eab00000)
  object space 203264K, 56% used [0x00000000c0000000,0x00000000c6f5a5d0,0x00000000cc680000)
 Metaspace       used 6048K, capacity 7152K, committed 7296K, reserved 1056768K
  class space    used 567K, capacity 616K, committed 640K, reserved 1048576K
}
Event: 26.216 GC heap before
{Heap before GC invocations=18 (full 3):
 PSYoungGen      total 260096K, used 260070K [0x00000000eab00000, 0x0000000100000000, 0x0000000100000000)
  eden space 195584K, 100% used [0x00000000eab00000,0x00000000f6a00000,0x00000000f6a00000)
  from space 64512K, 99% used [0x00000000fc100000,0x00000000ffff9a38,0x0000000100000000)
  to   space 76800K, 0% used [0x00000000f6a00000,0x00000000f6a00000,0x00000000fb500000)
 ParOldGen       total 203264K, used 114025K [0x00000000c0000000, 0x00000000cc680000, 0x00000000eab00000)
  object space 203264K, 56% used [0x00000000c0000000,0x00000000c6f5a5d0,0x00000000cc680000)
 Metaspace       used 6048K, capacity 7152K, committed 7296K, reserved 1056768K
  class space    used 567K, capacity 616K, committed 640K, reserved 1048576K
Event: 26.473 GC heap after
Heap after GC invocations=18 (full 3):
 PSYoungGen      total 246272K, used 50180K [0x00000000eab00000, 0x0000000100000000, 0x0000000100000000)
  eden space 195584K, 0% used [0x00000000eab00000,0x00000000eab00000,0x00000000f6a00000)
  from space 50688K, 98% used [0x00000000f6a00000,0x00000000f9b01368,0x00000000f9b80000)
  to   space 79872K, 0% used [0x00000000fb200000,0x00000000fb200000,0x0000000100000000)
 ParOldGen       total 203264K, used 174233K [0x00000000c0000000, 0x00000000cc680000, 0x00000000eab00000)
  object space 203264K, 85% used [0x00000000c0000000,0x00000000caa26708,0x00000000cc680000)
 Metaspace       used 6048K, capacity 7152K, committed 7296K, reserved 1056768K
  class space    used 567K, capacity 616K, committed 640K, reserved 1048576K
}
Event: 26.473 GC heap before
{Heap before GC invocations=19 (full 4):
 PSYoungGen      total 246272K, used 50180K [0x00000000eab00000, 0x0000000100000000, 0x0000000100000000)
  eden space 195584K, 0% used [0x00000000eab00000,0x00000000eab00000,0x00000000f6a00000)
  from space 50688K, 98% used [0x00000000f6a00000,0x00000000f9b01368,0x00000000f9b80000)
  to   space 79872K, 0% used [0x00000000fb200000,0x00000000fb200000,0x0000000100000000)
 ParOldGen       total 203264K, used 174233K [0x00000000c0000000, 0x00000000cc680000, 0x00000000eab00000)
  object space 203264K, 85% used [0x00000000c0000000,0x00000000caa26708,0x00000000cc680000)
 Metaspace       used 6048K, capacity 7152K, committed 7296K, reserved 1056768K
  class space    used 567K, capacity 616K, committed 640K, reserved 1048576K

Deoptimization events (10 events):
Event: 4.764 Thread 0x00007fd56c00a000 Uncommon trap: reason=unstable_if action=reinterpret pc=0x00007fd55d4f54dc method=java.util.HashMap.putVal(ILjava/lang/Object;Ljava/lang/Object;ZZ)Ljava/lang/Object; @ 162
Event: 7.667 Thread 0x00007fd56c00a000 Uncommon trap: reason=unstable_if action=reinterpret pc=0x00007fd55d430be4 method=com.android.dx.ssa.SetFactory.makeLivenessSet(I)Lcom/android/dx/util/IntSet; @ 4
Event: 11.322 Thread 0x00007fd56c00a000 Uncommon trap: reason=bimorphic action=maybe_recompile pc=0x00007fd55d718aa4 method=com.android.dx.cf.code.BytecodeArray.parseInstruction(ILcom/android/dx/cf/code/BytecodeArray$Visitor;)I @ 2135
Event: 11.322 Thread 0x00007fd56c00a000 Uncommon trap: reason=class_check action=maybe_recompile pc=0x00007fd55d71a4c4 method=com.android.dx.cf.code.BytecodeArray.parseInstruction(ILcom/android/dx/cf/code/BytecodeArray$Visitor;)I @ 2002
Event: 11.322 Thread 0x00007fd56c00a000 Uncommon trap: reason=class_check action=maybe_recompile pc=0x00007fd55d71a4c4 method=com.android.dx.cf.code.BytecodeArray.parseInstruction(ILcom/android/dx/cf/code/BytecodeArray$Visitor;)I @ 2002
Event: 11.322 Thread 0x00007fd56c00a000 Uncommon trap: reason=bimorphic action=maybe_recompile pc=0x00007fd55d718aa4 method=com.android.dx.cf.code.BytecodeArray.parseInstruction(ILcom/android/dx/cf/code/BytecodeArray$Visitor;)I @ 2135
Event: 16.406 Thread 0x00007fd56c00a000 Uncommon trap: reason=class_check action=maybe_recompile pc=0x00007fd55d74a484 method=com.android.dx.cf.code.RopperMachine.run(Lcom/android/dx/cf/code/Frame;II)V @ 1024
Event: 21.902 Thread 0x00007fd56c00a000 Uncommon trap: reason=unstable_if action=reinterpret pc=0x00007fd55d89bfa8 method=com.android.dx.cf.code.Simulator$SimVisitor.visitLocal(IIIILcom/android/dx/rop/type/Type;I)V @ 162
Event: 21.902 Thread 0x00007fd56c00a000 Uncommon trap: reason=unstable_if action=reinterpret pc=0x00007fd55d426124 method=com.android.dx.ssa.SsaRenamer$BlockRenamer.addMapping(ILcom/android/dx/rop/code/RegisterSpec;)V @ 120
Event: 21.902 Thread 0x00007fd56c00a000 Uncommon trap: reason=unstable_if action=reinterpret pc=0x00007fd55d8ed620 method=com.android.dx.dex.code.RopTranslator$TranslationVisitor.visitPlainInsn(Lcom/android/dx/rop/code/PlainInsn;)V @ 11

Internal exceptions (5 events):
Event: 0.063 Thread 0x00007fd56c00a000 Exception <a 'java/lang/NoSuchMethodError': Method sun.misc.Unsafe.defineClass(Ljava/lang/String;[BII)Ljava/lang/Class; name or signature does not match> (0x00000000eab12a38) thrown at [/RE-WORK/workspace/8-2-build-linux-amd64/jdk8u45/3457/hotspot/src/sha
Event: 0.063 Thread 0x00007fd56c00a000 Exception <a 'java/lang/NoSuchMethodError': Method sun.misc.Unsafe.prefetchRead(Ljava/lang/Object;J)V name or signature does not match> (0x00000000eab12cc8) thrown at [/RE-WORK/workspace/8-2-build-linux-amd64/jdk8u45/3457/hotspot/src/share/vm/prims/jni.cp
Event: 4.755 Thread 0x00007fd56c00a000 Exception <a 'java/lang/ArrayIndexOutOfBoundsException': 18> (0x00000000ed518700) thrown at [/RE-WORK/workspace/8-2-build-linux-amd64/jdk8u45/3457/hotspot/src/share/vm/interpreter/interpreterRuntime.cpp, line 366]
Event: 4.756 Thread 0x00007fd56c00a000 Exception <a 'java/lang/ArrayIndexOutOfBoundsException': 145> (0x00000000ed51a1d0) thrown at [/RE-WORK/workspace/8-2-build-linux-amd64/jdk8u45/3457/hotspot/src/share/vm/interpreter/interpreterRuntime.cpp, line 366]
Event: 4.756 Thread 0x00007fd56c00a000 Exception <a 'java/lang/ArrayIndexOutOfBoundsException'> (0x00000000ed51b408) thrown at [/RE-WORK/workspace/8-2-build-linux-amd64/jdk8u45/3457/hotspot/src/share/vm/runtime/sharedRuntime.cpp, line 605]

Events (10 events):
Event: 25.177 Thread 0x00007fd56c00a000 DEOPT UNPACKING pc=0x00007fd55d047233 sp=0x00007fd5730f6a18 mode 0
Event: 25.199 Thread 0x00007fd56c0bb800 flushing nmethod 0x00007fd55d107b10
Event: 25.199 Thread 0x00007fd56c0bb800 flushing nmethod 0x00007fd55d109c50
Event: 25.199 Thread 0x00007fd56c0bb800 flushing nmethod 0x00007fd55d10a110
Event: 25.199 Thread 0x00007fd56c0bb800 flushing nmethod 0x00007fd55d10a450
Event: 25.199 Thread 0x00007fd56c0bb800 flushing nmethod 0x00007fd55d11c490
Event: 25.199 Thread 0x00007fd56c0bb800 flushing nmethod 0x00007fd55d141790
Event: 25.255 Thread 0x00007fd56c00a000 DEOPT PACKING pc=0x00007fd55d59ba8c sp=0x00007fd5730f6d50
Event: 25.255 Thread 0x00007fd56c00a000 DEOPT UNPACKING pc=0x00007fd55d047233 sp=0x00007fd5730f6af0 mode 0
Event: 26.216 Executing VM operation: ParallelGCFailedAllocation


Dynamic libraries:
00400000-00401000 r-xp 00000000 08:03 1572315                            /opt/java/jdk1.8.0_45/bin/java
00600000-00601000 rw-p 00000000 08:03 1572315                            /opt/java/jdk1.8.0_45/bin/java
0225e000-0227f000 rw-p 00000000 00:00 0                                  [heap]
c0000000-cc680000 rw-p 00000000 00:00 0 
d0900000-eab00000 ---p 00000000 00:00 0 
eab00000-100000000 rw-p 00000000 00:00 0 
100000000-1000a0000 rw-p 00000000 00:00 0 
1000a0000-140000000 ---p 00000000 00:00 0 
7fd520000000-7fd520021000 rw-p 00000000 00:00 0 
7fd520021000-7fd524000000 ---p 00000000 00:00 0 
7fd524000000-7fd524021000 rw-p 00000000 00:00 0 
7fd524021000-7fd528000000 ---p 00000000 00:00 0 
7fd528000000-7fd5289a4000 rw-p 00000000 00:00 0 
7fd5289a4000-7fd52c000000 ---p 00000000 00:00 0 
7fd52fdfe000-7fd52fdff000 ---p 00000000 00:00 0 
7fd52fdff000-7fd52feff000 rw-p 00000000 00:00 0                          [stack:8033]
7fd52feff000-7fd52ff02000 ---p 00000000 00:00 0 
7fd52ff02000-7fd530000000 rw-p 00000000 00:00 0                          [stack:8032]
7fd530000000-7fd531465000 rw-p 00000000 00:00 0 
7fd531465000-7fd534000000 ---p 00000000 00:00 0 
7fd534000000-7fd535bc6000 rw-p 00000000 00:00 0 
7fd535bc6000-7fd538000000 ---p 00000000 00:00 0 
7fd538000000-7fd538021000 rw-p 00000000 00:00 0 
7fd538021000-7fd53c000000 ---p 00000000 00:00 0 
7fd53c000000-7fd53c021000 rw-p 00000000 00:00 0 
7fd53c021000-7fd540000000 ---p 00000000 00:00 0 
7fd540000000-7fd54028c000 rw-p 00000000 00:00 0 
7fd54028c000-7fd544000000 ---p 00000000 00:00 0 
7fd544000000-7fd544021000 rw-p 00000000 00:00 0 
7fd544021000-7fd548000000 ---p 00000000 00:00 0 
7fd548000000-7fd548021000 rw-p 00000000 00:00 0 
7fd548021000-7fd54c000000 ---p 00000000 00:00 0 
7fd54c000000-7fd54c021000 rw-p 00000000 00:00 0 
7fd54c021000-7fd550000000 ---p 00000000 00:00 0 
7fd550000000-7fd550021000 rw-p 00000000 00:00 0 
7fd550021000-7fd554000000 ---p 00000000 00:00 0 
7fd554022000-7fd554025000 ---p 00000000 00:00 0 
7fd554025000-7fd554123000 rw-p 00000000 00:00 0                          [stack:8031]
7fd554123000-7fd554126000 ---p 00000000 00:00 0 
7fd554126000-7fd554224000 rw-p 00000000 00:00 0                          [stack:8028]
7fd554224000-7fd554227000 ---p 00000000 00:00 0 
7fd554227000-7fd554325000 rw-p 00000000 00:00 0                          [stack:8026]
7fd554325000-7fd554328000 ---p 00000000 00:00 0 
7fd554328000-7fd554426000 rw-p 00000000 00:00 0                          [stack:8025]
7fd554426000-7fd5546ef000 r--p 00000000 08:03 266989                     /usr/lib/locale/locale-archive
7fd5546ef000-7fd5546f2000 ---p 00000000 00:00 0 
7fd5546f2000-7fd5547f0000 rw-p 00000000 00:00 0                          [stack:8015]
7fd5547f0000-7fd5547f3000 ---p 00000000 00:00 0 
7fd5547f3000-7fd5548f1000 rw-p 00000000 00:00 0                          [stack:8012]
7fd5548f1000-7fd5548f2000 ---p 00000000 00:00 0 
7fd5548f2000-7fd555e80000 rw-p 00000000 00:00 0                          [stack:8004]
7fd555e80000-7fd556000000 ---p 00000000 00:00 0 
7fd556000000-7fd558000000 rw-p 00000000 00:00 0 
7fd558000000-7fd558021000 rw-p 00000000 00:00 0 
7fd558021000-7fd55c000000 ---p 00000000 00:00 0 
7fd55c06e000-7fd55c079000 r--s 00079000 00:19 11273023                   /home/mike/AndroidStudioProjects/Wordist/app/build/intermediates/exploded-aar/com.google.android.gms/play-services-analytics/7.5.0/jars/classes.jar
7fd55c079000-7fd55c088000 r--s 000dd000 00:19 9438599                    /home/mike/Android/Sdk/build-tools/22.0.1/lib/dx.jar
7fd55c088000-7fd55c1ec000 rw-p 00000000 00:00 0 
7fd55c1ec000-7fd55c3c5000 r--s 03d09000 08:03 1573810                    /opt/java/jdk1.8.0_45/jre/lib/rt.jar
7fd55c3c5000-7fd55c63b000 rw-p 00000000 00:00 0 
7fd55c63b000-7fd55c63c000 ---p 00000000 00:00 0 
7fd55c63c000-7fd55c73c000 rw-p 00000000 00:00 0                          [stack:7997]
7fd55c73c000-7fd55c73d000 ---p 00000000 00:00 0 
7fd55c73d000-7fd55c83d000 rw-p 00000000 00:00 0                          [stack:7995]
7fd55c83d000-7fd55c83e000 ---p 00000000 00:00 0 
7fd55c83e000-7fd55c93e000 rw-p 00000000 00:00 0                          [stack:7990]
7fd55c93e000-7fd55c93f000 ---p 00000000 00:00 0 
7fd55c93f000-7fd55caa3000 rw-p 00000000 00:00 0                          [stack:7988]
7fd55caa3000-7fd55cb94000 ---p 00000000 00:00 0 
7fd55cb94000-7fd55cc3f000 rw-p 00000000 00:00 0 
7fd55cc3f000-7fd55cc6a000 rw-p 00000000 00:00 0 
7fd55cc6a000-7fd55d000000 ---p 00000000 00:00 0 
7fd55d000000-7fd55da60000 rwxp 00000000 00:00 0 
7fd55da60000-7fd56c000000 ---p 00000000 00:00 0 
7fd56c000000-7fd56c399000 rw-p 00000000 00:00 0 
7fd56c399000-7fd570000000 ---p 00000000 00:00 0 
7fd570000000-7fd5700a6000 rw-p 00000000 00:00 0 
7fd5700a6000-7fd570198000 ---p 00000000 00:00 0 
7fd570198000-7fd5701b2000 r-xp 00000000 08:03 1574049                    /opt/java/jdk1.8.0_45/jre/lib/amd64/libzip.so
7fd5701b2000-7fd5703b2000 ---p 0001a000 08:03 1574049                    /opt/java/jdk1.8.0_45/jre/lib/amd64/libzip.so
7fd5703b2000-7fd5703b3000 rw-p 0001a000 08:03 1574049                    /opt/java/jdk1.8.0_45/jre/lib/amd64/libzip.so
7fd5703b3000-7fd5703be000 r-xp 00000000 08:03 131807                     /lib/x86_64-linux-gnu/libnss_files-2.19.so
7fd5703be000-7fd5705bd000 ---p 0000b000 08:03 131807                     /lib/x86_64-linux-gnu/libnss_files-2.19.so
7fd5705bd000-7fd5705be000 r--p 0000a000 08:03 131807                     /lib/x86_64-linux-gnu/libnss_files-2.19.so
7fd5705be000-7fd5705bf000 rw-p 0000b000 08:03 131807                     /lib/x86_64-linux-gnu/libnss_files-2.19.so
7fd5705bf000-7fd5705ca000 r-xp 00000000 08:03 131871                     /lib/x86_64-linux-gnu/libnss_nis-2.19.so
7fd5705ca000-7fd5707c9000 ---p 0000b000 08:03 131871                     /lib/x86_64-linux-gnu/libnss_nis-2.19.so
7fd5707c9000-7fd5707ca000 r--p 0000a000 08:03 131871                     /lib/x86_64-linux-gnu/libnss_nis-2.19.so
7fd5707ca000-7fd5707cb000 rw-p 0000b000 08:03 131871                     /lib/x86_64-linux-gnu/libnss_nis-2.19.so
7fd5707cb000-7fd5707e2000 r-xp 00000000 08:03 131829                     /lib/x86_64-linux-gnu/libnsl-2.19.so
7fd5707e2000-7fd5709e1000 ---p 00017000 08:03 131829                     /lib/x86_64-linux-gnu/libnsl-2.19.so
7fd5709e1000-7fd5709e2000 r--p 00016000 08:03 131829                     /lib/x86_64-linux-gnu/libnsl-2.19.so
7fd5709e2000-7fd5709e3000 rw-p 00017000 08:03 131829                     /lib/x86_64-linux-gnu/libnsl-2.19.so
7fd5709e3000-7fd5709e5000 rw-p 00000000 00:00 0 
7fd5709e5000-7fd5709ee000 r-xp 00000000 08:03 131828                     /lib/x86_64-linux-gnu/libnss_compat-2.19.so
7fd5709ee000-7fd570bed000 ---p 00009000 08:03 131828                     /lib/x86_64-linux-gnu/libnss_compat-2.19.so
7fd570bed000-7fd570bee000 r--p 00008000 08:03 131828                     /lib/x86_64-linux-gnu/libnss_compat-2.19.so
7fd570bee000-7fd570bef000 rw-p 00009000 08:03 131828                     /lib/x86_64-linux-gnu/libnss_compat-2.19.so
7fd570bef000-7fd570c19000 r-xp 00000000 08:03 1574040                    /opt/java/jdk1.8.0_45/jre/lib/amd64/libjava.so
7fd570c19000-7fd570e19000 ---p 0002a000 08:03 1574040                    /opt/java/jdk1.8.0_45/jre/lib/amd64/libjava.so
7fd570e19000-7fd570e1b000 rw-p 0002a000 08:03 1574040                    /opt/java/jdk1.8.0_45/jre/lib/amd64/libjava.so
7fd570e1b000-7fd570e28000 r-xp 00000000 08:03 1574047                    /opt/java/jdk1.8.0_45/jre/lib/amd64/libverify.so
7fd570e28000-7fd571028000 ---p 0000d000 08:03 1574047                    /opt/java/jdk1.8.0_45/jre/lib/amd64/libverify.so
7fd571028000-7fd57102a000 rw-p 0000d000 08:03 1574047                    /opt/java/jdk1.8.0_45/jre/lib/amd64/libverify.so
7fd57102a000-7fd571031000 r-xp 00000000 08:03 131868                     /lib/x86_64-linux-gnu/librt-2.19.so
7fd571031000-7fd571230000 ---p 00007000 08:03 131868                     /lib/x86_64-linux-gnu/librt-2.19.so
7fd571230000-7fd571231000 r--p 00006000 08:03 131868                     /lib/x86_64-linux-gnu/librt-2.19.so
7fd571231000-7fd571232000 rw-p 00007000 08:03 131868                     /lib/x86_64-linux-gnu/librt-2.19.so
7fd571232000-7fd571337000 r-xp 00000000 08:03 131806                     /lib/x86_64-linux-gnu/libm-2.19.so
7fd571337000-7fd571536000 ---p 00105000 08:03 131806                     /lib/x86_64-linux-gnu/libm-2.19.so
7fd571536000-7fd571537000 r--p 00104000 08:03 131806                     /lib/x86_64-linux-gnu/libm-2.19.so
7fd571537000-7fd571538000 rw-p 00105000 08:03 131806                     /lib/x86_64-linux-gnu/libm-2.19.so
7fd571538000-7fd5721e6000 r-xp 00000000 08:03 1574060                    /opt/java/jdk1.8.0_45/jre/lib/amd64/server/libjvm.so
7fd5721e6000-7fd5723e5000 ---p 00cae000 08:03 1574060                    /opt/java/jdk1.8.0_45/jre/lib/amd64/server/libjvm.so
7fd5723e5000-7fd5724bc000 rw-p 00cad000 08:03 1574060                    /opt/java/jdk1.8.0_45/jre/lib/amd64/server/libjvm.so
7fd5724bc000-7fd572500000 rw-p 00000000 00:00 0 
7fd572500000-7fd5726bb000 r-xp 00000000 08:03 131857                     /lib/x86_64-linux-gnu/libc-2.19.so
7fd5726bb000-7fd5728ba000 ---p 001bb000 08:03 131857                     /lib/x86_64-linux-gnu/libc-2.19.so
7fd5728ba000-7fd5728be000 r--p 001ba000 08:03 131857                     /lib/x86_64-linux-gnu/libc-2.19.so
7fd5728be000-7fd5728c0000 rw-p 001be000 08:03 131857                     /lib/x86_64-linux-gnu/libc-2.19.so
7fd5728c0000-7fd5728c5000 rw-p 00000000 00:00 0 
7fd5728c5000-7fd5728c8000 r-xp 00000000 08:03 131810                     /lib/x86_64-linux-gnu/libdl-2.19.so
7fd5728c8000-7fd572ac7000 ---p 00003000 08:03 131810                     /lib/x86_64-linux-gnu/libdl-2.19.so
7fd572ac7000-7fd572ac8000 r--p 00002000 08:03 131810                     /lib/x86_64-linux-gnu/libdl-2.19.so
7fd572ac8000-7fd572ac9000 rw-p 00003000 08:03 131810                     /lib/x86_64-linux-gnu/libdl-2.19.so
7fd572ac9000-7fd572ade000 r-xp 00000000 08:03 1573749                    /opt/java/jdk1.8.0_45/lib/amd64/jli/libjli.so
7fd572ade000-7fd572cde000 ---p 00015000 08:03 1573749                    /opt/java/jdk1.8.0_45/lib/amd64/jli/libjli.so
7fd572cde000-7fd572cdf000 rw-p 00015000 08:03 1573749                    /opt/java/jdk1.8.0_45/lib/amd64/jli/libjli.so
7fd572cdf000-7fd572cf8000 r-xp 00000000 08:03 131858                     /lib/x86_64-linux-gnu/libpthread-2.19.so
7fd572cf8000-7fd572ef7000 ---p 00019000 08:03 131858                     /lib/x86_64-linux-gnu/libpthread-2.19.so
7fd572ef7000-7fd572ef8000 r--p 00018000 08:03 131858                     /lib/x86_64-linux-gnu/libpthread-2.19.so
7fd572ef8000-7fd572ef9000 rw-p 00019000 08:03 131858                     /lib/x86_64-linux-gnu/libpthread-2.19.so
7fd572ef9000-7fd572efd000 rw-p 00000000 00:00 0 
7fd572efd000-7fd572f20000 r-xp 00000000 08:03 131833                     /lib/x86_64-linux-gnu/ld-2.19.so
7fd572f26000-7fd572ff8000 rw-p 00000000 00:00 0 
7fd572ff8000-7fd572ffb000 ---p 00000000 00:00 0 
7fd572ffb000-7fd5730fe000 rw-p 00000000 00:00 0                          [stack:7982]
7fd5730fe000-7fd5730ff000 r--p 00000000 08:03 672594                     /usr/share/locale-langpack/en_GB/LC_MESSAGES/libc.mo
7fd5730ff000-7fd573113000 rw-p 00000000 00:00 0 
7fd573113000-7fd57311b000 rw-s 00000000 08:03 1574185                    /tmp/hsperfdata_mike/7979
7fd57311b000-7fd57311c000 rw-p 00000000 00:00 0 
7fd57311c000-7fd57311d000 ---p 00000000 00:00 0 
7fd57311d000-7fd57311f000 rw-p 00000000 00:00 0 
7fd57311f000-7fd573120000 r--p 00022000 08:03 131833                     /lib/x86_64-linux-gnu/ld-2.19.so
7fd573120000-7fd573121000 rw-p 00023000 08:03 131833                     /lib/x86_64-linux-gnu/ld-2.19.so
7fd573121000-7fd573122000 rw-p 00000000 00:00 0 
7fff9b238000-7fff9b259000 rw-p 00000000 00:00 0                          [stack]
7fff9b26b000-7fff9b26d000 r-xp 00000000 00:00 0                          [vdso]
ffffffffff600000-ffffffffff601000 r-xp 00000000 00:00 0                  [vsyscall]

VM Arguments:
jvm_args: -Xmx1024M -Dfile.encoding=UTF-8 -Duser.country=GB -Duser.language=en -Duser.variant 
java_command: com.android.dx.command.Main --dex --output /home/mike/AndroidStudioProjects/Wordist/app/build/intermediates/pre-dexed/release/classes-5ae6288c7a2c285a1f5c65eee856b578a7e5ab4c.jar /home/mike/AndroidStudioProjects/Wordist/app/build/intermediates/exploded-aar/com.google.android.gms/play-services-analytics/7.5.0/jars/classes.jar
java_class_path (initial): /home/mike/Android/Sdk/build-tools/22.0.1/lib/dx.jar
Launcher Type: SUN_STANDARD

Environment Variables:
PATH=/usr/local/sbin:/usr/local/bin:/usr/sbin:/usr/bin:/sbin:/bin:/usr/games:/usr/local/games
USERNAME=mike
LD_LIBRARY_PATH=/opt/android-studio/bin:
SHELL=/bin/bash
DISPLAY=:0

Signal Handlers:
SIGSEGV: [libjvm.so+0xaad1e0], sa_mask[0]=11111111011111111101111111111110, sa_flags=SA_RESTART|SA_SIGINFO
SIGBUS: [libjvm.so+0xaad1e0], sa_mask[0]=11111111011111111101111111111110, sa_flags=SA_RESTART|SA_SIGINFO
SIGFPE: [libjvm.so+0x90b450], sa_mask[0]=11111111011111111101111111111110, sa_flags=SA_RESTART|SA_SIGINFO
SIGPIPE: [libjvm.so+0x90b450], sa_mask[0]=11111111011111111101111111111110, sa_flags=SA_RESTART|SA_SIGINFO
SIGXFSZ: [libjvm.so+0x90b450], sa_mask[0]=11111111011111111101111111111110, sa_flags=SA_RESTART|SA_SIGINFO
SIGILL: [libjvm.so+0x90b450], sa_mask[0]=11111111011111111101111111111110, sa_flags=SA_RESTART|SA_SIGINFO
SIGUSR1: SIG_DFL, sa_mask[0]=00000000000000000000000000000000, sa_flags=none
SIGUSR2: [libjvm.so+0x90ca90], sa_mask[0]=00100000000000000000000000000000, sa_flags=SA_RESTART|SA_SIGINFO
SIGHUP: [libjvm.so+0x90dde0], sa_mask[0]=11111111011111111101111111111110, sa_flags=SA_RESTART|SA_SIGINFO
SIGINT: [libjvm.so+0x90dde0], sa_mask[0]=11111111011111111101111111111110, sa_flags=SA_RESTART|SA_SIGINFO
SIGTERM: [libjvm.so+0x90dde0], sa_mask[0]=11111111011111111101111111111110, sa_flags=SA_RESTART|SA_SIGINFO
SIGQUIT: [libjvm.so+0x90dde0], sa_mask[0]=11111111011111111101111111111110, sa_flags=SA_RESTART|SA_SIGINFO


---------------  S Y S T E M  ---------------

OS:DISTRIB_ID=LinuxMint
DISTRIB_RELEASE=17.2
DISTRIB_CODENAME=rafaela
DISTRIB_DESCRIPTION="Linux Mint 17.2 Rafaela"

uname:Linux 3.13.0-37-generic #64-Ubuntu SMP Mon Sep 22 21:28:38 UTC 2014 x86_64
libc:glibc 2.19 NPTL 2.19 
rlimit: STACK 8192k, CORE 0k, NPROC 30882, NOFILE 4096, AS infinity
load average:8.28 4.16 2.38

/proc/meminfo:
MemTotal:        4048044 kB
MemFree:          246820 kB
Buffers:             480 kB
Cached:            42728 kB
SwapCached:            0 kB
Active:          3006664 kB
Inactive:          36816 kB
Active(anon):    3001512 kB
Inactive(anon):    21240 kB
Active(file):       5152 kB
Inactive(file):    15576 kB
Unevictable:          72 kB
Mlocked:              72 kB
SwapTotal:             0 kB
SwapFree:              0 kB
Dirty:                 0 kB
Writeback:             0 kB
AnonPages:       3000532 kB
Mapped:           507584 kB
Shmem:             22336 kB
Slab:              68816 kB
SReclaimable:      24108 kB
SUnreclaim:        44708 kB
KernelStack:        4032 kB
PageTables:        25104 kB
NFS_Unstable:          0 kB
Bounce:                0 kB
WritebackTmp:          0 kB
CommitLimit:     2024020 kB
Committed_AS:    4203260 kB
VmallocTotal:   34359738367 kB
VmallocUsed:      305648 kB
VmallocChunk:   34359427560 kB
HardwareCorrupted:     0 kB
AnonHugePages:   1914880 kB
HugePages_Total:       0
HugePages_Free:        0
HugePages_Rsvd:        0
HugePages_Surp:        0
Hugepagesize:       2048 kB
DirectMap4k:      161344 kB
DirectMap2M:     2983936 kB
DirectMap1G:     1048576 kB


CPU:total 4 (4 cores per cpu, 1 threads per core) family 16 model 4 stepping 2, cmov, cx8, fxsr, mmx, sse, sse2, sse3, popcnt, mmxext, 3dnowpref, lzcnt, sse4a, tsc, tscinvbit, tscinv

/proc/cpuinfo:
processor	: 0
vendor_id	: AuthenticAMD
cpu family	: 16
model		: 4
model name	: AMD Phenom(tm) II X4 955 Processor
stepping	: 2
microcode	: 0x1000086
cpu MHz		: 3200.000
cache size	: 512 KB
physical id	: 0
siblings	: 4
core id		: 0
cpu cores	: 4
apicid		: 0
initial apicid	: 0
fpu		: yes
fpu_exception	: yes
cpuid level	: 5
wp		: yes
flags		: fpu vme de pse tsc msr pae mce cx8 apic sep mtrr pge mca cmov pat pse36 clflush mmx fxsr sse sse2 ht syscall nx mmxext fxsr_opt pdpe1gb rdtscp lm 3dnowext 3dnow constant_tsc rep_good nopl nonstop_tsc extd_apicid pni monitor cx16 popcnt lahf_lm cmp_legacy svm extapic cr8_legacy abm sse4a misalignsse 3dnowprefetch osvw ibs skinit wdt hw_pstate npt lbrv svm_lock nrip_save
bogomips	: 6399.94
TLB size	: 1024 4K pages
clflush size	: 64
cache_alignment	: 64
address sizes	: 48 bits physical, 48 bits virtual
power management: ts ttp tm stc 100mhzsteps hwpstate

processor	: 1
vendor_id	: AuthenticAMD
cpu family	: 16
model		: 4
model name	: AMD Phenom(tm) II X4 955 Processor
stepping	: 2
microcode	: 0x1000086
cpu MHz		: 3200.000
cache size	: 512 KB
physical id	: 0
siblings	: 4
core id		: 1
cpu cores	: 4
apicid		: 1
initial apicid	: 1
fpu		: yes
fpu_exception	: yes
cpuid level	: 5
wp		: yes
flags		: fpu vme de pse tsc msr pae mce cx8 apic sep mtrr pge mca cmov pat pse36 clflush mmx fxsr sse sse2 ht syscall nx mmxext fxsr_opt pdpe1gb rdtscp lm 3dnowext 3dnow constant_tsc rep_good nopl nonstop_tsc extd_apicid pni monitor cx16 popcnt lahf_lm cmp_legacy svm extapic cr8_legacy abm sse4a misalignsse 3dnowprefetch osvw ibs skinit wdt hw_pstate npt lbrv svm_lock nrip_save
bogomips	: 6399.94
TLB size	: 1024 4K pages
clflush size	: 64
cache_alignment	: 64
address sizes	: 48 bits physical, 48 bits virtual
power management: ts ttp tm stc 100mhzsteps hwpstate

processor	: 2
vendor_id	: AuthenticAMD
cpu family	: 16
model		: 4
model name	: AMD Phenom(tm) II X4 955 Processor
stepping	: 2
microcode	: 0x1000086
cpu MHz		: 3200.000
cache size	: 512 KB
physical id	: 0
siblings	: 4
core id		: 2
cpu cores	: 4
apicid		: 2
initial apicid	: 2
fpu		: yes
fpu_exception	: yes
cpuid level	: 5
wp		: yes
flags		: fpu vme de pse tsc msr pae mce cx8 apic sep mtrr pge mca cmov pat pse36 clflush mmx fxsr sse sse2 ht syscall nx mmxext fxsr_opt pdpe1gb rdtscp lm 3dnowext 3dnow constant_tsc rep_good nopl nonstop_tsc extd_apicid pni monitor cx16 popcnt lahf_lm cmp_legacy svm extapic cr8_legacy abm sse4a misalignsse 3dnowprefetch osvw ibs skinit wdt hw_pstate npt lbrv svm_lock nrip_save
bogomips	: 6399.94
TLB size	: 1024 4K pages
clflush size	: 64
cache_alignment	: 64
address sizes	: 48 bits physical, 48 bits virtual
power management: ts ttp tm stc 100mhzsteps hwpstate

processor	: 3
vendor_id	: AuthenticAMD
cpu family	: 16
model		: 4
model name	: AMD Phenom(tm) II X4 955 Processor
stepping	: 2
microcode	: 0x1000086
cpu MHz		: 3200.000
cache size	: 512 KB
physical id	: 0
siblings	: 4
core id		: 3
cpu cores	: 4
apicid		: 3
initial apicid	: 3
fpu		: yes
fpu_exception	: yes
cpuid level	: 5
wp		: yes
flags		: fpu vme de pse tsc msr pae mce cx8 apic sep mtrr pge mca cmov pat pse36 clflush mmx fxsr sse sse2 ht syscall nx mmxext fxsr_opt pdpe1gb rdtscp lm 3dnowext 3dnow constant_tsc rep_good nopl nonstop_tsc extd_apicid pni monitor cx16 popcnt lahf_lm cmp_legacy svm extapic cr8_legacy abm sse4a misalignsse 3dnowprefetch osvw ibs skinit wdt hw_pstate npt lbrv svm_lock nrip_save
bogomips	: 6399.94
TLB size	: 1024 4K pages
clflush size	: 64
cache_alignment	: 64
address sizes	: 48 bits physical, 48 bits virtual
power management: ts ttp tm stc 100mhzsteps hwpstate



Memory: 4k page, physical 4048044k(246820k free), swap 0k(0k free)

vm_info: Java HotSpot(TM) 64-Bit Server VM (25.45-b02) for linux-amd64 JRE (1.8.0_45-b14), built on Apr 10 2015 10:07:45 by "java_re" with gcc 4.3.0 20080428 (Red Hat 4.3.0-8)

time: Thu Aug 13 01:24:34 2015
elapsed time: 27 seconds (0d 0h 0m 27s)

