#
# There is insufficient memory for the Java Runtime Environment to continue.
# Native memory allocation (mmap) failed to map 83886080 bytes for committing reserved memory.
# Possible reasons:
#   The system is out of physical RAM or swap space
#   In 32 bit mode, the process size limit was hit
# Possible solutions:
#   Reduce memory load on the system
#   Increase physical memory or swap space
#   Check if swap backing store is full
#   Use 64 bit Java on a 64 bit OS
#   Decrease Java heap size (-Xmx/-Xms)
#   Decrease number of Java threads
#   Decrease Java thread stack sizes (-Xss)
#   Set larger code cache with -XX:ReservedCodeCacheSize=
# This output file may be truncated or incomplete.
#
#  Out of Memory Error (os_linux.cpp:2673), pid=8040, tid=140493489972992
#
# JRE version: Java(TM) SE Runtime Environment (8.0_45-b14) (build 1.8.0_45-b14)
# Java VM: Java HotSpot(TM) 64-Bit Server VM (25.45-b02 mixed mode linux-amd64 compressed oops)
# Failed to write core dump. Core dumps have been disabled. To enable core dumping, try "ulimit -c unlimited" before starting Java again
#

---------------  T H R E A D  ---------------

Current thread (0x00007fc744077800):  VMThread [stack: 0x00007fc730802000,0x00007fc730903000] [id=8091]

Stack: [0x00007fc730802000,0x00007fc730903000],  sp=0x00007fc730901160,  free space=1020k
Native frames: (J=compiled Java code, j=interpreted, Vv=VM code, C=native code)
V  [libjvm.so+0xaac99a]  VMError::report_and_die()+0x2ba
V  [libjvm.so+0x4f333b]  report_vm_out_of_memory(char const*, int, unsigned long, VMErrorType, char const*)+0x8b
V  [libjvm.so+0x90e7c3]  os::Linux::commit_memory_impl(char*, unsigned long, bool)+0x103
V  [libjvm.so+0x90ed19]  os::pd_commit_memory(char*, unsigned long, unsigned long, bool)+0x29
V  [libjvm.so+0x90867a]  os::commit_memory(char*, unsigned long, unsigned long, bool)+0x2a
V  [libjvm.so+0x97bac3]  PSVirtualSpace::expand_by(unsigned long)+0x53
V  [libjvm.so+0x96c320]  PSOldGen::expand(unsigned long)+0x170
V  [libjvm.so+0x96c52b]  PSOldGen::resize(unsigned long)+0x1cb
V  [libjvm.so+0x974241]  PSParallelCompact::invoke_no_policy(bool)+0x9d1
V  [libjvm.so+0x979bed]  PSScavenge::invoke()+0x1ad
V  [libjvm.so+0x932050]  ParallelScavengeHeap::failed_mem_allocate(unsigned long)+0x70
V  [libjvm.so+0xaae1d7]  VM_ParallelGCFailedAllocation::doit()+0x97
V  [libjvm.so+0xab59c5]  VM_Operation::evaluate()+0x55
V  [libjvm.so+0xab3d9a]  VMThread::evaluate_operation(VM_Operation*)+0xba
V  [libjvm.so+0xab411e]  VMThread::loop()+0x1ce
V  [libjvm.so+0xab4590]  VMThread::run()+0x70
V  [libjvm.so+0x910de8]  java_start(Thread*)+0x108

VM_Operation (0x00007fc74af90a40): ParallelGCFailedAllocation, mode: safepoint, requested by thread 0x00007fc74400a000


---------------  P R O C E S S  ---------------

Java Threads: ( => current thread )
  0x00007fc7440c2000 JavaThread "Service Thread" daemon [_thread_blocked, id=8118, stack(0x00007fc70fdfe000,0x00007fc70feff000)]
  0x00007fc7440bd000 JavaThread "C1 CompilerThread2" daemon [_thread_blocked, id=8115, stack(0x00007fc70feff000,0x00007fc710000000)]
  0x00007fc7440bb800 JavaThread "C2 CompilerThread1" daemon [_thread_blocked, id=8111, stack(0x00007fc730034000,0x00007fc730135000)]
  0x00007fc7440b8800 JavaThread "C2 CompilerThread0" daemon [_thread_in_native, id=8108, stack(0x00007fc730135000,0x00007fc730236000)]
  0x00007fc7440b7000 JavaThread "Signal Dispatcher" daemon [_thread_blocked, id=8103, stack(0x00007fc730236000,0x00007fc730337000)]
  0x00007fc74407f000 JavaThread "Finalizer" daemon [_thread_blocked, id=8100, stack(0x00007fc730600000,0x00007fc730701000)]
  0x00007fc74407c800 JavaThread "Reference Handler" daemon [_thread_blocked, id=8096, stack(0x00007fc730701000,0x00007fc730802000)]
  0x00007fc74400a000 JavaThread "main" [_thread_blocked, id=8043, stack(0x00007fc74ae92000,0x00007fc74af93000)]

Other Threads:
=>0x00007fc744077800 VMThread [stack: 0x00007fc730802000,0x00007fc730903000] [id=8091]
  0x00007fc7440c4800 WatcherThread [stack: 0x00007fc70fcfd000,0x00007fc70fdfe000] [id=8122]

VM state:at safepoint (normal execution)

VM Mutex/Monitor currently owned by a thread:  ([mutex/lock_event])
[0x00007fc744005cd0] ExpandHeap_lock - owner thread: 0x00007fc744077800
[0x00007fc744006350] Threads_lock - owner thread: 0x00007fc744077800
[0x00007fc744006850] Heap_lock - owner thread: 0x00007fc74400a000

Heap:
 PSYoungGen      total 249344K, used 2847K [0x00000000eab00000, 0x0000000100000000, 0x0000000100000000)
  eden space 193536K, 0% used [0x00000000eab00000,0x00000000eab00000,0x00000000f6800000)
  from space 55808K, 5% used [0x00000000f6800000,0x00000000f6ac7f48,0x00000000f9e80000)
  to   space 60416K, 0% used [0x00000000fc500000,0x00000000fc500000,0x0000000100000000)
 ParOldGen       total 107520K, used 107052K [0x00000000c0000000, 0x00000000c6900000, 0x00000000eab00000)
  object space 107520K, 99% used [0x00000000c0000000,0x00000000c688b268,0x00000000c6900000)
 Metaspace       used 6043K, capacity 7152K, committed 7296K, reserved 1056768K
  class space    used 566K, capacity 616K, committed 640K, reserved 1048576K

Card table byte_map: [0x00007fc734a3f000,0x00007fc734c40000] byte_map_base: 0x00007fc73443f000

Marking Bits: (ParMarkBitMap*) 0x00007fc74a36f760
 Begin Bits: [0x00007fc7324e5000, 0x00007fc7334e5000)
 End Bits:   [0x00007fc7334e5000, 0x00007fc7344e5000)

Polling page: 0x00007fc74afb6000

CodeCache: size=245760Kb used=9242Kb max_used=9258Kb free=236517Kb
 bounds [0x00007fc735000000, 0x00007fc735920000, 0x00007fc744000000]
 total_blobs=2230 nmethods=1967 adapters=178
 compilation: enabled

Compilation events (10 events):
Event: 39.349 Thread 0x00007fc7440bb800 nmethod 1806 0x00007fc7358cf690 code [0x00007fc7358cf7e0, 0x00007fc7358cf898]
Event: 39.349 Thread 0x00007fc7440bb800 2005       4       com.android.dx.ssa.back.FirstFitLocalCombiningAllocator$Alignment$3::nextClearBit (6 bytes)
Event: 39.350 Thread 0x00007fc7440bb800 nmethod 2005 0x00007fc735897950 code [0x00007fc735897aa0, 0x00007fc735897bf8]
Event: 39.350 Thread 0x00007fc7440bb800 1999       4       com.android.dx.ssa.back.LivenessAnalyzer::liveOutAtBlock (68 bytes)
Event: 39.406 Thread 0x00007fc7440bb800 nmethod 1999 0x00007fc7358eb550 code [0x00007fc7358eb740, 0x00007fc7358ec218]
Event: 39.406 Thread 0x00007fc7440bb800 1377       4       com.android.dx.ssa.SsaRenamer$BlockRenamer::visitNonMoveInsn (14 bytes)
Event: 39.498 Thread 0x00007fc7440bb800 nmethod 1377 0x00007fc735908d50 code [0x00007fc735908fa0, 0x00007fc73590a1a8]
Event: 39.498 Thread 0x00007fc7440bb800 2087 %     4       com.android.dx.cf.code.Ropper::addExceptionSetupBlocks @ 8 (203 bytes)
Event: 39.780 Thread 0x00007fc7440bb800 nmethod 2087% 0x00007fc73590e890 code [0x00007fc73590ebc0, 0x00007fc735910080]
Event: 39.780 Thread 0x00007fc7440bb800 2094 %     4       com.android.dx.ssa.SCCP::run @ 53 (298 bytes)

GC Heap History (10 events):
Event: 30.875 GC heap after
Heap after GC invocations=11 (full 1):
 PSYoungGen      total 199680K, used 24559K [0x00000000eab00000, 0x00000000fa000000, 0x0000000100000000)
  eden space 175104K, 0% used [0x00000000eab00000,0x00000000eab00000,0x00000000f5600000)
  from space 24576K, 99% used [0x00000000f7f00000,0x00000000f96fbda0,0x00000000f9700000)
  to   space 37888K, 0% used [0x00000000f5600000,0x00000000f5600000,0x00000000f7b00000)
 ParOldGen       total 73728K, used 68408K [0x00000000c0000000, 0x00000000c4800000, 0x00000000eab00000)
  object space 73728K, 92% used [0x00000000c0000000,0x00000000c42ce128,0x00000000c4800000)
 Metaspace       used 6027K, capacity 7152K, committed 7296K, reserved 1056768K
  class space    used 566K, capacity 616K, committed 640K, reserved 1048576K
}
Event: 30.875 GC heap before
{Heap before GC invocations=12 (full 2):
 PSYoungGen      total 199680K, used 24559K [0x00000000eab00000, 0x00000000fa000000, 0x0000000100000000)
  eden space 175104K, 0% used [0x00000000eab00000,0x00000000eab00000,0x00000000f5600000)
  from space 24576K, 99% used [0x00000000f7f00000,0x00000000f96fbda0,0x00000000f9700000)
  to   space 37888K, 0% used [0x00000000f5600000,0x00000000f5600000,0x00000000f7b00000)
 ParOldGen       total 73728K, used 68408K [0x00000000c0000000, 0x00000000c4800000, 0x00000000eab00000)
  object space 73728K, 92% used [0x00000000c0000000,0x00000000c42ce128,0x00000000c4800000)
 Metaspace       used 6027K, capacity 7152K, committed 7296K, reserved 1056768K
  class space    used 566K, capacity 616K, committed 640K, reserved 1048576K
Event: 31.290 GC heap after
Heap after GC invocations=12 (full 2):
 PSYoungGen      total 199680K, used 0K [0x00000000eab00000, 0x00000000fa000000, 0x0000000100000000)
  eden space 175104K, 0% used [0x00000000eab00000,0x00000000eab00000,0x00000000f5600000)
  from space 24576K, 0% used [0x00000000f7f00000,0x00000000f7f00000,0x00000000f9700000)
  to   space 37888K, 0% used [0x00000000f5600000,0x00000000f5600000,0x00000000f7b00000)
 ParOldGen       total 104960K, used 51130K [0x00000000c0000000, 0x00000000c6680000, 0x00000000eab00000)
  object space 104960K, 48% used [0x00000000c0000000,0x00000000c31ee940,0x00000000c6680000)
 Metaspace       used 6027K, capacity 7152K, committed 7296K, reserved 1056768K
  class space    used 566K, capacity 616K, committed 640K, reserved 1048576K
}
Event: 33.747 GC heap before
{Heap before GC invocations=13 (full 2):
 PSYoungGen      total 199680K, used 175104K [0x00000000eab00000, 0x00000000fa000000, 0x0000000100000000)
  eden space 175104K, 100% used [0x00000000eab00000,0x00000000f5600000,0x00000000f5600000)
  from space 24576K, 0% used [0x00000000f7f00000,0x00000000f7f00000,0x00000000f9700000)
  to   space 37888K, 0% used [0x00000000f5600000,0x00000000f5600000,0x00000000f7b00000)
 ParOldGen       total 104960K, used 51130K [0x00000000c0000000, 0x00000000c6680000, 0x00000000eab00000)
  object space 104960K, 48% used [0x00000000c0000000,0x00000000c31ee940,0x00000000c6680000)
 Metaspace       used 6039K, capacity 7152K, committed 7296K, reserved 1056768K
  class space    used 566K, capacity 616K, committed 640K, reserved 1048576K
Event: 33.866 GC heap after
Heap after GC invocations=13 (full 2):
 PSYoungGen      total 212992K, used 33429K [0x00000000eab00000, 0x00000000fc800000, 0x0000000100000000)
  eden space 175104K, 0% used [0x00000000eab00000,0x00000000eab00000,0x00000000f5600000)
  from space 37888K, 88% used [0x00000000f5600000,0x00000000f76a54b8,0x00000000f7b00000)
  to   space 42496K, 0% used [0x00000000f9e80000,0x00000000f9e80000,0x00000000fc800000)
 ParOldGen       total 104960K, used 51138K [0x00000000c0000000, 0x00000000c6680000, 0x00000000eab00000)
  object space 104960K, 48% used [0x00000000c0000000,0x00000000c31f0940,0x00000000c6680000)
 Metaspace       used 6039K, capacity 7152K, committed 7296K, reserved 1056768K
  class space    used 566K, capacity 616K, committed 640K, reserved 1048576K
}
Event: 37.262 GC heap before
{Heap before GC invocations=14 (full 2):
 PSYoungGen      total 212992K, used 208533K [0x00000000eab00000, 0x00000000fc800000, 0x0000000100000000)
  eden space 175104K, 100% used [0x00000000eab00000,0x00000000f5600000,0x00000000f5600000)
  from space 37888K, 88% used [0x00000000f5600000,0x00000000f76a54b8,0x00000000f7b00000)
  to   space 42496K, 0% used [0x00000000f9e80000,0x00000000f9e80000,0x00000000fc800000)
 ParOldGen       total 104960K, used 51138K [0x00000000c0000000, 0x00000000c6680000, 0x00000000eab00000)
  object space 104960K, 48% used [0x00000000c0000000,0x00000000c31f0940,0x00000000c6680000)
 Metaspace       used 6043K, capacity 7152K, committed 7296K, reserved 1056768K
  class space    used 566K, capacity 616K, committed 640K, reserved 1048576K
Event: 37.431 GC heap after
Heap after GC invocations=14 (full 2):
 PSYoungGen      total 236032K, used 42493K [0x00000000eab00000, 0x00000000fe200000, 0x0000000100000000)
  eden space 193536K, 0% used [0x00000000eab00000,0x00000000eab00000,0x00000000f6800000)
  from space 42496K, 99% used [0x00000000f9e80000,0x00000000fc7ff670,0x00000000fc800000)
  to   space 55808K, 0% used [0x00000000f6800000,0x00000000f6800000,0x00000000f9e80000)
 ParOldGen       total 104960K, used 68166K [0x00000000c0000000, 0x00000000c6680000, 0x00000000eab00000)
  object space 104960K, 64% used [0x00000000c0000000,0x00000000c4291820,0x00000000c6680000)
 Metaspace       used 6043K, capacity 7152K, committed 7296K, reserved 1056768K
  class space    used 566K, capacity 616K, committed 640K, reserved 1048576K
}
Event: 41.127 GC heap before
{Heap before GC invocations=15 (full 2):
 PSYoungGen      total 236032K, used 236029K [0x00000000eab00000, 0x00000000fe200000, 0x0000000100000000)
  eden space 193536K, 100% used [0x00000000eab00000,0x00000000f6800000,0x00000000f6800000)
  from space 42496K, 99% used [0x00000000f9e80000,0x00000000fc7ff670,0x00000000fc800000)
  to   space 55808K, 0% used [0x00000000f6800000,0x00000000f6800000,0x00000000f9e80000)
 ParOldGen       total 104960K, used 68166K [0x00000000c0000000, 0x00000000c6680000, 0x00000000eab00000)
  object space 104960K, 64% used [0x00000000c0000000,0x00000000c4291820,0x00000000c6680000)
 Metaspace       used 6043K, capacity 7152K, committed 7296K, reserved 1056768K
  class space    used 566K, capacity 616K, committed 640K, reserved 1048576K
Event: 41.351 GC heap after
Heap after GC invocations=15 (full 2):
 PSYoungGen      total 249344K, used 41859K [0x00000000eab00000, 0x0000000100000000, 0x0000000100000000)
  eden space 193536K, 0% used [0x00000000eab00000,0x00000000eab00000,0x00000000f6800000)
  from space 55808K, 75% used [0x00000000f6800000,0x00000000f90e0dd8,0x00000000f9e80000)
  to   space 60416K, 0% used [0x00000000fc500000,0x00000000fc500000,0x0000000100000000)
 ParOldGen       total 107520K, used 107227K [0x00000000c0000000, 0x00000000c6900000, 0x00000000eab00000)
  object space 107520K, 99% used [0x00000000c0000000,0x00000000c68b6d78,0x00000000c6900000)
 Metaspace       used 6043K, capacity 7152K, committed 7296K, reserved 1056768K
  class space    used 566K, capacity 616K, committed 640K, reserved 1048576K
}
Event: 41.351 GC heap before
{Heap before GC invocations=16 (full 3):
 PSYoungGen      total 249344K, used 41859K [0x00000000eab00000, 0x0000000100000000, 0x0000000100000000)
  eden space 193536K, 0% used [0x00000000eab00000,0x00000000eab00000,0x00000000f6800000)
  from space 55808K, 75% used [0x00000000f6800000,0x00000000f90e0dd8,0x00000000f9e80000)
  to   space 60416K, 0% used [0x00000000fc500000,0x00000000fc500000,0x0000000100000000)
 ParOldGen       total 107520K, used 107227K [0x00000000c0000000, 0x00000000c6900000, 0x00000000eab00000)
  object space 107520K, 99% used [0x00000000c0000000,0x00000000c68b6d78,0x00000000c6900000)
 Metaspace       used 6043K, capacity 7152K, committed 7296K, reserved 1056768K
  class space    used 566K, capacity 616K, committed 640K, reserved 1048576K

Deoptimization events (10 events):
Event: 22.523 Thread 0x00007fc74400a000 Uncommon trap: reason=unstable_if action=reinterpret pc=0x00007fc7354e5c58 method=java.util.HashMap.putVal(ILjava/lang/Object;Ljava/lang/Object;ZZ)Ljava/lang/Object; @ 162
Event: 22.869 Thread 0x00007fc74400a000 Uncommon trap: reason=unstable_if action=reinterpret pc=0x00007fc7353d299c method=java.util.HashMap.getNode(ILjava/lang/Object;)Ljava/util/HashMap$Node; @ 84
Event: 22.870 Thread 0x00007fc74400a000 Uncommon trap: reason=unstable_if action=reinterpret pc=0x00007fc73542638c method=java.util.HashMap.getNode(ILjava/lang/Object;)Ljava/util/HashMap$Node; @ 84
Event: 24.205 Thread 0x00007fc74400a000 Uncommon trap: reason=bimorphic action=maybe_recompile pc=0x00007fc73576a34c method=com.android.dx.cf.code.BytecodeArray.parseInstruction(ILcom/android/dx/cf/code/BytecodeArray$Visitor;)I @ 2135
Event: 24.205 Thread 0x00007fc74400a000 Uncommon trap: reason=class_check action=maybe_recompile pc=0x00007fc73576ad18 method=com.android.dx.cf.code.BytecodeArray.parseInstruction(ILcom/android/dx/cf/code/BytecodeArray$Visitor;)I @ 2002
Event: 24.205 Thread 0x00007fc74400a000 Uncommon trap: reason=class_check action=maybe_recompile pc=0x00007fc73576ad18 method=com.android.dx.cf.code.BytecodeArray.parseInstruction(ILcom/android/dx/cf/code/BytecodeArray$Visitor;)I @ 2002
Event: 24.205 Thread 0x00007fc74400a000 Uncommon trap: reason=bimorphic action=maybe_recompile pc=0x00007fc73576a34c method=com.android.dx.cf.code.BytecodeArray.parseInstruction(ILcom/android/dx/cf/code/BytecodeArray$Visitor;)I @ 2135
Event: 26.785 Thread 0x00007fc74400a000 Uncommon trap: reason=unstable_if action=reinterpret pc=0x00007fc7354afd5c method=com.android.dx.ssa.SetFactory.makeLivenessSet(I)Lcom/android/dx/util/IntSet; @ 4
Event: 26.785 Thread 0x00007fc74400a000 Uncommon trap: reason=unstable_if action=reinterpret pc=0x00007fc7354a0af0 method=com.android.dx.ssa.SetFactory.makeLivenessSet(I)Lcom/android/dx/util/IntSet; @ 4
Event: 35.527 Thread 0x00007fc74400a000 Uncommon trap: reason=class_check action=maybe_recompile pc=0x00007fc73581bb94 method=com.android.dx.cf.code.RopperMachine.run(Lcom/android/dx/cf/code/Frame;II)V @ 1024

Internal exceptions (5 events):
Event: 0.526 Thread 0x00007fc74400a000 Exception <a 'java/lang/NoSuchMethodError': Method sun.misc.Unsafe.defineClass(Ljava/lang/String;[BII)Ljava/lang/Class; name or signature does not match> (0x00000000eab12a38) thrown at [/RE-WORK/workspace/8-2-build-linux-amd64/jdk8u45/3457/hotspot/src/sha
Event: 0.526 Thread 0x00007fc74400a000 Exception <a 'java/lang/NoSuchMethodError': Method sun.misc.Unsafe.prefetchRead(Ljava/lang/Object;J)V name or signature does not match> (0x00000000eab12cc8) thrown at [/RE-WORK/workspace/8-2-build-linux-amd64/jdk8u45/3457/hotspot/src/share/vm/prims/jni.cp
Event: 22.518 Thread 0x00007fc74400a000 Exception <a 'java/lang/ArrayIndexOutOfBoundsException': 18> (0x00000000ed5cb168) thrown at [/RE-WORK/workspace/8-2-build-linux-amd64/jdk8u45/3457/hotspot/src/share/vm/interpreter/interpreterRuntime.cpp, line 366]
Event: 22.519 Thread 0x00007fc74400a000 Exception <a 'java/lang/ArrayIndexOutOfBoundsException': 145> (0x00000000ed5ccc38) thrown at [/RE-WORK/workspace/8-2-build-linux-amd64/jdk8u45/3457/hotspot/src/share/vm/interpreter/interpreterRuntime.cpp, line 366]
Event: 22.520 Thread 0x00007fc74400a000 Exception <a 'java/lang/ArrayIndexOutOfBoundsException'> (0x00000000ed5cde70) thrown at [/RE-WORK/workspace/8-2-build-linux-amd64/jdk8u45/3457/hotspot/src/share/vm/runtime/sharedRuntime.cpp, line 605]

Events (10 events):
Event: 37.431 Executing VM operation: ParallelGCFailedAllocation done
Event: 37.441 Thread 0x00007fc74400a000 DEOPT PACKING pc=0x00007fc735488d1a sp=0x00007fc74af908d0
Event: 37.441 Thread 0x00007fc74400a000 DEOPT UNPACKING pc=0x00007fc735047233 sp=0x00007fc74af90700 mode 0
Event: 39.618 Thread 0x00007fc74400a000 DEOPT PACKING pc=0x00007fc735440ba5 sp=0x00007fc74af90a40
Event: 39.618 Thread 0x00007fc74400a000 DEOPT UNPACKING pc=0x00007fc735047233 sp=0x00007fc74af908a0 mode 0
Event: 40.116 Thread 0x00007fc74400a000 DEOPT PACKING pc=0x00007fc7355f68f5 sp=0x00007fc74af90bf0
Event: 40.117 Thread 0x00007fc74400a000 DEOPT UNPACKING pc=0x00007fc735047233 sp=0x00007fc74af90970 mode 0
Event: 41.032 Thread 0x00007fc74400a000 DEOPT PACKING pc=0x00007fc7355970ef sp=0x00007fc74af90be0
Event: 41.032 Thread 0x00007fc74400a000 DEOPT UNPACKING pc=0x00007fc735047233 sp=0x00007fc74af909e8 mode 0
Event: 41.082 Executing VM operation: ParallelGCFailedAllocation


Dynamic libraries:
00400000-00401000 r-xp 00000000 08:03 1572315                            /opt/java/jdk1.8.0_45/bin/java
00600000-00601000 rw-p 00000000 08:03 1572315                            /opt/java/jdk1.8.0_45/bin/java
022ff000-02320000 rw-p 00000000 00:00 0                                  [heap]
c0000000-c6900000 rw-p 00000000 00:00 0 
cb900000-eab00000 ---p 00000000 00:00 0 
eab00000-100000000 rw-p 00000000 00:00 0 
100000000-1000a0000 rw-p 00000000 00:00 0 
1000a0000-140000000 ---p 00000000 00:00 0 
7fc6f4000000-7fc6f4021000 rw-p 00000000 00:00 0 
7fc6f4021000-7fc6f8000000 ---p 00000000 00:00 0 
7fc6fc000000-7fc6fca0c000 rw-p 00000000 00:00 0 
7fc6fca0c000-7fc700000000 ---p 00000000 00:00 0 
7fc700000000-7fc700021000 rw-p 00000000 00:00 0 
7fc700021000-7fc704000000 ---p 00000000 00:00 0 
7fc704000000-7fc7057eb000 rw-p 00000000 00:00 0 
7fc7057eb000-7fc708000000 ---p 00000000 00:00 0 
7fc708000000-7fc708fb9000 rw-p 00000000 00:00 0 
7fc708fb9000-7fc70c000000 ---p 00000000 00:00 0 
7fc70fcfd000-7fc70fcfe000 ---p 00000000 00:00 0 
7fc70fcfe000-7fc70fdfe000 rw-p 00000000 00:00 0                          [stack:8122]
7fc70fdfe000-7fc70fe01000 ---p 00000000 00:00 0 
7fc70fe01000-7fc70feff000 rw-p 00000000 00:00 0                          [stack:8118]
7fc70feff000-7fc70ff02000 ---p 00000000 00:00 0 
7fc70ff02000-7fc710000000 rw-p 00000000 00:00 0                          [stack:8115]
7fc710000000-7fc710021000 rw-p 00000000 00:00 0 
7fc710021000-7fc714000000 ---p 00000000 00:00 0 
7fc714000000-7fc714021000 rw-p 00000000 00:00 0 
7fc714021000-7fc718000000 ---p 00000000 00:00 0 
7fc718000000-7fc71828c000 rw-p 00000000 00:00 0 
7fc71828c000-7fc71c000000 ---p 00000000 00:00 0 
7fc71c000000-7fc71c021000 rw-p 00000000 00:00 0 
7fc71c021000-7fc720000000 ---p 00000000 00:00 0 
7fc720000000-7fc720021000 rw-p 00000000 00:00 0 
7fc720021000-7fc724000000 ---p 00000000 00:00 0 
7fc724000000-7fc724021000 rw-p 00000000 00:00 0 
7fc724021000-7fc728000000 ---p 00000000 00:00 0 
7fc728000000-7fc728021000 rw-p 00000000 00:00 0 
7fc728021000-7fc72c000000 ---p 00000000 00:00 0 
7fc72c000000-7fc72c021000 rw-p 00000000 00:00 0 
7fc72c021000-7fc730000000 ---p 00000000 00:00 0 
7fc730029000-7fc730034000 r--s 00079000 00:19 11273014                   /home/mike/AndroidStudioProjects/Wordist/app/build/intermediates/exploded-aar/com.google.android.gms/play-services-analytics/7.5.0/jars/classes.jar
7fc730034000-7fc730037000 ---p 00000000 00:00 0 
7fc730037000-7fc730135000 rw-p 00000000 00:00 0                          [stack:8111]
7fc730135000-7fc730138000 ---p 00000000 00:00 0 
7fc730138000-7fc730236000 rw-p 00000000 00:00 0                          [stack:8108]
7fc730236000-7fc730239000 ---p 00000000 00:00 0 
7fc730239000-7fc730337000 rw-p 00000000 00:00 0                          [stack:8103]
7fc730337000-7fc730600000 r--p 00000000 08:03 266989                     /usr/lib/locale/locale-archive
7fc730600000-7fc730603000 ---p 00000000 00:00 0 
7fc730603000-7fc730701000 rw-p 00000000 00:00 0                          [stack:8100]
7fc730701000-7fc730704000 ---p 00000000 00:00 0 
7fc730704000-7fc730802000 rw-p 00000000 00:00 0                          [stack:8096]
7fc730802000-7fc730803000 ---p 00000000 00:00 0 
7fc730803000-7fc731896000 rw-p 00000000 00:00 0                          [stack:8091]
7fc731896000-7fc731a6f000 r--s 03d09000 08:03 1573810                    /opt/java/jdk1.8.0_45/jre/lib/rt.jar
7fc731a6f000-7fc732165000 rw-p 00000000 00:00 0 
7fc732165000-7fc7322e5000 ---p 00000000 00:00 0 
7fc7322e5000-7fc7344e5000 rw-p 00000000 00:00 0 
7fc7344e5000-7fc7344e6000 ---p 00000000 00:00 0 
7fc7344e6000-7fc7345e6000 rw-p 00000000 00:00 0                          [stack:8060]
7fc7345e6000-7fc7345e7000 ---p 00000000 00:00 0 
7fc7345e7000-7fc7346e7000 rw-p 00000000 00:00 0                          [stack:8058]
7fc7346e7000-7fc7346e8000 ---p 00000000 00:00 0 
7fc7346e8000-7fc7347e8000 rw-p 00000000 00:00 0                          [stack:8053]
7fc7347e8000-7fc7347e9000 ---p 00000000 00:00 0 
7fc7347e9000-7fc73491e000 rw-p 00000000 00:00 0                          [stack:8048]
7fc73491e000-7fc734a3f000 ---p 00000000 00:00 0 
7fc734a3f000-7fc734a74000 rw-p 00000000 00:00 0 
7fc734a74000-7fc734b94000 ---p 00000000 00:00 0 
7fc734b94000-7fc734c3f000 rw-p 00000000 00:00 0 
7fc734c3f000-7fc734c65000 rw-p 00000000 00:00 0 
7fc734c65000-7fc735000000 ---p 00000000 00:00 0 
7fc735000000-7fc735920000 rwxp 00000000 00:00 0 
7fc735920000-7fc744000000 ---p 00000000 00:00 0 
7fc744000000-7fc744388000 rw-p 00000000 00:00 0 
7fc744388000-7fc748000000 ---p 00000000 00:00 0 
7fc748002000-7fc748011000 r--s 000dd000 00:19 9438599                    /home/mike/Android/Sdk/build-tools/22.0.1/lib/dx.jar
7fc748011000-7fc748032000 rw-p 00000000 00:00 0 
7fc748032000-7fc74804c000 r-xp 00000000 08:03 1574049                    /opt/java/jdk1.8.0_45/jre/lib/amd64/libzip.so
7fc74804c000-7fc74824c000 ---p 0001a000 08:03 1574049                    /opt/java/jdk1.8.0_45/jre/lib/amd64/libzip.so
7fc74824c000-7fc74824d000 rw-p 0001a000 08:03 1574049                    /opt/java/jdk1.8.0_45/jre/lib/amd64/libzip.so
7fc74824d000-7fc748258000 r-xp 00000000 08:03 131807                     /lib/x86_64-linux-gnu/libnss_files-2.19.so
7fc748258000-7fc748457000 ---p 0000b000 08:03 131807                     /lib/x86_64-linux-gnu/libnss_files-2.19.so
7fc748457000-7fc748458000 r--p 0000a000 08:03 131807                     /lib/x86_64-linux-gnu/libnss_files-2.19.so
7fc748458000-7fc748459000 rw-p 0000b000 08:03 131807                     /lib/x86_64-linux-gnu/libnss_files-2.19.so
7fc748459000-7fc748464000 r-xp 00000000 08:03 131871                     /lib/x86_64-linux-gnu/libnss_nis-2.19.so
7fc748464000-7fc748663000 ---p 0000b000 08:03 131871                     /lib/x86_64-linux-gnu/libnss_nis-2.19.so
7fc748663000-7fc748664000 r--p 0000a000 08:03 131871                     /lib/x86_64-linux-gnu/libnss_nis-2.19.so
7fc748664000-7fc748665000 rw-p 0000b000 08:03 131871                     /lib/x86_64-linux-gnu/libnss_nis-2.19.so
7fc748665000-7fc74867c000 r-xp 00000000 08:03 131829                     /lib/x86_64-linux-gnu/libnsl-2.19.so
7fc74867c000-7fc74887b000 ---p 00017000 08:03 131829                     /lib/x86_64-linux-gnu/libnsl-2.19.so
7fc74887b000-7fc74887c000 r--p 00016000 08:03 131829                     /lib/x86_64-linux-gnu/libnsl-2.19.so
7fc74887c000-7fc74887d000 rw-p 00017000 08:03 131829                     /lib/x86_64-linux-gnu/libnsl-2.19.so
7fc74887d000-7fc74887f000 rw-p 00000000 00:00 0 
7fc74887f000-7fc748888000 r-xp 00000000 08:03 131828                     /lib/x86_64-linux-gnu/libnss_compat-2.19.so
7fc748888000-7fc748a87000 ---p 00009000 08:03 131828                     /lib/x86_64-linux-gnu/libnss_compat-2.19.so
7fc748a87000-7fc748a88000 r--p 00008000 08:03 131828                     /lib/x86_64-linux-gnu/libnss_compat-2.19.so
7fc748a88000-7fc748a89000 rw-p 00009000 08:03 131828                     /lib/x86_64-linux-gnu/libnss_compat-2.19.so
7fc748a89000-7fc748ab3000 r-xp 00000000 08:03 1574040                    /opt/java/jdk1.8.0_45/jre/lib/amd64/libjava.so
7fc748ab3000-7fc748cb3000 ---p 0002a000 08:03 1574040                    /opt/java/jdk1.8.0_45/jre/lib/amd64/libjava.so
7fc748cb3000-7fc748cb5000 rw-p 0002a000 08:03 1574040                    /opt/java/jdk1.8.0_45/jre/lib/amd64/libjava.so
7fc748cb5000-7fc748cc2000 r-xp 00000000 08:03 1574047                    /opt/java/jdk1.8.0_45/jre/lib/amd64/libverify.so
7fc748cc2000-7fc748ec2000 ---p 0000d000 08:03 1574047                    /opt/java/jdk1.8.0_45/jre/lib/amd64/libverify.so
7fc748ec2000-7fc748ec4000 rw-p 0000d000 08:03 1574047                    /opt/java/jdk1.8.0_45/jre/lib/amd64/libverify.so
7fc748ec4000-7fc748ecb000 r-xp 00000000 08:03 131868                     /lib/x86_64-linux-gnu/librt-2.19.so
7fc748ecb000-7fc7490ca000 ---p 00007000 08:03 131868                     /lib/x86_64-linux-gnu/librt-2.19.so
7fc7490ca000-7fc7490cb000 r--p 00006000 08:03 131868                     /lib/x86_64-linux-gnu/librt-2.19.so
7fc7490cb000-7fc7490cc000 rw-p 00007000 08:03 131868                     /lib/x86_64-linux-gnu/librt-2.19.so
7fc7490cc000-7fc7491d1000 r-xp 00000000 08:03 131806                     /lib/x86_64-linux-gnu/libm-2.19.so
7fc7491d1000-7fc7493d0000 ---p 00105000 08:03 131806                     /lib/x86_64-linux-gnu/libm-2.19.so
7fc7493d0000-7fc7493d1000 r--p 00104000 08:03 131806                     /lib/x86_64-linux-gnu/libm-2.19.so
7fc7493d1000-7fc7493d2000 rw-p 00105000 08:03 131806                     /lib/x86_64-linux-gnu/libm-2.19.so
7fc7493d2000-7fc74a080000 r-xp 00000000 08:03 1574060                    /opt/java/jdk1.8.0_45/jre/lib/amd64/server/libjvm.so
7fc74a080000-7fc74a27f000 ---p 00cae000 08:03 1574060                    /opt/java/jdk1.8.0_45/jre/lib/amd64/server/libjvm.so
7fc74a27f000-7fc74a356000 rw-p 00cad000 08:03 1574060                    /opt/java/jdk1.8.0_45/jre/lib/amd64/server/libjvm.so
7fc74a356000-7fc74a39a000 rw-p 00000000 00:00 0 
7fc74a39a000-7fc74a555000 r-xp 00000000 08:03 131857                     /lib/x86_64-linux-gnu/libc-2.19.so
7fc74a555000-7fc74a754000 ---p 001bb000 08:03 131857                     /lib/x86_64-linux-gnu/libc-2.19.so
7fc74a754000-7fc74a758000 r--p 001ba000 08:03 131857                     /lib/x86_64-linux-gnu/libc-2.19.so
7fc74a758000-7fc74a75a000 rw-p 001be000 08:03 131857                     /lib/x86_64-linux-gnu/libc-2.19.so
7fc74a75a000-7fc74a75f000 rw-p 00000000 00:00 0 
7fc74a75f000-7fc74a762000 r-xp 00000000 08:03 131810                     /lib/x86_64-linux-gnu/libdl-2.19.so
7fc74a762000-7fc74a961000 ---p 00003000 08:03 131810                     /lib/x86_64-linux-gnu/libdl-2.19.so
7fc74a961000-7fc74a962000 r--p 00002000 08:03 131810                     /lib/x86_64-linux-gnu/libdl-2.19.so
7fc74a962000-7fc74a963000 rw-p 00003000 08:03 131810                     /lib/x86_64-linux-gnu/libdl-2.19.so
7fc74a963000-7fc74a978000 r-xp 00000000 08:03 1573749                    /opt/java/jdk1.8.0_45/lib/amd64/jli/libjli.so
7fc74a978000-7fc74ab78000 ---p 00015000 08:03 1573749                    /opt/java/jdk1.8.0_45/lib/amd64/jli/libjli.so
7fc74ab78000-7fc74ab79000 rw-p 00015000 08:03 1573749                    /opt/java/jdk1.8.0_45/lib/amd64/jli/libjli.so
7fc74ab79000-7fc74ab92000 r-xp 00000000 08:03 131858                     /lib/x86_64-linux-gnu/libpthread-2.19.so
7fc74ab92000-7fc74ad91000 ---p 00019000 08:03 131858                     /lib/x86_64-linux-gnu/libpthread-2.19.so
7fc74ad91000-7fc74ad92000 r--p 00018000 08:03 131858                     /lib/x86_64-linux-gnu/libpthread-2.19.so
7fc74ad92000-7fc74ad93000 rw-p 00019000 08:03 131858                     /lib/x86_64-linux-gnu/libpthread-2.19.so
7fc74ad93000-7fc74ad97000 rw-p 00000000 00:00 0 
7fc74ad97000-7fc74adba000 r-xp 00000000 08:03 131833                     /lib/x86_64-linux-gnu/ld-2.19.so
7fc74adc0000-7fc74ae92000 rw-p 00000000 00:00 0 
7fc74ae92000-7fc74ae95000 ---p 00000000 00:00 0 
7fc74ae95000-7fc74af98000 rw-p 00000000 00:00 0                          [stack:8043]
7fc74af98000-7fc74af99000 r--p 00000000 08:03 672594                     /usr/share/locale-langpack/en_GB/LC_MESSAGES/libc.mo
7fc74af99000-7fc74afad000 rw-p 00000000 00:00 0 
7fc74afad000-7fc74afb5000 rw-s 00000000 08:03 1574107                    /tmp/hsperfdata_mike/8040
7fc74afb5000-7fc74afb6000 rw-p 00000000 00:00 0 
7fc74afb6000-7fc74afb7000 ---p 00000000 00:00 0 
7fc74afb7000-7fc74afb9000 rw-p 00000000 00:00 0 
7fc74afb9000-7fc74afba000 r--p 00022000 08:03 131833                     /lib/x86_64-linux-gnu/ld-2.19.so
7fc74afba000-7fc74afbb000 rw-p 00023000 08:03 131833                     /lib/x86_64-linux-gnu/ld-2.19.so
7fc74afbb000-7fc74afbc000 rw-p 00000000 00:00 0 
7fff55c38000-7fff55c59000 rw-p 00000000 00:00 0                          [stack]
7fff55dde000-7fff55de0000 r-xp 00000000 00:00 0                          [vdso]
ffffffffff600000-ffffffffff601000 r-xp 00000000 00:00 0                  [vsyscall]

VM Arguments:
jvm_args: -Xmx1024M -Dfile.encoding=UTF-8 -Duser.country=GB -Duser.language=en -Duser.variant 
java_command: com.android.dx.command.Main --dex --output /home/mike/AndroidStudioProjects/Wordist/app/build/intermediates/pre-dexed/debug/classes-5ae6288c7a2c285a1f5c65eee856b578a7e5ab4c.jar /home/mike/AndroidStudioProjects/Wordist/app/build/intermediates/exploded-aar/com.google.android.gms/play-services-analytics/7.5.0/jars/classes.jar
java_class_path (initial): /home/mike/Android/Sdk/build-tools/22.0.1/lib/dx.jar
Launcher Type: SUN_STANDARD

Environment Variables:
PATH=/usr/local/sbin:/usr/local/bin:/usr/sbin:/usr/bin:/sbin:/bin:/usr/games:/usr/local/games
USERNAME=mike
LD_LIBRARY_PATH=/opt/android-studio/bin:
SHELL=/bin/bash
DISPLAY=:0

Signal Handlers:
SIGSEGV: [libjvm.so+0xaad1e0], sa_mask[0]=11111111011111111101111111111110, sa_flags=SA_RESTART|SA_SIGINFO
SIGBUS: [libjvm.so+0xaad1e0], sa_mask[0]=11111111011111111101111111111110, sa_flags=SA_RESTART|SA_SIGINFO
SIGFPE: [libjvm.so+0x90b450], sa_mask[0]=11111111011111111101111111111110, sa_flags=SA_RESTART|SA_SIGINFO
SIGPIPE: [libjvm.so+0x90b450], sa_mask[0]=11111111011111111101111111111110, sa_flags=SA_RESTART|SA_SIGINFO
SIGXFSZ: [libjvm.so+0x90b450], sa_mask[0]=11111111011111111101111111111110, sa_flags=SA_RESTART|SA_SIGINFO
SIGILL: [libjvm.so+0x90b450], sa_mask[0]=11111111011111111101111111111110, sa_flags=SA_RESTART|SA_SIGINFO
SIGUSR1: SIG_DFL, sa_mask[0]=00000000000000000000000000000000, sa_flags=none
SIGUSR2: [libjvm.so+0x90ca90], sa_mask[0]=00100000000000000000000000000000, sa_flags=SA_RESTART|SA_SIGINFO
SIGHUP: [libjvm.so+0x90dde0], sa_mask[0]=11111111011111111101111111111110, sa_flags=SA_RESTART|SA_SIGINFO
SIGINT: [libjvm.so+0x90dde0], sa_mask[0]=11111111011111111101111111111110, sa_flags=SA_RESTART|SA_SIGINFO
SIGTERM: [libjvm.so+0x90dde0], sa_mask[0]=11111111011111111101111111111110, sa_flags=SA_RESTART|SA_SIGINFO
SIGQUIT: [libjvm.so+0x90dde0], sa_mask[0]=11111111011111111101111111111110, sa_flags=SA_RESTART|SA_SIGINFO


---------------  S Y S T E M  ---------------

OS:DISTRIB_ID=LinuxMint
DISTRIB_RELEASE=17.2
DISTRIB_CODENAME=rafaela
DISTRIB_DESCRIPTION="Linux Mint 17.2 Rafaela"

uname:Linux 3.13.0-37-generic #64-Ubuntu SMP Mon Sep 22 21:28:38 UTC 2014 x86_64
libc:glibc 2.19 NPTL 2.19 
rlimit: STACK 8192k, CORE 0k, NPROC 30882, NOFILE 4096, AS infinity
load average:16.71 5.88 2.60

/proc/meminfo:
MemTotal:        4048044 kB
MemFree:          104992 kB
Buffers:             408 kB
Cached:            78292 kB
SwapCached:            0 kB
Active:          3528872 kB
Inactive:          70072 kB
Active(anon):    3521996 kB
Inactive(anon):    39060 kB
Active(file):       6876 kB
Inactive(file):    31012 kB
Unevictable:         232 kB
Mlocked:             232 kB
SwapTotal:             0 kB
SwapFree:              0 kB
Dirty:               312 kB
Writeback:             0 kB
AnonPages:       3521012 kB
Mapped:           165120 kB
Shmem:             40276 kB
Slab:              78592 kB
SReclaimable:      26524 kB
SUnreclaim:        52068 kB
KernelStack:        4520 kB
PageTables:        31620 kB
NFS_Unstable:          0 kB
Bounce:                0 kB
WritebackTmp:          0 kB
CommitLimit:     2024020 kB
Committed_AS:    5656420 kB
VmallocTotal:   34359738367 kB
VmallocUsed:      305680 kB
VmallocChunk:   34359428348 kB
HardwareCorrupted:     0 kB
AnonHugePages:   1810432 kB
HugePages_Total:       0
HugePages_Free:        0
HugePages_Rsvd:        0
HugePages_Surp:        0
Hugepagesize:       2048 kB
DirectMap4k:      163392 kB
DirectMap2M:     2981888 kB
DirectMap1G:     1048576 kB


CPU:total 4 (4 cores per cpu, 1 threads per core) family 16 model 4 stepping 2, cmov, cx8, fxsr, mmx, sse, sse2, sse3, popcnt, mmxext, 3dnowpref, lzcnt, sse4a, tsc, tscinvbit, tscinv

/proc/cpuinfo:
processor	: 0
vendor_id	: AuthenticAMD
cpu family	: 16
model		: 4
model name	: AMD Phenom(tm) II X4 955 Processor
stepping	: 2
microcode	: 0x1000086
cpu MHz		: 3200.000
cache size	: 512 KB
physical id	: 0
siblings	: 4
core id		: 0
cpu cores	: 4
apicid		: 0
initial apicid	: 0
fpu		: yes
fpu_exception	: yes
cpuid level	: 5
wp		: yes
flags		: fpu vme de pse tsc msr pae mce cx8 apic sep mtrr pge mca cmov pat pse36 clflush mmx fxsr sse sse2 ht syscall nx mmxext fxsr_opt pdpe1gb rdtscp lm 3dnowext 3dnow constant_tsc rep_good nopl nonstop_tsc extd_apicid pni monitor cx16 popcnt lahf_lm cmp_legacy svm extapic cr8_legacy abm sse4a misalignsse 3dnowprefetch osvw ibs skinit wdt hw_pstate npt lbrv svm_lock nrip_save
bogomips	: 6400.02
TLB size	: 1024 4K pages
clflush size	: 64
cache_alignment	: 64
address sizes	: 48 bits physical, 48 bits virtual
power management: ts ttp tm stc 100mhzsteps hwpstate

processor	: 1
vendor_id	: AuthenticAMD
cpu family	: 16
model		: 4
model name	: AMD Phenom(tm) II X4 955 Processor
stepping	: 2
microcode	: 0x1000086
cpu MHz		: 3200.000
cache size	: 512 KB
physical id	: 0
siblings	: 4
core id		: 1
cpu cores	: 4
apicid		: 1
initial apicid	: 1
fpu		: yes
fpu_exception	: yes
cpuid level	: 5
wp		: yes
flags		: fpu vme de pse tsc msr pae mce cx8 apic sep mtrr pge mca cmov pat pse36 clflush mmx fxsr sse sse2 ht syscall nx mmxext fxsr_opt pdpe1gb rdtscp lm 3dnowext 3dnow constant_tsc rep_good nopl nonstop_tsc extd_apicid pni monitor cx16 popcnt lahf_lm cmp_legacy svm extapic cr8_legacy abm sse4a misalignsse 3dnowprefetch osvw ibs skinit wdt hw_pstate npt lbrv svm_lock nrip_save
bogomips	: 6400.02
TLB size	: 1024 4K pages
clflush size	: 64
cache_alignment	: 64
address sizes	: 48 bits physical, 48 bits virtual
power management: ts ttp tm stc 100mhzsteps hwpstate

processor	: 2
vendor_id	: AuthenticAMD
cpu family	: 16
model		: 4
model name	: AMD Phenom(tm) II X4 955 Processor
stepping	: 2
microcode	: 0x1000086
cpu MHz		: 3200.000
cache size	: 512 KB
physical id	: 0
siblings	: 4
core id		: 2
cpu cores	: 4
apicid		: 2
initial apicid	: 2
fpu		: yes
fpu_exception	: yes
cpuid level	: 5
wp		: yes
flags		: fpu vme de pse tsc msr pae mce cx8 apic sep mtrr pge mca cmov pat pse36 clflush mmx fxsr sse sse2 ht syscall nx mmxext fxsr_opt pdpe1gb rdtscp lm 3dnowext 3dnow constant_tsc rep_good nopl nonstop_tsc extd_apicid pni monitor cx16 popcnt lahf_lm cmp_legacy svm extapic cr8_legacy abm sse4a misalignsse 3dnowprefetch osvw ibs skinit wdt hw_pstate npt lbrv svm_lock nrip_save
bogomips	: 6400.02
TLB size	: 1024 4K pages
clflush size	: 64
cache_alignment	: 64
address sizes	: 48 bits physical, 48 bits virtual
power management: ts ttp tm stc 100mhzsteps hwpstate

processor	: 3
vendor_id	: AuthenticAMD
cpu family	: 16
model		: 4
model name	: AMD Phenom(tm) II X4 955 Processor
stepping	: 2
microcode	: 0x1000086
cpu MHz		: 3200.000
cache size	: 512 KB
physical id	: 0
siblings	: 4
core id		: 3
cpu cores	: 4
apicid		: 3
initial apicid	: 3
fpu		: yes
fpu_exception	: yes
cpuid level	: 5
wp		: yes
flags		: fpu vme de pse tsc msr pae mce cx8 apic sep mtrr pge mca cmov pat pse36 clflush mmx fxsr sse sse2 ht syscall nx mmxext fxsr_opt pdpe1gb rdtscp lm 3dnowext 3dnow constant_tsc rep_good nopl nonstop_tsc extd_apicid pni monitor cx16 popcnt lahf_lm cmp_legacy svm extapic cr8_legacy abm sse4a misalignsse 3dnowprefetch osvw ibs skinit wdt hw_pstate npt lbrv svm_lock nrip_save
bogomips	: 6400.02
TLB size	: 1024 4K pages
clflush size	: 64
cache_alignment	: 64
address sizes	: 48 bits physical, 48 bits virtual
power management: ts ttp tm stc 100mhzsteps hwpstate



Memory: 4k page, physical 4048044k(103504k free), swap 0k(0k free)

vm_info: Java HotSpot(TM) 64-Bit Server VM (25.45-b02) for linux-amd64 JRE (1.8.0_45-b14), built on Apr 10 2015 10:07:45 by "java_re" with gcc 4.3.0 20080428 (Red Hat 4.3.0-8)

time: Thu Aug  6 16:41:39 2015
elapsed time: 43 seconds (0d 0h 0m 43s)

