#
# There is insufficient memory for the Java Runtime Environment to continue.
# Native memory allocation (mmap) failed to map 73400320 bytes for committing reserved memory.
# Possible reasons:
#   The system is out of physical RAM or swap space
#   In 32 bit mode, the process size limit was hit
# Possible solutions:
#   Reduce memory load on the system
#   Increase physical memory or swap space
#   Check if swap backing store is full
#   Use 64 bit Java on a 64 bit OS
#   Decrease Java heap size (-Xmx/-Xms)
#   Decrease number of Java threads
#   Decrease Java thread stack sizes (-Xss)
#   Set larger code cache with -XX:ReservedCodeCacheSize=
# This output file may be truncated or incomplete.
#
#  Out of Memory Error (os_linux.cpp:2673), pid=26211, tid=139651330336512
#
# JRE version: Java(TM) SE Runtime Environment (8.0_45-b14) (build 1.8.0_45-b14)
# Java VM: Java HotSpot(TM) 64-Bit Server VM (25.45-b02 mixed mode linux-amd64 compressed oops)
# Failed to write core dump. Core dumps have been disabled. To enable core dumping, try "ulimit -c unlimited" before starting Java again
#

---------------  T H R E A D  ---------------

Current thread (0x00007f0334079800):  VMThread [stack: 0x00007f031bdfe000,0x00007f031beff000] [id=26221]

Stack: [0x00007f031bdfe000,0x00007f031beff000],  sp=0x00007f031befcf60,  free space=1019k
Native frames: (J=compiled Java code, j=interpreted, Vv=VM code, C=native code)
V  [libjvm.so+0xaac99a]  VMError::report_and_die()+0x2ba
V  [libjvm.so+0x4f333b]  report_vm_out_of_memory(char const*, int, unsigned long, VMErrorType, char const*)+0x8b
V  [libjvm.so+0x90e7c3]  os::Linux::commit_memory_impl(char*, unsigned long, bool)+0x103
V  [libjvm.so+0x90ed19]  os::pd_commit_memory(char*, unsigned long, unsigned long, bool)+0x29
V  [libjvm.so+0x90867a]  os::commit_memory(char*, unsigned long, unsigned long, bool)+0x2a
V  [libjvm.so+0x97bac3]  PSVirtualSpace::expand_by(unsigned long)+0x53
V  [libjvm.so+0x97cec8]  PSYoungGen::resize_generation(unsigned long, unsigned long)+0xf8
V  [libjvm.so+0x97c022]  PSYoungGen::resize(unsigned long, unsigned long)+0x22
V  [libjvm.so+0x9792fb]  PSScavenge::invoke_no_policy()+0xf7b
V  [libjvm.so+0x979a81]  PSScavenge::invoke()+0x41
V  [libjvm.so+0x932050]  ParallelScavengeHeap::failed_mem_allocate(unsigned long)+0x70
V  [libjvm.so+0xaae1d7]  VM_ParallelGCFailedAllocation::doit()+0x97
V  [libjvm.so+0xab59c5]  VM_Operation::evaluate()+0x55
V  [libjvm.so+0xab3d9a]  VMThread::evaluate_operation(VM_Operation*)+0xba
V  [libjvm.so+0xab411e]  VMThread::loop()+0x1ce
V  [libjvm.so+0xab4590]  VMThread::run()+0x70
V  [libjvm.so+0x910de8]  java_start(Thread*)+0x108

VM_Operation (0x00007f033a6331a0): ParallelGCFailedAllocation, mode: safepoint, requested by thread 0x00007f033400b800


---------------  P R O C E S S  ---------------

Java Threads: ( => current thread )
  0x00007f03340cc000 JavaThread "Service Thread" daemon [_thread_blocked, id=26228, stack(0x00007f031b42e000,0x00007f031b52f000)]
  0x00007f03340bf000 JavaThread "C1 CompilerThread2" daemon [_thread_blocked, id=26227, stack(0x00007f031b52f000,0x00007f031b630000)]
  0x00007f03340bd000 JavaThread "C2 CompilerThread1" daemon [_thread_blocked, id=26226, stack(0x00007f031b630000,0x00007f031b731000)]
  0x00007f03340ba000 JavaThread "C2 CompilerThread0" daemon [_thread_blocked, id=26225, stack(0x00007f031b731000,0x00007f031b832000)]
  0x00007f03340b9000 JavaThread "Signal Dispatcher" daemon [_thread_blocked, id=26224, stack(0x00007f031b832000,0x00007f031b933000)]
  0x00007f0334080800 JavaThread "Finalizer" daemon [_thread_blocked, id=26223, stack(0x00007f031bbfc000,0x00007f031bcfd000)]
  0x00007f033407e800 JavaThread "Reference Handler" daemon [_thread_blocked, id=26222, stack(0x00007f031bcfd000,0x00007f031bdfe000)]
  0x00007f033400b800 JavaThread "main" [_thread_blocked, id=26216, stack(0x00007f033a534000,0x00007f033a635000)]

Other Threads:
=>0x00007f0334079800 VMThread [stack: 0x00007f031bdfe000,0x00007f031beff000] [id=26221]
  0x00007f03340ce800 WatcherThread [stack: 0x00007f031b32d000,0x00007f031b42e000] [id=26229]

VM state:at safepoint (normal execution)

VM Mutex/Monitor currently owned by a thread:  ([mutex/lock_event])
[0x00007f0334007df0] Threads_lock - owner thread: 0x00007f0334079800
[0x00007f03340082f0] Heap_lock - owner thread: 0x00007f033400b800

Heap:
 PSYoungGen      total 264704K, used 9379K [0x00000000eab00000, 0x00000000fba00000, 0x0000000100000000)
  eden space 252928K, 0% used [0x00000000eab00000,0x00000000eab00000,0x00000000fa200000)
  from space 11776K, 79% used [0x00000000fa200000,0x00000000fab28c30,0x00000000fad80000)
  to   space 10752K, 0% used [0x00000000fad80000,0x00000000fad80000,0x00000000fb800000)
 ParOldGen       total 42496K, used 32358K [0x00000000c0000000, 0x00000000c2980000, 0x00000000eab00000)
  object space 42496K, 76% used [0x00000000c0000000,0x00000000c1f99b08,0x00000000c2980000)
 Metaspace       used 7762K, capacity 7966K, committed 8320K, reserved 1056768K
  class space    used 754K, capacity 785K, committed 896K, reserved 1048576K

Card table byte_map: [0x00007f0323fe8000,0x00007f03241e9000] byte_map_base: 0x00007f03239e8000

Marking Bits: (ParMarkBitMap*) 0x00007f0339a11760
 Begin Bits: [0x00007f0321b8f000, 0x00007f0322b8f000)
 End Bits:   [0x00007f0322b8f000, 0x00007f0323b8f000)

Polling page: 0x00007f033a658000

CodeCache: size=245760Kb used=9254Kb max_used=9274Kb free=236505Kb
 bounds [0x00007f03245a9000, 0x00007f0324ec9000, 0x00007f03335a9000]
 total_blobs=2898 nmethods=2603 adapters=210
 compilation: enabled

Compilation events (10 events):
Event: 3.846 Thread 0x00007f03340ba000 nmethod 2607 0x00007f0324ea6090 code [0x00007f0324ea6280, 0x00007f0324ea6f18]
Event: 3.846 Thread 0x00007f03340ba000 2608       4       java.util.ComparableTimSort::mergeLo (656 bytes)
Event: 3.869 Thread 0x00007f03340bf000 2612       3       com.android.dx.io.instructions.InstructionCodec$12::encode (48 bytes)
Event: 3.870 Thread 0x00007f03340bf000 nmethod 2612 0x00007f0324eafd50 code [0x00007f0324eaff20, 0x00007f0324eb0938]
Event: 3.870 Thread 0x00007f03340bd000 nmethod 2605% 0x00007f0324eba450 code [0x00007f0324eba860, 0x00007f0324ebca90]
Event: 3.870 Thread 0x00007f03340bd000 2606       4       com.android.dx.merge.DexMerger$IdMerger::readUnsortedValues (101 bytes)
Event: 3.873 Thread 0x00007f03340bf000 2613       3       com.android.dx.io.instructions.InstructionCodec$12::decode (56 bytes)
Event: 3.875 Thread 0x00007f03340bf000 nmethod 2613 0x00007f0324eaeed0 code [0x00007f0324eaf0a0, 0x00007f0324eaf858]
Event: 3.886 Thread 0x00007f03340bd000 nmethod 2606 0x00007f0324eb56d0 code [0x00007f0324eb58c0, 0x00007f0324eb6468]
Event: 3.887 Thread 0x00007f03340ba000 nmethod 2608 0x00007f0324ec34d0 code [0x00007f0324ec3720, 0x00007f0324ec5678]

GC Heap History (10 events):
Event: 1.762 GC heap after
Heap after GC invocations=4 (full 0):
 PSYoungGen      total 66048K, used 2548K [0x00000000eab00000, 0x00000000eee00000, 0x0000000100000000)
  eden space 63488K, 0% used [0x00000000eab00000,0x00000000eab00000,0x00000000ee900000)
  from space 2560K, 99% used [0x00000000eeb80000,0x00000000eedfd1d0,0x00000000eee00000)
  to   space 2560K, 0% used [0x00000000ee900000,0x00000000ee900000,0x00000000eeb80000)
 ParOldGen       total 42496K, used 15639K [0x00000000c0000000, 0x00000000c2980000, 0x00000000eab00000)
  object space 42496K, 36% used [0x00000000c0000000,0x00000000c0f45f58,0x00000000c2980000)
 Metaspace       used 7608K, capacity 7928K, committed 8192K, reserved 1056768K
  class space    used 744K, capacity 752K, committed 768K, reserved 1048576K
}
Event: 2.082 GC heap before
{Heap before GC invocations=5 (full 0):
 PSYoungGen      total 66048K, used 64380K [0x00000000eab00000, 0x00000000eee00000, 0x0000000100000000)
  eden space 63488K, 97% used [0x00000000eab00000,0x00000000ee761fc0,0x00000000ee900000)
  from space 2560K, 99% used [0x00000000eeb80000,0x00000000eedfd1d0,0x00000000eee00000)
  to   space 2560K, 0% used [0x00000000ee900000,0x00000000ee900000,0x00000000eeb80000)
 ParOldGen       total 42496K, used 15639K [0x00000000c0000000, 0x00000000c2980000, 0x00000000eab00000)
  object space 42496K, 36% used [0x00000000c0000000,0x00000000c0f45f58,0x00000000c2980000)
 Metaspace       used 7738K, capacity 7966K, committed 8320K, reserved 1056768K
  class space    used 754K, capacity 785K, committed 896K, reserved 1048576K
Event: 2.098 GC heap after
Heap after GC invocations=5 (full 0):
 PSYoungGen      total 66048K, used 2546K [0x00000000eab00000, 0x00000000f3c00000, 0x0000000100000000)
  eden space 63488K, 0% used [0x00000000eab00000,0x00000000eab00000,0x00000000ee900000)
  from space 2560K, 99% used [0x00000000ee900000,0x00000000eeb7ca88,0x00000000eeb80000)
  to   space 10752K, 0% used [0x00000000f3180000,0x00000000f3180000,0x00000000f3c00000)
 ParOldGen       total 42496K, used 18183K [0x00000000c0000000, 0x00000000c2980000, 0x00000000eab00000)
  object space 42496K, 42% used [0x00000000c0000000,0x00000000c11c1d98,0x00000000c2980000)
 Metaspace       used 7738K, capacity 7966K, committed 8320K, reserved 1056768K
  class space    used 754K, capacity 785K, committed 896K, reserved 1048576K
}
Event: 2.244 GC heap before
{Heap before GC invocations=6 (full 0):
 PSYoungGen      total 66048K, used 66034K [0x00000000eab00000, 0x00000000f3c00000, 0x0000000100000000)
  eden space 63488K, 100% used [0x00000000eab00000,0x00000000ee900000,0x00000000ee900000)
  from space 2560K, 99% used [0x00000000ee900000,0x00000000eeb7ca88,0x00000000eeb80000)
  to   space 10752K, 0% used [0x00000000f3180000,0x00000000f3180000,0x00000000f3c00000)
 ParOldGen       total 42496K, used 18183K [0x00000000c0000000, 0x00000000c2980000, 0x00000000eab00000)
  object space 42496K, 42% used [0x00000000c0000000,0x00000000c11c1d98,0x00000000c2980000)
 Metaspace       used 7747K, capacity 7966K, committed 8320K, reserved 1056768K
  class space    used 754K, capacity 785K, committed 896K, reserved 1048576K
Event: 2.257 GC heap after
Heap after GC invocations=6 (full 0):
 PSYoungGen      total 137728K, used 7496K [0x00000000eab00000, 0x00000000f3c00000, 0x0000000100000000)
  eden space 126976K, 0% used [0x00000000eab00000,0x00000000eab00000,0x00000000f2700000)
  from space 10752K, 69% used [0x00000000f3180000,0x00000000f38d23f0,0x00000000f3c00000)
  to   space 10752K, 0% used [0x00000000f2700000,0x00000000f2700000,0x00000000f3180000)
 ParOldGen       total 42496K, used 18191K [0x00000000c0000000, 0x00000000c2980000, 0x00000000eab00000)
  object space 42496K, 42% used [0x00000000c0000000,0x00000000c11c3d98,0x00000000c2980000)
 Metaspace       used 7747K, capacity 7966K, committed 8320K, reserved 1056768K
  class space    used 754K, capacity 785K, committed 896K, reserved 1048576K
}
Event: 2.788 GC heap before
{Heap before GC invocations=7 (full 0):
 PSYoungGen      total 137728K, used 134472K [0x00000000eab00000, 0x00000000f3c00000, 0x0000000100000000)
  eden space 126976K, 100% used [0x00000000eab00000,0x00000000f2700000,0x00000000f2700000)
  from space 10752K, 69% used [0x00000000f3180000,0x00000000f38d23f0,0x00000000f3c00000)
  to   space 10752K, 0% used [0x00000000f2700000,0x00000000f2700000,0x00000000f3180000)
 ParOldGen       total 42496K, used 18191K [0x00000000c0000000, 0x00000000c2980000, 0x00000000eab00000)
  object space 42496K, 42% used [0x00000000c0000000,0x00000000c11c3d98,0x00000000c2980000)
 Metaspace       used 7753K, capacity 7966K, committed 8320K, reserved 1056768K
  class space    used 754K, capacity 785K, committed 896K, reserved 1048576K
Event: 2.809 GC heap after
Heap after GC invocations=7 (full 0):
 PSYoungGen      total 137728K, used 7611K [0x00000000eab00000, 0x00000000fb800000, 0x0000000100000000)
  eden space 126976K, 0% used [0x00000000eab00000,0x00000000eab00000,0x00000000f2700000)
  from space 10752K, 70% used [0x00000000f2700000,0x00000000f2e6ed98,0x00000000f3180000)
  to   space 10752K, 0% used [0x00000000fad80000,0x00000000fad80000,0x00000000fb800000)
 ParOldGen       total 42496K, used 20494K [0x00000000c0000000, 0x00000000c2980000, 0x00000000eab00000)
  object space 42496K, 48% used [0x00000000c0000000,0x00000000c14038e8,0x00000000c2980000)
 Metaspace       used 7753K, capacity 7966K, committed 8320K, reserved 1056768K
  class space    used 754K, capacity 785K, committed 896K, reserved 1048576K
}
Event: 3.046 GC heap before
{Heap before GC invocations=8 (full 0):
 PSYoungGen      total 137728K, used 134587K [0x00000000eab00000, 0x00000000fb800000, 0x0000000100000000)
  eden space 126976K, 100% used [0x00000000eab00000,0x00000000f2700000,0x00000000f2700000)
  from space 10752K, 70% used [0x00000000f2700000,0x00000000f2e6ed98,0x00000000f3180000)
  to   space 10752K, 0% used [0x00000000fad80000,0x00000000fad80000,0x00000000fb800000)
 ParOldGen       total 42496K, used 20494K [0x00000000c0000000, 0x00000000c2980000, 0x00000000eab00000)
  object space 42496K, 48% used [0x00000000c0000000,0x00000000c14038e8,0x00000000c2980000)
 Metaspace       used 7759K, capacity 7966K, committed 8320K, reserved 1056768K
  class space    used 754K, capacity 785K, committed 896K, reserved 1048576K
Event: 3.055 GC heap after
Heap after GC invocations=8 (full 0):
 PSYoungGen      total 263680K, used 9298K [0x00000000eab00000, 0x00000000fba00000, 0x0000000100000000)
  eden space 252928K, 0% used [0x00000000eab00000,0x00000000eab00000,0x00000000fa200000)
  from space 10752K, 86% used [0x00000000fad80000,0x00000000fb6949e8,0x00000000fb800000)
  to   space 11776K, 0% used [0x00000000fa200000,0x00000000fa200000,0x00000000fad80000)
 ParOldGen       total 42496K, used 20782K [0x00000000c0000000, 0x00000000c2980000, 0x00000000eab00000)
  object space 42496K, 48% used [0x00000000c0000000,0x00000000c144b8f8,0x00000000c2980000)
 Metaspace       used 7759K, capacity 7966K, committed 8320K, reserved 1056768K
  class space    used 754K, capacity 785K, committed 896K, reserved 1048576K
}
Event: 3.908 GC heap before
{Heap before GC invocations=9 (full 0):
 PSYoungGen      total 263680K, used 262226K [0x00000000eab00000, 0x00000000fba00000, 0x0000000100000000)
  eden space 252928K, 100% used [0x00000000eab00000,0x00000000fa200000,0x00000000fa200000)
  from space 10752K, 86% used [0x00000000fad80000,0x00000000fb6949e8,0x00000000fb800000)
  to   space 11776K, 0% used [0x00000000fa200000,0x00000000fa200000,0x00000000fad80000)
 ParOldGen       total 42496K, used 20782K [0x00000000c0000000, 0x00000000c2980000, 0x00000000eab00000)
  object space 42496K, 48% used [0x00000000c0000000,0x00000000c144b8f8,0x00000000c2980000)
 Metaspace       used 7762K, capacity 7966K, committed 8320K, reserved 1056768K
  class space    used 754K, capacity 785K, committed 896K, reserved 1048576K

Deoptimization events (10 events):
Event: 1.617 Thread 0x00007f033400b800 Uncommon trap: reason=unstable_if action=reinterpret pc=0x00007f0324cc4994 method=com.android.dx.merge.IndexMap.adjustString(I)I @ 2
Event: 1.652 Thread 0x00007f033400b800 Uncommon trap: reason=unstable_if action=reinterpret pc=0x00007f0324cd0460 method=com.android.dex.FieldId.compareTo(Lcom/android/dex/FieldId;)I @ 8
Event: 2.153 Thread 0x00007f033400b800 Uncommon trap: reason=unstable_if action=reinterpret pc=0x00007f0324d818e8 method=com.android.dex.EncodedValueCodec.readUnsignedInt(Lcom/android/dex/util/ByteInput;IZ)I @ 3
Event: 2.371 Thread 0x00007f033400b800 Uncommon trap: reason=unstable_if action=reinterpret pc=0x00007f0324dcb328 method=java.util.HashMap$TreeNode.balanceInsertion(Ljava/util/HashMap$TreeNode;Ljava/util/HashMap$TreeNode;)Ljava/util/HashMap$TreeNode; @ 189
Event: 3.787 Thread 0x00007f033400b800 Uncommon trap: reason=predicate action=maybe_recompile pc=0x00007f0324e9d5d0 method=java.util.TimSort.binarySort([Ljava/lang/Object;IIILjava/util/Comparator;)V @ 37
Event: 3.787 Thread 0x00007f033400b800 Uncommon trap: reason=predicate action=maybe_recompile pc=0x00007f0324ea4090 method=java.util.TimSort.reverseRange([Ljava/lang/Object;II)V @ 8
Event: 3.787 Thread 0x00007f033400b800 Uncommon trap: reason=array_check action=maybe_recompile pc=0x00007f0324e58dec method=java.util.TimSort.binarySort([Ljava/lang/Object;IIILjava/util/Comparator;)V @ 215
Event: 3.787 Thread 0x00007f033400b800 Uncommon trap: reason=array_check action=maybe_recompile pc=0x00007f0324e58dec method=java.util.TimSort.binarySort([Ljava/lang/Object;IIILjava/util/Comparator;)V @ 215
Event: 3.787 Thread 0x00007f033400b800 Uncommon trap: reason=array_check action=maybe_recompile pc=0x00007f0324e58e3c method=java.util.TimSort.binarySort([Ljava/lang/Object;IIILjava/util/Comparator;)V @ 193
Event: 3.787 Thread 0x00007f033400b800 Uncommon trap: reason=array_check action=maybe_recompile pc=0x00007f0324e58dec method=java.util.TimSort.binarySort([Ljava/lang/Object;IIILjava/util/Comparator;)V @ 215

Internal exceptions (7 events):
Event: 0.154 Thread 0x00007f033400b800 Exception <a 'java/lang/NoSuchMethodError': Method sun.misc.Unsafe.defineClass(Ljava/lang/String;[BII)Ljava/lang/Class; name or signature does not match> (0x00000000eab12a38) thrown at [/RE-WORK/workspace/8-2-build-linux-amd64/jdk8u45/3457/hotspot/src/sha
Event: 0.154 Thread 0x00007f033400b800 Exception <a 'java/lang/NoSuchMethodError': Method sun.misc.Unsafe.prefetchRead(Ljava/lang/Object;J)V name or signature does not match> (0x00000000eab12cc8) thrown at [/RE-WORK/workspace/8-2-build-linux-amd64/jdk8u45/3457/hotspot/src/share/vm/prims/jni.cp
Event: 0.960 Thread 0x00007f033400b800 Implicit null exception at 0x00007f0324a5b422 to 0x00007f0324a5b4c2
Event: 1.571 Thread 0x00007f033400b800 Exception <a 'java/security/PrivilegedActionException'> (0x00000000eae0c2d8) thrown at [/RE-WORK/workspace/8-2-build-linux-amd64/jdk8u45/3457/hotspot/src/share/vm/prims/jvm.cpp, line 1382]
Event: 1.571 Thread 0x00007f033400b800 Exception <a 'java/security/PrivilegedActionException'> (0x00000000eae0c620) thrown at [/RE-WORK/workspace/8-2-build-linux-amd64/jdk8u45/3457/hotspot/src/share/vm/prims/jvm.cpp, line 1382]
Event: 1.571 Thread 0x00007f033400b800 Exception <a 'java/security/PrivilegedActionException'> (0x00000000eae0ead0) thrown at [/RE-WORK/workspace/8-2-build-linux-amd64/jdk8u45/3457/hotspot/src/share/vm/prims/jvm.cpp, line 1382]
Event: 1.572 Thread 0x00007f033400b800 Exception <a 'java/security/PrivilegedActionException'> (0x00000000eae0ee18) thrown at [/RE-WORK/workspace/8-2-build-linux-amd64/jdk8u45/3457/hotspot/src/share/vm/prims/jvm.cpp, line 1382]

Events (10 events):
Event: 3.787 Thread 0x00007f033400b800 Uncommon trap: trap_request=0xffffffd6 fr.pc=0x00007f0324e58dec
Event: 3.787 Thread 0x00007f033400b800 DEOPT PACKING pc=0x00007f0324e58dec sp=0x00007f033a633370
Event: 3.787 Thread 0x00007f033400b800 DEOPT UNPACKING pc=0x00007f03245ae229 sp=0x00007f033a633330 mode 2
Event: 3.787 Thread 0x00007f033400b800 Uncommon trap: trap_request=0xffffffd6 fr.pc=0x00007f0324e58e3c
Event: 3.787 Thread 0x00007f033400b800 DEOPT PACKING pc=0x00007f0324e58e3c sp=0x00007f033a633370
Event: 3.787 Thread 0x00007f033400b800 DEOPT UNPACKING pc=0x00007f03245ae229 sp=0x00007f033a633330 mode 2
Event: 3.787 Thread 0x00007f033400b800 Uncommon trap: trap_request=0xffffffd6 fr.pc=0x00007f0324e58dec
Event: 3.787 Thread 0x00007f033400b800 DEOPT PACKING pc=0x00007f0324e58dec sp=0x00007f033a633370
Event: 3.787 Thread 0x00007f033400b800 DEOPT UNPACKING pc=0x00007f03245ae229 sp=0x00007f033a633330 mode 2
Event: 3.908 Executing VM operation: ParallelGCFailedAllocation


Dynamic libraries:
00400000-00401000 r-xp 00000000 08:03 1572315                            /opt/java/jdk1.8.0_45/bin/java
00600000-00601000 rw-p 00000000 08:03 1572315                            /opt/java/jdk1.8.0_45/bin/java
01d01000-01d22000 rw-p 00000000 00:00 0                                  [heap]
c0000000-c2980000 rw-p 00000000 00:00 0 
c2980000-eab00000 ---p 00000000 00:00 0 
eab00000-fba00000 rw-p 00000000 00:00 0 
100000000-1000e0000 rw-p 00000000 00:00 0 
1000e0000-140000000 ---p 00000000 00:00 0 
7f02e4000000-7f02e4021000 rw-p 00000000 00:00 0 
7f02e4021000-7f02e8000000 ---p 00000000 00:00 0 
7f02e8000000-7f02e8021000 rw-p 00000000 00:00 0 
7f02e8021000-7f02ec000000 ---p 00000000 00:00 0 
7f02ec000000-7f02eca1e000 rw-p 00000000 00:00 0 
7f02eca1e000-7f02f0000000 ---p 00000000 00:00 0 
7f02f0000000-7f02f06b4000 rw-p 00000000 00:00 0 
7f02f06b4000-7f02f4000000 ---p 00000000 00:00 0 
7f02f4000000-7f02f4021000 rw-p 00000000 00:00 0 
7f02f4021000-7f02f8000000 ---p 00000000 00:00 0 
7f02f8000000-7f02f8b04000 rw-p 00000000 00:00 0 
7f02f8b04000-7f02fc000000 ---p 00000000 00:00 0 
7f02fc000000-7f02fc021000 rw-p 00000000 00:00 0 
7f02fc021000-7f0300000000 ---p 00000000 00:00 0 
7f0300000000-7f0300021000 rw-p 00000000 00:00 0 
7f0300021000-7f0304000000 ---p 00000000 00:00 0 
7f0304000000-7f0304021000 rw-p 00000000 00:00 0 
7f0304021000-7f0308000000 ---p 00000000 00:00 0 
7f0308000000-7f030828a000 rw-p 00000000 00:00 0 
7f030828a000-7f030c000000 ---p 00000000 00:00 0 
7f030c000000-7f030c021000 rw-p 00000000 00:00 0 
7f030c021000-7f0310000000 ---p 00000000 00:00 0 
7f0314000000-7f0314021000 rw-p 00000000 00:00 0 
7f0314021000-7f0318000000 ---p 00000000 00:00 0 
7f031b32d000-7f031b32e000 ---p 00000000 00:00 0 
7f031b32e000-7f031b42e000 rw-p 00000000 00:00 0                          [stack:26229]
7f031b42e000-7f031b431000 ---p 00000000 00:00 0 
7f031b431000-7f031b52f000 rw-p 00000000 00:00 0                          [stack:26228]
7f031b52f000-7f031b532000 ---p 00000000 00:00 0 
7f031b532000-7f031b630000 rw-p 00000000 00:00 0                          [stack:26227]
7f031b630000-7f031b633000 ---p 00000000 00:00 0 
7f031b633000-7f031b731000 rw-p 00000000 00:00 0                          [stack:26226]
7f031b731000-7f031b734000 ---p 00000000 00:00 0 
7f031b734000-7f031b832000 rw-p 00000000 00:00 0                          [stack:26225]
7f031b832000-7f031b835000 ---p 00000000 00:00 0 
7f031b835000-7f031b933000 rw-p 00000000 00:00 0                          [stack:26224]
7f031b933000-7f031bbfc000 r--p 00000000 08:03 266989                     /usr/lib/locale/locale-archive
7f031bbfc000-7f031bbff000 ---p 00000000 00:00 0 
7f031bbff000-7f031bcfd000 rw-p 00000000 00:00 0                          [stack:26223]
7f031bcfd000-7f031bd00000 ---p 00000000 00:00 0 
7f031bd00000-7f031bdfe000 rw-p 00000000 00:00 0                          [stack:26222]
7f031bdfe000-7f031bdff000 ---p 00000000 00:00 0 
7f031bdff000-7f031c000000 rw-p 00000000 00:00 0                          [stack:26221]
7f031c000000-7f031c021000 rw-p 00000000 00:00 0 
7f031c021000-7f0320000000 ---p 00000000 00:00 0 
7f0320078000-7f0320083000 r--s 00116000 08:03 1574017                    /opt/java/jdk1.8.0_45/jre/lib/ext/localedata.jar
7f0320083000-7f032009f000 r--s 00393000 08:03 1574015                    /opt/java/jdk1.8.0_45/jre/lib/ext/cldrdata.jar
7f032009f000-7f03200ae000 r--s 000dd000 00:1a 9438599                    /home/mike/Android/Sdk/build-tools/22.0.1/lib/dx.jar
7f03200ae000-7f0320f40000 rw-p 00000000 00:00 0 
7f0320f40000-7f0321119000 r--s 03d09000 08:03 1573810                    /opt/java/jdk1.8.0_45/jre/lib/rt.jar
7f0321119000-7f03218cf000 rw-p 00000000 00:00 0 
7f03218cf000-7f032198f000 ---p 00000000 00:00 0 
7f032198f000-7f0323b8f000 rw-p 00000000 00:00 0 
7f0323b8f000-7f0323b90000 ---p 00000000 00:00 0 
7f0323b90000-7f0323c90000 rw-p 00000000 00:00 0                          [stack:26220]
7f0323c90000-7f0323c91000 ---p 00000000 00:00 0 
7f0323c91000-7f0323d91000 rw-p 00000000 00:00 0                          [stack:26219]
7f0323d91000-7f0323d92000 ---p 00000000 00:00 0 
7f0323d92000-7f0323ea7000 rw-p 00000000 00:00 0                          [stack:26218]
7f0323ea7000-7f0323fe8000 ---p 00000000 00:00 0 
7f0323fe8000-7f0323ffd000 rw-p 00000000 00:00 0 
7f0323ffd000-7f032413d000 ---p 00000000 00:00 0 
7f032413d000-7f03241c5000 rw-p 00000000 00:00 0 
7f03241c5000-7f03241e8000 ---p 00000000 00:00 0 
7f03241e8000-7f032420e000 rw-p 00000000 00:00 0 
7f032420e000-7f03245a9000 ---p 00000000 00:00 0 
7f03245a9000-7f0324ec9000 rwxp 00000000 00:00 0 
7f0324ec9000-7f03335a9000 ---p 00000000 00:00 0 
7f03335a9000-7f03335c3000 r-xp 00000000 08:03 1574049                    /opt/java/jdk1.8.0_45/jre/lib/amd64/libzip.so
7f03335c3000-7f03337c3000 ---p 0001a000 08:03 1574049                    /opt/java/jdk1.8.0_45/jre/lib/amd64/libzip.so
7f03337c3000-7f03337c4000 rw-p 0001a000 08:03 1574049                    /opt/java/jdk1.8.0_45/jre/lib/amd64/libzip.so
7f03337c4000-7f03337cf000 r-xp 00000000 08:03 131807                     /lib/x86_64-linux-gnu/libnss_files-2.19.so
7f03337cf000-7f03339ce000 ---p 0000b000 08:03 131807                     /lib/x86_64-linux-gnu/libnss_files-2.19.so
7f03339ce000-7f03339cf000 r--p 0000a000 08:03 131807                     /lib/x86_64-linux-gnu/libnss_files-2.19.so
7f03339cf000-7f03339d0000 rw-p 0000b000 08:03 131807                     /lib/x86_64-linux-gnu/libnss_files-2.19.so
7f03339d0000-7f03339db000 r-xp 00000000 08:03 131871                     /lib/x86_64-linux-gnu/libnss_nis-2.19.so
7f03339db000-7f0333bda000 ---p 0000b000 08:03 131871                     /lib/x86_64-linux-gnu/libnss_nis-2.19.so
7f0333bda000-7f0333bdb000 r--p 0000a000 08:03 131871                     /lib/x86_64-linux-gnu/libnss_nis-2.19.so
7f0333bdb000-7f0333bdc000 rw-p 0000b000 08:03 131871                     /lib/x86_64-linux-gnu/libnss_nis-2.19.so
7f0333bdc000-7f0333bf3000 r-xp 00000000 08:03 131829                     /lib/x86_64-linux-gnu/libnsl-2.19.so
7f0333bf3000-7f0333df2000 ---p 00017000 08:03 131829                     /lib/x86_64-linux-gnu/libnsl-2.19.so
7f0333df2000-7f0333df3000 r--p 00016000 08:03 131829                     /lib/x86_64-linux-gnu/libnsl-2.19.so
7f0333df3000-7f0333df4000 rw-p 00017000 08:03 131829                     /lib/x86_64-linux-gnu/libnsl-2.19.so
7f0333df4000-7f0333df6000 rw-p 00000000 00:00 0 
7f0333df6000-7f0333dff000 r-xp 00000000 08:03 131828                     /lib/x86_64-linux-gnu/libnss_compat-2.19.so
7f0333dff000-7f0333ffe000 ---p 00009000 08:03 131828                     /lib/x86_64-linux-gnu/libnss_compat-2.19.so
7f0333ffe000-7f0333fff000 r--p 00008000 08:03 131828                     /lib/x86_64-linux-gnu/libnss_compat-2.19.so
7f0333fff000-7f0334000000 rw-p 00009000 08:03 131828                     /lib/x86_64-linux-gnu/libnss_compat-2.19.so
7f0334000000-7f03343c2000 rw-p 00000000 00:00 0 
7f03343c2000-7f0338000000 ---p 00000000 00:00 0 
7f0338009000-7f033802a000 rw-p 00000000 00:00 0 
7f033802a000-7f033802b000 ---p 00000000 00:00 0 
7f033802b000-7f033812b000 rw-p 00000000 00:00 0                          [stack:26217]
7f033812b000-7f0338155000 r-xp 00000000 08:03 1574040                    /opt/java/jdk1.8.0_45/jre/lib/amd64/libjava.so
7f0338155000-7f0338355000 ---p 0002a000 08:03 1574040                    /opt/java/jdk1.8.0_45/jre/lib/amd64/libjava.so
7f0338355000-7f0338357000 rw-p 0002a000 08:03 1574040                    /opt/java/jdk1.8.0_45/jre/lib/amd64/libjava.so
7f0338357000-7f0338364000 r-xp 00000000 08:03 1574047                    /opt/java/jdk1.8.0_45/jre/lib/amd64/libverify.so
7f0338364000-7f0338564000 ---p 0000d000 08:03 1574047                    /opt/java/jdk1.8.0_45/jre/lib/amd64/libverify.so
7f0338564000-7f0338566000 rw-p 0000d000 08:03 1574047                    /opt/java/jdk1.8.0_45/jre/lib/amd64/libverify.so
7f0338566000-7f033856d000 r-xp 00000000 08:03 131868                     /lib/x86_64-linux-gnu/librt-2.19.so
7f033856d000-7f033876c000 ---p 00007000 08:03 131868                     /lib/x86_64-linux-gnu/librt-2.19.so
7f033876c000-7f033876d000 r--p 00006000 08:03 131868                     /lib/x86_64-linux-gnu/librt-2.19.so
7f033876d000-7f033876e000 rw-p 00007000 08:03 131868                     /lib/x86_64-linux-gnu/librt-2.19.so
7f033876e000-7f0338873000 r-xp 00000000 08:03 131806                     /lib/x86_64-linux-gnu/libm-2.19.so
7f0338873000-7f0338a72000 ---p 00105000 08:03 131806                     /lib/x86_64-linux-gnu/libm-2.19.so
7f0338a72000-7f0338a73000 r--p 00104000 08:03 131806                     /lib/x86_64-linux-gnu/libm-2.19.so
7f0338a73000-7f0338a74000 rw-p 00105000 08:03 131806                     /lib/x86_64-linux-gnu/libm-2.19.so
7f0338a74000-7f0339722000 r-xp 00000000 08:03 1574060                    /opt/java/jdk1.8.0_45/jre/lib/amd64/server/libjvm.so
7f0339722000-7f0339921000 ---p 00cae000 08:03 1574060                    /opt/java/jdk1.8.0_45/jre/lib/amd64/server/libjvm.so
7f0339921000-7f03399f8000 rw-p 00cad000 08:03 1574060                    /opt/java/jdk1.8.0_45/jre/lib/amd64/server/libjvm.so
7f03399f8000-7f0339a3c000 rw-p 00000000 00:00 0 
7f0339a3c000-7f0339bf7000 r-xp 00000000 08:03 131857                     /lib/x86_64-linux-gnu/libc-2.19.so
7f0339bf7000-7f0339df6000 ---p 001bb000 08:03 131857                     /lib/x86_64-linux-gnu/libc-2.19.so
7f0339df6000-7f0339dfa000 r--p 001ba000 08:03 131857                     /lib/x86_64-linux-gnu/libc-2.19.so
7f0339dfa000-7f0339dfc000 rw-p 001be000 08:03 131857                     /lib/x86_64-linux-gnu/libc-2.19.so
7f0339dfc000-7f0339e01000 rw-p 00000000 00:00 0 
7f0339e01000-7f0339e04000 r-xp 00000000 08:03 131810                     /lib/x86_64-linux-gnu/libdl-2.19.so
7f0339e04000-7f033a003000 ---p 00003000 08:03 131810                     /lib/x86_64-linux-gnu/libdl-2.19.so
7f033a003000-7f033a004000 r--p 00002000 08:03 131810                     /lib/x86_64-linux-gnu/libdl-2.19.so
7f033a004000-7f033a005000 rw-p 00003000 08:03 131810                     /lib/x86_64-linux-gnu/libdl-2.19.so
7f033a005000-7f033a01a000 r-xp 00000000 08:03 1573749                    /opt/java/jdk1.8.0_45/lib/amd64/jli/libjli.so
7f033a01a000-7f033a21a000 ---p 00015000 08:03 1573749                    /opt/java/jdk1.8.0_45/lib/amd64/jli/libjli.so
7f033a21a000-7f033a21b000 rw-p 00015000 08:03 1573749                    /opt/java/jdk1.8.0_45/lib/amd64/jli/libjli.so
7f033a21b000-7f033a234000 r-xp 00000000 08:03 131858                     /lib/x86_64-linux-gnu/libpthread-2.19.so
7f033a234000-7f033a433000 ---p 00019000 08:03 131858                     /lib/x86_64-linux-gnu/libpthread-2.19.so
7f033a433000-7f033a434000 r--p 00018000 08:03 131858                     /lib/x86_64-linux-gnu/libpthread-2.19.so
7f033a434000-7f033a435000 rw-p 00019000 08:03 131858                     /lib/x86_64-linux-gnu/libpthread-2.19.so
7f033a435000-7f033a439000 rw-p 00000000 00:00 0 
7f033a439000-7f033a45c000 r-xp 00000000 08:03 131833                     /lib/x86_64-linux-gnu/ld-2.19.so
7f033a45d000-7f033a462000 r--s 00094000 08:03 1573828                    /opt/java/jdk1.8.0_45/jre/lib/jsse.jar
7f033a462000-7f033a534000 rw-p 00000000 00:00 0 
7f033a534000-7f033a537000 ---p 00000000 00:00 0 
7f033a537000-7f033a63a000 rw-p 00000000 00:00 0                          [stack:26216]
7f033a63a000-7f033a63b000 r--p 00000000 08:03 672594                     /usr/share/locale-langpack/en_GB/LC_MESSAGES/libc.mo
7f033a63b000-7f033a64f000 rw-p 00000000 00:00 0 
7f033a64f000-7f033a657000 rw-s 00000000 08:03 1574139                    /tmp/hsperfdata_mike/26211
7f033a657000-7f033a658000 rw-p 00000000 00:00 0 
7f033a658000-7f033a659000 ---p 00000000 00:00 0 
7f033a659000-7f033a65b000 rw-p 00000000 00:00 0 
7f033a65b000-7f033a65c000 r--p 00022000 08:03 131833                     /lib/x86_64-linux-gnu/ld-2.19.so
7f033a65c000-7f033a65d000 rw-p 00023000 08:03 131833                     /lib/x86_64-linux-gnu/ld-2.19.so
7f033a65d000-7f033a65e000 rw-p 00000000 00:00 0 
7fff95fc1000-7fff95fe3000 rw-p 00000000 00:00 0                          [stack]
7fff95ffe000-7fff96000000 r-xp 00000000 00:00 0                          [vdso]
ffffffffff600000-ffffffffff601000 r-xp 00000000 00:00 0                  [vsyscall]

VM Arguments:
jvm_args: -Xmx1024M -Dfile.encoding=UTF-8 -Duser.country=GB -Duser.language=en -Duser.variant 
java_command: com.android.dx.command.Main --dex --output /home/mike/AndroidStudioProjects/Wordist/app/build/intermediates/dex/debug /home/mike/AndroidStudioProjects/Wordist/app/build/intermediates/classes/debug /home/mike/AndroidStudioProjects/Wordist/app/build/intermediates/pre-dexed/debug/support-annotations-22.2.0-bfa71d602cc0e11fce5350ed544c9f5e4d4a05e4.jar /home/mike/AndroidStudioProjects/Wordist/app/build/intermediates/pre-dexed/debug/classes-e01224f4b848d2f70fe036e6ffd03fad8e49b557.jar /home/mike/AndroidStudioProjects/Wordist/app/build/intermediates/pre-dexed/debug/classes-2ab3d19bd8375c4756f92f9df195e4252f17cf71.jar /home/mike/AndroidStudioProjects/Wordist/app/build/intermediates/pre-dexed/debug/classes-674e81071699e5047dc949309e33eaff0b6cf792.jar /home/mike/AndroidStudioProjects/Wordist/app/build/intermediates/pre-dexed/debug/internal_impl-22.0.0-badf73acff408b2f94e3947ab7ebff932b700965.jar /home/mike/AndroidStudioProjects/Wordist/app/build/intermediates/pre-dexed/debug/classes-b97a6c1cf7fbeb04f196fcf80c57d4257edcc6dd.jar /home/mike/AndroidStudioProjects/Wordist/app/build/intermediates/pre-dexed/debug/classes-d24eb526a194db96263c3f6685649fd0fe6c44d5.jar /home/mike/AndroidStudioProjects/Wordist/app/build/intermediates/pre-dexed/debug/classes-7a28f4ba4fb32a581ec7923ddf90ef95697adfea.jar /home/mike/AndroidStudioProjects/Wordist/app/build/intermediates/pre-dexed/debug/classes-2fffb6f7a97d395100aaf3eefa7e7444903a76be.jar /home/mike/AndroidStudioProjects/Wordist/app/build/intermediates/pre-dexed/debug/classes-cc0797b316f66372a2b35e75e646f3b4068a1b62.jar /home/mike/AndroidStudioProjects/Wordist/app/build/intermediates/pre-dexed/debug/classes-ba694547ab3fc3fe5bc8d34ae51866c6cab4beda.jar /home/mike/AndroidStudioProjects/Wordist/app/build/intermediates/pre-dexed/debug/classes-137b98b536e4a331a4b67052cd2264e1af3633e9.jar /home/mike/AndroidStudioProjects/Wordist/app/build/intermediates/pre-dexed/debug/classes-d59b62fbaf9b5683c1ab50b0492d3f2097297188.jar /home/mike/An
java_class_path (initial): /home/mike/Android/Sdk/build-tools/22.0.1/lib/dx.jar
Launcher Type: SUN_STANDARD

Environment Variables:
PATH=/usr/local/sbin:/usr/local/bin:/usr/sbin:/usr/bin:/sbin:/bin:/usr/games:/usr/local/games
USERNAME=mike
LD_LIBRARY_PATH=/opt/android-studio/bin:
SHELL=/bin/bash
DISPLAY=:0

Signal Handlers:
SIGSEGV: [libjvm.so+0xaad1e0], sa_mask[0]=11111111011111111101111111111110, sa_flags=SA_RESTART|SA_SIGINFO
SIGBUS: [libjvm.so+0xaad1e0], sa_mask[0]=11111111011111111101111111111110, sa_flags=SA_RESTART|SA_SIGINFO
SIGFPE: [libjvm.so+0x90b450], sa_mask[0]=11111111011111111101111111111110, sa_flags=SA_RESTART|SA_SIGINFO
SIGPIPE: [libjvm.so+0x90b450], sa_mask[0]=11111111011111111101111111111110, sa_flags=SA_RESTART|SA_SIGINFO
SIGXFSZ: [libjvm.so+0x90b450], sa_mask[0]=11111111011111111101111111111110, sa_flags=SA_RESTART|SA_SIGINFO
SIGILL: [libjvm.so+0x90b450], sa_mask[0]=11111111011111111101111111111110, sa_flags=SA_RESTART|SA_SIGINFO
SIGUSR1: SIG_DFL, sa_mask[0]=00000000000000000000000000000000, sa_flags=none
SIGUSR2: [libjvm.so+0x90ca90], sa_mask[0]=00100000000000000000000000000000, sa_flags=SA_RESTART|SA_SIGINFO
SIGHUP: [libjvm.so+0x90dde0], sa_mask[0]=11111111011111111101111111111110, sa_flags=SA_RESTART|SA_SIGINFO
SIGINT: [libjvm.so+0x90dde0], sa_mask[0]=11111111011111111101111111111110, sa_flags=SA_RESTART|SA_SIGINFO
SIGTERM: [libjvm.so+0x90dde0], sa_mask[0]=11111111011111111101111111111110, sa_flags=SA_RESTART|SA_SIGINFO
SIGQUIT: [libjvm.so+0x90dde0], sa_mask[0]=11111111011111111101111111111110, sa_flags=SA_RESTART|SA_SIGINFO


---------------  S Y S T E M  ---------------

OS:DISTRIB_ID=LinuxMint
DISTRIB_RELEASE=17.2
DISTRIB_CODENAME=rafaela
DISTRIB_DESCRIPTION="Linux Mint 17.2 Rafaela"

uname:Linux 3.13.0-37-generic #64-Ubuntu SMP Mon Sep 22 21:28:38 UTC 2014 x86_64
libc:glibc 2.19 NPTL 2.19 
rlimit: STACK 8192k, CORE 0k, NPROC 30882, NOFILE 4096, AS infinity
load average:0.92 0.61 1.17

/proc/meminfo:
MemTotal:        4048044 kB
MemFree:          119884 kB
Buffers:             628 kB
Cached:            50888 kB
SwapCached:            0 kB
Active:          3393828 kB
Inactive:          33888 kB
Active(anon):    3378400 kB
Inactive(anon):    15988 kB
Active(file):      15428 kB
Inactive(file):    17900 kB
Unevictable:          72 kB
Mlocked:              72 kB
SwapTotal:             0 kB
SwapFree:              0 kB
Dirty:               512 kB
Writeback:             0 kB
AnonPages:       3376812 kB
Mapped:           261932 kB
Shmem:             17720 kB
Slab:              67740 kB
SReclaimable:      25088 kB
SUnreclaim:        42652 kB
KernelStack:        4184 kB
PageTables:        31164 kB
NFS_Unstable:          0 kB
Bounce:                0 kB
WritebackTmp:          0 kB
CommitLimit:     2024020 kB
Committed_AS:    4932044 kB
VmallocTotal:   34359738367 kB
VmallocUsed:      305680 kB
VmallocChunk:   34359429372 kB
HardwareCorrupted:     0 kB
AnonHugePages:   2316288 kB
HugePages_Total:       0
HugePages_Free:        0
HugePages_Rsvd:        0
HugePages_Surp:        0
Hugepagesize:       2048 kB
DirectMap4k:      280128 kB
DirectMap2M:     3913728 kB
DirectMap1G:           0 kB


CPU:total 4 (4 cores per cpu, 1 threads per core) family 16 model 4 stepping 2, cmov, cx8, fxsr, mmx, sse, sse2, sse3, popcnt, mmxext, 3dnowpref, lzcnt, sse4a, tsc, tscinvbit, tscinv

/proc/cpuinfo:
processor	: 0
vendor_id	: AuthenticAMD
cpu family	: 16
model		: 4
model name	: AMD Phenom(tm) II X4 955 Processor
stepping	: 2
microcode	: 0x1000086
cpu MHz		: 800.000
cache size	: 512 KB
physical id	: 0
siblings	: 4
core id		: 0
cpu cores	: 4
apicid		: 0
initial apicid	: 0
fpu		: yes
fpu_exception	: yes
cpuid level	: 5
wp		: yes
flags		: fpu vme de pse tsc msr pae mce cx8 apic sep mtrr pge mca cmov pat pse36 clflush mmx fxsr sse sse2 ht syscall nx mmxext fxsr_opt pdpe1gb rdtscp lm 3dnowext 3dnow constant_tsc rep_good nopl nonstop_tsc extd_apicid pni monitor cx16 popcnt lahf_lm cmp_legacy svm extapic cr8_legacy abm sse4a misalignsse 3dnowprefetch osvw ibs skinit wdt hw_pstate npt lbrv svm_lock nrip_save
bogomips	: 6399.67
TLB size	: 1024 4K pages
clflush size	: 64
cache_alignment	: 64
address sizes	: 48 bits physical, 48 bits virtual
power management: ts ttp tm stc 100mhzsteps hwpstate

processor	: 1
vendor_id	: AuthenticAMD
cpu family	: 16
model		: 4
model name	: AMD Phenom(tm) II X4 955 Processor
stepping	: 2
microcode	: 0x1000086
cpu MHz		: 800.000
cache size	: 512 KB
physical id	: 0
siblings	: 4
core id		: 1
cpu cores	: 4
apicid		: 1
initial apicid	: 1
fpu		: yes
fpu_exception	: yes
cpuid level	: 5
wp		: yes
flags		: fpu vme de pse tsc msr pae mce cx8 apic sep mtrr pge mca cmov pat pse36 clflush mmx fxsr sse sse2 ht syscall nx mmxext fxsr_opt pdpe1gb rdtscp lm 3dnowext 3dnow constant_tsc rep_good nopl nonstop_tsc extd_apicid pni monitor cx16 popcnt lahf_lm cmp_legacy svm extapic cr8_legacy abm sse4a misalignsse 3dnowprefetch osvw ibs skinit wdt hw_pstate npt lbrv svm_lock nrip_save
bogomips	: 6399.67
TLB size	: 1024 4K pages
clflush size	: 64
cache_alignment	: 64
address sizes	: 48 bits physical, 48 bits virtual
power management: ts ttp tm stc 100mhzsteps hwpstate

processor	: 2
vendor_id	: AuthenticAMD
cpu family	: 16
model		: 4
model name	: AMD Phenom(tm) II X4 955 Processor
stepping	: 2
microcode	: 0x1000086
cpu MHz		: 800.000
cache size	: 512 KB
physical id	: 0
siblings	: 4
core id		: 2
cpu cores	: 4
apicid		: 2
initial apicid	: 2
fpu		: yes
fpu_exception	: yes
cpuid level	: 5
wp		: yes
flags		: fpu vme de pse tsc msr pae mce cx8 apic sep mtrr pge mca cmov pat pse36 clflush mmx fxsr sse sse2 ht syscall nx mmxext fxsr_opt pdpe1gb rdtscp lm 3dnowext 3dnow constant_tsc rep_good nopl nonstop_tsc extd_apicid pni monitor cx16 popcnt lahf_lm cmp_legacy svm extapic cr8_legacy abm sse4a misalignsse 3dnowprefetch osvw ibs skinit wdt hw_pstate npt lbrv svm_lock nrip_save
bogomips	: 6399.67
TLB size	: 1024 4K pages
clflush size	: 64
cache_alignment	: 64
address sizes	: 48 bits physical, 48 bits virtual
power management: ts ttp tm stc 100mhzsteps hwpstate

processor	: 3
vendor_id	: AuthenticAMD
cpu family	: 16
model		: 4
model name	: AMD Phenom(tm) II X4 955 Processor
stepping	: 2
microcode	: 0x1000086
cpu MHz		: 3200.000
cache size	: 512 KB
physical id	: 0
siblings	: 4
core id		: 3
cpu cores	: 4
apicid		: 3
initial apicid	: 3
fpu		: yes
fpu_exception	: yes
cpuid level	: 5
wp		: yes
flags		: fpu vme de pse tsc msr pae mce cx8 apic sep mtrr pge mca cmov pat pse36 clflush mmx fxsr sse sse2 ht syscall nx mmxext fxsr_opt pdpe1gb rdtscp lm 3dnowext 3dnow constant_tsc rep_good nopl nonstop_tsc extd_apicid pni monitor cx16 popcnt lahf_lm cmp_legacy svm extapic cr8_legacy abm sse4a misalignsse 3dnowprefetch osvw ibs skinit wdt hw_pstate npt lbrv svm_lock nrip_save
bogomips	: 6399.67
TLB size	: 1024 4K pages
clflush size	: 64
cache_alignment	: 64
address sizes	: 48 bits physical, 48 bits virtual
power management: ts ttp tm stc 100mhzsteps hwpstate



Memory: 4k page, physical 4048044k(119884k free), swap 0k(0k free)

vm_info: Java HotSpot(TM) 64-Bit Server VM (25.45-b02) for linux-amd64 JRE (1.8.0_45-b14), built on Apr 10 2015 10:07:45 by "java_re" with gcc 4.3.0 20080428 (Red Hat 4.3.0-8)

time: Sun Jul 19 22:02:02 2015
elapsed time: 4 seconds (0d 0h 0m 4s)

