#
# There is insufficient memory for the Java Runtime Environment to continue.
# Native memory allocation (mmap) failed to map 87031808 bytes for committing reserved memory.
# Possible reasons:
#   The system is out of physical RAM or swap space
#   In 32 bit mode, the process size limit was hit
# Possible solutions:
#   Reduce memory load on the system
#   Increase physical memory or swap space
#   Check if swap backing store is full
#   Use 64 bit Java on a 64 bit OS
#   Decrease Java heap size (-Xmx/-Xms)
#   Decrease number of Java threads
#   Decrease Java thread stack sizes (-Xss)
#   Set larger code cache with -XX:ReservedCodeCacheSize=
# This output file may be truncated or incomplete.
#
#  Out of Memory Error (os_linux.cpp:2673), pid=8235, tid=140127010531072
#
# JRE version: Java(TM) SE Runtime Environment (8.0_45-b14) (build 1.8.0_45-b14)
# Java VM: Java HotSpot(TM) 64-Bit Server VM (25.45-b02 mixed mode linux-amd64 compressed oops)
# Failed to write core dump. Core dumps have been disabled. To enable core dumping, try "ulimit -c unlimited" before starting Java again
#

---------------  T H R E A D  ---------------

Current thread (0x00007f71ec077800):  VMThread [stack: 0x00007f71dc9fa000,0x00007f71dcafb000] [id=8244]

Stack: [0x00007f71dc9fa000,0x00007f71dcafb000],  sp=0x00007f71dcaf8f60,  free space=1019k
Native frames: (J=compiled Java code, j=interpreted, Vv=VM code, C=native code)
V  [libjvm.so+0xaac99a]  VMError::report_and_die()+0x2ba
V  [libjvm.so+0x4f333b]  report_vm_out_of_memory(char const*, int, unsigned long, VMErrorType, char const*)+0x8b
V  [libjvm.so+0x90e7c3]  os::Linux::commit_memory_impl(char*, unsigned long, bool)+0x103
V  [libjvm.so+0x90ed19]  os::pd_commit_memory(char*, unsigned long, unsigned long, bool)+0x29
V  [libjvm.so+0x90867a]  os::commit_memory(char*, unsigned long, unsigned long, bool)+0x2a
V  [libjvm.so+0x97bac3]  PSVirtualSpace::expand_by(unsigned long)+0x53
V  [libjvm.so+0x97cec8]  PSYoungGen::resize_generation(unsigned long, unsigned long)+0xf8
V  [libjvm.so+0x97c022]  PSYoungGen::resize(unsigned long, unsigned long)+0x22
V  [libjvm.so+0x9792fb]  PSScavenge::invoke_no_policy()+0xf7b
V  [libjvm.so+0x979a81]  PSScavenge::invoke()+0x41
V  [libjvm.so+0x932050]  ParallelScavengeHeap::failed_mem_allocate(unsigned long)+0x70
V  [libjvm.so+0xaae1d7]  VM_ParallelGCFailedAllocation::doit()+0x97
V  [libjvm.so+0xab59c5]  VM_Operation::evaluate()+0x55
V  [libjvm.so+0xab3d9a]  VMThread::evaluate_operation(VM_Operation*)+0xba
V  [libjvm.so+0xab411e]  VMThread::loop()+0x1ce
V  [libjvm.so+0xab4590]  VMThread::run()+0x70
V  [libjvm.so+0x910de8]  java_start(Thread*)+0x108

VM_Operation (0x00007f71f526dab0): ParallelGCFailedAllocation, mode: safepoint, requested by thread 0x00007f71ec00a000


---------------  P R O C E S S  ---------------

Java Threads: ( => current thread )
  0x00007f71ec0c2000 JavaThread "Service Thread" daemon [_thread_blocked, id=8254, stack(0x00007f71dc02a000,0x00007f71dc12b000)]
  0x00007f71ec0bd000 JavaThread "C1 CompilerThread2" daemon [_thread_blocked, id=8252, stack(0x00007f71dc12b000,0x00007f71dc22c000)]
  0x00007f71ec0bb800 JavaThread "C2 CompilerThread1" daemon [_thread_blocked, id=8249, stack(0x00007f71dc22c000,0x00007f71dc32d000)]
  0x00007f71ec0b8800 JavaThread "C2 CompilerThread0" daemon [_thread_blocked, id=8248, stack(0x00007f71dc32d000,0x00007f71dc42e000)]
  0x00007f71ec0b7000 JavaThread "Signal Dispatcher" daemon [_thread_blocked, id=8247, stack(0x00007f71dc42e000,0x00007f71dc52f000)]
  0x00007f71ec07f000 JavaThread "Finalizer" daemon [_thread_blocked, id=8246, stack(0x00007f71dc7f8000,0x00007f71dc8f9000)]
  0x00007f71ec07c800 JavaThread "Reference Handler" daemon [_thread_blocked, id=8245, stack(0x00007f71dc8f9000,0x00007f71dc9fa000)]
  0x00007f71ec00a000 JavaThread "main" [_thread_blocked, id=8238, stack(0x00007f71f516f000,0x00007f71f5270000)]

Other Threads:
=>0x00007f71ec077800 VMThread [stack: 0x00007f71dc9fa000,0x00007f71dcafb000] [id=8244]
  0x00007f71ec0c4800 WatcherThread [stack: 0x00007f71d5eff000,0x00007f71d6000000] [id=8255]

VM state:at safepoint (normal execution)

VM Mutex/Monitor currently owned by a thread:  ([mutex/lock_event])
[0x00007f71ec006350] Threads_lock - owner thread: 0x00007f71ec077800
[0x00007f71ec006850] Heap_lock - owner thread: 0x00007f71ec00a000

Heap:
 PSYoungGen      total 137728K, used 16373K [0x00000000eab00000, 0x00000000f4500000, 0x0000000100000000)
  eden space 121344K, 0% used [0x00000000eab00000,0x00000000eab00000,0x00000000f2180000)
  from space 16384K, 99% used [0x00000000f2180000,0x00000000f317d520,0x00000000f3180000)
  to   space 12800K, 0% used [0x00000000f3180000,0x00000000f3180000,0x00000000f3e00000)
 ParOldGen       total 42496K, used 38956K [0x00000000c0000000, 0x00000000c2980000, 0x00000000eab00000)
  object space 42496K, 91% used [0x00000000c0000000,0x00000000c260b200,0x00000000c2980000)
 Metaspace       used 6054K, capacity 7152K, committed 7296K, reserved 1056768K
  class space    used 565K, capacity 616K, committed 640K, reserved 1048576K

Card table byte_map: [0x00007f71f1d4e000,0x00007f71f1f4f000] byte_map_base: 0x00007f71f174e000

Marking Bits: (ParMarkBitMap*) 0x00007f71f464c760
 Begin Bits: [0x00007f71d6000000, 0x00007f71d7000000)
 End Bits:   [0x00007f71d7000000, 0x00007f71d8000000)

Polling page: 0x00007f71f5293000

CodeCache: size=245760Kb used=8137Kb max_used=8137Kb free=237622Kb
 bounds [0x00007f71dd000000, 0x00007f71dd800000, 0x00007f71ec000000]
 total_blobs=2078 nmethods=1813 adapters=178
 compilation: enabled

Compilation events (10 events):
Event: 11.094 Thread 0x00007f71ec0bd000 1874       2       java.util.Collections::swap (25 bytes)
Event: 11.095 Thread 0x00007f71ec0bd000 nmethod 1874 0x00007f71dd79fe90 code [0x00007f71dd7a0020, 0x00007f71dd7a01e8]
Event: 11.121 Thread 0x00007f71ec0bd000 1876       2       com.android.dx.ssa.back.FirstFitLocalCombiningAllocator::adjustAndMapSourceRangeRange (196 bytes)
Event: 11.122 Thread 0x00007f71ec0bd000 nmethod 1876 0x00007f71dd79ea50 code [0x00007f71dd79ec80, 0x00007f71dd79f328]
Event: 11.128 Thread 0x00007f71ec0bd000 1877       3       com.android.dx.dex.file.AnnotationUtils::makeSignature (251 bytes)
Event: 11.131 Thread 0x00007f71ec0bd000 nmethod 1877 0x00007f71dd7f3010 code [0x00007f71dd7f3480, 0x00007f71dd7f5e88]
Event: 11.180 Thread 0x00007f71ec0bd000 1878       2       com.android.dx.rop.cst.CstLiteral32::getLongBits (6 bytes)
Event: 11.180 Thread 0x00007f71ec0bd000 nmethod 1878 0x00007f71dd77d790 code [0x00007f71dd77d8e0, 0x00007f71dd77da30]
Event: 11.229 Thread 0x00007f71ec0bd000 1880       2       com.android.dx.dex.file.AnnotationUtils::makeInnerClass (65 bytes)
Event: 11.230 Thread 0x00007f71ec0bd000 nmethod 1880 0x00007f71dd779a90 code [0x00007f71dd779c80, 0x00007f71dd77a198]

GC Heap History (10 events):
Event: 4.111 GC heap after
Heap after GC invocations=4 (full 0):
 PSYoungGen      total 34304K, used 2544K [0x00000000eab00000, 0x00000000ecf00000, 0x0000000100000000)
  eden space 31744K, 0% used [0x00000000eab00000,0x00000000eab00000,0x00000000eca00000)
  from space 2560K, 99% used [0x00000000ecc80000,0x00000000ecefc038,0x00000000ecf00000)
  to   space 2560K, 0% used [0x00000000eca00000,0x00000000eca00000,0x00000000ecc80000)
 ParOldGen       total 42496K, used 9418K [0x00000000c0000000, 0x00000000c2980000, 0x00000000eab00000)
  object space 42496K, 22% used [0x00000000c0000000,0x00000000c0932a38,0x00000000c2980000)
 Metaspace       used 5847K, capacity 7024K, committed 7296K, reserved 1056768K
  class space    used 546K, capacity 616K, committed 640K, reserved 1048576K
}
Event: 4.990 GC heap before
{Heap before GC invocations=5 (full 0):
 PSYoungGen      total 34304K, used 34288K [0x00000000eab00000, 0x00000000ecf00000, 0x0000000100000000)
  eden space 31744K, 100% used [0x00000000eab00000,0x00000000eca00000,0x00000000eca00000)
  from space 2560K, 99% used [0x00000000ecc80000,0x00000000ecefc038,0x00000000ecf00000)
  to   space 2560K, 0% used [0x00000000eca00000,0x00000000eca00000,0x00000000ecc80000)
 ParOldGen       total 42496K, used 9418K [0x00000000c0000000, 0x00000000c2980000, 0x00000000eab00000)
  object space 42496K, 22% used [0x00000000c0000000,0x00000000c0932a38,0x00000000c2980000)
 Metaspace       used 5877K, capacity 7088K, committed 7296K, reserved 1056768K
  class space    used 547K, capacity 616K, committed 640K, reserved 1048576K
Event: 5.034 GC heap after
Heap after GC invocations=5 (full 0):
 PSYoungGen      total 34304K, used 2528K [0x00000000eab00000, 0x00000000ef700000, 0x0000000100000000)
  eden space 31744K, 0% used [0x00000000eab00000,0x00000000eab00000,0x00000000eca00000)
  from space 2560K, 98% used [0x00000000eca00000,0x00000000ecc78200,0x00000000ecc80000)
  to   space 7168K, 0% used [0x00000000ef000000,0x00000000ef000000,0x00000000ef700000)
 ParOldGen       total 42496K, used 13981K [0x00000000c0000000, 0x00000000c2980000, 0x00000000eab00000)
  object space 42496K, 32% used [0x00000000c0000000,0x00000000c0da74f0,0x00000000c2980000)
 Metaspace       used 5877K, capacity 7088K, committed 7296K, reserved 1056768K
  class space    used 547K, capacity 616K, committed 640K, reserved 1048576K
}
Event: 5.627 GC heap before
{Heap before GC invocations=6 (full 0):
 PSYoungGen      total 34304K, used 34272K [0x00000000eab00000, 0x00000000ef700000, 0x0000000100000000)
  eden space 31744K, 100% used [0x00000000eab00000,0x00000000eca00000,0x00000000eca00000)
  from space 2560K, 98% used [0x00000000eca00000,0x00000000ecc78200,0x00000000ecc80000)
  to   space 7168K, 0% used [0x00000000ef000000,0x00000000ef000000,0x00000000ef700000)
 ParOldGen       total 42496K, used 13981K [0x00000000c0000000, 0x00000000c2980000, 0x00000000eab00000)
  object space 42496K, 32% used [0x00000000c0000000,0x00000000c0da74f0,0x00000000c2980000)
 Metaspace       used 5897K, capacity 7088K, committed 7296K, reserved 1056768K
  class space    used 547K, capacity 616K, committed 640K, reserved 1048576K
Event: 5.672 GC heap after
Heap after GC invocations=6 (full 0):
 PSYoungGen      total 69632K, used 7152K [0x00000000eab00000, 0x00000000ef900000, 0x0000000100000000)
  eden space 62464K, 0% used [0x00000000eab00000,0x00000000eab00000,0x00000000ee800000)
  from space 7168K, 99% used [0x00000000ef000000,0x00000000ef6fc210,0x00000000ef700000)
  to   space 8192K, 0% used [0x00000000ee800000,0x00000000ee800000,0x00000000ef000000)
 ParOldGen       total 42496K, used 14332K [0x00000000c0000000, 0x00000000c2980000, 0x00000000eab00000)
  object space 42496K, 33% used [0x00000000c0000000,0x00000000c0dff140,0x00000000c2980000)
 Metaspace       used 5897K, capacity 7088K, committed 7296K, reserved 1056768K
  class space    used 547K, capacity 616K, committed 640K, reserved 1048576K
}
Event: 6.770 GC heap before
{Heap before GC invocations=7 (full 0):
 PSYoungGen      total 69632K, used 69616K [0x00000000eab00000, 0x00000000ef900000, 0x0000000100000000)
  eden space 62464K, 100% used [0x00000000eab00000,0x00000000ee800000,0x00000000ee800000)
  from space 7168K, 99% used [0x00000000ef000000,0x00000000ef6fc210,0x00000000ef700000)
  to   space 8192K, 0% used [0x00000000ee800000,0x00000000ee800000,0x00000000ef000000)
 ParOldGen       total 42496K, used 14332K [0x00000000c0000000, 0x00000000c2980000, 0x00000000eab00000)
  object space 42496K, 33% used [0x00000000c0000000,0x00000000c0dff140,0x00000000c2980000)
 Metaspace       used 6027K, capacity 7152K, committed 7296K, reserved 1056768K
  class space    used 565K, capacity 616K, committed 640K, reserved 1048576K
Event: 6.874 GC heap after
Heap after GC invocations=7 (full 0):
 PSYoungGen      total 70656K, used 8176K [0x00000000eab00000, 0x00000000f3e00000, 0x0000000100000000)
  eden space 62464K, 0% used [0x00000000eab00000,0x00000000eab00000,0x00000000ee800000)
  from space 8192K, 99% used [0x00000000ee800000,0x00000000eeffc030,0x00000000ef000000)
  to   space 12800K, 0% used [0x00000000f3180000,0x00000000f3180000,0x00000000f3e00000)
 ParOldGen       total 42496K, used 21706K [0x00000000c0000000, 0x00000000c2980000, 0x00000000eab00000)
  object space 42496K, 51% used [0x00000000c0000000,0x00000000c1532928,0x00000000c2980000)
 Metaspace       used 6027K, capacity 7152K, committed 7296K, reserved 1056768K
  class space    used 565K, capacity 616K, committed 640K, reserved 1048576K
}
Event: 8.670 GC heap before
{Heap before GC invocations=8 (full 0):
 PSYoungGen      total 70656K, used 70640K [0x00000000eab00000, 0x00000000f3e00000, 0x0000000100000000)
  eden space 62464K, 100% used [0x00000000eab00000,0x00000000ee800000,0x00000000ee800000)
  from space 8192K, 99% used [0x00000000ee800000,0x00000000eeffc030,0x00000000ef000000)
  to   space 12800K, 0% used [0x00000000f3180000,0x00000000f3180000,0x00000000f3e00000)
 ParOldGen       total 42496K, used 21706K [0x00000000c0000000, 0x00000000c2980000, 0x00000000eab00000)
  object space 42496K, 51% used [0x00000000c0000000,0x00000000c1532928,0x00000000c2980000)
 Metaspace       used 6050K, capacity 7152K, committed 7296K, reserved 1056768K
  class space    used 565K, capacity 616K, committed 640K, reserved 1048576K
Event: 8.788 GC heap after
Heap after GC invocations=8 (full 0):
 PSYoungGen      total 134144K, used 12784K [0x00000000eab00000, 0x00000000f4500000, 0x0000000100000000)
  eden space 121344K, 0% used [0x00000000eab00000,0x00000000eab00000,0x00000000f2180000)
  from space 12800K, 99% used [0x00000000f3180000,0x00000000f3dfc030,0x00000000f3e00000)
  to   space 16384K, 0% used [0x00000000f2180000,0x00000000f2180000,0x00000000f3180000)
 ParOldGen       total 42496K, used 26056K [0x00000000c0000000, 0x00000000c2980000, 0x00000000eab00000)
  object space 42496K, 61% used [0x00000000c0000000,0x00000000c1972008,0x00000000c2980000)
 Metaspace       used 6050K, capacity 7152K, committed 7296K, reserved 1056768K
  class space    used 565K, capacity 616K, committed 640K, reserved 1048576K
}
Event: 11.343 GC heap before
{Heap before GC invocations=9 (full 0):
 PSYoungGen      total 134144K, used 134128K [0x00000000eab00000, 0x00000000f4500000, 0x0000000100000000)
  eden space 121344K, 100% used [0x00000000eab00000,0x00000000f2180000,0x00000000f2180000)
  from space 12800K, 99% used [0x00000000f3180000,0x00000000f3dfc030,0x00000000f3e00000)
  to   space 16384K, 0% used [0x00000000f2180000,0x00000000f2180000,0x00000000f3180000)
 ParOldGen       total 42496K, used 26056K [0x00000000c0000000, 0x00000000c2980000, 0x00000000eab00000)
  object space 42496K, 61% used [0x00000000c0000000,0x00000000c1972008,0x00000000c2980000)
 Metaspace       used 6054K, capacity 7152K, committed 7296K, reserved 1056768K
  class space    used 565K, capacity 616K, committed 640K, reserved 1048576K

Deoptimization events (10 events):
Event: 7.862 Thread 0x00007f71ec00a000 Uncommon trap: reason=bimorphic action=maybe_recompile pc=0x00007f71dd722990 method=com.android.dx.cf.code.BytecodeArray.parseInstruction(ILcom/android/dx/cf/code/BytecodeArray$Visitor;)I @ 2281
Event: 8.518 Thread 0x00007f71ec00a000 Uncommon trap: reason=unstable_if action=reinterpret pc=0x00007f71dd66dec0 method=com.android.dx.ssa.MoveParamCombiner$1.visitNonMoveInsn(Lcom/android/dx/ssa/NormalSsaInsn;)V @ 27
Event: 9.079 Thread 0x00007f71ec00a000 Uncommon trap: reason=unstable_if action=reinterpret pc=0x00007f71dd59430c method=com.android.dx.ssa.SCCP.simulateStmt(Lcom/android/dx/ssa/SsaInsn;)V @ 59
Event: 9.923 Thread 0x00007f71ec00a000 Uncommon trap: reason=unstable_if action=reinterpret pc=0x00007f71dd76abd4 method=java.util.HashMap.getNode(ILjava/lang/Object;)Ljava/util/HashMap$Node; @ 84
Event: 10.200 Thread 0x00007f71ec00a000 Uncommon trap: reason=bimorphic action=maybe_recompile pc=0x00007f71dd7ac0b8 method=com.android.dx.cf.code.BytecodeArray.parseInstruction(ILcom/android/dx/cf/code/BytecodeArray$Visitor;)I @ 1597
Event: 10.200 Thread 0x00007f71ec00a000 Uncommon trap: reason=class_check action=maybe_recompile pc=0x00007f71dd7ad634 method=com.android.dx.cf.code.BytecodeArray.parseInstruction(ILcom/android/dx/cf/code/BytecodeArray$Visitor;)I @ 2002
Event: 10.200 Thread 0x00007f71ec00a000 Uncommon trap: reason=class_check action=maybe_recompile pc=0x00007f71dd7ad634 method=com.android.dx.cf.code.BytecodeArray.parseInstruction(ILcom/android/dx/cf/code/BytecodeArray$Visitor;)I @ 2002
Event: 10.200 Thread 0x00007f71ec00a000 Uncommon trap: reason=bimorphic action=maybe_recompile pc=0x00007f71dd7ace04 method=com.android.dx.cf.code.BytecodeArray.parseInstruction(ILcom/android/dx/cf/code/BytecodeArray$Visitor;)I @ 1357
Event: 10.200 Thread 0x00007f71ec00a000 Uncommon trap: reason=class_check action=maybe_recompile pc=0x00007f71dd7ad634 method=com.android.dx.cf.code.BytecodeArray.parseInstruction(ILcom/android/dx/cf/code/BytecodeArray$Visitor;)I @ 2002
Event: 10.200 Thread 0x00007f71ec00a000 Uncommon trap: reason=class_check action=maybe_recompile pc=0x00007f71dd7ad634 method=com.android.dx.cf.code.BytecodeArray.parseInstruction(ILcom/android/dx/cf/code/BytecodeArray$Visitor;)I @ 2002

Internal exceptions (5 events):
Event: 0.127 Thread 0x00007f71ec00a000 Exception <a 'java/lang/NoSuchMethodError': Method sun.misc.Unsafe.defineClass(Ljava/lang/String;[BII)Ljava/lang/Class; name or signature does not match> (0x00000000eab12a38) thrown at [/RE-WORK/workspace/8-2-build-linux-amd64/jdk8u45/3457/hotspot/src/sha
Event: 0.127 Thread 0x00007f71ec00a000 Exception <a 'java/lang/NoSuchMethodError': Method sun.misc.Unsafe.prefetchRead(Ljava/lang/Object;J)V name or signature does not match> (0x00000000eab12cc8) thrown at [/RE-WORK/workspace/8-2-build-linux-amd64/jdk8u45/3457/hotspot/src/share/vm/prims/jni.cp
Event: 6.570 Thread 0x00007f71ec00a000 Exception <a 'java/lang/ArrayIndexOutOfBoundsException': 18> (0x00000000ee21a850) thrown at [/RE-WORK/workspace/8-2-build-linux-amd64/jdk8u45/3457/hotspot/src/share/vm/interpreter/interpreterRuntime.cpp, line 366]
Event: 6.581 Thread 0x00007f71ec00a000 Exception <a 'java/lang/ArrayIndexOutOfBoundsException'> (0x00000000ee21c320) thrown at [/RE-WORK/workspace/8-2-build-linux-amd64/jdk8u45/3457/hotspot/src/share/vm/runtime/sharedRuntime.cpp, line 605]
Event: 6.581 Thread 0x00007f71ec00a000 Exception <a 'java/lang/ArrayIndexOutOfBoundsException'> (0x00000000ee21d558) thrown at [/RE-WORK/workspace/8-2-build-linux-amd64/jdk8u45/3457/hotspot/src/share/vm/runtime/sharedRuntime.cpp, line 605]

Events (10 events):
Event: 10.200 Thread 0x00007f71ec00a000 DEOPT UNPACKING pc=0x00007f71dd005229 sp=0x00007f71f526da18 mode 2
Event: 10.628 Thread 0x00007f71ec00a000 DEOPT PACKING pc=0x00007f71dd6e8148 sp=0x00007f71f526d8c0
Event: 10.628 Thread 0x00007f71ec00a000 DEOPT UNPACKING pc=0x00007f71dd047233 sp=0x00007f71f526d5e8 mode 0
Event: 10.701 Thread 0x00007f71ec00a000 DEOPT PACKING pc=0x00007f71dd760aef sp=0x00007f71f526d130
Event: 10.701 Thread 0x00007f71ec00a000 DEOPT UNPACKING pc=0x00007f71dd047233 sp=0x00007f71f526cf90 mode 0
Event: 11.092 Thread 0x00007f71ec00a000 DEOPT PACKING pc=0x00007f71dd670d2b sp=0x00007f71f526da50
Event: 11.092 Thread 0x00007f71ec00a000 DEOPT UNPACKING pc=0x00007f71dd047233 sp=0x00007f71f526d800 mode 0
Event: 11.132 Thread 0x00007f71ec00a000 DEOPT PACKING pc=0x00007f71dd69d842 sp=0x00007f71f526dbd0
Event: 11.132 Thread 0x00007f71ec00a000 DEOPT UNPACKING pc=0x00007f71dd047233 sp=0x00007f71f526da20 mode 0
Event: 11.331 Executing VM operation: ParallelGCFailedAllocation


Dynamic libraries:
00400000-00401000 r-xp 00000000 08:03 1572315                            /opt/java/jdk1.8.0_45/bin/java
00600000-00601000 rw-p 00000000 08:03 1572315                            /opt/java/jdk1.8.0_45/bin/java
00a1e000-00a3f000 rw-p 00000000 00:00 0                                  [heap]
c0000000-c2980000 rw-p 00000000 00:00 0 
c2980000-eab00000 ---p 00000000 00:00 0 
eab00000-f4500000 rw-p 00000000 00:00 0 
f9800000-100000000 ---p 00000000 00:00 0 
100000000-1000a0000 rw-p 00000000 00:00 0 
1000a0000-140000000 ---p 00000000 00:00 0 
7f71a0000000-7f71a0021000 rw-p 00000000 00:00 0 
7f71a0021000-7f71a4000000 ---p 00000000 00:00 0 
7f71a4000000-7f71a4021000 rw-p 00000000 00:00 0 
7f71a4021000-7f71a8000000 ---p 00000000 00:00 0 
7f71a8000000-7f71a94a3000 rw-p 00000000 00:00 0 
7f71a94a3000-7f71ac000000 ---p 00000000 00:00 0 
7f71ac000000-7f71acc40000 rw-p 00000000 00:00 0 
7f71acc40000-7f71b0000000 ---p 00000000 00:00 0 
7f71b0000000-7f71b0021000 rw-p 00000000 00:00 0 
7f71b0021000-7f71b4000000 ---p 00000000 00:00 0 
7f71b4000000-7f71b539b000 rw-p 00000000 00:00 0 
7f71b539b000-7f71b8000000 ---p 00000000 00:00 0 
7f71b8000000-7f71b8021000 rw-p 00000000 00:00 0 
7f71b8021000-7f71bc000000 ---p 00000000 00:00 0 
7f71bc000000-7f71bc021000 rw-p 00000000 00:00 0 
7f71bc021000-7f71c0000000 ---p 00000000 00:00 0 
7f71c0000000-7f71c0021000 rw-p 00000000 00:00 0 
7f71c0021000-7f71c4000000 ---p 00000000 00:00 0 
7f71c4000000-7f71c428a000 rw-p 00000000 00:00 0 
7f71c428a000-7f71c8000000 ---p 00000000 00:00 0 
7f71c8000000-7f71c8021000 rw-p 00000000 00:00 0 
7f71c8021000-7f71cc000000 ---p 00000000 00:00 0 
7f71d0000000-7f71d0021000 rw-p 00000000 00:00 0 
7f71d0021000-7f71d4000000 ---p 00000000 00:00 0 
7f71d5eff000-7f71d5f00000 ---p 00000000 00:00 0 
7f71d5f00000-7f71d8000000 rw-p 00000000 00:00 0                          [stack:8255]
7f71d8000000-7f71d8021000 rw-p 00000000 00:00 0 
7f71d8021000-7f71dc000000 ---p 00000000 00:00 0 
7f71dc02a000-7f71dc02d000 ---p 00000000 00:00 0 
7f71dc02d000-7f71dc12b000 rw-p 00000000 00:00 0                          [stack:8254]
7f71dc12b000-7f71dc12e000 ---p 00000000 00:00 0 
7f71dc12e000-7f71dc22c000 rw-p 00000000 00:00 0                          [stack:8252]
7f71dc22c000-7f71dc22f000 ---p 00000000 00:00 0 
7f71dc22f000-7f71dc32d000 rw-p 00000000 00:00 0                          [stack:8249]
7f71dc32d000-7f71dc330000 ---p 00000000 00:00 0 
7f71dc330000-7f71dc42e000 rw-p 00000000 00:00 0                          [stack:8248]
7f71dc42e000-7f71dc431000 ---p 00000000 00:00 0 
7f71dc431000-7f71dc52f000 rw-p 00000000 00:00 0                          [stack:8247]
7f71dc52f000-7f71dc7f8000 r--p 00000000 08:03 266989                     /usr/lib/locale/locale-archive
7f71dc7f8000-7f71dc7fb000 ---p 00000000 00:00 0 
7f71dc7fb000-7f71dc8f9000 rw-p 00000000 00:00 0                          [stack:8246]
7f71dc8f9000-7f71dc8fc000 ---p 00000000 00:00 0 
7f71dc8fc000-7f71dc9fa000 rw-p 00000000 00:00 0                          [stack:8245]
7f71dc9fa000-7f71dc9fb000 ---p 00000000 00:00 0 
7f71dc9fb000-7f71dd000000 rw-p 00000000 00:00 0                          [stack:8244]
7f71dd000000-7f71dd800000 rwxp 00000000 00:00 0 
7f71dd800000-7f71ec000000 ---p 00000000 00:00 0 
7f71ec000000-7f71ec388000 rw-p 00000000 00:00 0 
7f71ec388000-7f71f0000000 ---p 00000000 00:00 0 
7f71f00d4000-7f71f00e7000 r--s 000ae000 00:19 11273002                   /home/mike/AndroidStudioProjects/Wordist/app/build/intermediates/exploded-aar/com.google.android.gms/play-services-ads/7.5.0/jars/classes.jar
7f71f00e7000-7f71f00f6000 r--s 000dd000 00:19 9438599                    /home/mike/Android/Sdk/build-tools/22.0.1/lib/dx.jar
7f71f00f6000-7f71f0ba5000 rw-p 00000000 00:00 0 
7f71f0ba5000-7f71f0d7e000 r--s 03d09000 08:03 1573810                    /opt/java/jdk1.8.0_45/jre/lib/rt.jar
7f71f0d7e000-7f71f1474000 rw-p 00000000 00:00 0 
7f71f1474000-7f71f15f4000 ---p 00000000 00:00 0 
7f71f15f4000-7f71f17f4000 rw-p 00000000 00:00 0 
7f71f17f4000-7f71f17f5000 ---p 00000000 00:00 0 
7f71f17f5000-7f71f18f5000 rw-p 00000000 00:00 0                          [stack:8243]
7f71f18f5000-7f71f18f6000 ---p 00000000 00:00 0 
7f71f18f6000-7f71f19f6000 rw-p 00000000 00:00 0                          [stack:8242]
7f71f19f6000-7f71f19f7000 ---p 00000000 00:00 0 
7f71f19f7000-7f71f1af7000 rw-p 00000000 00:00 0                          [stack:8241]
7f71f1af7000-7f71f1af8000 ---p 00000000 00:00 0 
7f71f1af8000-7f71f1c0d000 rw-p 00000000 00:00 0                          [stack:8240]
7f71f1c0d000-7f71f1d4e000 ---p 00000000 00:00 0 
7f71f1d4e000-7f71f1d63000 rw-p 00000000 00:00 0 
7f71f1d63000-7f71f1ea3000 ---p 00000000 00:00 0 
7f71f1ea3000-7f71f1ef1000 rw-p 00000000 00:00 0 
7f71f1ef1000-7f71f1f4e000 ---p 00000000 00:00 0 
7f71f1f4e000-7f71f1f6f000 rw-p 00000000 00:00 0 
7f71f1f6f000-7f71f230f000 ---p 00000000 00:00 0 
7f71f230f000-7f71f2329000 r-xp 00000000 08:03 1574049                    /opt/java/jdk1.8.0_45/jre/lib/amd64/libzip.so
7f71f2329000-7f71f2529000 ---p 0001a000 08:03 1574049                    /opt/java/jdk1.8.0_45/jre/lib/amd64/libzip.so
7f71f2529000-7f71f252a000 rw-p 0001a000 08:03 1574049                    /opt/java/jdk1.8.0_45/jre/lib/amd64/libzip.so
7f71f252a000-7f71f2535000 r-xp 00000000 08:03 131807                     /lib/x86_64-linux-gnu/libnss_files-2.19.so
7f71f2535000-7f71f2734000 ---p 0000b000 08:03 131807                     /lib/x86_64-linux-gnu/libnss_files-2.19.so
7f71f2734000-7f71f2735000 r--p 0000a000 08:03 131807                     /lib/x86_64-linux-gnu/libnss_files-2.19.so
7f71f2735000-7f71f2736000 rw-p 0000b000 08:03 131807                     /lib/x86_64-linux-gnu/libnss_files-2.19.so
7f71f2736000-7f71f2741000 r-xp 00000000 08:03 131871                     /lib/x86_64-linux-gnu/libnss_nis-2.19.so
7f71f2741000-7f71f2940000 ---p 0000b000 08:03 131871                     /lib/x86_64-linux-gnu/libnss_nis-2.19.so
7f71f2940000-7f71f2941000 r--p 0000a000 08:03 131871                     /lib/x86_64-linux-gnu/libnss_nis-2.19.so
7f71f2941000-7f71f2942000 rw-p 0000b000 08:03 131871                     /lib/x86_64-linux-gnu/libnss_nis-2.19.so
7f71f2942000-7f71f2959000 r-xp 00000000 08:03 131829                     /lib/x86_64-linux-gnu/libnsl-2.19.so
7f71f2959000-7f71f2b58000 ---p 00017000 08:03 131829                     /lib/x86_64-linux-gnu/libnsl-2.19.so
7f71f2b58000-7f71f2b59000 r--p 00016000 08:03 131829                     /lib/x86_64-linux-gnu/libnsl-2.19.so
7f71f2b59000-7f71f2b5a000 rw-p 00017000 08:03 131829                     /lib/x86_64-linux-gnu/libnsl-2.19.so
7f71f2b5a000-7f71f2b5c000 rw-p 00000000 00:00 0 
7f71f2b5c000-7f71f2b65000 r-xp 00000000 08:03 131828                     /lib/x86_64-linux-gnu/libnss_compat-2.19.so
7f71f2b65000-7f71f2d64000 ---p 00009000 08:03 131828                     /lib/x86_64-linux-gnu/libnss_compat-2.19.so
7f71f2d64000-7f71f2d65000 r--p 00008000 08:03 131828                     /lib/x86_64-linux-gnu/libnss_compat-2.19.so
7f71f2d65000-7f71f2d66000 rw-p 00009000 08:03 131828                     /lib/x86_64-linux-gnu/libnss_compat-2.19.so
7f71f2d66000-7f71f2d90000 r-xp 00000000 08:03 1574040                    /opt/java/jdk1.8.0_45/jre/lib/amd64/libjava.so
7f71f2d90000-7f71f2f90000 ---p 0002a000 08:03 1574040                    /opt/java/jdk1.8.0_45/jre/lib/amd64/libjava.so
7f71f2f90000-7f71f2f92000 rw-p 0002a000 08:03 1574040                    /opt/java/jdk1.8.0_45/jre/lib/amd64/libjava.so
7f71f2f92000-7f71f2f9f000 r-xp 00000000 08:03 1574047                    /opt/java/jdk1.8.0_45/jre/lib/amd64/libverify.so
7f71f2f9f000-7f71f319f000 ---p 0000d000 08:03 1574047                    /opt/java/jdk1.8.0_45/jre/lib/amd64/libverify.so
7f71f319f000-7f71f31a1000 rw-p 0000d000 08:03 1574047                    /opt/java/jdk1.8.0_45/jre/lib/amd64/libverify.so
7f71f31a1000-7f71f31a8000 r-xp 00000000 08:03 131868                     /lib/x86_64-linux-gnu/librt-2.19.so
7f71f31a8000-7f71f33a7000 ---p 00007000 08:03 131868                     /lib/x86_64-linux-gnu/librt-2.19.so
7f71f33a7000-7f71f33a8000 r--p 00006000 08:03 131868                     /lib/x86_64-linux-gnu/librt-2.19.so
7f71f33a8000-7f71f33a9000 rw-p 00007000 08:03 131868                     /lib/x86_64-linux-gnu/librt-2.19.so
7f71f33a9000-7f71f34ae000 r-xp 00000000 08:03 131806                     /lib/x86_64-linux-gnu/libm-2.19.so
7f71f34ae000-7f71f36ad000 ---p 00105000 08:03 131806                     /lib/x86_64-linux-gnu/libm-2.19.so
7f71f36ad000-7f71f36ae000 r--p 00104000 08:03 131806                     /lib/x86_64-linux-gnu/libm-2.19.so
7f71f36ae000-7f71f36af000 rw-p 00105000 08:03 131806                     /lib/x86_64-linux-gnu/libm-2.19.so
7f71f36af000-7f71f435d000 r-xp 00000000 08:03 1574060                    /opt/java/jdk1.8.0_45/jre/lib/amd64/server/libjvm.so
7f71f435d000-7f71f455c000 ---p 00cae000 08:03 1574060                    /opt/java/jdk1.8.0_45/jre/lib/amd64/server/libjvm.so
7f71f455c000-7f71f4633000 rw-p 00cad000 08:03 1574060                    /opt/java/jdk1.8.0_45/jre/lib/amd64/server/libjvm.so
7f71f4633000-7f71f4677000 rw-p 00000000 00:00 0 
7f71f4677000-7f71f4832000 r-xp 00000000 08:03 131857                     /lib/x86_64-linux-gnu/libc-2.19.so
7f71f4832000-7f71f4a31000 ---p 001bb000 08:03 131857                     /lib/x86_64-linux-gnu/libc-2.19.so
7f71f4a31000-7f71f4a35000 r--p 001ba000 08:03 131857                     /lib/x86_64-linux-gnu/libc-2.19.so
7f71f4a35000-7f71f4a37000 rw-p 001be000 08:03 131857                     /lib/x86_64-linux-gnu/libc-2.19.so
7f71f4a37000-7f71f4a3c000 rw-p 00000000 00:00 0 
7f71f4a3c000-7f71f4a3f000 r-xp 00000000 08:03 131810                     /lib/x86_64-linux-gnu/libdl-2.19.so
7f71f4a3f000-7f71f4c3e000 ---p 00003000 08:03 131810                     /lib/x86_64-linux-gnu/libdl-2.19.so
7f71f4c3e000-7f71f4c3f000 r--p 00002000 08:03 131810                     /lib/x86_64-linux-gnu/libdl-2.19.so
7f71f4c3f000-7f71f4c40000 rw-p 00003000 08:03 131810                     /lib/x86_64-linux-gnu/libdl-2.19.so
7f71f4c40000-7f71f4c55000 r-xp 00000000 08:03 1573749                    /opt/java/jdk1.8.0_45/lib/amd64/jli/libjli.so
7f71f4c55000-7f71f4e55000 ---p 00015000 08:03 1573749                    /opt/java/jdk1.8.0_45/lib/amd64/jli/libjli.so
7f71f4e55000-7f71f4e56000 rw-p 00015000 08:03 1573749                    /opt/java/jdk1.8.0_45/lib/amd64/jli/libjli.so
7f71f4e56000-7f71f4e6f000 r-xp 00000000 08:03 131858                     /lib/x86_64-linux-gnu/libpthread-2.19.so
7f71f4e6f000-7f71f506e000 ---p 00019000 08:03 131858                     /lib/x86_64-linux-gnu/libpthread-2.19.so
7f71f506e000-7f71f506f000 r--p 00018000 08:03 131858                     /lib/x86_64-linux-gnu/libpthread-2.19.so
7f71f506f000-7f71f5070000 rw-p 00019000 08:03 131858                     /lib/x86_64-linux-gnu/libpthread-2.19.so
7f71f5070000-7f71f5074000 rw-p 00000000 00:00 0 
7f71f5074000-7f71f5097000 r-xp 00000000 08:03 131833                     /lib/x86_64-linux-gnu/ld-2.19.so
7f71f509d000-7f71f516f000 rw-p 00000000 00:00 0 
7f71f516f000-7f71f5172000 ---p 00000000 00:00 0 
7f71f5172000-7f71f5275000 rw-p 00000000 00:00 0                          [stack:8238]
7f71f5275000-7f71f5276000 r--p 00000000 08:03 672594                     /usr/share/locale-langpack/en_GB/LC_MESSAGES/libc.mo
7f71f5276000-7f71f528a000 rw-p 00000000 00:00 0 
7f71f528a000-7f71f5292000 rw-s 00000000 08:03 1574102                    /tmp/hsperfdata_mike/8235
7f71f5292000-7f71f5293000 rw-p 00000000 00:00 0 
7f71f5293000-7f71f5294000 ---p 00000000 00:00 0 
7f71f5294000-7f71f5296000 rw-p 00000000 00:00 0 
7f71f5296000-7f71f5297000 r--p 00022000 08:03 131833                     /lib/x86_64-linux-gnu/ld-2.19.so
7f71f5297000-7f71f5298000 rw-p 00023000 08:03 131833                     /lib/x86_64-linux-gnu/ld-2.19.so
7f71f5298000-7f71f5299000 rw-p 00000000 00:00 0 
7fff60f00000-7fff60f21000 rw-p 00000000 00:00 0                          [stack]
7fff60f6d000-7fff60f6f000 r-xp 00000000 00:00 0                          [vdso]
ffffffffff600000-ffffffffff601000 r-xp 00000000 00:00 0                  [vsyscall]

VM Arguments:
jvm_args: -Xmx1024M -Dfile.encoding=UTF-8 -Duser.country=GB -Duser.language=en -Duser.variant 
java_command: com.android.dx.command.Main --dex --output /home/mike/AndroidStudioProjects/Wordist/app/build/intermediates/pre-dexed/debug/classes-0d73b63bfecf8e061ebd2229b34a8a7681a3499b.jar /home/mike/AndroidStudioProjects/Wordist/app/build/intermediates/exploded-aar/com.google.android.gms/play-services-ads/7.5.0/jars/classes.jar
java_class_path (initial): /home/mike/Android/Sdk/build-tools/22.0.1/lib/dx.jar
Launcher Type: SUN_STANDARD

Environment Variables:
PATH=/usr/local/sbin:/usr/local/bin:/usr/sbin:/usr/bin:/sbin:/bin:/usr/games:/usr/local/games
USERNAME=mike
LD_LIBRARY_PATH=/opt/android-studio/bin:
SHELL=/bin/bash
DISPLAY=:0

Signal Handlers:
SIGSEGV: [libjvm.so+0xaad1e0], sa_mask[0]=11111111011111111101111111111110, sa_flags=SA_RESTART|SA_SIGINFO
SIGBUS: [libjvm.so+0xaad1e0], sa_mask[0]=11111111011111111101111111111110, sa_flags=SA_RESTART|SA_SIGINFO
SIGFPE: [libjvm.so+0x90b450], sa_mask[0]=11111111011111111101111111111110, sa_flags=SA_RESTART|SA_SIGINFO
SIGPIPE: [libjvm.so+0x90b450], sa_mask[0]=11111111011111111101111111111110, sa_flags=SA_RESTART|SA_SIGINFO
SIGXFSZ: [libjvm.so+0x90b450], sa_mask[0]=11111111011111111101111111111110, sa_flags=SA_RESTART|SA_SIGINFO
SIGILL: [libjvm.so+0x90b450], sa_mask[0]=11111111011111111101111111111110, sa_flags=SA_RESTART|SA_SIGINFO
SIGUSR1: SIG_DFL, sa_mask[0]=00000000000000000000000000000000, sa_flags=none
SIGUSR2: [libjvm.so+0x90ca90], sa_mask[0]=00100000000000000000000000000000, sa_flags=SA_RESTART|SA_SIGINFO
SIGHUP: [libjvm.so+0x90dde0], sa_mask[0]=11111111011111111101111111111110, sa_flags=SA_RESTART|SA_SIGINFO
SIGINT: [libjvm.so+0x90dde0], sa_mask[0]=11111111011111111101111111111110, sa_flags=SA_RESTART|SA_SIGINFO
SIGTERM: [libjvm.so+0x90dde0], sa_mask[0]=11111111011111111101111111111110, sa_flags=SA_RESTART|SA_SIGINFO
SIGQUIT: [libjvm.so+0x90dde0], sa_mask[0]=11111111011111111101111111111110, sa_flags=SA_RESTART|SA_SIGINFO


---------------  S Y S T E M  ---------------

OS:DISTRIB_ID=LinuxMint
DISTRIB_RELEASE=17.2
DISTRIB_CODENAME=rafaela
DISTRIB_DESCRIPTION="Linux Mint 17.2 Rafaela"

uname:Linux 3.13.0-37-generic #64-Ubuntu SMP Mon Sep 22 21:28:38 UTC 2014 x86_64
libc:glibc 2.19 NPTL 2.19 
rlimit: STACK 8192k, CORE 0k, NPROC 30882, NOFILE 4096, AS infinity
load average:16.71 5.88 2.60

/proc/meminfo:
MemTotal:        4048044 kB
MemFree:          106624 kB
Buffers:             408 kB
Cached:            77632 kB
SwapCached:            0 kB
Active:          3526008 kB
Inactive:          71432 kB
Active(anon):    3521132 kB
Inactive(anon):    39060 kB
Active(file):       4876 kB
Inactive(file):    32372 kB
Unevictable:         232 kB
Mlocked:             232 kB
SwapTotal:             0 kB
SwapFree:              0 kB
Dirty:               268 kB
Writeback:           172 kB
AnonPages:       3520344 kB
Mapped:           164360 kB
Shmem:             40276 kB
Slab:              78596 kB
SReclaimable:      26528 kB
SUnreclaim:        52068 kB
KernelStack:        4512 kB
PageTables:        31608 kB
NFS_Unstable:          0 kB
Bounce:                0 kB
WritebackTmp:          0 kB
CommitLimit:     2024020 kB
Committed_AS:    5656420 kB
VmallocTotal:   34359738367 kB
VmallocUsed:      305680 kB
VmallocChunk:   34359428348 kB
HardwareCorrupted:     0 kB
AnonHugePages:   1810432 kB
HugePages_Total:       0
HugePages_Free:        0
HugePages_Rsvd:        0
HugePages_Surp:        0
Hugepagesize:       2048 kB
DirectMap4k:      163392 kB
DirectMap2M:     2981888 kB
DirectMap1G:     1048576 kB


CPU:total 4 (4 cores per cpu, 1 threads per core) family 16 model 4 stepping 2, cmov, cx8, fxsr, mmx, sse, sse2, sse3, popcnt, mmxext, 3dnowpref, lzcnt, sse4a, tsc, tscinvbit, tscinv

/proc/cpuinfo:
processor	: 0
vendor_id	: AuthenticAMD
cpu family	: 16
model		: 4
model name	: AMD Phenom(tm) II X4 955 Processor
stepping	: 2
microcode	: 0x1000086
cpu MHz		: 3200.000
cache size	: 512 KB
physical id	: 0
siblings	: 4
core id		: 0
cpu cores	: 4
apicid		: 0
initial apicid	: 0
fpu		: yes
fpu_exception	: yes
cpuid level	: 5
wp		: yes
flags		: fpu vme de pse tsc msr pae mce cx8 apic sep mtrr pge mca cmov pat pse36 clflush mmx fxsr sse sse2 ht syscall nx mmxext fxsr_opt pdpe1gb rdtscp lm 3dnowext 3dnow constant_tsc rep_good nopl nonstop_tsc extd_apicid pni monitor cx16 popcnt lahf_lm cmp_legacy svm extapic cr8_legacy abm sse4a misalignsse 3dnowprefetch osvw ibs skinit wdt hw_pstate npt lbrv svm_lock nrip_save
bogomips	: 6400.02
TLB size	: 1024 4K pages
clflush size	: 64
cache_alignment	: 64
address sizes	: 48 bits physical, 48 bits virtual
power management: ts ttp tm stc 100mhzsteps hwpstate

processor	: 1
vendor_id	: AuthenticAMD
cpu family	: 16
model		: 4
model name	: AMD Phenom(tm) II X4 955 Processor
stepping	: 2
microcode	: 0x1000086
cpu MHz		: 3200.000
cache size	: 512 KB
physical id	: 0
siblings	: 4
core id		: 1
cpu cores	: 4
apicid		: 1
initial apicid	: 1
fpu		: yes
fpu_exception	: yes
cpuid level	: 5
wp		: yes
flags		: fpu vme de pse tsc msr pae mce cx8 apic sep mtrr pge mca cmov pat pse36 clflush mmx fxsr sse sse2 ht syscall nx mmxext fxsr_opt pdpe1gb rdtscp lm 3dnowext 3dnow constant_tsc rep_good nopl nonstop_tsc extd_apicid pni monitor cx16 popcnt lahf_lm cmp_legacy svm extapic cr8_legacy abm sse4a misalignsse 3dnowprefetch osvw ibs skinit wdt hw_pstate npt lbrv svm_lock nrip_save
bogomips	: 6400.02
TLB size	: 1024 4K pages
clflush size	: 64
cache_alignment	: 64
address sizes	: 48 bits physical, 48 bits virtual
power management: ts ttp tm stc 100mhzsteps hwpstate

processor	: 2
vendor_id	: AuthenticAMD
cpu family	: 16
model		: 4
model name	: AMD Phenom(tm) II X4 955 Processor
stepping	: 2
microcode	: 0x1000086
cpu MHz		: 3200.000
cache size	: 512 KB
physical id	: 0
siblings	: 4
core id		: 2
cpu cores	: 4
apicid		: 2
initial apicid	: 2
fpu		: yes
fpu_exception	: yes
cpuid level	: 5
wp		: yes
flags		: fpu vme de pse tsc msr pae mce cx8 apic sep mtrr pge mca cmov pat pse36 clflush mmx fxsr sse sse2 ht syscall nx mmxext fxsr_opt pdpe1gb rdtscp lm 3dnowext 3dnow constant_tsc rep_good nopl nonstop_tsc extd_apicid pni monitor cx16 popcnt lahf_lm cmp_legacy svm extapic cr8_legacy abm sse4a misalignsse 3dnowprefetch osvw ibs skinit wdt hw_pstate npt lbrv svm_lock nrip_save
bogomips	: 6400.02
TLB size	: 1024 4K pages
clflush size	: 64
cache_alignment	: 64
address sizes	: 48 bits physical, 48 bits virtual
power management: ts ttp tm stc 100mhzsteps hwpstate

processor	: 3
vendor_id	: AuthenticAMD
cpu family	: 16
model		: 4
model name	: AMD Phenom(tm) II X4 955 Processor
stepping	: 2
microcode	: 0x1000086
cpu MHz		: 3200.000
cache size	: 512 KB
physical id	: 0
siblings	: 4
core id		: 3
cpu cores	: 4
apicid		: 3
initial apicid	: 3
fpu		: yes
fpu_exception	: yes
cpuid level	: 5
wp		: yes
flags		: fpu vme de pse tsc msr pae mce cx8 apic sep mtrr pge mca cmov pat pse36 clflush mmx fxsr sse sse2 ht syscall nx mmxext fxsr_opt pdpe1gb rdtscp lm 3dnowext 3dnow constant_tsc rep_good nopl nonstop_tsc extd_apicid pni monitor cx16 popcnt lahf_lm cmp_legacy svm extapic cr8_legacy abm sse4a misalignsse 3dnowprefetch osvw ibs skinit wdt hw_pstate npt lbrv svm_lock nrip_save
bogomips	: 6400.02
TLB size	: 1024 4K pages
clflush size	: 64
cache_alignment	: 64
address sizes	: 48 bits physical, 48 bits virtual
power management: ts ttp tm stc 100mhzsteps hwpstate



Memory: 4k page, physical 4048044k(104992k free), swap 0k(0k free)

vm_info: Java HotSpot(TM) 64-Bit Server VM (25.45-b02) for linux-amd64 JRE (1.8.0_45-b14), built on Apr 10 2015 10:07:45 by "java_re" with gcc 4.3.0 20080428 (Red Hat 4.3.0-8)

time: Thu Aug  6 16:41:39 2015
elapsed time: 12 seconds (0d 0h 0m 12s)

