#
# There is insufficient memory for the Java Runtime Environment to continue.
# Native memory allocation (mmap) failed to map 117440512 bytes for committing reserved memory.
# Possible reasons:
#   The system is out of physical RAM or swap space
#   In 32 bit mode, the process size limit was hit
# Possible solutions:
#   Reduce memory load on the system
#   Increase physical memory or swap space
#   Check if swap backing store is full
#   Use 64 bit Java on a 64 bit OS
#   Decrease Java heap size (-Xmx/-Xms)
#   Decrease number of Java threads
#   Decrease Java thread stack sizes (-Xss)
#   Set larger code cache with -XX:ReservedCodeCacheSize=
# This output file may be truncated or incomplete.
#
#  Out of Memory Error (os_linux.cpp:2673), pid=23135, tid=140158366095104
#
# JRE version: Java(TM) SE Runtime Environment (8.0_45-b14) (build 1.8.0_45-b14)
# Java VM: Java HotSpot(TM) 64-Bit Server VM (25.45-b02 mixed mode linux-amd64 compressed oops)
# Failed to write core dump. Core dumps have been disabled. To enable core dumping, try "ulimit -c unlimited" before starting Java again
#

---------------  T H R E A D  ---------------

Current thread (0x00007f7940079800):  VMThread [stack: 0x00007f79298f9000,0x00007f79299fa000] [id=23145]

Stack: [0x00007f79298f9000,0x00007f79299fa000],  sp=0x00007f79299f8160,  free space=1020k
Native frames: (J=compiled Java code, j=interpreted, Vv=VM code, C=native code)
V  [libjvm.so+0xaac99a]  VMError::report_and_die()+0x2ba
V  [libjvm.so+0x4f333b]  report_vm_out_of_memory(char const*, int, unsigned long, VMErrorType, char const*)+0x8b
V  [libjvm.so+0x90e7c3]  os::Linux::commit_memory_impl(char*, unsigned long, bool)+0x103
V  [libjvm.so+0x90ed19]  os::pd_commit_memory(char*, unsigned long, unsigned long, bool)+0x29
V  [libjvm.so+0x90867a]  os::commit_memory(char*, unsigned long, unsigned long, bool)+0x2a
V  [libjvm.so+0x97bac3]  PSVirtualSpace::expand_by(unsigned long)+0x53
V  [libjvm.so+0x97cec8]  PSYoungGen::resize_generation(unsigned long, unsigned long)+0xf8
V  [libjvm.so+0x97c022]  PSYoungGen::resize(unsigned long, unsigned long)+0x22
V  [libjvm.so+0x9792fb]  PSScavenge::invoke_no_policy()+0xf7b
V  [libjvm.so+0x979a81]  PSScavenge::invoke()+0x41
V  [libjvm.so+0x932050]  ParallelScavengeHeap::failed_mem_allocate(unsigned long)+0x70
V  [libjvm.so+0xaae1d7]  VM_ParallelGCFailedAllocation::doit()+0x97
V  [libjvm.so+0xab59c5]  VM_Operation::evaluate()+0x55
V  [libjvm.so+0xab3d9a]  VMThread::evaluate_operation(VM_Operation*)+0xba
V  [libjvm.so+0xab411e]  VMThread::loop()+0x1ce
V  [libjvm.so+0xab4590]  VMThread::run()+0x70
V  [libjvm.so+0x910de8]  java_start(Thread*)+0x108

VM_Operation (0x00007f79480e9210): ParallelGCFailedAllocation, mode: safepoint, requested by thread 0x00007f794000c000


---------------  P R O C E S S  ---------------

Java Threads: ( => current thread )
  0x00007f79400d4000 JavaThread "Service Thread" daemon [_thread_blocked, id=23152, stack(0x00007f7928f29000,0x00007f792902a000)]
  0x00007f79400bf000 JavaThread "C1 CompilerThread2" daemon [_thread_blocked, id=23151, stack(0x00007f792902a000,0x00007f792912b000)]
  0x00007f79400bd000 JavaThread "C2 CompilerThread1" daemon [_thread_blocked, id=23150, stack(0x00007f792912b000,0x00007f792922c000)]
  0x00007f79400ba800 JavaThread "C2 CompilerThread0" daemon [_thread_blocked, id=23149, stack(0x00007f792922c000,0x00007f792932d000)]
  0x00007f79400b9000 JavaThread "Signal Dispatcher" daemon [_thread_blocked, id=23148, stack(0x00007f792932d000,0x00007f792942e000)]
  0x00007f7940080800 JavaThread "Finalizer" daemon [_thread_blocked, id=23147, stack(0x00007f79296f7000,0x00007f79297f8000)]
  0x00007f794007e800 JavaThread "Reference Handler" daemon [_thread_blocked, id=23146, stack(0x00007f79297f8000,0x00007f79298f9000)]
  0x00007f794000c000 JavaThread "main" [_thread_blocked, id=23140, stack(0x00007f7947fea000,0x00007f79480eb000)]

Other Threads:
=>0x00007f7940079800 VMThread [stack: 0x00007f79298f9000,0x00007f79299fa000] [id=23145]
  0x00007f79400d7000 WatcherThread [stack: 0x00007f7928e28000,0x00007f7928f29000] [id=23153]

VM state:at safepoint (normal execution)

VM Mutex/Monitor currently owned by a thread:  ([mutex/lock_event])
[0x00007f7940008070] Threads_lock - owner thread: 0x00007f7940079800
[0x00007f7940008570] Heap_lock - owner thread: 0x00007f794000c000

Heap:
 PSYoungGen      total 141312K, used 13506K [0x00000000eab00000, 0x00000000f4300000, 0x0000000100000000)
  eden space 126976K, 0% used [0x00000000eab00000,0x00000000eab00000,0x00000000f2700000)
  from space 14336K, 94% used [0x00000000f2700000,0x00000000f3430ab0,0x00000000f3500000)
  to   space 14336K, 0% used [0x00000000f3500000,0x00000000f3500000,0x00000000f4300000)
 ParOldGen       total 46592K, used 16009K [0x00000000c0000000, 0x00000000c2d80000, 0x00000000eab00000)
  object space 46592K, 34% used [0x00000000c0000000,0x00000000c0fa2550,0x00000000c2d80000)
 Metaspace       used 7769K, capacity 8030K, committed 8320K, reserved 1056768K
  class space    used 754K, capacity 785K, committed 896K, reserved 1048576K

Card table byte_map: [0x00007f7944bc9000,0x00007f7944dca000] byte_map_base: 0x00007f79445c9000

Marking Bits: (ParMarkBitMap*) 0x00007f79474c7760
 Begin Bits: [0x00007f792a000000, 0x00007f792b000000)
 End Bits:   [0x00007f792b000000, 0x00007f792c000000)

Polling page: 0x00007f794810e000

CodeCache: size=245760Kb used=9250Kb max_used=9250Kb free=236509Kb
 bounds [0x00007f7931000000, 0x00007f7931920000, 0x00007f7940000000]
 total_blobs=2866 nmethods=2570 adapters=210
 compilation: enabled

Compilation events (10 events):
Event: 3.260 Thread 0x00007f79400ba800 2590       4       com.android.dx.merge.DexMerger$7::updateIndex (16 bytes)
Event: 3.261 Thread 0x00007f79400bd000 2591       4       com.android.dx.merge.DexMerger$7::write (9 bytes)
Event: 3.263 Thread 0x00007f79400bf000 2594       3       com.android.dx.merge.DexMerger::transformAnnotationSetRefList (82 bytes)
Event: 3.264 Thread 0x00007f79400bd000 nmethod 2591 0x00007f7931909a90 code [0x00007f7931909c20, 0x00007f7931909f38]
Event: 3.264 Thread 0x00007f79400bd000 2593       4       java.util.HashMap::put (13 bytes)
Event: 3.265 Thread 0x00007f79400bf000 nmethod 2594 0x00007f7931914a10 code [0x00007f7931914ce0, 0x00007f7931916488]
Event: 3.265 Thread 0x00007f79400bf000 2595       3       com.android.dx.merge.IndexMap::putAnnotationSetRefListOffset (33 bytes)
Event: 3.266 Thread 0x00007f79400bf000 nmethod 2595 0x00007f79318e3910 code [0x00007f79318e3b20, 0x00007f79318e45e8]
Event: 3.266 Thread 0x00007f79400bf000 2598       3       com.android.dx.merge.IndexMap::adjustAnnotationSetRefList (18 bytes)
Event: 3.266 Thread 0x00007f79400bf000 nmethod 2598 0x00007f79318faf10 code [0x00007f79318fb0c0, 0x00007f79318fb6c8]

GC Heap History (10 events):
Event: 1.109 GC heap after
Heap after GC invocations=3 (full 0):
 PSYoungGen      total 34304K, used 2535K [0x00000000eab00000, 0x00000000eee00000, 0x0000000100000000)
  eden space 31744K, 0% used [0x00000000eab00000,0x00000000eab00000,0x00000000eca00000)
  from space 2560K, 99% used [0x00000000eca00000,0x00000000ecc79ff8,0x00000000ecc80000)
  to   space 2560K, 0% used [0x00000000eeb80000,0x00000000eeb80000,0x00000000eee00000)
 ParOldGen       total 42496K, used 14516K [0x00000000c0000000, 0x00000000c2980000, 0x00000000eab00000)
  object space 42496K, 34% used [0x00000000c0000000,0x00000000c0e2d130,0x00000000c2980000)
 Metaspace       used 5607K, capacity 6896K, committed 7040K, reserved 1056768K
  class space    used 541K, capacity 616K, committed 640K, reserved 1048576K
}
Event: 1.602 GC heap before
{Heap before GC invocations=4 (full 0):
 PSYoungGen      total 34304K, used 34279K [0x00000000eab00000, 0x00000000eee00000, 0x0000000100000000)
  eden space 31744K, 100% used [0x00000000eab00000,0x00000000eca00000,0x00000000eca00000)
  from space 2560K, 99% used [0x00000000eca00000,0x00000000ecc79ff8,0x00000000ecc80000)
  to   space 2560K, 0% used [0x00000000eeb80000,0x00000000eeb80000,0x00000000eee00000)
 ParOldGen       total 42496K, used 14516K [0x00000000c0000000, 0x00000000c2980000, 0x00000000eab00000)
  object space 42496K, 34% used [0x00000000c0000000,0x00000000c0e2d130,0x00000000c2980000)
 Metaspace       used 7615K, capacity 7928K, committed 8192K, reserved 1056768K
  class space    used 744K, capacity 752K, committed 768K, reserved 1048576K
Event: 1.615 GC heap after
Heap after GC invocations=4 (full 0):
 PSYoungGen      total 66048K, used 2534K [0x00000000eab00000, 0x00000000eee00000, 0x0000000100000000)
  eden space 63488K, 0% used [0x00000000eab00000,0x00000000eab00000,0x00000000ee900000)
  from space 2560K, 98% used [0x00000000eeb80000,0x00000000eedf9868,0x00000000eee00000)
  to   space 2560K, 0% used [0x00000000ee900000,0x00000000ee900000,0x00000000eeb80000)
 ParOldGen       total 42496K, used 25029K [0x00000000c0000000, 0x00000000c2980000, 0x00000000eab00000)
  object space 42496K, 58% used [0x00000000c0000000,0x00000000c18717c8,0x00000000c2980000)
 Metaspace       used 7615K, capacity 7928K, committed 8192K, reserved 1056768K
  class space    used 744K, capacity 752K, committed 768K, reserved 1048576K
}
Event: 1.961 GC heap before
{Heap before GC invocations=5 (full 0):
 PSYoungGen      total 66048K, used 66022K [0x00000000eab00000, 0x00000000eee00000, 0x0000000100000000)
  eden space 63488K, 100% used [0x00000000eab00000,0x00000000ee900000,0x00000000ee900000)
  from space 2560K, 98% used [0x00000000eeb80000,0x00000000eedf9868,0x00000000eee00000)
  to   space 2560K, 0% used [0x00000000ee900000,0x00000000ee900000,0x00000000eeb80000)
 ParOldGen       total 42496K, used 25029K [0x00000000c0000000, 0x00000000c2980000, 0x00000000eab00000)
  object space 42496K, 58% used [0x00000000c0000000,0x00000000c18717c8,0x00000000c2980000)
 Metaspace       used 7745K, capacity 7966K, committed 8320K, reserved 1056768K
  class space    used 754K, capacity 785K, committed 896K, reserved 1048576K
Event: 2.280 GC heap after
Heap after GC invocations=5 (full 0):
 PSYoungGen      total 66048K, used 2557K [0x00000000eab00000, 0x00000000f4300000, 0x0000000100000000)
  eden space 63488K, 0% used [0x00000000eab00000,0x00000000eab00000,0x00000000ee900000)
  from space 2560K, 99% used [0x00000000ee900000,0x00000000eeb7f628,0x00000000eeb80000)
  to   space 14336K, 0% used [0x00000000f3500000,0x00000000f3500000,0x00000000f4300000)
 ParOldGen       total 42496K, used 30746K [0x00000000c0000000, 0x00000000c2980000, 0x00000000eab00000)
  object space 42496K, 72% used [0x00000000c0000000,0x00000000c1e06950,0x00000000c2980000)
 Metaspace       used 7745K, capacity 7966K, committed 8320K, reserved 1056768K
  class space    used 754K, capacity 785K, committed 896K, reserved 1048576K
}
Event: 2.439 GC heap before
{Heap before GC invocations=6 (full 0):
 PSYoungGen      total 66048K, used 65268K [0x00000000eab00000, 0x00000000f4300000, 0x0000000100000000)
  eden space 63488K, 98% used [0x00000000eab00000,0x00000000ee83dae8,0x00000000ee900000)
  from space 2560K, 99% used [0x00000000ee900000,0x00000000eeb7f628,0x00000000eeb80000)
  to   space 14336K, 0% used [0x00000000f3500000,0x00000000f3500000,0x00000000f4300000)
 ParOldGen       total 42496K, used 30746K [0x00000000c0000000, 0x00000000c2980000, 0x00000000eab00000)
  object space 42496K, 72% used [0x00000000c0000000,0x00000000c1e06950,0x00000000c2980000)
 Metaspace       used 7761K, capacity 8030K, committed 8320K, reserved 1056768K
  class space    used 754K, capacity 785K, committed 896K, reserved 1048576K
Event: 2.569 GC heap after
Heap after GC invocations=6 (full 0):
 PSYoungGen      total 141312K, used 4336K [0x00000000eab00000, 0x00000000f4300000, 0x0000000100000000)
  eden space 126976K, 0% used [0x00000000eab00000,0x00000000eab00000,0x00000000f2700000)
  from space 14336K, 30% used [0x00000000f3500000,0x00000000f393c3d8,0x00000000f4300000)
  to   space 14336K, 0% used [0x00000000f2700000,0x00000000f2700000,0x00000000f3500000)
 ParOldGen       total 42496K, used 30754K [0x00000000c0000000, 0x00000000c2980000, 0x00000000eab00000)
  object space 42496K, 72% used [0x00000000c0000000,0x00000000c1e08950,0x00000000c2980000)
 Metaspace       used 7761K, capacity 8030K, committed 8320K, reserved 1056768K
  class space    used 754K, capacity 785K, committed 896K, reserved 1048576K
}
Event: 2.570 GC heap before
{Heap before GC invocations=7 (full 1):
 PSYoungGen      total 141312K, used 4336K [0x00000000eab00000, 0x00000000f4300000, 0x0000000100000000)
  eden space 126976K, 0% used [0x00000000eab00000,0x00000000eab00000,0x00000000f2700000)
  from space 14336K, 30% used [0x00000000f3500000,0x00000000f393c3d8,0x00000000f4300000)
  to   space 14336K, 0% used [0x00000000f2700000,0x00000000f2700000,0x00000000f3500000)
 ParOldGen       total 42496K, used 30754K [0x00000000c0000000, 0x00000000c2980000, 0x00000000eab00000)
  object space 42496K, 72% used [0x00000000c0000000,0x00000000c1e08950,0x00000000c2980000)
 Metaspace       used 7761K, capacity 8030K, committed 8320K, reserved 1056768K
  class space    used 754K, capacity 785K, committed 896K, reserved 1048576K
Event: 2.639 GC heap after
Heap after GC invocations=7 (full 1):
 PSYoungGen      total 141312K, used 0K [0x00000000eab00000, 0x00000000f4300000, 0x0000000100000000)
  eden space 126976K, 0% used [0x00000000eab00000,0x00000000eab00000,0x00000000f2700000)
  from space 14336K, 0% used [0x00000000f3500000,0x00000000f3500000,0x00000000f4300000)
  to   space 14336K, 0% used [0x00000000f2700000,0x00000000f2700000,0x00000000f3500000)
 ParOldGen       total 46592K, used 16009K [0x00000000c0000000, 0x00000000c2d80000, 0x00000000eab00000)
  object space 46592K, 34% used [0x00000000c0000000,0x00000000c0fa2550,0x00000000c2d80000)
 Metaspace       used 7761K, capacity 8030K, committed 8320K, reserved 1056768K
  class space    used 754K, capacity 785K, committed 896K, reserved 1048576K
}
Event: 3.293 GC heap before
{Heap before GC invocations=8 (full 1):
 PSYoungGen      total 141312K, used 126976K [0x00000000eab00000, 0x00000000f4300000, 0x0000000100000000)
  eden space 126976K, 100% used [0x00000000eab00000,0x00000000f2700000,0x00000000f2700000)
  from space 14336K, 0% used [0x00000000f3500000,0x00000000f3500000,0x00000000f4300000)
  to   space 14336K, 0% used [0x00000000f2700000,0x00000000f2700000,0x00000000f3500000)
 ParOldGen       total 46592K, used 16009K [0x00000000c0000000, 0x00000000c2d80000, 0x00000000eab00000)
  object space 46592K, 34% used [0x00000000c0000000,0x00000000c0fa2550,0x00000000c2d80000)
 Metaspace       used 7769K, capacity 8030K, committed 8320K, reserved 1056768K
  class space    used 754K, capacity 785K, committed 896K, reserved 1048576K

Deoptimization events (10 events):
Event: 1.455 Thread 0x00007f794000c000 Uncommon trap: reason=class_check action=maybe_recompile pc=0x00007f79314dca28 method=java.util.ArrayList.<init>(Ljava/util/Collection;)V @ 6
Event: 1.477 Thread 0x00007f794000c000 Uncommon trap: reason=predicate action=maybe_recompile pc=0x00007f793176793c method=com.android.dex.Leb128.readUnsignedLeb128(Lcom/android/dex/util/ByteInput;)I @ 41
Event: 1.484 Thread 0x00007f794000c000 Uncommon trap: reason=unstable_if action=reinterpret pc=0x00007f7931583e14 method=java.util.HashMap.getNode(ILjava/lang/Object;)Ljava/util/HashMap$Node; @ 84
Event: 1.484 Thread 0x00007f794000c000 Uncommon trap: reason=unstable_if action=reinterpret pc=0x00007f7931558874 method=java.util.HashMap.getNode(ILjava/lang/Object;)Ljava/util/HashMap$Node; @ 84
Event: 1.553 Thread 0x00007f794000c000 Uncommon trap: reason=unstable_if action=reinterpret pc=0x00007f7931713be0 method=com.android.dex.FieldId.compareTo(Lcom/android/dex/FieldId;)I @ 8
Event: 1.554 Thread 0x00007f794000c000 Uncommon trap: reason=unstable_if action=reinterpret pc=0x00007f793170deb0 method=com.android.dex.util.Unsigned.compare(II)I @ 26
Event: 1.714 Thread 0x00007f794000c000 Uncommon trap: reason=unstable_if action=reinterpret pc=0x00007f7931872b7c method=java.util.HashMap$TreeNode.balanceInsertion(Ljava/util/HashMap$TreeNode;Ljava/util/HashMap$TreeNode;)Ljava/util/HashMap$TreeNode; @ 47
Event: 1.714 Thread 0x00007f794000c000 Uncommon trap: reason=unstable_if action=reinterpret pc=0x00007f793183f8e8 method=com.android.dex.EncodedValueCodec.readUnsignedInt(Lcom/android/dex/util/ByteInput;IZ)I @ 3
Event: 3.251 Thread 0x00007f794000c000 Uncommon trap: reason=unstable_if action=reinterpret pc=0x00007f793184fda4 method=java.util.HashMap$TreeNode.balanceInsertion(Ljava/util/HashMap$TreeNode;Ljava/util/HashMap$TreeNode;)Ljava/util/HashMap$TreeNode; @ 47
Event: 3.251 Thread 0x00007f794000c000 Uncommon trap: reason=unstable_if action=reinterpret pc=0x00007f79318a8b60 method=java.util.HashMap$TreeNode.putTreeVal(Ljava/util/HashMap;[Ljava/util/HashMap$Node;ILjava/lang/Object;Ljava/lang/Object;)Ljava/util/HashMap$TreeNode; @ 36

Internal exceptions (8 events):
Event: 0.092 Thread 0x00007f794000c000 Exception <a 'java/lang/NoSuchMethodError': Method sun.misc.Unsafe.defineClass(Ljava/lang/String;[BII)Ljava/lang/Class; name or signature does not match> (0x00000000eab12a38) thrown at [/RE-WORK/workspace/8-2-build-linux-amd64/jdk8u45/3457/hotspot/src/sha
Event: 0.092 Thread 0x00007f794000c000 Exception <a 'java/lang/NoSuchMethodError': Method sun.misc.Unsafe.prefetchRead(Ljava/lang/Object;J)V name or signature does not match> (0x00000000eab12cc8) thrown at [/RE-WORK/workspace/8-2-build-linux-amd64/jdk8u45/3457/hotspot/src/share/vm/prims/jni.cp
Event: 0.618 Thread 0x00007f794000c000 Implicit null exception at 0x00007f7931293805 to 0x00007f7931293e59
Event: 0.971 Thread 0x00007f794000c000 Implicit null exception at 0x00007f793152ce22 to 0x00007f793152cec2
Event: 1.447 Thread 0x00007f794000c000 Exception <a 'java/security/PrivilegedActionException'> (0x00000000eb3c17c8) thrown at [/RE-WORK/workspace/8-2-build-linux-amd64/jdk8u45/3457/hotspot/src/share/vm/prims/jvm.cpp, line 1382]
Event: 1.447 Thread 0x00007f794000c000 Exception <a 'java/security/PrivilegedActionException'> (0x00000000eb3c1b10) thrown at [/RE-WORK/workspace/8-2-build-linux-amd64/jdk8u45/3457/hotspot/src/share/vm/prims/jvm.cpp, line 1382]
Event: 1.448 Thread 0x00007f794000c000 Exception <a 'java/security/PrivilegedActionException'> (0x00000000eb3c3fc0) thrown at [/RE-WORK/workspace/8-2-build-linux-amd64/jdk8u45/3457/hotspot/src/share/vm/prims/jvm.cpp, line 1382]
Event: 1.448 Thread 0x00007f794000c000 Exception <a 'java/security/PrivilegedActionException'> (0x00000000eb3c4308) thrown at [/RE-WORK/workspace/8-2-build-linux-amd64/jdk8u45/3457/hotspot/src/share/vm/prims/jvm.cpp, line 1382]

Events (10 events):
Event: 2.640 Executing VM operation: ParallelGCFailedAllocation done
Event: 3.251 Thread 0x00007f794000c000 DEOPT PACKING pc=0x00007f793181764f sp=0x00007f79480e92d0
Event: 3.251 Thread 0x00007f794000c000 DEOPT UNPACKING pc=0x00007f7931047233 sp=0x00007f79480e9010 mode 0
Event: 3.251 Thread 0x00007f794000c000 Uncommon trap: trap_request=0xffffff65 fr.pc=0x00007f793184fda4
Event: 3.251 Thread 0x00007f794000c000 DEOPT PACKING pc=0x00007f793184fda4 sp=0x00007f79480e9460
Event: 3.251 Thread 0x00007f794000c000 DEOPT UNPACKING pc=0x00007f7931005229 sp=0x00007f79480e91e0 mode 2
Event: 3.251 Thread 0x00007f794000c000 Uncommon trap: trap_request=0xffffff65 fr.pc=0x00007f79318a8b60
Event: 3.251 Thread 0x00007f794000c000 DEOPT PACKING pc=0x00007f79318a8b60 sp=0x00007f79480e93b0
Event: 3.251 Thread 0x00007f794000c000 DEOPT UNPACKING pc=0x00007f7931005229 sp=0x00007f79480e92d8 mode 2
Event: 3.292 Executing VM operation: ParallelGCFailedAllocation


Dynamic libraries:
00400000-00401000 r-xp 00000000 08:03 1572315                            /opt/java/jdk1.8.0_45/bin/java
00600000-00601000 rw-p 00000000 08:03 1572315                            /opt/java/jdk1.8.0_45/bin/java
0202c000-0204d000 rw-p 00000000 00:00 0                                  [heap]
c0000000-c2d80000 rw-p 00000000 00:00 0 
c2d80000-eab00000 ---p 00000000 00:00 0 
eab00000-f4300000 rw-p 00000000 00:00 0 
fb300000-100000000 ---p 00000000 00:00 0 
100000000-1000e0000 rw-p 00000000 00:00 0 
1000e0000-140000000 ---p 00000000 00:00 0 
7f78f4000000-7f78f4021000 rw-p 00000000 00:00 0 
7f78f4021000-7f78f8000000 ---p 00000000 00:00 0 
7f78f8000000-7f78f8021000 rw-p 00000000 00:00 0 
7f78f8021000-7f78fc000000 ---p 00000000 00:00 0 
7f78fc000000-7f78fcba9000 rw-p 00000000 00:00 0 
7f78fcba9000-7f7900000000 ---p 00000000 00:00 0 
7f7900000000-7f7900742000 rw-p 00000000 00:00 0 
7f7900742000-7f7904000000 ---p 00000000 00:00 0 
7f7904000000-7f7904021000 rw-p 00000000 00:00 0 
7f7904021000-7f7908000000 ---p 00000000 00:00 0 
7f7908000000-7f79089bd000 rw-p 00000000 00:00 0 
7f79089bd000-7f790c000000 ---p 00000000 00:00 0 
7f790c000000-7f790c021000 rw-p 00000000 00:00 0 
7f790c021000-7f7910000000 ---p 00000000 00:00 0 
7f7910000000-7f7910021000 rw-p 00000000 00:00 0 
7f7910021000-7f7914000000 ---p 00000000 00:00 0 
7f7914000000-7f7914021000 rw-p 00000000 00:00 0 
7f7914021000-7f7918000000 ---p 00000000 00:00 0 
7f7918000000-7f791828b000 rw-p 00000000 00:00 0 
7f791828b000-7f791c000000 ---p 00000000 00:00 0 
7f791c000000-7f791c021000 rw-p 00000000 00:00 0 
7f791c021000-7f7920000000 ---p 00000000 00:00 0 
7f7924000000-7f7924021000 rw-p 00000000 00:00 0 
7f7924021000-7f7928000000 ---p 00000000 00:00 0 
7f7928e28000-7f7928e29000 ---p 00000000 00:00 0 
7f7928e29000-7f7928f29000 rw-p 00000000 00:00 0                          [stack:23153]
7f7928f29000-7f7928f2c000 ---p 00000000 00:00 0 
7f7928f2c000-7f792902a000 rw-p 00000000 00:00 0                          [stack:23152]
7f792902a000-7f792902d000 ---p 00000000 00:00 0 
7f792902d000-7f792912b000 rw-p 00000000 00:00 0                          [stack:23151]
7f792912b000-7f792912e000 ---p 00000000 00:00 0 
7f792912e000-7f792922c000 rw-p 00000000 00:00 0                          [stack:23150]
7f792922c000-7f792922f000 ---p 00000000 00:00 0 
7f792922f000-7f792932d000 rw-p 00000000 00:00 0                          [stack:23149]
7f792932d000-7f7929330000 ---p 00000000 00:00 0 
7f7929330000-7f792942e000 rw-p 00000000 00:00 0                          [stack:23148]
7f792942e000-7f79296f7000 r--p 00000000 08:03 266989                     /usr/lib/locale/locale-archive
7f79296f7000-7f79296fa000 ---p 00000000 00:00 0 
7f79296fa000-7f79297f8000 rw-p 00000000 00:00 0                          [stack:23147]
7f79297f8000-7f79297fb000 ---p 00000000 00:00 0 
7f79297fb000-7f79298f9000 rw-p 00000000 00:00 0                          [stack:23146]
7f79298f9000-7f79298fa000 ---p 00000000 00:00 0 
7f79298fa000-7f792c000000 rw-p 00000000 00:00 0                          [stack:23145]
7f792c000000-7f792c021000 rw-p 00000000 00:00 0 
7f792c021000-7f7930000000 ---p 00000000 00:00 0 
7f7930038000-7f7930054000 r--s 00393000 08:03 1574015                    /opt/java/jdk1.8.0_45/jre/lib/ext/cldrdata.jar
7f7930054000-7f7930f40000 rw-p 00000000 00:00 0 
7f7930f40000-7f7931000000 ---p 00000000 00:00 0 
7f7931000000-7f7931920000 rwxp 00000000 00:00 0 
7f7931920000-7f7940000000 ---p 00000000 00:00 0 
7f7940000000-7f79403da000 rw-p 00000000 00:00 0 
7f79403da000-7f7944000000 ---p 00000000 00:00 0 
7f7944004000-7f794400f000 r--s 00116000 08:03 1574017                    /opt/java/jdk1.8.0_45/jre/lib/ext/localedata.jar
7f794400f000-7f794401e000 r--s 000dd000 00:19 9438599                    /home/mike/Android/Sdk/build-tools/22.0.1/lib/dx.jar
7f794401e000-7f7944220000 rw-p 00000000 00:00 0 
7f7944220000-7f79443f9000 r--s 03d09000 08:03 1573810                    /opt/java/jdk1.8.0_45/jre/lib/rt.jar
7f79443f9000-7f794466f000 rw-p 00000000 00:00 0 
7f794466f000-7f7944670000 ---p 00000000 00:00 0 
7f7944670000-7f7944770000 rw-p 00000000 00:00 0                          [stack:23144]
7f7944770000-7f7944771000 ---p 00000000 00:00 0 
7f7944771000-7f7944871000 rw-p 00000000 00:00 0                          [stack:23143]
7f7944871000-7f7944872000 ---p 00000000 00:00 0 
7f7944872000-7f7944972000 rw-p 00000000 00:00 0                          [stack:23142]
7f7944972000-7f7944973000 ---p 00000000 00:00 0 
7f7944973000-7f7944a8a000 rw-p 00000000 00:00 0                          [stack:23141]
7f7944a8a000-7f7944bc9000 ---p 00000000 00:00 0 
7f7944bc9000-7f7944be0000 rw-p 00000000 00:00 0 
7f7944be0000-7f7944d1e000 ---p 00000000 00:00 0 
7f7944d1e000-7f7944d6b000 rw-p 00000000 00:00 0 
7f7944d6b000-7f7944dc9000 ---p 00000000 00:00 0 
7f7944dc9000-7f7944def000 rw-p 00000000 00:00 0 
7f7944def000-7f794518a000 ---p 00000000 00:00 0 
7f794518a000-7f79451a4000 r-xp 00000000 08:03 1574049                    /opt/java/jdk1.8.0_45/jre/lib/amd64/libzip.so
7f79451a4000-7f79453a4000 ---p 0001a000 08:03 1574049                    /opt/java/jdk1.8.0_45/jre/lib/amd64/libzip.so
7f79453a4000-7f79453a5000 rw-p 0001a000 08:03 1574049                    /opt/java/jdk1.8.0_45/jre/lib/amd64/libzip.so
7f79453a5000-7f79453b0000 r-xp 00000000 08:03 131807                     /lib/x86_64-linux-gnu/libnss_files-2.19.so
7f79453b0000-7f79455af000 ---p 0000b000 08:03 131807                     /lib/x86_64-linux-gnu/libnss_files-2.19.so
7f79455af000-7f79455b0000 r--p 0000a000 08:03 131807                     /lib/x86_64-linux-gnu/libnss_files-2.19.so
7f79455b0000-7f79455b1000 rw-p 0000b000 08:03 131807                     /lib/x86_64-linux-gnu/libnss_files-2.19.so
7f79455b1000-7f79455bc000 r-xp 00000000 08:03 131871                     /lib/x86_64-linux-gnu/libnss_nis-2.19.so
7f79455bc000-7f79457bb000 ---p 0000b000 08:03 131871                     /lib/x86_64-linux-gnu/libnss_nis-2.19.so
7f79457bb000-7f79457bc000 r--p 0000a000 08:03 131871                     /lib/x86_64-linux-gnu/libnss_nis-2.19.so
7f79457bc000-7f79457bd000 rw-p 0000b000 08:03 131871                     /lib/x86_64-linux-gnu/libnss_nis-2.19.so
7f79457bd000-7f79457d4000 r-xp 00000000 08:03 131829                     /lib/x86_64-linux-gnu/libnsl-2.19.so
7f79457d4000-7f79459d3000 ---p 00017000 08:03 131829                     /lib/x86_64-linux-gnu/libnsl-2.19.so
7f79459d3000-7f79459d4000 r--p 00016000 08:03 131829                     /lib/x86_64-linux-gnu/libnsl-2.19.so
7f79459d4000-7f79459d5000 rw-p 00017000 08:03 131829                     /lib/x86_64-linux-gnu/libnsl-2.19.so
7f79459d5000-7f79459d7000 rw-p 00000000 00:00 0 
7f79459d7000-7f79459e0000 r-xp 00000000 08:03 131828                     /lib/x86_64-linux-gnu/libnss_compat-2.19.so
7f79459e0000-7f7945bdf000 ---p 00009000 08:03 131828                     /lib/x86_64-linux-gnu/libnss_compat-2.19.so
7f7945bdf000-7f7945be0000 r--p 00008000 08:03 131828                     /lib/x86_64-linux-gnu/libnss_compat-2.19.so
7f7945be0000-7f7945be1000 rw-p 00009000 08:03 131828                     /lib/x86_64-linux-gnu/libnss_compat-2.19.so
7f7945be1000-7f7945c0b000 r-xp 00000000 08:03 1574040                    /opt/java/jdk1.8.0_45/jre/lib/amd64/libjava.so
7f7945c0b000-7f7945e0b000 ---p 0002a000 08:03 1574040                    /opt/java/jdk1.8.0_45/jre/lib/amd64/libjava.so
7f7945e0b000-7f7945e0d000 rw-p 0002a000 08:03 1574040                    /opt/java/jdk1.8.0_45/jre/lib/amd64/libjava.so
7f7945e0d000-7f7945e1a000 r-xp 00000000 08:03 1574047                    /opt/java/jdk1.8.0_45/jre/lib/amd64/libverify.so
7f7945e1a000-7f794601a000 ---p 0000d000 08:03 1574047                    /opt/java/jdk1.8.0_45/jre/lib/amd64/libverify.so
7f794601a000-7f794601c000 rw-p 0000d000 08:03 1574047                    /opt/java/jdk1.8.0_45/jre/lib/amd64/libverify.so
7f794601c000-7f7946023000 r-xp 00000000 08:03 131868                     /lib/x86_64-linux-gnu/librt-2.19.so
7f7946023000-7f7946222000 ---p 00007000 08:03 131868                     /lib/x86_64-linux-gnu/librt-2.19.so
7f7946222000-7f7946223000 r--p 00006000 08:03 131868                     /lib/x86_64-linux-gnu/librt-2.19.so
7f7946223000-7f7946224000 rw-p 00007000 08:03 131868                     /lib/x86_64-linux-gnu/librt-2.19.so
7f7946224000-7f7946329000 r-xp 00000000 08:03 131806                     /lib/x86_64-linux-gnu/libm-2.19.so
7f7946329000-7f7946528000 ---p 00105000 08:03 131806                     /lib/x86_64-linux-gnu/libm-2.19.so
7f7946528000-7f7946529000 r--p 00104000 08:03 131806                     /lib/x86_64-linux-gnu/libm-2.19.so
7f7946529000-7f794652a000 rw-p 00105000 08:03 131806                     /lib/x86_64-linux-gnu/libm-2.19.so
7f794652a000-7f79471d8000 r-xp 00000000 08:03 1574060                    /opt/java/jdk1.8.0_45/jre/lib/amd64/server/libjvm.so
7f79471d8000-7f79473d7000 ---p 00cae000 08:03 1574060                    /opt/java/jdk1.8.0_45/jre/lib/amd64/server/libjvm.so
7f79473d7000-7f79474ae000 rw-p 00cad000 08:03 1574060                    /opt/java/jdk1.8.0_45/jre/lib/amd64/server/libjvm.so
7f79474ae000-7f79474f2000 rw-p 00000000 00:00 0 
7f79474f2000-7f79476ad000 r-xp 00000000 08:03 131857                     /lib/x86_64-linux-gnu/libc-2.19.so
7f79476ad000-7f79478ac000 ---p 001bb000 08:03 131857                     /lib/x86_64-linux-gnu/libc-2.19.so
7f79478ac000-7f79478b0000 r--p 001ba000 08:03 131857                     /lib/x86_64-linux-gnu/libc-2.19.so
7f79478b0000-7f79478b2000 rw-p 001be000 08:03 131857                     /lib/x86_64-linux-gnu/libc-2.19.so
7f79478b2000-7f79478b7000 rw-p 00000000 00:00 0 
7f79478b7000-7f79478ba000 r-xp 00000000 08:03 131810                     /lib/x86_64-linux-gnu/libdl-2.19.so
7f79478ba000-7f7947ab9000 ---p 00003000 08:03 131810                     /lib/x86_64-linux-gnu/libdl-2.19.so
7f7947ab9000-7f7947aba000 r--p 00002000 08:03 131810                     /lib/x86_64-linux-gnu/libdl-2.19.so
7f7947aba000-7f7947abb000 rw-p 00003000 08:03 131810                     /lib/x86_64-linux-gnu/libdl-2.19.so
7f7947abb000-7f7947ad0000 r-xp 00000000 08:03 1573749                    /opt/java/jdk1.8.0_45/lib/amd64/jli/libjli.so
7f7947ad0000-7f7947cd0000 ---p 00015000 08:03 1573749                    /opt/java/jdk1.8.0_45/lib/amd64/jli/libjli.so
7f7947cd0000-7f7947cd1000 rw-p 00015000 08:03 1573749                    /opt/java/jdk1.8.0_45/lib/amd64/jli/libjli.so
7f7947cd1000-7f7947cea000 r-xp 00000000 08:03 131858                     /lib/x86_64-linux-gnu/libpthread-2.19.so
7f7947cea000-7f7947ee9000 ---p 00019000 08:03 131858                     /lib/x86_64-linux-gnu/libpthread-2.19.so
7f7947ee9000-7f7947eea000 r--p 00018000 08:03 131858                     /lib/x86_64-linux-gnu/libpthread-2.19.so
7f7947eea000-7f7947eeb000 rw-p 00019000 08:03 131858                     /lib/x86_64-linux-gnu/libpthread-2.19.so
7f7947eeb000-7f7947eef000 rw-p 00000000 00:00 0 
7f7947eef000-7f7947f12000 r-xp 00000000 08:03 131833                     /lib/x86_64-linux-gnu/ld-2.19.so
7f7947f13000-7f7947f18000 r--s 00094000 08:03 1573828                    /opt/java/jdk1.8.0_45/jre/lib/jsse.jar
7f7947f18000-7f7947fea000 rw-p 00000000 00:00 0 
7f7947fea000-7f7947fed000 ---p 00000000 00:00 0 
7f7947fed000-7f79480f0000 rw-p 00000000 00:00 0                          [stack:23140]
7f79480f0000-7f79480f1000 r--p 00000000 08:03 672594                     /usr/share/locale-langpack/en_GB/LC_MESSAGES/libc.mo
7f79480f1000-7f7948105000 rw-p 00000000 00:00 0 
7f7948105000-7f794810d000 rw-s 00000000 08:03 1574124                    /tmp/hsperfdata_mike/23135
7f794810d000-7f794810e000 rw-p 00000000 00:00 0 
7f794810e000-7f794810f000 ---p 00000000 00:00 0 
7f794810f000-7f7948111000 rw-p 00000000 00:00 0 
7f7948111000-7f7948112000 r--p 00022000 08:03 131833                     /lib/x86_64-linux-gnu/ld-2.19.so
7f7948112000-7f7948113000 rw-p 00023000 08:03 131833                     /lib/x86_64-linux-gnu/ld-2.19.so
7f7948113000-7f7948114000 rw-p 00000000 00:00 0 
7fff2809a000-7fff280bc000 rw-p 00000000 00:00 0                          [stack]
7fff28190000-7fff28192000 r-xp 00000000 00:00 0                          [vdso]
ffffffffff600000-ffffffffff601000 r-xp 00000000 00:00 0                  [vsyscall]

VM Arguments:
jvm_args: -Xmx1024M -Dfile.encoding=UTF-8 -Duser.country=GB -Duser.language=en -Duser.variant 
java_command: com.android.dx.command.Main --dex --output /home/mike/AndroidStudioProjects/Wordist/app/build/intermediates/dex/release /home/mike/AndroidStudioProjects/Wordist/app/build/intermediates/classes/release /home/mike/AndroidStudioProjects/Wordist/app/build/intermediates/pre-dexed/release/support-annotations-22.2.0-bfa71d602cc0e11fce5350ed544c9f5e4d4a05e4.jar /home/mike/AndroidStudioProjects/Wordist/app/build/intermediates/pre-dexed/release/classes-9c4e5ca92c4ea70961d67c0a97ababefe673fb81.jar /home/mike/AndroidStudioProjects/Wordist/app/build/intermediates/pre-dexed/release/classes-d226535b7952fda3a9a980a1f601e8b29e9ef482.jar /home/mike/AndroidStudioProjects/Wordist/app/build/intermediates/pre-dexed/release/internal_impl-22.2.0-58158417214e4227ac1350c0dac59685c0c93f77.jar /home/mike/AndroidStudioProjects/Wordist/app/build/intermediates/pre-dexed/release/classes-5eb43b55c91741188ff70cdae235c4b65d0c0b31.jar /home/mike/AndroidStudioProjects/Wordist/app/build/intermediates/pre-dexed/release/classes-c010f5be654112ca44ad36a367fc44f8f0029d43.jar /home/mike/AndroidStudioProjects/Wordist/app/build/intermediates/pre-dexed/release/classes-64c8f94603d816a86cc9355c0552637c9213ad18.jar /home/mike/AndroidStudioProjects/Wordist/app/build/intermediates/pre-dexed/release/classes-d336082364352f264572be55a9b357e5ff0d11af.jar /home/mike/AndroidStudioProjects/Wordist/app/build/intermediates/pre-dexed/release/classes-d00afa822cc6c9fe9c1bdedef3b617547c852166.jar /home/mike/AndroidStudioProjects/Wordist/app/build/intermediates/pre-dexed/release/classes-0a544f5234ef674ea11f5b20103f0ce9191e08b7.jar /home/mike/AndroidStudioProjects/Wordist/app/build/intermediates/pre-dexed/release/classes-e77b49a04defe40ece13be738a2c3293c88f74d5.jar /home/mike/AndroidStudioProjects/Wordist/app/build/intermediates/pre-dexed/release/classes-4fe46cb4cff6871994b7baaaa48ab6f79ed71187.jar /home/mike/AndroidStudioProjects/Wordist/app/build/intermediates/pre-dexed/release/classes-9ee79aa81796d4fbd6cad990af31
java_class_path (initial): /home/mike/Android/Sdk/build-tools/22.0.1/lib/dx.jar
Launcher Type: SUN_STANDARD

Environment Variables:
PATH=/usr/local/sbin:/usr/local/bin:/usr/sbin:/usr/bin:/sbin:/bin:/usr/games:/usr/local/games
USERNAME=mike
LD_LIBRARY_PATH=/opt/android-studio/bin:
SHELL=/bin/bash
DISPLAY=:0

Signal Handlers:
SIGSEGV: [libjvm.so+0xaad1e0], sa_mask[0]=11111111011111111101111111111110, sa_flags=SA_RESTART|SA_SIGINFO
SIGBUS: [libjvm.so+0xaad1e0], sa_mask[0]=11111111011111111101111111111110, sa_flags=SA_RESTART|SA_SIGINFO
SIGFPE: [libjvm.so+0x90b450], sa_mask[0]=11111111011111111101111111111110, sa_flags=SA_RESTART|SA_SIGINFO
SIGPIPE: [libjvm.so+0x90b450], sa_mask[0]=11111111011111111101111111111110, sa_flags=SA_RESTART|SA_SIGINFO
SIGXFSZ: [libjvm.so+0x90b450], sa_mask[0]=11111111011111111101111111111110, sa_flags=SA_RESTART|SA_SIGINFO
SIGILL: [libjvm.so+0x90b450], sa_mask[0]=11111111011111111101111111111110, sa_flags=SA_RESTART|SA_SIGINFO
SIGUSR1: SIG_DFL, sa_mask[0]=00000000000000000000000000000000, sa_flags=none
SIGUSR2: [libjvm.so+0x90ca90], sa_mask[0]=00100000000000000000000000000000, sa_flags=SA_RESTART|SA_SIGINFO
SIGHUP: [libjvm.so+0x90dde0], sa_mask[0]=11111111011111111101111111111110, sa_flags=SA_RESTART|SA_SIGINFO
SIGINT: [libjvm.so+0x90dde0], sa_mask[0]=11111111011111111101111111111110, sa_flags=SA_RESTART|SA_SIGINFO
SIGTERM: [libjvm.so+0x90dde0], sa_mask[0]=11111111011111111101111111111110, sa_flags=SA_RESTART|SA_SIGINFO
SIGQUIT: [libjvm.so+0x90dde0], sa_mask[0]=11111111011111111101111111111110, sa_flags=SA_RESTART|SA_SIGINFO


---------------  S Y S T E M  ---------------

OS:DISTRIB_ID=LinuxMint
DISTRIB_RELEASE=17.2
DISTRIB_CODENAME=rafaela
DISTRIB_DESCRIPTION="Linux Mint 17.2 Rafaela"

uname:Linux 3.13.0-37-generic #64-Ubuntu SMP Mon Sep 22 21:28:38 UTC 2014 x86_64
libc:glibc 2.19 NPTL 2.19 
rlimit: STACK 8192k, CORE 0k, NPROC 30882, NOFILE 4096, AS infinity
load average:2.29 3.21 3.43

/proc/meminfo:
MemTotal:        4048044 kB
MemFree:          133008 kB
Buffers:            1812 kB
Cached:            54800 kB
SwapCached:            0 kB
Active:          3485228 kB
Inactive:          35552 kB
Active(anon):    3466540 kB
Inactive(anon):    21184 kB
Active(file):      18688 kB
Inactive(file):    14368 kB
Unevictable:          88 kB
Mlocked:              88 kB
SwapTotal:             0 kB
SwapFree:              0 kB
Dirty:              1076 kB
Writeback:             0 kB
AnonPages:       3464360 kB
Mapped:           170444 kB
Shmem:             23472 kB
Slab:              79796 kB
SReclaimable:      26232 kB
SUnreclaim:        53564 kB
KernelStack:        4480 kB
PageTables:        31576 kB
NFS_Unstable:          0 kB
Bounce:                0 kB
WritebackTmp:          0 kB
CommitLimit:     2024020 kB
Committed_AS:    5637172 kB
VmallocTotal:   34359738367 kB
VmallocUsed:      305644 kB
VmallocChunk:   34359429988 kB
HardwareCorrupted:     0 kB
AnonHugePages:   1699840 kB
HugePages_Total:       0
HugePages_Free:        0
HugePages_Rsvd:        0
HugePages_Surp:        0
Hugepagesize:       2048 kB
DirectMap4k:      185920 kB
DirectMap2M:     2959360 kB
DirectMap1G:     1048576 kB


CPU:total 4 (4 cores per cpu, 1 threads per core) family 16 model 4 stepping 2, cmov, cx8, fxsr, mmx, sse, sse2, sse3, popcnt, mmxext, 3dnowpref, lzcnt, sse4a, tsc, tscinvbit, tscinv

/proc/cpuinfo:
processor	: 0
vendor_id	: AuthenticAMD
cpu family	: 16
model		: 4
model name	: AMD Phenom(tm) II X4 955 Processor
stepping	: 2
microcode	: 0x1000086
cpu MHz		: 800.000
cache size	: 512 KB
physical id	: 0
siblings	: 4
core id		: 0
cpu cores	: 4
apicid		: 0
initial apicid	: 0
fpu		: yes
fpu_exception	: yes
cpuid level	: 5
wp		: yes
flags		: fpu vme de pse tsc msr pae mce cx8 apic sep mtrr pge mca cmov pat pse36 clflush mmx fxsr sse sse2 ht syscall nx mmxext fxsr_opt pdpe1gb rdtscp lm 3dnowext 3dnow constant_tsc rep_good nopl nonstop_tsc extd_apicid pni monitor cx16 popcnt lahf_lm cmp_legacy svm extapic cr8_legacy abm sse4a misalignsse 3dnowprefetch osvw ibs skinit wdt hw_pstate npt lbrv svm_lock nrip_save
bogomips	: 6399.91
TLB size	: 1024 4K pages
clflush size	: 64
cache_alignment	: 64
address sizes	: 48 bits physical, 48 bits virtual
power management: ts ttp tm stc 100mhzsteps hwpstate

processor	: 1
vendor_id	: AuthenticAMD
cpu family	: 16
model		: 4
model name	: AMD Phenom(tm) II X4 955 Processor
stepping	: 2
microcode	: 0x1000086
cpu MHz		: 800.000
cache size	: 512 KB
physical id	: 0
siblings	: 4
core id		: 1
cpu cores	: 4
apicid		: 1
initial apicid	: 1
fpu		: yes
fpu_exception	: yes
cpuid level	: 5
wp		: yes
flags		: fpu vme de pse tsc msr pae mce cx8 apic sep mtrr pge mca cmov pat pse36 clflush mmx fxsr sse sse2 ht syscall nx mmxext fxsr_opt pdpe1gb rdtscp lm 3dnowext 3dnow constant_tsc rep_good nopl nonstop_tsc extd_apicid pni monitor cx16 popcnt lahf_lm cmp_legacy svm extapic cr8_legacy abm sse4a misalignsse 3dnowprefetch osvw ibs skinit wdt hw_pstate npt lbrv svm_lock nrip_save
bogomips	: 6399.91
TLB size	: 1024 4K pages
clflush size	: 64
cache_alignment	: 64
address sizes	: 48 bits physical, 48 bits virtual
power management: ts ttp tm stc 100mhzsteps hwpstate

processor	: 2
vendor_id	: AuthenticAMD
cpu family	: 16
model		: 4
model name	: AMD Phenom(tm) II X4 955 Processor
stepping	: 2
microcode	: 0x1000086
cpu MHz		: 800.000
cache size	: 512 KB
physical id	: 0
siblings	: 4
core id		: 2
cpu cores	: 4
apicid		: 2
initial apicid	: 2
fpu		: yes
fpu_exception	: yes
cpuid level	: 5
wp		: yes
flags		: fpu vme de pse tsc msr pae mce cx8 apic sep mtrr pge mca cmov pat pse36 clflush mmx fxsr sse sse2 ht syscall nx mmxext fxsr_opt pdpe1gb rdtscp lm 3dnowext 3dnow constant_tsc rep_good nopl nonstop_tsc extd_apicid pni monitor cx16 popcnt lahf_lm cmp_legacy svm extapic cr8_legacy abm sse4a misalignsse 3dnowprefetch osvw ibs skinit wdt hw_pstate npt lbrv svm_lock nrip_save
bogomips	: 6399.91
TLB size	: 1024 4K pages
clflush size	: 64
cache_alignment	: 64
address sizes	: 48 bits physical, 48 bits virtual
power management: ts ttp tm stc 100mhzsteps hwpstate

processor	: 3
vendor_id	: AuthenticAMD
cpu family	: 16
model		: 4
model name	: AMD Phenom(tm) II X4 955 Processor
stepping	: 2
microcode	: 0x1000086
cpu MHz		: 2100.000
cache size	: 512 KB
physical id	: 0
siblings	: 4
core id		: 3
cpu cores	: 4
apicid		: 3
initial apicid	: 3
fpu		: yes
fpu_exception	: yes
cpuid level	: 5
wp		: yes
flags		: fpu vme de pse tsc msr pae mce cx8 apic sep mtrr pge mca cmov pat pse36 clflush mmx fxsr sse sse2 ht syscall nx mmxext fxsr_opt pdpe1gb rdtscp lm 3dnowext 3dnow constant_tsc rep_good nopl nonstop_tsc extd_apicid pni monitor cx16 popcnt lahf_lm cmp_legacy svm extapic cr8_legacy abm sse4a misalignsse 3dnowprefetch osvw ibs skinit wdt hw_pstate npt lbrv svm_lock nrip_save
bogomips	: 6399.91
TLB size	: 1024 4K pages
clflush size	: 64
cache_alignment	: 64
address sizes	: 48 bits physical, 48 bits virtual
power management: ts ttp tm stc 100mhzsteps hwpstate



Memory: 4k page, physical 4048044k(133008k free), swap 0k(0k free)

vm_info: Java HotSpot(TM) 64-Bit Server VM (25.45-b02) for linux-amd64 JRE (1.8.0_45-b14), built on Apr 10 2015 10:07:45 by "java_re" with gcc 4.3.0 20080428 (Red Hat 4.3.0-8)

time: Fri Aug 21 22:23:35 2015
elapsed time: 3 seconds (0d 0h 0m 3s)

