#
# There is insufficient memory for the Java Runtime Environment to continue.
# Native memory allocation (mmap) failed to map 41943040 bytes for committing reserved memory.
# Possible reasons:
#   The system is out of physical RAM or swap space
#   In 32 bit mode, the process size limit was hit
# Possible solutions:
#   Reduce memory load on the system
#   Increase physical memory or swap space
#   Check if swap backing store is full
#   Use 64 bit Java on a 64 bit OS
#   Decrease Java heap size (-Xmx/-Xms)
#   Decrease number of Java threads
#   Decrease Java thread stack sizes (-Xss)
#   Set larger code cache with -XX:ReservedCodeCacheSize=
# This output file may be truncated or incomplete.
#
#  Out of Memory Error (os_linux.cpp:2673), pid=9372, tid=139977752778496
#
# JRE version: Java(TM) SE Runtime Environment (8.0_45-b14) (build 1.8.0_45-b14)
# Java VM: Java HotSpot(TM) 64-Bit Server VM (25.45-b02 mixed mode linux-amd64 compressed oops)
# Failed to write core dump. Core dumps have been disabled. To enable core dumping, try "ulimit -c unlimited" before starting Java again
#

---------------  T H R E A D  ---------------

Current thread (0x00007f4f2c077800):  VMThread [stack: 0x00007f4f1c2b1000,0x00007f4f1c3b2000] [id=9412]

Stack: [0x00007f4f1c2b1000,0x00007f4f1c3b2000],  sp=0x00007f4f1c3b02e0,  free space=1020k
Native frames: (J=compiled Java code, j=interpreted, Vv=VM code, C=native code)
V  [libjvm.so+0xaac99a]  VMError::report_and_die()+0x2ba
V  [libjvm.so+0x4f333b]  report_vm_out_of_memory(char const*, int, unsigned long, VMErrorType, char const*)+0x8b
V  [libjvm.so+0x90e7c3]  os::Linux::commit_memory_impl(char*, unsigned long, bool)+0x103
V  [libjvm.so+0x90ed19]  os::pd_commit_memory(char*, unsigned long, unsigned long, bool)+0x29
V  [libjvm.so+0x90867a]  os::commit_memory(char*, unsigned long, unsigned long, bool)+0x2a
V  [libjvm.so+0x97bac3]  PSVirtualSpace::expand_by(unsigned long)+0x53
V  [libjvm.so+0x97cec8]  PSYoungGen::resize_generation(unsigned long, unsigned long)+0xf8
V  [libjvm.so+0x97c022]  PSYoungGen::resize(unsigned long, unsigned long)+0x22
V  [libjvm.so+0x9792fb]  PSScavenge::invoke_no_policy()+0xf7b
V  [libjvm.so+0x979a81]  PSScavenge::invoke()+0x41
V  [libjvm.so+0x932050]  ParallelScavengeHeap::failed_mem_allocate(unsigned long)+0x70
V  [libjvm.so+0xaae1d7]  VM_ParallelGCFailedAllocation::doit()+0x97
V  [libjvm.so+0xab59c5]  VM_Operation::evaluate()+0x55
V  [libjvm.so+0xab3d9a]  VMThread::evaluate_operation(VM_Operation*)+0xba
V  [libjvm.so+0xab411e]  VMThread::loop()+0x1ce
V  [libjvm.so+0xab4590]  VMThread::run()+0x70
V  [libjvm.so+0x910de8]  java_start(Thread*)+0x108

VM_Operation (0x00007f4f34a4a2e0): ParallelGCFailedAllocation, mode: safepoint, requested by thread 0x00007f4f2c00a000


---------------  P R O C E S S  ---------------

Java Threads: ( => current thread )
  0x00007f4f2c0ca800 JavaThread "Service Thread" daemon [_thread_blocked, id=9441, stack(0x00007f4f15832000,0x00007f4f15933000)]
  0x00007f4f2c0bd000 JavaThread "C1 CompilerThread2" daemon [_thread_blocked, id=9435, stack(0x00007f4f15933000,0x00007f4f15a34000)]
  0x00007f4f2c0bb800 JavaThread "C2 CompilerThread1" daemon [_thread_blocked, id=9432, stack(0x00007f4f15a34000,0x00007f4f15b35000)]
  0x00007f4f2c0b8800 JavaThread "C2 CompilerThread0" daemon [_thread_blocked, id=9429, stack(0x00007f4f15b35000,0x00007f4f15c36000)]
  0x00007f4f2c0b7000 JavaThread "Signal Dispatcher" daemon [_thread_blocked, id=9428, stack(0x00007f4f15c36000,0x00007f4f15d37000)]
  0x00007f4f2c07f000 JavaThread "Finalizer" daemon [_thread_blocked, id=9419, stack(0x00007f4f1c0af000,0x00007f4f1c1b0000)]
  0x00007f4f2c07c800 JavaThread "Reference Handler" daemon [_thread_blocked, id=9416, stack(0x00007f4f1c1b0000,0x00007f4f1c2b1000)]
  0x00007f4f2c00a000 JavaThread "main" [_thread_blocked, id=9395, stack(0x00007f4f3494c000,0x00007f4f34a4d000)]

Other Threads:
=>0x00007f4f2c077800 VMThread [stack: 0x00007f4f1c2b1000,0x00007f4f1c3b2000] [id=9412]
  0x00007f4f2c0cd000 WatcherThread [stack: 0x00007f4f15731000,0x00007f4f15832000] [id=9446]

VM state:at safepoint (normal execution)

VM Mutex/Monitor currently owned by a thread:  ([mutex/lock_event])
[0x00007f4f2c006350] Threads_lock - owner thread: 0x00007f4f2c077800
[0x00007f4f2c006850] Heap_lock - owner thread: 0x00007f4f2c00a000

Heap:
 PSYoungGen      total 34304K, used 2560K [0x00000000eab00000, 0x00000000ecf00000, 0x0000000100000000)
  eden space 31744K, 0% used [0x00000000eab00000,0x00000000eab00000,0x00000000eca00000)
  from space 2560K, 100% used [0x00000000eca00000,0x00000000ecc80000,0x00000000ecc80000)
  to   space 2560K, 0% used [0x00000000ecc80000,0x00000000ecc80000,0x00000000ecf00000)
 ParOldGen       total 42496K, used 12614K [0x00000000c0000000, 0x00000000c2980000, 0x00000000eab00000)
  object space 42496K, 29% used [0x00000000c0000000,0x00000000c0c51b50,0x00000000c2980000)
 Metaspace       used 5845K, capacity 7088K, committed 7296K, reserved 1056768K
  class space    used 546K, capacity 616K, committed 640K, reserved 1048576K

Card table byte_map: [0x00007f4f31529000,0x00007f4f3172a000] byte_map_base: 0x00007f4f30f29000

Marking Bits: (ParMarkBitMap*) 0x00007f4f33e27760
 Begin Bits: [0x00007f4f16000000, 0x00007f4f17000000)
 End Bits:   [0x00007f4f17000000, 0x00007f4f18000000)

Polling page: 0x00007f4f34a6e000

CodeCache: size=245760Kb used=6447Kb max_used=6459Kb free=239312Kb
 bounds [0x00007f4f1d000000, 0x00007f4f1d660000, 0x00007f4f2c000000]
 total_blobs=1861 nmethods=1598 adapters=178
 compilation: enabled

Compilation events (10 events):
Event: 4.295 Thread 0x00007f4f2c0b8800 nmethod 1583 0x00007f4f1d64d1d0 code [0x00007f4f1d64d5e0, 0x00007f4f1d64fca0]
Event: 4.295 Thread 0x00007f4f2c0bd000 1631       1       java.util.HashMap$Node::getKey (5 bytes)
Event: 4.296 Thread 0x00007f4f2c0b8800 1615       4       com.android.dx.ssa.SCCP::simulatePhi (169 bytes)
Event: 4.296 Thread 0x00007f4f2c0bd000 nmethod 1631 0x00007f4f1d64cf10 code [0x00007f4f1d64d060, 0x00007f4f1d64d170]
Event: 4.364 Thread 0x00007f4f2c0bd000 1633       2       com.android.dx.cf.attrib.InnerClassList::set (19 bytes)
Event: 4.364 Thread 0x00007f4f2c0bd000 nmethod 1633 0x00007f4f1d64c250 code [0x00007f4f1d64c420, 0x00007f4f1d64c938]
Event: 4.364 Thread 0x00007f4f2c0bd000 1634       2       com.android.dx.cf.attrib.InnerClassList::get (9 bytes)
Event: 4.364 Thread 0x00007f4f2c0bd000 nmethod 1634 0x00007f4f1d64be90 code [0x00007f4f1d64c000, 0x00007f4f1d64c1a8]
Event: 4.365 Thread 0x00007f4f2c0bd000 1635       2       com.android.dx.dex.file.AnnotationSetItem::<init> (83 bytes)
Event: 4.365 Thread 0x00007f4f2c0bd000 nmethod 1635 0x00007f4f1d64add0 code [0x00007f4f1d64afc0, 0x00007f4f1d64b7c8]

GC Heap History (9 events):
Event: 1.591 GC heap before
{Heap before GC invocations=1 (full 0):
 PSYoungGen      total 18432K, used 15872K [0x00000000eab00000, 0x00000000ebf80000, 0x0000000100000000)
  eden space 15872K, 100% used [0x00000000eab00000,0x00000000eba80000,0x00000000eba80000)
  from space 2560K, 0% used [0x00000000ebd00000,0x00000000ebd00000,0x00000000ebf80000)
  to   space 2560K, 0% used [0x00000000eba80000,0x00000000eba80000,0x00000000ebd00000)
 ParOldGen       total 42496K, used 0K [0x00000000c0000000, 0x00000000c2980000, 0x00000000eab00000)
  object space 42496K, 0% used [0x00000000c0000000,0x00000000c0000000,0x00000000c2980000)
 Metaspace       used 5442K, capacity 6704K, committed 6784K, reserved 1056768K
  class space    used 544K, capacity 616K, committed 640K, reserved 1048576K
Event: 1.605 GC heap after
Heap after GC invocations=1 (full 0):
 PSYoungGen      total 18432K, used 2540K [0x00000000eab00000, 0x00000000ebf80000, 0x0000000100000000)
  eden space 15872K, 0% used [0x00000000eab00000,0x00000000eab00000,0x00000000eba80000)
  from space 2560K, 99% used [0x00000000eba80000,0x00000000ebcfb140,0x00000000ebd00000)
  to   space 2560K, 0% used [0x00000000ebd00000,0x00000000ebd00000,0x00000000ebf80000)
 ParOldGen       total 42496K, used 1441K [0x00000000c0000000, 0x00000000c2980000, 0x00000000eab00000)
  object space 42496K, 3% used [0x00000000c0000000,0x00000000c0168660,0x00000000c2980000)
 Metaspace       used 5442K, capacity 6704K, committed 6784K, reserved 1056768K
  class space    used 544K, capacity 616K, committed 640K, reserved 1048576K
}
Event: 2.540 GC heap before
{Heap before GC invocations=2 (full 0):
 PSYoungGen      total 18432K, used 18412K [0x00000000eab00000, 0x00000000ebf80000, 0x0000000100000000)
  eden space 15872K, 100% used [0x00000000eab00000,0x00000000eba80000,0x00000000eba80000)
  from space 2560K, 99% used [0x00000000eba80000,0x00000000ebcfb140,0x00000000ebd00000)
  to   space 2560K, 0% used [0x00000000ebd00000,0x00000000ebd00000,0x00000000ebf80000)
 ParOldGen       total 42496K, used 1441K [0x00000000c0000000, 0x00000000c2980000, 0x00000000eab00000)
  object space 42496K, 3% used [0x00000000c0000000,0x00000000c0168660,0x00000000c2980000)
 Metaspace       used 5689K, capacity 6960K, committed 7040K, reserved 1056768K
  class space    used 544K, capacity 616K, committed 640K, reserved 1048576K
Event: 2.553 GC heap after
Heap after GC invocations=2 (full 0):
 PSYoungGen      total 18432K, used 2554K [0x00000000eab00000, 0x00000000ecf00000, 0x0000000100000000)
  eden space 15872K, 0% used [0x00000000eab00000,0x00000000eab00000,0x00000000eba80000)
  from space 2560K, 99% used [0x00000000ebd00000,0x00000000ebf7ea98,0x00000000ebf80000)
  to   space 2560K, 0% used [0x00000000eba80000,0x00000000eba80000,0x00000000ebd00000)
 ParOldGen       total 42496K, used 3499K [0x00000000c0000000, 0x00000000c2980000, 0x00000000eab00000)
  object space 42496K, 8% used [0x00000000c0000000,0x00000000c036af88,0x00000000c2980000)
 Metaspace       used 5689K, capacity 6960K, committed 7040K, reserved 1056768K
  class space    used 544K, capacity 616K, committed 640K, reserved 1048576K
}
Event: 3.204 GC heap before
{Heap before GC invocations=3 (full 0):
 PSYoungGen      total 18432K, used 18426K [0x00000000eab00000, 0x00000000ecf00000, 0x0000000100000000)
  eden space 15872K, 100% used [0x00000000eab00000,0x00000000eba80000,0x00000000eba80000)
  from space 2560K, 99% used [0x00000000ebd00000,0x00000000ebf7ea98,0x00000000ebf80000)
  to   space 2560K, 0% used [0x00000000eba80000,0x00000000eba80000,0x00000000ebd00000)
 ParOldGen       total 42496K, used 3499K [0x00000000c0000000, 0x00000000c2980000, 0x00000000eab00000)
  object space 42496K, 8% used [0x00000000c0000000,0x00000000c036af88,0x00000000c2980000)
 Metaspace       used 5777K, capacity 7024K, committed 7296K, reserved 1056768K
  class space    used 545K, capacity 616K, committed 640K, reserved 1048576K
Event: 3.217 GC heap after
Heap after GC invocations=3 (full 0):
 PSYoungGen      total 18432K, used 2533K [0x00000000eab00000, 0x00000000ecf00000, 0x0000000100000000)
  eden space 15872K, 0% used [0x00000000eab00000,0x00000000eab00000,0x00000000eba80000)
  from space 2560K, 98% used [0x00000000eba80000,0x00000000ebcf94d8,0x00000000ebd00000)
  to   space 2560K, 0% used [0x00000000ecc80000,0x00000000ecc80000,0x00000000ecf00000)
 ParOldGen       total 42496K, used 5839K [0x00000000c0000000, 0x00000000c2980000, 0x00000000eab00000)
  object space 42496K, 13% used [0x00000000c0000000,0x00000000c05b3ea8,0x00000000c2980000)
 Metaspace       used 5777K, capacity 7024K, committed 7296K, reserved 1056768K
  class space    used 545K, capacity 616K, committed 640K, reserved 1048576K
}
Event: 3.714 GC heap before
{Heap before GC invocations=4 (full 0):
 PSYoungGen      total 18432K, used 18405K [0x00000000eab00000, 0x00000000ecf00000, 0x0000000100000000)
  eden space 15872K, 100% used [0x00000000eab00000,0x00000000eba80000,0x00000000eba80000)
  from space 2560K, 98% used [0x00000000eba80000,0x00000000ebcf94d8,0x00000000ebd00000)
  to   space 2560K, 0% used [0x00000000ecc80000,0x00000000ecc80000,0x00000000ecf00000)
 ParOldGen       total 42496K, used 5839K [0x00000000c0000000, 0x00000000c2980000, 0x00000000eab00000)
  object space 42496K, 13% used [0x00000000c0000000,0x00000000c05b3ea8,0x00000000c2980000)
 Metaspace       used 5806K, capacity 7024K, committed 7296K, reserved 1056768K
  class space    used 546K, capacity 616K, committed 640K, reserved 1048576K
Event: 3.776 GC heap after
Heap after GC invocations=4 (full 0):
 PSYoungGen      total 34304K, used 2560K [0x00000000eab00000, 0x00000000ecf00000, 0x0000000100000000)
  eden space 31744K, 0% used [0x00000000eab00000,0x00000000eab00000,0x00000000eca00000)
  from space 2560K, 100% used [0x00000000ecc80000,0x00000000ecf00000,0x00000000ecf00000)
  to   space 2560K, 0% used [0x00000000eca00000,0x00000000eca00000,0x00000000ecc80000)
 ParOldGen       total 42496K, used 8120K [0x00000000c0000000, 0x00000000c2980000, 0x00000000eab00000)
  object space 42496K, 19% used [0x00000000c0000000,0x00000000c07ee1c0,0x00000000c2980000)
 Metaspace       used 5806K, capacity 7024K, committed 7296K, reserved 1056768K
  class space    used 546K, capacity 616K, committed 640K, reserved 1048576K
}
Event: 4.384 GC heap before
{Heap before GC invocations=5 (full 0):
 PSYoungGen      total 34304K, used 34304K [0x00000000eab00000, 0x00000000ecf00000, 0x0000000100000000)
  eden space 31744K, 100% used [0x00000000eab00000,0x00000000eca00000,0x00000000eca00000)
  from space 2560K, 100% used [0x00000000ecc80000,0x00000000ecf00000,0x00000000ecf00000)
  to   space 2560K, 0% used [0x00000000eca00000,0x00000000eca00000,0x00000000ecc80000)
 ParOldGen       total 42496K, used 8120K [0x00000000c0000000, 0x00000000c2980000, 0x00000000eab00000)
  object space 42496K, 19% used [0x00000000c0000000,0x00000000c07ee1c0,0x00000000c2980000)
 Metaspace       used 5845K, capacity 7088K, committed 7296K, reserved 1056768K
  class space    used 546K, capacity 616K, committed 640K, reserved 1048576K

Deoptimization events (10 events):
Event: 3.499 Thread 0x00007f4f2c00a000 Uncommon trap: reason=class_check action=maybe_recompile pc=0x00007f4f1d4b5d80 method=com.android.dx.ssa.NormalSsaInsn.accept(Lcom/android/dx/ssa/SsaInsn$Visitor;)V @ 9
Event: 3.499 Thread 0x00007f4f2c00a000 Uncommon trap: reason=class_check action=maybe_recompile pc=0x00007f4f1d4b5d80 method=com.android.dx.ssa.NormalSsaInsn.accept(Lcom/android/dx/ssa/SsaInsn$Visitor;)V @ 9
Event: 3.906 Thread 0x00007f4f2c00a000 Uncommon trap: reason=bimorphic action=maybe_recompile pc=0x00007f4f1d6181a0 method=com.android.dx.ssa.LiteralOpUpgrader.tryReplacingWithConstant(Lcom/android/dx/ssa/NormalSsaInsn;)Z @ 62
Event: 3.906 Thread 0x00007f4f2c00a000 Uncommon trap: reason=unstable_if action=reinterpret pc=0x00007f4f1d382dfc method=com.android.dx.ssa.SsaMethod.updateOneDefinition(Lcom/android/dx/ssa/SsaInsn;Lcom/android/dx/rop/code/RegisterSpec;)V @ 4
Event: 3.955 Thread 0x00007f4f2c00a000 Uncommon trap: reason=bimorphic action=maybe_recompile pc=0x00007f4f1d635a68 method=com.android.dx.ssa.SCCP.simulatePhi(Lcom/android/dx/ssa/PhiInsn;)V @ 124
Event: 3.967 Thread 0x00007f4f2c00a000 Uncommon trap: reason=bimorphic action=maybe_recompile pc=0x00007f4f1d635a68 method=com.android.dx.ssa.SCCP.simulatePhi(Lcom/android/dx/ssa/PhiInsn;)V @ 124
Event: 3.994 Thread 0x00007f4f2c00a000 Uncommon trap: reason=bimorphic action=maybe_recompile pc=0x00007f4f1d635a68 method=com.android.dx.ssa.SCCP.simulatePhi(Lcom/android/dx/ssa/PhiInsn;)V @ 124
Event: 3.994 Thread 0x00007f4f2c00a000 Uncommon trap: reason=bimorphic action=maybe_recompile pc=0x00007f4f1d635a68 method=com.android.dx.ssa.SCCP.simulatePhi(Lcom/android/dx/ssa/PhiInsn;)V @ 124
Event: 4.106 Thread 0x00007f4f2c00a000 Uncommon trap: reason=unstable_if action=reinterpret pc=0x00007f4f1d5d288c method=com.android.dx.ssa.SCCP.simulateBranch(Lcom/android/dx/ssa/SsaInsn;)V @ 64
Event: 4.106 Thread 0x00007f4f2c00a000 Uncommon trap: reason=unloaded action=reinterpret pc=0x00007f4f1d617514 method=com.android.dx.ssa.LiteralOpUpgrader$1.visitNonMoveInsn(Lcom/android/dx/ssa/NormalSsaInsn;)V @ 72

Internal exceptions (2 events):
Event: 0.100 Thread 0x00007f4f2c00a000 Exception <a 'java/lang/NoSuchMethodError': Method sun.misc.Unsafe.defineClass(Ljava/lang/String;[BII)Ljava/lang/Class; name or signature does not match> (0x00000000eab12a38) thrown at [/RE-WORK/workspace/8-2-build-linux-amd64/jdk8u45/3457/hotspot/src/sha
Event: 0.101 Thread 0x00007f4f2c00a000 Exception <a 'java/lang/NoSuchMethodError': Method sun.misc.Unsafe.prefetchRead(Ljava/lang/Object;J)V name or signature does not match> (0x00000000eab12cc8) thrown at [/RE-WORK/workspace/8-2-build-linux-amd64/jdk8u45/3457/hotspot/src/share/vm/prims/jni.cp

Events (10 events):
Event: 4.106 Thread 0x00007f4f2c00a000 DEOPT PACKING pc=0x00007f4f1d5d288c sp=0x00007f4f34a4aa40
Event: 4.106 Thread 0x00007f4f2c00a000 DEOPT UNPACKING pc=0x00007f4f1d005229 sp=0x00007f4f34a4aa10 mode 2
Event: 4.106 Thread 0x00007f4f2c00a000 Uncommon trap: trap_request=0x0000004e fr.pc=0x00007f4f1d617514
Event: 4.106 loading class com/android/dx/rop/code/RegOps
Event: 4.106 loading class com/android/dx/rop/code/RegOps done
Event: 4.109 Thread 0x00007f4f2c00a000 DEOPT PACKING pc=0x00007f4f1d617514 sp=0x00007f4f34a4aba0
Event: 4.109 Thread 0x00007f4f2c00a000 DEOPT UNPACKING pc=0x00007f4f1d005229 sp=0x00007f4f34a4ab98 mode 2
Event: 4.178 Executing VM operation: EnableBiasedLocking
Event: 4.201 Executing VM operation: EnableBiasedLocking done
Event: 4.384 Executing VM operation: ParallelGCFailedAllocation


Dynamic libraries:
00400000-00401000 r-xp 00000000 08:03 1572315                            /opt/java/jdk1.8.0_45/bin/java
00600000-00601000 rw-p 00000000 08:03 1572315                            /opt/java/jdk1.8.0_45/bin/java
016d4000-016f5000 rw-p 00000000 00:00 0                                  [heap]
c0000000-c2980000 rw-p 00000000 00:00 0 
c2980000-eab00000 ---p 00000000 00:00 0 
eab00000-ecf00000 rw-p 00000000 00:00 0 
ef700000-100000000 ---p 00000000 00:00 0 
100000000-1000a0000 rw-p 00000000 00:00 0 
1000a0000-140000000 ---p 00000000 00:00 0 
7f4ee0000000-7f4ee0021000 rw-p 00000000 00:00 0 
7f4ee0021000-7f4ee4000000 ---p 00000000 00:00 0 
7f4ee4000000-7f4ee4021000 rw-p 00000000 00:00 0 
7f4ee4021000-7f4ee8000000 ---p 00000000 00:00 0 
7f4ee8000000-7f4ee8776000 rw-p 00000000 00:00 0 
7f4ee8776000-7f4eec000000 ---p 00000000 00:00 0 
7f4eec000000-7f4eec8d8000 rw-p 00000000 00:00 0 
7f4eec8d8000-7f4ef0000000 ---p 00000000 00:00 0 
7f4ef0000000-7f4ef0021000 rw-p 00000000 00:00 0 
7f4ef0021000-7f4ef4000000 ---p 00000000 00:00 0 
7f4ef4000000-7f4ef4617000 rw-p 00000000 00:00 0 
7f4ef4617000-7f4ef8000000 ---p 00000000 00:00 0 
7f4ef8000000-7f4ef8021000 rw-p 00000000 00:00 0 
7f4ef8021000-7f4efc000000 ---p 00000000 00:00 0 
7f4efc000000-7f4efc021000 rw-p 00000000 00:00 0 
7f4efc021000-7f4f00000000 ---p 00000000 00:00 0 
7f4f00000000-7f4f00021000 rw-p 00000000 00:00 0 
7f4f00021000-7f4f04000000 ---p 00000000 00:00 0 
7f4f04000000-7f4f0428a000 rw-p 00000000 00:00 0 
7f4f0428a000-7f4f08000000 ---p 00000000 00:00 0 
7f4f08000000-7f4f08021000 rw-p 00000000 00:00 0 
7f4f08021000-7f4f0c000000 ---p 00000000 00:00 0 
7f4f10000000-7f4f10021000 rw-p 00000000 00:00 0 
7f4f10021000-7f4f14000000 ---p 00000000 00:00 0 
7f4f15731000-7f4f15732000 ---p 00000000 00:00 0 
7f4f15732000-7f4f15832000 rw-p 00000000 00:00 0                          [stack:9446]
7f4f15832000-7f4f15835000 ---p 00000000 00:00 0 
7f4f15835000-7f4f15933000 rw-p 00000000 00:00 0                          [stack:9441]
7f4f15933000-7f4f15936000 ---p 00000000 00:00 0 
7f4f15936000-7f4f15a34000 rw-p 00000000 00:00 0                          [stack:9435]
7f4f15a34000-7f4f15a37000 ---p 00000000 00:00 0 
7f4f15a37000-7f4f15b35000 rw-p 00000000 00:00 0                          [stack:9432]
7f4f15b35000-7f4f15b38000 ---p 00000000 00:00 0 
7f4f15b38000-7f4f15c36000 rw-p 00000000 00:00 0                          [stack:9429]
7f4f15c36000-7f4f15c39000 ---p 00000000 00:00 0 
7f4f15c39000-7f4f15d37000 rw-p 00000000 00:00 0                          [stack:9428]
7f4f15d37000-7f4f16000000 r--p 00000000 08:03 266989                     /usr/lib/locale/locale-archive
7f4f16000000-7f4f18000000 rw-p 00000000 00:00 0 
7f4f18000000-7f4f18021000 rw-p 00000000 00:00 0 
7f4f18021000-7f4f1c000000 ---p 00000000 00:00 0 
7f4f1c0af000-7f4f1c0b2000 ---p 00000000 00:00 0 
7f4f1c0b2000-7f4f1c1b0000 rw-p 00000000 00:00 0                          [stack:9419]
7f4f1c1b0000-7f4f1c1b3000 ---p 00000000 00:00 0 
7f4f1c1b3000-7f4f1c2b1000 rw-p 00000000 00:00 0                          [stack:9416]
7f4f1c2b1000-7f4f1c2b2000 ---p 00000000 00:00 0 
7f4f1c2b2000-7f4f1d000000 rw-p 00000000 00:00 0                          [stack:9412]
7f4f1d000000-7f4f1d660000 rwxp 00000000 00:00 0 
7f4f1d660000-7f4f2c000000 ---p 00000000 00:00 0 
7f4f2c000000-7f4f2c399000 rw-p 00000000 00:00 0 
7f4f2c399000-7f4f30000000 ---p 00000000 00:00 0 
7f4f30009000-7f4f3000a000 rw-p 00000000 00:00 0 
7f4f3000a000-7f4f3000b000 r--p 00000000 08:03 672594                     /usr/share/locale-langpack/en_GB/LC_MESSAGES/libc.mo
7f4f3000b000-7f4f3001a000 r--s 000dd000 00:19 9438599                    /home/mike/Android/Sdk/build-tools/22.0.1/lib/dx.jar
7f4f3001a000-7f4f30380000 rw-p 00000000 00:00 0 
7f4f30380000-7f4f30559000 r--s 03d09000 08:03 1573810                    /opt/java/jdk1.8.0_45/jre/lib/rt.jar
7f4f30559000-7f4f30c4f000 rw-p 00000000 00:00 0 
7f4f30c4f000-7f4f30dcf000 ---p 00000000 00:00 0 
7f4f30dcf000-7f4f30fcf000 rw-p 00000000 00:00 0 
7f4f30fcf000-7f4f30fd0000 ---p 00000000 00:00 0 
7f4f30fd0000-7f4f310d0000 rw-p 00000000 00:00 0                          [stack:9410]
7f4f310d0000-7f4f310d1000 ---p 00000000 00:00 0 
7f4f310d1000-7f4f311d1000 rw-p 00000000 00:00 0                          [stack:9408]
7f4f311d1000-7f4f311d2000 ---p 00000000 00:00 0 
7f4f311d2000-7f4f312d2000 rw-p 00000000 00:00 0                          [stack:9405]
7f4f312d2000-7f4f312d3000 ---p 00000000 00:00 0 
7f4f312d3000-7f4f313e8000 rw-p 00000000 00:00 0                          [stack:9398]
7f4f313e8000-7f4f31529000 ---p 00000000 00:00 0 
7f4f31529000-7f4f3153e000 rw-p 00000000 00:00 0 
7f4f3153e000-7f4f3167e000 ---p 00000000 00:00 0 
7f4f3167e000-7f4f31691000 rw-p 00000000 00:00 0 
7f4f31691000-7f4f31729000 ---p 00000000 00:00 0 
7f4f31729000-7f4f31744000 rw-p 00000000 00:00 0 
7f4f31744000-7f4f31aea000 ---p 00000000 00:00 0 
7f4f31aea000-7f4f31b04000 r-xp 00000000 08:03 1574049                    /opt/java/jdk1.8.0_45/jre/lib/amd64/libzip.so
7f4f31b04000-7f4f31d04000 ---p 0001a000 08:03 1574049                    /opt/java/jdk1.8.0_45/jre/lib/amd64/libzip.so
7f4f31d04000-7f4f31d05000 rw-p 0001a000 08:03 1574049                    /opt/java/jdk1.8.0_45/jre/lib/amd64/libzip.so
7f4f31d05000-7f4f31d10000 r-xp 00000000 08:03 131807                     /lib/x86_64-linux-gnu/libnss_files-2.19.so
7f4f31d10000-7f4f31f0f000 ---p 0000b000 08:03 131807                     /lib/x86_64-linux-gnu/libnss_files-2.19.so
7f4f31f0f000-7f4f31f10000 r--p 0000a000 08:03 131807                     /lib/x86_64-linux-gnu/libnss_files-2.19.so
7f4f31f10000-7f4f31f11000 rw-p 0000b000 08:03 131807                     /lib/x86_64-linux-gnu/libnss_files-2.19.so
7f4f31f11000-7f4f31f1c000 r-xp 00000000 08:03 131871                     /lib/x86_64-linux-gnu/libnss_nis-2.19.so
7f4f31f1c000-7f4f3211b000 ---p 0000b000 08:03 131871                     /lib/x86_64-linux-gnu/libnss_nis-2.19.so
7f4f3211b000-7f4f3211c000 r--p 0000a000 08:03 131871                     /lib/x86_64-linux-gnu/libnss_nis-2.19.so
7f4f3211c000-7f4f3211d000 rw-p 0000b000 08:03 131871                     /lib/x86_64-linux-gnu/libnss_nis-2.19.so
7f4f3211d000-7f4f32134000 r-xp 00000000 08:03 131829                     /lib/x86_64-linux-gnu/libnsl-2.19.so
7f4f32134000-7f4f32333000 ---p 00017000 08:03 131829                     /lib/x86_64-linux-gnu/libnsl-2.19.so
7f4f32333000-7f4f32334000 r--p 00016000 08:03 131829                     /lib/x86_64-linux-gnu/libnsl-2.19.so
7f4f32334000-7f4f32335000 rw-p 00017000 08:03 131829                     /lib/x86_64-linux-gnu/libnsl-2.19.so
7f4f32335000-7f4f32337000 rw-p 00000000 00:00 0 
7f4f32337000-7f4f32340000 r-xp 00000000 08:03 131828                     /lib/x86_64-linux-gnu/libnss_compat-2.19.so
7f4f32340000-7f4f3253f000 ---p 00009000 08:03 131828                     /lib/x86_64-linux-gnu/libnss_compat-2.19.so
7f4f3253f000-7f4f32540000 r--p 00008000 08:03 131828                     /lib/x86_64-linux-gnu/libnss_compat-2.19.so
7f4f32540000-7f4f32541000 rw-p 00009000 08:03 131828                     /lib/x86_64-linux-gnu/libnss_compat-2.19.so
7f4f32541000-7f4f3256b000 r-xp 00000000 08:03 1574040                    /opt/java/jdk1.8.0_45/jre/lib/amd64/libjava.so
7f4f3256b000-7f4f3276b000 ---p 0002a000 08:03 1574040                    /opt/java/jdk1.8.0_45/jre/lib/amd64/libjava.so
7f4f3276b000-7f4f3276d000 rw-p 0002a000 08:03 1574040                    /opt/java/jdk1.8.0_45/jre/lib/amd64/libjava.so
7f4f3276d000-7f4f3277a000 r-xp 00000000 08:03 1574047                    /opt/java/jdk1.8.0_45/jre/lib/amd64/libverify.so
7f4f3277a000-7f4f3297a000 ---p 0000d000 08:03 1574047                    /opt/java/jdk1.8.0_45/jre/lib/amd64/libverify.so
7f4f3297a000-7f4f3297c000 rw-p 0000d000 08:03 1574047                    /opt/java/jdk1.8.0_45/jre/lib/amd64/libverify.so
7f4f3297c000-7f4f32983000 r-xp 00000000 08:03 131868                     /lib/x86_64-linux-gnu/librt-2.19.so
7f4f32983000-7f4f32b82000 ---p 00007000 08:03 131868                     /lib/x86_64-linux-gnu/librt-2.19.so
7f4f32b82000-7f4f32b83000 r--p 00006000 08:03 131868                     /lib/x86_64-linux-gnu/librt-2.19.so
7f4f32b83000-7f4f32b84000 rw-p 00007000 08:03 131868                     /lib/x86_64-linux-gnu/librt-2.19.so
7f4f32b84000-7f4f32c89000 r-xp 00000000 08:03 131806                     /lib/x86_64-linux-gnu/libm-2.19.so
7f4f32c89000-7f4f32e88000 ---p 00105000 08:03 131806                     /lib/x86_64-linux-gnu/libm-2.19.so
7f4f32e88000-7f4f32e89000 r--p 00104000 08:03 131806                     /lib/x86_64-linux-gnu/libm-2.19.so
7f4f32e89000-7f4f32e8a000 rw-p 00105000 08:03 131806                     /lib/x86_64-linux-gnu/libm-2.19.so
7f4f32e8a000-7f4f33b38000 r-xp 00000000 08:03 1574060                    /opt/java/jdk1.8.0_45/jre/lib/amd64/server/libjvm.so
7f4f33b38000-7f4f33d37000 ---p 00cae000 08:03 1574060                    /opt/java/jdk1.8.0_45/jre/lib/amd64/server/libjvm.so
7f4f33d37000-7f4f33e0e000 rw-p 00cad000 08:03 1574060                    /opt/java/jdk1.8.0_45/jre/lib/amd64/server/libjvm.so
7f4f33e0e000-7f4f33e52000 rw-p 00000000 00:00 0 
7f4f33e52000-7f4f3400d000 r-xp 00000000 08:03 131857                     /lib/x86_64-linux-gnu/libc-2.19.so
7f4f3400d000-7f4f3420c000 ---p 001bb000 08:03 131857                     /lib/x86_64-linux-gnu/libc-2.19.so
7f4f3420c000-7f4f34210000 r--p 001ba000 08:03 131857                     /lib/x86_64-linux-gnu/libc-2.19.so
7f4f34210000-7f4f34212000 rw-p 001be000 08:03 131857                     /lib/x86_64-linux-gnu/libc-2.19.so
7f4f34212000-7f4f34217000 rw-p 00000000 00:00 0 
7f4f34217000-7f4f3421a000 r-xp 00000000 08:03 131810                     /lib/x86_64-linux-gnu/libdl-2.19.so
7f4f3421a000-7f4f34419000 ---p 00003000 08:03 131810                     /lib/x86_64-linux-gnu/libdl-2.19.so
7f4f34419000-7f4f3441a000 r--p 00002000 08:03 131810                     /lib/x86_64-linux-gnu/libdl-2.19.so
7f4f3441a000-7f4f3441b000 rw-p 00003000 08:03 131810                     /lib/x86_64-linux-gnu/libdl-2.19.so
7f4f3441b000-7f4f34430000 r-xp 00000000 08:03 1573749                    /opt/java/jdk1.8.0_45/lib/amd64/jli/libjli.so
7f4f34430000-7f4f34630000 ---p 00015000 08:03 1573749                    /opt/java/jdk1.8.0_45/lib/amd64/jli/libjli.so
7f4f34630000-7f4f34631000 rw-p 00015000 08:03 1573749                    /opt/java/jdk1.8.0_45/lib/amd64/jli/libjli.so
7f4f34631000-7f4f3464a000 r-xp 00000000 08:03 131858                     /lib/x86_64-linux-gnu/libpthread-2.19.so
7f4f3464a000-7f4f34849000 ---p 00019000 08:03 131858                     /lib/x86_64-linux-gnu/libpthread-2.19.so
7f4f34849000-7f4f3484a000 r--p 00018000 08:03 131858                     /lib/x86_64-linux-gnu/libpthread-2.19.so
7f4f3484a000-7f4f3484b000 rw-p 00019000 08:03 131858                     /lib/x86_64-linux-gnu/libpthread-2.19.so
7f4f3484b000-7f4f3484f000 rw-p 00000000 00:00 0 
7f4f3484f000-7f4f34872000 r-xp 00000000 08:03 131833                     /lib/x86_64-linux-gnu/ld-2.19.so
7f4f34872000-7f4f3487a000 r--s 0003d000 00:19 11273419                   /home/mike/AndroidStudioProjects/Wordist/app/build/intermediates/exploded-aar/com.google.android.gms/play-services-maps/7.5.0/jars/classes.jar
7f4f3487a000-7f4f3494c000 rw-p 00000000 00:00 0 
7f4f3494c000-7f4f3494f000 ---p 00000000 00:00 0 
7f4f3494f000-7f4f34a65000 rw-p 00000000 00:00 0                          [stack:9395]
7f4f34a65000-7f4f34a6d000 rw-s 00000000 08:03 1574137                    /tmp/hsperfdata_mike/9372
7f4f34a6d000-7f4f34a6e000 rw-p 00000000 00:00 0 
7f4f34a6e000-7f4f34a6f000 ---p 00000000 00:00 0 
7f4f34a6f000-7f4f34a71000 rw-p 00000000 00:00 0 
7f4f34a71000-7f4f34a72000 r--p 00022000 08:03 131833                     /lib/x86_64-linux-gnu/ld-2.19.so
7f4f34a72000-7f4f34a73000 rw-p 00023000 08:03 131833                     /lib/x86_64-linux-gnu/ld-2.19.so
7f4f34a73000-7f4f34a74000 rw-p 00000000 00:00 0 
7fff7a391000-7fff7a3b2000 rw-p 00000000 00:00 0                          [stack]
7fff7a3fe000-7fff7a400000 r-xp 00000000 00:00 0                          [vdso]
ffffffffff600000-ffffffffff601000 r-xp 00000000 00:00 0                  [vsyscall]

VM Arguments:
jvm_args: -Xmx1024M -Dfile.encoding=UTF-8 -Duser.country=GB -Duser.language=en -Duser.variant 
java_command: com.android.dx.command.Main --dex --output /home/mike/AndroidStudioProjects/Wordist/app/build/intermediates/pre-dexed/debug/classes-58b29387257cd5a83056a0617fb8c89094f81493.jar /home/mike/AndroidStudioProjects/Wordist/app/build/intermediates/exploded-aar/com.google.android.gms/play-services-maps/7.5.0/jars/classes.jar
java_class_path (initial): /home/mike/Android/Sdk/build-tools/22.0.1/lib/dx.jar
Launcher Type: SUN_STANDARD

Environment Variables:
PATH=/usr/local/sbin:/usr/local/bin:/usr/sbin:/usr/bin:/sbin:/bin:/usr/games:/usr/local/games
USERNAME=mike
LD_LIBRARY_PATH=/opt/android-studio/bin:
SHELL=/bin/bash
DISPLAY=:0

Signal Handlers:
SIGSEGV: [libjvm.so+0xaad1e0], sa_mask[0]=11111111011111111101111111111110, sa_flags=SA_RESTART|SA_SIGINFO
SIGBUS: [libjvm.so+0xaad1e0], sa_mask[0]=11111111011111111101111111111110, sa_flags=SA_RESTART|SA_SIGINFO
SIGFPE: [libjvm.so+0x90b450], sa_mask[0]=11111111011111111101111111111110, sa_flags=SA_RESTART|SA_SIGINFO
SIGPIPE: [libjvm.so+0x90b450], sa_mask[0]=11111111011111111101111111111110, sa_flags=SA_RESTART|SA_SIGINFO
SIGXFSZ: [libjvm.so+0x90b450], sa_mask[0]=11111111011111111101111111111110, sa_flags=SA_RESTART|SA_SIGINFO
SIGILL: [libjvm.so+0x90b450], sa_mask[0]=11111111011111111101111111111110, sa_flags=SA_RESTART|SA_SIGINFO
SIGUSR1: SIG_DFL, sa_mask[0]=00000000000000000000000000000000, sa_flags=none
SIGUSR2: [libjvm.so+0x90ca90], sa_mask[0]=00100000000000000000000000000000, sa_flags=SA_RESTART|SA_SIGINFO
SIGHUP: [libjvm.so+0x90dde0], sa_mask[0]=11111111011111111101111111111110, sa_flags=SA_RESTART|SA_SIGINFO
SIGINT: [libjvm.so+0x90dde0], sa_mask[0]=11111111011111111101111111111110, sa_flags=SA_RESTART|SA_SIGINFO
SIGTERM: [libjvm.so+0x90dde0], sa_mask[0]=11111111011111111101111111111110, sa_flags=SA_RESTART|SA_SIGINFO
SIGQUIT: [libjvm.so+0x90dde0], sa_mask[0]=11111111011111111101111111111110, sa_flags=SA_RESTART|SA_SIGINFO


---------------  S Y S T E M  ---------------

OS:DISTRIB_ID=LinuxMint
DISTRIB_RELEASE=17.1
DISTRIB_CODENAME=rebecca
DISTRIB_DESCRIPTION="Linux Mint 17.1 Rebecca"

uname:Linux 3.13.0-37-generic #64-Ubuntu SMP Mon Sep 22 21:28:38 UTC 2014 x86_64
libc:glibc 2.19 NPTL 2.19 
rlimit: STACK 8192k, CORE 0k, NPROC 30866, NOFILE 4096, AS infinity
load average:1.92 0.87 0.70

/proc/meminfo:
MemTotal:        4048044 kB
MemFree:           93812 kB
Buffers:             536 kB
Cached:            56468 kB
SwapCached:            0 kB
Active:          3716052 kB
Inactive:          53828 kB
Active(anon):    3714880 kB
Inactive(anon):    32036 kB
Active(file):       1172 kB
Inactive(file):    21792 kB
Unevictable:         136 kB
Mlocked:             136 kB
SwapTotal:             0 kB
SwapFree:              0 kB
Dirty:                60 kB
Writeback:             0 kB
AnonPages:       3713944 kB
Mapped:            37668 kB
Shmem:             33128 kB
Slab:              58468 kB
SReclaimable:      20608 kB
SUnreclaim:        37860 kB
KernelStack:        4560 kB
PageTables:        26900 kB
NFS_Unstable:          0 kB
Bounce:                0 kB
WritebackTmp:          0 kB
CommitLimit:     2024020 kB
Committed_AS:    5577116 kB
VmallocTotal:   34359738367 kB
VmallocUsed:      310676 kB
VmallocChunk:   34359413752 kB
HardwareCorrupted:     0 kB
AnonHugePages:   2467840 kB
HugePages_Total:       0
HugePages_Free:        0
HugePages_Rsvd:        0
HugePages_Surp:        0
Hugepagesize:       2048 kB
DirectMap4k:       93760 kB
DirectMap2M:     4100096 kB
DirectMap1G:           0 kB


CPU:total 4 (4 cores per cpu, 1 threads per core) family 16 model 4 stepping 2, cmov, cx8, fxsr, mmx, sse, sse2, sse3, popcnt, mmxext, 3dnowpref, lzcnt, sse4a, tsc, tscinvbit, tscinv

/proc/cpuinfo:
processor	: 0
vendor_id	: AuthenticAMD
cpu family	: 16
model		: 4
model name	: AMD Phenom(tm) II X4 955 Processor
stepping	: 2
microcode	: 0x1000086
cpu MHz		: 3200.000
cache size	: 512 KB
physical id	: 0
siblings	: 4
core id		: 0
cpu cores	: 4
apicid		: 0
initial apicid	: 0
fpu		: yes
fpu_exception	: yes
cpuid level	: 5
wp		: yes
flags		: fpu vme de pse tsc msr pae mce cx8 apic sep mtrr pge mca cmov pat pse36 clflush mmx fxsr sse sse2 ht syscall nx mmxext fxsr_opt pdpe1gb rdtscp lm 3dnowext 3dnow constant_tsc rep_good nopl nonstop_tsc extd_apicid pni monitor cx16 popcnt lahf_lm cmp_legacy svm extapic cr8_legacy abm sse4a misalignsse 3dnowprefetch osvw ibs skinit wdt hw_pstate npt lbrv svm_lock nrip_save
bogomips	: 6399.96
TLB size	: 1024 4K pages
clflush size	: 64
cache_alignment	: 64
address sizes	: 48 bits physical, 48 bits virtual
power management: ts ttp tm stc 100mhzsteps hwpstate

processor	: 1
vendor_id	: AuthenticAMD
cpu family	: 16
model		: 4
model name	: AMD Phenom(tm) II X4 955 Processor
stepping	: 2
microcode	: 0x1000086
cpu MHz		: 3200.000
cache size	: 512 KB
physical id	: 0
siblings	: 4
core id		: 1
cpu cores	: 4
apicid		: 1
initial apicid	: 1
fpu		: yes
fpu_exception	: yes
cpuid level	: 5
wp		: yes
flags		: fpu vme de pse tsc msr pae mce cx8 apic sep mtrr pge mca cmov pat pse36 clflush mmx fxsr sse sse2 ht syscall nx mmxext fxsr_opt pdpe1gb rdtscp lm 3dnowext 3dnow constant_tsc rep_good nopl nonstop_tsc extd_apicid pni monitor cx16 popcnt lahf_lm cmp_legacy svm extapic cr8_legacy abm sse4a misalignsse 3dnowprefetch osvw ibs skinit wdt hw_pstate npt lbrv svm_lock nrip_save
bogomips	: 6399.96
TLB size	: 1024 4K pages
clflush size	: 64
cache_alignment	: 64
address sizes	: 48 bits physical, 48 bits virtual
power management: ts ttp tm stc 100mhzsteps hwpstate

processor	: 2
vendor_id	: AuthenticAMD
cpu family	: 16
model		: 4
model name	: AMD Phenom(tm) II X4 955 Processor
stepping	: 2
microcode	: 0x1000086
cpu MHz		: 3200.000
cache size	: 512 KB
physical id	: 0
siblings	: 4
core id		: 2
cpu cores	: 4
apicid		: 2
initial apicid	: 2
fpu		: yes
fpu_exception	: yes
cpuid level	: 5
wp		: yes
flags		: fpu vme de pse tsc msr pae mce cx8 apic sep mtrr pge mca cmov pat pse36 clflush mmx fxsr sse sse2 ht syscall nx mmxext fxsr_opt pdpe1gb rdtscp lm 3dnowext 3dnow constant_tsc rep_good nopl nonstop_tsc extd_apicid pni monitor cx16 popcnt lahf_lm cmp_legacy svm extapic cr8_legacy abm sse4a misalignsse 3dnowprefetch osvw ibs skinit wdt hw_pstate npt lbrv svm_lock nrip_save
bogomips	: 6399.96
TLB size	: 1024 4K pages
clflush size	: 64
cache_alignment	: 64
address sizes	: 48 bits physical, 48 bits virtual
power management: ts ttp tm stc 100mhzsteps hwpstate

processor	: 3
vendor_id	: AuthenticAMD
cpu family	: 16
model		: 4
model name	: AMD Phenom(tm) II X4 955 Processor
stepping	: 2
microcode	: 0x1000086
cpu MHz		: 3200.000
cache size	: 512 KB
physical id	: 0
siblings	: 4
core id		: 3
cpu cores	: 4
apicid		: 3
initial apicid	: 3
fpu		: yes
fpu_exception	: yes
cpuid level	: 5
wp		: yes
flags		: fpu vme de pse tsc msr pae mce cx8 apic sep mtrr pge mca cmov pat pse36 clflush mmx fxsr sse sse2 ht syscall nx mmxext fxsr_opt pdpe1gb rdtscp lm 3dnowext 3dnow constant_tsc rep_good nopl nonstop_tsc extd_apicid pni monitor cx16 popcnt lahf_lm cmp_legacy svm extapic cr8_legacy abm sse4a misalignsse 3dnowprefetch osvw ibs skinit wdt hw_pstate npt lbrv svm_lock nrip_save
bogomips	: 6399.96
TLB size	: 1024 4K pages
clflush size	: 64
cache_alignment	: 64
address sizes	: 48 bits physical, 48 bits virtual
power management: ts ttp tm stc 100mhzsteps hwpstate



Memory: 4k page, physical 4048044k(107356k free), swap 0k(0k free)

vm_info: Java HotSpot(TM) 64-Bit Server VM (25.45-b02) for linux-amd64 JRE (1.8.0_45-b14), built on Apr 10 2015 10:07:45 by "java_re" with gcc 4.3.0 20080428 (Red Hat 4.3.0-8)

time: Mon Jun 22 19:52:33 2015
elapsed time: 4 seconds (0d 0h 0m 4s)

