#
# There is insufficient memory for the Java Runtime Environment to continue.
# Native memory allocation (mmap) failed to map 41943040 bytes for committing reserved memory.
# Possible reasons:
#   The system is out of physical RAM or swap space
#   In 32 bit mode, the process size limit was hit
# Possible solutions:
#   Reduce memory load on the system
#   Increase physical memory or swap space
#   Check if swap backing store is full
#   Use 64 bit Java on a 64 bit OS
#   Decrease Java heap size (-Xmx/-Xms)
#   Decrease number of Java threads
#   Decrease Java thread stack sizes (-Xss)
#   Set larger code cache with -XX:ReservedCodeCacheSize=
# This output file may be truncated or incomplete.
#
#  Out of Memory Error (os_linux.cpp:2673), pid=14173, tid=139912868251392
#
# JRE version: Java(TM) SE Runtime Environment (8.0_45-b14) (build 1.8.0_45-b14)
# Java VM: Java HotSpot(TM) 64-Bit Server VM (25.45-b02 mixed mode linux-amd64 compressed oops)
# Failed to write core dump. Core dumps have been disabled. To enable core dumping, try "ulimit -c unlimited" before starting Java again
#

---------------  T H R E A D  ---------------

Current thread (0x00007f4010077800):  VMThread [stack: 0x00007f4000bfc000,0x00007f4000cfd000] [id=14197]

Stack: [0x00007f4000bfc000,0x00007f4000cfd000],  sp=0x00007f4000cfb260,  free space=1020k
Native frames: (J=compiled Java code, j=interpreted, Vv=VM code, C=native code)
V  [libjvm.so+0xaac99a]  VMError::report_and_die()+0x2ba
V  [libjvm.so+0x4f333b]  report_vm_out_of_memory(char const*, int, unsigned long, VMErrorType, char const*)+0x8b
V  [libjvm.so+0x90e7c3]  os::Linux::commit_memory_impl(char*, unsigned long, bool)+0x103
V  [libjvm.so+0x90ed19]  os::pd_commit_memory(char*, unsigned long, unsigned long, bool)+0x29
V  [libjvm.so+0x90867a]  os::commit_memory(char*, unsigned long, unsigned long, bool)+0x2a
V  [libjvm.so+0x97bac3]  PSVirtualSpace::expand_by(unsigned long)+0x53
V  [libjvm.so+0x97cec8]  PSYoungGen::resize_generation(unsigned long, unsigned long)+0xf8
V  [libjvm.so+0x97c022]  PSYoungGen::resize(unsigned long, unsigned long)+0x22
V  [libjvm.so+0x9792fb]  PSScavenge::invoke_no_policy()+0xf7b
V  [libjvm.so+0x979a81]  PSScavenge::invoke()+0x41
V  [libjvm.so+0x932050]  ParallelScavengeHeap::failed_mem_allocate(unsigned long)+0x70
V  [libjvm.so+0xaae1d7]  VM_ParallelGCFailedAllocation::doit()+0x97
V  [libjvm.so+0xab59c5]  VM_Operation::evaluate()+0x55
V  [libjvm.so+0xab3d9a]  VMThread::evaluate_operation(VM_Operation*)+0xba
V  [libjvm.so+0xab411e]  VMThread::loop()+0x1ce
V  [libjvm.so+0xab4590]  VMThread::run()+0x70
V  [libjvm.so+0x910de8]  java_start(Thread*)+0x108

VM_Operation (0x00007f401946c8c0): ParallelGCFailedAllocation, mode: safepoint, requested by thread 0x00007f401000a000


---------------  P R O C E S S  ---------------

Java Threads: ( => current thread )
  0x00007f40100c8800 JavaThread "Service Thread" daemon [_thread_blocked, id=14230, stack(0x00007f400022c000,0x00007f400032d000)]
  0x00007f40100bb000 JavaThread "C1 CompilerThread2" daemon [_thread_blocked, id=14220, stack(0x00007f400032d000,0x00007f400042e000)]
  0x00007f40100b9800 JavaThread "C2 CompilerThread1" daemon [_thread_blocked, id=14217, stack(0x00007f400042e000,0x00007f400052f000)]
  0x00007f40100b6800 JavaThread "C2 CompilerThread0" daemon [_thread_blocked, id=14213, stack(0x00007f400052f000,0x00007f4000630000)]
  0x00007f40100b5000 JavaThread "Signal Dispatcher" daemon [_thread_blocked, id=14211, stack(0x00007f4000630000,0x00007f4000731000)]
  0x00007f401007f000 JavaThread "Finalizer" daemon [_thread_blocked, id=14207, stack(0x00007f40009fa000,0x00007f4000afb000)]
  0x00007f401007c800 JavaThread "Reference Handler" daemon [_thread_blocked, id=14201, stack(0x00007f4000afb000,0x00007f4000bfc000)]
  0x00007f401000a000 JavaThread "main" [_thread_blocked, id=14180, stack(0x00007f401936e000,0x00007f401946f000)]

Other Threads:
=>0x00007f4010077800 VMThread [stack: 0x00007f4000bfc000,0x00007f4000cfd000] [id=14197]
  0x00007f40100ca800 WatcherThread [stack: 0x00007f400012b000,0x00007f400022c000] [id=14232]

VM state:at safepoint (normal execution)

VM Mutex/Monitor currently owned by a thread:  ([mutex/lock_event])
[0x00007f4010006350] Threads_lock - owner thread: 0x00007f4010077800
[0x00007f4010006850] Heap_lock - owner thread: 0x00007f401000a000

Heap:
 PSYoungGen      total 34304K, used 2528K [0x00000000eab00000, 0x00000000ecf00000, 0x0000000100000000)
  eden space 31744K, 0% used [0x00000000eab00000,0x00000000eab00000,0x00000000eca00000)
  from space 2560K, 98% used [0x00000000eca00000,0x00000000ecc78018,0x00000000ecc80000)
  to   space 2560K, 0% used [0x00000000ecc80000,0x00000000ecc80000,0x00000000ecf00000)
 ParOldGen       total 42496K, used 13362K [0x00000000c0000000, 0x00000000c2980000, 0x00000000eab00000)
  object space 42496K, 31% used [0x00000000c0000000,0x00000000c0d0caf8,0x00000000c2980000)
 Metaspace       used 5818K, capacity 7024K, committed 7296K, reserved 1056768K
  class space    used 546K, capacity 616K, committed 640K, reserved 1048576K

Card table byte_map: [0x00007f4015f4d000,0x00007f401614e000] byte_map_base: 0x00007f401594d000

Marking Bits: (ParMarkBitMap*) 0x00007f401884b760
 Begin Bits: [0x00007f3ff2000000, 0x00007f3ff3000000)
 End Bits:   [0x00007f3ff3000000, 0x00007f3ff4000000)

Polling page: 0x00007f4019492000

CodeCache: size=245760Kb used=6288Kb max_used=6288Kb free=239471Kb
 bounds [0x00007f4001000000, 0x00007f4001630000, 0x00007f4010000000]
 total_blobs=1839 nmethods=1576 adapters=178
 compilation: enabled

Compilation events (10 events):
Event: 19.480 Thread 0x00007f40100bb000 1649       1       java.util.HashMap$Node::getKey (5 bytes)
Event: 19.480 Thread 0x00007f40100bb000 nmethod 1649 0x00007f4001623fd0 code [0x00007f4001624120, 0x00007f4001624230]
Event: 19.483 Thread 0x00007f40100b6800 nmethod 1625 0x00007f4001627250 code [0x00007f40016273c0, 0x00007f4001627778]
Event: 19.483 Thread 0x00007f40100b6800 1583       4       com.android.dx.ssa.SCCP::simulatePhi (169 bytes)
Event: 19.489 Thread 0x00007f40100bb000 1650   !   2       com.android.dx.cf.cst.ConstantPoolParser::determineOffsets (285 bytes)
Event: 19.490 Thread 0x00007f40100bb000 nmethod 1650 0x00007f4001625490 code [0x00007f4001625760, 0x00007f4001626378]
Event: 19.537 Thread 0x00007f40100bb000 1651       2       com.android.dx.rop.annotation.Annotations::<init> (16 bytes)
Event: 19.537 Thread 0x00007f40100bb000 nmethod 1651 0x00007f40016250d0 code [0x00007f4001625240, 0x00007f4001625410]
Event: 19.563 Thread 0x00007f40100bb000 1653       2       com.android.dx.ssa.back.FirstFitLocalCombiningAllocator::processPhiInsn (255 bytes)
Event: 19.564 Thread 0x00007f40100bb000 nmethod 1653 0x00007f4001627950 code [0x00007f4001627c00, 0x00007f4001628778]

GC Heap History (9 events):
Event: 16.433 GC heap before
{Heap before GC invocations=1 (full 0):
 PSYoungGen      total 18432K, used 15872K [0x00000000eab00000, 0x00000000ebf80000, 0x0000000100000000)
  eden space 15872K, 100% used [0x00000000eab00000,0x00000000eba80000,0x00000000eba80000)
  from space 2560K, 0% used [0x00000000ebd00000,0x00000000ebd00000,0x00000000ebf80000)
  to   space 2560K, 0% used [0x00000000eba80000,0x00000000eba80000,0x00000000ebd00000)
 ParOldGen       total 42496K, used 0K [0x00000000c0000000, 0x00000000c2980000, 0x00000000eab00000)
  object space 42496K, 0% used [0x00000000c0000000,0x00000000c0000000,0x00000000c2980000)
 Metaspace       used 5389K, capacity 6704K, committed 6784K, reserved 1056768K
  class space    used 541K, capacity 616K, committed 640K, reserved 1048576K
Event: 16.529 GC heap after
Heap after GC invocations=1 (full 0):
 PSYoungGen      total 18432K, used 2538K [0x00000000eab00000, 0x00000000ebf80000, 0x0000000100000000)
  eden space 15872K, 0% used [0x00000000eab00000,0x00000000eab00000,0x00000000eba80000)
  from space 2560K, 99% used [0x00000000eba80000,0x00000000ebcfaaa8,0x00000000ebd00000)
  to   space 2560K, 0% used [0x00000000ebd00000,0x00000000ebd00000,0x00000000ebf80000)
 ParOldGen       total 42496K, used 1580K [0x00000000c0000000, 0x00000000c2980000, 0x00000000eab00000)
  object space 42496K, 3% used [0x00000000c0000000,0x00000000c018b1f0,0x00000000c2980000)
 Metaspace       used 5389K, capacity 6704K, committed 6784K, reserved 1056768K
  class space    used 541K, capacity 616K, committed 640K, reserved 1048576K
}
Event: 17.459 GC heap before
{Heap before GC invocations=2 (full 0):
 PSYoungGen      total 18432K, used 18410K [0x00000000eab00000, 0x00000000ebf80000, 0x0000000100000000)
  eden space 15872K, 100% used [0x00000000eab00000,0x00000000eba80000,0x00000000eba80000)
  from space 2560K, 99% used [0x00000000eba80000,0x00000000ebcfaaa8,0x00000000ebd00000)
  to   space 2560K, 0% used [0x00000000ebd00000,0x00000000ebd00000,0x00000000ebf80000)
 ParOldGen       total 42496K, used 1580K [0x00000000c0000000, 0x00000000c2980000, 0x00000000eab00000)
  object space 42496K, 3% used [0x00000000c0000000,0x00000000c018b1f0,0x00000000c2980000)
 Metaspace       used 5651K, capacity 6896K, committed 7040K, reserved 1056768K
  class space    used 544K, capacity 616K, committed 640K, reserved 1048576K
Event: 17.492 GC heap after
Heap after GC invocations=2 (full 0):
 PSYoungGen      total 18432K, used 2535K [0x00000000eab00000, 0x00000000ecf00000, 0x0000000100000000)
  eden space 15872K, 0% used [0x00000000eab00000,0x00000000eab00000,0x00000000eba80000)
  from space 2560K, 99% used [0x00000000ebd00000,0x00000000ebf79c78,0x00000000ebf80000)
  to   space 2560K, 0% used [0x00000000eba80000,0x00000000eba80000,0x00000000ebd00000)
 ParOldGen       total 42496K, used 3967K [0x00000000c0000000, 0x00000000c2980000, 0x00000000eab00000)
  object space 42496K, 9% used [0x00000000c0000000,0x00000000c03dfd10,0x00000000c2980000)
 Metaspace       used 5651K, capacity 6896K, committed 7040K, reserved 1056768K
  class space    used 544K, capacity 616K, committed 640K, reserved 1048576K
}
Event: 17.922 GC heap before
{Heap before GC invocations=3 (full 0):
 PSYoungGen      total 18432K, used 18407K [0x00000000eab00000, 0x00000000ecf00000, 0x0000000100000000)
  eden space 15872K, 100% used [0x00000000eab00000,0x00000000eba80000,0x00000000eba80000)
  from space 2560K, 99% used [0x00000000ebd00000,0x00000000ebf79c78,0x00000000ebf80000)
  to   space 2560K, 0% used [0x00000000eba80000,0x00000000eba80000,0x00000000ebd00000)
 ParOldGen       total 42496K, used 3967K [0x00000000c0000000, 0x00000000c2980000, 0x00000000eab00000)
  object space 42496K, 9% used [0x00000000c0000000,0x00000000c03dfd10,0x00000000c2980000)
 Metaspace       used 5721K, capacity 6960K, committed 7040K, reserved 1056768K
  class space    used 545K, capacity 616K, committed 640K, reserved 1048576K
Event: 17.993 GC heap after
Heap after GC invocations=3 (full 0):
 PSYoungGen      total 18432K, used 2550K [0x00000000eab00000, 0x00000000ecf00000, 0x0000000100000000)
  eden space 15872K, 0% used [0x00000000eab00000,0x00000000eab00000,0x00000000eba80000)
  from space 2560K, 99% used [0x00000000eba80000,0x00000000ebcfd9e0,0x00000000ebd00000)
  to   space 2560K, 0% used [0x00000000ecc80000,0x00000000ecc80000,0x00000000ecf00000)
 ParOldGen       total 42496K, used 6341K [0x00000000c0000000, 0x00000000c2980000, 0x00000000eab00000)
  object space 42496K, 14% used [0x00000000c0000000,0x00000000c06315a8,0x00000000c2980000)
 Metaspace       used 5721K, capacity 6960K, committed 7040K, reserved 1056768K
  class space    used 545K, capacity 616K, committed 640K, reserved 1048576K
}
Event: 18.303 GC heap before
{Heap before GC invocations=4 (full 0):
 PSYoungGen      total 18432K, used 18422K [0x00000000eab00000, 0x00000000ecf00000, 0x0000000100000000)
  eden space 15872K, 100% used [0x00000000eab00000,0x00000000eba80000,0x00000000eba80000)
  from space 2560K, 99% used [0x00000000eba80000,0x00000000ebcfd9e0,0x00000000ebd00000)
  to   space 2560K, 0% used [0x00000000ecc80000,0x00000000ecc80000,0x00000000ecf00000)
 ParOldGen       total 42496K, used 6341K [0x00000000c0000000, 0x00000000c2980000, 0x00000000eab00000)
  object space 42496K, 14% used [0x00000000c0000000,0x00000000c06315a8,0x00000000c2980000)
 Metaspace       used 5775K, capacity 7024K, committed 7296K, reserved 1056768K
  class space    used 545K, capacity 616K, committed 640K, reserved 1048576K
Event: 18.344 GC heap after
Heap after GC invocations=4 (full 0):
 PSYoungGen      total 34304K, used 2546K [0x00000000eab00000, 0x00000000ecf00000, 0x0000000100000000)
  eden space 31744K, 0% used [0x00000000eab00000,0x00000000eab00000,0x00000000eca00000)
  from space 2560K, 99% used [0x00000000ecc80000,0x00000000ecefcba0,0x00000000ecf00000)
  to   space 2560K, 0% used [0x00000000eca00000,0x00000000eca00000,0x00000000ecc80000)
 ParOldGen       total 42496K, used 8713K [0x00000000c0000000, 0x00000000c2980000, 0x00000000eab00000)
  object space 42496K, 20% used [0x00000000c0000000,0x00000000c0882680,0x00000000c2980000)
 Metaspace       used 5775K, capacity 7024K, committed 7296K, reserved 1056768K
  class space    used 545K, capacity 616K, committed 640K, reserved 1048576K
}
Event: 19.662 GC heap before
{Heap before GC invocations=5 (full 0):
 PSYoungGen      total 34304K, used 34290K [0x00000000eab00000, 0x00000000ecf00000, 0x0000000100000000)
  eden space 31744K, 100% used [0x00000000eab00000,0x00000000eca00000,0x00000000eca00000)
  from space 2560K, 99% used [0x00000000ecc80000,0x00000000ecefcba0,0x00000000ecf00000)
  to   space 2560K, 0% used [0x00000000eca00000,0x00000000eca00000,0x00000000ecc80000)
 ParOldGen       total 42496K, used 8713K [0x00000000c0000000, 0x00000000c2980000, 0x00000000eab00000)
  object space 42496K, 20% used [0x00000000c0000000,0x00000000c0882680,0x00000000c2980000)
 Metaspace       used 5818K, capacity 7024K, committed 7296K, reserved 1056768K
  class space    used 546K, capacity 616K, committed 640K, reserved 1048576K

Deoptimization events (10 events):
Event: 10.722 Thread 0x00007f401000a000 Uncommon trap: reason=class_check action=maybe_recompile pc=0x00007f400130b1f0 method=com.android.dx.ssa.NormalSsaInsn.accept(Lcom/android/dx/ssa/SsaInsn$Visitor;)V @ 9
Event: 10.722 Thread 0x00007f401000a000 Uncommon trap: reason=class_check action=maybe_recompile pc=0x00007f400130b1f0 method=com.android.dx.ssa.NormalSsaInsn.accept(Lcom/android/dx/ssa/SsaInsn$Visitor;)V @ 9
Event: 15.085 Thread 0x00007f401000a000 Uncommon trap: reason=unstable_if action=reinterpret pc=0x00007f4001297538 method=java.util.BitSet.ensureCapacity(I)V @ 6
Event: 17.334 Thread 0x00007f401000a000 Uncommon trap: reason=unstable_if action=reinterpret pc=0x00007f400145a604 method=com.android.dx.util.IntList.binarysearch(I)I @ 105
Event: 17.825 Thread 0x00007f401000a000 Uncommon trap: reason=unstable_if action=reinterpret pc=0x00007f40015701ec method=com.android.dx.ssa.SCCP.simulateBranch(Lcom/android/dx/ssa/SsaInsn;)V @ 329
Event: 19.028 Thread 0x00007f401000a000 Uncommon trap: reason=unstable_if action=reinterpret pc=0x00007f40016037fc method=com.android.dx.ssa.SCCP.simulateStmt(Lcom/android/dx/ssa/SsaInsn;)V @ 53
Event: 19.047 Thread 0x00007f401000a000 Uncommon trap: reason=bimorphic action=maybe_recompile pc=0x00007f4001388b24 method=java.util.HashMap.getNode(ILjava/lang/Object;)Ljava/util/HashMap$Node; @ 126
Event: 19.047 Thread 0x00007f401000a000 Uncommon trap: reason=class_check action=maybe_recompile pc=0x00007f400147832c method=java.util.HashMap.putVal(ILjava/lang/Object;Ljava/lang/Object;ZZ)Ljava/lang/Object; @ 203
Event: 19.048 Thread 0x00007f401000a000 Uncommon trap: reason=bimorphic action=maybe_recompile pc=0x00007f40013233fc method=java.util.HashMap.getNode(ILjava/lang/Object;)Ljava/util/HashMap$Node; @ 126
Event: 19.558 Thread 0x00007f401000a000 Uncommon trap: reason=bimorphic action=maybe_recompile pc=0x00007f40013233fc method=java.util.HashMap.getNode(ILjava/lang/Object;)Ljava/util/HashMap$Node; @ 126

Internal exceptions (2 events):
Event: 0.169 Thread 0x00007f401000a000 Exception <a 'java/lang/NoSuchMethodError': Method sun.misc.Unsafe.defineClass(Ljava/lang/String;[BII)Ljava/lang/Class; name or signature does not match> (0x00000000eab12a38) thrown at [/RE-WORK/workspace/8-2-build-linux-amd64/jdk8u45/3457/hotspot/src/sha
Event: 0.169 Thread 0x00007f401000a000 Exception <a 'java/lang/NoSuchMethodError': Method sun.misc.Unsafe.prefetchRead(Ljava/lang/Object;J)V name or signature does not match> (0x00000000eab12cc8) thrown at [/RE-WORK/workspace/8-2-build-linux-amd64/jdk8u45/3457/hotspot/src/share/vm/prims/jni.cp

Events (10 events):
Event: 19.047 Thread 0x00007f401000a000 DEOPT UNPACKING pc=0x00007f4001005229 sp=0x00007f401946c978 mode 2
Event: 19.048 Thread 0x00007f401000a000 Uncommon trap: trap_request=0xffffffc6 fr.pc=0x00007f40013233fc
Event: 19.048 Thread 0x00007f401000a000 DEOPT PACKING pc=0x00007f40013233fc sp=0x00007f401946ca40
Event: 19.048 Thread 0x00007f401000a000 DEOPT UNPACKING pc=0x00007f4001005229 sp=0x00007f401946c978 mode 2
Event: 19.053 loading class com/android/dx/cf/code/SwitchList
Event: 19.053 loading class com/android/dx/cf/code/SwitchList done
Event: 19.558 Thread 0x00007f401000a000 Uncommon trap: trap_request=0xffffffc6 fr.pc=0x00007f40013233fc
Event: 19.558 Thread 0x00007f401000a000 DEOPT PACKING pc=0x00007f40013233fc sp=0x00007f401946ca40
Event: 19.559 Thread 0x00007f401000a000 DEOPT UNPACKING pc=0x00007f4001005229 sp=0x00007f401946c978 mode 2
Event: 19.657 Executing VM operation: ParallelGCFailedAllocation


Dynamic libraries:
00400000-00401000 r-xp 00000000 08:03 1572315                            /opt/java/jdk1.8.0_45/bin/java
00600000-00601000 rw-p 00000000 08:03 1572315                            /opt/java/jdk1.8.0_45/bin/java
02475000-02496000 rw-p 00000000 00:00 0                                  [heap]
c0000000-c2980000 rw-p 00000000 00:00 0 
c2980000-eab00000 ---p 00000000 00:00 0 
eab00000-ecf00000 rw-p 00000000 00:00 0 
ef700000-100000000 ---p 00000000 00:00 0 
100000000-1000a0000 rw-p 00000000 00:00 0 
1000a0000-140000000 ---p 00000000 00:00 0 
7f3fc4000000-7f3fc4021000 rw-p 00000000 00:00 0 
7f3fc4021000-7f3fc8000000 ---p 00000000 00:00 0 
7f3fcc000000-7f3fcc851000 rw-p 00000000 00:00 0 
7f3fcc851000-7f3fd0000000 ---p 00000000 00:00 0 
7f3fd0000000-7f3fd0021000 rw-p 00000000 00:00 0 
7f3fd0021000-7f3fd4000000 ---p 00000000 00:00 0 
7f3fd4000000-7f3fd4824000 rw-p 00000000 00:00 0 
7f3fd4824000-7f3fd8000000 ---p 00000000 00:00 0 
7f3fd8000000-7f3fd90c6000 rw-p 00000000 00:00 0 
7f3fd90c6000-7f3fdc000000 ---p 00000000 00:00 0 
7f3fdc000000-7f3fdc021000 rw-p 00000000 00:00 0 
7f3fdc021000-7f3fe0000000 ---p 00000000 00:00 0 
7f3fe0000000-7f3fe0021000 rw-p 00000000 00:00 0 
7f3fe0021000-7f3fe4000000 ---p 00000000 00:00 0 
7f3fe4000000-7f3fe428a000 rw-p 00000000 00:00 0 
7f3fe428a000-7f3fe8000000 ---p 00000000 00:00 0 
7f3fe8000000-7f3fe8021000 rw-p 00000000 00:00 0 
7f3fe8021000-7f3fec000000 ---p 00000000 00:00 0 
7f3fec000000-7f3fec021000 rw-p 00000000 00:00 0 
7f3fec021000-7f3ff0000000 ---p 00000000 00:00 0 
7f3ff2000000-7f3ff4000000 rw-p 00000000 00:00 0 
7f3ff4000000-7f3ff4021000 rw-p 00000000 00:00 0 
7f3ff4021000-7f3ff8000000 ---p 00000000 00:00 0 
7f3ff8000000-7f3ff8021000 rw-p 00000000 00:00 0 
7f3ff8021000-7f3ffc000000 ---p 00000000 00:00 0 
7f3ffc000000-7f3ffc021000 rw-p 00000000 00:00 0 
7f3ffc021000-7f4000000000 ---p 00000000 00:00 0 
7f400012b000-7f400012c000 ---p 00000000 00:00 0 
7f400012c000-7f400022c000 rw-p 00000000 00:00 0                          [stack:14232]
7f400022c000-7f400022f000 ---p 00000000 00:00 0 
7f400022f000-7f400032d000 rw-p 00000000 00:00 0                          [stack:14230]
7f400032d000-7f4000330000 ---p 00000000 00:00 0 
7f4000330000-7f400042e000 rw-p 00000000 00:00 0                          [stack:14220]
7f400042e000-7f4000431000 ---p 00000000 00:00 0 
7f4000431000-7f400052f000 rw-p 00000000 00:00 0                          [stack:14217]
7f400052f000-7f4000532000 ---p 00000000 00:00 0 
7f4000532000-7f4000630000 rw-p 00000000 00:00 0                          [stack:14213]
7f4000630000-7f4000633000 ---p 00000000 00:00 0 
7f4000633000-7f4000731000 rw-p 00000000 00:00 0                          [stack:14211]
7f4000731000-7f40009fa000 r--p 00000000 08:03 266989                     /usr/lib/locale/locale-archive
7f40009fa000-7f40009fd000 ---p 00000000 00:00 0 
7f40009fd000-7f4000afb000 rw-p 00000000 00:00 0                          [stack:14207]
7f4000afb000-7f4000afe000 ---p 00000000 00:00 0 
7f4000afe000-7f4000bfc000 rw-p 00000000 00:00 0                          [stack:14201]
7f4000bfc000-7f4000bfd000 ---p 00000000 00:00 0 
7f4000bfd000-7f4001000000 rw-p 00000000 00:00 0                          [stack:14197]
7f4001000000-7f4001630000 rwxp 00000000 00:00 0 
7f4001630000-7f4010000000 ---p 00000000 00:00 0 
7f4010000000-7f40103a7000 rw-p 00000000 00:00 0 
7f40103a7000-7f4014000000 ---p 00000000 00:00 0 
7f40140d9000-7f40140e4000 r--s 00079000 00:19 11273014                   /home/mike/AndroidStudioProjects/Wordist/app/build/intermediates/exploded-aar/com.google.android.gms/play-services-analytics/7.5.0/jars/classes.jar
7f40140e4000-7f40140f3000 r--s 000dd000 00:19 9438599                    /home/mike/Android/Sdk/build-tools/22.0.1/lib/dx.jar
7f40140f3000-7f4014da4000 rw-p 00000000 00:00 0 
7f4014da4000-7f4014f7d000 r--s 03d09000 08:03 1573810                    /opt/java/jdk1.8.0_45/jre/lib/rt.jar
7f4014f7d000-7f4015673000 rw-p 00000000 00:00 0 
7f4015673000-7f40157f3000 ---p 00000000 00:00 0 
7f40157f3000-7f40159f3000 rw-p 00000000 00:00 0 
7f40159f3000-7f40159f4000 ---p 00000000 00:00 0 
7f40159f4000-7f4015af4000 rw-p 00000000 00:00 0                          [stack:14186]
7f4015af4000-7f4015af5000 ---p 00000000 00:00 0 
7f4015af5000-7f4015bf5000 rw-p 00000000 00:00 0                          [stack:14185]
7f4015bf5000-7f4015bf6000 ---p 00000000 00:00 0 
7f4015bf6000-7f4015cf6000 rw-p 00000000 00:00 0                          [stack:14184]
7f4015cf6000-7f4015cf7000 ---p 00000000 00:00 0 
7f4015cf7000-7f4015e0c000 rw-p 00000000 00:00 0                          [stack:14183]
7f4015e0c000-7f4015f4d000 ---p 00000000 00:00 0 
7f4015f4d000-7f4015f62000 rw-p 00000000 00:00 0 
7f4015f62000-7f40160a2000 ---p 00000000 00:00 0 
7f40160a2000-7f40160b5000 rw-p 00000000 00:00 0 
7f40160b5000-7f401614d000 ---p 00000000 00:00 0 
7f401614d000-7f4016167000 rw-p 00000000 00:00 0 
7f4016167000-7f401650e000 ---p 00000000 00:00 0 
7f401650e000-7f4016528000 r-xp 00000000 08:03 1574049                    /opt/java/jdk1.8.0_45/jre/lib/amd64/libzip.so
7f4016528000-7f4016728000 ---p 0001a000 08:03 1574049                    /opt/java/jdk1.8.0_45/jre/lib/amd64/libzip.so
7f4016728000-7f4016729000 rw-p 0001a000 08:03 1574049                    /opt/java/jdk1.8.0_45/jre/lib/amd64/libzip.so
7f4016729000-7f4016734000 r-xp 00000000 08:03 131807                     /lib/x86_64-linux-gnu/libnss_files-2.19.so
7f4016734000-7f4016933000 ---p 0000b000 08:03 131807                     /lib/x86_64-linux-gnu/libnss_files-2.19.so
7f4016933000-7f4016934000 r--p 0000a000 08:03 131807                     /lib/x86_64-linux-gnu/libnss_files-2.19.so
7f4016934000-7f4016935000 rw-p 0000b000 08:03 131807                     /lib/x86_64-linux-gnu/libnss_files-2.19.so
7f4016935000-7f4016940000 r-xp 00000000 08:03 131871                     /lib/x86_64-linux-gnu/libnss_nis-2.19.so
7f4016940000-7f4016b3f000 ---p 0000b000 08:03 131871                     /lib/x86_64-linux-gnu/libnss_nis-2.19.so
7f4016b3f000-7f4016b40000 r--p 0000a000 08:03 131871                     /lib/x86_64-linux-gnu/libnss_nis-2.19.so
7f4016b40000-7f4016b41000 rw-p 0000b000 08:03 131871                     /lib/x86_64-linux-gnu/libnss_nis-2.19.so
7f4016b41000-7f4016b58000 r-xp 00000000 08:03 131829                     /lib/x86_64-linux-gnu/libnsl-2.19.so
7f4016b58000-7f4016d57000 ---p 00017000 08:03 131829                     /lib/x86_64-linux-gnu/libnsl-2.19.so
7f4016d57000-7f4016d58000 r--p 00016000 08:03 131829                     /lib/x86_64-linux-gnu/libnsl-2.19.so
7f4016d58000-7f4016d59000 rw-p 00017000 08:03 131829                     /lib/x86_64-linux-gnu/libnsl-2.19.so
7f4016d59000-7f4016d5b000 rw-p 00000000 00:00 0 
7f4016d5b000-7f4016d64000 r-xp 00000000 08:03 131828                     /lib/x86_64-linux-gnu/libnss_compat-2.19.so
7f4016d64000-7f4016f63000 ---p 00009000 08:03 131828                     /lib/x86_64-linux-gnu/libnss_compat-2.19.so
7f4016f63000-7f4016f64000 r--p 00008000 08:03 131828                     /lib/x86_64-linux-gnu/libnss_compat-2.19.so
7f4016f64000-7f4016f65000 rw-p 00009000 08:03 131828                     /lib/x86_64-linux-gnu/libnss_compat-2.19.so
7f4016f65000-7f4016f8f000 r-xp 00000000 08:03 1574040                    /opt/java/jdk1.8.0_45/jre/lib/amd64/libjava.so
7f4016f8f000-7f401718f000 ---p 0002a000 08:03 1574040                    /opt/java/jdk1.8.0_45/jre/lib/amd64/libjava.so
7f401718f000-7f4017191000 rw-p 0002a000 08:03 1574040                    /opt/java/jdk1.8.0_45/jre/lib/amd64/libjava.so
7f4017191000-7f401719e000 r-xp 00000000 08:03 1574047                    /opt/java/jdk1.8.0_45/jre/lib/amd64/libverify.so
7f401719e000-7f401739e000 ---p 0000d000 08:03 1574047                    /opt/java/jdk1.8.0_45/jre/lib/amd64/libverify.so
7f401739e000-7f40173a0000 rw-p 0000d000 08:03 1574047                    /opt/java/jdk1.8.0_45/jre/lib/amd64/libverify.so
7f40173a0000-7f40173a7000 r-xp 00000000 08:03 131868                     /lib/x86_64-linux-gnu/librt-2.19.so
7f40173a7000-7f40175a6000 ---p 00007000 08:03 131868                     /lib/x86_64-linux-gnu/librt-2.19.so
7f40175a6000-7f40175a7000 r--p 00006000 08:03 131868                     /lib/x86_64-linux-gnu/librt-2.19.so
7f40175a7000-7f40175a8000 rw-p 00007000 08:03 131868                     /lib/x86_64-linux-gnu/librt-2.19.so
7f40175a8000-7f40176ad000 r-xp 00000000 08:03 131806                     /lib/x86_64-linux-gnu/libm-2.19.so
7f40176ad000-7f40178ac000 ---p 00105000 08:03 131806                     /lib/x86_64-linux-gnu/libm-2.19.so
7f40178ac000-7f40178ad000 r--p 00104000 08:03 131806                     /lib/x86_64-linux-gnu/libm-2.19.so
7f40178ad000-7f40178ae000 rw-p 00105000 08:03 131806                     /lib/x86_64-linux-gnu/libm-2.19.so
7f40178ae000-7f401855c000 r-xp 00000000 08:03 1574060                    /opt/java/jdk1.8.0_45/jre/lib/amd64/server/libjvm.so
7f401855c000-7f401875b000 ---p 00cae000 08:03 1574060                    /opt/java/jdk1.8.0_45/jre/lib/amd64/server/libjvm.so
7f401875b000-7f4018832000 rw-p 00cad000 08:03 1574060                    /opt/java/jdk1.8.0_45/jre/lib/amd64/server/libjvm.so
7f4018832000-7f4018876000 rw-p 00000000 00:00 0 
7f4018876000-7f4018a31000 r-xp 00000000 08:03 131857                     /lib/x86_64-linux-gnu/libc-2.19.so
7f4018a31000-7f4018c30000 ---p 001bb000 08:03 131857                     /lib/x86_64-linux-gnu/libc-2.19.so
7f4018c30000-7f4018c34000 r--p 001ba000 08:03 131857                     /lib/x86_64-linux-gnu/libc-2.19.so
7f4018c34000-7f4018c36000 rw-p 001be000 08:03 131857                     /lib/x86_64-linux-gnu/libc-2.19.so
7f4018c36000-7f4018c3b000 rw-p 00000000 00:00 0 
7f4018c3b000-7f4018c3e000 r-xp 00000000 08:03 131810                     /lib/x86_64-linux-gnu/libdl-2.19.so
7f4018c3e000-7f4018e3d000 ---p 00003000 08:03 131810                     /lib/x86_64-linux-gnu/libdl-2.19.so
7f4018e3d000-7f4018e3e000 r--p 00002000 08:03 131810                     /lib/x86_64-linux-gnu/libdl-2.19.so
7f4018e3e000-7f4018e3f000 rw-p 00003000 08:03 131810                     /lib/x86_64-linux-gnu/libdl-2.19.so
7f4018e3f000-7f4018e54000 r-xp 00000000 08:03 1573749                    /opt/java/jdk1.8.0_45/lib/amd64/jli/libjli.so
7f4018e54000-7f4019054000 ---p 00015000 08:03 1573749                    /opt/java/jdk1.8.0_45/lib/amd64/jli/libjli.so
7f4019054000-7f4019055000 rw-p 00015000 08:03 1573749                    /opt/java/jdk1.8.0_45/lib/amd64/jli/libjli.so
7f4019055000-7f401906e000 r-xp 00000000 08:03 131858                     /lib/x86_64-linux-gnu/libpthread-2.19.so
7f401906e000-7f401926d000 ---p 00019000 08:03 131858                     /lib/x86_64-linux-gnu/libpthread-2.19.so
7f401926d000-7f401926e000 r--p 00018000 08:03 131858                     /lib/x86_64-linux-gnu/libpthread-2.19.so
7f401926e000-7f401926f000 rw-p 00019000 08:03 131858                     /lib/x86_64-linux-gnu/libpthread-2.19.so
7f401926f000-7f4019273000 rw-p 00000000 00:00 0 
7f4019273000-7f4019296000 r-xp 00000000 08:03 131833                     /lib/x86_64-linux-gnu/ld-2.19.so
7f401929c000-7f401936e000 rw-p 00000000 00:00 0 
7f401936e000-7f4019371000 ---p 00000000 00:00 0 
7f4019371000-7f4019474000 rw-p 00000000 00:00 0                          [stack:14180]
7f4019474000-7f4019475000 r--p 00000000 08:03 672594                     /usr/share/locale-langpack/en_GB/LC_MESSAGES/libc.mo
7f4019475000-7f4019489000 rw-p 00000000 00:00 0 
7f4019489000-7f4019491000 rw-s 00000000 08:03 1574114                    /tmp/hsperfdata_mike/14173
7f4019491000-7f4019492000 rw-p 00000000 00:00 0 
7f4019492000-7f4019493000 ---p 00000000 00:00 0 
7f4019493000-7f4019495000 rw-p 00000000 00:00 0 
7f4019495000-7f4019496000 r--p 00022000 08:03 131833                     /lib/x86_64-linux-gnu/ld-2.19.so
7f4019496000-7f4019497000 rw-p 00023000 08:03 131833                     /lib/x86_64-linux-gnu/ld-2.19.so
7f4019497000-7f4019498000 rw-p 00000000 00:00 0 
7fff08576000-7fff08597000 rw-p 00000000 00:00 0                          [stack]
7fff085fe000-7fff08600000 r-xp 00000000 00:00 0                          [vdso]
ffffffffff600000-ffffffffff601000 r-xp 00000000 00:00 0                  [vsyscall]

VM Arguments:
jvm_args: -Xmx1024M -Dfile.encoding=UTF-8 -Duser.country=GB -Duser.language=en -Duser.variant 
java_command: com.android.dx.command.Main --dex --output /home/mike/AndroidStudioProjects/Wordist/app/build/intermediates/pre-dexed/debug/classes-5ae6288c7a2c285a1f5c65eee856b578a7e5ab4c.jar /home/mike/AndroidStudioProjects/Wordist/app/build/intermediates/exploded-aar/com.google.android.gms/play-services-analytics/7.5.0/jars/classes.jar
java_class_path (initial): /home/mike/Android/Sdk/build-tools/22.0.1/lib/dx.jar
Launcher Type: SUN_STANDARD

Environment Variables:
PATH=/usr/local/sbin:/usr/local/bin:/usr/sbin:/usr/bin:/sbin:/bin:/usr/games:/usr/local/games
USERNAME=mike
LD_LIBRARY_PATH=/opt/android-studio/bin:
SHELL=/bin/bash
DISPLAY=:0

Signal Handlers:
SIGSEGV: [libjvm.so+0xaad1e0], sa_mask[0]=11111111011111111101111111111110, sa_flags=SA_RESTART|SA_SIGINFO
SIGBUS: [libjvm.so+0xaad1e0], sa_mask[0]=11111111011111111101111111111110, sa_flags=SA_RESTART|SA_SIGINFO
SIGFPE: [libjvm.so+0x90b450], sa_mask[0]=11111111011111111101111111111110, sa_flags=SA_RESTART|SA_SIGINFO
SIGPIPE: [libjvm.so+0x90b450], sa_mask[0]=11111111011111111101111111111110, sa_flags=SA_RESTART|SA_SIGINFO
SIGXFSZ: [libjvm.so+0x90b450], sa_mask[0]=11111111011111111101111111111110, sa_flags=SA_RESTART|SA_SIGINFO
SIGILL: [libjvm.so+0x90b450], sa_mask[0]=11111111011111111101111111111110, sa_flags=SA_RESTART|SA_SIGINFO
SIGUSR1: SIG_DFL, sa_mask[0]=00000000000000000000000000000000, sa_flags=none
SIGUSR2: [libjvm.so+0x90ca90], sa_mask[0]=00100000000000000000000000000000, sa_flags=SA_RESTART|SA_SIGINFO
SIGHUP: [libjvm.so+0x90dde0], sa_mask[0]=11111111011111111101111111111110, sa_flags=SA_RESTART|SA_SIGINFO
SIGINT: [libjvm.so+0x90dde0], sa_mask[0]=11111111011111111101111111111110, sa_flags=SA_RESTART|SA_SIGINFO
SIGTERM: [libjvm.so+0x90dde0], sa_mask[0]=11111111011111111101111111111110, sa_flags=SA_RESTART|SA_SIGINFO
SIGQUIT: [libjvm.so+0x90dde0], sa_mask[0]=11111111011111111101111111111110, sa_flags=SA_RESTART|SA_SIGINFO


---------------  S Y S T E M  ---------------

OS:DISTRIB_ID=LinuxMint
DISTRIB_RELEASE=17.2
DISTRIB_CODENAME=rafaela
DISTRIB_DESCRIPTION="Linux Mint 17.2 Rafaela"

uname:Linux 3.13.0-37-generic #64-Ubuntu SMP Mon Sep 22 21:28:38 UTC 2014 x86_64
libc:glibc 2.19 NPTL 2.19 
rlimit: STACK 8192k, CORE 0k, NPROC 30882, NOFILE 4096, AS infinity
load average:12.34 3.62 1.63

/proc/meminfo:
MemTotal:        4048044 kB
MemFree:          758920 kB
Buffers:             760 kB
Cached:           114752 kB
SwapCached:            0 kB
Active:          2760484 kB
Inactive:         111820 kB
Active(anon):    2759512 kB
Inactive(anon):    81488 kB
Active(file):        972 kB
Inactive(file):    30332 kB
Unevictable:          88 kB
Mlocked:              88 kB
SwapTotal:             0 kB
SwapFree:              0 kB
Dirty:                84 kB
Writeback:             0 kB
AnonPages:       2757324 kB
Mapped:           213452 kB
Shmem:             83764 kB
Slab:              76940 kB
SReclaimable:      24376 kB
SUnreclaim:        52564 kB
KernelStack:        4832 kB
PageTables:        36500 kB
NFS_Unstable:          0 kB
Bounce:                0 kB
WritebackTmp:          0 kB
CommitLimit:     2024020 kB
Committed_AS:    6100408 kB
VmallocTotal:   34359738367 kB
VmallocUsed:      305680 kB
VmallocChunk:   34359427560 kB
HardwareCorrupted:     0 kB
AnonHugePages:   1318912 kB
HugePages_Total:       0
HugePages_Free:        0
HugePages_Rsvd:        0
HugePages_Surp:        0
Hugepagesize:       2048 kB
DirectMap4k:      161344 kB
DirectMap2M:     2983936 kB
DirectMap1G:     1048576 kB


CPU:total 4 (4 cores per cpu, 1 threads per core) family 16 model 4 stepping 2, cmov, cx8, fxsr, mmx, sse, sse2, sse3, popcnt, mmxext, 3dnowpref, lzcnt, sse4a, tsc, tscinvbit, tscinv

/proc/cpuinfo:
processor	: 0
vendor_id	: AuthenticAMD
cpu family	: 16
model		: 4
model name	: AMD Phenom(tm) II X4 955 Processor
stepping	: 2
microcode	: 0x1000086
cpu MHz		: 3200.000
cache size	: 512 KB
physical id	: 0
siblings	: 4
core id		: 0
cpu cores	: 4
apicid		: 0
initial apicid	: 0
fpu		: yes
fpu_exception	: yes
cpuid level	: 5
wp		: yes
flags		: fpu vme de pse tsc msr pae mce cx8 apic sep mtrr pge mca cmov pat pse36 clflush mmx fxsr sse sse2 ht syscall nx mmxext fxsr_opt pdpe1gb rdtscp lm 3dnowext 3dnow constant_tsc rep_good nopl nonstop_tsc extd_apicid pni monitor cx16 popcnt lahf_lm cmp_legacy svm extapic cr8_legacy abm sse4a misalignsse 3dnowprefetch osvw ibs skinit wdt hw_pstate npt lbrv svm_lock nrip_save
bogomips	: 6399.95
TLB size	: 1024 4K pages
clflush size	: 64
cache_alignment	: 64
address sizes	: 48 bits physical, 48 bits virtual
power management: ts ttp tm stc 100mhzsteps hwpstate

processor	: 1
vendor_id	: AuthenticAMD
cpu family	: 16
model		: 4
model name	: AMD Phenom(tm) II X4 955 Processor
stepping	: 2
microcode	: 0x1000086
cpu MHz		: 3200.000
cache size	: 512 KB
physical id	: 0
siblings	: 4
core id		: 1
cpu cores	: 4
apicid		: 1
initial apicid	: 1
fpu		: yes
fpu_exception	: yes
cpuid level	: 5
wp		: yes
flags		: fpu vme de pse tsc msr pae mce cx8 apic sep mtrr pge mca cmov pat pse36 clflush mmx fxsr sse sse2 ht syscall nx mmxext fxsr_opt pdpe1gb rdtscp lm 3dnowext 3dnow constant_tsc rep_good nopl nonstop_tsc extd_apicid pni monitor cx16 popcnt lahf_lm cmp_legacy svm extapic cr8_legacy abm sse4a misalignsse 3dnowprefetch osvw ibs skinit wdt hw_pstate npt lbrv svm_lock nrip_save
bogomips	: 6399.95
TLB size	: 1024 4K pages
clflush size	: 64
cache_alignment	: 64
address sizes	: 48 bits physical, 48 bits virtual
power management: ts ttp tm stc 100mhzsteps hwpstate

processor	: 2
vendor_id	: AuthenticAMD
cpu family	: 16
model		: 4
model name	: AMD Phenom(tm) II X4 955 Processor
stepping	: 2
microcode	: 0x1000086
cpu MHz		: 3200.000
cache size	: 512 KB
physical id	: 0
siblings	: 4
core id		: 2
cpu cores	: 4
apicid		: 2
initial apicid	: 2
fpu		: yes
fpu_exception	: yes
cpuid level	: 5
wp		: yes
flags		: fpu vme de pse tsc msr pae mce cx8 apic sep mtrr pge mca cmov pat pse36 clflush mmx fxsr sse sse2 ht syscall nx mmxext fxsr_opt pdpe1gb rdtscp lm 3dnowext 3dnow constant_tsc rep_good nopl nonstop_tsc extd_apicid pni monitor cx16 popcnt lahf_lm cmp_legacy svm extapic cr8_legacy abm sse4a misalignsse 3dnowprefetch osvw ibs skinit wdt hw_pstate npt lbrv svm_lock nrip_save
bogomips	: 6399.95
TLB size	: 1024 4K pages
clflush size	: 64
cache_alignment	: 64
address sizes	: 48 bits physical, 48 bits virtual
power management: ts ttp tm stc 100mhzsteps hwpstate

processor	: 3
vendor_id	: AuthenticAMD
cpu family	: 16
model		: 4
model name	: AMD Phenom(tm) II X4 955 Processor
stepping	: 2
microcode	: 0x1000086
cpu MHz		: 3200.000
cache size	: 512 KB
physical id	: 0
siblings	: 4
core id		: 3
cpu cores	: 4
apicid		: 3
initial apicid	: 3
fpu		: yes
fpu_exception	: yes
cpuid level	: 5
wp		: yes
flags		: fpu vme de pse tsc msr pae mce cx8 apic sep mtrr pge mca cmov pat pse36 clflush mmx fxsr sse sse2 ht syscall nx mmxext fxsr_opt pdpe1gb rdtscp lm 3dnowext 3dnow constant_tsc rep_good nopl nonstop_tsc extd_apicid pni monitor cx16 popcnt lahf_lm cmp_legacy svm extapic cr8_legacy abm sse4a misalignsse 3dnowprefetch osvw ibs skinit wdt hw_pstate npt lbrv svm_lock nrip_save
bogomips	: 6399.95
TLB size	: 1024 4K pages
clflush size	: 64
cache_alignment	: 64
address sizes	: 48 bits physical, 48 bits virtual
power management: ts ttp tm stc 100mhzsteps hwpstate



Memory: 4k page, physical 4048044k(758524k free), swap 0k(0k free)

vm_info: Java HotSpot(TM) 64-Bit Server VM (25.45-b02) for linux-amd64 JRE (1.8.0_45-b14), built on Apr 10 2015 10:07:45 by "java_re" with gcc 4.3.0 20080428 (Red Hat 4.3.0-8)

time: Wed Aug 12 22:00:36 2015
elapsed time: 29 seconds (0d 0h 0m 29s)

