#
# There is insufficient memory for the Java Runtime Environment to continue.
# Native memory allocation (mmap) failed to map 40894464 bytes for committing reserved memory.
# Possible reasons:
#   The system is out of physical RAM or swap space
#   In 32 bit mode, the process size limit was hit
# Possible solutions:
#   Reduce memory load on the system
#   Increase physical memory or swap space
#   Check if swap backing store is full
#   Use 64 bit Java on a 64 bit OS
#   Decrease Java heap size (-Xmx/-Xms)
#   Decrease number of Java threads
#   Decrease Java thread stack sizes (-Xss)
#   Set larger code cache with -XX:ReservedCodeCacheSize=
# This output file may be truncated or incomplete.
#
#  Out of Memory Error (os_linux.cpp:2673), pid=9088, tid=140273217246976
#
# JRE version: Java(TM) SE Runtime Environment (8.0_45-b14) (build 1.8.0_45-b14)
# Java VM: Java HotSpot(TM) 64-Bit Server VM (25.45-b02 mixed mode linux-amd64 compressed oops)
# Failed to write core dump. Core dumps have been disabled. To enable core dumping, try "ulimit -c unlimited" before starting Java again
#

---------------  T H R E A D  ---------------

Current thread (0x00007f9404077800):  VMThread [stack: 0x00007f93e7391000,0x00007f93e7492000] [id=9103]

Stack: [0x00007f93e7391000,0x00007f93e7492000],  sp=0x00007f93e74900e0,  free space=1020k
Native frames: (J=compiled Java code, j=interpreted, Vv=VM code, C=native code)
V  [libjvm.so+0xaac99a]  VMError::report_and_die()+0x2ba
V  [libjvm.so+0x4f333b]  report_vm_out_of_memory(char const*, int, unsigned long, VMErrorType, char const*)+0x8b
V  [libjvm.so+0x90e7c3]  os::Linux::commit_memory_impl(char*, unsigned long, bool)+0x103
V  [libjvm.so+0x90ed19]  os::pd_commit_memory(char*, unsigned long, unsigned long, bool)+0x29
V  [libjvm.so+0x90867a]  os::commit_memory(char*, unsigned long, unsigned long, bool)+0x2a
V  [libjvm.so+0x97bac3]  PSVirtualSpace::expand_by(unsigned long)+0x53
V  [libjvm.so+0x97cec8]  PSYoungGen::resize_generation(unsigned long, unsigned long)+0xf8
V  [libjvm.so+0x97c022]  PSYoungGen::resize(unsigned long, unsigned long)+0x22
V  [libjvm.so+0x9792fb]  PSScavenge::invoke_no_policy()+0xf7b
V  [libjvm.so+0x979a81]  PSScavenge::invoke()+0x41
V  [libjvm.so+0x932050]  ParallelScavengeHeap::failed_mem_allocate(unsigned long)+0x70
V  [libjvm.so+0xaae1d7]  VM_ParallelGCFailedAllocation::doit()+0x97
V  [libjvm.so+0xab59c5]  VM_Operation::evaluate()+0x55
V  [libjvm.so+0xab3d9a]  VMThread::evaluate_operation(VM_Operation*)+0xba
V  [libjvm.so+0xab411e]  VMThread::loop()+0x1ce
V  [libjvm.so+0xab4590]  VMThread::run()+0x70
V  [libjvm.so+0x910de8]  java_start(Thread*)+0x108

VM_Operation (0x00007f940db219f0): ParallelGCFailedAllocation, mode: safepoint, requested by thread 0x00007f940400a000


---------------  P R O C E S S  ---------------

Java Threads: ( => current thread )
  0x00007f94040c2800 JavaThread "Service Thread" daemon [_thread_blocked, id=9117, stack(0x00007f93e69c1000,0x00007f93e6ac2000)]
  0x00007f94040bd000 JavaThread "C1 CompilerThread2" daemon [_thread_blocked, id=9115, stack(0x00007f93e6ac2000,0x00007f93e6bc3000)]
  0x00007f94040bb800 JavaThread "C2 CompilerThread1" daemon [_thread_blocked, id=9113, stack(0x00007f93e6bc3000,0x00007f93e6cc4000)]
  0x00007f94040b8800 JavaThread "C2 CompilerThread0" daemon [_thread_blocked, id=9111, stack(0x00007f93e6cc4000,0x00007f93e6dc5000)]
  0x00007f94040b7000 JavaThread "Signal Dispatcher" daemon [_thread_blocked, id=9109, stack(0x00007f93e6dc5000,0x00007f93e6ec6000)]
  0x00007f940407f000 JavaThread "Finalizer" daemon [_thread_blocked, id=9107, stack(0x00007f93e718f000,0x00007f93e7290000)]
  0x00007f940407c800 JavaThread "Reference Handler" daemon [_thread_blocked, id=9106, stack(0x00007f93e7290000,0x00007f93e7391000)]
  0x00007f940400a000 JavaThread "main" [_thread_blocked, id=9092, stack(0x00007f940da23000,0x00007f940db24000)]

Other Threads:
=>0x00007f9404077800 VMThread [stack: 0x00007f93e7391000,0x00007f93e7492000] [id=9103]
  0x00007f94040c4800 WatcherThread [stack: 0x00007f93e68c0000,0x00007f93e69c1000] [id=9120]

VM state:at safepoint (normal execution)

VM Mutex/Monitor currently owned by a thread:  ([mutex/lock_event])
[0x00007f9404006330] Threads_lock - owner thread: 0x00007f9404077800
[0x00007f9404006830] Heap_lock - owner thread: 0x00007f940400a000

Heap:
 PSYoungGen      total 34304K, used 2531K [0x00000000eab00000, 0x00000000ecf00000, 0x0000000100000000)
  eden space 31744K, 0% used [0x00000000eab00000,0x00000000eab00000,0x00000000eca00000)
  from space 2560K, 98% used [0x00000000eca00000,0x00000000ecc78c50,0x00000000ecc80000)
  to   space 2560K, 0% used [0x00000000ecc80000,0x00000000ecc80000,0x00000000ecf00000)
 ParOldGen       total 42496K, used 12535K [0x00000000c0000000, 0x00000000c2980000, 0x00000000eab00000)
  object space 42496K, 29% used [0x00000000c0000000,0x00000000c0c3de40,0x00000000c2980000)
 Metaspace       used 5843K, capacity 7088K, committed 7296K, reserved 1056768K
  class space    used 551K, capacity 616K, committed 640K, reserved 1048576K

Card table byte_map: [0x00007f940a602000,0x00007f940a803000] byte_map_base: 0x00007f940a002000

Marking Bits: (ParMarkBitMap*) 0x00007f940cf00760
 Begin Bits: [0x00007f94080a8000, 0x00007f94090a8000)
 End Bits:   [0x00007f94090a8000, 0x00007f940a0a8000)

Polling page: 0x00007f940db47000

CodeCache: size=245760Kb used=6687Kb max_used=6687Kb free=239072Kb
 bounds [0x00007f93f5000000, 0x00007f93f5690000, 0x00007f9404000000]
 total_blobs=1858 nmethods=1593 adapters=178
 compilation: enabled

Compilation events (10 events):
Event: 5.585 Thread 0x00007f94040bd000 1610       2       java.lang.String::<init> (15 bytes)
Event: 5.591 Thread 0x00007f94040bd000 nmethod 1610 0x00007f93f5681490 code [0x00007f93f5681600, 0x00007f93f5681888]
Event: 5.591 Thread 0x00007f94040bd000 1612       2       com.android.dx.util.Hex::u2 (44 bytes)
Event: 5.592 Thread 0x00007f94040bd000 nmethod 1612 0x00007f93f5681990 code [0x00007f93f5681b20, 0x00007f93f5681f78]
Event: 5.592 Thread 0x00007f94040bd000 1611       2       com.android.dx.cf.code.OneLocalsArray::makeInitialized (55 bytes)
Event: 5.595 Thread 0x00007f94040bd000 nmethod 1611 0x00007f93f5682150 code [0x00007f93f56822e0, 0x00007f93f5682698]
Event: 5.613 Thread 0x00007f94040bd000 1613       2       com.android.dx.dex.file.ValueEncoder::addContents (75 bytes)
Event: 5.614 Thread 0x00007f94040bd000 nmethod 1613 0x00007f93f5682990 code [0x00007f93f5682b80, 0x00007f93f5683218]
Event: 5.647 Thread 0x00007f94040bd000 1614       1       com.android.dx.cf.attrib.AttInnerClasses::getInnerClasses (5 bytes)
Event: 5.647 Thread 0x00007f94040bd000 nmethod 1614 0x00007f93f5683850 code [0x00007f93f56839a0, 0x00007f93f5683ab0]

GC Heap History (9 events):
Event: 2.241 GC heap before
{Heap before GC invocations=1 (full 0):
 PSYoungGen      total 18432K, used 15872K [0x00000000eab00000, 0x00000000ebf80000, 0x0000000100000000)
  eden space 15872K, 100% used [0x00000000eab00000,0x00000000eba80000,0x00000000eba80000)
  from space 2560K, 0% used [0x00000000ebd00000,0x00000000ebd00000,0x00000000ebf80000)
  to   space 2560K, 0% used [0x00000000eba80000,0x00000000eba80000,0x00000000ebd00000)
 ParOldGen       total 42496K, used 0K [0x00000000c0000000, 0x00000000c2980000, 0x00000000eab00000)
  object space 42496K, 0% used [0x00000000c0000000,0x00000000c0000000,0x00000000c2980000)
 Metaspace       used 5480K, capacity 6768K, committed 7040K, reserved 1056768K
  class space    used 546K, capacity 616K, committed 640K, reserved 1048576K
Event: 2.260 GC heap after
Heap after GC invocations=1 (full 0):
 PSYoungGen      total 18432K, used 2551K [0x00000000eab00000, 0x00000000ebf80000, 0x0000000100000000)
  eden space 15872K, 0% used [0x00000000eab00000,0x00000000eab00000,0x00000000eba80000)
  from space 2560K, 99% used [0x00000000eba80000,0x00000000ebcfdc78,0x00000000ebd00000)
  to   space 2560K, 0% used [0x00000000ebd00000,0x00000000ebd00000,0x00000000ebf80000)
 ParOldGen       total 42496K, used 1630K [0x00000000c0000000, 0x00000000c2980000, 0x00000000eab00000)
  object space 42496K, 3% used [0x00000000c0000000,0x00000000c0197a20,0x00000000c2980000)
 Metaspace       used 5480K, capacity 6768K, committed 7040K, reserved 1056768K
  class space    used 546K, capacity 616K, committed 640K, reserved 1048576K
}
Event: 3.597 GC heap before
{Heap before GC invocations=2 (full 0):
 PSYoungGen      total 18432K, used 18423K [0x00000000eab00000, 0x00000000ebf80000, 0x0000000100000000)
  eden space 15872K, 100% used [0x00000000eab00000,0x00000000eba80000,0x00000000eba80000)
  from space 2560K, 99% used [0x00000000eba80000,0x00000000ebcfdc78,0x00000000ebd00000)
  to   space 2560K, 0% used [0x00000000ebd00000,0x00000000ebd00000,0x00000000ebf80000)
 ParOldGen       total 42496K, used 1630K [0x00000000c0000000, 0x00000000c2980000, 0x00000000eab00000)
  object space 42496K, 3% used [0x00000000c0000000,0x00000000c0197a20,0x00000000c2980000)
 Metaspace       used 5704K, capacity 6960K, committed 7040K, reserved 1056768K
  class space    used 548K, capacity 616K, committed 640K, reserved 1048576K
Event: 3.615 GC heap after
Heap after GC invocations=2 (full 0):
 PSYoungGen      total 18432K, used 2536K [0x00000000eab00000, 0x00000000ecf00000, 0x0000000100000000)
  eden space 15872K, 0% used [0x00000000eab00000,0x00000000eab00000,0x00000000eba80000)
  from space 2560K, 99% used [0x00000000ebd00000,0x00000000ebf7a060,0x00000000ebf80000)
  to   space 2560K, 0% used [0x00000000eba80000,0x00000000eba80000,0x00000000ebd00000)
 ParOldGen       total 42496K, used 4040K [0x00000000c0000000, 0x00000000c2980000, 0x00000000eab00000)
  object space 42496K, 9% used [0x00000000c0000000,0x00000000c03f2058,0x00000000c2980000)
 Metaspace       used 5704K, capacity 6960K, committed 7040K, reserved 1056768K
  class space    used 548K, capacity 616K, committed 640K, reserved 1048576K
}
Event: 4.128 GC heap before
{Heap before GC invocations=3 (full 0):
 PSYoungGen      total 18432K, used 18408K [0x00000000eab00000, 0x00000000ecf00000, 0x0000000100000000)
  eden space 15872K, 100% used [0x00000000eab00000,0x00000000eba80000,0x00000000eba80000)
  from space 2560K, 99% used [0x00000000ebd00000,0x00000000ebf7a060,0x00000000ebf80000)
  to   space 2560K, 0% used [0x00000000eba80000,0x00000000eba80000,0x00000000ebd00000)
 ParOldGen       total 42496K, used 4040K [0x00000000c0000000, 0x00000000c2980000, 0x00000000eab00000)
  object space 42496K, 9% used [0x00000000c0000000,0x00000000c03f2058,0x00000000c2980000)
 Metaspace       used 5768K, capacity 7024K, committed 7296K, reserved 1056768K
  class space    used 548K, capacity 616K, committed 640K, reserved 1048576K
Event: 4.151 GC heap after
Heap after GC invocations=3 (full 0):
 PSYoungGen      total 18432K, used 2539K [0x00000000eab00000, 0x00000000ecf00000, 0x0000000100000000)
  eden space 15872K, 0% used [0x00000000eab00000,0x00000000eab00000,0x00000000eba80000)
  from space 2560K, 99% used [0x00000000eba80000,0x00000000ebcfae58,0x00000000ebd00000)
  to   space 2560K, 0% used [0x00000000ecc80000,0x00000000ecc80000,0x00000000ecf00000)
 ParOldGen       total 42496K, used 6297K [0x00000000c0000000, 0x00000000c2980000, 0x00000000eab00000)
  object space 42496K, 14% used [0x00000000c0000000,0x00000000c0626588,0x00000000c2980000)
 Metaspace       used 5768K, capacity 7024K, committed 7296K, reserved 1056768K
  class space    used 548K, capacity 616K, committed 640K, reserved 1048576K
}
Event: 4.775 GC heap before
{Heap before GC invocations=4 (full 0):
 PSYoungGen      total 18432K, used 18411K [0x00000000eab00000, 0x00000000ecf00000, 0x0000000100000000)
  eden space 15872K, 100% used [0x00000000eab00000,0x00000000eba80000,0x00000000eba80000)
  from space 2560K, 99% used [0x00000000eba80000,0x00000000ebcfae58,0x00000000ebd00000)
  to   space 2560K, 0% used [0x00000000ecc80000,0x00000000ecc80000,0x00000000ecf00000)
 ParOldGen       total 42496K, used 6297K [0x00000000c0000000, 0x00000000c2980000, 0x00000000eab00000)
  object space 42496K, 14% used [0x00000000c0000000,0x00000000c0626588,0x00000000c2980000)
 Metaspace       used 5830K, capacity 7088K, committed 7296K, reserved 1056768K
  class space    used 551K, capacity 616K, committed 640K, reserved 1048576K
Event: 4.868 GC heap after
Heap after GC invocations=4 (full 0):
 PSYoungGen      total 34304K, used 2530K [0x00000000eab00000, 0x00000000ecf00000, 0x0000000100000000)
  eden space 31744K, 0% used [0x00000000eab00000,0x00000000eab00000,0x00000000eca00000)
  from space 2560K, 98% used [0x00000000ecc80000,0x00000000ecef8a90,0x00000000ecf00000)
  to   space 2560K, 0% used [0x00000000eca00000,0x00000000eca00000,0x00000000ecc80000)
 ParOldGen       total 42496K, used 8826K [0x00000000c0000000, 0x00000000c2980000, 0x00000000eab00000)
  object space 42496K, 20% used [0x00000000c0000000,0x00000000c089e8c0,0x00000000c2980000)
 Metaspace       used 5830K, capacity 7088K, committed 7296K, reserved 1056768K
  class space    used 551K, capacity 616K, committed 640K, reserved 1048576K
}
Event: 5.843 GC heap before
{Heap before GC invocations=5 (full 0):
 PSYoungGen      total 34304K, used 34274K [0x00000000eab00000, 0x00000000ecf00000, 0x0000000100000000)
  eden space 31744K, 100% used [0x00000000eab00000,0x00000000eca00000,0x00000000eca00000)
  from space 2560K, 98% used [0x00000000ecc80000,0x00000000ecef8a90,0x00000000ecf00000)
  to   space 2560K, 0% used [0x00000000eca00000,0x00000000eca00000,0x00000000ecc80000)
 ParOldGen       total 42496K, used 8826K [0x00000000c0000000, 0x00000000c2980000, 0x00000000eab00000)
  object space 42496K, 20% used [0x00000000c0000000,0x00000000c089e8c0,0x00000000c2980000)
 Metaspace       used 5843K, capacity 7088K, committed 7296K, reserved 1056768K
  class space    used 551K, capacity 616K, committed 640K, reserved 1048576K

Deoptimization events (10 events):
Event: 4.956 Thread 0x00007f940400a000 Uncommon trap: reason=bimorphic action=maybe_recompile pc=0x00007f93f559ce14 method=java.util.HashMap.getNode(ILjava/lang/Object;)Ljava/util/HashMap$Node; @ 126
Event: 4.956 Thread 0x00007f940400a000 Uncommon trap: reason=bimorphic action=maybe_recompile pc=0x00007f93f559ce14 method=java.util.HashMap.getNode(ILjava/lang/Object;)Ljava/util/HashMap$Node; @ 126
Event: 4.956 Thread 0x00007f940400a000 Uncommon trap: reason=bimorphic action=maybe_recompile pc=0x00007f93f559ce14 method=java.util.HashMap.getNode(ILjava/lang/Object;)Ljava/util/HashMap$Node; @ 126
Event: 5.007 Thread 0x00007f940400a000 Uncommon trap: reason=unstable_if action=reinterpret pc=0x00007f93f563b594 method=com.android.dx.rop.code.RegisterSpecSet.localItemToSpec(Lcom/android/dx/rop/code/LocalItem;)Lcom/android/dx/rop/code/RegisterSpec; @ 35
Event: 5.086 Thread 0x00007f940400a000 Uncommon trap: reason=null_check action=make_not_entrant pc=0x00007f93f5599490 method=com.android.dx.rop.type.Type.equals(Ljava/lang/Object;)Z @ 8
Event: 5.120 Thread 0x00007f940400a000 Uncommon trap: reason=bimorphic action=maybe_recompile pc=0x00007f93f55a2d90 method=java.util.HashMap.getNode(ILjava/lang/Object;)Ljava/util/HashMap$Node; @ 126
Event: 5.120 Thread 0x00007f940400a000 Uncommon trap: reason=class_check action=maybe_recompile pc=0x00007f93f5538b98 method=java.util.HashMap.putVal(ILjava/lang/Object;Ljava/lang/Object;ZZ)Ljava/lang/Object; @ 203
Event: 5.440 Thread 0x00007f940400a000 Uncommon trap: reason=unstable_if action=reinterpret pc=0x00007f93f53c184c method=com.android.dx.rop.code.LocalItem.hashCode()I @ 25
Event: 5.444 Thread 0x00007f940400a000 Uncommon trap: reason=unstable_if action=reinterpret pc=0x00007f93f53e8f10 method=com.android.dx.rop.code.LocalItem.hashCode()I @ 25
Event: 5.450 Thread 0x00007f940400a000 Uncommon trap: reason=unstable_if action=reinterpret pc=0x00007f93f53ae268 method=com.android.dx.rop.code.LocalItem.hashCode()I @ 25

Internal exceptions (4 events):
Event: 0.200 Thread 0x00007f940400a000 Exception <a 'java/lang/NoSuchMethodError': Method sun.misc.Unsafe.defineClass(Ljava/lang/String;[BII)Ljava/lang/Class; name or signature does not match> (0x00000000eab12a38) thrown at [/RE-WORK/workspace/8-2-build-linux-amd64/jdk8u45/3457/hotspot/src/sha
Event: 0.200 Thread 0x00007f940400a000 Exception <a 'java/lang/NoSuchMethodError': Method sun.misc.Unsafe.prefetchRead(Ljava/lang/Object;J)V name or signature does not match> (0x00000000eab12cc8) thrown at [/RE-WORK/workspace/8-2-build-linux-amd64/jdk8u45/3457/hotspot/src/share/vm/prims/jni.cp
Event: 2.710 Thread 0x00007f940400a000 Implicit null exception at 0x00007f93f5380951 to 0x00007f93f538298d
Event: 5.086 Thread 0x00007f940400a000 Implicit null exception at 0x00007f93f55993e2 to 0x00007f93f5599482

Events (10 events):
Event: 5.440 Thread 0x00007f940400a000 Uncommon trap: trap_request=0xffffff65 fr.pc=0x00007f93f53c184c
Event: 5.440 Thread 0x00007f940400a000 DEOPT PACKING pc=0x00007f93f53c184c sp=0x00007f940db21ab0
Event: 5.441 Thread 0x00007f940400a000 DEOPT UNPACKING pc=0x00007f93f5005229 sp=0x00007f940db21938 mode 2
Event: 5.441 Thread 0x00007f940400a000 Uncommon trap: trap_request=0xffffff65 fr.pc=0x00007f93f53e8f10
Event: 5.445 Thread 0x00007f940400a000 DEOPT PACKING pc=0x00007f93f53e8f10 sp=0x00007f940db21b20
Event: 5.446 Thread 0x00007f940400a000 DEOPT UNPACKING pc=0x00007f93f5005229 sp=0x00007f940db218f0 mode 2
Event: 5.450 Thread 0x00007f940400a000 Uncommon trap: trap_request=0xffffff65 fr.pc=0x00007f93f53ae268
Event: 5.450 Thread 0x00007f940400a000 DEOPT PACKING pc=0x00007f93f53ae268 sp=0x00007f940db21950
Event: 5.450 Thread 0x00007f940400a000 DEOPT UNPACKING pc=0x00007f93f5005229 sp=0x00007f940db218a8 mode 2
Event: 5.809 Executing VM operation: ParallelGCFailedAllocation


Dynamic libraries:
00400000-00401000 r-xp 00000000 08:03 1572315                            /opt/java/jdk1.8.0_45/bin/java
00600000-00601000 rw-p 00000000 08:03 1572315                            /opt/java/jdk1.8.0_45/bin/java
010cb000-010ec000 rw-p 00000000 00:00 0                                  [heap]
c0000000-c2980000 rw-p 00000000 00:00 0 
c2980000-eab00000 ---p 00000000 00:00 0 
eab00000-ecf00000 rw-p 00000000 00:00 0 
ef600000-100000000 ---p 00000000 00:00 0 
100000000-1000a0000 rw-p 00000000 00:00 0 
1000a0000-140000000 ---p 00000000 00:00 0 
7f93bc000000-7f93bc021000 rw-p 00000000 00:00 0 
7f93bc021000-7f93c0000000 ---p 00000000 00:00 0 
7f93c0000000-7f93c0021000 rw-p 00000000 00:00 0 
7f93c0021000-7f93c4000000 ---p 00000000 00:00 0 
7f93c4000000-7f93c4e93000 rw-p 00000000 00:00 0 
7f93c4e93000-7f93c8000000 ---p 00000000 00:00 0 
7f93c8000000-7f93c8663000 rw-p 00000000 00:00 0 
7f93c8663000-7f93cc000000 ---p 00000000 00:00 0 
7f93cc000000-7f93cc021000 rw-p 00000000 00:00 0 
7f93cc021000-7f93d0000000 ---p 00000000 00:00 0 
7f93d0000000-7f93d0790000 rw-p 00000000 00:00 0 
7f93d0790000-7f93d4000000 ---p 00000000 00:00 0 
7f93d4000000-7f93d4021000 rw-p 00000000 00:00 0 
7f93d4021000-7f93d8000000 ---p 00000000 00:00 0 
7f93d8000000-7f93d8021000 rw-p 00000000 00:00 0 
7f93d8021000-7f93dc000000 ---p 00000000 00:00 0 
7f93dc000000-7f93dc292000 rw-p 00000000 00:00 0 
7f93dc292000-7f93e0000000 ---p 00000000 00:00 0 
7f93e0000000-7f93e0021000 rw-p 00000000 00:00 0 
7f93e0021000-7f93e4000000 ---p 00000000 00:00 0 
7f93e68ae000-7f93e68c0000 r--s 000c6000 00:19 11272985                   /home/mike/AndroidStudioProjects/Wordist/app/build/intermediates/exploded-aar/com.android.support/support-v4/22.2.0/jars/classes.jar
7f93e68c0000-7f93e68c1000 ---p 00000000 00:00 0 
7f93e68c1000-7f93e69c1000 rw-p 00000000 00:00 0                          [stack:9120]
7f93e69c1000-7f93e69c4000 ---p 00000000 00:00 0 
7f93e69c4000-7f93e6ac2000 rw-p 00000000 00:00 0                          [stack:9117]
7f93e6ac2000-7f93e6ac5000 ---p 00000000 00:00 0 
7f93e6ac5000-7f93e6bc3000 rw-p 00000000 00:00 0                          [stack:9115]
7f93e6bc3000-7f93e6bc6000 ---p 00000000 00:00 0 
7f93e6bc6000-7f93e6cc4000 rw-p 00000000 00:00 0                          [stack:9113]
7f93e6cc4000-7f93e6cc7000 ---p 00000000 00:00 0 
7f93e6cc7000-7f93e6dc5000 rw-p 00000000 00:00 0                          [stack:9111]
7f93e6dc5000-7f93e6dc8000 ---p 00000000 00:00 0 
7f93e6dc8000-7f93e6ec6000 rw-p 00000000 00:00 0                          [stack:9109]
7f93e6ec6000-7f93e718f000 r--p 00000000 08:03 266989                     /usr/lib/locale/locale-archive
7f93e718f000-7f93e7192000 ---p 00000000 00:00 0 
7f93e7192000-7f93e7290000 rw-p 00000000 00:00 0                          [stack:9107]
7f93e7290000-7f93e7293000 ---p 00000000 00:00 0 
7f93e7293000-7f93e7391000 rw-p 00000000 00:00 0                          [stack:9106]
7f93e7391000-7f93e7392000 ---p 00000000 00:00 0 
7f93e7392000-7f93e8000000 rw-p 00000000 00:00 0                          [stack:9103]
7f93e8000000-7f93e8021000 rw-p 00000000 00:00 0 
7f93e8021000-7f93ec000000 ---p 00000000 00:00 0 
7f93ec000000-7f93ec021000 rw-p 00000000 00:00 0 
7f93ec021000-7f93f0000000 ---p 00000000 00:00 0 
7f93f0000000-7f93f0021000 rw-p 00000000 00:00 0 
7f93f0021000-7f93f4000000 ---p 00000000 00:00 0 
7f93f4002000-7f93f4427000 rw-p 00000000 00:00 0 
7f93f4427000-7f93f4600000 r--s 03d09000 08:03 1573810                    /opt/java/jdk1.8.0_45/jre/lib/rt.jar
7f93f4600000-7f93f4c80000 rw-p 00000000 00:00 0 
7f93f4c80000-7f93f4e00000 ---p 00000000 00:00 0 
7f93f4e00000-7f93f5000000 rw-p 00000000 00:00 0 
7f93f5000000-7f93f5690000 rwxp 00000000 00:00 0 
7f93f5690000-7f9404000000 ---p 00000000 00:00 0 
7f9404000000-7f9404388000 rw-p 00000000 00:00 0 
7f9404388000-7f9408000000 ---p 00000000 00:00 0 
7f9408002000-7f9408011000 r--s 000dd000 00:19 9438599                    /home/mike/Android/Sdk/build-tools/22.0.1/lib/dx.jar
7f9408011000-7f940a0a8000 rw-p 00000000 00:00 0 
7f940a0a8000-7f940a0a9000 ---p 00000000 00:00 0 
7f940a0a9000-7f940a1a9000 rw-p 00000000 00:00 0                          [stack:9102]
7f940a1a9000-7f940a1aa000 ---p 00000000 00:00 0 
7f940a1aa000-7f940a2aa000 rw-p 00000000 00:00 0                          [stack:9101]
7f940a2aa000-7f940a2ab000 ---p 00000000 00:00 0 
7f940a2ab000-7f940a3ab000 rw-p 00000000 00:00 0                          [stack:9100]
7f940a3ab000-7f940a3ac000 ---p 00000000 00:00 0 
7f940a3ac000-7f940a4c1000 rw-p 00000000 00:00 0                          [stack:9099]
7f940a4c1000-7f940a602000 ---p 00000000 00:00 0 
7f940a602000-7f940a617000 rw-p 00000000 00:00 0 
7f940a617000-7f940a757000 ---p 00000000 00:00 0 
7f940a757000-7f940a76a000 rw-p 00000000 00:00 0 
7f940a76a000-7f940a802000 ---p 00000000 00:00 0 
7f940a802000-7f940a81e000 rw-p 00000000 00:00 0 
7f940a81e000-7f940abc3000 ---p 00000000 00:00 0 
7f940abc3000-7f940abdd000 r-xp 00000000 08:03 1574049                    /opt/java/jdk1.8.0_45/jre/lib/amd64/libzip.so
7f940abdd000-7f940addd000 ---p 0001a000 08:03 1574049                    /opt/java/jdk1.8.0_45/jre/lib/amd64/libzip.so
7f940addd000-7f940adde000 rw-p 0001a000 08:03 1574049                    /opt/java/jdk1.8.0_45/jre/lib/amd64/libzip.so
7f940adde000-7f940ade9000 r-xp 00000000 08:03 131807                     /lib/x86_64-linux-gnu/libnss_files-2.19.so
7f940ade9000-7f940afe8000 ---p 0000b000 08:03 131807                     /lib/x86_64-linux-gnu/libnss_files-2.19.so
7f940afe8000-7f940afe9000 r--p 0000a000 08:03 131807                     /lib/x86_64-linux-gnu/libnss_files-2.19.so
7f940afe9000-7f940afea000 rw-p 0000b000 08:03 131807                     /lib/x86_64-linux-gnu/libnss_files-2.19.so
7f940afea000-7f940aff5000 r-xp 00000000 08:03 131871                     /lib/x86_64-linux-gnu/libnss_nis-2.19.so
7f940aff5000-7f940b1f4000 ---p 0000b000 08:03 131871                     /lib/x86_64-linux-gnu/libnss_nis-2.19.so
7f940b1f4000-7f940b1f5000 r--p 0000a000 08:03 131871                     /lib/x86_64-linux-gnu/libnss_nis-2.19.so
7f940b1f5000-7f940b1f6000 rw-p 0000b000 08:03 131871                     /lib/x86_64-linux-gnu/libnss_nis-2.19.so
7f940b1f6000-7f940b20d000 r-xp 00000000 08:03 131829                     /lib/x86_64-linux-gnu/libnsl-2.19.so
7f940b20d000-7f940b40c000 ---p 00017000 08:03 131829                     /lib/x86_64-linux-gnu/libnsl-2.19.so
7f940b40c000-7f940b40d000 r--p 00016000 08:03 131829                     /lib/x86_64-linux-gnu/libnsl-2.19.so
7f940b40d000-7f940b40e000 rw-p 00017000 08:03 131829                     /lib/x86_64-linux-gnu/libnsl-2.19.so
7f940b40e000-7f940b410000 rw-p 00000000 00:00 0 
7f940b410000-7f940b419000 r-xp 00000000 08:03 131828                     /lib/x86_64-linux-gnu/libnss_compat-2.19.so
7f940b419000-7f940b618000 ---p 00009000 08:03 131828                     /lib/x86_64-linux-gnu/libnss_compat-2.19.so
7f940b618000-7f940b619000 r--p 00008000 08:03 131828                     /lib/x86_64-linux-gnu/libnss_compat-2.19.so
7f940b619000-7f940b61a000 rw-p 00009000 08:03 131828                     /lib/x86_64-linux-gnu/libnss_compat-2.19.so
7f940b61a000-7f940b644000 r-xp 00000000 08:03 1574040                    /opt/java/jdk1.8.0_45/jre/lib/amd64/libjava.so
7f940b644000-7f940b844000 ---p 0002a000 08:03 1574040                    /opt/java/jdk1.8.0_45/jre/lib/amd64/libjava.so
7f940b844000-7f940b846000 rw-p 0002a000 08:03 1574040                    /opt/java/jdk1.8.0_45/jre/lib/amd64/libjava.so
7f940b846000-7f940b853000 r-xp 00000000 08:03 1574047                    /opt/java/jdk1.8.0_45/jre/lib/amd64/libverify.so
7f940b853000-7f940ba53000 ---p 0000d000 08:03 1574047                    /opt/java/jdk1.8.0_45/jre/lib/amd64/libverify.so
7f940ba53000-7f940ba55000 rw-p 0000d000 08:03 1574047                    /opt/java/jdk1.8.0_45/jre/lib/amd64/libverify.so
7f940ba55000-7f940ba5c000 r-xp 00000000 08:03 131868                     /lib/x86_64-linux-gnu/librt-2.19.so
7f940ba5c000-7f940bc5b000 ---p 00007000 08:03 131868                     /lib/x86_64-linux-gnu/librt-2.19.so
7f940bc5b000-7f940bc5c000 r--p 00006000 08:03 131868                     /lib/x86_64-linux-gnu/librt-2.19.so
7f940bc5c000-7f940bc5d000 rw-p 00007000 08:03 131868                     /lib/x86_64-linux-gnu/librt-2.19.so
7f940bc5d000-7f940bd62000 r-xp 00000000 08:03 131806                     /lib/x86_64-linux-gnu/libm-2.19.so
7f940bd62000-7f940bf61000 ---p 00105000 08:03 131806                     /lib/x86_64-linux-gnu/libm-2.19.so
7f940bf61000-7f940bf62000 r--p 00104000 08:03 131806                     /lib/x86_64-linux-gnu/libm-2.19.so
7f940bf62000-7f940bf63000 rw-p 00105000 08:03 131806                     /lib/x86_64-linux-gnu/libm-2.19.so
7f940bf63000-7f940cc11000 r-xp 00000000 08:03 1574060                    /opt/java/jdk1.8.0_45/jre/lib/amd64/server/libjvm.so
7f940cc11000-7f940ce10000 ---p 00cae000 08:03 1574060                    /opt/java/jdk1.8.0_45/jre/lib/amd64/server/libjvm.so
7f940ce10000-7f940cee7000 rw-p 00cad000 08:03 1574060                    /opt/java/jdk1.8.0_45/jre/lib/amd64/server/libjvm.so
7f940cee7000-7f940cf2b000 rw-p 00000000 00:00 0 
7f940cf2b000-7f940d0e6000 r-xp 00000000 08:03 131857                     /lib/x86_64-linux-gnu/libc-2.19.so
7f940d0e6000-7f940d2e5000 ---p 001bb000 08:03 131857                     /lib/x86_64-linux-gnu/libc-2.19.so
7f940d2e5000-7f940d2e9000 r--p 001ba000 08:03 131857                     /lib/x86_64-linux-gnu/libc-2.19.so
7f940d2e9000-7f940d2eb000 rw-p 001be000 08:03 131857                     /lib/x86_64-linux-gnu/libc-2.19.so
7f940d2eb000-7f940d2f0000 rw-p 00000000 00:00 0 
7f940d2f0000-7f940d2f3000 r-xp 00000000 08:03 131810                     /lib/x86_64-linux-gnu/libdl-2.19.so
7f940d2f3000-7f940d4f2000 ---p 00003000 08:03 131810                     /lib/x86_64-linux-gnu/libdl-2.19.so
7f940d4f2000-7f940d4f3000 r--p 00002000 08:03 131810                     /lib/x86_64-linux-gnu/libdl-2.19.so
7f940d4f3000-7f940d4f4000 rw-p 00003000 08:03 131810                     /lib/x86_64-linux-gnu/libdl-2.19.so
7f940d4f4000-7f940d509000 r-xp 00000000 08:03 1573749                    /opt/java/jdk1.8.0_45/lib/amd64/jli/libjli.so
7f940d509000-7f940d709000 ---p 00015000 08:03 1573749                    /opt/java/jdk1.8.0_45/lib/amd64/jli/libjli.so
7f940d709000-7f940d70a000 rw-p 00015000 08:03 1573749                    /opt/java/jdk1.8.0_45/lib/amd64/jli/libjli.so
7f940d70a000-7f940d723000 r-xp 00000000 08:03 131858                     /lib/x86_64-linux-gnu/libpthread-2.19.so
7f940d723000-7f940d922000 ---p 00019000 08:03 131858                     /lib/x86_64-linux-gnu/libpthread-2.19.so
7f940d922000-7f940d923000 r--p 00018000 08:03 131858                     /lib/x86_64-linux-gnu/libpthread-2.19.so
7f940d923000-7f940d924000 rw-p 00019000 08:03 131858                     /lib/x86_64-linux-gnu/libpthread-2.19.so
7f940d924000-7f940d928000 rw-p 00000000 00:00 0 
7f940d928000-7f940d94b000 r-xp 00000000 08:03 131833                     /lib/x86_64-linux-gnu/ld-2.19.so
7f940d951000-7f940da23000 rw-p 00000000 00:00 0 
7f940da23000-7f940da26000 ---p 00000000 00:00 0 
7f940da26000-7f940db29000 rw-p 00000000 00:00 0                          [stack:9092]
7f940db29000-7f940db2a000 r--p 00000000 08:03 672594                     /usr/share/locale-langpack/en_GB/LC_MESSAGES/libc.mo
7f940db2a000-7f940db3e000 rw-p 00000000 00:00 0 
7f940db3e000-7f940db46000 rw-s 00000000 08:03 1574145                    /tmp/hsperfdata_mike/9088
7f940db46000-7f940db47000 rw-p 00000000 00:00 0 
7f940db47000-7f940db48000 ---p 00000000 00:00 0 
7f940db48000-7f940db4a000 rw-p 00000000 00:00 0 
7f940db4a000-7f940db4b000 r--p 00022000 08:03 131833                     /lib/x86_64-linux-gnu/ld-2.19.so
7f940db4b000-7f940db4c000 rw-p 00023000 08:03 131833                     /lib/x86_64-linux-gnu/ld-2.19.so
7f940db4c000-7f940db4d000 rw-p 00000000 00:00 0 
7fff3751c000-7fff3753d000 rw-p 00000000 00:00 0                          [stack]
7fff375fe000-7fff37600000 r-xp 00000000 00:00 0                          [vdso]
ffffffffff600000-ffffffffff601000 r-xp 00000000 00:00 0                  [vsyscall]

VM Arguments:
jvm_args: -Xmx1024M -Dfile.encoding=UTF-8 -Duser.country=GB -Duser.language=en -Duser.variant 
java_command: com.android.dx.command.Main --dex --output /home/mike/AndroidStudioProjects/Wordist/app/build/intermediates/pre-dexed/debug/classes-4e292dcf0eedebcd460bfc38d45a23050ac46222.jar /home/mike/AndroidStudioProjects/Wordist/app/build/intermediates/exploded-aar/com.android.support/support-v4/22.2.0/jars/classes.jar
java_class_path (initial): /home/mike/Android/Sdk/build-tools/22.0.1/lib/dx.jar
Launcher Type: SUN_STANDARD

Environment Variables:
PATH=/usr/local/sbin:/usr/local/bin:/usr/sbin:/usr/bin:/sbin:/bin:/usr/games:/usr/local/games
USERNAME=mike
LD_LIBRARY_PATH=/opt/android-studio/bin:
SHELL=/bin/bash
DISPLAY=:0

Signal Handlers:
SIGSEGV: [libjvm.so+0xaad1e0], sa_mask[0]=11111111011111111101111111111110, sa_flags=SA_RESTART|SA_SIGINFO
SIGBUS: [libjvm.so+0xaad1e0], sa_mask[0]=11111111011111111101111111111110, sa_flags=SA_RESTART|SA_SIGINFO
SIGFPE: [libjvm.so+0x90b450], sa_mask[0]=11111111011111111101111111111110, sa_flags=SA_RESTART|SA_SIGINFO
SIGPIPE: [libjvm.so+0x90b450], sa_mask[0]=11111111011111111101111111111110, sa_flags=SA_RESTART|SA_SIGINFO
SIGXFSZ: [libjvm.so+0x90b450], sa_mask[0]=11111111011111111101111111111110, sa_flags=SA_RESTART|SA_SIGINFO
SIGILL: [libjvm.so+0x90b450], sa_mask[0]=11111111011111111101111111111110, sa_flags=SA_RESTART|SA_SIGINFO
SIGUSR1: SIG_DFL, sa_mask[0]=00000000000000000000000000000000, sa_flags=none
SIGUSR2: [libjvm.so+0x90ca90], sa_mask[0]=00100000000000000000000000000000, sa_flags=SA_RESTART|SA_SIGINFO
SIGHUP: [libjvm.so+0x90dde0], sa_mask[0]=11111111011111111101111111111110, sa_flags=SA_RESTART|SA_SIGINFO
SIGINT: [libjvm.so+0x90dde0], sa_mask[0]=11111111011111111101111111111110, sa_flags=SA_RESTART|SA_SIGINFO
SIGTERM: [libjvm.so+0x90dde0], sa_mask[0]=11111111011111111101111111111110, sa_flags=SA_RESTART|SA_SIGINFO
SIGQUIT: [libjvm.so+0x90dde0], sa_mask[0]=11111111011111111101111111111110, sa_flags=SA_RESTART|SA_SIGINFO


---------------  S Y S T E M  ---------------

OS:DISTRIB_ID=LinuxMint
DISTRIB_RELEASE=17.2
DISTRIB_CODENAME=rafaela
DISTRIB_DESCRIPTION="Linux Mint 17.2 Rafaela"

uname:Linux 3.13.0-37-generic #64-Ubuntu SMP Mon Sep 22 21:28:38 UTC 2014 x86_64
libc:glibc 2.19 NPTL 2.19 
rlimit: STACK 8192k, CORE 0k, NPROC 30882, NOFILE 4096, AS infinity
load average:11.98 4.83 2.40

/proc/meminfo:
MemTotal:        4048044 kB
MemFree:          112212 kB
Buffers:             312 kB
Cached:            49932 kB
SwapCached:            0 kB
Active:          3480404 kB
Inactive:          44504 kB
Active(anon):    3477424 kB
Inactive(anon):    33452 kB
Active(file):       2980 kB
Inactive(file):    11052 kB
Unevictable:          88 kB
Mlocked:              88 kB
SwapTotal:             0 kB
SwapFree:              0 kB
Dirty:                48 kB
Writeback:             0 kB
AnonPages:       3474552 kB
Mapped:           162860 kB
Shmem:             36440 kB
Slab:              75900 kB
SReclaimable:      24468 kB
SUnreclaim:        51432 kB
KernelStack:        4944 kB
PageTables:        34608 kB
NFS_Unstable:          0 kB
Bounce:                0 kB
WritebackTmp:          0 kB
CommitLimit:     2024020 kB
Committed_AS:    6238504 kB
VmallocTotal:   34359738367 kB
VmallocUsed:      305664 kB
VmallocChunk:   34359428860 kB
HardwareCorrupted:     0 kB
AnonHugePages:   1300480 kB
HugePages_Total:       0
HugePages_Free:        0
HugePages_Rsvd:        0
HugePages_Surp:        0
Hugepagesize:       2048 kB
DirectMap4k:      147008 kB
DirectMap2M:     2998272 kB
DirectMap1G:     1048576 kB


CPU:total 4 (4 cores per cpu, 1 threads per core) family 16 model 4 stepping 2, cmov, cx8, fxsr, mmx, sse, sse2, sse3, popcnt, mmxext, 3dnowpref, lzcnt, sse4a, tsc, tscinvbit, tscinv

/proc/cpuinfo:
processor	: 0
vendor_id	: AuthenticAMD
cpu family	: 16
model		: 4
model name	: AMD Phenom(tm) II X4 955 Processor
stepping	: 2
microcode	: 0x1000086
cpu MHz		: 800.000
cache size	: 512 KB
physical id	: 0
siblings	: 4
core id		: 0
cpu cores	: 4
apicid		: 0
initial apicid	: 0
fpu		: yes
fpu_exception	: yes
cpuid level	: 5
wp		: yes
flags		: fpu vme de pse tsc msr pae mce cx8 apic sep mtrr pge mca cmov pat pse36 clflush mmx fxsr sse sse2 ht syscall nx mmxext fxsr_opt pdpe1gb rdtscp lm 3dnowext 3dnow constant_tsc rep_good nopl nonstop_tsc extd_apicid pni monitor cx16 popcnt lahf_lm cmp_legacy svm extapic cr8_legacy abm sse4a misalignsse 3dnowprefetch osvw ibs skinit wdt hw_pstate npt lbrv svm_lock nrip_save
bogomips	: 6399.63
TLB size	: 1024 4K pages
clflush size	: 64
cache_alignment	: 64
address sizes	: 48 bits physical, 48 bits virtual
power management: ts ttp tm stc 100mhzsteps hwpstate

processor	: 1
vendor_id	: AuthenticAMD
cpu family	: 16
model		: 4
model name	: AMD Phenom(tm) II X4 955 Processor
stepping	: 2
microcode	: 0x1000086
cpu MHz		: 3200.000
cache size	: 512 KB
physical id	: 0
siblings	: 4
core id		: 1
cpu cores	: 4
apicid		: 1
initial apicid	: 1
fpu		: yes
fpu_exception	: yes
cpuid level	: 5
wp		: yes
flags		: fpu vme de pse tsc msr pae mce cx8 apic sep mtrr pge mca cmov pat pse36 clflush mmx fxsr sse sse2 ht syscall nx mmxext fxsr_opt pdpe1gb rdtscp lm 3dnowext 3dnow constant_tsc rep_good nopl nonstop_tsc extd_apicid pni monitor cx16 popcnt lahf_lm cmp_legacy svm extapic cr8_legacy abm sse4a misalignsse 3dnowprefetch osvw ibs skinit wdt hw_pstate npt lbrv svm_lock nrip_save
bogomips	: 6399.63
TLB size	: 1024 4K pages
clflush size	: 64
cache_alignment	: 64
address sizes	: 48 bits physical, 48 bits virtual
power management: ts ttp tm stc 100mhzsteps hwpstate

processor	: 2
vendor_id	: AuthenticAMD
cpu family	: 16
model		: 4
model name	: AMD Phenom(tm) II X4 955 Processor
stepping	: 2
microcode	: 0x1000086
cpu MHz		: 3200.000
cache size	: 512 KB
physical id	: 0
siblings	: 4
core id		: 2
cpu cores	: 4
apicid		: 2
initial apicid	: 2
fpu		: yes
fpu_exception	: yes
cpuid level	: 5
wp		: yes
flags		: fpu vme de pse tsc msr pae mce cx8 apic sep mtrr pge mca cmov pat pse36 clflush mmx fxsr sse sse2 ht syscall nx mmxext fxsr_opt pdpe1gb rdtscp lm 3dnowext 3dnow constant_tsc rep_good nopl nonstop_tsc extd_apicid pni monitor cx16 popcnt lahf_lm cmp_legacy svm extapic cr8_legacy abm sse4a misalignsse 3dnowprefetch osvw ibs skinit wdt hw_pstate npt lbrv svm_lock nrip_save
bogomips	: 6399.63
TLB size	: 1024 4K pages
clflush size	: 64
cache_alignment	: 64
address sizes	: 48 bits physical, 48 bits virtual
power management: ts ttp tm stc 100mhzsteps hwpstate

processor	: 3
vendor_id	: AuthenticAMD
cpu family	: 16
model		: 4
model name	: AMD Phenom(tm) II X4 955 Processor
stepping	: 2
microcode	: 0x1000086
cpu MHz		: 3200.000
cache size	: 512 KB
physical id	: 0
siblings	: 4
core id		: 3
cpu cores	: 4
apicid		: 3
initial apicid	: 3
fpu		: yes
fpu_exception	: yes
cpuid level	: 5
wp		: yes
flags		: fpu vme de pse tsc msr pae mce cx8 apic sep mtrr pge mca cmov pat pse36 clflush mmx fxsr sse sse2 ht syscall nx mmxext fxsr_opt pdpe1gb rdtscp lm 3dnowext 3dnow constant_tsc rep_good nopl nonstop_tsc extd_apicid pni monitor cx16 popcnt lahf_lm cmp_legacy svm extapic cr8_legacy abm sse4a misalignsse 3dnowprefetch osvw ibs skinit wdt hw_pstate npt lbrv svm_lock nrip_save
bogomips	: 6399.63
TLB size	: 1024 4K pages
clflush size	: 64
cache_alignment	: 64
address sizes	: 48 bits physical, 48 bits virtual
power management: ts ttp tm stc 100mhzsteps hwpstate



Memory: 4k page, physical 4048044k(110144k free), swap 0k(0k free)

vm_info: Java HotSpot(TM) 64-Bit Server VM (25.45-b02) for linux-amd64 JRE (1.8.0_45-b14), built on Apr 10 2015 10:07:45 by "java_re" with gcc 4.3.0 20080428 (Red Hat 4.3.0-8)

time: Fri Aug 21 21:39:28 2015
elapsed time: 6 seconds (0d 0h 0m 6s)

