#
# There is insufficient memory for the Java Runtime Environment to continue.
# Native memory allocation (mmap) failed to map 130023424 bytes for committing reserved memory.
# Possible reasons:
#   The system is out of physical RAM or swap space
#   In 32 bit mode, the process size limit was hit
# Possible solutions:
#   Reduce memory load on the system
#   Increase physical memory or swap space
#   Check if swap backing store is full
#   Use 64 bit Java on a 64 bit OS
#   Decrease Java heap size (-Xmx/-Xms)
#   Decrease number of Java threads
#   Decrease Java thread stack sizes (-Xss)
#   Set larger code cache with -XX:ReservedCodeCacheSize=
# This output file may be truncated or incomplete.
#
#  Out of Memory Error (os_linux.cpp:2673), pid=1631, tid=140011225294592
#
# JRE version: Java(TM) SE Runtime Environment (8.0_45-b14) (build 1.8.0_45-b14)
# Java VM: Java HotSpot(TM) 64-Bit Server VM (25.45-b02 mixed mode linux-amd64 compressed oops)
# Failed to write core dump. Core dumps have been disabled. To enable core dumping, try "ulimit -c unlimited" before starting Java again
#

---------------  T H R E A D  ---------------

Current thread (0x00007f56fc079800):  VMThread [stack: 0x00007f56e7492000,0x00007f56e7593000] [id=1641]

Stack: [0x00007f56e7492000,0x00007f56e7593000],  sp=0x00007f56e7591160,  free space=1020k
Native frames: (J=compiled Java code, j=interpreted, Vv=VM code, C=native code)
V  [libjvm.so+0xaac99a]  VMError::report_and_die()+0x2ba
V  [libjvm.so+0x4f333b]  report_vm_out_of_memory(char const*, int, unsigned long, VMErrorType, char const*)+0x8b
V  [libjvm.so+0x90e7c3]  os::Linux::commit_memory_impl(char*, unsigned long, bool)+0x103
V  [libjvm.so+0x90ed19]  os::pd_commit_memory(char*, unsigned long, unsigned long, bool)+0x29
V  [libjvm.so+0x90867a]  os::commit_memory(char*, unsigned long, unsigned long, bool)+0x2a
V  [libjvm.so+0x97bac3]  PSVirtualSpace::expand_by(unsigned long)+0x53
V  [libjvm.so+0x97cec8]  PSYoungGen::resize_generation(unsigned long, unsigned long)+0xf8
V  [libjvm.so+0x97c022]  PSYoungGen::resize(unsigned long, unsigned long)+0x22
V  [libjvm.so+0x9792fb]  PSScavenge::invoke_no_policy()+0xf7b
V  [libjvm.so+0x979a81]  PSScavenge::invoke()+0x41
V  [libjvm.so+0x932050]  ParallelScavengeHeap::failed_mem_allocate(unsigned long)+0x70
V  [libjvm.so+0xaae1d7]  VM_ParallelGCFailedAllocation::doit()+0x97
V  [libjvm.so+0xab59c5]  VM_Operation::evaluate()+0x55
V  [libjvm.so+0xab3d9a]  VMThread::evaluate_operation(VM_Operation*)+0xba
V  [libjvm.so+0xab411e]  VMThread::loop()+0x1ce
V  [libjvm.so+0xab4590]  VMThread::run()+0x70
V  [libjvm.so+0x910de8]  java_start(Thread*)+0x108

VM_Operation (0x00007f5705c1f280): ParallelGCFailedAllocation, mode: safepoint, requested by thread 0x00007f56fc00b800


---------------  P R O C E S S  ---------------

Java Threads: ( => current thread )
  0x00007f56fc0cc000 JavaThread "Service Thread" daemon [_thread_blocked, id=1648, stack(0x00007f56e6ac2000,0x00007f56e6bc3000)]
  0x00007f56fc0bf000 JavaThread "C1 CompilerThread2" daemon [_thread_blocked, id=1647, stack(0x00007f56e6bc3000,0x00007f56e6cc4000)]
  0x00007f56fc0bd000 JavaThread "C2 CompilerThread1" daemon [_thread_blocked, id=1646, stack(0x00007f56e6cc4000,0x00007f56e6dc5000)]
  0x00007f56fc0ba800 JavaThread "C2 CompilerThread0" daemon [_thread_blocked, id=1645, stack(0x00007f56e6dc5000,0x00007f56e6ec6000)]
  0x00007f56fc0b9000 JavaThread "Signal Dispatcher" daemon [_thread_blocked, id=1644, stack(0x00007f56e6ec6000,0x00007f56e6fc7000)]
  0x00007f56fc080800 JavaThread "Finalizer" daemon [_thread_blocked, id=1643, stack(0x00007f56e7290000,0x00007f56e7391000)]
  0x00007f56fc07e800 JavaThread "Reference Handler" daemon [_thread_blocked, id=1642, stack(0x00007f56e7391000,0x00007f56e7492000)]
  0x00007f56fc00b800 JavaThread "main" [_thread_blocked, id=1636, stack(0x00007f5705b20000,0x00007f5705c21000)]

Other Threads:
=>0x00007f56fc079800 VMThread [stack: 0x00007f56e7492000,0x00007f56e7593000] [id=1641]
  0x00007f56fc0ce800 WatcherThread [stack: 0x00007f56e69c1000,0x00007f56e6ac2000] [id=1649]

VM state:at safepoint (normal execution)

VM Mutex/Monitor currently owned by a thread:  ([mutex/lock_event])
[0x00007f56fc008010] Threads_lock - owner thread: 0x00007f56fc079800
[0x00007f56fc008510] Heap_lock - owner thread: 0x00007f56fc00b800

Heap:
 PSYoungGen      total 137216K, used 9973K [0x00000000eab00000, 0x00000000f3d00000, 0x0000000100000000)
  eden space 125952K, 0% used [0x00000000eab00000,0x00000000eab00000,0x00000000f2600000)
  from space 11264K, 88% used [0x00000000f2600000,0x00000000f2fbd768,0x00000000f3100000)
  to   space 10240K, 0% used [0x00000000f3100000,0x00000000f3100000,0x00000000f3b00000)
 ParOldGen       total 42496K, used 36160K [0x00000000c0000000, 0x00000000c2980000, 0x00000000eab00000)
  object space 42496K, 85% used [0x00000000c0000000,0x00000000c2350240,0x00000000c2980000)
 Metaspace       used 7770K, capacity 7966K, committed 8320K, reserved 1056768K
  class space    used 754K, capacity 785K, committed 896K, reserved 1048576K

Card table byte_map: [0x00007f57026ff000,0x00007f5702900000] byte_map_base: 0x00007f57020ff000

Marking Bits: (ParMarkBitMap*) 0x00007f5704ffd760
 Begin Bits: [0x00007f57001a5000, 0x00007f57011a5000)
 End Bits:   [0x00007f57011a5000, 0x00007f57021a5000)

Polling page: 0x00007f5705c44000

CodeCache: size=245760Kb used=8843Kb max_used=8855Kb free=236916Kb
 bounds [0x00007f56ed000000, 0x00007f56ed8b0000, 0x00007f56fc000000]
 total_blobs=2823 nmethods=2528 adapters=210
 compilation: enabled

Compilation events (10 events):
Event: 3.125 Thread 0x00007f56fc0ba800 2544       4       com.android.dx.merge.DexMerger$2::updateIndex (50 bytes)
Event: 3.125 Thread 0x00007f56fc0bd000 2545       4       com.android.dx.merge.DexMerger$2::write (9 bytes)
Event: 3.126 Thread 0x00007f56fc0bf000 2548       3       java.util.Arrays::copyOf (46 bytes)
Event: 3.127 Thread 0x00007f56fc0bf000 nmethod 2548 0x00007f56ed8869d0 code [0x00007f56ed886b80, 0x00007f56ed887208]
Event: 3.128 Thread 0x00007f56fc0ba800 nmethod 2544 0x00007f56ed880710 code [0x00007f56ed880860, 0x00007f56ed880958]
Event: 3.128 Thread 0x00007f56fc0ba800 2550       4       java.util.HashMap::putVal (300 bytes)
Event: 3.132 Thread 0x00007f56fc0bd000 nmethod 2545 0x00007f56ed886210 code [0x00007f56ed886380, 0x00007f56ed8865b8]
Event: 3.132 Thread 0x00007f56fc0bd000 2552       4       com.android.dex.ProtoId::compareTo (9 bytes)
Event: 3.133 Thread 0x00007f56fc0bd000 nmethod 2552 0x00007f56ed858650 code [0x00007f56ed8587a0, 0x00007f56ed858878]
Event: 3.133 Thread 0x00007f56fc0bd000 2553       4       com.android.dx.merge.DexMerger$7::read (8 bytes)

GC Heap History (10 events):
Event: 0.954 GC heap after
Heap after GC invocations=2 (full 0):
 PSYoungGen      total 34304K, used 2537K [0x00000000eab00000, 0x00000000ecf00000, 0x0000000100000000)
  eden space 31744K, 0% used [0x00000000eab00000,0x00000000eab00000,0x00000000eca00000)
  from space 2560K, 99% used [0x00000000ecc80000,0x00000000ecefa4b8,0x00000000ecf00000)
  to   space 2560K, 0% used [0x00000000eca00000,0x00000000eca00000,0x00000000ecc80000)
 ParOldGen       total 42496K, used 5841K [0x00000000c0000000, 0x00000000c2980000, 0x00000000eab00000)
  object space 42496K, 13% used [0x00000000c0000000,0x00000000c05b4768,0x00000000c2980000)
 Metaspace       used 5561K, capacity 6896K, committed 7040K, reserved 1056768K
  class space    used 539K, capacity 616K, committed 640K, reserved 1048576K
}
Event: 1.227 GC heap before
{Heap before GC invocations=3 (full 0):
 PSYoungGen      total 34304K, used 34281K [0x00000000eab00000, 0x00000000ecf00000, 0x0000000100000000)
  eden space 31744K, 100% used [0x00000000eab00000,0x00000000eca00000,0x00000000eca00000)
  from space 2560K, 99% used [0x00000000ecc80000,0x00000000ecefa4b8,0x00000000ecf00000)
  to   space 2560K, 0% used [0x00000000eca00000,0x00000000eca00000,0x00000000ecc80000)
 ParOldGen       total 42496K, used 5841K [0x00000000c0000000, 0x00000000c2980000, 0x00000000eab00000)
  object space 42496K, 13% used [0x00000000c0000000,0x00000000c05b4768,0x00000000c2980000)
 Metaspace       used 5927K, capacity 7152K, committed 7296K, reserved 1056768K
  class space    used 562K, capacity 616K, committed 640K, reserved 1048576K
Event: 1.237 GC heap after
Heap after GC invocations=3 (full 0):
 PSYoungGen      total 34304K, used 2553K [0x00000000eab00000, 0x00000000eee00000, 0x0000000100000000)
  eden space 31744K, 0% used [0x00000000eab00000,0x00000000eab00000,0x00000000eca00000)
  from space 2560K, 99% used [0x00000000eca00000,0x00000000ecc7e4b8,0x00000000ecc80000)
  to   space 2560K, 0% used [0x00000000eeb80000,0x00000000eeb80000,0x00000000eee00000)
 ParOldGen       total 42496K, used 13490K [0x00000000c0000000, 0x00000000c2980000, 0x00000000eab00000)
  object space 42496K, 31% used [0x00000000c0000000,0x00000000c0d2cb28,0x00000000c2980000)
 Metaspace       used 5927K, capacity 7152K, committed 7296K, reserved 1056768K
  class space    used 562K, capacity 616K, committed 640K, reserved 1048576K
}
Event: 1.624 GC heap before
{Heap before GC invocations=4 (full 0):
 PSYoungGen      total 34304K, used 34297K [0x00000000eab00000, 0x00000000eee00000, 0x0000000100000000)
  eden space 31744K, 100% used [0x00000000eab00000,0x00000000eca00000,0x00000000eca00000)
  from space 2560K, 99% used [0x00000000eca00000,0x00000000ecc7e4b8,0x00000000ecc80000)
  to   space 2560K, 0% used [0x00000000eeb80000,0x00000000eeb80000,0x00000000eee00000)
 ParOldGen       total 42496K, used 13490K [0x00000000c0000000, 0x00000000c2980000, 0x00000000eab00000)
  object space 42496K, 31% used [0x00000000c0000000,0x00000000c0d2cb28,0x00000000c2980000)
 Metaspace       used 7621K, capacity 7928K, committed 8192K, reserved 1056768K
  class space    used 744K, capacity 752K, committed 768K, reserved 1048576K
Event: 1.662 GC heap after
Heap after GC invocations=4 (full 0):
 PSYoungGen      total 66048K, used 2553K [0x00000000eab00000, 0x00000000eee00000, 0x0000000100000000)
  eden space 63488K, 0% used [0x00000000eab00000,0x00000000eab00000,0x00000000ee900000)
  from space 2560K, 99% used [0x00000000eeb80000,0x00000000eedfe4b8,0x00000000eee00000)
  to   space 2560K, 0% used [0x00000000ee900000,0x00000000ee900000,0x00000000eeb80000)
 ParOldGen       total 42496K, used 15911K [0x00000000c0000000, 0x00000000c2980000, 0x00000000eab00000)
  object space 42496K, 37% used [0x00000000c0000000,0x00000000c0f89e60,0x00000000c2980000)
 Metaspace       used 7621K, capacity 7928K, committed 8192K, reserved 1056768K
  class space    used 744K, capacity 752K, committed 768K, reserved 1048576K
}
Event: 1.864 GC heap before
{Heap before GC invocations=5 (full 0):
 PSYoungGen      total 66048K, used 64003K [0x00000000eab00000, 0x00000000eee00000, 0x0000000100000000)
  eden space 63488K, 96% used [0x00000000eab00000,0x00000000ee7027d8,0x00000000ee900000)
  from space 2560K, 99% used [0x00000000eeb80000,0x00000000eedfe4b8,0x00000000eee00000)
  to   space 2560K, 0% used [0x00000000ee900000,0x00000000ee900000,0x00000000eeb80000)
 ParOldGen       total 42496K, used 15911K [0x00000000c0000000, 0x00000000c2980000, 0x00000000eab00000)
  object space 42496K, 37% used [0x00000000c0000000,0x00000000c0f89e60,0x00000000c2980000)
 Metaspace       used 7752K, capacity 7966K, committed 8320K, reserved 1056768K
  class space    used 754K, capacity 785K, committed 896K, reserved 1048576K
Event: 1.973 GC heap after
Heap after GC invocations=5 (full 0):
 PSYoungGen      total 66048K, used 2546K [0x00000000eab00000, 0x00000000f3b00000, 0x0000000100000000)
  eden space 63488K, 0% used [0x00000000eab00000,0x00000000eab00000,0x00000000ee900000)
  from space 2560K, 99% used [0x00000000ee900000,0x00000000eeb7ca88,0x00000000eeb80000)
  to   space 10240K, 0% used [0x00000000f3100000,0x00000000f3100000,0x00000000f3b00000)
 ParOldGen       total 42496K, used 18690K [0x00000000c0000000, 0x00000000c2980000, 0x00000000eab00000)
  object space 42496K, 43% used [0x00000000c0000000,0x00000000c1240950,0x00000000c2980000)
 Metaspace       used 7752K, capacity 7966K, committed 8320K, reserved 1056768K
  class space    used 754K, capacity 785K, committed 896K, reserved 1048576K
}
Event: 2.121 GC heap before
{Heap before GC invocations=6 (full 0):
 PSYoungGen      total 66048K, used 66034K [0x00000000eab00000, 0x00000000f3b00000, 0x0000000100000000)
  eden space 63488K, 100% used [0x00000000eab00000,0x00000000ee900000,0x00000000ee900000)
  from space 2560K, 99% used [0x00000000ee900000,0x00000000eeb7ca88,0x00000000eeb80000)
  to   space 10240K, 0% used [0x00000000f3100000,0x00000000f3100000,0x00000000f3b00000)
 ParOldGen       total 42496K, used 18690K [0x00000000c0000000, 0x00000000c2980000, 0x00000000eab00000)
  object space 42496K, 43% used [0x00000000c0000000,0x00000000c1240950,0x00000000c2980000)
 Metaspace       used 7763K, capacity 7966K, committed 8320K, reserved 1056768K
  class space    used 754K, capacity 785K, committed 896K, reserved 1048576K
Event: 2.148 GC heap after
Heap after GC invocations=6 (full 0):
 PSYoungGen      total 136192K, used 8584K [0x00000000eab00000, 0x00000000f3d00000, 0x0000000100000000)
  eden space 125952K, 0% used [0x00000000eab00000,0x00000000eab00000,0x00000000f2600000)
  from space 10240K, 83% used [0x00000000f3100000,0x00000000f3962028,0x00000000f3b00000)
  to   space 11264K, 0% used [0x00000000f2600000,0x00000000f2600000,0x00000000f3100000)
 ParOldGen       total 42496K, used 22480K [0x00000000c0000000, 0x00000000c2980000, 0x00000000eab00000)
  object space 42496K, 52% used [0x00000000c0000000,0x00000000c15f4310,0x00000000c2980000)
 Metaspace       used 7763K, capacity 7966K, committed 8320K, reserved 1056768K
  class space    used 754K, capacity 785K, committed 896K, reserved 1048576K
}
Event: 3.141 GC heap before
{Heap before GC invocations=7 (full 0):
 PSYoungGen      total 136192K, used 134536K [0x00000000eab00000, 0x00000000f3d00000, 0x0000000100000000)
  eden space 125952K, 100% used [0x00000000eab00000,0x00000000f2600000,0x00000000f2600000)
  from space 10240K, 83% used [0x00000000f3100000,0x00000000f3962028,0x00000000f3b00000)
  to   space 11264K, 0% used [0x00000000f2600000,0x00000000f2600000,0x00000000f3100000)
 ParOldGen       total 42496K, used 22480K [0x00000000c0000000, 0x00000000c2980000, 0x00000000eab00000)
  object space 42496K, 52% used [0x00000000c0000000,0x00000000c15f4310,0x00000000c2980000)
 Metaspace       used 7770K, capacity 7966K, committed 8320K, reserved 1056768K
  class space    used 754K, capacity 785K, committed 896K, reserved 1048576K

Deoptimization events (10 events):
Event: 1.382 Thread 0x00007f56fc00b800 Uncommon trap: reason=unstable_if action=reinterpret pc=0x00007f56ed68d0e8 method=java.util.HashMap.putVal(ILjava/lang/Object;Ljava/lang/Object;ZZ)Ljava/lang/Object; @ 162
Event: 1.394 Thread 0x00007f56fc00b800 Uncommon trap: reason=unstable_if action=reinterpret pc=0x00007f56ed591a20 method=java.util.HashMap.getNode(ILjava/lang/Object;)Ljava/util/HashMap$Node; @ 84
Event: 1.415 Thread 0x00007f56fc00b800 Uncommon trap: reason=unstable_if action=reinterpret pc=0x00007f56ed594e40 method=java.util.HashMap.getNode(ILjava/lang/Object;)Ljava/util/HashMap$Node; @ 84
Event: 1.457 Thread 0x00007f56fc00b800 Uncommon trap: reason=unstable_if action=reinterpret pc=0x00007f56ed68aef8 method=sun.misc.MetaIndex.mayContain(Ljava/lang/String;)Z @ 13
Event: 1.480 Thread 0x00007f56fc00b800 Uncommon trap: reason=unstable_if action=reinterpret pc=0x00007f56ed6cb540 method=com.android.dex.util.Unsigned.compare(II)I @ 26
Event: 1.487 Thread 0x00007f56fc00b800 Uncommon trap: reason=predicate action=maybe_recompile pc=0x00007f56ed725f7c method=com.android.dex.Leb128.readUnsignedLeb128(Lcom/android/dex/util/ByteInput;)I @ 41
Event: 1.500 Thread 0x00007f56fc00b800 Uncommon trap: reason=unstable_if action=reinterpret pc=0x00007f56ed6c9994 method=com.android.dx.merge.IndexMap.adjustString(I)I @ 2
Event: 1.537 Thread 0x00007f56fc00b800 Uncommon trap: reason=unstable_if action=reinterpret pc=0x00007f56ed747b60 method=com.android.dex.FieldId.compareTo(Lcom/android/dex/FieldId;)I @ 8
Event: 2.099 Thread 0x00007f56fc00b800 Uncommon trap: reason=unstable_if action=reinterpret pc=0x00007f56ed7d111c method=com.android.dex.EncodedValueCodec.readUnsignedInt(Lcom/android/dex/util/ByteInput;IZ)I @ 3
Event: 2.357 Thread 0x00007f56fc00b800 Uncommon trap: reason=unstable_if action=reinterpret pc=0x00007f56ed812f10 method=java.util.HashMap$TreeNode.balanceInsertion(Ljava/util/HashMap$TreeNode;Ljava/util/HashMap$TreeNode;)Ljava/util/HashMap$TreeNode; @ 189

Internal exceptions (7 events):
Event: 0.160 Thread 0x00007f56fc00b800 Exception <a 'java/lang/NoSuchMethodError': Method sun.misc.Unsafe.defineClass(Ljava/lang/String;[BII)Ljava/lang/Class; name or signature does not match> (0x00000000eab12a38) thrown at [/RE-WORK/workspace/8-2-build-linux-amd64/jdk8u45/3457/hotspot/src/sha
Event: 0.160 Thread 0x00007f56fc00b800 Exception <a 'java/lang/NoSuchMethodError': Method sun.misc.Unsafe.prefetchRead(Ljava/lang/Object;J)V name or signature does not match> (0x00000000eab12cc8) thrown at [/RE-WORK/workspace/8-2-build-linux-amd64/jdk8u45/3457/hotspot/src/share/vm/prims/jni.cp
Event: 0.980 Thread 0x00007f56fc00b800 Implicit null exception at 0x00007f56ed54e6e2 to 0x00007f56ed54e782
Event: 1.458 Thread 0x00007f56fc00b800 Exception <a 'java/security/PrivilegedActionException'> (0x00000000eb082ce0) thrown at [/RE-WORK/workspace/8-2-build-linux-amd64/jdk8u45/3457/hotspot/src/share/vm/prims/jvm.cpp, line 1382]
Event: 1.458 Thread 0x00007f56fc00b800 Exception <a 'java/security/PrivilegedActionException'> (0x00000000eb083028) thrown at [/RE-WORK/workspace/8-2-build-linux-amd64/jdk8u45/3457/hotspot/src/share/vm/prims/jvm.cpp, line 1382]
Event: 1.458 Thread 0x00007f56fc00b800 Exception <a 'java/security/PrivilegedActionException'> (0x00000000eb085508) thrown at [/RE-WORK/workspace/8-2-build-linux-amd64/jdk8u45/3457/hotspot/src/share/vm/prims/jvm.cpp, line 1382]
Event: 1.458 Thread 0x00007f56fc00b800 Exception <a 'java/security/PrivilegedActionException'> (0x00000000eb085850) thrown at [/RE-WORK/workspace/8-2-build-linux-amd64/jdk8u45/3457/hotspot/src/share/vm/prims/jvm.cpp, line 1382]

Events (10 events):
Event: 2.099 Thread 0x00007f56fc00b800 DEOPT PACKING pc=0x00007f56ed7d111c sp=0x00007f5705c1f2a0
Event: 2.099 Thread 0x00007f56fc00b800 DEOPT UNPACKING pc=0x00007f56ed005229 sp=0x00007f5705c1f278 mode 2
Event: 2.121 Executing VM operation: ParallelGCFailedAllocation
Event: 2.148 Executing VM operation: ParallelGCFailedAllocation done
Event: 2.237 Thread 0x00007f56fc00b800 DEOPT PACKING pc=0x00007f56ed85bf4f sp=0x00007f5705c1f1c0
Event: 2.237 Thread 0x00007f56fc00b800 DEOPT UNPACKING pc=0x00007f56ed047233 sp=0x00007f5705c1ef08 mode 0
Event: 2.357 Thread 0x00007f56fc00b800 Uncommon trap: trap_request=0xffffff65 fr.pc=0x00007f56ed812f10
Event: 2.357 Thread 0x00007f56fc00b800 DEOPT PACKING pc=0x00007f56ed812f10 sp=0x00007f5705c1f390
Event: 2.357 Thread 0x00007f56fc00b800 DEOPT UNPACKING pc=0x00007f56ed005229 sp=0x00007f5705c1f188 mode 2
Event: 3.141 Executing VM operation: ParallelGCFailedAllocation


Dynamic libraries:
00400000-00401000 r-xp 00000000 08:03 1572315                            /opt/java/jdk1.8.0_45/bin/java
00600000-00601000 rw-p 00000000 08:03 1572315                            /opt/java/jdk1.8.0_45/bin/java
00d1d000-00d3e000 rw-p 00000000 00:00 0                                  [heap]
c0000000-c2980000 rw-p 00000000 00:00 0 
c2980000-eab00000 ---p 00000000 00:00 0 
eab00000-f3d00000 rw-p 00000000 00:00 0 
fb900000-100000000 ---p 00000000 00:00 0 
100000000-1000e0000 rw-p 00000000 00:00 0 
1000e0000-140000000 ---p 00000000 00:00 0 
7f56b0000000-7f56b0021000 rw-p 00000000 00:00 0 
7f56b0021000-7f56b4000000 ---p 00000000 00:00 0 
7f56b4000000-7f56b4021000 rw-p 00000000 00:00 0 
7f56b4021000-7f56b8000000 ---p 00000000 00:00 0 
7f56b8000000-7f56b8c1e000 rw-p 00000000 00:00 0 
7f56b8c1e000-7f56bc000000 ---p 00000000 00:00 0 
7f56bc000000-7f56bc6da000 rw-p 00000000 00:00 0 
7f56bc6da000-7f56c0000000 ---p 00000000 00:00 0 
7f56c0000000-7f56c0021000 rw-p 00000000 00:00 0 
7f56c0021000-7f56c4000000 ---p 00000000 00:00 0 
7f56c4000000-7f56c4cc2000 rw-p 00000000 00:00 0 
7f56c4cc2000-7f56c8000000 ---p 00000000 00:00 0 
7f56c8000000-7f56c8021000 rw-p 00000000 00:00 0 
7f56c8021000-7f56cc000000 ---p 00000000 00:00 0 
7f56cc000000-7f56cc021000 rw-p 00000000 00:00 0 
7f56cc021000-7f56d0000000 ---p 00000000 00:00 0 
7f56d0000000-7f56d0021000 rw-p 00000000 00:00 0 
7f56d0021000-7f56d4000000 ---p 00000000 00:00 0 
7f56d4000000-7f56d428a000 rw-p 00000000 00:00 0 
7f56d428a000-7f56d8000000 ---p 00000000 00:00 0 
7f56d8000000-7f56d8021000 rw-p 00000000 00:00 0 
7f56d8021000-7f56dc000000 ---p 00000000 00:00 0 
7f56e0000000-7f56e0021000 rw-p 00000000 00:00 0 
7f56e0021000-7f56e4000000 ---p 00000000 00:00 0 
7f56e6996000-7f56e69b2000 r--s 00393000 08:03 1574015                    /opt/java/jdk1.8.0_45/jre/lib/ext/cldrdata.jar
7f56e69b2000-7f56e69c1000 r--s 000dd000 00:19 9438599                    /home/mike/Android/Sdk/build-tools/22.0.1/lib/dx.jar
7f56e69c1000-7f56e69c2000 ---p 00000000 00:00 0 
7f56e69c2000-7f56e6ac2000 rw-p 00000000 00:00 0                          [stack:1649]
7f56e6ac2000-7f56e6ac5000 ---p 00000000 00:00 0 
7f56e6ac5000-7f56e6bc3000 rw-p 00000000 00:00 0                          [stack:1648]
7f56e6bc3000-7f56e6bc6000 ---p 00000000 00:00 0 
7f56e6bc6000-7f56e6cc4000 rw-p 00000000 00:00 0                          [stack:1647]
7f56e6cc4000-7f56e6cc7000 ---p 00000000 00:00 0 
7f56e6cc7000-7f56e6dc5000 rw-p 00000000 00:00 0                          [stack:1646]
7f56e6dc5000-7f56e6dc8000 ---p 00000000 00:00 0 
7f56e6dc8000-7f56e6ec6000 rw-p 00000000 00:00 0                          [stack:1645]
7f56e6ec6000-7f56e6ec9000 ---p 00000000 00:00 0 
7f56e6ec9000-7f56e6fc7000 rw-p 00000000 00:00 0                          [stack:1644]
7f56e6fc7000-7f56e7290000 r--p 00000000 08:03 266989                     /usr/lib/locale/locale-archive
7f56e7290000-7f56e7293000 ---p 00000000 00:00 0 
7f56e7293000-7f56e7391000 rw-p 00000000 00:00 0                          [stack:1643]
7f56e7391000-7f56e7394000 ---p 00000000 00:00 0 
7f56e7394000-7f56e7492000 rw-p 00000000 00:00 0                          [stack:1642]
7f56e7492000-7f56e7493000 ---p 00000000 00:00 0 
7f56e7493000-7f56e8000000 rw-p 00000000 00:00 0                          [stack:1641]
7f56e8000000-7f56e8021000 rw-p 00000000 00:00 0 
7f56e8021000-7f56ec000000 ---p 00000000 00:00 0 
7f56ec002000-7f56ec427000 rw-p 00000000 00:00 0 
7f56ec427000-7f56ec600000 r--s 03d09000 08:03 1573810                    /opt/java/jdk1.8.0_45/jre/lib/rt.jar
7f56ec600000-7f56ecd40000 rw-p 00000000 00:00 0 
7f56ecd40000-7f56ece00000 ---p 00000000 00:00 0 
7f56ece00000-7f56ed000000 rw-p 00000000 00:00 0 
7f56ed000000-7f56ed8b0000 rwxp 00000000 00:00 0 
7f56ed8b0000-7f56fc000000 ---p 00000000 00:00 0 
7f56fc000000-7f56fc3ca000 rw-p 00000000 00:00 0 
7f56fc3ca000-7f5700000000 ---p 00000000 00:00 0 
7f5700002000-7f570000d000 r--s 00116000 08:03 1574017                    /opt/java/jdk1.8.0_45/jre/lib/ext/localedata.jar
7f570000d000-7f57021a5000 rw-p 00000000 00:00 0 
7f57021a5000-7f57021a6000 ---p 00000000 00:00 0 
7f57021a6000-7f57022a6000 rw-p 00000000 00:00 0                          [stack:1640]
7f57022a6000-7f57022a7000 ---p 00000000 00:00 0 
7f57022a7000-7f57023a7000 rw-p 00000000 00:00 0                          [stack:1639]
7f57023a7000-7f57023a8000 ---p 00000000 00:00 0 
7f57023a8000-7f57024a8000 rw-p 00000000 00:00 0                          [stack:1638]
7f57024a8000-7f57024a9000 ---p 00000000 00:00 0 
7f57024a9000-7f57025be000 rw-p 00000000 00:00 0                          [stack:1637]
7f57025be000-7f57026ff000 ---p 00000000 00:00 0 
7f57026ff000-7f5702714000 rw-p 00000000 00:00 0 
7f5702714000-7f5702854000 ---p 00000000 00:00 0 
7f5702854000-7f570289e000 rw-p 00000000 00:00 0 
7f570289e000-7f57028ff000 ---p 00000000 00:00 0 
7f57028ff000-7f5702923000 rw-p 00000000 00:00 0 
7f5702923000-7f5702cc0000 ---p 00000000 00:00 0 
7f5702cc0000-7f5702cda000 r-xp 00000000 08:03 1574049                    /opt/java/jdk1.8.0_45/jre/lib/amd64/libzip.so
7f5702cda000-7f5702eda000 ---p 0001a000 08:03 1574049                    /opt/java/jdk1.8.0_45/jre/lib/amd64/libzip.so
7f5702eda000-7f5702edb000 rw-p 0001a000 08:03 1574049                    /opt/java/jdk1.8.0_45/jre/lib/amd64/libzip.so
7f5702edb000-7f5702ee6000 r-xp 00000000 08:03 131807                     /lib/x86_64-linux-gnu/libnss_files-2.19.so
7f5702ee6000-7f57030e5000 ---p 0000b000 08:03 131807                     /lib/x86_64-linux-gnu/libnss_files-2.19.so
7f57030e5000-7f57030e6000 r--p 0000a000 08:03 131807                     /lib/x86_64-linux-gnu/libnss_files-2.19.so
7f57030e6000-7f57030e7000 rw-p 0000b000 08:03 131807                     /lib/x86_64-linux-gnu/libnss_files-2.19.so
7f57030e7000-7f57030f2000 r-xp 00000000 08:03 131871                     /lib/x86_64-linux-gnu/libnss_nis-2.19.so
7f57030f2000-7f57032f1000 ---p 0000b000 08:03 131871                     /lib/x86_64-linux-gnu/libnss_nis-2.19.so
7f57032f1000-7f57032f2000 r--p 0000a000 08:03 131871                     /lib/x86_64-linux-gnu/libnss_nis-2.19.so
7f57032f2000-7f57032f3000 rw-p 0000b000 08:03 131871                     /lib/x86_64-linux-gnu/libnss_nis-2.19.so
7f57032f3000-7f570330a000 r-xp 00000000 08:03 131829                     /lib/x86_64-linux-gnu/libnsl-2.19.so
7f570330a000-7f5703509000 ---p 00017000 08:03 131829                     /lib/x86_64-linux-gnu/libnsl-2.19.so
7f5703509000-7f570350a000 r--p 00016000 08:03 131829                     /lib/x86_64-linux-gnu/libnsl-2.19.so
7f570350a000-7f570350b000 rw-p 00017000 08:03 131829                     /lib/x86_64-linux-gnu/libnsl-2.19.so
7f570350b000-7f570350d000 rw-p 00000000 00:00 0 
7f570350d000-7f5703516000 r-xp 00000000 08:03 131828                     /lib/x86_64-linux-gnu/libnss_compat-2.19.so
7f5703516000-7f5703715000 ---p 00009000 08:03 131828                     /lib/x86_64-linux-gnu/libnss_compat-2.19.so
7f5703715000-7f5703716000 r--p 00008000 08:03 131828                     /lib/x86_64-linux-gnu/libnss_compat-2.19.so
7f5703716000-7f5703717000 rw-p 00009000 08:03 131828                     /lib/x86_64-linux-gnu/libnss_compat-2.19.so
7f5703717000-7f5703741000 r-xp 00000000 08:03 1574040                    /opt/java/jdk1.8.0_45/jre/lib/amd64/libjava.so
7f5703741000-7f5703941000 ---p 0002a000 08:03 1574040                    /opt/java/jdk1.8.0_45/jre/lib/amd64/libjava.so
7f5703941000-7f5703943000 rw-p 0002a000 08:03 1574040                    /opt/java/jdk1.8.0_45/jre/lib/amd64/libjava.so
7f5703943000-7f5703950000 r-xp 00000000 08:03 1574047                    /opt/java/jdk1.8.0_45/jre/lib/amd64/libverify.so
7f5703950000-7f5703b50000 ---p 0000d000 08:03 1574047                    /opt/java/jdk1.8.0_45/jre/lib/amd64/libverify.so
7f5703b50000-7f5703b52000 rw-p 0000d000 08:03 1574047                    /opt/java/jdk1.8.0_45/jre/lib/amd64/libverify.so
7f5703b52000-7f5703b59000 r-xp 00000000 08:03 131868                     /lib/x86_64-linux-gnu/librt-2.19.so
7f5703b59000-7f5703d58000 ---p 00007000 08:03 131868                     /lib/x86_64-linux-gnu/librt-2.19.so
7f5703d58000-7f5703d59000 r--p 00006000 08:03 131868                     /lib/x86_64-linux-gnu/librt-2.19.so
7f5703d59000-7f5703d5a000 rw-p 00007000 08:03 131868                     /lib/x86_64-linux-gnu/librt-2.19.so
7f5703d5a000-7f5703e5f000 r-xp 00000000 08:03 131806                     /lib/x86_64-linux-gnu/libm-2.19.so
7f5703e5f000-7f570405e000 ---p 00105000 08:03 131806                     /lib/x86_64-linux-gnu/libm-2.19.so
7f570405e000-7f570405f000 r--p 00104000 08:03 131806                     /lib/x86_64-linux-gnu/libm-2.19.so
7f570405f000-7f5704060000 rw-p 00105000 08:03 131806                     /lib/x86_64-linux-gnu/libm-2.19.so
7f5704060000-7f5704d0e000 r-xp 00000000 08:03 1574060                    /opt/java/jdk1.8.0_45/jre/lib/amd64/server/libjvm.so
7f5704d0e000-7f5704f0d000 ---p 00cae000 08:03 1574060                    /opt/java/jdk1.8.0_45/jre/lib/amd64/server/libjvm.so
7f5704f0d000-7f5704fe4000 rw-p 00cad000 08:03 1574060                    /opt/java/jdk1.8.0_45/jre/lib/amd64/server/libjvm.so
7f5704fe4000-7f5705028000 rw-p 00000000 00:00 0 
7f5705028000-7f57051e3000 r-xp 00000000 08:03 131857                     /lib/x86_64-linux-gnu/libc-2.19.so
7f57051e3000-7f57053e2000 ---p 001bb000 08:03 131857                     /lib/x86_64-linux-gnu/libc-2.19.so
7f57053e2000-7f57053e6000 r--p 001ba000 08:03 131857                     /lib/x86_64-linux-gnu/libc-2.19.so
7f57053e6000-7f57053e8000 rw-p 001be000 08:03 131857                     /lib/x86_64-linux-gnu/libc-2.19.so
7f57053e8000-7f57053ed000 rw-p 00000000 00:00 0 
7f57053ed000-7f57053f0000 r-xp 00000000 08:03 131810                     /lib/x86_64-linux-gnu/libdl-2.19.so
7f57053f0000-7f57055ef000 ---p 00003000 08:03 131810                     /lib/x86_64-linux-gnu/libdl-2.19.so
7f57055ef000-7f57055f0000 r--p 00002000 08:03 131810                     /lib/x86_64-linux-gnu/libdl-2.19.so
7f57055f0000-7f57055f1000 rw-p 00003000 08:03 131810                     /lib/x86_64-linux-gnu/libdl-2.19.so
7f57055f1000-7f5705606000 r-xp 00000000 08:03 1573749                    /opt/java/jdk1.8.0_45/lib/amd64/jli/libjli.so
7f5705606000-7f5705806000 ---p 00015000 08:03 1573749                    /opt/java/jdk1.8.0_45/lib/amd64/jli/libjli.so
7f5705806000-7f5705807000 rw-p 00015000 08:03 1573749                    /opt/java/jdk1.8.0_45/lib/amd64/jli/libjli.so
7f5705807000-7f5705820000 r-xp 00000000 08:03 131858                     /lib/x86_64-linux-gnu/libpthread-2.19.so
7f5705820000-7f5705a1f000 ---p 00019000 08:03 131858                     /lib/x86_64-linux-gnu/libpthread-2.19.so
7f5705a1f000-7f5705a20000 r--p 00018000 08:03 131858                     /lib/x86_64-linux-gnu/libpthread-2.19.so
7f5705a20000-7f5705a21000 rw-p 00019000 08:03 131858                     /lib/x86_64-linux-gnu/libpthread-2.19.so
7f5705a21000-7f5705a25000 rw-p 00000000 00:00 0 
7f5705a25000-7f5705a48000 r-xp 00000000 08:03 131833                     /lib/x86_64-linux-gnu/ld-2.19.so
7f5705a49000-7f5705a4e000 r--s 00094000 08:03 1573828                    /opt/java/jdk1.8.0_45/jre/lib/jsse.jar
7f5705a4e000-7f5705b20000 rw-p 00000000 00:00 0 
7f5705b20000-7f5705b23000 ---p 00000000 00:00 0 
7f5705b23000-7f5705c26000 rw-p 00000000 00:00 0                          [stack:1636]
7f5705c26000-7f5705c27000 r--p 00000000 08:03 672594                     /usr/share/locale-langpack/en_GB/LC_MESSAGES/libc.mo
7f5705c27000-7f5705c3b000 rw-p 00000000 00:00 0 
7f5705c3b000-7f5705c43000 rw-s 00000000 08:03 1574185                    /tmp/hsperfdata_mike/1631
7f5705c43000-7f5705c44000 rw-p 00000000 00:00 0 
7f5705c44000-7f5705c45000 ---p 00000000 00:00 0 
7f5705c45000-7f5705c47000 rw-p 00000000 00:00 0 
7f5705c47000-7f5705c48000 r--p 00022000 08:03 131833                     /lib/x86_64-linux-gnu/ld-2.19.so
7f5705c48000-7f5705c49000 rw-p 00023000 08:03 131833                     /lib/x86_64-linux-gnu/ld-2.19.so
7f5705c49000-7f5705c4a000 rw-p 00000000 00:00 0 
7fff5ca3f000-7fff5ca61000 rw-p 00000000 00:00 0                          [stack]
7fff5cb7b000-7fff5cb7d000 r-xp 00000000 00:00 0                          [vdso]
ffffffffff600000-ffffffffff601000 r-xp 00000000 00:00 0                  [vsyscall]

VM Arguments:
jvm_args: -Xmx1024M -Dfile.encoding=UTF-8 -Duser.country=GB -Duser.language=en -Duser.variant 
java_command: com.android.dx.command.Main --dex --output /home/mike/AndroidStudioProjects/Wordist/app/build/intermediates/dex/debug /home/mike/AndroidStudioProjects/Wordist/app/build/intermediates/classes/debug /home/mike/AndroidStudioProjects/Wordist/app/build/intermediates/pre-dexed/debug/support-annotations-22.2.0-bfa71d602cc0e11fce5350ed544c9f5e4d4a05e4.jar /home/mike/AndroidStudioProjects/Wordist/app/build/intermediates/pre-dexed/debug/classes-e01224f4b848d2f70fe036e6ffd03fad8e49b557.jar /home/mike/AndroidStudioProjects/Wordist/app/build/intermediates/pre-dexed/debug/classes-2ab3d19bd8375c4756f92f9df195e4252f17cf71.jar /home/mike/AndroidStudioProjects/Wordist/app/build/intermediates/pre-dexed/debug/classes-674e81071699e5047dc949309e33eaff0b6cf792.jar /home/mike/AndroidStudioProjects/Wordist/app/build/intermediates/pre-dexed/debug/classes-becf46f026f107f6ad7542c9b7c8b1bd96840546.jar /home/mike/AndroidStudioProjects/Wordist/app/build/intermediates/pre-dexed/debug/internal_impl-22.0.0-badf73acff408b2f94e3947ab7ebff932b700965.jar /home/mike/AndroidStudioProjects/Wordist/app/build/intermediates/pre-dexed/debug/classes-b97a6c1cf7fbeb04f196fcf80c57d4257edcc6dd.jar /home/mike/AndroidStudioProjects/Wordist/app/build/intermediates/pre-dexed/debug/classes-d24eb526a194db96263c3f6685649fd0fe6c44d5.jar /home/mike/AndroidStudioProjects/Wordist/app/build/intermediates/pre-dexed/debug/classes-d336082364352f264572be55a9b357e5ff0d11af.jar /home/mike/AndroidStudioProjects/Wordist/app/build/intermediates/pre-dexed/debug/classes-7a28f4ba4fb32a581ec7923ddf90ef95697adfea.jar /home/mike/AndroidStudioProjects/Wordist/app/build/intermediates/pre-dexed/debug/classes-2fffb6f7a97d395100aaf3eefa7e7444903a76be.jar /home/mike/AndroidStudioProjects/Wordist/app/build/intermediates/pre-dexed/debug/classes-cc0797b316f66372a2b35e75e646f3b4068a1b62.jar /home/mike/AndroidStudioProjects/Wordist/app/build/intermediates/pre-dexed/debug/classes-ba694547ab3fc3fe5bc8d34ae51866c6cab4beda.jar /home/mike/An
java_class_path (initial): /home/mike/Android/Sdk/build-tools/22.0.1/lib/dx.jar
Launcher Type: SUN_STANDARD

Environment Variables:
PATH=/usr/local/sbin:/usr/local/bin:/usr/sbin:/usr/bin:/sbin:/bin:/usr/games:/usr/local/games
USERNAME=mike
LD_LIBRARY_PATH=/opt/android-studio/bin:
SHELL=/bin/bash
DISPLAY=:0

Signal Handlers:
SIGSEGV: [libjvm.so+0xaad1e0], sa_mask[0]=11111111011111111101111111111110, sa_flags=SA_RESTART|SA_SIGINFO
SIGBUS: [libjvm.so+0xaad1e0], sa_mask[0]=11111111011111111101111111111110, sa_flags=SA_RESTART|SA_SIGINFO
SIGFPE: [libjvm.so+0x90b450], sa_mask[0]=11111111011111111101111111111110, sa_flags=SA_RESTART|SA_SIGINFO
SIGPIPE: [libjvm.so+0x90b450], sa_mask[0]=11111111011111111101111111111110, sa_flags=SA_RESTART|SA_SIGINFO
SIGXFSZ: [libjvm.so+0x90b450], sa_mask[0]=11111111011111111101111111111110, sa_flags=SA_RESTART|SA_SIGINFO
SIGILL: [libjvm.so+0x90b450], sa_mask[0]=11111111011111111101111111111110, sa_flags=SA_RESTART|SA_SIGINFO
SIGUSR1: SIG_DFL, sa_mask[0]=00000000000000000000000000000000, sa_flags=none
SIGUSR2: [libjvm.so+0x90ca90], sa_mask[0]=00100000000000000000000000000000, sa_flags=SA_RESTART|SA_SIGINFO
SIGHUP: [libjvm.so+0x90dde0], sa_mask[0]=11111111011111111101111111111110, sa_flags=SA_RESTART|SA_SIGINFO
SIGINT: [libjvm.so+0x90dde0], sa_mask[0]=11111111011111111101111111111110, sa_flags=SA_RESTART|SA_SIGINFO
SIGTERM: [libjvm.so+0x90dde0], sa_mask[0]=11111111011111111101111111111110, sa_flags=SA_RESTART|SA_SIGINFO
SIGQUIT: [libjvm.so+0x90dde0], sa_mask[0]=11111111011111111101111111111110, sa_flags=SA_RESTART|SA_SIGINFO


---------------  S Y S T E M  ---------------

OS:DISTRIB_ID=LinuxMint
DISTRIB_RELEASE=17.2
DISTRIB_CODENAME=rafaela
DISTRIB_DESCRIPTION="Linux Mint 17.2 Rafaela"

uname:Linux 3.13.0-37-generic #64-Ubuntu SMP Mon Sep 22 21:28:38 UTC 2014 x86_64
libc:glibc 2.19 NPTL 2.19 
rlimit: STACK 8192k, CORE 0k, NPROC 30882, NOFILE 4096, AS infinity
load average:0.81 0.70 1.10

/proc/meminfo:
MemTotal:        4048044 kB
MemFree:          108020 kB
Buffers:            7516 kB
Cached:           134516 kB
SwapCached:            0 kB
Active:          3339216 kB
Inactive:          92264 kB
Active(anon):    3291408 kB
Inactive(anon):    45516 kB
Active(file):      47808 kB
Inactive(file):    46748 kB
Unevictable:          88 kB
Mlocked:              88 kB
SwapTotal:             0 kB
SwapFree:              0 kB
Dirty:              5096 kB
Writeback:             0 kB
AnonPages:       3289364 kB
Mapped:           224604 kB
Shmem:             47796 kB
Slab:             100580 kB
SReclaimable:      36668 kB
SUnreclaim:        63912 kB
KernelStack:        4328 kB
PageTables:        32500 kB
NFS_Unstable:          0 kB
Bounce:                0 kB
WritebackTmp:          0 kB
CommitLimit:     2024020 kB
Committed_AS:    5644432 kB
VmallocTotal:   34359738367 kB
VmallocUsed:      305680 kB
VmallocChunk:   34359427560 kB
HardwareCorrupted:     0 kB
AnonHugePages:   1697792 kB
HugePages_Total:       0
HugePages_Free:        0
HugePages_Rsvd:        0
HugePages_Surp:        0
Hugepagesize:       2048 kB
DirectMap4k:      161344 kB
DirectMap2M:     2983936 kB
DirectMap1G:     1048576 kB


CPU:total 4 (4 cores per cpu, 1 threads per core) family 16 model 4 stepping 2, cmov, cx8, fxsr, mmx, sse, sse2, sse3, popcnt, mmxext, 3dnowpref, lzcnt, sse4a, tsc, tscinvbit, tscinv

/proc/cpuinfo:
processor	: 0
vendor_id	: AuthenticAMD
cpu family	: 16
model		: 4
model name	: AMD Phenom(tm) II X4 955 Processor
stepping	: 2
microcode	: 0x1000086
cpu MHz		: 800.000
cache size	: 512 KB
physical id	: 0
siblings	: 4
core id		: 0
cpu cores	: 4
apicid		: 0
initial apicid	: 0
fpu		: yes
fpu_exception	: yes
cpuid level	: 5
wp		: yes
flags		: fpu vme de pse tsc msr pae mce cx8 apic sep mtrr pge mca cmov pat pse36 clflush mmx fxsr sse sse2 ht syscall nx mmxext fxsr_opt pdpe1gb rdtscp lm 3dnowext 3dnow constant_tsc rep_good nopl nonstop_tsc extd_apicid pni monitor cx16 popcnt lahf_lm cmp_legacy svm extapic cr8_legacy abm sse4a misalignsse 3dnowprefetch osvw ibs skinit wdt hw_pstate npt lbrv svm_lock nrip_save
bogomips	: 6399.95
TLB size	: 1024 4K pages
clflush size	: 64
cache_alignment	: 64
address sizes	: 48 bits physical, 48 bits virtual
power management: ts ttp tm stc 100mhzsteps hwpstate

processor	: 1
vendor_id	: AuthenticAMD
cpu family	: 16
model		: 4
model name	: AMD Phenom(tm) II X4 955 Processor
stepping	: 2
microcode	: 0x1000086
cpu MHz		: 2100.000
cache size	: 512 KB
physical id	: 0
siblings	: 4
core id		: 1
cpu cores	: 4
apicid		: 1
initial apicid	: 1
fpu		: yes
fpu_exception	: yes
cpuid level	: 5
wp		: yes
flags		: fpu vme de pse tsc msr pae mce cx8 apic sep mtrr pge mca cmov pat pse36 clflush mmx fxsr sse sse2 ht syscall nx mmxext fxsr_opt pdpe1gb rdtscp lm 3dnowext 3dnow constant_tsc rep_good nopl nonstop_tsc extd_apicid pni monitor cx16 popcnt lahf_lm cmp_legacy svm extapic cr8_legacy abm sse4a misalignsse 3dnowprefetch osvw ibs skinit wdt hw_pstate npt lbrv svm_lock nrip_save
bogomips	: 6399.95
TLB size	: 1024 4K pages
clflush size	: 64
cache_alignment	: 64
address sizes	: 48 bits physical, 48 bits virtual
power management: ts ttp tm stc 100mhzsteps hwpstate

processor	: 2
vendor_id	: AuthenticAMD
cpu family	: 16
model		: 4
model name	: AMD Phenom(tm) II X4 955 Processor
stepping	: 2
microcode	: 0x1000086
cpu MHz		: 800.000
cache size	: 512 KB
physical id	: 0
siblings	: 4
core id		: 2
cpu cores	: 4
apicid		: 2
initial apicid	: 2
fpu		: yes
fpu_exception	: yes
cpuid level	: 5
wp		: yes
flags		: fpu vme de pse tsc msr pae mce cx8 apic sep mtrr pge mca cmov pat pse36 clflush mmx fxsr sse sse2 ht syscall nx mmxext fxsr_opt pdpe1gb rdtscp lm 3dnowext 3dnow constant_tsc rep_good nopl nonstop_tsc extd_apicid pni monitor cx16 popcnt lahf_lm cmp_legacy svm extapic cr8_legacy abm sse4a misalignsse 3dnowprefetch osvw ibs skinit wdt hw_pstate npt lbrv svm_lock nrip_save
bogomips	: 6399.95
TLB size	: 1024 4K pages
clflush size	: 64
cache_alignment	: 64
address sizes	: 48 bits physical, 48 bits virtual
power management: ts ttp tm stc 100mhzsteps hwpstate

processor	: 3
vendor_id	: AuthenticAMD
cpu family	: 16
model		: 4
model name	: AMD Phenom(tm) II X4 955 Processor
stepping	: 2
microcode	: 0x1000086
cpu MHz		: 2100.000
cache size	: 512 KB
physical id	: 0
siblings	: 4
core id		: 3
cpu cores	: 4
apicid		: 3
initial apicid	: 3
fpu		: yes
fpu_exception	: yes
cpuid level	: 5
wp		: yes
flags		: fpu vme de pse tsc msr pae mce cx8 apic sep mtrr pge mca cmov pat pse36 clflush mmx fxsr sse sse2 ht syscall nx mmxext fxsr_opt pdpe1gb rdtscp lm 3dnowext 3dnow constant_tsc rep_good nopl nonstop_tsc extd_apicid pni monitor cx16 popcnt lahf_lm cmp_legacy svm extapic cr8_legacy abm sse4a misalignsse 3dnowprefetch osvw ibs skinit wdt hw_pstate npt lbrv svm_lock nrip_save
bogomips	: 6399.95
TLB size	: 1024 4K pages
clflush size	: 64
cache_alignment	: 64
address sizes	: 48 bits physical, 48 bits virtual
power management: ts ttp tm stc 100mhzsteps hwpstate



Memory: 4k page, physical 4048044k(108020k free), swap 0k(0k free)

vm_info: Java HotSpot(TM) 64-Bit Server VM (25.45-b02) for linux-amd64 JRE (1.8.0_45-b14), built on Apr 10 2015 10:07:45 by "java_re" with gcc 4.3.0 20080428 (Red Hat 4.3.0-8)

time: Thu Aug 13 00:38:10 2015
elapsed time: 3 seconds (0d 0h 0m 3s)

