#
# There is insufficient memory for the Java Runtime Environment to continue.
# Native memory allocation (mmap) failed to map 87031808 bytes for committing reserved memory.
# Possible reasons:
#   The system is out of physical RAM or swap space
#   In 32 bit mode, the process size limit was hit
# Possible solutions:
#   Reduce memory load on the system
#   Increase physical memory or swap space
#   Check if swap backing store is full
#   Use 64 bit Java on a 64 bit OS
#   Decrease Java heap size (-Xmx/-Xms)
#   Decrease number of Java threads
#   Decrease Java thread stack sizes (-Xss)
#   Set larger code cache with -XX:ReservedCodeCacheSize=
# This output file may be truncated or incomplete.
#
#  Out of Memory Error (os_linux.cpp:2673), pid=7925, tid=140562189473536
#
# JRE version: Java(TM) SE Runtime Environment (8.0_45-b14) (build 1.8.0_45-b14)
# Java VM: Java HotSpot(TM) 64-Bit Server VM (25.45-b02 mixed mode linux-amd64 compressed oops)
# Failed to write core dump. Core dumps have been disabled. To enable core dumping, try "ulimit -c unlimited" before starting Java again
#

---------------  T H R E A D  ---------------

Current thread (0x00007fd74c077800):  VMThread [stack: 0x00007fd72f4f5000,0x00007fd72f5f6000] [id=7934]

Stack: [0x00007fd72f4f5000,0x00007fd72f5f6000],  sp=0x00007fd72f5f4260,  free space=1020k
Native frames: (J=compiled Java code, j=interpreted, Vv=VM code, C=native code)
V  [libjvm.so+0xaac99a]  VMError::report_and_die()+0x2ba
V  [libjvm.so+0x4f333b]  report_vm_out_of_memory(char const*, int, unsigned long, VMErrorType, char const*)+0x8b
V  [libjvm.so+0x90e7c3]  os::Linux::commit_memory_impl(char*, unsigned long, bool)+0x103
V  [libjvm.so+0x90ed19]  os::pd_commit_memory(char*, unsigned long, unsigned long, bool)+0x29
V  [libjvm.so+0x90867a]  os::commit_memory(char*, unsigned long, unsigned long, bool)+0x2a
V  [libjvm.so+0x97bac3]  PSVirtualSpace::expand_by(unsigned long)+0x53
V  [libjvm.so+0x97cec8]  PSYoungGen::resize_generation(unsigned long, unsigned long)+0xf8
V  [libjvm.so+0x97c022]  PSYoungGen::resize(unsigned long, unsigned long)+0x22
V  [libjvm.so+0x9792fb]  PSScavenge::invoke_no_policy()+0xf7b
V  [libjvm.so+0x979a81]  PSScavenge::invoke()+0x41
V  [libjvm.so+0x932050]  ParallelScavengeHeap::failed_mem_allocate(unsigned long)+0x70
V  [libjvm.so+0xaae1d7]  VM_ParallelGCFailedAllocation::doit()+0x97
V  [libjvm.so+0xab59c5]  VM_Operation::evaluate()+0x55
V  [libjvm.so+0xab3d9a]  VMThread::evaluate_operation(VM_Operation*)+0xba
V  [libjvm.so+0xab411e]  VMThread::loop()+0x1ce
V  [libjvm.so+0xab4590]  VMThread::run()+0x70
V  [libjvm.so+0x910de8]  java_start(Thread*)+0x108

VM_Operation (0x00007fd755cbc8f0): ParallelGCFailedAllocation, mode: safepoint, requested by thread 0x00007fd74c00a000


---------------  P R O C E S S  ---------------

Java Threads: ( => current thread )
  0x00007fd74c0c2000 JavaThread "Service Thread" daemon [_thread_blocked, id=7941, stack(0x00007fd72eb25000,0x00007fd72ec26000)]
  0x00007fd74c0bd000 JavaThread "C1 CompilerThread2" daemon [_thread_blocked, id=7940, stack(0x00007fd72ec26000,0x00007fd72ed27000)]
  0x00007fd74c0bb800 JavaThread "C2 CompilerThread1" daemon [_thread_blocked, id=7939, stack(0x00007fd72ed27000,0x00007fd72ee28000)]
  0x00007fd74c0b8800 JavaThread "C2 CompilerThread0" daemon [_thread_blocked, id=7938, stack(0x00007fd72ee28000,0x00007fd72ef29000)]
  0x00007fd74c0b7000 JavaThread "Signal Dispatcher" daemon [_thread_blocked, id=7937, stack(0x00007fd72ef29000,0x00007fd72f02a000)]
  0x00007fd74c07f000 JavaThread "Finalizer" daemon [_thread_blocked, id=7936, stack(0x00007fd72f2f3000,0x00007fd72f3f4000)]
  0x00007fd74c07c800 JavaThread "Reference Handler" daemon [_thread_blocked, id=7935, stack(0x00007fd72f3f4000,0x00007fd72f4f5000)]
  0x00007fd74c00a000 JavaThread "main" [_thread_blocked, id=7927, stack(0x00007fd755bbe000,0x00007fd755cbf000)]

Other Threads:
=>0x00007fd74c077800 VMThread [stack: 0x00007fd72f4f5000,0x00007fd72f5f6000] [id=7934]
  0x00007fd74c0c4800 WatcherThread [stack: 0x00007fd72ea24000,0x00007fd72eb25000] [id=7942]

VM state:at safepoint (normal execution)

VM Mutex/Monitor currently owned by a thread:  ([mutex/lock_event])
[0x00007fd74c006330] Threads_lock - owner thread: 0x00007fd74c077800
[0x00007fd74c006830] Heap_lock - owner thread: 0x00007fd74c00a000

Heap:
 PSYoungGen      total 137728K, used 16887K [0x00000000eab00000, 0x00000000f4600000, 0x0000000100000000)
  eden space 120832K, 0% used [0x00000000eab00000,0x00000000eab00000,0x00000000f2100000)
  from space 16896K, 99% used [0x00000000f2100000,0x00000000f317dc60,0x00000000f3180000)
  to   space 12800K, 0% used [0x00000000f3180000,0x00000000f3180000,0x00000000f3e00000)
 ParOldGen       total 42496K, used 40922K [0x00000000c0000000, 0x00000000c2980000, 0x00000000eab00000)
  object space 42496K, 96% used [0x00000000c0000000,0x00000000c27f68e0,0x00000000c2980000)
 Metaspace       used 5974K, capacity 7152K, committed 7296K, reserved 1056768K
  class space    used 552K, capacity 616K, committed 640K, reserved 1048576K

Card table byte_map: [0x00007fd75279d000,0x00007fd75299e000] byte_map_base: 0x00007fd75219d000

Marking Bits: (ParMarkBitMap*) 0x00007fd75509b760
 Begin Bits: [0x00007fd750243000, 0x00007fd751243000)
 End Bits:   [0x00007fd751243000, 0x00007fd752243000)

Polling page: 0x00007fd755ce2000

CodeCache: size=245760Kb used=8270Kb max_used=8270Kb free=237489Kb
 bounds [0x00007fd73d000000, 0x00007fd73d820000, 0x00007fd74c000000]
 total_blobs=2106 nmethods=1840 adapters=178
 compilation: enabled

Compilation events (10 events):
Event: 12.735 Thread 0x00007fd74c0b8800 1533       4       com.android.dx.ssa.LiteralOpUpgrader$1::visitNonMoveInsn (203 bytes)
Event: 12.777 Thread 0x00007fd74c0bb800 nmethod 1874 0x00007fd73d80c090 code [0x00007fd73d80cde0, 0x00007fd73d810ad8]
Event: 12.777 Thread 0x00007fd74c0bb800 1572       4       com.android.dx.ssa.LiteralOpUpgrader::tryReplacingWithConstant (161 bytes)
Event: 12.890 Thread 0x00007fd74c0bd000 1915       2       com.android.dx.ssa.DeadCodeRemover$NoSideEffectVisitor::visitMoveInsn (22 bytes)
Event: 12.890 Thread 0x00007fd74c0bd000 nmethod 1915 0x00007fd73d7d2790 code [0x00007fd73d7d2900, 0x00007fd73d7d2ad8]
Event: 12.937 Thread 0x00007fd74c0bb800 nmethod 1572 0x00007fd73d7f5050 code [0x00007fd73d7f53e0, 0x00007fd73d7f6d40]
Event: 12.937 Thread 0x00007fd74c0bb800 1872       4       com.android.dx.ssa.SsaBasicBlock::newFromRop (183 bytes)
Event: 14.315 Thread 0x00007fd74c0b8800 nmethod 1533 0x00007fd73d814750 code [0x00007fd73d814d60, 0x00007fd73d8176d8]
Event: 14.685 Thread 0x00007fd74c0bd000 1917       2       com.android.dx.rop.code.Rops::opConv (231 bytes)
Event: 14.836 Thread 0x00007fd74c0b8800 1918 %     4       com.android.dx.ssa.SsaConverter::placePhiFunctions @ 131 (394 bytes)

GC Heap History (10 events):
Event: 4.531 GC heap after
Heap after GC invocations=4 (full 0):
 PSYoungGen      total 34304K, used 2529K [0x00000000eab00000, 0x00000000ecf00000, 0x0000000100000000)
  eden space 31744K, 0% used [0x00000000eab00000,0x00000000eab00000,0x00000000eca00000)
  from space 2560K, 98% used [0x00000000ecc80000,0x00000000ecef85f0,0x00000000ecf00000)
  to   space 2560K, 0% used [0x00000000eca00000,0x00000000eca00000,0x00000000ecc80000)
 ParOldGen       total 42496K, used 9144K [0x00000000c0000000, 0x00000000c2980000, 0x00000000eab00000)
  object space 42496K, 21% used [0x00000000c0000000,0x00000000c08ee148,0x00000000c2980000)
 Metaspace       used 5861K, capacity 7088K, committed 7296K, reserved 1056768K
  class space    used 551K, capacity 616K, committed 640K, reserved 1048576K
}
Event: 5.064 GC heap before
{Heap before GC invocations=5 (full 0):
 PSYoungGen      total 34304K, used 34273K [0x00000000eab00000, 0x00000000ecf00000, 0x0000000100000000)
  eden space 31744K, 100% used [0x00000000eab00000,0x00000000eca00000,0x00000000eca00000)
  from space 2560K, 98% used [0x00000000ecc80000,0x00000000ecef85f0,0x00000000ecf00000)
  to   space 2560K, 0% used [0x00000000eca00000,0x00000000eca00000,0x00000000ecc80000)
 ParOldGen       total 42496K, used 9144K [0x00000000c0000000, 0x00000000c2980000, 0x00000000eab00000)
  object space 42496K, 21% used [0x00000000c0000000,0x00000000c08ee148,0x00000000c2980000)
 Metaspace       used 5872K, capacity 7088K, committed 7296K, reserved 1056768K
  class space    used 551K, capacity 616K, committed 640K, reserved 1048576K
Event: 5.109 GC heap after
Heap after GC invocations=5 (full 0):
 PSYoungGen      total 34304K, used 2544K [0x00000000eab00000, 0x00000000ef600000, 0x0000000100000000)
  eden space 31744K, 0% used [0x00000000eab00000,0x00000000eab00000,0x00000000eca00000)
  from space 2560K, 99% used [0x00000000eca00000,0x00000000ecc7c218,0x00000000ecc80000)
  to   space 6656K, 0% used [0x00000000eef80000,0x00000000eef80000,0x00000000ef600000)
 ParOldGen       total 42496K, used 12831K [0x00000000c0000000, 0x00000000c2980000, 0x00000000eab00000)
  object space 42496K, 30% used [0x00000000c0000000,0x00000000c0c87c78,0x00000000c2980000)
 Metaspace       used 5872K, capacity 7088K, committed 7296K, reserved 1056768K
  class space    used 551K, capacity 616K, committed 640K, reserved 1048576K
}
Event: 5.909 GC heap before
{Heap before GC invocations=6 (full 0):
 PSYoungGen      total 34304K, used 34288K [0x00000000eab00000, 0x00000000ef600000, 0x0000000100000000)
  eden space 31744K, 100% used [0x00000000eab00000,0x00000000eca00000,0x00000000eca00000)
  from space 2560K, 99% used [0x00000000eca00000,0x00000000ecc7c218,0x00000000ecc80000)
  to   space 6656K, 0% used [0x00000000eef80000,0x00000000eef80000,0x00000000ef600000)
 ParOldGen       total 42496K, used 12831K [0x00000000c0000000, 0x00000000c2980000, 0x00000000eab00000)
  object space 42496K, 30% used [0x00000000c0000000,0x00000000c0c87c78,0x00000000c2980000)
 Metaspace       used 5899K, capacity 7088K, committed 7296K, reserved 1056768K
  class space    used 552K, capacity 616K, committed 640K, reserved 1048576K
Event: 5.947 GC heap after
Heap after GC invocations=6 (full 0):
 PSYoungGen      total 69120K, used 6644K [0x00000000eab00000, 0x00000000ef800000, 0x0000000100000000)
  eden space 62464K, 0% used [0x00000000eab00000,0x00000000eab00000,0x00000000ee800000)
  from space 6656K, 99% used [0x00000000eef80000,0x00000000ef5fd220,0x00000000ef600000)
  to   space 7680K, 0% used [0x00000000ee800000,0x00000000ee800000,0x00000000eef80000)
 ParOldGen       total 42496K, used 13944K [0x00000000c0000000, 0x00000000c2980000, 0x00000000eab00000)
  object space 42496K, 32% used [0x00000000c0000000,0x00000000c0d9e390,0x00000000c2980000)
 Metaspace       used 5899K, capacity 7088K, committed 7296K, reserved 1056768K
  class space    used 552K, capacity 616K, committed 640K, reserved 1048576K
}
Event: 8.332 GC heap before
{Heap before GC invocations=7 (full 0):
 PSYoungGen      total 69120K, used 69108K [0x00000000eab00000, 0x00000000ef800000, 0x0000000100000000)
  eden space 62464K, 100% used [0x00000000eab00000,0x00000000ee800000,0x00000000ee800000)
  from space 6656K, 99% used [0x00000000eef80000,0x00000000ef5fd220,0x00000000ef600000)
  to   space 7680K, 0% used [0x00000000ee800000,0x00000000ee800000,0x00000000eef80000)
 ParOldGen       total 42496K, used 13944K [0x00000000c0000000, 0x00000000c2980000, 0x00000000eab00000)
  object space 42496K, 32% used [0x00000000c0000000,0x00000000c0d9e390,0x00000000c2980000)
 Metaspace       used 5957K, capacity 7152K, committed 7296K, reserved 1056768K
  class space    used 552K, capacity 616K, committed 640K, reserved 1048576K
Event: 8.428 GC heap after
Heap after GC invocations=7 (full 0):
 PSYoungGen      total 70144K, used 7654K [0x00000000eab00000, 0x00000000f3e00000, 0x0000000100000000)
  eden space 62464K, 0% used [0x00000000eab00000,0x00000000eab00000,0x00000000ee800000)
  from space 7680K, 99% used [0x00000000ee800000,0x00000000eef79958,0x00000000eef80000)
  to   space 12800K, 0% used [0x00000000f3180000,0x00000000f3180000,0x00000000f3e00000)
 ParOldGen       total 42496K, used 22329K [0x00000000c0000000, 0x00000000c2980000, 0x00000000eab00000)
  object space 42496K, 52% used [0x00000000c0000000,0x00000000c15ce418,0x00000000c2980000)
 Metaspace       used 5957K, capacity 7152K, committed 7296K, reserved 1056768K
  class space    used 552K, capacity 616K, committed 640K, reserved 1048576K
}
Event: 9.927 GC heap before
{Heap before GC invocations=8 (full 0):
 PSYoungGen      total 70144K, used 70118K [0x00000000eab00000, 0x00000000f3e00000, 0x0000000100000000)
  eden space 62464K, 100% used [0x00000000eab00000,0x00000000ee800000,0x00000000ee800000)
  from space 7680K, 99% used [0x00000000ee800000,0x00000000eef79958,0x00000000eef80000)
  to   space 12800K, 0% used [0x00000000f3180000,0x00000000f3180000,0x00000000f3e00000)
 ParOldGen       total 42496K, used 22329K [0x00000000c0000000, 0x00000000c2980000, 0x00000000eab00000)
  object space 42496K, 52% used [0x00000000c0000000,0x00000000c15ce418,0x00000000c2980000)
 Metaspace       used 5963K, capacity 7152K, committed 7296K, reserved 1056768K
  class space    used 552K, capacity 616K, committed 640K, reserved 1048576K
Event: 10.012 GC heap after
Heap after GC invocations=8 (full 0):
 PSYoungGen      total 133632K, used 12784K [0x00000000eab00000, 0x00000000f4600000, 0x0000000100000000)
  eden space 120832K, 0% used [0x00000000eab00000,0x00000000eab00000,0x00000000f2100000)
  from space 12800K, 99% used [0x00000000f3180000,0x00000000f3dfc100,0x00000000f3e00000)
  to   space 16896K, 0% used [0x00000000f2100000,0x00000000f2100000,0x00000000f3180000)
 ParOldGen       total 42496K, used 27505K [0x00000000c0000000, 0x00000000c2980000, 0x00000000eab00000)
  object space 42496K, 64% used [0x00000000c0000000,0x00000000c1adc690,0x00000000c2980000)
 Metaspace       used 5963K, capacity 7152K, committed 7296K, reserved 1056768K
  class space    used 552K, capacity 616K, committed 640K, reserved 1048576K
}
Event: 17.565 GC heap before
{Heap before GC invocations=9 (full 0):
 PSYoungGen      total 133632K, used 133616K [0x00000000eab00000, 0x00000000f4600000, 0x0000000100000000)
  eden space 120832K, 100% used [0x00000000eab00000,0x00000000f2100000,0x00000000f2100000)
  from space 12800K, 99% used [0x00000000f3180000,0x00000000f3dfc100,0x00000000f3e00000)
  to   space 16896K, 0% used [0x00000000f2100000,0x00000000f2100000,0x00000000f3180000)
 ParOldGen       total 42496K, used 27505K [0x00000000c0000000, 0x00000000c2980000, 0x00000000eab00000)
  object space 42496K, 64% used [0x00000000c0000000,0x00000000c1adc690,0x00000000c2980000)
 Metaspace       used 5974K, capacity 7152K, committed 7296K, reserved 1056768K
  class space    used 552K, capacity 616K, committed 640K, reserved 1048576K

Deoptimization events (10 events):
Event: 7.535 Thread 0x00007fd74c00a000 Uncommon trap: reason=bimorphic action=maybe_recompile pc=0x00007fd73d6fc068 method=com.android.dx.cf.code.BytecodeArray.parseInstruction(ILcom/android/dx/cf/code/BytecodeArray$Visitor;)I @ 2135
Event: 7.536 Thread 0x00007fd74c00a000 Uncommon trap: reason=bimorphic action=maybe_recompile pc=0x00007fd73d6fc2fc method=com.android.dx.cf.code.BytecodeArray.parseInstruction(ILcom/android/dx/cf/code/BytecodeArray$Visitor;)I @ 1501
Event: 8.311 Thread 0x00007fd74c00a000 Uncommon trap: reason=unstable_if action=reinterpret pc=0x00007fd73d54b744 method=com.android.dx.util.IntList.binarysearch(I)I @ 105
Event: 8.927 Thread 0x00007fd74c00a000 Uncommon trap: reason=bimorphic action=maybe_recompile pc=0x00007fd73d6d11a8 method=com.android.dx.rop.code.RegisterSpec.withSimpleType()Lcom/android/dx/rop/code/RegisterSpec; @ 21
Event: 8.927 Thread 0x00007fd74c00a000 Uncommon trap: reason=bimorphic action=maybe_recompile pc=0x00007fd73d6d11a8 method=com.android.dx.rop.code.RegisterSpec.withSimpleType()Lcom/android/dx/rop/code/RegisterSpec; @ 21
Event: 8.927 Thread 0x00007fd74c00a000 Uncommon trap: reason=bimorphic action=maybe_recompile pc=0x00007fd73d6d11a8 method=com.android.dx.rop.code.RegisterSpec.withSimpleType()Lcom/android/dx/rop/code/RegisterSpec; @ 21
Event: 8.927 Thread 0x00007fd74c00a000 Uncommon trap: reason=bimorphic action=maybe_recompile pc=0x00007fd73d6d11a8 method=com.android.dx.rop.code.RegisterSpec.withSimpleType()Lcom/android/dx/rop/code/RegisterSpec; @ 21
Event: 10.143 Thread 0x00007fd74c00a000 Uncommon trap: reason=class_check action=maybe_recompile pc=0x00007fd73d5720d8 method=java.util.HashMap.putVal(ILjava/lang/Object;Ljava/lang/Object;ZZ)Ljava/lang/Object; @ 203
Event: 10.143 Thread 0x00007fd74c00a000 Uncommon trap: reason=class_check action=maybe_recompile pc=0x00007fd73d5720d8 method=java.util.HashMap.putVal(ILjava/lang/Object;Ljava/lang/Object;ZZ)Ljava/lang/Object; @ 203
Event: 10.143 Thread 0x00007fd74c00a000 Uncommon trap: reason=class_check action=maybe_recompile pc=0x00007fd73d5720d8 method=java.util.HashMap.putVal(ILjava/lang/Object;Ljava/lang/Object;ZZ)Ljava/lang/Object; @ 203

Internal exceptions (5 events):
Event: 0.110 Thread 0x00007fd74c00a000 Exception <a 'java/lang/NoSuchMethodError': Method sun.misc.Unsafe.defineClass(Ljava/lang/String;[BII)Ljava/lang/Class; name or signature does not match> (0x00000000eab12a38) thrown at [/RE-WORK/workspace/8-2-build-linux-amd64/jdk8u45/3457/hotspot/src/sha
Event: 0.110 Thread 0x00007fd74c00a000 Exception <a 'java/lang/NoSuchMethodError': Method sun.misc.Unsafe.prefetchRead(Ljava/lang/Object;J)V name or signature does not match> (0x00000000eab12cc8) thrown at [/RE-WORK/workspace/8-2-build-linux-amd64/jdk8u45/3457/hotspot/src/share/vm/prims/jni.cp
Event: 2.693 Thread 0x00007fd74c00a000 Implicit null exception at 0x00007fd73d39aa51 to 0x00007fd73d39ca99
Event: 4.688 Thread 0x00007fd74c00a000 Implicit null exception at 0x00007fd73d4a2722 to 0x00007fd73d4a27c2
Event: 5.863 Thread 0x00007fd74c00a000 Implicit null exception at 0x00007fd73d682add to 0x00007fd73d683ec1

Events (10 events):
Event: 10.174 Thread 0x00007fd74c00a000 DEOPT UNPACKING pc=0x00007fd73d047233 sp=0x00007fd755cbc500 mode 0
Event: 10.983 Thread 0x00007fd74c00a000 DEOPT PACKING pc=0x00007fd73d6ee502 sp=0x00007fd755cbcbe0
Event: 10.983 Thread 0x00007fd74c00a000 DEOPT UNPACKING pc=0x00007fd73d047233 sp=0x00007fd755cbca30 mode 0
Event: 11.465 Thread 0x00007fd74c00a000 DEOPT PACKING pc=0x00007fd73d47bf08 sp=0x00007fd755cbcb00
Event: 11.466 Thread 0x00007fd74c00a000 DEOPT UNPACKING pc=0x00007fd73d047233 sp=0x00007fd755cbc950 mode 0
Event: 11.890 Thread 0x00007fd74c00a000 DEOPT PACKING pc=0x00007fd73d668b98 sp=0x00007fd755cbc8a0
Event: 11.890 Thread 0x00007fd74c00a000 DEOPT UNPACKING pc=0x00007fd73d047233 sp=0x00007fd755cbc640 mode 0
Event: 12.080 Thread 0x00007fd74c00a000 DEOPT PACKING pc=0x00007fd73d47bf08 sp=0x00007fd755cbcb00
Event: 12.080 Thread 0x00007fd74c00a000 DEOPT UNPACKING pc=0x00007fd73d047233 sp=0x00007fd755cbc950 mode 0
Event: 17.544 Executing VM operation: ParallelGCFailedAllocation


Dynamic libraries:
00400000-00401000 r-xp 00000000 08:03 1572315                            /opt/java/jdk1.8.0_45/bin/java
00600000-00601000 rw-p 00000000 08:03 1572315                            /opt/java/jdk1.8.0_45/bin/java
00b70000-00b91000 rw-p 00000000 00:00 0                                  [heap]
c0000000-c2980000 rw-p 00000000 00:00 0 
c2980000-eab00000 ---p 00000000 00:00 0 
eab00000-f4600000 rw-p 00000000 00:00 0 
f9900000-100000000 ---p 00000000 00:00 0 
100000000-1000a0000 rw-p 00000000 00:00 0 
1000a0000-140000000 ---p 00000000 00:00 0 
7fd704000000-7fd704021000 rw-p 00000000 00:00 0 
7fd704021000-7fd708000000 ---p 00000000 00:00 0 
7fd708000000-7fd708021000 rw-p 00000000 00:00 0 
7fd708021000-7fd70c000000 ---p 00000000 00:00 0 
7fd70c000000-7fd70d48a000 rw-p 00000000 00:00 0 
7fd70d48a000-7fd710000000 ---p 00000000 00:00 0 
7fd710000000-7fd7109b5000 rw-p 00000000 00:00 0 
7fd7109b5000-7fd714000000 ---p 00000000 00:00 0 
7fd714000000-7fd714021000 rw-p 00000000 00:00 0 
7fd714021000-7fd718000000 ---p 00000000 00:00 0 
7fd718000000-7fd718ce6000 rw-p 00000000 00:00 0 
7fd718ce6000-7fd71c000000 ---p 00000000 00:00 0 
7fd71c000000-7fd71c021000 rw-p 00000000 00:00 0 
7fd71c021000-7fd720000000 ---p 00000000 00:00 0 
7fd720000000-7fd720021000 rw-p 00000000 00:00 0 
7fd720021000-7fd724000000 ---p 00000000 00:00 0 
7fd724000000-7fd724292000 rw-p 00000000 00:00 0 
7fd724292000-7fd728000000 ---p 00000000 00:00 0 
7fd728000000-7fd728021000 rw-p 00000000 00:00 0 
7fd728021000-7fd72c000000 ---p 00000000 00:00 0 
7fd72ea24000-7fd72ea25000 ---p 00000000 00:00 0 
7fd72ea25000-7fd72eb25000 rw-p 00000000 00:00 0                          [stack:7942]
7fd72eb25000-7fd72eb28000 ---p 00000000 00:00 0 
7fd72eb28000-7fd72ec26000 rw-p 00000000 00:00 0                          [stack:7941]
7fd72ec26000-7fd72ec29000 ---p 00000000 00:00 0 
7fd72ec29000-7fd72ed27000 rw-p 00000000 00:00 0                          [stack:7940]
7fd72ed27000-7fd72ed2a000 ---p 00000000 00:00 0 
7fd72ed2a000-7fd72ee28000 rw-p 00000000 00:00 0                          [stack:7939]
7fd72ee28000-7fd72ee2b000 ---p 00000000 00:00 0 
7fd72ee2b000-7fd72ef29000 rw-p 00000000 00:00 0                          [stack:7938]
7fd72ef29000-7fd72ef2c000 ---p 00000000 00:00 0 
7fd72ef2c000-7fd72f02a000 rw-p 00000000 00:00 0                          [stack:7937]
7fd72f02a000-7fd72f2f3000 r--p 00000000 08:03 266989                     /usr/lib/locale/locale-archive
7fd72f2f3000-7fd72f2f6000 ---p 00000000 00:00 0 
7fd72f2f6000-7fd72f3f4000 rw-p 00000000 00:00 0                          [stack:7936]
7fd72f3f4000-7fd72f3f7000 ---p 00000000 00:00 0 
7fd72f3f7000-7fd72f4f5000 rw-p 00000000 00:00 0                          [stack:7935]
7fd72f4f5000-7fd72f4f6000 ---p 00000000 00:00 0 
7fd72f4f6000-7fd730000000 rw-p 00000000 00:00 0                          [stack:7934]
7fd730000000-7fd730021000 rw-p 00000000 00:00 0 
7fd730021000-7fd734000000 ---p 00000000 00:00 0 
7fd734000000-7fd734021000 rw-p 00000000 00:00 0 
7fd734021000-7fd738000000 ---p 00000000 00:00 0 
7fd738000000-7fd738021000 rw-p 00000000 00:00 0 
7fd738021000-7fd73c000000 ---p 00000000 00:00 0 
7fd73c028000-7fd73c03a000 r--s 000c6000 00:19 11272985                   /home/mike/AndroidStudioProjects/Wordist/app/build/intermediates/exploded-aar/com.android.support/support-v4/22.2.0/jars/classes.jar
7fd73c03a000-7fd73c049000 r--s 000dd000 00:19 9438599                    /home/mike/Android/Sdk/build-tools/22.0.1/lib/dx.jar
7fd73c049000-7fd73c5b1000 rw-p 00000000 00:00 0 
7fd73c5b1000-7fd73c78a000 r--s 03d09000 08:03 1573810                    /opt/java/jdk1.8.0_45/jre/lib/rt.jar
7fd73c78a000-7fd73ce80000 rw-p 00000000 00:00 0 
7fd73ce80000-7fd73d000000 ---p 00000000 00:00 0 
7fd73d000000-7fd73d820000 rwxp 00000000 00:00 0 
7fd73d820000-7fd74c000000 ---p 00000000 00:00 0 
7fd74c000000-7fd74c388000 rw-p 00000000 00:00 0 
7fd74c388000-7fd750000000 ---p 00000000 00:00 0 
7fd750001000-7fd752243000 rw-p 00000000 00:00 0 
7fd752243000-7fd752244000 ---p 00000000 00:00 0 
7fd752244000-7fd752344000 rw-p 00000000 00:00 0                          [stack:7933]
7fd752344000-7fd752345000 ---p 00000000 00:00 0 
7fd752345000-7fd752445000 rw-p 00000000 00:00 0                          [stack:7932]
7fd752445000-7fd752446000 ---p 00000000 00:00 0 
7fd752446000-7fd752546000 rw-p 00000000 00:00 0                          [stack:7931]
7fd752546000-7fd752547000 ---p 00000000 00:00 0 
7fd752547000-7fd75265c000 rw-p 00000000 00:00 0                          [stack:7930]
7fd75265c000-7fd75279d000 ---p 00000000 00:00 0 
7fd75279d000-7fd7527b2000 rw-p 00000000 00:00 0 
7fd7527b2000-7fd7528f2000 ---p 00000000 00:00 0 
7fd7528f2000-7fd752940000 rw-p 00000000 00:00 0 
7fd752940000-7fd75299d000 ---p 00000000 00:00 0 
7fd75299d000-7fd7529bf000 rw-p 00000000 00:00 0 
7fd7529bf000-7fd752d5e000 ---p 00000000 00:00 0 
7fd752d5e000-7fd752d78000 r-xp 00000000 08:03 1574049                    /opt/java/jdk1.8.0_45/jre/lib/amd64/libzip.so
7fd752d78000-7fd752f78000 ---p 0001a000 08:03 1574049                    /opt/java/jdk1.8.0_45/jre/lib/amd64/libzip.so
7fd752f78000-7fd752f79000 rw-p 0001a000 08:03 1574049                    /opt/java/jdk1.8.0_45/jre/lib/amd64/libzip.so
7fd752f79000-7fd752f84000 r-xp 00000000 08:03 131807                     /lib/x86_64-linux-gnu/libnss_files-2.19.so
7fd752f84000-7fd753183000 ---p 0000b000 08:03 131807                     /lib/x86_64-linux-gnu/libnss_files-2.19.so
7fd753183000-7fd753184000 r--p 0000a000 08:03 131807                     /lib/x86_64-linux-gnu/libnss_files-2.19.so
7fd753184000-7fd753185000 rw-p 0000b000 08:03 131807                     /lib/x86_64-linux-gnu/libnss_files-2.19.so
7fd753185000-7fd753190000 r-xp 00000000 08:03 131871                     /lib/x86_64-linux-gnu/libnss_nis-2.19.so
7fd753190000-7fd75338f000 ---p 0000b000 08:03 131871                     /lib/x86_64-linux-gnu/libnss_nis-2.19.so
7fd75338f000-7fd753390000 r--p 0000a000 08:03 131871                     /lib/x86_64-linux-gnu/libnss_nis-2.19.so
7fd753390000-7fd753391000 rw-p 0000b000 08:03 131871                     /lib/x86_64-linux-gnu/libnss_nis-2.19.so
7fd753391000-7fd7533a8000 r-xp 00000000 08:03 131829                     /lib/x86_64-linux-gnu/libnsl-2.19.so
7fd7533a8000-7fd7535a7000 ---p 00017000 08:03 131829                     /lib/x86_64-linux-gnu/libnsl-2.19.so
7fd7535a7000-7fd7535a8000 r--p 00016000 08:03 131829                     /lib/x86_64-linux-gnu/libnsl-2.19.so
7fd7535a8000-7fd7535a9000 rw-p 00017000 08:03 131829                     /lib/x86_64-linux-gnu/libnsl-2.19.so
7fd7535a9000-7fd7535ab000 rw-p 00000000 00:00 0 
7fd7535ab000-7fd7535b4000 r-xp 00000000 08:03 131828                     /lib/x86_64-linux-gnu/libnss_compat-2.19.so
7fd7535b4000-7fd7537b3000 ---p 00009000 08:03 131828                     /lib/x86_64-linux-gnu/libnss_compat-2.19.so
7fd7537b3000-7fd7537b4000 r--p 00008000 08:03 131828                     /lib/x86_64-linux-gnu/libnss_compat-2.19.so
7fd7537b4000-7fd7537b5000 rw-p 00009000 08:03 131828                     /lib/x86_64-linux-gnu/libnss_compat-2.19.so
7fd7537b5000-7fd7537df000 r-xp 00000000 08:03 1574040                    /opt/java/jdk1.8.0_45/jre/lib/amd64/libjava.so
7fd7537df000-7fd7539df000 ---p 0002a000 08:03 1574040                    /opt/java/jdk1.8.0_45/jre/lib/amd64/libjava.so
7fd7539df000-7fd7539e1000 rw-p 0002a000 08:03 1574040                    /opt/java/jdk1.8.0_45/jre/lib/amd64/libjava.so
7fd7539e1000-7fd7539ee000 r-xp 00000000 08:03 1574047                    /opt/java/jdk1.8.0_45/jre/lib/amd64/libverify.so
7fd7539ee000-7fd753bee000 ---p 0000d000 08:03 1574047                    /opt/java/jdk1.8.0_45/jre/lib/amd64/libverify.so
7fd753bee000-7fd753bf0000 rw-p 0000d000 08:03 1574047                    /opt/java/jdk1.8.0_45/jre/lib/amd64/libverify.so
7fd753bf0000-7fd753bf7000 r-xp 00000000 08:03 131868                     /lib/x86_64-linux-gnu/librt-2.19.so
7fd753bf7000-7fd753df6000 ---p 00007000 08:03 131868                     /lib/x86_64-linux-gnu/librt-2.19.so
7fd753df6000-7fd753df7000 r--p 00006000 08:03 131868                     /lib/x86_64-linux-gnu/librt-2.19.so
7fd753df7000-7fd753df8000 rw-p 00007000 08:03 131868                     /lib/x86_64-linux-gnu/librt-2.19.so
7fd753df8000-7fd753efd000 r-xp 00000000 08:03 131806                     /lib/x86_64-linux-gnu/libm-2.19.so
7fd753efd000-7fd7540fc000 ---p 00105000 08:03 131806                     /lib/x86_64-linux-gnu/libm-2.19.so
7fd7540fc000-7fd7540fd000 r--p 00104000 08:03 131806                     /lib/x86_64-linux-gnu/libm-2.19.so
7fd7540fd000-7fd7540fe000 rw-p 00105000 08:03 131806                     /lib/x86_64-linux-gnu/libm-2.19.so
7fd7540fe000-7fd754dac000 r-xp 00000000 08:03 1574060                    /opt/java/jdk1.8.0_45/jre/lib/amd64/server/libjvm.so
7fd754dac000-7fd754fab000 ---p 00cae000 08:03 1574060                    /opt/java/jdk1.8.0_45/jre/lib/amd64/server/libjvm.so
7fd754fab000-7fd755082000 rw-p 00cad000 08:03 1574060                    /opt/java/jdk1.8.0_45/jre/lib/amd64/server/libjvm.so
7fd755082000-7fd7550c6000 rw-p 00000000 00:00 0 
7fd7550c6000-7fd755281000 r-xp 00000000 08:03 131857                     /lib/x86_64-linux-gnu/libc-2.19.so
7fd755281000-7fd755480000 ---p 001bb000 08:03 131857                     /lib/x86_64-linux-gnu/libc-2.19.so
7fd755480000-7fd755484000 r--p 001ba000 08:03 131857                     /lib/x86_64-linux-gnu/libc-2.19.so
7fd755484000-7fd755486000 rw-p 001be000 08:03 131857                     /lib/x86_64-linux-gnu/libc-2.19.so
7fd755486000-7fd75548b000 rw-p 00000000 00:00 0 
7fd75548b000-7fd75548e000 r-xp 00000000 08:03 131810                     /lib/x86_64-linux-gnu/libdl-2.19.so
7fd75548e000-7fd75568d000 ---p 00003000 08:03 131810                     /lib/x86_64-linux-gnu/libdl-2.19.so
7fd75568d000-7fd75568e000 r--p 00002000 08:03 131810                     /lib/x86_64-linux-gnu/libdl-2.19.so
7fd75568e000-7fd75568f000 rw-p 00003000 08:03 131810                     /lib/x86_64-linux-gnu/libdl-2.19.so
7fd75568f000-7fd7556a4000 r-xp 00000000 08:03 1573749                    /opt/java/jdk1.8.0_45/lib/amd64/jli/libjli.so
7fd7556a4000-7fd7558a4000 ---p 00015000 08:03 1573749                    /opt/java/jdk1.8.0_45/lib/amd64/jli/libjli.so
7fd7558a4000-7fd7558a5000 rw-p 00015000 08:03 1573749                    /opt/java/jdk1.8.0_45/lib/amd64/jli/libjli.so
7fd7558a5000-7fd7558be000 r-xp 00000000 08:03 131858                     /lib/x86_64-linux-gnu/libpthread-2.19.so
7fd7558be000-7fd755abd000 ---p 00019000 08:03 131858                     /lib/x86_64-linux-gnu/libpthread-2.19.so
7fd755abd000-7fd755abe000 r--p 00018000 08:03 131858                     /lib/x86_64-linux-gnu/libpthread-2.19.so
7fd755abe000-7fd755abf000 rw-p 00019000 08:03 131858                     /lib/x86_64-linux-gnu/libpthread-2.19.so
7fd755abf000-7fd755ac3000 rw-p 00000000 00:00 0 
7fd755ac3000-7fd755ae6000 r-xp 00000000 08:03 131833                     /lib/x86_64-linux-gnu/ld-2.19.so
7fd755aec000-7fd755bbe000 rw-p 00000000 00:00 0 
7fd755bbe000-7fd755bc1000 ---p 00000000 00:00 0 
7fd755bc1000-7fd755cc4000 rw-p 00000000 00:00 0                          [stack:7927]
7fd755cc4000-7fd755cc5000 r--p 00000000 08:03 672594                     /usr/share/locale-langpack/en_GB/LC_MESSAGES/libc.mo
7fd755cc5000-7fd755cd9000 rw-p 00000000 00:00 0 
7fd755cd9000-7fd755ce1000 rw-s 00000000 08:03 1574101                    /tmp/hsperfdata_mike/7925
7fd755ce1000-7fd755ce2000 rw-p 00000000 00:00 0 
7fd755ce2000-7fd755ce3000 ---p 00000000 00:00 0 
7fd755ce3000-7fd755ce5000 rw-p 00000000 00:00 0 
7fd755ce5000-7fd755ce6000 r--p 00022000 08:03 131833                     /lib/x86_64-linux-gnu/ld-2.19.so
7fd755ce6000-7fd755ce7000 rw-p 00023000 08:03 131833                     /lib/x86_64-linux-gnu/ld-2.19.so
7fd755ce7000-7fd755ce8000 rw-p 00000000 00:00 0 
7fff98570000-7fff98591000 rw-p 00000000 00:00 0                          [stack]
7fff985fe000-7fff98600000 r-xp 00000000 00:00 0                          [vdso]
ffffffffff600000-ffffffffff601000 r-xp 00000000 00:00 0                  [vsyscall]

VM Arguments:
jvm_args: -Xmx1024M -Dfile.encoding=UTF-8 -Duser.country=GB -Duser.language=en -Duser.variant 
java_command: com.android.dx.command.Main --dex --output /home/mike/AndroidStudioProjects/Wordist/app/build/intermediates/pre-dexed/debug/classes-4e292dcf0eedebcd460bfc38d45a23050ac46222.jar /home/mike/AndroidStudioProjects/Wordist/app/build/intermediates/exploded-aar/com.android.support/support-v4/22.2.0/jars/classes.jar
java_class_path (initial): /home/mike/Android/Sdk/build-tools/22.0.1/lib/dx.jar
Launcher Type: SUN_STANDARD

Environment Variables:
PATH=/usr/local/sbin:/usr/local/bin:/usr/sbin:/usr/bin:/sbin:/bin:/usr/games:/usr/local/games
USERNAME=mike
LD_LIBRARY_PATH=/opt/android-studio/bin:
SHELL=/bin/bash
DISPLAY=:0

Signal Handlers:
SIGSEGV: [libjvm.so+0xaad1e0], sa_mask[0]=11111111011111111101111111111110, sa_flags=SA_RESTART|SA_SIGINFO
SIGBUS: [libjvm.so+0xaad1e0], sa_mask[0]=11111111011111111101111111111110, sa_flags=SA_RESTART|SA_SIGINFO
SIGFPE: [libjvm.so+0x90b450], sa_mask[0]=11111111011111111101111111111110, sa_flags=SA_RESTART|SA_SIGINFO
SIGPIPE: [libjvm.so+0x90b450], sa_mask[0]=11111111011111111101111111111110, sa_flags=SA_RESTART|SA_SIGINFO
SIGXFSZ: [libjvm.so+0x90b450], sa_mask[0]=11111111011111111101111111111110, sa_flags=SA_RESTART|SA_SIGINFO
SIGILL: [libjvm.so+0x90b450], sa_mask[0]=11111111011111111101111111111110, sa_flags=SA_RESTART|SA_SIGINFO
SIGUSR1: SIG_DFL, sa_mask[0]=00000000000000000000000000000000, sa_flags=none
SIGUSR2: [libjvm.so+0x90ca90], sa_mask[0]=00100000000000000000000000000000, sa_flags=SA_RESTART|SA_SIGINFO
SIGHUP: [libjvm.so+0x90dde0], sa_mask[0]=11111111011111111101111111111110, sa_flags=SA_RESTART|SA_SIGINFO
SIGINT: [libjvm.so+0x90dde0], sa_mask[0]=11111111011111111101111111111110, sa_flags=SA_RESTART|SA_SIGINFO
SIGTERM: [libjvm.so+0x90dde0], sa_mask[0]=11111111011111111101111111111110, sa_flags=SA_RESTART|SA_SIGINFO
SIGQUIT: [libjvm.so+0x90dde0], sa_mask[0]=11111111011111111101111111111110, sa_flags=SA_RESTART|SA_SIGINFO


---------------  S Y S T E M  ---------------

OS:DISTRIB_ID=LinuxMint
DISTRIB_RELEASE=17.2
DISTRIB_CODENAME=rafaela
DISTRIB_DESCRIPTION="Linux Mint 17.2 Rafaela"

uname:Linux 3.13.0-37-generic #64-Ubuntu SMP Mon Sep 22 21:28:38 UTC 2014 x86_64
libc:glibc 2.19 NPTL 2.19 
rlimit: STACK 8192k, CORE 0k, NPROC 30882, NOFILE 4096, AS infinity
load average:16.60 4.93 2.22

/proc/meminfo:
MemTotal:        4048044 kB
MemFree:          167996 kB
Buffers:             608 kB
Cached:            58948 kB
SwapCached:            0 kB
Active:          3480072 kB
Inactive:          55468 kB
Active(anon):    3478752 kB
Inactive(anon):    38380 kB
Active(file):       1320 kB
Inactive(file):    17088 kB
Unevictable:         232 kB
Mlocked:             232 kB
SwapTotal:             0 kB
SwapFree:              0 kB
Dirty:                80 kB
Writeback:             0 kB
AnonPages:       3476720 kB
Mapped:           160388 kB
Shmem:             40644 kB
Slab:              79380 kB
SReclaimable:      26708 kB
SUnreclaim:        52672 kB
KernelStack:        5360 kB
PageTables:        33308 kB
NFS_Unstable:          0 kB
Bounce:                0 kB
WritebackTmp:          0 kB
CommitLimit:     2024020 kB
Committed_AS:    6148844 kB
VmallocTotal:   34359738367 kB
VmallocUsed:      305680 kB
VmallocChunk:   34359428348 kB
HardwareCorrupted:     0 kB
AnonHugePages:   1710080 kB
HugePages_Total:       0
HugePages_Free:        0
HugePages_Rsvd:        0
HugePages_Surp:        0
Hugepagesize:       2048 kB
DirectMap4k:      163392 kB
DirectMap2M:     2981888 kB
DirectMap1G:     1048576 kB


CPU:total 4 (4 cores per cpu, 1 threads per core) family 16 model 4 stepping 2, cmov, cx8, fxsr, mmx, sse, sse2, sse3, popcnt, mmxext, 3dnowpref, lzcnt, sse4a, tsc, tscinvbit, tscinv

/proc/cpuinfo:
processor	: 0
vendor_id	: AuthenticAMD
cpu family	: 16
model		: 4
model name	: AMD Phenom(tm) II X4 955 Processor
stepping	: 2
microcode	: 0x1000086
cpu MHz		: 3200.000
cache size	: 512 KB
physical id	: 0
siblings	: 4
core id		: 0
cpu cores	: 4
apicid		: 0
initial apicid	: 0
fpu		: yes
fpu_exception	: yes
cpuid level	: 5
wp		: yes
flags		: fpu vme de pse tsc msr pae mce cx8 apic sep mtrr pge mca cmov pat pse36 clflush mmx fxsr sse sse2 ht syscall nx mmxext fxsr_opt pdpe1gb rdtscp lm 3dnowext 3dnow constant_tsc rep_good nopl nonstop_tsc extd_apicid pni monitor cx16 popcnt lahf_lm cmp_legacy svm extapic cr8_legacy abm sse4a misalignsse 3dnowprefetch osvw ibs skinit wdt hw_pstate npt lbrv svm_lock nrip_save
bogomips	: 6400.02
TLB size	: 1024 4K pages
clflush size	: 64
cache_alignment	: 64
address sizes	: 48 bits physical, 48 bits virtual
power management: ts ttp tm stc 100mhzsteps hwpstate

processor	: 1
vendor_id	: AuthenticAMD
cpu family	: 16
model		: 4
model name	: AMD Phenom(tm) II X4 955 Processor
stepping	: 2
microcode	: 0x1000086
cpu MHz		: 3200.000
cache size	: 512 KB
physical id	: 0
siblings	: 4
core id		: 1
cpu cores	: 4
apicid		: 1
initial apicid	: 1
fpu		: yes
fpu_exception	: yes
cpuid level	: 5
wp		: yes
flags		: fpu vme de pse tsc msr pae mce cx8 apic sep mtrr pge mca cmov pat pse36 clflush mmx fxsr sse sse2 ht syscall nx mmxext fxsr_opt pdpe1gb rdtscp lm 3dnowext 3dnow constant_tsc rep_good nopl nonstop_tsc extd_apicid pni monitor cx16 popcnt lahf_lm cmp_legacy svm extapic cr8_legacy abm sse4a misalignsse 3dnowprefetch osvw ibs skinit wdt hw_pstate npt lbrv svm_lock nrip_save
bogomips	: 6400.02
TLB size	: 1024 4K pages
clflush size	: 64
cache_alignment	: 64
address sizes	: 48 bits physical, 48 bits virtual
power management: ts ttp tm stc 100mhzsteps hwpstate

processor	: 2
vendor_id	: AuthenticAMD
cpu family	: 16
model		: 4
model name	: AMD Phenom(tm) II X4 955 Processor
stepping	: 2
microcode	: 0x1000086
cpu MHz		: 3200.000
cache size	: 512 KB
physical id	: 0
siblings	: 4
core id		: 2
cpu cores	: 4
apicid		: 2
initial apicid	: 2
fpu		: yes
fpu_exception	: yes
cpuid level	: 5
wp		: yes
flags		: fpu vme de pse tsc msr pae mce cx8 apic sep mtrr pge mca cmov pat pse36 clflush mmx fxsr sse sse2 ht syscall nx mmxext fxsr_opt pdpe1gb rdtscp lm 3dnowext 3dnow constant_tsc rep_good nopl nonstop_tsc extd_apicid pni monitor cx16 popcnt lahf_lm cmp_legacy svm extapic cr8_legacy abm sse4a misalignsse 3dnowprefetch osvw ibs skinit wdt hw_pstate npt lbrv svm_lock nrip_save
bogomips	: 6400.02
TLB size	: 1024 4K pages
clflush size	: 64
cache_alignment	: 64
address sizes	: 48 bits physical, 48 bits virtual
power management: ts ttp tm stc 100mhzsteps hwpstate

processor	: 3
vendor_id	: AuthenticAMD
cpu family	: 16
model		: 4
model name	: AMD Phenom(tm) II X4 955 Processor
stepping	: 2
microcode	: 0x1000086
cpu MHz		: 3200.000
cache size	: 512 KB
physical id	: 0
siblings	: 4
core id		: 3
cpu cores	: 4
apicid		: 3
initial apicid	: 3
fpu		: yes
fpu_exception	: yes
cpuid level	: 5
wp		: yes
flags		: fpu vme de pse tsc msr pae mce cx8 apic sep mtrr pge mca cmov pat pse36 clflush mmx fxsr sse sse2 ht syscall nx mmxext fxsr_opt pdpe1gb rdtscp lm 3dnowext 3dnow constant_tsc rep_good nopl nonstop_tsc extd_apicid pni monitor cx16 popcnt lahf_lm cmp_legacy svm extapic cr8_legacy abm sse4a misalignsse 3dnowprefetch osvw ibs skinit wdt hw_pstate npt lbrv svm_lock nrip_save
bogomips	: 6400.02
TLB size	: 1024 4K pages
clflush size	: 64
cache_alignment	: 64
address sizes	: 48 bits physical, 48 bits virtual
power management: ts ttp tm stc 100mhzsteps hwpstate



Memory: 4k page, physical 4048044k(167252k free), swap 0k(0k free)

vm_info: Java HotSpot(TM) 64-Bit Server VM (25.45-b02) for linux-amd64 JRE (1.8.0_45-b14), built on Apr 10 2015 10:07:45 by "java_re" with gcc 4.3.0 20080428 (Red Hat 4.3.0-8)

time: Thu Aug  6 16:41:13 2015
elapsed time: 26 seconds (0d 0h 0m 26s)

