#
# There is insufficient memory for the Java Runtime Environment to continue.
# Native memory allocation (mmap) failed to map 32505856 bytes for committing reserved memory.
# Possible reasons:
#   The system is out of physical RAM or swap space
#   In 32 bit mode, the process size limit was hit
# Possible solutions:
#   Reduce memory load on the system
#   Increase physical memory or swap space
#   Check if swap backing store is full
#   Use 64 bit Java on a 64 bit OS
#   Decrease Java heap size (-Xmx/-Xms)
#   Decrease number of Java threads
#   Decrease Java thread stack sizes (-Xss)
#   Set larger code cache with -XX:ReservedCodeCacheSize=
# This output file may be truncated or incomplete.
#
#  Out of Memory Error (os_linux.cpp:2673), pid=8364, tid=139675250435840
#
# JRE version: Java(TM) SE Runtime Environment (8.0_45-b14) (build 1.8.0_45-b14)
# Java VM: Java HotSpot(TM) 64-Bit Server VM (25.45-b02 mixed mode linux-amd64 compressed oops)
# Failed to write core dump. Core dumps have been disabled. To enable core dumping, try "ulimit -c unlimited" before starting Java again
#

---------------  T H R E A D  ---------------

Current thread (0x00007f08c4078000):  VMThread [stack: 0x00007f08ad9fa000,0x00007f08adafb000] [id=8375]

Stack: [0x00007f08ad9fa000,0x00007f08adafb000],  sp=0x00007f08adaf92e0,  free space=1020k
Native frames: (J=compiled Java code, j=interpreted, Vv=VM code, C=native code)
V  [libjvm.so+0xaac99a]  VMError::report_and_die()+0x2ba
V  [libjvm.so+0x4f333b]  report_vm_out_of_memory(char const*, int, unsigned long, VMErrorType, char const*)+0x8b
V  [libjvm.so+0x90e7c3]  os::Linux::commit_memory_impl(char*, unsigned long, bool)+0x103
V  [libjvm.so+0x90ed19]  os::pd_commit_memory(char*, unsigned long, unsigned long, bool)+0x29
V  [libjvm.so+0x90867a]  os::commit_memory(char*, unsigned long, unsigned long, bool)+0x2a
V  [libjvm.so+0x97bac3]  PSVirtualSpace::expand_by(unsigned long)+0x53
V  [libjvm.so+0x97cec8]  PSYoungGen::resize_generation(unsigned long, unsigned long)+0xf8
V  [libjvm.so+0x97c022]  PSYoungGen::resize(unsigned long, unsigned long)+0x22
V  [libjvm.so+0x9792fb]  PSScavenge::invoke_no_policy()+0xf7b
V  [libjvm.so+0x979a81]  PSScavenge::invoke()+0x41
V  [libjvm.so+0x932050]  ParallelScavengeHeap::failed_mem_allocate(unsigned long)+0x70
V  [libjvm.so+0xaae1d7]  VM_ParallelGCFailedAllocation::doit()+0x97
V  [libjvm.so+0xab59c5]  VM_Operation::evaluate()+0x55
V  [libjvm.so+0xab3d9a]  VMThread::evaluate_operation(VM_Operation*)+0xba
V  [libjvm.so+0xab411e]  VMThread::loop()+0x1ce
V  [libjvm.so+0xab4590]  VMThread::run()+0x70
V  [libjvm.so+0x910de8]  java_start(Thread*)+0x108

VM_Operation (0x00007f08cc2aadf0): ParallelGCFailedAllocation, mode: safepoint, requested by thread 0x00007f08c400a000


---------------  P R O C E S S  ---------------

Java Threads: ( => current thread )
  0x00007f08c40c2800 JavaThread "Service Thread" daemon [_thread_blocked, id=8382, stack(0x00007f08ad02a000,0x00007f08ad12b000)]
  0x00007f08c40bd800 JavaThread "C1 CompilerThread2" daemon [_thread_blocked, id=8381, stack(0x00007f08ad12b000,0x00007f08ad22c000)]
  0x00007f08c40bb800 JavaThread "C2 CompilerThread1" daemon [_thread_blocked, id=8380, stack(0x00007f08ad22c000,0x00007f08ad32d000)]
  0x00007f08c40b9000 JavaThread "C2 CompilerThread0" daemon [_thread_blocked, id=8379, stack(0x00007f08ad32d000,0x00007f08ad42e000)]
  0x00007f08c40b7800 JavaThread "Signal Dispatcher" daemon [_thread_blocked, id=8378, stack(0x00007f08ad42e000,0x00007f08ad52f000)]
  0x00007f08c407f000 JavaThread "Finalizer" daemon [_thread_blocked, id=8377, stack(0x00007f08ad7f8000,0x00007f08ad8f9000)]
  0x00007f08c407d000 JavaThread "Reference Handler" daemon [_thread_blocked, id=8376, stack(0x00007f08ad8f9000,0x00007f08ad9fa000)]
  0x00007f08c400a000 JavaThread "main" [_thread_blocked, id=8370, stack(0x00007f08cc1ac000,0x00007f08cc2ad000)]

Other Threads:
=>0x00007f08c4078000 VMThread [stack: 0x00007f08ad9fa000,0x00007f08adafb000] [id=8375]
  0x00007f08c40c5000 WatcherThread [stack: 0x00007f08acf29000,0x00007f08ad02a000] [id=8383]

VM state:at safepoint (normal execution)

VM Mutex/Monitor currently owned by a thread:  ([mutex/lock_event])
[0x00007f08c4006770] Threads_lock - owner thread: 0x00007f08c4078000
[0x00007f08c4006c70] Heap_lock - owner thread: 0x00007f08c400a000

Heap:
 PSYoungGen      total 34304K, used 2553K [0x00000000eab00000, 0x00000000ecf00000, 0x0000000100000000)
  eden space 31744K, 0% used [0x00000000eab00000,0x00000000eab00000,0x00000000eca00000)
  from space 2560K, 99% used [0x00000000eca00000,0x00000000ecc7e5f0,0x00000000ecc80000)
  to   space 2560K, 0% used [0x00000000ecc80000,0x00000000ecc80000,0x00000000ecf00000)
 ParOldGen       total 42496K, used 14969K [0x00000000c0000000, 0x00000000c2980000, 0x00000000eab00000)
  object space 42496K, 35% used [0x00000000c0000000,0x00000000c0e9e708,0x00000000c2980000)
 Metaspace       used 7176K, capacity 7544K, committed 7680K, reserved 1056768K
  class space    used 743K, capacity 752K, committed 768K, reserved 1048576K

Card table byte_map: [0x00007f08c8d89000,0x00007f08c8f8a000] byte_map_base: 0x00007f08c8789000

Marking Bits: (ParMarkBitMap*) 0x00007f08cb687760
 Begin Bits: [0x00007f08ae000000, 0x00007f08af000000)
 End Bits:   [0x00007f08af000000, 0x00007f08b0000000)

Polling page: 0x00007f08cc2ce000

CodeCache: size=245760Kb used=4994Kb max_used=4994Kb free=240765Kb
 bounds [0x00007f08b5000000, 0x00007f08b54f0000, 0x00007f08c4000000]
 total_blobs=1937 nmethods=1644 adapters=207
 compilation: enabled

Compilation events (10 events):
Event: 2.156 Thread 0x00007f08c40bd800 1669       2       com.android.dx.merge.DexMerger::transformTries (61 bytes)
Event: 2.157 Thread 0x00007f08c40bd800 nmethod 1669 0x00007f08b54e3b10 code [0x00007f08b54e3ca0, 0x00007f08b54e3f48]
Event: 2.157 Thread 0x00007f08c40bd800 1665       2       com.android.dex.Dex$Section::readCatchHandlers (56 bytes)
Event: 2.157 Thread 0x00007f08c40bd800 nmethod 1665 0x00007f08b54e4210 code [0x00007f08b54e43a0, 0x00007f08b54e46f8]
Event: 2.157 Thread 0x00007f08c40bd800 1668       2       com.android.dx.merge.DexMerger::transformCatchHandlers (65 bytes)
Event: 2.158 Thread 0x00007f08c40bd800 nmethod 1668 0x00007f08b54e4950 code [0x00007f08b54e4ae0, 0x00007f08b54e4df8]
Event: 2.172 Thread 0x00007f08c40bd800 1671       1       com.android.dx.io.instructions.PackedSwitchPayloadDecodedInstruction::getTargets (5 bytes)
Event: 2.172 Thread 0x00007f08c40bd800 nmethod 1671 0x00007f08b54e5090 code [0x00007f08b54e51e0, 0x00007f08b54e52f0]
Event: 2.172 Thread 0x00007f08c40bd800 1672       1       com.android.dx.io.instructions.PackedSwitchPayloadDecodedInstruction::getFirstKey (5 bytes)
Event: 2.172 Thread 0x00007f08c40bd800 nmethod 1672 0x00007f08b54e5350 code [0x00007f08b54e54a0, 0x00007f08b54e55b0]

GC Heap History (5 events):
Event: 0.979 GC heap before
{Heap before GC invocations=1 (full 0):
 PSYoungGen      total 18432K, used 15332K [0x00000000eab00000, 0x00000000ebf80000, 0x0000000100000000)
  eden space 15872K, 96% used [0x00000000eab00000,0x00000000eb9f9050,0x00000000eba80000)
  from space 2560K, 0% used [0x00000000ebd00000,0x00000000ebd00000,0x00000000ebf80000)
  to   space 2560K, 0% used [0x00000000eba80000,0x00000000eba80000,0x00000000ebd00000)
 ParOldGen       total 42496K, used 0K [0x00000000c0000000, 0x00000000c2980000, 0x00000000eab00000)
  object space 42496K, 0% used [0x00000000c0000000,0x00000000c0000000,0x00000000c2980000)
 Metaspace       used 5245K, capacity 6640K, committed 6784K, reserved 1056768K
  class space    used 540K, capacity 616K, committed 640K, reserved 1048576K
Event: 0.990 GC heap after
Heap after GC invocations=1 (full 0):
 PSYoungGen      total 18432K, used 2531K [0x00000000eab00000, 0x00000000ecf00000, 0x0000000100000000)
  eden space 15872K, 0% used [0x00000000eab00000,0x00000000eab00000,0x00000000eba80000)
  from space 2560K, 98% used [0x00000000eba80000,0x00000000ebcf8d30,0x00000000ebd00000)
  to   space 2560K, 0% used [0x00000000ecc80000,0x00000000ecc80000,0x00000000ecf00000)
 ParOldGen       total 42496K, used 2103K [0x00000000c0000000, 0x00000000c2980000, 0x00000000eab00000)
  object space 42496K, 4% used [0x00000000c0000000,0x00000000c020ddd0,0x00000000c2980000)
 Metaspace       used 5245K, capacity 6640K, committed 6784K, reserved 1056768K
  class space    used 540K, capacity 616K, committed 640K, reserved 1048576K
}
Event: 1.941 GC heap before
{Heap before GC invocations=2 (full 0):
 PSYoungGen      total 18432K, used 18403K [0x00000000eab00000, 0x00000000ecf00000, 0x0000000100000000)
  eden space 15872K, 100% used [0x00000000eab00000,0x00000000eba80000,0x00000000eba80000)
  from space 2560K, 98% used [0x00000000eba80000,0x00000000ebcf8d30,0x00000000ebd00000)
  to   space 2560K, 0% used [0x00000000ecc80000,0x00000000ecc80000,0x00000000ecf00000)
 ParOldGen       total 42496K, used 2103K [0x00000000c0000000, 0x00000000c2980000, 0x00000000eab00000)
  object space 42496K, 4% used [0x00000000c0000000,0x00000000c020ddd0,0x00000000c2980000)
 Metaspace       used 7090K, capacity 7480K, committed 7680K, reserved 1056768K
  class space    used 743K, capacity 752K, committed 768K, reserved 1048576K
Event: 1.953 GC heap after
Heap after GC invocations=2 (full 0):
 PSYoungGen      total 34304K, used 2538K [0x00000000eab00000, 0x00000000ecf00000, 0x0000000100000000)
  eden space 31744K, 0% used [0x00000000eab00000,0x00000000eab00000,0x00000000eca00000)
  from space 2560K, 99% used [0x00000000ecc80000,0x00000000ecefaa58,0x00000000ecf00000)
  to   space 2560K, 0% used [0x00000000eca00000,0x00000000eca00000,0x00000000ecc80000)
 ParOldGen       total 42496K, used 5814K [0x00000000c0000000, 0x00000000c2980000, 0x00000000eab00000)
  object space 42496K, 13% used [0x00000000c0000000,0x00000000c05ad870,0x00000000c2980000)
 Metaspace       used 7090K, capacity 7480K, committed 7680K, reserved 1056768K
  class space    used 743K, capacity 752K, committed 768K, reserved 1048576K
}
Event: 2.380 GC heap before
{Heap before GC invocations=3 (full 0):
 PSYoungGen      total 34304K, used 34282K [0x00000000eab00000, 0x00000000ecf00000, 0x0000000100000000)
  eden space 31744K, 100% used [0x00000000eab00000,0x00000000eca00000,0x00000000eca00000)
  from space 2560K, 99% used [0x00000000ecc80000,0x00000000ecefaa58,0x00000000ecf00000)
  to   space 2560K, 0% used [0x00000000eca00000,0x00000000eca00000,0x00000000ecc80000)
 ParOldGen       total 42496K, used 5814K [0x00000000c0000000, 0x00000000c2980000, 0x00000000eab00000)
  object space 42496K, 13% used [0x00000000c0000000,0x00000000c05ad870,0x00000000c2980000)
 Metaspace       used 7176K, capacity 7544K, committed 7680K, reserved 1056768K
  class space    used 743K, capacity 752K, committed 768K, reserved 1048576K

Deoptimization events (10 events):
Event: 1.290 Thread 0x00007f08c400a000 Uncommon trap: reason=class_check action=maybe_recompile pc=0x00007f08b5319800 method=java.util.HashMap.putVal(ILjava/lang/Object;Ljava/lang/Object;ZZ)Ljava/lang/Object; @ 56
Event: 1.290 Thread 0x00007f08c400a000 Uncommon trap: reason=class_check action=maybe_recompile pc=0x00007f08b5319800 method=java.util.HashMap.putVal(ILjava/lang/Object;Ljava/lang/Object;ZZ)Ljava/lang/Object; @ 56
Event: 1.504 Thread 0x00007f08c400a000 Uncommon trap: reason=unstable_if action=reinterpret pc=0x00007f08b5376990 method=java.util.HashMap.putVal(ILjava/lang/Object;Ljava/lang/Object;ZZ)Ljava/lang/Object; @ 162
Event: 1.504 Thread 0x00007f08c400a000 Uncommon trap: reason=unstable_if action=reinterpret pc=0x00007f08b5377a34 method=java.util.HashMap.putVal(ILjava/lang/Object;Ljava/lang/Object;ZZ)Ljava/lang/Object; @ 162
Event: 1.537 Thread 0x00007f08c400a000 Uncommon trap: reason=predicate action=maybe_recompile pc=0x00007f08b53c282c method=com.android.dex.Leb128.writeUnsignedLeb128(Lcom/android/dex/util/ByteOutput;I)V @ 9
Event: 1.759 Thread 0x00007f08c400a000 Uncommon trap: reason=unstable_if action=reinterpret pc=0x00007f08b5375a38 method=sun.misc.MetaIndex.mayContain(Ljava/lang/String;)Z @ 13
Event: 1.854 Thread 0x00007f08c400a000 Uncommon trap: reason=predicate action=maybe_recompile pc=0x00007f08b53ee098 method=com.android.dex.Leb128.readUnsignedLeb128(Lcom/android/dex/util/ByteInput;)I @ 41
Event: 1.874 Thread 0x00007f08c400a000 Uncommon trap: reason=unstable_if action=reinterpret pc=0x00007f08b541c994 method=com.android.dx.merge.IndexMap.adjustString(I)I @ 2
Event: 1.978 Thread 0x00007f08c400a000 Uncommon trap: reason=unstable_if action=reinterpret pc=0x00007f08b53259dc method=java.util.HashMap.getNode(ILjava/lang/Object;)Ljava/util/HashMap$Node; @ 84
Event: 1.982 Thread 0x00007f08c400a000 Uncommon trap: reason=unstable_if action=reinterpret pc=0x00007f08b5360d38 method=java.util.HashMap.getNode(ILjava/lang/Object;)Ljava/util/HashMap$Node; @ 84

Internal exceptions (7 events):
Event: 0.231 Thread 0x00007f08c400a000 Exception <a 'java/lang/NoSuchMethodError': Method sun.misc.Unsafe.defineClass(Ljava/lang/String;[BII)Ljava/lang/Class; name or signature does not match> (0x00000000eab12a38) thrown at [/RE-WORK/workspace/8-2-build-linux-amd64/jdk8u45/3457/hotspot/src/sha
Event: 0.231 Thread 0x00007f08c400a000 Exception <a 'java/lang/NoSuchMethodError': Method sun.misc.Unsafe.prefetchRead(Ljava/lang/Object;J)V name or signature does not match> (0x00000000eab12cc8) thrown at [/RE-WORK/workspace/8-2-build-linux-amd64/jdk8u45/3457/hotspot/src/share/vm/prims/jni.cp
Event: 0.939 Thread 0x00007f08c400a000 Implicit null exception at 0x00007f08b52a2560 to 0x00007f08b52a2879
Event: 1.764 Thread 0x00007f08c400a000 Exception <a 'java/security/PrivilegedActionException'> (0x00000000eb36bac0) thrown at [/RE-WORK/workspace/8-2-build-linux-amd64/jdk8u45/3457/hotspot/src/share/vm/prims/jvm.cpp, line 1382]
Event: 1.764 Thread 0x00007f08c400a000 Exception <a 'java/security/PrivilegedActionException'> (0x00000000eb36be08) thrown at [/RE-WORK/workspace/8-2-build-linux-amd64/jdk8u45/3457/hotspot/src/share/vm/prims/jvm.cpp, line 1382]
Event: 1.764 Thread 0x00007f08c400a000 Exception <a 'java/security/PrivilegedActionException'> (0x00000000eb36e2b8) thrown at [/RE-WORK/workspace/8-2-build-linux-amd64/jdk8u45/3457/hotspot/src/share/vm/prims/jvm.cpp, line 1382]
Event: 1.764 Thread 0x00007f08c400a000 Exception <a 'java/security/PrivilegedActionException'> (0x00000000eb36e600) thrown at [/RE-WORK/workspace/8-2-build-linux-amd64/jdk8u45/3457/hotspot/src/share/vm/prims/jvm.cpp, line 1382]

Events (10 events):
Event: 1.953 Executing VM operation: ParallelGCFailedAllocation done
Event: 1.978 Thread 0x00007f08c400a000 Uncommon trap: trap_request=0xffffff65 fr.pc=0x00007f08b53259dc
Event: 1.978 Thread 0x00007f08c400a000 DEOPT PACKING pc=0x00007f08b53259dc sp=0x00007f08cc2ab450
Event: 1.978 Thread 0x00007f08c400a000 DEOPT UNPACKING pc=0x00007f08b5005229 sp=0x00007f08cc2ab390 mode 2
Event: 1.982 Thread 0x00007f08c400a000 Uncommon trap: trap_request=0xffffff65 fr.pc=0x00007f08b5360d38
Event: 1.982 Thread 0x00007f08c400a000 DEOPT PACKING pc=0x00007f08b5360d38 sp=0x00007f08cc2ab3e0
Event: 1.982 Thread 0x00007f08c400a000 DEOPT UNPACKING pc=0x00007f08b5005229 sp=0x00007f08cc2ab390 mode 2
Event: 2.034 loading class com/android/dex/Dex$1
Event: 2.034 loading class com/android/dex/Dex$1 done
Event: 2.338 Executing VM operation: ParallelGCFailedAllocation


Dynamic libraries:
00400000-00401000 r-xp 00000000 08:03 1572315                            /opt/java/jdk1.8.0_45/bin/java
00600000-00601000 rw-p 00000000 08:03 1572315                            /opt/java/jdk1.8.0_45/bin/java
00658000-00679000 rw-p 00000000 00:00 0                                  [heap]
c0000000-c2980000 rw-p 00000000 00:00 0 
c2980000-eab00000 ---p 00000000 00:00 0 
eab00000-ecf00000 rw-p 00000000 00:00 0 
eee00000-100000000 ---p 00000000 00:00 0 
100000000-1000c0000 rw-p 00000000 00:00 0 
1000c0000-140000000 ---p 00000000 00:00 0 
7f0878000000-7f0878021000 rw-p 00000000 00:00 0 
7f0878021000-7f087c000000 ---p 00000000 00:00 0 
7f087c000000-7f087c021000 rw-p 00000000 00:00 0 
7f087c021000-7f0880000000 ---p 00000000 00:00 0 
7f0880000000-7f08804b9000 rw-p 00000000 00:00 0 
7f08804b9000-7f0884000000 ---p 00000000 00:00 0 
7f0884000000-7f08845d4000 rw-p 00000000 00:00 0 
7f08845d4000-7f0888000000 ---p 00000000 00:00 0 
7f0888000000-7f0888021000 rw-p 00000000 00:00 0 
7f0888021000-7f088c000000 ---p 00000000 00:00 0 
7f088c000000-7f088c53c000 rw-p 00000000 00:00 0 
7f088c53c000-7f0890000000 ---p 00000000 00:00 0 
7f0890000000-7f0890021000 rw-p 00000000 00:00 0 
7f0890021000-7f0894000000 ---p 00000000 00:00 0 
7f0894000000-7f0894021000 rw-p 00000000 00:00 0 
7f0894021000-7f0898000000 ---p 00000000 00:00 0 
7f0898000000-7f0898021000 rw-p 00000000 00:00 0 
7f0898021000-7f089c000000 ---p 00000000 00:00 0 
7f089c000000-7f089c28a000 rw-p 00000000 00:00 0 
7f089c28a000-7f08a0000000 ---p 00000000 00:00 0 
7f08a0000000-7f08a0021000 rw-p 00000000 00:00 0 
7f08a0021000-7f08a4000000 ---p 00000000 00:00 0 
7f08a8000000-7f08a8021000 rw-p 00000000 00:00 0 
7f08a8021000-7f08ac000000 ---p 00000000 00:00 0 
7f08acf29000-7f08acf2a000 ---p 00000000 00:00 0 
7f08acf2a000-7f08ad02a000 rw-p 00000000 00:00 0                          [stack:8383]
7f08ad02a000-7f08ad02d000 ---p 00000000 00:00 0 
7f08ad02d000-7f08ad12b000 rw-p 00000000 00:00 0                          [stack:8382]
7f08ad12b000-7f08ad12e000 ---p 00000000 00:00 0 
7f08ad12e000-7f08ad22c000 rw-p 00000000 00:00 0                          [stack:8381]
7f08ad22c000-7f08ad22f000 ---p 00000000 00:00 0 
7f08ad22f000-7f08ad32d000 rw-p 00000000 00:00 0                          [stack:8380]
7f08ad32d000-7f08ad330000 ---p 00000000 00:00 0 
7f08ad330000-7f08ad42e000 rw-p 00000000 00:00 0                          [stack:8379]
7f08ad42e000-7f08ad431000 ---p 00000000 00:00 0 
7f08ad431000-7f08ad52f000 rw-p 00000000 00:00 0                          [stack:8378]
7f08ad52f000-7f08ad7f8000 r--p 00000000 08:03 266989                     /usr/lib/locale/locale-archive
7f08ad7f8000-7f08ad7fb000 ---p 00000000 00:00 0 
7f08ad7fb000-7f08ad8f9000 rw-p 00000000 00:00 0                          [stack:8377]
7f08ad8f9000-7f08ad8fc000 ---p 00000000 00:00 0 
7f08ad8fc000-7f08ad9fa000 rw-p 00000000 00:00 0                          [stack:8376]
7f08ad9fa000-7f08ad9fb000 ---p 00000000 00:00 0 
7f08ad9fb000-7f08b0000000 rw-p 00000000 00:00 0                          [stack:8375]
7f08b0000000-7f08b0021000 rw-p 00000000 00:00 0 
7f08b0021000-7f08b4000000 ---p 00000000 00:00 0 
7f08b40f9000-7f08b4ec0000 rw-p 00000000 00:00 0 
7f08b4ec0000-7f08b5000000 ---p 00000000 00:00 0 
7f08b5000000-7f08b54f0000 rwxp 00000000 00:00 0 
7f08b54f0000-7f08c4000000 ---p 00000000 00:00 0 
7f08c4000000-7f08c4390000 rw-p 00000000 00:00 0 
7f08c4390000-7f08c8000000 ---p 00000000 00:00 0 
7f08c8002000-7f08c800d000 r--s 00116000 08:03 1574017                    /opt/java/jdk1.8.0_45/jre/lib/ext/localedata.jar
7f08c800d000-7f08c8029000 r--s 00393000 08:03 1574015                    /opt/java/jdk1.8.0_45/jre/lib/ext/cldrdata.jar
7f08c8029000-7f08c8038000 r--s 000dd000 00:19 9438599                    /home/mike/Android/Sdk/build-tools/22.0.1/lib/dx.jar
7f08c8038000-7f08c83e0000 rw-p 00000000 00:00 0 
7f08c83e0000-7f08c85b9000 r--s 03d09000 08:03 1573810                    /opt/java/jdk1.8.0_45/jre/lib/rt.jar
7f08c85b9000-7f08c882f000 rw-p 00000000 00:00 0 
7f08c882f000-7f08c8830000 ---p 00000000 00:00 0 
7f08c8830000-7f08c8930000 rw-p 00000000 00:00 0                          [stack:8374]
7f08c8930000-7f08c8931000 ---p 00000000 00:00 0 
7f08c8931000-7f08c8a31000 rw-p 00000000 00:00 0                          [stack:8373]
7f08c8a31000-7f08c8a32000 ---p 00000000 00:00 0 
7f08c8a32000-7f08c8b32000 rw-p 00000000 00:00 0                          [stack:8372]
7f08c8b32000-7f08c8b33000 ---p 00000000 00:00 0 
7f08c8b33000-7f08c8c48000 rw-p 00000000 00:00 0                          [stack:8371]
7f08c8c48000-7f08c8d89000 ---p 00000000 00:00 0 
7f08c8d89000-7f08c8d9e000 rw-p 00000000 00:00 0 
7f08c8d9e000-7f08c8ede000 ---p 00000000 00:00 0 
7f08c8ede000-7f08c8ef1000 rw-p 00000000 00:00 0 
7f08c8ef1000-7f08c8f89000 ---p 00000000 00:00 0 
7f08c8f89000-7f08c8f9e000 rw-p 00000000 00:00 0 
7f08c8f9e000-7f08c934a000 ---p 00000000 00:00 0 
7f08c934a000-7f08c9364000 r-xp 00000000 08:03 1574049                    /opt/java/jdk1.8.0_45/jre/lib/amd64/libzip.so
7f08c9364000-7f08c9564000 ---p 0001a000 08:03 1574049                    /opt/java/jdk1.8.0_45/jre/lib/amd64/libzip.so
7f08c9564000-7f08c9565000 rw-p 0001a000 08:03 1574049                    /opt/java/jdk1.8.0_45/jre/lib/amd64/libzip.so
7f08c9565000-7f08c9570000 r-xp 00000000 08:03 131807                     /lib/x86_64-linux-gnu/libnss_files-2.19.so
7f08c9570000-7f08c976f000 ---p 0000b000 08:03 131807                     /lib/x86_64-linux-gnu/libnss_files-2.19.so
7f08c976f000-7f08c9770000 r--p 0000a000 08:03 131807                     /lib/x86_64-linux-gnu/libnss_files-2.19.so
7f08c9770000-7f08c9771000 rw-p 0000b000 08:03 131807                     /lib/x86_64-linux-gnu/libnss_files-2.19.so
7f08c9771000-7f08c977c000 r-xp 00000000 08:03 131871                     /lib/x86_64-linux-gnu/libnss_nis-2.19.so
7f08c977c000-7f08c997b000 ---p 0000b000 08:03 131871                     /lib/x86_64-linux-gnu/libnss_nis-2.19.so
7f08c997b000-7f08c997c000 r--p 0000a000 08:03 131871                     /lib/x86_64-linux-gnu/libnss_nis-2.19.so
7f08c997c000-7f08c997d000 rw-p 0000b000 08:03 131871                     /lib/x86_64-linux-gnu/libnss_nis-2.19.so
7f08c997d000-7f08c9994000 r-xp 00000000 08:03 131829                     /lib/x86_64-linux-gnu/libnsl-2.19.so
7f08c9994000-7f08c9b93000 ---p 00017000 08:03 131829                     /lib/x86_64-linux-gnu/libnsl-2.19.so
7f08c9b93000-7f08c9b94000 r--p 00016000 08:03 131829                     /lib/x86_64-linux-gnu/libnsl-2.19.so
7f08c9b94000-7f08c9b95000 rw-p 00017000 08:03 131829                     /lib/x86_64-linux-gnu/libnsl-2.19.so
7f08c9b95000-7f08c9b97000 rw-p 00000000 00:00 0 
7f08c9b97000-7f08c9ba0000 r-xp 00000000 08:03 131828                     /lib/x86_64-linux-gnu/libnss_compat-2.19.so
7f08c9ba0000-7f08c9d9f000 ---p 00009000 08:03 131828                     /lib/x86_64-linux-gnu/libnss_compat-2.19.so
7f08c9d9f000-7f08c9da0000 r--p 00008000 08:03 131828                     /lib/x86_64-linux-gnu/libnss_compat-2.19.so
7f08c9da0000-7f08c9da1000 rw-p 00009000 08:03 131828                     /lib/x86_64-linux-gnu/libnss_compat-2.19.so
7f08c9da1000-7f08c9dcb000 r-xp 00000000 08:03 1574040                    /opt/java/jdk1.8.0_45/jre/lib/amd64/libjava.so
7f08c9dcb000-7f08c9fcb000 ---p 0002a000 08:03 1574040                    /opt/java/jdk1.8.0_45/jre/lib/amd64/libjava.so
7f08c9fcb000-7f08c9fcd000 rw-p 0002a000 08:03 1574040                    /opt/java/jdk1.8.0_45/jre/lib/amd64/libjava.so
7f08c9fcd000-7f08c9fda000 r-xp 00000000 08:03 1574047                    /opt/java/jdk1.8.0_45/jre/lib/amd64/libverify.so
7f08c9fda000-7f08ca1da000 ---p 0000d000 08:03 1574047                    /opt/java/jdk1.8.0_45/jre/lib/amd64/libverify.so
7f08ca1da000-7f08ca1dc000 rw-p 0000d000 08:03 1574047                    /opt/java/jdk1.8.0_45/jre/lib/amd64/libverify.so
7f08ca1dc000-7f08ca1e3000 r-xp 00000000 08:03 131868                     /lib/x86_64-linux-gnu/librt-2.19.so
7f08ca1e3000-7f08ca3e2000 ---p 00007000 08:03 131868                     /lib/x86_64-linux-gnu/librt-2.19.so
7f08ca3e2000-7f08ca3e3000 r--p 00006000 08:03 131868                     /lib/x86_64-linux-gnu/librt-2.19.so
7f08ca3e3000-7f08ca3e4000 rw-p 00007000 08:03 131868                     /lib/x86_64-linux-gnu/librt-2.19.so
7f08ca3e4000-7f08ca4e9000 r-xp 00000000 08:03 131806                     /lib/x86_64-linux-gnu/libm-2.19.so
7f08ca4e9000-7f08ca6e8000 ---p 00105000 08:03 131806                     /lib/x86_64-linux-gnu/libm-2.19.so
7f08ca6e8000-7f08ca6e9000 r--p 00104000 08:03 131806                     /lib/x86_64-linux-gnu/libm-2.19.so
7f08ca6e9000-7f08ca6ea000 rw-p 00105000 08:03 131806                     /lib/x86_64-linux-gnu/libm-2.19.so
7f08ca6ea000-7f08cb398000 r-xp 00000000 08:03 1574060                    /opt/java/jdk1.8.0_45/jre/lib/amd64/server/libjvm.so
7f08cb398000-7f08cb597000 ---p 00cae000 08:03 1574060                    /opt/java/jdk1.8.0_45/jre/lib/amd64/server/libjvm.so
7f08cb597000-7f08cb66e000 rw-p 00cad000 08:03 1574060                    /opt/java/jdk1.8.0_45/jre/lib/amd64/server/libjvm.so
7f08cb66e000-7f08cb6b2000 rw-p 00000000 00:00 0 
7f08cb6b2000-7f08cb86d000 r-xp 00000000 08:03 131857                     /lib/x86_64-linux-gnu/libc-2.19.so
7f08cb86d000-7f08cba6c000 ---p 001bb000 08:03 131857                     /lib/x86_64-linux-gnu/libc-2.19.so
7f08cba6c000-7f08cba70000 r--p 001ba000 08:03 131857                     /lib/x86_64-linux-gnu/libc-2.19.so
7f08cba70000-7f08cba72000 rw-p 001be000 08:03 131857                     /lib/x86_64-linux-gnu/libc-2.19.so
7f08cba72000-7f08cba77000 rw-p 00000000 00:00 0 
7f08cba77000-7f08cba7a000 r-xp 00000000 08:03 131810                     /lib/x86_64-linux-gnu/libdl-2.19.so
7f08cba7a000-7f08cbc79000 ---p 00003000 08:03 131810                     /lib/x86_64-linux-gnu/libdl-2.19.so
7f08cbc79000-7f08cbc7a000 r--p 00002000 08:03 131810                     /lib/x86_64-linux-gnu/libdl-2.19.so
7f08cbc7a000-7f08cbc7b000 rw-p 00003000 08:03 131810                     /lib/x86_64-linux-gnu/libdl-2.19.so
7f08cbc7b000-7f08cbc90000 r-xp 00000000 08:03 1573749                    /opt/java/jdk1.8.0_45/lib/amd64/jli/libjli.so
7f08cbc90000-7f08cbe90000 ---p 00015000 08:03 1573749                    /opt/java/jdk1.8.0_45/lib/amd64/jli/libjli.so
7f08cbe90000-7f08cbe91000 rw-p 00015000 08:03 1573749                    /opt/java/jdk1.8.0_45/lib/amd64/jli/libjli.so
7f08cbe91000-7f08cbeaa000 r-xp 00000000 08:03 131858                     /lib/x86_64-linux-gnu/libpthread-2.19.so
7f08cbeaa000-7f08cc0a9000 ---p 00019000 08:03 131858                     /lib/x86_64-linux-gnu/libpthread-2.19.so
7f08cc0a9000-7f08cc0aa000 r--p 00018000 08:03 131858                     /lib/x86_64-linux-gnu/libpthread-2.19.so
7f08cc0aa000-7f08cc0ab000 rw-p 00019000 08:03 131858                     /lib/x86_64-linux-gnu/libpthread-2.19.so
7f08cc0ab000-7f08cc0af000 rw-p 00000000 00:00 0 
7f08cc0af000-7f08cc0d2000 r-xp 00000000 08:03 131833                     /lib/x86_64-linux-gnu/ld-2.19.so
7f08cc0d3000-7f08cc0d4000 rw-p 00000000 00:00 0 
7f08cc0d4000-7f08cc0d5000 r--p 00000000 08:03 672594                     /usr/share/locale-langpack/en_GB/LC_MESSAGES/libc.mo
7f08cc0d5000-7f08cc0da000 r--s 00094000 08:03 1573828                    /opt/java/jdk1.8.0_45/jre/lib/jsse.jar
7f08cc0da000-7f08cc1ac000 rw-p 00000000 00:00 0 
7f08cc1ac000-7f08cc1af000 ---p 00000000 00:00 0 
7f08cc1af000-7f08cc2c5000 rw-p 00000000 00:00 0                          [stack:8370]
7f08cc2c5000-7f08cc2cd000 rw-s 00000000 08:03 1574115                    /tmp/hsperfdata_mike/8364
7f08cc2cd000-7f08cc2ce000 rw-p 00000000 00:00 0 
7f08cc2ce000-7f08cc2cf000 ---p 00000000 00:00 0 
7f08cc2cf000-7f08cc2d1000 rw-p 00000000 00:00 0 
7f08cc2d1000-7f08cc2d2000 r--p 00022000 08:03 131833                     /lib/x86_64-linux-gnu/ld-2.19.so
7f08cc2d2000-7f08cc2d3000 rw-p 00023000 08:03 131833                     /lib/x86_64-linux-gnu/ld-2.19.so
7f08cc2d3000-7f08cc2d4000 rw-p 00000000 00:00 0 
7fff086db000-7fff086fc000 rw-p 00000000 00:00 0                          [stack]
7fff087fe000-7fff08800000 r-xp 00000000 00:00 0                          [vdso]
ffffffffff600000-ffffffffff601000 r-xp 00000000 00:00 0                  [vsyscall]

VM Arguments:
jvm_args: -Xmx1024M -Dfile.encoding=UTF-8 -Duser.country=GB -Duser.language=en -Duser.variant 
java_command: com.android.dx.command.Main --dex --output /home/mike/AndroidStudioProjects/Settinguptheactionbar/app/build/intermediates/dex/debug /home/mike/AndroidStudioProjects/Settinguptheactionbar/app/build/intermediates/classes/debug /home/mike/AndroidStudioProjects/Settinguptheactionbar/app/build/intermediates/pre-dexed/debug/support-annotations-22.1.1-54ad1e10ea40c0340437050c86aa0e6e8ee262e6.jar /home/mike/AndroidStudioProjects/Settinguptheactionbar/app/build/intermediates/pre-dexed/debug/internal_impl-22.1.1-2b4d6a156b0b256845ad212c4bce252428d40fa9.jar /home/mike/AndroidStudioProjects/Settinguptheactionbar/app/build/intermediates/pre-dexed/debug/classes-3d3cc107583adf475508c33f966e135da3efaf15.jar /home/mike/AndroidStudioProjects/Settinguptheactionbar/app/build/intermediates/pre-dexed/debug/classes-e13df7d850d58c67f06b1ec4f3197e1aeb350c14.jar
java_class_path (initial): /home/mike/Android/Sdk/build-tools/22.0.1/lib/dx.jar
Launcher Type: SUN_STANDARD

Environment Variables:
PATH=/usr/local/sbin:/usr/local/bin:/usr/sbin:/usr/bin:/sbin:/bin:/usr/games:/usr/local/games
USERNAME=mike
LD_LIBRARY_PATH=/opt/android-studio/bin:
SHELL=/bin/bash
DISPLAY=:0

Signal Handlers:
SIGSEGV: [libjvm.so+0xaad1e0], sa_mask[0]=11111111011111111101111111111110, sa_flags=SA_RESTART|SA_SIGINFO
SIGBUS: [libjvm.so+0xaad1e0], sa_mask[0]=11111111011111111101111111111110, sa_flags=SA_RESTART|SA_SIGINFO
SIGFPE: [libjvm.so+0x90b450], sa_mask[0]=11111111011111111101111111111110, sa_flags=SA_RESTART|SA_SIGINFO
SIGPIPE: [libjvm.so+0x90b450], sa_mask[0]=11111111011111111101111111111110, sa_flags=SA_RESTART|SA_SIGINFO
SIGXFSZ: [libjvm.so+0x90b450], sa_mask[0]=11111111011111111101111111111110, sa_flags=SA_RESTART|SA_SIGINFO
SIGILL: [libjvm.so+0x90b450], sa_mask[0]=11111111011111111101111111111110, sa_flags=SA_RESTART|SA_SIGINFO
SIGUSR1: SIG_DFL, sa_mask[0]=00000000000000000000000000000000, sa_flags=none
SIGUSR2: [libjvm.so+0x90ca90], sa_mask[0]=00100000000000000000000000000000, sa_flags=SA_RESTART|SA_SIGINFO
SIGHUP: [libjvm.so+0x90dde0], sa_mask[0]=11111111011111111101111111111110, sa_flags=SA_RESTART|SA_SIGINFO
SIGINT: [libjvm.so+0x90dde0], sa_mask[0]=11111111011111111101111111111110, sa_flags=SA_RESTART|SA_SIGINFO
SIGTERM: [libjvm.so+0x90dde0], sa_mask[0]=11111111011111111101111111111110, sa_flags=SA_RESTART|SA_SIGINFO
SIGQUIT: [libjvm.so+0x90dde0], sa_mask[0]=11111111011111111101111111111110, sa_flags=SA_RESTART|SA_SIGINFO


---------------  S Y S T E M  ---------------

OS:DISTRIB_ID=LinuxMint
DISTRIB_RELEASE=17.1
DISTRIB_CODENAME=rebecca
DISTRIB_DESCRIPTION="Linux Mint 17.1 Rebecca"

uname:Linux 3.13.0-37-generic #64-Ubuntu SMP Mon Sep 22 21:28:38 UTC 2014 x86_64
libc:glibc 2.19 NPTL 2.19 
rlimit: STACK 8192k, CORE 0k, NPROC 30866, NOFILE 4096, AS infinity
load average:0.60 0.57 0.54

/proc/meminfo:
MemTotal:        4048044 kB
MemFree:          117400 kB
Buffers:             468 kB
Cached:            76572 kB
SwapCached:            0 kB
Active:          3671692 kB
Inactive:          72344 kB
Active(anon):    3669516 kB
Inactive(anon):    61216 kB
Active(file):       2176 kB
Inactive(file):    11128 kB
Unevictable:          84 kB
Mlocked:              84 kB
SwapTotal:             0 kB
SwapFree:              0 kB
Dirty:                56 kB
Writeback:           660 kB
AnonPages:       3667340 kB
Mapped:            63340 kB
Shmem:             63476 kB
Slab:              67076 kB
SReclaimable:      24552 kB
SUnreclaim:        42524 kB
KernelStack:        4416 kB
PageTables:        34704 kB
NFS_Unstable:          0 kB
Bounce:                0 kB
WritebackTmp:          0 kB
CommitLimit:     2024020 kB
Committed_AS:    6288836 kB
VmallocTotal:   34359738367 kB
VmallocUsed:      310708 kB
VmallocChunk:   34359421016 kB
HardwareCorrupted:     0 kB
AnonHugePages:   1298432 kB
HugePages_Total:       0
HugePages_Free:        0
HugePages_Rsvd:        0
HugePages_Surp:        0
Hugepagesize:       2048 kB
DirectMap4k:       83520 kB
DirectMap2M:     3061760 kB
DirectMap1G:     1048576 kB


CPU:total 4 (4 cores per cpu, 1 threads per core) family 16 model 4 stepping 2, cmov, cx8, fxsr, mmx, sse, sse2, sse3, popcnt, mmxext, 3dnowpref, lzcnt, sse4a, tsc, tscinvbit, tscinv

/proc/cpuinfo:
processor	: 0
vendor_id	: AuthenticAMD
cpu family	: 16
model		: 4
model name	: AMD Phenom(tm) II X4 955 Processor
stepping	: 2
microcode	: 0x1000086
cpu MHz		: 800.000
cache size	: 512 KB
physical id	: 0
siblings	: 4
core id		: 0
cpu cores	: 4
apicid		: 0
initial apicid	: 0
fpu		: yes
fpu_exception	: yes
cpuid level	: 5
wp		: yes
flags		: fpu vme de pse tsc msr pae mce cx8 apic sep mtrr pge mca cmov pat pse36 clflush mmx fxsr sse sse2 ht syscall nx mmxext fxsr_opt pdpe1gb rdtscp lm 3dnowext 3dnow constant_tsc rep_good nopl nonstop_tsc extd_apicid pni monitor cx16 popcnt lahf_lm cmp_legacy svm extapic cr8_legacy abm sse4a misalignsse 3dnowprefetch osvw ibs skinit wdt hw_pstate npt lbrv svm_lock nrip_save
bogomips	: 6399.98
TLB size	: 1024 4K pages
clflush size	: 64
cache_alignment	: 64
address sizes	: 48 bits physical, 48 bits virtual
power management: ts ttp tm stc 100mhzsteps hwpstate

processor	: 1
vendor_id	: AuthenticAMD
cpu family	: 16
model		: 4
model name	: AMD Phenom(tm) II X4 955 Processor
stepping	: 2
microcode	: 0x1000086
cpu MHz		: 800.000
cache size	: 512 KB
physical id	: 0
siblings	: 4
core id		: 1
cpu cores	: 4
apicid		: 1
initial apicid	: 1
fpu		: yes
fpu_exception	: yes
cpuid level	: 5
wp		: yes
flags		: fpu vme de pse tsc msr pae mce cx8 apic sep mtrr pge mca cmov pat pse36 clflush mmx fxsr sse sse2 ht syscall nx mmxext fxsr_opt pdpe1gb rdtscp lm 3dnowext 3dnow constant_tsc rep_good nopl nonstop_tsc extd_apicid pni monitor cx16 popcnt lahf_lm cmp_legacy svm extapic cr8_legacy abm sse4a misalignsse 3dnowprefetch osvw ibs skinit wdt hw_pstate npt lbrv svm_lock nrip_save
bogomips	: 6399.98
TLB size	: 1024 4K pages
clflush size	: 64
cache_alignment	: 64
address sizes	: 48 bits physical, 48 bits virtual
power management: ts ttp tm stc 100mhzsteps hwpstate

processor	: 2
vendor_id	: AuthenticAMD
cpu family	: 16
model		: 4
model name	: AMD Phenom(tm) II X4 955 Processor
stepping	: 2
microcode	: 0x1000086
cpu MHz		: 2100.000
cache size	: 512 KB
physical id	: 0
siblings	: 4
core id		: 2
cpu cores	: 4
apicid		: 2
initial apicid	: 2
fpu		: yes
fpu_exception	: yes
cpuid level	: 5
wp		: yes
flags		: fpu vme de pse tsc msr pae mce cx8 apic sep mtrr pge mca cmov pat pse36 clflush mmx fxsr sse sse2 ht syscall nx mmxext fxsr_opt pdpe1gb rdtscp lm 3dnowext 3dnow constant_tsc rep_good nopl nonstop_tsc extd_apicid pni monitor cx16 popcnt lahf_lm cmp_legacy svm extapic cr8_legacy abm sse4a misalignsse 3dnowprefetch osvw ibs skinit wdt hw_pstate npt lbrv svm_lock nrip_save
bogomips	: 6399.98
TLB size	: 1024 4K pages
clflush size	: 64
cache_alignment	: 64
address sizes	: 48 bits physical, 48 bits virtual
power management: ts ttp tm stc 100mhzsteps hwpstate

processor	: 3
vendor_id	: AuthenticAMD
cpu family	: 16
model		: 4
model name	: AMD Phenom(tm) II X4 955 Processor
stepping	: 2
microcode	: 0x1000086
cpu MHz		: 800.000
cache size	: 512 KB
physical id	: 0
siblings	: 4
core id		: 3
cpu cores	: 4
apicid		: 3
initial apicid	: 3
fpu		: yes
fpu_exception	: yes
cpuid level	: 5
wp		: yes
flags		: fpu vme de pse tsc msr pae mce cx8 apic sep mtrr pge mca cmov pat pse36 clflush mmx fxsr sse sse2 ht syscall nx mmxext fxsr_opt pdpe1gb rdtscp lm 3dnowext 3dnow constant_tsc rep_good nopl nonstop_tsc extd_apicid pni monitor cx16 popcnt lahf_lm cmp_legacy svm extapic cr8_legacy abm sse4a misalignsse 3dnowprefetch osvw ibs skinit wdt hw_pstate npt lbrv svm_lock nrip_save
bogomips	: 6399.98
TLB size	: 1024 4K pages
clflush size	: 64
cache_alignment	: 64
address sizes	: 48 bits physical, 48 bits virtual
power management: ts ttp tm stc 100mhzsteps hwpstate



Memory: 4k page, physical 4048044k(123304k free), swap 0k(0k free)

vm_info: Java HotSpot(TM) 64-Bit Server VM (25.45-b02) for linux-amd64 JRE (1.8.0_45-b14), built on Apr 10 2015 10:07:45 by "java_re" with gcc 4.3.0 20080428 (Red Hat 4.3.0-8)

time: Sat Jun 13 23:55:48 2015
elapsed time: 3 seconds (0d 0h 0m 3s)

