#
# There is insufficient memory for the Java Runtime Environment to continue.
# Native memory allocation (mmap) failed to map 80740352 bytes for committing reserved memory.
# Possible reasons:
#   The system is out of physical RAM or swap space
#   In 32 bit mode, the process size limit was hit
# Possible solutions:
#   Reduce memory load on the system
#   Increase physical memory or swap space
#   Check if swap backing store is full
#   Use 64 bit Java on a 64 bit OS
#   Decrease Java heap size (-Xmx/-Xms)
#   Decrease number of Java threads
#   Decrease Java thread stack sizes (-Xss)
#   Set larger code cache with -XX:ReservedCodeCacheSize=
# This output file may be truncated or incomplete.
#
#  Out of Memory Error (os_linux.cpp:2673), pid=18277, tid=140666899236608
#
# JRE version: Java(TM) SE Runtime Environment (8.0_45-b14) (build 1.8.0_45-b14)
# Java VM: Java HotSpot(TM) 64-Bit Server VM (25.45-b02 mixed mode linux-amd64 compressed oops)
# Failed to write core dump. Core dumps have been disabled. To enable core dumping, try "ulimit -c unlimited" before starting Java again
#

---------------  T H R E A D  ---------------

Current thread (0x00007fefa0079800):  VMThread [stack: 0x00007fef907f8000,0x00007fef908f9000] [id=18287]

Stack: [0x00007fef907f8000,0x00007fef908f9000],  sp=0x00007fef908f7260,  free space=1020k
Native frames: (J=compiled Java code, j=interpreted, Vv=VM code, C=native code)
V  [libjvm.so+0xaac99a]  VMError::report_and_die()+0x2ba
V  [libjvm.so+0x4f333b]  report_vm_out_of_memory(char const*, int, unsigned long, VMErrorType, char const*)+0x8b
V  [libjvm.so+0x90e7c3]  os::Linux::commit_memory_impl(char*, unsigned long, bool)+0x103
V  [libjvm.so+0x90ed19]  os::pd_commit_memory(char*, unsigned long, unsigned long, bool)+0x29
V  [libjvm.so+0x90867a]  os::commit_memory(char*, unsigned long, unsigned long, bool)+0x2a
V  [libjvm.so+0x97bac3]  PSVirtualSpace::expand_by(unsigned long)+0x53
V  [libjvm.so+0x97cec8]  PSYoungGen::resize_generation(unsigned long, unsigned long)+0xf8
V  [libjvm.so+0x97c022]  PSYoungGen::resize(unsigned long, unsigned long)+0x22
V  [libjvm.so+0x9792fb]  PSScavenge::invoke_no_policy()+0xf7b
V  [libjvm.so+0x979a81]  PSScavenge::invoke()+0x41
V  [libjvm.so+0x932050]  ParallelScavengeHeap::failed_mem_allocate(unsigned long)+0x70
V  [libjvm.so+0xaae1d7]  VM_ParallelGCFailedAllocation::doit()+0x97
V  [libjvm.so+0xab59c5]  VM_Operation::evaluate()+0x55
V  [libjvm.so+0xab3d9a]  VMThread::evaluate_operation(VM_Operation*)+0xba
V  [libjvm.so+0xab411e]  VMThread::loop()+0x1ce
V  [libjvm.so+0xab4590]  VMThread::run()+0x70
V  [libjvm.so+0x910de8]  java_start(Thread*)+0x108

VM_Operation (0x00007fefa8fa00d0): ParallelGCFailedAllocation, mode: safepoint, requested by thread 0x00007fefa000b800


---------------  P R O C E S S  ---------------

Java Threads: ( => current thread )
  0x00007fefa00c4000 JavaThread "Service Thread" daemon [_thread_blocked, id=18294, stack(0x00007fef89dfe000,0x00007fef89eff000)]
  0x00007fefa00bf000 JavaThread "C1 CompilerThread2" daemon [_thread_blocked, id=18293, stack(0x00007fef89eff000,0x00007fef8a000000)]
  0x00007fefa00bd000 JavaThread "C2 CompilerThread1" daemon [_thread_blocked, id=18292, stack(0x00007fef9002a000,0x00007fef9012b000)]
  0x00007fefa00ba000 JavaThread "C2 CompilerThread0" daemon [_thread_blocked, id=18291, stack(0x00007fef9012b000,0x00007fef9022c000)]
  0x00007fefa00b9000 JavaThread "Signal Dispatcher" daemon [_thread_blocked, id=18290, stack(0x00007fef9022c000,0x00007fef9032d000)]
  0x00007fefa0080800 JavaThread "Finalizer" daemon [_thread_blocked, id=18289, stack(0x00007fef905f6000,0x00007fef906f7000)]
  0x00007fefa007e800 JavaThread "Reference Handler" daemon [_thread_blocked, id=18288, stack(0x00007fef906f7000,0x00007fef907f8000)]
  0x00007fefa000b800 JavaThread "main" [_thread_blocked, id=18282, stack(0x00007fefa8ea1000,0x00007fefa8fa2000)]

Other Threads:
=>0x00007fefa0079800 VMThread [stack: 0x00007fef907f8000,0x00007fef908f9000] [id=18287]
  0x00007fefa00c6800 WatcherThread [stack: 0x00007fef89cfd000,0x00007fef89dfe000] [id=18295]

VM state:at safepoint (normal execution)

VM Mutex/Monitor currently owned by a thread:  ([mutex/lock_event])
[0x00007fefa0007ef0] Threads_lock - owner thread: 0x00007fefa0079800
[0x00007fefa00083f0] Heap_lock - owner thread: 0x00007fefa000b800

Heap:
 PSYoungGen      total 66048K, used 2560K [0x00000000eab00000, 0x00000000eee00000, 0x0000000100000000)
  eden space 63488K, 0% used [0x00000000eab00000,0x00000000eab00000,0x00000000ee900000)
  from space 2560K, 100% used [0x00000000ee900000,0x00000000eeb80000,0x00000000eeb80000)
  to   space 2560K, 0% used [0x00000000eeb80000,0x00000000eeb80000,0x00000000eee00000)
 ParOldGen       total 42496K, used 19594K [0x00000000c0000000, 0x00000000c2980000, 0x00000000eab00000)
  object space 42496K, 46% used [0x00000000c0000000,0x00000000c1322888,0x00000000c2980000)
 Metaspace       used 7717K, capacity 7966K, committed 8320K, reserved 1056768K
  class space    used 754K, capacity 785K, committed 896K, reserved 1048576K

Card table byte_map: [0x00007fefa5a80000,0x00007fefa5c81000] byte_map_base: 0x00007fefa5480000

Marking Bits: (ParMarkBitMap*) 0x00007fefa837e760
 Begin Bits: [0x00007fef8a000000, 0x00007fef8b000000)
 End Bits:   [0x00007fef8b000000, 0x00007fef8c000000)

Polling page: 0x00007fefa8fc5000

CodeCache: size=245760Kb used=8420Kb max_used=8438Kb free=237339Kb
 bounds [0x00007fef91000000, 0x00007fef91850000, 0x00007fefa0000000]
 total_blobs=2725 nmethods=2429 adapters=210
 compilation: enabled

Compilation events (10 events):
Event: 74.837 Thread 0x00007fefa00bd000 nmethod 2409 0x00007fef9183b510 code [0x00007fef9183bba0, 0x00007fef918415f8]
Event: 75.037 Thread 0x00007fefa00bf000 nmethod 2435 0x00007fef91829a90 code [0x00007fef91829c80, 0x00007fef9182a438]
Event: 75.061 Thread 0x00007fefa00bd000 2434       4       com.android.dex.EncodedValueCodec::writeUnsignedIntegralValue (66 bytes)
Event: 75.061 Thread 0x00007fefa00bf000 2441       3       sun.reflect.ByteVectorImpl::add (38 bytes)
Event: 75.839 Thread 0x00007fefa00bf000 nmethod 2441 0x00007fef9182ab90 code [0x00007fef9182ad00, 0x00007fef9182af28]
Event: 76.687 Thread 0x00007fefa00bf000 2440       3       sun.reflect.ClassFileAssembler::emitByte (11 bytes)
Event: 86.938 Thread 0x00007fefa00bf000 nmethod 2440 0x00007fef91829650 code [0x00007fef918297c0, 0x00007fef91829988]
Event: 108.983 Thread 0x00007fefa00bf000 2442       3       java.util.regex.Matcher::reset (83 bytes)
Event: 126.624 Thread 0x00007fefa00bf000 nmethod 2442 0x00007fef91828e50 code [0x00007fef91828fe0, 0x00007fef91829488]
Event: 126.682 Thread 0x00007fefa00bf000 2444       3       com.android.dex.EncodedValueCodec::readSignedLong (48 bytes)

GC Heap History (9 events):
Event: 0.747 GC heap before
{Heap before GC invocations=1 (full 0):
 PSYoungGen      total 18432K, used 15872K [0x00000000eab00000, 0x00000000ebf80000, 0x0000000100000000)
  eden space 15872K, 100% used [0x00000000eab00000,0x00000000eba80000,0x00000000eba80000)
  from space 2560K, 0% used [0x00000000ebd00000,0x00000000ebd00000,0x00000000ebf80000)
  to   space 2560K, 0% used [0x00000000eba80000,0x00000000eba80000,0x00000000ebd00000)
 ParOldGen       total 42496K, used 0K [0x00000000c0000000, 0x00000000c2980000, 0x00000000eab00000)
  object space 42496K, 0% used [0x00000000c0000000,0x00000000c0000000,0x00000000c2980000)
 Metaspace       used 5277K, capacity 6640K, committed 6784K, reserved 1056768K
  class space    used 535K, capacity 616K, committed 640K, reserved 1048576K
Event: 0.759 GC heap after
Heap after GC invocations=1 (full 0):
 PSYoungGen      total 18432K, used 2545K [0x00000000eab00000, 0x00000000ecf00000, 0x0000000100000000)
  eden space 15872K, 0% used [0x00000000eab00000,0x00000000eab00000,0x00000000eba80000)
  from space 2560K, 99% used [0x00000000eba80000,0x00000000ebcfc6e0,0x00000000ebd00000)
  to   space 2560K, 0% used [0x00000000ecc80000,0x00000000ecc80000,0x00000000ecf00000)
 ParOldGen       total 42496K, used 2267K [0x00000000c0000000, 0x00000000c2980000, 0x00000000eab00000)
  object space 42496K, 5% used [0x00000000c0000000,0x00000000c0236d38,0x00000000c2980000)
 Metaspace       used 5277K, capacity 6640K, committed 6784K, reserved 1056768K
  class space    used 535K, capacity 616K, committed 640K, reserved 1048576K
}
Event: 1.106 GC heap before
{Heap before GC invocations=2 (full 0):
 PSYoungGen      total 18432K, used 18417K [0x00000000eab00000, 0x00000000ecf00000, 0x0000000100000000)
  eden space 15872K, 100% used [0x00000000eab00000,0x00000000eba80000,0x00000000eba80000)
  from space 2560K, 99% used [0x00000000eba80000,0x00000000ebcfc6e0,0x00000000ebd00000)
  to   space 2560K, 0% used [0x00000000ecc80000,0x00000000ecc80000,0x00000000ecf00000)
 ParOldGen       total 42496K, used 2267K [0x00000000c0000000, 0x00000000c2980000, 0x00000000eab00000)
  object space 42496K, 5% used [0x00000000c0000000,0x00000000c0236d38,0x00000000c2980000)
 Metaspace       used 5508K, capacity 6832K, committed 7040K, reserved 1056768K
  class space    used 539K, capacity 616K, committed 640K, reserved 1048576K
Event: 1.120 GC heap after
Heap after GC invocations=2 (full 0):
 PSYoungGen      total 34304K, used 2535K [0x00000000eab00000, 0x00000000ecf00000, 0x0000000100000000)
  eden space 31744K, 0% used [0x00000000eab00000,0x00000000eab00000,0x00000000eca00000)
  from space 2560K, 99% used [0x00000000ecc80000,0x00000000ecef9c38,0x00000000ecf00000)
  to   space 2560K, 0% used [0x00000000eca00000,0x00000000eca00000,0x00000000ecc80000)
 ParOldGen       total 42496K, used 5883K [0x00000000c0000000, 0x00000000c2980000, 0x00000000eab00000)
  object space 42496K, 13% used [0x00000000c0000000,0x00000000c05bec60,0x00000000c2980000)
 Metaspace       used 5508K, capacity 6832K, committed 7040K, reserved 1056768K
  class space    used 539K, capacity 616K, committed 640K, reserved 1048576K
}
Event: 1.498 GC heap before
{Heap before GC invocations=3 (full 0):
 PSYoungGen      total 34304K, used 34279K [0x00000000eab00000, 0x00000000ecf00000, 0x0000000100000000)
  eden space 31744K, 100% used [0x00000000eab00000,0x00000000eca00000,0x00000000eca00000)
  from space 2560K, 99% used [0x00000000ecc80000,0x00000000ecef9c38,0x00000000ecf00000)
  to   space 2560K, 0% used [0x00000000eca00000,0x00000000eca00000,0x00000000ecc80000)
 ParOldGen       total 42496K, used 5883K [0x00000000c0000000, 0x00000000c2980000, 0x00000000eab00000)
  object space 42496K, 13% used [0x00000000c0000000,0x00000000c05bec60,0x00000000c2980000)
 Metaspace       used 5911K, capacity 7152K, committed 7296K, reserved 1056768K
  class space    used 562K, capacity 616K, committed 640K, reserved 1048576K
Event: 1.525 GC heap after
Heap after GC invocations=3 (full 0):
 PSYoungGen      total 34304K, used 2532K [0x00000000eab00000, 0x00000000eee00000, 0x0000000100000000)
  eden space 31744K, 0% used [0x00000000eab00000,0x00000000eab00000,0x00000000eca00000)
  from space 2560K, 98% used [0x00000000eca00000,0x00000000ecc792e8,0x00000000ecc80000)
  to   space 2560K, 0% used [0x00000000eeb80000,0x00000000eeb80000,0x00000000eee00000)
 ParOldGen       total 42496K, used 13494K [0x00000000c0000000, 0x00000000c2980000, 0x00000000eab00000)
  object space 42496K, 31% used [0x00000000c0000000,0x00000000c0d2db90,0x00000000c2980000)
 Metaspace       used 5911K, capacity 7152K, committed 7296K, reserved 1056768K
  class space    used 562K, capacity 616K, committed 640K, reserved 1048576K
}
Event: 2.110 GC heap before
{Heap before GC invocations=4 (full 0):
 PSYoungGen      total 34304K, used 34276K [0x00000000eab00000, 0x00000000eee00000, 0x0000000100000000)
  eden space 31744K, 100% used [0x00000000eab00000,0x00000000eca00000,0x00000000eca00000)
  from space 2560K, 98% used [0x00000000eca00000,0x00000000ecc792e8,0x00000000ecc80000)
  to   space 2560K, 0% used [0x00000000eeb80000,0x00000000eeb80000,0x00000000eee00000)
 ParOldGen       total 42496K, used 13494K [0x00000000c0000000, 0x00000000c2980000, 0x00000000eab00000)
  object space 42496K, 31% used [0x00000000c0000000,0x00000000c0d2db90,0x00000000c2980000)
 Metaspace       used 7594K, capacity 7928K, committed 8192K, reserved 1056768K
  class space    used 745K, capacity 752K, committed 768K, reserved 1048576K
Event: 2.138 GC heap after
Heap after GC invocations=4 (full 0):
 PSYoungGen      total 66048K, used 2553K [0x00000000eab00000, 0x00000000eee00000, 0x0000000100000000)
  eden space 63488K, 0% used [0x00000000eab00000,0x00000000eab00000,0x00000000ee900000)
  from space 2560K, 99% used [0x00000000eeb80000,0x00000000eedfe4a8,0x00000000eee00000)
  to   space 2560K, 0% used [0x00000000ee900000,0x00000000ee900000,0x00000000eeb80000)
 ParOldGen       total 42496K, used 16331K [0x00000000c0000000, 0x00000000c2980000, 0x00000000eab00000)
  object space 42496K, 38% used [0x00000000c0000000,0x00000000c0ff2df0,0x00000000c2980000)
 Metaspace       used 7594K, capacity 7928K, committed 8192K, reserved 1056768K
  class space    used 745K, capacity 752K, committed 768K, reserved 1048576K
}
Event: 126.805 GC heap before
{Heap before GC invocations=5 (full 0):
 PSYoungGen      total 66048K, used 66041K [0x00000000eab00000, 0x00000000eee00000, 0x0000000100000000)
  eden space 63488K, 100% used [0x00000000eab00000,0x00000000ee900000,0x00000000ee900000)
  from space 2560K, 99% used [0x00000000eeb80000,0x00000000eedfe4a8,0x00000000eee00000)
  to   space 2560K, 0% used [0x00000000ee900000,0x00000000ee900000,0x00000000eeb80000)
 ParOldGen       total 42496K, used 16331K [0x00000000c0000000, 0x00000000c2980000, 0x00000000eab00000)
  object space 42496K, 38% used [0x00000000c0000000,0x00000000c0ff2df0,0x00000000c2980000)
 Metaspace       used 7717K, capacity 7966K, committed 8320K, reserved 1056768K
  class space    used 754K, capacity 785K, committed 896K, reserved 1048576K

Deoptimization events (10 events):
Event: 1.670 Thread 0x00007fefa000b800 Uncommon trap: reason=unstable_if action=reinterpret pc=0x00007fef91666864 method=java.util.HashMap.putVal(ILjava/lang/Object;Ljava/lang/Object;ZZ)Ljava/lang/Object; @ 162
Event: 1.683 Thread 0x00007fefa000b800 Uncommon trap: reason=unstable_if action=reinterpret pc=0x00007fef91560394 method=java.util.HashMap.getNode(ILjava/lang/Object;)Ljava/util/HashMap$Node; @ 84
Event: 1.710 Thread 0x00007fefa000b800 Uncommon trap: reason=unstable_if action=reinterpret pc=0x00007fef9150f9f4 method=java.util.HashMap.getNode(ILjava/lang/Object;)Ljava/util/HashMap$Node; @ 84
Event: 1.774 Thread 0x00007fefa000b800 Uncommon trap: reason=unstable_if action=reinterpret pc=0x00007fef916786f8 method=sun.misc.MetaIndex.mayContain(Ljava/lang/String;)Z @ 13
Event: 1.778 Thread 0x00007fefa000b800 Uncommon trap: reason=class_check action=maybe_recompile pc=0x00007fef914cf3e8 method=java.util.ArrayList.<init>(Ljava/util/Collection;)V @ 6
Event: 1.816 Thread 0x00007fefa000b800 Uncommon trap: reason=class_check action=maybe_recompile pc=0x00007fef914cf3e8 method=java.util.ArrayList.<init>(Ljava/util/Collection;)V @ 6
Event: 1.872 Thread 0x00007fefa000b800 Uncommon trap: reason=predicate action=maybe_recompile pc=0x00007fef91700e58 method=com.android.dex.Leb128.readUnsignedLeb128(Lcom/android/dex/util/ByteInput;)I @ 41
Event: 1.890 Thread 0x00007fefa000b800 Uncommon trap: reason=unstable_if action=reinterpret pc=0x00007fef916bd094 method=com.android.dx.merge.IndexMap.adjustString(I)I @ 2
Event: 1.951 Thread 0x00007fefa000b800 Uncommon trap: reason=unstable_if action=reinterpret pc=0x00007fef916b37a0 method=com.android.dex.FieldId.compareTo(Lcom/android/dex/FieldId;)I @ 8
Event: 2.036 Thread 0x00007fefa000b800 Uncommon trap: reason=unstable_if action=reinterpret pc=0x00007fef916b69d4 method=com.android.dex.FieldId.compareTo(Lcom/android/dex/FieldId;)I @ 8

Internal exceptions (7 events):
Event: 0.127 Thread 0x00007fefa000b800 Exception <a 'java/lang/NoSuchMethodError': Method sun.misc.Unsafe.defineClass(Ljava/lang/String;[BII)Ljava/lang/Class; name or signature does not match> (0x00000000eab12a38) thrown at [/RE-WORK/workspace/8-2-build-linux-amd64/jdk8u45/3457/hotspot/src/sha
Event: 0.127 Thread 0x00007fefa000b800 Exception <a 'java/lang/NoSuchMethodError': Method sun.misc.Unsafe.prefetchRead(Ljava/lang/Object;J)V name or signature does not match> (0x00000000eab12cc8) thrown at [/RE-WORK/workspace/8-2-build-linux-amd64/jdk8u45/3457/hotspot/src/share/vm/prims/jni.cp
Event: 1.162 Thread 0x00007fefa000b800 Implicit null exception at 0x00007fef914f6722 to 0x00007fef914f67c2
Event: 1.775 Thread 0x00007fefa000b800 Exception <a 'java/security/PrivilegedActionException'> (0x00000000eb038d10) thrown at [/RE-WORK/workspace/8-2-build-linux-amd64/jdk8u45/3457/hotspot/src/share/vm/prims/jvm.cpp, line 1382]
Event: 1.775 Thread 0x00007fefa000b800 Exception <a 'java/security/PrivilegedActionException'> (0x00000000eb039058) thrown at [/RE-WORK/workspace/8-2-build-linux-amd64/jdk8u45/3457/hotspot/src/share/vm/prims/jvm.cpp, line 1382]
Event: 1.775 Thread 0x00007fefa000b800 Exception <a 'java/security/PrivilegedActionException'> (0x00000000eb03b508) thrown at [/RE-WORK/workspace/8-2-build-linux-amd64/jdk8u45/3457/hotspot/src/share/vm/prims/jvm.cpp, line 1382]
Event: 1.775 Thread 0x00007fefa000b800 Exception <a 'java/security/PrivilegedActionException'> (0x00000000eb03b850) thrown at [/RE-WORK/workspace/8-2-build-linux-amd64/jdk8u45/3457/hotspot/src/share/vm/prims/jvm.cpp, line 1382]

Events (10 events):
Event: 75.761 loading class sun/reflect/Label$PatchInfo done
Event: 75.860 loading class sun/reflect/MethodAccessorGenerator$1
Event: 78.402 loading class sun/reflect/MethodAccessorGenerator$1 done
Event: 81.395 loading class sun/reflect/ClassDefiner
Event: 83.163 loading class sun/reflect/ClassDefiner done
Event: 87.436 loading class sun/reflect/ClassDefiner$1
Event: 87.990 loading class sun/reflect/ClassDefiner$1 done
Event: 99.767 loading class sun/reflect/BootstrapConstructorAccessorImpl
Event: 101.481 loading class sun/reflect/BootstrapConstructorAccessorImpl done
Event: 126.759 Executing VM operation: ParallelGCFailedAllocation


Dynamic libraries:
00400000-00401000 r-xp 00000000 08:03 1572315                            /opt/java/jdk1.8.0_45/bin/java
00600000-00601000 rw-p 00000000 08:03 1572315                            /opt/java/jdk1.8.0_45/bin/java
0189f000-018c0000 rw-p 00000000 00:00 0                                  [heap]
c0000000-c2980000 rw-p 00000000 00:00 0 
c2980000-eab00000 ---p 00000000 00:00 0 
eab00000-eee00000 rw-p 00000000 00:00 0 
f3b00000-100000000 ---p 00000000 00:00 0 
100000000-1000e0000 rw-p 00000000 00:00 0 
1000e0000-140000000 ---p 00000000 00:00 0 
7fef54000000-7fef54021000 rw-p 00000000 00:00 0 
7fef54021000-7fef58000000 ---p 00000000 00:00 0 
7fef58000000-7fef58021000 rw-p 00000000 00:00 0 
7fef58021000-7fef5c000000 ---p 00000000 00:00 0 
7fef5c000000-7fef5cce0000 rw-p 00000000 00:00 0 
7fef5cce0000-7fef60000000 ---p 00000000 00:00 0 
7fef60000000-7fef60777000 rw-p 00000000 00:00 0 
7fef60777000-7fef64000000 ---p 00000000 00:00 0 
7fef64000000-7fef64021000 rw-p 00000000 00:00 0 
7fef64021000-7fef68000000 ---p 00000000 00:00 0 
7fef68000000-7fef68ebc000 rw-p 00000000 00:00 0 
7fef68ebc000-7fef6c000000 ---p 00000000 00:00 0 
7fef6c000000-7fef6c021000 rw-p 00000000 00:00 0 
7fef6c021000-7fef70000000 ---p 00000000 00:00 0 
7fef70000000-7fef70021000 rw-p 00000000 00:00 0 
7fef70021000-7fef74000000 ---p 00000000 00:00 0 
7fef74000000-7fef74021000 rw-p 00000000 00:00 0 
7fef74021000-7fef78000000 ---p 00000000 00:00 0 
7fef78000000-7fef7828a000 rw-p 00000000 00:00 0 
7fef7828a000-7fef7c000000 ---p 00000000 00:00 0 
7fef7c000000-7fef7c021000 rw-p 00000000 00:00 0 
7fef7c021000-7fef80000000 ---p 00000000 00:00 0 
7fef84000000-7fef84021000 rw-p 00000000 00:00 0 
7fef84021000-7fef88000000 ---p 00000000 00:00 0 
7fef89cfd000-7fef89cfe000 ---p 00000000 00:00 0 
7fef89cfe000-7fef89dfe000 rw-p 00000000 00:00 0                          [stack:18295]
7fef89dfe000-7fef89e01000 ---p 00000000 00:00 0 
7fef89e01000-7fef89eff000 rw-p 00000000 00:00 0                          [stack:18294]
7fef89eff000-7fef89f02000 ---p 00000000 00:00 0 
7fef89f02000-7fef8c000000 rw-p 00000000 00:00 0                          [stack:18293]
7fef8c000000-7fef8c021000 rw-p 00000000 00:00 0 
7fef8c021000-7fef90000000 ---p 00000000 00:00 0 
7fef9000e000-7fef9002a000 r--s 00393000 08:03 1574015                    /opt/java/jdk1.8.0_45/jre/lib/ext/cldrdata.jar
7fef9002a000-7fef9002d000 ---p 00000000 00:00 0 
7fef9002d000-7fef9012b000 rw-p 00000000 00:00 0                          [stack:18292]
7fef9012b000-7fef9012e000 ---p 00000000 00:00 0 
7fef9012e000-7fef9022c000 rw-p 00000000 00:00 0                          [stack:18291]
7fef9022c000-7fef9022f000 ---p 00000000 00:00 0 
7fef9022f000-7fef9032d000 rw-p 00000000 00:00 0                          [stack:18290]
7fef9032d000-7fef905f6000 r--p 00000000 08:03 266989                     /usr/lib/locale/locale-archive
7fef905f6000-7fef905f9000 ---p 00000000 00:00 0 
7fef905f9000-7fef906f7000 rw-p 00000000 00:00 0                          [stack:18289]
7fef906f7000-7fef906fa000 ---p 00000000 00:00 0 
7fef906fa000-7fef907f8000 rw-p 00000000 00:00 0                          [stack:18288]
7fef907f8000-7fef907f9000 ---p 00000000 00:00 0 
7fef907f9000-7fef91000000 rw-p 00000000 00:00 0                          [stack:18287]
7fef91000000-7fef91850000 rwxp 00000000 00:00 0 
7fef91850000-7fefa0000000 ---p 00000000 00:00 0 
7fefa0000000-7fefa03ca000 rw-p 00000000 00:00 0 
7fefa03ca000-7fefa4000000 ---p 00000000 00:00 0 
7fefa4010000-7fefa401b000 r--s 00116000 08:03 1574017                    /opt/java/jdk1.8.0_45/jre/lib/ext/localedata.jar
7fefa401b000-7fefa402a000 r--s 000dd000 00:19 9438599                    /home/mike/Android/Sdk/build-tools/22.0.1/lib/dx.jar
7fefa402a000-7fefa48d7000 rw-p 00000000 00:00 0 
7fefa48d7000-7fefa4ab0000 r--s 03d09000 08:03 1573810                    /opt/java/jdk1.8.0_45/jre/lib/rt.jar
7fefa4ab0000-7fefa5266000 rw-p 00000000 00:00 0 
7fefa5266000-7fefa5326000 ---p 00000000 00:00 0 
7fefa5326000-7fefa5526000 rw-p 00000000 00:00 0 
7fefa5526000-7fefa5527000 ---p 00000000 00:00 0 
7fefa5527000-7fefa5627000 rw-p 00000000 00:00 0                          [stack:18286]
7fefa5627000-7fefa5628000 ---p 00000000 00:00 0 
7fefa5628000-7fefa5728000 rw-p 00000000 00:00 0                          [stack:18285]
7fefa5728000-7fefa5729000 ---p 00000000 00:00 0 
7fefa5729000-7fefa5829000 rw-p 00000000 00:00 0                          [stack:18284]
7fefa5829000-7fefa582a000 ---p 00000000 00:00 0 
7fefa582a000-7fefa593f000 rw-p 00000000 00:00 0                          [stack:18283]
7fefa593f000-7fefa5a80000 ---p 00000000 00:00 0 
7fefa5a80000-7fefa5a95000 rw-p 00000000 00:00 0 
7fefa5a95000-7fefa5bd5000 ---p 00000000 00:00 0 
7fefa5bd5000-7fefa5bf7000 rw-p 00000000 00:00 0 
7fefa5bf7000-7fefa5c80000 ---p 00000000 00:00 0 
7fefa5c80000-7fefa5ca3000 rw-p 00000000 00:00 0 
7fefa5ca3000-7fefa6041000 ---p 00000000 00:00 0 
7fefa6041000-7fefa605b000 r-xp 00000000 08:03 1574049                    /opt/java/jdk1.8.0_45/jre/lib/amd64/libzip.so
7fefa605b000-7fefa625b000 ---p 0001a000 08:03 1574049                    /opt/java/jdk1.8.0_45/jre/lib/amd64/libzip.so
7fefa625b000-7fefa625c000 rw-p 0001a000 08:03 1574049                    /opt/java/jdk1.8.0_45/jre/lib/amd64/libzip.so
7fefa625c000-7fefa6267000 r-xp 00000000 08:03 131807                     /lib/x86_64-linux-gnu/libnss_files-2.19.so
7fefa6267000-7fefa6466000 ---p 0000b000 08:03 131807                     /lib/x86_64-linux-gnu/libnss_files-2.19.so
7fefa6466000-7fefa6467000 r--p 0000a000 08:03 131807                     /lib/x86_64-linux-gnu/libnss_files-2.19.so
7fefa6467000-7fefa6468000 rw-p 0000b000 08:03 131807                     /lib/x86_64-linux-gnu/libnss_files-2.19.so
7fefa6468000-7fefa6473000 r-xp 00000000 08:03 131871                     /lib/x86_64-linux-gnu/libnss_nis-2.19.so
7fefa6473000-7fefa6672000 ---p 0000b000 08:03 131871                     /lib/x86_64-linux-gnu/libnss_nis-2.19.so
7fefa6672000-7fefa6673000 r--p 0000a000 08:03 131871                     /lib/x86_64-linux-gnu/libnss_nis-2.19.so
7fefa6673000-7fefa6674000 rw-p 0000b000 08:03 131871                     /lib/x86_64-linux-gnu/libnss_nis-2.19.so
7fefa6674000-7fefa668b000 r-xp 00000000 08:03 131829                     /lib/x86_64-linux-gnu/libnsl-2.19.so
7fefa668b000-7fefa688a000 ---p 00017000 08:03 131829                     /lib/x86_64-linux-gnu/libnsl-2.19.so
7fefa688a000-7fefa688b000 r--p 00016000 08:03 131829                     /lib/x86_64-linux-gnu/libnsl-2.19.so
7fefa688b000-7fefa688c000 rw-p 00017000 08:03 131829                     /lib/x86_64-linux-gnu/libnsl-2.19.so
7fefa688c000-7fefa688e000 rw-p 00000000 00:00 0 
7fefa688e000-7fefa6897000 r-xp 00000000 08:03 131828                     /lib/x86_64-linux-gnu/libnss_compat-2.19.so
7fefa6897000-7fefa6a96000 ---p 00009000 08:03 131828                     /lib/x86_64-linux-gnu/libnss_compat-2.19.so
7fefa6a96000-7fefa6a97000 r--p 00008000 08:03 131828                     /lib/x86_64-linux-gnu/libnss_compat-2.19.so
7fefa6a97000-7fefa6a98000 rw-p 00009000 08:03 131828                     /lib/x86_64-linux-gnu/libnss_compat-2.19.so
7fefa6a98000-7fefa6ac2000 r-xp 00000000 08:03 1574040                    /opt/java/jdk1.8.0_45/jre/lib/amd64/libjava.so
7fefa6ac2000-7fefa6cc2000 ---p 0002a000 08:03 1574040                    /opt/java/jdk1.8.0_45/jre/lib/amd64/libjava.so
7fefa6cc2000-7fefa6cc4000 rw-p 0002a000 08:03 1574040                    /opt/java/jdk1.8.0_45/jre/lib/amd64/libjava.so
7fefa6cc4000-7fefa6cd1000 r-xp 00000000 08:03 1574047                    /opt/java/jdk1.8.0_45/jre/lib/amd64/libverify.so
7fefa6cd1000-7fefa6ed1000 ---p 0000d000 08:03 1574047                    /opt/java/jdk1.8.0_45/jre/lib/amd64/libverify.so
7fefa6ed1000-7fefa6ed3000 rw-p 0000d000 08:03 1574047                    /opt/java/jdk1.8.0_45/jre/lib/amd64/libverify.so
7fefa6ed3000-7fefa6eda000 r-xp 00000000 08:03 131868                     /lib/x86_64-linux-gnu/librt-2.19.so
7fefa6eda000-7fefa70d9000 ---p 00007000 08:03 131868                     /lib/x86_64-linux-gnu/librt-2.19.so
7fefa70d9000-7fefa70da000 r--p 00006000 08:03 131868                     /lib/x86_64-linux-gnu/librt-2.19.so
7fefa70da000-7fefa70db000 rw-p 00007000 08:03 131868                     /lib/x86_64-linux-gnu/librt-2.19.so
7fefa70db000-7fefa71e0000 r-xp 00000000 08:03 131806                     /lib/x86_64-linux-gnu/libm-2.19.so
7fefa71e0000-7fefa73df000 ---p 00105000 08:03 131806                     /lib/x86_64-linux-gnu/libm-2.19.so
7fefa73df000-7fefa73e0000 r--p 00104000 08:03 131806                     /lib/x86_64-linux-gnu/libm-2.19.so
7fefa73e0000-7fefa73e1000 rw-p 00105000 08:03 131806                     /lib/x86_64-linux-gnu/libm-2.19.so
7fefa73e1000-7fefa808f000 r-xp 00000000 08:03 1574060                    /opt/java/jdk1.8.0_45/jre/lib/amd64/server/libjvm.so
7fefa808f000-7fefa828e000 ---p 00cae000 08:03 1574060                    /opt/java/jdk1.8.0_45/jre/lib/amd64/server/libjvm.so
7fefa828e000-7fefa8365000 rw-p 00cad000 08:03 1574060                    /opt/java/jdk1.8.0_45/jre/lib/amd64/server/libjvm.so
7fefa8365000-7fefa83a9000 rw-p 00000000 00:00 0 
7fefa83a9000-7fefa8564000 r-xp 00000000 08:03 131857                     /lib/x86_64-linux-gnu/libc-2.19.so
7fefa8564000-7fefa8763000 ---p 001bb000 08:03 131857                     /lib/x86_64-linux-gnu/libc-2.19.so
7fefa8763000-7fefa8767000 r--p 001ba000 08:03 131857                     /lib/x86_64-linux-gnu/libc-2.19.so
7fefa8767000-7fefa8769000 rw-p 001be000 08:03 131857                     /lib/x86_64-linux-gnu/libc-2.19.so
7fefa8769000-7fefa876e000 rw-p 00000000 00:00 0 
7fefa876e000-7fefa8771000 r-xp 00000000 08:03 131810                     /lib/x86_64-linux-gnu/libdl-2.19.so
7fefa8771000-7fefa8970000 ---p 00003000 08:03 131810                     /lib/x86_64-linux-gnu/libdl-2.19.so
7fefa8970000-7fefa8971000 r--p 00002000 08:03 131810                     /lib/x86_64-linux-gnu/libdl-2.19.so
7fefa8971000-7fefa8972000 rw-p 00003000 08:03 131810                     /lib/x86_64-linux-gnu/libdl-2.19.so
7fefa8972000-7fefa8987000 r-xp 00000000 08:03 1573749                    /opt/java/jdk1.8.0_45/lib/amd64/jli/libjli.so
7fefa8987000-7fefa8b87000 ---p 00015000 08:03 1573749                    /opt/java/jdk1.8.0_45/lib/amd64/jli/libjli.so
7fefa8b87000-7fefa8b88000 rw-p 00015000 08:03 1573749                    /opt/java/jdk1.8.0_45/lib/amd64/jli/libjli.so
7fefa8b88000-7fefa8ba1000 r-xp 00000000 08:03 131858                     /lib/x86_64-linux-gnu/libpthread-2.19.so
7fefa8ba1000-7fefa8da0000 ---p 00019000 08:03 131858                     /lib/x86_64-linux-gnu/libpthread-2.19.so
7fefa8da0000-7fefa8da1000 r--p 00018000 08:03 131858                     /lib/x86_64-linux-gnu/libpthread-2.19.so
7fefa8da1000-7fefa8da2000 rw-p 00019000 08:03 131858                     /lib/x86_64-linux-gnu/libpthread-2.19.so
7fefa8da2000-7fefa8da6000 rw-p 00000000 00:00 0 
7fefa8da6000-7fefa8dc9000 r-xp 00000000 08:03 131833                     /lib/x86_64-linux-gnu/ld-2.19.so
7fefa8dca000-7fefa8dcf000 r--s 00094000 08:03 1573828                    /opt/java/jdk1.8.0_45/jre/lib/jsse.jar
7fefa8dcf000-7fefa8ea1000 rw-p 00000000 00:00 0 
7fefa8ea1000-7fefa8ea4000 ---p 00000000 00:00 0 
7fefa8ea4000-7fefa8fa7000 rw-p 00000000 00:00 0                          [stack:18282]
7fefa8fa7000-7fefa8fa8000 r--p 00000000 08:03 672594                     /usr/share/locale-langpack/en_GB/LC_MESSAGES/libc.mo
7fefa8fa8000-7fefa8fbc000 rw-p 00000000 00:00 0 
7fefa8fbc000-7fefa8fc4000 rw-s 00000000 08:03 1574150                    /tmp/hsperfdata_mike/18277
7fefa8fc4000-7fefa8fc5000 rw-p 00000000 00:00 0 
7fefa8fc5000-7fefa8fc6000 ---p 00000000 00:00 0 
7fefa8fc6000-7fefa8fc8000 rw-p 00000000 00:00 0 
7fefa8fc8000-7fefa8fc9000 r--p 00022000 08:03 131833                     /lib/x86_64-linux-gnu/ld-2.19.so
7fefa8fc9000-7fefa8fca000 rw-p 00023000 08:03 131833                     /lib/x86_64-linux-gnu/ld-2.19.so
7fefa8fca000-7fefa8fcb000 rw-p 00000000 00:00 0 
7fffea543000-7fffea565000 rw-p 00000000 00:00 0                          [stack]
7fffea5fe000-7fffea600000 r-xp 00000000 00:00 0                          [vdso]
ffffffffff600000-ffffffffff601000 r-xp 00000000 00:00 0                  [vsyscall]

VM Arguments:
jvm_args: -Xmx1024M -Dfile.encoding=UTF-8 -Duser.country=GB -Duser.language=en -Duser.variant 
java_command: com.android.dx.command.Main --dex --output /home/mike/AndroidStudioProjects/Wordist/app/build/intermediates/dex/debug /home/mike/AndroidStudioProjects/Wordist/app/build/intermediates/classes/debug /home/mike/AndroidStudioProjects/Wordist/app/build/intermediates/pre-dexed/debug/support-annotations-22.2.0-bfa71d602cc0e11fce5350ed544c9f5e4d4a05e4.jar /home/mike/AndroidStudioProjects/Wordist/app/build/intermediates/pre-dexed/debug/classes-e01224f4b848d2f70fe036e6ffd03fad8e49b557.jar /home/mike/AndroidStudioProjects/Wordist/app/build/intermediates/pre-dexed/debug/classes-2ab3d19bd8375c4756f92f9df195e4252f17cf71.jar /home/mike/AndroidStudioProjects/Wordist/app/build/intermediates/pre-dexed/debug/classes-674e81071699e5047dc949309e33eaff0b6cf792.jar /home/mike/AndroidStudioProjects/Wordist/app/build/intermediates/pre-dexed/debug/internal_impl-22.0.0-badf73acff408b2f94e3947ab7ebff932b700965.jar /home/mike/AndroidStudioProjects/Wordist/app/build/intermediates/pre-dexed/debug/classes-b97a6c1cf7fbeb04f196fcf80c57d4257edcc6dd.jar /home/mike/AndroidStudioProjects/Wordist/app/build/intermediates/pre-dexed/debug/classes-d24eb526a194db96263c3f6685649fd0fe6c44d5.jar /home/mike/AndroidStudioProjects/Wordist/app/build/intermediates/pre-dexed/debug/classes-d336082364352f264572be55a9b357e5ff0d11af.jar /home/mike/AndroidStudioProjects/Wordist/app/build/intermediates/pre-dexed/debug/classes-7a28f4ba4fb32a581ec7923ddf90ef95697adfea.jar /home/mike/AndroidStudioProjects/Wordist/app/build/intermediates/pre-dexed/debug/classes-2fffb6f7a97d395100aaf3eefa7e7444903a76be.jar /home/mike/AndroidStudioProjects/Wordist/app/build/intermediates/pre-dexed/debug/classes-cc0797b316f66372a2b35e75e646f3b4068a1b62.jar /home/mike/AndroidStudioProjects/Wordist/app/build/intermediates/pre-dexed/debug/classes-ba694547ab3fc3fe5bc8d34ae51866c6cab4beda.jar /home/mike/AndroidStudioProjects/Wordist/app/build/intermediates/pre-dexed/debug/classes-137b98b536e4a331a4b67052cd2264e1af3633e9.jar /home/mike/An
java_class_path (initial): /home/mike/Android/Sdk/build-tools/22.0.1/lib/dx.jar
Launcher Type: SUN_STANDARD

Environment Variables:
PATH=/usr/local/sbin:/usr/local/bin:/usr/sbin:/usr/bin:/sbin:/bin:/usr/games:/usr/local/games
USERNAME=mike
LD_LIBRARY_PATH=/opt/android-studio/bin:
SHELL=/bin/bash
DISPLAY=:0

Signal Handlers:
SIGSEGV: [libjvm.so+0xaad1e0], sa_mask[0]=11111111011111111101111111111110, sa_flags=SA_RESTART|SA_SIGINFO
SIGBUS: [libjvm.so+0xaad1e0], sa_mask[0]=11111111011111111101111111111110, sa_flags=SA_RESTART|SA_SIGINFO
SIGFPE: [libjvm.so+0x90b450], sa_mask[0]=11111111011111111101111111111110, sa_flags=SA_RESTART|SA_SIGINFO
SIGPIPE: [libjvm.so+0x90b450], sa_mask[0]=11111111011111111101111111111110, sa_flags=SA_RESTART|SA_SIGINFO
SIGXFSZ: [libjvm.so+0x90b450], sa_mask[0]=11111111011111111101111111111110, sa_flags=SA_RESTART|SA_SIGINFO
SIGILL: [libjvm.so+0x90b450], sa_mask[0]=11111111011111111101111111111110, sa_flags=SA_RESTART|SA_SIGINFO
SIGUSR1: SIG_DFL, sa_mask[0]=00000000000000000000000000000000, sa_flags=none
SIGUSR2: [libjvm.so+0x90ca90], sa_mask[0]=00100000000000000000000000000000, sa_flags=SA_RESTART|SA_SIGINFO
SIGHUP: [libjvm.so+0x90dde0], sa_mask[0]=11111111011111111101111111111110, sa_flags=SA_RESTART|SA_SIGINFO
SIGINT: [libjvm.so+0x90dde0], sa_mask[0]=11111111011111111101111111111110, sa_flags=SA_RESTART|SA_SIGINFO
SIGTERM: [libjvm.so+0x90dde0], sa_mask[0]=11111111011111111101111111111110, sa_flags=SA_RESTART|SA_SIGINFO
SIGQUIT: [libjvm.so+0x90dde0], sa_mask[0]=11111111011111111101111111111110, sa_flags=SA_RESTART|SA_SIGINFO


---------------  S Y S T E M  ---------------

OS:DISTRIB_ID=LinuxMint
DISTRIB_RELEASE=17.2
DISTRIB_CODENAME=rafaela
DISTRIB_DESCRIPTION="Linux Mint 17.2 Rafaela"

uname:Linux 3.13.0-37-generic #64-Ubuntu SMP Mon Sep 22 21:28:38 UTC 2014 x86_64
libc:glibc 2.19 NPTL 2.19 
rlimit: STACK 8192k, CORE 0k, NPROC 30882, NOFILE 4096, AS infinity
load average:32.55 13.58 5.83

/proc/meminfo:
MemTotal:        4048044 kB
MemFree:          117816 kB
Buffers:            1264 kB
Cached:           155200 kB
SwapCached:            0 kB
Active:          3223324 kB
Inactive:         153044 kB
Active(anon):    3222300 kB
Inactive(anon):   114396 kB
Active(file):       1024 kB
Inactive(file):    38648 kB
Unevictable:          88 kB
Mlocked:              88 kB
SwapTotal:             0 kB
SwapFree:              0 kB
Dirty:               216 kB
Writeback:             0 kB
AnonPages:       3220212 kB
Mapped:           291200 kB
Shmem:            116580 kB
Slab:              82560 kB
SReclaimable:      24272 kB
SUnreclaim:        58288 kB
KernelStack:        4632 kB
PageTables:        34868 kB
NFS_Unstable:          0 kB
Bounce:                0 kB
WritebackTmp:          0 kB
CommitLimit:     2024020 kB
Committed_AS:    5997572 kB
VmallocTotal:   34359738367 kB
VmallocUsed:      305680 kB
VmallocChunk:   34359427560 kB
HardwareCorrupted:     0 kB
AnonHugePages:   1816576 kB
HugePages_Total:       0
HugePages_Free:        0
HugePages_Rsvd:        0
HugePages_Surp:        0
Hugepagesize:       2048 kB
DirectMap4k:      161344 kB
DirectMap2M:     2983936 kB
DirectMap1G:     1048576 kB


CPU:total 4 (4 cores per cpu, 1 threads per core) family 16 model 4 stepping 2, cmov, cx8, fxsr, mmx, sse, sse2, sse3, popcnt, mmxext, 3dnowpref, lzcnt, sse4a, tsc, tscinvbit, tscinv

/proc/cpuinfo:
processor	: 0
vendor_id	: AuthenticAMD
cpu family	: 16
model		: 4
model name	: AMD Phenom(tm) II X4 955 Processor
stepping	: 2
microcode	: 0x1000086
cpu MHz		: 3200.000
cache size	: 512 KB
physical id	: 0
siblings	: 4
core id		: 0
cpu cores	: 4
apicid		: 0
initial apicid	: 0
fpu		: yes
fpu_exception	: yes
cpuid level	: 5
wp		: yes
flags		: fpu vme de pse tsc msr pae mce cx8 apic sep mtrr pge mca cmov pat pse36 clflush mmx fxsr sse sse2 ht syscall nx mmxext fxsr_opt pdpe1gb rdtscp lm 3dnowext 3dnow constant_tsc rep_good nopl nonstop_tsc extd_apicid pni monitor cx16 popcnt lahf_lm cmp_legacy svm extapic cr8_legacy abm sse4a misalignsse 3dnowprefetch osvw ibs skinit wdt hw_pstate npt lbrv svm_lock nrip_save
bogomips	: 6399.95
TLB size	: 1024 4K pages
clflush size	: 64
cache_alignment	: 64
address sizes	: 48 bits physical, 48 bits virtual
power management: ts ttp tm stc 100mhzsteps hwpstate

processor	: 1
vendor_id	: AuthenticAMD
cpu family	: 16
model		: 4
model name	: AMD Phenom(tm) II X4 955 Processor
stepping	: 2
microcode	: 0x1000086
cpu MHz		: 3200.000
cache size	: 512 KB
physical id	: 0
siblings	: 4
core id		: 1
cpu cores	: 4
apicid		: 1
initial apicid	: 1
fpu		: yes
fpu_exception	: yes
cpuid level	: 5
wp		: yes
flags		: fpu vme de pse tsc msr pae mce cx8 apic sep mtrr pge mca cmov pat pse36 clflush mmx fxsr sse sse2 ht syscall nx mmxext fxsr_opt pdpe1gb rdtscp lm 3dnowext 3dnow constant_tsc rep_good nopl nonstop_tsc extd_apicid pni monitor cx16 popcnt lahf_lm cmp_legacy svm extapic cr8_legacy abm sse4a misalignsse 3dnowprefetch osvw ibs skinit wdt hw_pstate npt lbrv svm_lock nrip_save
bogomips	: 6399.95
TLB size	: 1024 4K pages
clflush size	: 64
cache_alignment	: 64
address sizes	: 48 bits physical, 48 bits virtual
power management: ts ttp tm stc 100mhzsteps hwpstate

processor	: 2
vendor_id	: AuthenticAMD
cpu family	: 16
model		: 4
model name	: AMD Phenom(tm) II X4 955 Processor
stepping	: 2
microcode	: 0x1000086
cpu MHz		: 3200.000
cache size	: 512 KB
physical id	: 0
siblings	: 4
core id		: 2
cpu cores	: 4
apicid		: 2
initial apicid	: 2
fpu		: yes
fpu_exception	: yes
cpuid level	: 5
wp		: yes
flags		: fpu vme de pse tsc msr pae mce cx8 apic sep mtrr pge mca cmov pat pse36 clflush mmx fxsr sse sse2 ht syscall nx mmxext fxsr_opt pdpe1gb rdtscp lm 3dnowext 3dnow constant_tsc rep_good nopl nonstop_tsc extd_apicid pni monitor cx16 popcnt lahf_lm cmp_legacy svm extapic cr8_legacy abm sse4a misalignsse 3dnowprefetch osvw ibs skinit wdt hw_pstate npt lbrv svm_lock nrip_save
bogomips	: 6399.95
TLB size	: 1024 4K pages
clflush size	: 64
cache_alignment	: 64
address sizes	: 48 bits physical, 48 bits virtual
power management: ts ttp tm stc 100mhzsteps hwpstate

processor	: 3
vendor_id	: AuthenticAMD
cpu family	: 16
model		: 4
model name	: AMD Phenom(tm) II X4 955 Processor
stepping	: 2
microcode	: 0x1000086
cpu MHz		: 800.000
cache size	: 512 KB
physical id	: 0
siblings	: 4
core id		: 3
cpu cores	: 4
apicid		: 3
initial apicid	: 3
fpu		: yes
fpu_exception	: yes
cpuid level	: 5
wp		: yes
flags		: fpu vme de pse tsc msr pae mce cx8 apic sep mtrr pge mca cmov pat pse36 clflush mmx fxsr sse sse2 ht syscall nx mmxext fxsr_opt pdpe1gb rdtscp lm 3dnowext 3dnow constant_tsc rep_good nopl nonstop_tsc extd_apicid pni monitor cx16 popcnt lahf_lm cmp_legacy svm extapic cr8_legacy abm sse4a misalignsse 3dnowprefetch osvw ibs skinit wdt hw_pstate npt lbrv svm_lock nrip_save
bogomips	: 6399.95
TLB size	: 1024 4K pages
clflush size	: 64
cache_alignment	: 64
address sizes	: 48 bits physical, 48 bits virtual
power management: ts ttp tm stc 100mhzsteps hwpstate



Memory: 4k page, physical 4048044k(117320k free), swap 0k(0k free)

vm_info: Java HotSpot(TM) 64-Bit Server VM (25.45-b02) for linux-amd64 JRE (1.8.0_45-b14), built on Apr 10 2015 10:07:45 by "java_re" with gcc 4.3.0 20080428 (Red Hat 4.3.0-8)

time: Wed Aug 12 23:38:58 2015
elapsed time: 127 seconds (0d 0h 2m 7s)

