#
# There is insufficient memory for the Java Runtime Environment to continue.
# Native memory allocation (mmap) failed to map 63963136 bytes for committing reserved memory.
# Possible reasons:
#   The system is out of physical RAM or swap space
#   In 32 bit mode, the process size limit was hit
# Possible solutions:
#   Reduce memory load on the system
#   Increase physical memory or swap space
#   Check if swap backing store is full
#   Use 64 bit Java on a 64 bit OS
#   Decrease Java heap size (-Xmx/-Xms)
#   Decrease number of Java threads
#   Decrease Java thread stack sizes (-Xss)
#   Set larger code cache with -XX:ReservedCodeCacheSize=
# This output file may be truncated or incomplete.
#
#  Out of Memory Error (os_linux.cpp:2673), pid=22314, tid=139935553152768
#
# JRE version: Java(TM) SE Runtime Environment (8.0_45-b14) (build 1.8.0_45-b14)
# Java VM: Java HotSpot(TM) 64-Bit Server VM (25.45-b02 mixed mode linux-amd64 compressed oops)
# Failed to write core dump. Core dumps have been disabled. To enable core dumping, try "ulimit -c unlimited" before starting Java again
#

---------------  T H R E A D  ---------------

Current thread (0x00007f4558079800):  VMThread [stack: 0x00007f4548dfe000,0x00007f4548eff000] [id=22324]

Stack: [0x00007f4548dfe000,0x00007f4548eff000],  sp=0x00007f4548efcfe0,  free space=1019k
Native frames: (J=compiled Java code, j=interpreted, Vv=VM code, C=native code)
V  [libjvm.so+0xaac99a]  VMError::report_and_die()+0x2ba
V  [libjvm.so+0x4f333b]  report_vm_out_of_memory(char const*, int, unsigned long, VMErrorType, char const*)+0x8b
V  [libjvm.so+0x90e7c3]  os::Linux::commit_memory_impl(char*, unsigned long, bool)+0x103
V  [libjvm.so+0x90ed19]  os::pd_commit_memory(char*, unsigned long, unsigned long, bool)+0x29
V  [libjvm.so+0x90867a]  os::commit_memory(char*, unsigned long, unsigned long, bool)+0x2a
V  [libjvm.so+0x97bac3]  PSVirtualSpace::expand_by(unsigned long)+0x53
V  [libjvm.so+0x97cec8]  PSYoungGen::resize_generation(unsigned long, unsigned long)+0xf8
V  [libjvm.so+0x97c022]  PSYoungGen::resize(unsigned long, unsigned long)+0x22
V  [libjvm.so+0x9792fb]  PSScavenge::invoke_no_policy()+0xf7b
V  [libjvm.so+0x979a81]  PSScavenge::invoke()+0x41
V  [libjvm.so+0x932050]  ParallelScavengeHeap::failed_mem_allocate(unsigned long)+0x70
V  [libjvm.so+0xaae1d7]  VM_ParallelGCFailedAllocation::doit()+0x97
V  [libjvm.so+0xab59c5]  VM_Operation::evaluate()+0x55
V  [libjvm.so+0xab3d9a]  VMThread::evaluate_operation(VM_Operation*)+0xba
V  [libjvm.so+0xab411e]  VMThread::loop()+0x1ce
V  [libjvm.so+0xab4590]  VMThread::run()+0x70
V  [libjvm.so+0x910de8]  java_start(Thread*)+0x108

VM_Operation (0x00007f45615fe0d0): ParallelGCFailedAllocation, mode: safepoint, requested by thread 0x00007f455800b800


---------------  P R O C E S S  ---------------

Java Threads: ( => current thread )
  0x00007f45580c4000 JavaThread "Service Thread" daemon [_thread_blocked, id=22331, stack(0x00007f454842e000,0x00007f454852f000)]
  0x00007f45580bf000 JavaThread "C1 CompilerThread2" daemon [_thread_blocked, id=22330, stack(0x00007f454852f000,0x00007f4548630000)]
  0x00007f45580bd000 JavaThread "C2 CompilerThread1" daemon [_thread_blocked, id=22329, stack(0x00007f4548630000,0x00007f4548731000)]
  0x00007f45580ba000 JavaThread "C2 CompilerThread0" daemon [_thread_blocked, id=22328, stack(0x00007f4548731000,0x00007f4548832000)]
  0x00007f45580b9000 JavaThread "Signal Dispatcher" daemon [_thread_blocked, id=22327, stack(0x00007f4548832000,0x00007f4548933000)]
  0x00007f4558080800 JavaThread "Finalizer" daemon [_thread_blocked, id=22326, stack(0x00007f4548bfc000,0x00007f4548cfd000)]
  0x00007f455807e800 JavaThread "Reference Handler" daemon [_thread_blocked, id=22325, stack(0x00007f4548cfd000,0x00007f4548dfe000)]
  0x00007f455800b800 JavaThread "main" [_thread_blocked, id=22319, stack(0x00007f45614ff000,0x00007f4561600000)]

Other Threads:
=>0x00007f4558079800 VMThread [stack: 0x00007f4548dfe000,0x00007f4548eff000] [id=22324]
  0x00007f45580c6800 WatcherThread [stack: 0x00007f454832d000,0x00007f454842e000] [id=22332]

VM state:at safepoint (normal execution)

VM Mutex/Monitor currently owned by a thread:  ([mutex/lock_event])
[0x00007f4558007df0] Threads_lock - owner thread: 0x00007f4558079800
[0x00007f45580082f0] Heap_lock - owner thread: 0x00007f455800b800

Heap:
 PSYoungGen      total 268288K, used 16366K [0x00000000eab00000, 0x00000000fc300000, 0x0000000100000000)
  eden space 251904K, 0% used [0x00000000eab00000,0x00000000eab00000,0x00000000fa100000)
  from space 16384K, 99% used [0x00000000fa100000,0x00000000fb0fb9d0,0x00000000fb100000)
  to   space 14336K, 0% used [0x00000000fb100000,0x00000000fb100000,0x00000000fbf00000)
 ParOldGen       total 49152K, used 48289K [0x00000000c0000000, 0x00000000c3000000, 0x00000000eab00000)
  object space 49152K, 98% used [0x00000000c0000000,0x00000000c2f28728,0x00000000c3000000)
 Metaspace       used 7786K, capacity 7966K, committed 8320K, reserved 1056768K
  class space    used 754K, capacity 785K, committed 896K, reserved 1048576K

Card table byte_map: [0x00007f455e0de000,0x00007f455e2df000] byte_map_base: 0x00007f455dade000

Marking Bits: (ParMarkBitMap*) 0x00007f45609dc760
 Begin Bits: [0x00007f4542000000, 0x00007f4543000000)
 End Bits:   [0x00007f4543000000, 0x00007f4544000000)

Polling page: 0x00007f4561623000

CodeCache: size=245760Kb used=9095Kb max_used=9107Kb free=236664Kb
 bounds [0x00007f4549000000, 0x00007f45498f0000, 0x00007f4558000000]
 total_blobs=2883 nmethods=2587 adapters=210
 compilation: enabled

Compilation events (10 events):
Event: 3.233 Thread 0x00007f45580bd000 nmethod 2597 0x00007f45498eb710 code [0x00007f45498eb8a0, 0x00007f45498ebbe8]
Event: 3.233 Thread 0x00007f45580bd000 2612       4       com.android.dx.io.instructions.InstructionCodec$7::encode (23 bytes)
Event: 3.236 Thread 0x00007f45580bd000 nmethod 2612 0x00007f45498e9990 code [0x00007f45498e9b00, 0x00007f45498e9c78]
Event: 3.236 Thread 0x00007f45580bd000 2602       4       com.android.dex.Dex$ClassDefIterator::next (5 bytes)
Event: 3.253 Thread 0x00007f45580bd000 nmethod 2602 0x00007f45498ea2d0 code [0x00007f45498ea480, 0x00007f45498eabf8]
Event: 3.253 Thread 0x00007f45580bd000 2613       4       com.android.dx.io.instructions.InstructionCodec$28::decode (7 bytes)
Event: 3.256 Thread 0x00007f45580bd000 nmethod 2613 0x00007f45498eded0 code [0x00007f45498ee040, 0x00007f45498ee2f8]
Event: 3.256 Thread 0x00007f45580bd000 2614       4       com.android.dx.io.instructions.InstructionCodec::decodeRegisterRange (53 bytes)
Event: 3.259 Thread 0x00007f45580bd000 nmethod 2614 0x00007f45498ee6d0 code [0x00007f45498ee840, 0x00007f45498eeb18]
Event: 3.259 Thread 0x00007f45580bd000 2603       4       com.android.dex.Dex$Section::readClassDef (78 bytes)

GC Heap History (10 events):
Event: 1.664 GC heap after
Heap after GC invocations=4 (full 0):
 PSYoungGen      total 66048K, used 2534K [0x00000000eab00000, 0x00000000eee00000, 0x0000000100000000)
  eden space 63488K, 0% used [0x00000000eab00000,0x00000000eab00000,0x00000000ee900000)
  from space 2560K, 98% used [0x00000000eeb80000,0x00000000eedf9880,0x00000000eee00000)
  to   space 2560K, 0% used [0x00000000ee900000,0x00000000ee900000,0x00000000eeb80000)
 ParOldGen       total 42496K, used 15863K [0x00000000c0000000, 0x00000000c2980000, 0x00000000eab00000)
  object space 42496K, 37% used [0x00000000c0000000,0x00000000c0f7df40,0x00000000c2980000)
 Metaspace       used 7635K, capacity 7928K, committed 8192K, reserved 1056768K
  class space    used 744K, capacity 752K, committed 768K, reserved 1048576K
}
Event: 1.861 GC heap before
{Heap before GC invocations=5 (full 0):
 PSYoungGen      total 66048K, used 66022K [0x00000000eab00000, 0x00000000eee00000, 0x0000000100000000)
  eden space 63488K, 100% used [0x00000000eab00000,0x00000000ee900000,0x00000000ee900000)
  from space 2560K, 98% used [0x00000000eeb80000,0x00000000eedf9880,0x00000000eee00000)
  to   space 2560K, 0% used [0x00000000ee900000,0x00000000ee900000,0x00000000eeb80000)
 ParOldGen       total 42496K, used 15863K [0x00000000c0000000, 0x00000000c2980000, 0x00000000eab00000)
  object space 42496K, 37% used [0x00000000c0000000,0x00000000c0f7df40,0x00000000c2980000)
 Metaspace       used 7761K, capacity 7966K, committed 8320K, reserved 1056768K
  class space    used 754K, capacity 785K, committed 896K, reserved 1048576K
Event: 1.871 GC heap after
Heap after GC invocations=5 (full 0):
 PSYoungGen      total 66048K, used 2558K [0x00000000eab00000, 0x00000000f4200000, 0x0000000100000000)
  eden space 63488K, 0% used [0x00000000eab00000,0x00000000eab00000,0x00000000ee900000)
  from space 2560K, 99% used [0x00000000ee900000,0x00000000eeb7f8b8,0x00000000eeb80000)
  to   space 13824K, 0% used [0x00000000f3480000,0x00000000f3480000,0x00000000f4200000)
 ParOldGen       total 42496K, used 25114K [0x00000000c0000000, 0x00000000c2980000, 0x00000000eab00000)
  object space 42496K, 59% used [0x00000000c0000000,0x00000000c1886960,0x00000000c2980000)
 Metaspace       used 7761K, capacity 7966K, committed 8320K, reserved 1056768K
  class space    used 754K, capacity 785K, committed 896K, reserved 1048576K
}
Event: 2.027 GC heap before
{Heap before GC invocations=6 (full 0):
 PSYoungGen      total 66048K, used 66046K [0x00000000eab00000, 0x00000000f4200000, 0x0000000100000000)
  eden space 63488K, 100% used [0x00000000eab00000,0x00000000ee900000,0x00000000ee900000)
  from space 2560K, 99% used [0x00000000ee900000,0x00000000eeb7f8b8,0x00000000eeb80000)
  to   space 13824K, 0% used [0x00000000f3480000,0x00000000f3480000,0x00000000f4200000)
 ParOldGen       total 42496K, used 25114K [0x00000000c0000000, 0x00000000c2980000, 0x00000000eab00000)
  object space 42496K, 59% used [0x00000000c0000000,0x00000000c1886960,0x00000000c2980000)
 Metaspace       used 7771K, capacity 7966K, committed 8320K, reserved 1056768K
  class space    used 754K, capacity 785K, committed 896K, reserved 1048576K
Event: 2.037 GC heap after
Heap after GC invocations=6 (full 0):
 PSYoungGen      total 139776K, used 8060K [0x00000000eab00000, 0x00000000f4100000, 0x0000000100000000)
  eden space 126976K, 0% used [0x00000000eab00000,0x00000000eab00000,0x00000000f2700000)
  from space 12800K, 62% used [0x00000000f3480000,0x00000000f3c5f370,0x00000000f4100000)
  to   space 13312K, 0% used [0x00000000f2700000,0x00000000f2700000,0x00000000f3400000)
 ParOldGen       total 42496K, used 25122K [0x00000000c0000000, 0x00000000c2980000, 0x00000000eab00000)
  object space 42496K, 59% used [0x00000000c0000000,0x00000000c1888960,0x00000000c2980000)
 Metaspace       used 7771K, capacity 7966K, committed 8320K, reserved 1056768K
  class space    used 754K, capacity 785K, committed 896K, reserved 1048576K
}
Event: 2.361 GC heap before
{Heap before GC invocations=7 (full 0):
 PSYoungGen      total 139776K, used 135036K [0x00000000eab00000, 0x00000000f4100000, 0x0000000100000000)
  eden space 126976K, 100% used [0x00000000eab00000,0x00000000f2700000,0x00000000f2700000)
  from space 12800K, 62% used [0x00000000f3480000,0x00000000f3c5f370,0x00000000f4100000)
  to   space 13312K, 0% used [0x00000000f2700000,0x00000000f2700000,0x00000000f3400000)
 ParOldGen       total 42496K, used 25122K [0x00000000c0000000, 0x00000000c2980000, 0x00000000eab00000)
  object space 42496K, 59% used [0x00000000c0000000,0x00000000c1888960,0x00000000c2980000)
 Metaspace       used 7778K, capacity 7966K, committed 8320K, reserved 1056768K
  class space    used 754K, capacity 785K, committed 896K, reserved 1048576K
Event: 2.375 GC heap after
Heap after GC invocations=7 (full 0):
 PSYoungGen      total 140288K, used 11195K [0x00000000eab00000, 0x00000000fbf00000, 0x0000000100000000)
  eden space 126976K, 0% used [0x00000000eab00000,0x00000000eab00000,0x00000000f2700000)
  from space 13312K, 84% used [0x00000000f2700000,0x00000000f31eee10,0x00000000f3400000)
  to   space 14336K, 0% used [0x00000000fb100000,0x00000000fb100000,0x00000000fbf00000)
 ParOldGen       total 42496K, used 27269K [0x00000000c0000000, 0x00000000c2980000, 0x00000000eab00000)
  object space 42496K, 64% used [0x00000000c0000000,0x00000000c1aa1768,0x00000000c2980000)
 Metaspace       used 7778K, capacity 7966K, committed 8320K, reserved 1056768K
  class space    used 754K, capacity 785K, committed 896K, reserved 1048576K
}
Event: 2.639 GC heap before
{Heap before GC invocations=8 (full 0):
 PSYoungGen      total 140288K, used 138171K [0x00000000eab00000, 0x00000000fbf00000, 0x0000000100000000)
  eden space 126976K, 100% used [0x00000000eab00000,0x00000000f2700000,0x00000000f2700000)
  from space 13312K, 84% used [0x00000000f2700000,0x00000000f31eee10,0x00000000f3400000)
  to   space 14336K, 0% used [0x00000000fb100000,0x00000000fb100000,0x00000000fbf00000)
 ParOldGen       total 42496K, used 27269K [0x00000000c0000000, 0x00000000c2980000, 0x00000000eab00000)
  object space 42496K, 64% used [0x00000000c0000000,0x00000000c1aa1768,0x00000000c2980000)
 Metaspace       used 7784K, capacity 7966K, committed 8320K, reserved 1056768K
  class space    used 754K, capacity 785K, committed 896K, reserved 1048576K
Event: 2.693 GC heap after
Heap after GC invocations=8 (full 0):
 PSYoungGen      total 266240K, used 14316K [0x00000000eab00000, 0x00000000fc300000, 0x0000000100000000)
  eden space 251904K, 0% used [0x00000000eab00000,0x00000000eab00000,0x00000000fa100000)
  from space 14336K, 99% used [0x00000000fb100000,0x00000000fbefb200,0x00000000fbf00000)
  to   space 16384K, 0% used [0x00000000fa100000,0x00000000fa100000,0x00000000fb100000)
 ParOldGen       total 42496K, used 27869K [0x00000000c0000000, 0x00000000c2980000, 0x00000000eab00000)
  object space 42496K, 65% used [0x00000000c0000000,0x00000000c1b37768,0x00000000c2980000)
 Metaspace       used 7784K, capacity 7966K, committed 8320K, reserved 1056768K
  class space    used 754K, capacity 785K, committed 896K, reserved 1048576K
}
Event: 3.262 GC heap before
{Heap before GC invocations=9 (full 0):
 PSYoungGen      total 266240K, used 266220K [0x00000000eab00000, 0x00000000fc300000, 0x0000000100000000)
  eden space 251904K, 100% used [0x00000000eab00000,0x00000000fa100000,0x00000000fa100000)
  from space 14336K, 99% used [0x00000000fb100000,0x00000000fbefb200,0x00000000fbf00000)
  to   space 16384K, 0% used [0x00000000fa100000,0x00000000fa100000,0x00000000fb100000)
 ParOldGen       total 42496K, used 27869K [0x00000000c0000000, 0x00000000c2980000, 0x00000000eab00000)
  object space 42496K, 65% used [0x00000000c0000000,0x00000000c1b37768,0x00000000c2980000)
 Metaspace       used 7786K, capacity 7966K, committed 8320K, reserved 1056768K
  class space    used 754K, capacity 785K, committed 896K, reserved 1048576K

Deoptimization events (10 events):
Event: 1.458 Thread 0x00007f455800b800 Uncommon trap: reason=predicate action=maybe_recompile pc=0x00007f4549718dd8 method=com.android.dex.Leb128.readUnsignedLeb128(Lcom/android/dex/util/ByteInput;)I @ 41
Event: 1.463 Thread 0x00007f455800b800 Uncommon trap: reason=unstable_if action=reinterpret pc=0x00007f4549581b60 method=java.util.HashMap.getNode(ILjava/lang/Object;)Ljava/util/HashMap$Node; @ 84
Event: 1.463 Thread 0x00007f455800b800 Uncommon trap: reason=unstable_if action=reinterpret pc=0x00007f4549575300 method=java.util.HashMap.getNode(ILjava/lang/Object;)Ljava/util/HashMap$Node; @ 84
Event: 1.472 Thread 0x00007f455800b800 Uncommon trap: reason=unstable_if action=reinterpret pc=0x00007f454971ed54 method=com.android.dx.merge.IndexMap.adjustString(I)I @ 2
Event: 1.512 Thread 0x00007f455800b800 Uncommon trap: reason=unstable_if action=reinterpret pc=0x00007f4549736720 method=com.android.dex.FieldId.compareTo(Lcom/android/dex/FieldId;)I @ 8
Event: 1.555 Thread 0x00007f455800b800 Uncommon trap: reason=unstable_if action=reinterpret pc=0x00007f4549736454 method=com.android.dex.FieldId.compareTo(Lcom/android/dex/FieldId;)I @ 8
Event: 1.927 Thread 0x00007f455800b800 Uncommon trap: reason=unstable_if action=reinterpret pc=0x00007f45497daae8 method=com.android.dex.EncodedValueCodec.readUnsignedInt(Lcom/android/dex/util/ByteInput;IZ)I @ 3
Event: 2.156 Thread 0x00007f455800b800 Uncommon trap: reason=unstable_if action=reinterpret pc=0x00007f45498089e4 method=java.util.HashMap$TreeNode.balanceInsertion(Ljava/util/HashMap$TreeNode;Ljava/util/HashMap$TreeNode;)Ljava/util/HashMap$TreeNode; @ 189
Event: 2.856 Thread 0x00007f455800b800 Uncommon trap: reason=unstable_if action=reinterpret pc=0x00007f45498a3e60 method=java.util.HashMap$TreeNode.putTreeVal(Ljava/util/HashMap;[Ljava/util/HashMap$Node;ILjava/lang/Object;Ljava/lang/Object;)Ljava/util/HashMap$TreeNode; @ 243
Event: 2.856 Thread 0x00007f455800b800 Uncommon trap: reason=unstable_if action=reinterpret pc=0x00007f45498aeb38 method=java.util.HashMap$TreeNode.putTreeVal(Ljava/util/HashMap;[Ljava/util/HashMap$Node;ILjava/lang/Object;Ljava/lang/Object;)Ljava/util/HashMap$TreeNode; @ 243

Internal exceptions (7 events):
Event: 0.130 Thread 0x00007f455800b800 Exception <a 'java/lang/NoSuchMethodError': Method sun.misc.Unsafe.defineClass(Ljava/lang/String;[BII)Ljava/lang/Class; name or signature does not match> (0x00000000eab12a38) thrown at [/RE-WORK/workspace/8-2-build-linux-amd64/jdk8u45/3457/hotspot/src/sha
Event: 0.130 Thread 0x00007f455800b800 Exception <a 'java/lang/NoSuchMethodError': Method sun.misc.Unsafe.prefetchRead(Ljava/lang/Object;J)V name or signature does not match> (0x00000000eab12cc8) thrown at [/RE-WORK/workspace/8-2-build-linux-amd64/jdk8u45/3457/hotspot/src/share/vm/prims/jni.cp
Event: 0.970 Thread 0x00007f455800b800 Implicit null exception at 0x00007f45495018a2 to 0x00007f4549501942
Event: 1.427 Thread 0x00007f455800b800 Exception <a 'java/security/PrivilegedActionException'> (0x00000000eae05f10) thrown at [/RE-WORK/workspace/8-2-build-linux-amd64/jdk8u45/3457/hotspot/src/share/vm/prims/jvm.cpp, line 1382]
Event: 1.427 Thread 0x00007f455800b800 Exception <a 'java/security/PrivilegedActionException'> (0x00000000eae06258) thrown at [/RE-WORK/workspace/8-2-build-linux-amd64/jdk8u45/3457/hotspot/src/share/vm/prims/jvm.cpp, line 1382]
Event: 1.427 Thread 0x00007f455800b800 Exception <a 'java/security/PrivilegedActionException'> (0x00000000eae08708) thrown at [/RE-WORK/workspace/8-2-build-linux-amd64/jdk8u45/3457/hotspot/src/share/vm/prims/jvm.cpp, line 1382]
Event: 1.427 Thread 0x00007f455800b800 Exception <a 'java/security/PrivilegedActionException'> (0x00000000eae08a50) thrown at [/RE-WORK/workspace/8-2-build-linux-amd64/jdk8u45/3457/hotspot/src/share/vm/prims/jvm.cpp, line 1382]

Events (10 events):
Event: 2.375 Executing VM operation: ParallelGCFailedAllocation done
Event: 2.638 Executing VM operation: ParallelGCFailedAllocation
Event: 2.694 Executing VM operation: ParallelGCFailedAllocation done
Event: 2.856 Thread 0x00007f455800b800 Uncommon trap: trap_request=0xffffff65 fr.pc=0x00007f45498a3e60
Event: 2.856 Thread 0x00007f455800b800 DEOPT PACKING pc=0x00007f45498a3e60 sp=0x00007f45615fe480
Event: 2.856 Thread 0x00007f455800b800 DEOPT UNPACKING pc=0x00007f4549005229 sp=0x00007f45615fe248 mode 2
Event: 2.856 Thread 0x00007f455800b800 Uncommon trap: trap_request=0xffffff65 fr.pc=0x00007f45498aeb38
Event: 2.856 Thread 0x00007f455800b800 DEOPT PACKING pc=0x00007f45498aeb38 sp=0x00007f45615fe310
Event: 2.856 Thread 0x00007f455800b800 DEOPT UNPACKING pc=0x00007f4549005229 sp=0x00007f45615fe210 mode 2
Event: 3.262 Executing VM operation: ParallelGCFailedAllocation


Dynamic libraries:
00400000-00401000 r-xp 00000000 08:03 1572315                            /opt/java/jdk1.8.0_45/bin/java
00600000-00601000 rw-p 00000000 08:03 1572315                            /opt/java/jdk1.8.0_45/bin/java
00f42000-00f63000 rw-p 00000000 00:00 0                                  [heap]
c0000000-c3000000 rw-p 00000000 00:00 0 
c3000000-eab00000 ---p 00000000 00:00 0 
eab00000-fc300000 rw-p 00000000 00:00 0 
100000000-1000e0000 rw-p 00000000 00:00 0 
1000e0000-140000000 ---p 00000000 00:00 0 
7f450c000000-7f450c021000 rw-p 00000000 00:00 0 
7f450c021000-7f4510000000 ---p 00000000 00:00 0 
7f4510000000-7f4510021000 rw-p 00000000 00:00 0 
7f4510021000-7f4514000000 ---p 00000000 00:00 0 
7f4514000000-7f4515569000 rw-p 00000000 00:00 0 
7f4515569000-7f4518000000 ---p 00000000 00:00 0 
7f4518000000-7f45187dd000 rw-p 00000000 00:00 0 
7f45187dd000-7f451c000000 ---p 00000000 00:00 0 
7f451c000000-7f451c021000 rw-p 00000000 00:00 0 
7f451c021000-7f4520000000 ---p 00000000 00:00 0 
7f4520000000-7f4520dc3000 rw-p 00000000 00:00 0 
7f4520dc3000-7f4524000000 ---p 00000000 00:00 0 
7f4524000000-7f4524021000 rw-p 00000000 00:00 0 
7f4524021000-7f4528000000 ---p 00000000 00:00 0 
7f4528000000-7f4528021000 rw-p 00000000 00:00 0 
7f4528021000-7f452c000000 ---p 00000000 00:00 0 
7f452c000000-7f452c021000 rw-p 00000000 00:00 0 
7f452c021000-7f4530000000 ---p 00000000 00:00 0 
7f4530000000-7f4530292000 rw-p 00000000 00:00 0 
7f4530292000-7f4534000000 ---p 00000000 00:00 0 
7f4534000000-7f4534021000 rw-p 00000000 00:00 0 
7f4534021000-7f4538000000 ---p 00000000 00:00 0 
7f453c000000-7f453c021000 rw-p 00000000 00:00 0 
7f453c021000-7f4540000000 ---p 00000000 00:00 0 
7f4542000000-7f4544000000 rw-p 00000000 00:00 0 
7f4544000000-7f4544021000 rw-p 00000000 00:00 0 
7f4544021000-7f4548000000 ---p 00000000 00:00 0 
7f454832d000-7f454832e000 ---p 00000000 00:00 0 
7f454832e000-7f454842e000 rw-p 00000000 00:00 0                          [stack:22332]
7f454842e000-7f4548431000 ---p 00000000 00:00 0 
7f4548431000-7f454852f000 rw-p 00000000 00:00 0                          [stack:22331]
7f454852f000-7f4548532000 ---p 00000000 00:00 0 
7f4548532000-7f4548630000 rw-p 00000000 00:00 0                          [stack:22330]
7f4548630000-7f4548633000 ---p 00000000 00:00 0 
7f4548633000-7f4548731000 rw-p 00000000 00:00 0                          [stack:22329]
7f4548731000-7f4548734000 ---p 00000000 00:00 0 
7f4548734000-7f4548832000 rw-p 00000000 00:00 0                          [stack:22328]
7f4548832000-7f4548835000 ---p 00000000 00:00 0 
7f4548835000-7f4548933000 rw-p 00000000 00:00 0                          [stack:22327]
7f4548933000-7f4548bfc000 r--p 00000000 08:03 266989                     /usr/lib/locale/locale-archive
7f4548bfc000-7f4548bff000 ---p 00000000 00:00 0 
7f4548bff000-7f4548cfd000 rw-p 00000000 00:00 0                          [stack:22326]
7f4548cfd000-7f4548d00000 ---p 00000000 00:00 0 
7f4548d00000-7f4548dfe000 rw-p 00000000 00:00 0                          [stack:22325]
7f4548dfe000-7f4548dff000 ---p 00000000 00:00 0 
7f4548dff000-7f4549000000 rw-p 00000000 00:00 0                          [stack:22324]
7f4549000000-7f45498f0000 rwxp 00000000 00:00 0 
7f45498f0000-7f4558000000 ---p 00000000 00:00 0 
7f4558000000-7f45583c2000 rw-p 00000000 00:00 0 
7f45583c2000-7f455c000000 ---p 00000000 00:00 0 
7f455c04c000-7f455c057000 r--s 00116000 08:03 1574017                    /opt/java/jdk1.8.0_45/jre/lib/ext/localedata.jar
7f455c057000-7f455c073000 r--s 00393000 08:03 1574015                    /opt/java/jdk1.8.0_45/jre/lib/ext/cldrdata.jar
7f455c073000-7f455c082000 r--s 000dd000 00:19 9438599                    /home/mike/Android/Sdk/build-tools/22.0.1/lib/dx.jar
7f455c082000-7f455cf35000 rw-p 00000000 00:00 0 
7f455cf35000-7f455d10e000 r--s 03d09000 08:03 1573810                    /opt/java/jdk1.8.0_45/jre/lib/rt.jar
7f455d10e000-7f455d8c4000 rw-p 00000000 00:00 0 
7f455d8c4000-7f455d984000 ---p 00000000 00:00 0 
7f455d984000-7f455db84000 rw-p 00000000 00:00 0 
7f455db84000-7f455db85000 ---p 00000000 00:00 0 
7f455db85000-7f455dc85000 rw-p 00000000 00:00 0                          [stack:22323]
7f455dc85000-7f455dc86000 ---p 00000000 00:00 0 
7f455dc86000-7f455dd86000 rw-p 00000000 00:00 0                          [stack:22322]
7f455dd86000-7f455dd87000 ---p 00000000 00:00 0 
7f455dd87000-7f455de87000 rw-p 00000000 00:00 0                          [stack:22321]
7f455de87000-7f455de88000 ---p 00000000 00:00 0 
7f455de88000-7f455dfa0000 rw-p 00000000 00:00 0                          [stack:22320]
7f455dfa0000-7f455e0de000 ---p 00000000 00:00 0 
7f455e0de000-7f455e0f6000 rw-p 00000000 00:00 0 
7f455e0f6000-7f455e233000 ---p 00000000 00:00 0 
7f455e233000-7f455e2c0000 rw-p 00000000 00:00 0 
7f455e2c0000-7f455e2de000 ---p 00000000 00:00 0 
7f455e2de000-7f455e303000 rw-p 00000000 00:00 0 
7f455e303000-7f455e69f000 ---p 00000000 00:00 0 
7f455e69f000-7f455e6b9000 r-xp 00000000 08:03 1574049                    /opt/java/jdk1.8.0_45/jre/lib/amd64/libzip.so
7f455e6b9000-7f455e8b9000 ---p 0001a000 08:03 1574049                    /opt/java/jdk1.8.0_45/jre/lib/amd64/libzip.so
7f455e8b9000-7f455e8ba000 rw-p 0001a000 08:03 1574049                    /opt/java/jdk1.8.0_45/jre/lib/amd64/libzip.so
7f455e8ba000-7f455e8c5000 r-xp 00000000 08:03 131807                     /lib/x86_64-linux-gnu/libnss_files-2.19.so
7f455e8c5000-7f455eac4000 ---p 0000b000 08:03 131807                     /lib/x86_64-linux-gnu/libnss_files-2.19.so
7f455eac4000-7f455eac5000 r--p 0000a000 08:03 131807                     /lib/x86_64-linux-gnu/libnss_files-2.19.so
7f455eac5000-7f455eac6000 rw-p 0000b000 08:03 131807                     /lib/x86_64-linux-gnu/libnss_files-2.19.so
7f455eac6000-7f455ead1000 r-xp 00000000 08:03 131871                     /lib/x86_64-linux-gnu/libnss_nis-2.19.so
7f455ead1000-7f455ecd0000 ---p 0000b000 08:03 131871                     /lib/x86_64-linux-gnu/libnss_nis-2.19.so
7f455ecd0000-7f455ecd1000 r--p 0000a000 08:03 131871                     /lib/x86_64-linux-gnu/libnss_nis-2.19.so
7f455ecd1000-7f455ecd2000 rw-p 0000b000 08:03 131871                     /lib/x86_64-linux-gnu/libnss_nis-2.19.so
7f455ecd2000-7f455ece9000 r-xp 00000000 08:03 131829                     /lib/x86_64-linux-gnu/libnsl-2.19.so
7f455ece9000-7f455eee8000 ---p 00017000 08:03 131829                     /lib/x86_64-linux-gnu/libnsl-2.19.so
7f455eee8000-7f455eee9000 r--p 00016000 08:03 131829                     /lib/x86_64-linux-gnu/libnsl-2.19.so
7f455eee9000-7f455eeea000 rw-p 00017000 08:03 131829                     /lib/x86_64-linux-gnu/libnsl-2.19.so
7f455eeea000-7f455eeec000 rw-p 00000000 00:00 0 
7f455eeec000-7f455eef5000 r-xp 00000000 08:03 131828                     /lib/x86_64-linux-gnu/libnss_compat-2.19.so
7f455eef5000-7f455f0f4000 ---p 00009000 08:03 131828                     /lib/x86_64-linux-gnu/libnss_compat-2.19.so
7f455f0f4000-7f455f0f5000 r--p 00008000 08:03 131828                     /lib/x86_64-linux-gnu/libnss_compat-2.19.so
7f455f0f5000-7f455f0f6000 rw-p 00009000 08:03 131828                     /lib/x86_64-linux-gnu/libnss_compat-2.19.so
7f455f0f6000-7f455f120000 r-xp 00000000 08:03 1574040                    /opt/java/jdk1.8.0_45/jre/lib/amd64/libjava.so
7f455f120000-7f455f320000 ---p 0002a000 08:03 1574040                    /opt/java/jdk1.8.0_45/jre/lib/amd64/libjava.so
7f455f320000-7f455f322000 rw-p 0002a000 08:03 1574040                    /opt/java/jdk1.8.0_45/jre/lib/amd64/libjava.so
7f455f322000-7f455f32f000 r-xp 00000000 08:03 1574047                    /opt/java/jdk1.8.0_45/jre/lib/amd64/libverify.so
7f455f32f000-7f455f52f000 ---p 0000d000 08:03 1574047                    /opt/java/jdk1.8.0_45/jre/lib/amd64/libverify.so
7f455f52f000-7f455f531000 rw-p 0000d000 08:03 1574047                    /opt/java/jdk1.8.0_45/jre/lib/amd64/libverify.so
7f455f531000-7f455f538000 r-xp 00000000 08:03 131868                     /lib/x86_64-linux-gnu/librt-2.19.so
7f455f538000-7f455f737000 ---p 00007000 08:03 131868                     /lib/x86_64-linux-gnu/librt-2.19.so
7f455f737000-7f455f738000 r--p 00006000 08:03 131868                     /lib/x86_64-linux-gnu/librt-2.19.so
7f455f738000-7f455f739000 rw-p 00007000 08:03 131868                     /lib/x86_64-linux-gnu/librt-2.19.so
7f455f739000-7f455f83e000 r-xp 00000000 08:03 131806                     /lib/x86_64-linux-gnu/libm-2.19.so
7f455f83e000-7f455fa3d000 ---p 00105000 08:03 131806                     /lib/x86_64-linux-gnu/libm-2.19.so
7f455fa3d000-7f455fa3e000 r--p 00104000 08:03 131806                     /lib/x86_64-linux-gnu/libm-2.19.so
7f455fa3e000-7f455fa3f000 rw-p 00105000 08:03 131806                     /lib/x86_64-linux-gnu/libm-2.19.so
7f455fa3f000-7f45606ed000 r-xp 00000000 08:03 1574060                    /opt/java/jdk1.8.0_45/jre/lib/amd64/server/libjvm.so
7f45606ed000-7f45608ec000 ---p 00cae000 08:03 1574060                    /opt/java/jdk1.8.0_45/jre/lib/amd64/server/libjvm.so
7f45608ec000-7f45609c3000 rw-p 00cad000 08:03 1574060                    /opt/java/jdk1.8.0_45/jre/lib/amd64/server/libjvm.so
7f45609c3000-7f4560a07000 rw-p 00000000 00:00 0 
7f4560a07000-7f4560bc2000 r-xp 00000000 08:03 131857                     /lib/x86_64-linux-gnu/libc-2.19.so
7f4560bc2000-7f4560dc1000 ---p 001bb000 08:03 131857                     /lib/x86_64-linux-gnu/libc-2.19.so
7f4560dc1000-7f4560dc5000 r--p 001ba000 08:03 131857                     /lib/x86_64-linux-gnu/libc-2.19.so
7f4560dc5000-7f4560dc7000 rw-p 001be000 08:03 131857                     /lib/x86_64-linux-gnu/libc-2.19.so
7f4560dc7000-7f4560dcc000 rw-p 00000000 00:00 0 
7f4560dcc000-7f4560dcf000 r-xp 00000000 08:03 131810                     /lib/x86_64-linux-gnu/libdl-2.19.so
7f4560dcf000-7f4560fce000 ---p 00003000 08:03 131810                     /lib/x86_64-linux-gnu/libdl-2.19.so
7f4560fce000-7f4560fcf000 r--p 00002000 08:03 131810                     /lib/x86_64-linux-gnu/libdl-2.19.so
7f4560fcf000-7f4560fd0000 rw-p 00003000 08:03 131810                     /lib/x86_64-linux-gnu/libdl-2.19.so
7f4560fd0000-7f4560fe5000 r-xp 00000000 08:03 1573749                    /opt/java/jdk1.8.0_45/lib/amd64/jli/libjli.so
7f4560fe5000-7f45611e5000 ---p 00015000 08:03 1573749                    /opt/java/jdk1.8.0_45/lib/amd64/jli/libjli.so
7f45611e5000-7f45611e6000 rw-p 00015000 08:03 1573749                    /opt/java/jdk1.8.0_45/lib/amd64/jli/libjli.so
7f45611e6000-7f45611ff000 r-xp 00000000 08:03 131858                     /lib/x86_64-linux-gnu/libpthread-2.19.so
7f45611ff000-7f45613fe000 ---p 00019000 08:03 131858                     /lib/x86_64-linux-gnu/libpthread-2.19.so
7f45613fe000-7f45613ff000 r--p 00018000 08:03 131858                     /lib/x86_64-linux-gnu/libpthread-2.19.so
7f45613ff000-7f4561400000 rw-p 00019000 08:03 131858                     /lib/x86_64-linux-gnu/libpthread-2.19.so
7f4561400000-7f4561404000 rw-p 00000000 00:00 0 
7f4561404000-7f4561427000 r-xp 00000000 08:03 131833                     /lib/x86_64-linux-gnu/ld-2.19.so
7f4561428000-7f456142d000 r--s 00094000 08:03 1573828                    /opt/java/jdk1.8.0_45/jre/lib/jsse.jar
7f456142d000-7f45614ff000 rw-p 00000000 00:00 0 
7f45614ff000-7f4561502000 ---p 00000000 00:00 0 
7f4561502000-7f4561605000 rw-p 00000000 00:00 0                          [stack:22319]
7f4561605000-7f4561606000 r--p 00000000 08:03 672594                     /usr/share/locale-langpack/en_GB/LC_MESSAGES/libc.mo
7f4561606000-7f456161a000 rw-p 00000000 00:00 0 
7f456161a000-7f4561622000 rw-s 00000000 08:03 1574110                    /tmp/hsperfdata_mike/22314
7f4561622000-7f4561623000 rw-p 00000000 00:00 0 
7f4561623000-7f4561624000 ---p 00000000 00:00 0 
7f4561624000-7f4561626000 rw-p 00000000 00:00 0 
7f4561626000-7f4561627000 r--p 00022000 08:03 131833                     /lib/x86_64-linux-gnu/ld-2.19.so
7f4561627000-7f4561628000 rw-p 00023000 08:03 131833                     /lib/x86_64-linux-gnu/ld-2.19.so
7f4561628000-7f4561629000 rw-p 00000000 00:00 0 
7fff1712c000-7fff1714e000 rw-p 00000000 00:00 0                          [stack]
7fff171fe000-7fff17200000 r-xp 00000000 00:00 0                          [vdso]
ffffffffff600000-ffffffffff601000 r-xp 00000000 00:00 0                  [vsyscall]

VM Arguments:
jvm_args: -Xmx1024M -Dfile.encoding=UTF-8 -Duser.country=GB -Duser.language=en -Duser.variant 
java_command: com.android.dx.command.Main --dex --output /home/mike/AndroidStudioProjects/Wordist/app/build/intermediates/dex/debug /home/mike/AndroidStudioProjects/Wordist/app/build/intermediates/classes/debug /home/mike/AndroidStudioProjects/Wordist/app/build/intermediates/pre-dexed/debug/support-annotations-22.2.0-bfa71d602cc0e11fce5350ed544c9f5e4d4a05e4.jar /home/mike/AndroidStudioProjects/Wordist/app/build/intermediates/pre-dexed/debug/classes-e01224f4b848d2f70fe036e6ffd03fad8e49b557.jar /home/mike/AndroidStudioProjects/Wordist/app/build/intermediates/pre-dexed/debug/classes-2ab3d19bd8375c4756f92f9df195e4252f17cf71.jar /home/mike/AndroidStudioProjects/Wordist/app/build/intermediates/pre-dexed/debug/classes-674e81071699e5047dc949309e33eaff0b6cf792.jar /home/mike/AndroidStudioProjects/Wordist/app/build/intermediates/pre-dexed/debug/internal_impl-22.0.0-badf73acff408b2f94e3947ab7ebff932b700965.jar /home/mike/AndroidStudioProjects/Wordist/app/build/intermediates/pre-dexed/debug/classes-b97a6c1cf7fbeb04f196fcf80c57d4257edcc6dd.jar /home/mike/AndroidStudioProjects/Wordist/app/build/intermediates/pre-dexed/debug/classes-d24eb526a194db96263c3f6685649fd0fe6c44d5.jar /home/mike/AndroidStudioProjects/Wordist/app/build/intermediates/pre-dexed/debug/classes-7a28f4ba4fb32a581ec7923ddf90ef95697adfea.jar /home/mike/AndroidStudioProjects/Wordist/app/build/intermediates/pre-dexed/debug/classes-2fffb6f7a97d395100aaf3eefa7e7444903a76be.jar /home/mike/AndroidStudioProjects/Wordist/app/build/intermediates/pre-dexed/debug/classes-cc0797b316f66372a2b35e75e646f3b4068a1b62.jar /home/mike/AndroidStudioProjects/Wordist/app/build/intermediates/pre-dexed/debug/classes-ba694547ab3fc3fe5bc8d34ae51866c6cab4beda.jar /home/mike/AndroidStudioProjects/Wordist/app/build/intermediates/pre-dexed/debug/classes-137b98b536e4a331a4b67052cd2264e1af3633e9.jar /home/mike/AndroidStudioProjects/Wordist/app/build/intermediates/pre-dexed/debug/classes-d59b62fbaf9b5683c1ab50b0492d3f2097297188.jar /home/mike/An
java_class_path (initial): /home/mike/Android/Sdk/build-tools/22.0.1/lib/dx.jar
Launcher Type: SUN_STANDARD

Environment Variables:
PATH=/usr/local/sbin:/usr/local/bin:/usr/sbin:/usr/bin:/sbin:/bin:/usr/games:/usr/local/games
USERNAME=mike
LD_LIBRARY_PATH=/opt/android-studio/bin:
SHELL=/bin/bash
DISPLAY=:0

Signal Handlers:
SIGSEGV: [libjvm.so+0xaad1e0], sa_mask[0]=11111111011111111101111111111110, sa_flags=SA_RESTART|SA_SIGINFO
SIGBUS: [libjvm.so+0xaad1e0], sa_mask[0]=11111111011111111101111111111110, sa_flags=SA_RESTART|SA_SIGINFO
SIGFPE: [libjvm.so+0x90b450], sa_mask[0]=11111111011111111101111111111110, sa_flags=SA_RESTART|SA_SIGINFO
SIGPIPE: [libjvm.so+0x90b450], sa_mask[0]=11111111011111111101111111111110, sa_flags=SA_RESTART|SA_SIGINFO
SIGXFSZ: [libjvm.so+0x90b450], sa_mask[0]=11111111011111111101111111111110, sa_flags=SA_RESTART|SA_SIGINFO
SIGILL: [libjvm.so+0x90b450], sa_mask[0]=11111111011111111101111111111110, sa_flags=SA_RESTART|SA_SIGINFO
SIGUSR1: SIG_DFL, sa_mask[0]=00000000000000000000000000000000, sa_flags=none
SIGUSR2: [libjvm.so+0x90ca90], sa_mask[0]=00100000000000000000000000000000, sa_flags=SA_RESTART|SA_SIGINFO
SIGHUP: [libjvm.so+0x90dde0], sa_mask[0]=11111111011111111101111111111110, sa_flags=SA_RESTART|SA_SIGINFO
SIGINT: [libjvm.so+0x90dde0], sa_mask[0]=11111111011111111101111111111110, sa_flags=SA_RESTART|SA_SIGINFO
SIGTERM: [libjvm.so+0x90dde0], sa_mask[0]=11111111011111111101111111111110, sa_flags=SA_RESTART|SA_SIGINFO
SIGQUIT: [libjvm.so+0x90dde0], sa_mask[0]=11111111011111111101111111111110, sa_flags=SA_RESTART|SA_SIGINFO


---------------  S Y S T E M  ---------------

OS:DISTRIB_ID=LinuxMint
DISTRIB_RELEASE=17.2
DISTRIB_CODENAME=rafaela
DISTRIB_DESCRIPTION="Linux Mint 17.2 Rafaela"

uname:Linux 3.13.0-37-generic #64-Ubuntu SMP Mon Sep 22 21:28:38 UTC 2014 x86_64
libc:glibc 2.19 NPTL 2.19 
rlimit: STACK 8192k, CORE 0k, NPROC 30882, NOFILE 4096, AS infinity
load average:0.97 0.73 0.64

/proc/meminfo:
MemTotal:        4048044 kB
MemFree:          117240 kB
Buffers:             372 kB
Cached:            85124 kB
SwapCached:            0 kB
Active:          3447640 kB
Inactive:          82000 kB
Active(anon):    3446696 kB
Inactive(anon):    74352 kB
Active(file):        944 kB
Inactive(file):     7648 kB
Unevictable:         232 kB
Mlocked:             232 kB
SwapTotal:             0 kB
SwapFree:              0 kB
Dirty:                32 kB
Writeback:             0 kB
AnonPages:       3444608 kB
Mapped:           191856 kB
Shmem:             76672 kB
Slab:              68772 kB
SReclaimable:      25288 kB
SUnreclaim:        43484 kB
KernelStack:        4632 kB
PageTables:        35772 kB
NFS_Unstable:          0 kB
Bounce:                0 kB
WritebackTmp:          0 kB
CommitLimit:     2024020 kB
Committed_AS:    6164248 kB
VmallocTotal:   34359738367 kB
VmallocUsed:      305680 kB
VmallocChunk:   34359429884 kB
HardwareCorrupted:     0 kB
AnonHugePages:   1740800 kB
HugePages_Total:       0
HugePages_Free:        0
HugePages_Rsvd:        0
HugePages_Surp:        0
Hugepagesize:       2048 kB
DirectMap4k:      413248 kB
DirectMap2M:     3780608 kB
DirectMap1G:           0 kB


CPU:total 4 (4 cores per cpu, 1 threads per core) family 16 model 4 stepping 2, cmov, cx8, fxsr, mmx, sse, sse2, sse3, popcnt, mmxext, 3dnowpref, lzcnt, sse4a, tsc, tscinvbit, tscinv

/proc/cpuinfo:
processor	: 0
vendor_id	: AuthenticAMD
cpu family	: 16
model		: 4
model name	: AMD Phenom(tm) II X4 955 Processor
stepping	: 2
microcode	: 0x1000086
cpu MHz		: 800.000
cache size	: 512 KB
physical id	: 0
siblings	: 4
core id		: 0
cpu cores	: 4
apicid		: 0
initial apicid	: 0
fpu		: yes
fpu_exception	: yes
cpuid level	: 5
wp		: yes
flags		: fpu vme de pse tsc msr pae mce cx8 apic sep mtrr pge mca cmov pat pse36 clflush mmx fxsr sse sse2 ht syscall nx mmxext fxsr_opt pdpe1gb rdtscp lm 3dnowext 3dnow constant_tsc rep_good nopl nonstop_tsc extd_apicid pni monitor cx16 popcnt lahf_lm cmp_legacy svm extapic cr8_legacy abm sse4a misalignsse 3dnowprefetch osvw ibs skinit wdt hw_pstate npt lbrv svm_lock nrip_save
bogomips	: 6399.87
TLB size	: 1024 4K pages
clflush size	: 64
cache_alignment	: 64
address sizes	: 48 bits physical, 48 bits virtual
power management: ts ttp tm stc 100mhzsteps hwpstate

processor	: 1
vendor_id	: AuthenticAMD
cpu family	: 16
model		: 4
model name	: AMD Phenom(tm) II X4 955 Processor
stepping	: 2
microcode	: 0x1000086
cpu MHz		: 800.000
cache size	: 512 KB
physical id	: 0
siblings	: 4
core id		: 1
cpu cores	: 4
apicid		: 1
initial apicid	: 1
fpu		: yes
fpu_exception	: yes
cpuid level	: 5
wp		: yes
flags		: fpu vme de pse tsc msr pae mce cx8 apic sep mtrr pge mca cmov pat pse36 clflush mmx fxsr sse sse2 ht syscall nx mmxext fxsr_opt pdpe1gb rdtscp lm 3dnowext 3dnow constant_tsc rep_good nopl nonstop_tsc extd_apicid pni monitor cx16 popcnt lahf_lm cmp_legacy svm extapic cr8_legacy abm sse4a misalignsse 3dnowprefetch osvw ibs skinit wdt hw_pstate npt lbrv svm_lock nrip_save
bogomips	: 6399.87
TLB size	: 1024 4K pages
clflush size	: 64
cache_alignment	: 64
address sizes	: 48 bits physical, 48 bits virtual
power management: ts ttp tm stc 100mhzsteps hwpstate

processor	: 2
vendor_id	: AuthenticAMD
cpu family	: 16
model		: 4
model name	: AMD Phenom(tm) II X4 955 Processor
stepping	: 2
microcode	: 0x1000086
cpu MHz		: 800.000
cache size	: 512 KB
physical id	: 0
siblings	: 4
core id		: 2
cpu cores	: 4
apicid		: 2
initial apicid	: 2
fpu		: yes
fpu_exception	: yes
cpuid level	: 5
wp		: yes
flags		: fpu vme de pse tsc msr pae mce cx8 apic sep mtrr pge mca cmov pat pse36 clflush mmx fxsr sse sse2 ht syscall nx mmxext fxsr_opt pdpe1gb rdtscp lm 3dnowext 3dnow constant_tsc rep_good nopl nonstop_tsc extd_apicid pni monitor cx16 popcnt lahf_lm cmp_legacy svm extapic cr8_legacy abm sse4a misalignsse 3dnowprefetch osvw ibs skinit wdt hw_pstate npt lbrv svm_lock nrip_save
bogomips	: 6399.87
TLB size	: 1024 4K pages
clflush size	: 64
cache_alignment	: 64
address sizes	: 48 bits physical, 48 bits virtual
power management: ts ttp tm stc 100mhzsteps hwpstate

processor	: 3
vendor_id	: AuthenticAMD
cpu family	: 16
model		: 4
model name	: AMD Phenom(tm) II X4 955 Processor
stepping	: 2
microcode	: 0x1000086
cpu MHz		: 800.000
cache size	: 512 KB
physical id	: 0
siblings	: 4
core id		: 3
cpu cores	: 4
apicid		: 3
initial apicid	: 3
fpu		: yes
fpu_exception	: yes
cpuid level	: 5
wp		: yes
flags		: fpu vme de pse tsc msr pae mce cx8 apic sep mtrr pge mca cmov pat pse36 clflush mmx fxsr sse sse2 ht syscall nx mmxext fxsr_opt pdpe1gb rdtscp lm 3dnowext 3dnow constant_tsc rep_good nopl nonstop_tsc extd_apicid pni monitor cx16 popcnt lahf_lm cmp_legacy svm extapic cr8_legacy abm sse4a misalignsse 3dnowprefetch osvw ibs skinit wdt hw_pstate npt lbrv svm_lock nrip_save
bogomips	: 6399.87
TLB size	: 1024 4K pages
clflush size	: 64
cache_alignment	: 64
address sizes	: 48 bits physical, 48 bits virtual
power management: ts ttp tm stc 100mhzsteps hwpstate



Memory: 4k page, physical 4048044k(113520k free), swap 0k(0k free)

vm_info: Java HotSpot(TM) 64-Bit Server VM (25.45-b02) for linux-amd64 JRE (1.8.0_45-b14), built on Apr 10 2015 10:07:45 by "java_re" with gcc 4.3.0 20080428 (Red Hat 4.3.0-8)

time: Wed Aug  5 16:09:21 2015
elapsed time: 4 seconds (0d 0h 0m 4s)

