#
# There is insufficient memory for the Java Runtime Environment to continue.
# Native memory allocation (mmap) failed to map 65536 bytes for committing reserved memory.
# Possible reasons:
#   The system is out of physical RAM or swap space
#   In 32 bit mode, the process size limit was hit
# Possible solutions:
#   Reduce memory load on the system
#   Increase physical memory or swap space
#   Check if swap backing store is full
#   Use 64 bit Java on a 64 bit OS
#   Decrease Java heap size (-Xmx/-Xms)
#   Decrease number of Java threads
#   Decrease Java thread stack sizes (-Xss)
#   Set larger code cache with -XX:ReservedCodeCacheSize=
# This output file may be truncated or incomplete.
#
#  Out of Memory Error (os_linux.cpp:2673), pid=15057, tid=139716658206464
#
# JRE version: Java(TM) SE Runtime Environment (8.0_45-b14) (build 1.8.0_45-b14)
# Java VM: Java HotSpot(TM) 64-Bit Server VM (25.45-b02 mixed mode linux-amd64 compressed oops)
# Failed to write core dump. Core dumps have been disabled. To enable core dumping, try "ulimit -c unlimited" before starting Java again
#

---------------  T H R E A D  ---------------

Current thread (0x00007f12640b8800):  JavaThread "C2 CompilerThread0" daemon [_thread_in_vm, id=15070, stack(0x00007f1251b81000,0x00007f1251c82000)]

Stack: [0x00007f1251b81000,0x00007f1251c82000],  sp=0x00007f1251c7eb50,  free space=1014k
Native frames: (J=compiled Java code, j=interpreted, Vv=VM code, C=native code)
V  [libjvm.so+0xaac99a]  VMError::report_and_die()+0x2ba
V  [libjvm.so+0x4f333b]  report_vm_out_of_memory(char const*, int, unsigned long, VMErrorType, char const*)+0x8b
V  [libjvm.so+0x90e7c3]  os::Linux::commit_memory_impl(char*, unsigned long, bool)+0x103
V  [libjvm.so+0x90ed19]  os::pd_commit_memory(char*, unsigned long, unsigned long, bool)+0x29
V  [libjvm.so+0x90867a]  os::commit_memory(char*, unsigned long, unsigned long, bool)+0x2a
V  [libjvm.so+0xaa8649]  VirtualSpace::expand_by(unsigned long, bool)+0x1c9
V  [libjvm.so+0x60d59c]  CodeHeap::expand_by(unsigned long)+0x8c
V  [libjvm.so+0x479430]  CodeCache::allocate(int, bool)+0x60
V  [libjvm.so+0x8d683c]  nmethod::new_nmethod(methodHandle, int, int, CodeOffsets*, int, DebugInformationRecorder*, Dependencies*, CodeBuffer*, int, OopMapSet*, ExceptionHandlerTable*, ImplicitExceptionTable*, AbstractCompiler*, int)+0x1fc
V  [libjvm.so+0x40f36b]  ciEnv::register_method(ciMethod*, int, CodeOffsets*, int, CodeBuffer*, int, OopMapSet*, ExceptionHandlerTable*, ImplicitExceptionTable*, AbstractCompiler*, int, bool, bool, RTMState)+0x42b
V  [libjvm.so+0x49e12e]  Compile::Compile(ciEnv*, C2Compiler*, ciMethod*, int, bool, bool, bool)+0x15ae
V  [libjvm.so+0x3ebeb8]  C2Compiler::compile_method(ciEnv*, ciMethod*, int)+0x198
V  [libjvm.so+0x4a843a]  CompileBroker::invoke_compiler_on_method(CompileTask*)+0xc9a
V  [libjvm.so+0x4a93e6]  CompileBroker::compiler_thread_loop()+0x5d6
V  [libjvm.so+0xa5c86f]  JavaThread::thread_main_inner()+0xdf
V  [libjvm.so+0xa5c99c]  JavaThread::run()+0x11c
V  [libjvm.so+0x910de8]  java_start(Thread*)+0x108
C  [libpthread.so.0+0x8182]  start_thread+0xc2


Current CompileTask:
C2:   8977 1504       4       com.android.dx.ssa.SCCP::simulateBranch (666 bytes)


---------------  P R O C E S S  ---------------

Java Threads: ( => current thread )
  0x00007f12640c2000 JavaThread "Service Thread" daemon [_thread_blocked, id=15073, stack(0x00007f125187e000,0x00007f125197f000)]
  0x00007f12640bd000 JavaThread "C1 CompilerThread2" daemon [_thread_blocked, id=15072, stack(0x00007f125197f000,0x00007f1251a80000)]
  0x00007f12640bb800 JavaThread "C2 CompilerThread1" daemon [_thread_blocked, id=15071, stack(0x00007f1251a80000,0x00007f1251b81000)]
=>0x00007f12640b8800 JavaThread "C2 CompilerThread0" daemon [_thread_in_vm, id=15070, stack(0x00007f1251b81000,0x00007f1251c82000)]
  0x00007f12640b7000 JavaThread "Signal Dispatcher" daemon [_thread_blocked, id=15069, stack(0x00007f1251c82000,0x00007f1251d83000)]
  0x00007f126407f000 JavaThread "Finalizer" daemon [_thread_blocked, id=15068, stack(0x00007f125204c000,0x00007f125214d000)]
  0x00007f126407c800 JavaThread "Reference Handler" daemon [_thread_blocked, id=15067, stack(0x00007f125214d000,0x00007f125224e000)]
  0x00007f126400a000 JavaThread "main" [_thread_blocked, id=15059, stack(0x00007f126c8d2000,0x00007f126c9d3000)]

Other Threads:
  0x00007f1264077800 VMThread [stack: 0x00007f125224e000,0x00007f125234f000] [id=15066]
  0x00007f12640c4800 WatcherThread [stack: 0x00007f125177d000,0x00007f125187e000] [id=15074]

VM state:not at safepoint (normal execution)

VM Mutex/Monitor currently owned by a thread:  ([mutex/lock_event])
[0x00007f12640056d0] CodeCache_lock - owner thread: 0x00007f12640b8800
[0x00007f1264006d50] Compile_lock - owner thread: 0x00007f12640b8800
[0x00007f1264006e50] MethodCompileQueue_lock - owner thread: 0x00007f12640b8800

Heap:
 PSYoungGen      total 34304K, used 26711K [0x00000000eab00000, 0x00000000eee00000, 0x0000000100000000)
  eden space 31744K, 76% used [0x00000000eab00000,0x00000000ec295df8,0x00000000eca00000)
  from space 2560K, 100% used [0x00000000eca00000,0x00000000ecc80000,0x00000000ecc80000)
  to   space 2560K, 0% used [0x00000000eeb80000,0x00000000eeb80000,0x00000000eee00000)
 ParOldGen       total 42496K, used 9286K [0x00000000c0000000, 0x00000000c2980000, 0x00000000eab00000)
  object space 42496K, 21% used [0x00000000c0000000,0x00000000c0911820,0x00000000c2980000)
 Metaspace       used 5844K, capacity 7088K, committed 7296K, reserved 1056768K
  class space    used 545K, capacity 616K, committed 640K, reserved 1048576K

Card table byte_map: [0x00007f12694b1000,0x00007f12696b2000] byte_map_base: 0x00007f1268eb1000

Marking Bits: (ParMarkBitMap*) 0x00007f126bdaf760
 Begin Bits: [0x00007f1253000000, 0x00007f1254000000)
 End Bits:   [0x00007f1254000000, 0x00007f1255000000)

Polling page: 0x00007f126c9f6000

CodeCache: size=245760Kb used=6452Kb max_used=6452Kb free=239307Kb
 bounds [0x00007f1255000000, 0x00007f1255660000, 0x00007f1264000000]
 total_blobs=1850 nmethods=1584 adapters=178
 compilation: enabled

Compilation events (10 events):
Event: 4.627 Thread 0x00007f12640bb800 1603       4       java.util.HashMap::get (23 bytes)
Event: 4.884 Thread 0x00007f12640bb800 nmethod 1603 0x00007f1255638f50 code [0x00007f1255639100, 0x00007f1255639738]
Event: 4.888 Thread 0x00007f12640bb800 1535       4       com.android.dx.ssa.back.LivenessAnalyzer::run (231 bytes)
Event: 4.921 Thread 0x00007f12640bd000 1609       2       com.android.dx.dex.file.ClassDefItem::addInstanceField (9 bytes)
Event: 4.922 Thread 0x00007f12640bd000 nmethod 1609 0x00007f125563ccd0 code [0x00007f125563ce60, 0x00007f125563d198]
Event: 4.922 Thread 0x00007f12640bd000 1610       2       com.android.dx.dex.file.ClassDataItem::addInstanceField (24 bytes)
Event: 4.923 Thread 0x00007f12640bd000 nmethod 1610 0x00007f125563c550 code [0x00007f125563c6e0, 0x00007f125563ca38]
Event: 5.225 Thread 0x00007f12640bd000 1611       2       com.android.dx.cf.direct.DirectClassFile::makeTypeList (47 bytes)
Event: 5.377 Thread 0x00007f12640bd000 nmethod 1611 0x00007f125563aad0 code [0x00007f125563ac60, 0x00007f125563af18]
Event: 6.369 Thread 0x00007f12640bd000 1612       2       com.android.dx.rop.code.Rops::opAput (97 bytes)

GC Heap History (6 events):
Event: 1.851 GC heap before
{Heap before GC invocations=1 (full 0):
 PSYoungGen      total 18432K, used 15872K [0x00000000eab00000, 0x00000000ebf80000, 0x0000000100000000)
  eden space 15872K, 100% used [0x00000000eab00000,0x00000000eba80000,0x00000000eba80000)
  from space 2560K, 0% used [0x00000000ebd00000,0x00000000ebd00000,0x00000000ebf80000)
  to   space 2560K, 0% used [0x00000000eba80000,0x00000000eba80000,0x00000000ebd00000)
 ParOldGen       total 42496K, used 0K [0x00000000c0000000, 0x00000000c2980000, 0x00000000eab00000)
  object space 42496K, 0% used [0x00000000c0000000,0x00000000c0000000,0x00000000c2980000)
 Metaspace       used 5432K, capacity 6704K, committed 6784K, reserved 1056768K
  class space    used 542K, capacity 616K, committed 640K, reserved 1048576K
Event: 1.873 GC heap after
Heap after GC invocations=1 (full 0):
 PSYoungGen      total 18432K, used 2535K [0x00000000eab00000, 0x00000000ecf00000, 0x0000000100000000)
  eden space 15872K, 0% used [0x00000000eab00000,0x00000000eab00000,0x00000000eba80000)
  from space 2560K, 99% used [0x00000000eba80000,0x00000000ebcf9c88,0x00000000ebd00000)
  to   space 2560K, 0% used [0x00000000ecc80000,0x00000000ecc80000,0x00000000ecf00000)
 ParOldGen       total 42496K, used 1666K [0x00000000c0000000, 0x00000000c2980000, 0x00000000eab00000)
  object space 42496K, 3% used [0x00000000c0000000,0x00000000c01a08b8,0x00000000c2980000)
 Metaspace       used 5432K, capacity 6704K, committed 6784K, reserved 1056768K
  class space    used 542K, capacity 616K, committed 640K, reserved 1048576K
}
Event: 2.713 GC heap before
{Heap before GC invocations=2 (full 0):
 PSYoungGen      total 18432K, used 18407K [0x00000000eab00000, 0x00000000ecf00000, 0x0000000100000000)
  eden space 15872K, 100% used [0x00000000eab00000,0x00000000eba80000,0x00000000eba80000)
  from space 2560K, 99% used [0x00000000eba80000,0x00000000ebcf9c88,0x00000000ebd00000)
  to   space 2560K, 0% used [0x00000000ecc80000,0x00000000ecc80000,0x00000000ecf00000)
 ParOldGen       total 42496K, used 1666K [0x00000000c0000000, 0x00000000c2980000, 0x00000000eab00000)
  object space 42496K, 3% used [0x00000000c0000000,0x00000000c01a08b8,0x00000000c2980000)
 Metaspace       used 5689K, capacity 6896K, committed 7040K, reserved 1056768K
  class space    used 545K, capacity 616K, committed 640K, reserved 1048576K
Event: 2.733 GC heap after
Heap after GC invocations=2 (full 0):
 PSYoungGen      total 34304K, used 2535K [0x00000000eab00000, 0x00000000ecf00000, 0x0000000100000000)
  eden space 31744K, 0% used [0x00000000eab00000,0x00000000eab00000,0x00000000eca00000)
  from space 2560K, 99% used [0x00000000ecc80000,0x00000000ecef9c78,0x00000000ecf00000)
  to   space 2560K, 0% used [0x00000000eca00000,0x00000000eca00000,0x00000000ecc80000)
 ParOldGen       total 42496K, used 4413K [0x00000000c0000000, 0x00000000c2980000, 0x00000000eab00000)
  object space 42496K, 10% used [0x00000000c0000000,0x00000000c044f5a0,0x00000000c2980000)
 Metaspace       used 5689K, capacity 6896K, committed 7040K, reserved 1056768K
  class space    used 545K, capacity 616K, committed 640K, reserved 1048576K
}
Event: 3.700 GC heap before
{Heap before GC invocations=3 (full 0):
 PSYoungGen      total 34304K, used 34279K [0x00000000eab00000, 0x00000000ecf00000, 0x0000000100000000)
  eden space 31744K, 100% used [0x00000000eab00000,0x00000000eca00000,0x00000000eca00000)
  from space 2560K, 99% used [0x00000000ecc80000,0x00000000ecef9c78,0x00000000ecf00000)
  to   space 2560K, 0% used [0x00000000eca00000,0x00000000eca00000,0x00000000ecc80000)
 ParOldGen       total 42496K, used 4413K [0x00000000c0000000, 0x00000000c2980000, 0x00000000eab00000)
  object space 42496K, 10% used [0x00000000c0000000,0x00000000c044f5a0,0x00000000c2980000)
 Metaspace       used 5806K, capacity 7024K, committed 7296K, reserved 1056768K
  class space    used 545K, capacity 616K, committed 640K, reserved 1048576K
Event: 3.806 GC heap after
Heap after GC invocations=3 (full 0):
 PSYoungGen      total 34304K, used 2560K [0x00000000eab00000, 0x00000000eee00000, 0x0000000100000000)
  eden space 31744K, 0% used [0x00000000eab00000,0x00000000eab00000,0x00000000eca00000)
  from space 2560K, 100% used [0x00000000eca00000,0x00000000ecc80000,0x00000000ecc80000)
  to   space 2560K, 0% used [0x00000000eeb80000,0x00000000eeb80000,0x00000000eee00000)
 ParOldGen       total 42496K, used 9286K [0x00000000c0000000, 0x00000000c2980000, 0x00000000eab00000)
  object space 42496K, 21% used [0x00000000c0000000,0x00000000c0911820,0x00000000c2980000)
 Metaspace       used 5806K, capacity 7024K, committed 7296K, reserved 1056768K
  class space    used 545K, capacity 616K, committed 640K, reserved 1048576K
}

Deoptimization events (10 events):
Event: 1.456 Thread 0x00007f126400a000 Uncommon trap: reason=bimorphic action=maybe_recompile pc=0x00007f1255290d38 method=java.util.HashMap.getNode(ILjava/lang/Object;)Ljava/util/HashMap$Node; @ 126
Event: 1.596 Thread 0x00007f126400a000 Uncommon trap: reason=unstable_if action=reinterpret pc=0x00007f1255292d78 method=java.util.BitSet.ensureCapacity(I)V @ 6
Event: 1.993 Thread 0x00007f126400a000 Uncommon trap: reason=class_check action=maybe_recompile pc=0x00007f1255352b80 method=com.android.dx.ssa.NormalSsaInsn.accept(Lcom/android/dx/ssa/SsaInsn$Visitor;)V @ 9
Event: 1.993 Thread 0x00007f126400a000 Uncommon trap: reason=class_check action=maybe_recompile pc=0x00007f1255340d4c method=com.android.dx.ssa.NormalSsaInsn.accept(Lcom/android/dx/ssa/SsaInsn$Visitor;)V @ 9
Event: 1.994 Thread 0x00007f126400a000 Uncommon trap: reason=class_check action=maybe_recompile pc=0x00007f1255340d4c method=com.android.dx.ssa.NormalSsaInsn.accept(Lcom/android/dx/ssa/SsaInsn$Visitor;)V @ 9
Event: 1.994 Thread 0x00007f126400a000 Uncommon trap: reason=class_check action=maybe_recompile pc=0x00007f1255340d4c method=com.android.dx.ssa.NormalSsaInsn.accept(Lcom/android/dx/ssa/SsaInsn$Visitor;)V @ 9
Event: 1.995 Thread 0x00007f126400a000 Uncommon trap: reason=class_check action=maybe_recompile pc=0x00007f1255352b80 method=com.android.dx.ssa.NormalSsaInsn.accept(Lcom/android/dx/ssa/SsaInsn$Visitor;)V @ 9
Event: 2.226 Thread 0x00007f126400a000 Uncommon trap: reason=bimorphic action=maybe_recompile pc=0x00007f1255290d38 method=java.util.HashMap.getNode(ILjava/lang/Object;)Ljava/util/HashMap$Node; @ 126
Event: 4.271 Thread 0x00007f126400a000 Uncommon trap: reason=bimorphic action=maybe_recompile pc=0x00007f1255290d38 method=java.util.HashMap.getNode(ILjava/lang/Object;)Ljava/util/HashMap$Node; @ 126
Event: 4.271 Thread 0x00007f126400a000 Uncommon trap: reason=bimorphic action=maybe_recompile pc=0x00007f1255290d38 method=java.util.HashMap.getNode(ILjava/lang/Object;)Ljava/util/HashMap$Node; @ 126

Internal exceptions (2 events):
Event: 0.106 Thread 0x00007f126400a000 Exception <a 'java/lang/NoSuchMethodError': Method sun.misc.Unsafe.defineClass(Ljava/lang/String;[BII)Ljava/lang/Class; name or signature does not match> (0x00000000eab12a38) thrown at [/RE-WORK/workspace/8-2-build-linux-amd64/jdk8u45/3457/hotspot/src/sha
Event: 0.106 Thread 0x00007f126400a000 Exception <a 'java/lang/NoSuchMethodError': Method sun.misc.Unsafe.prefetchRead(Ljava/lang/Object;J)V name or signature does not match> (0x00000000eab12cc8) thrown at [/RE-WORK/workspace/8-2-build-linux-amd64/jdk8u45/3457/hotspot/src/share/vm/prims/jni.cp

Events (10 events):
Event: 3.700 Executing VM operation: ParallelGCFailedAllocation
Event: 3.806 Executing VM operation: ParallelGCFailedAllocation done
Event: 4.271 Thread 0x00007f126400a000 Uncommon trap: trap_request=0xffffffc6 fr.pc=0x00007f1255290d38
Event: 4.271 Thread 0x00007f126400a000 DEOPT PACKING pc=0x00007f1255290d38 sp=0x00007f126c9d0980
Event: 4.271 Thread 0x00007f126400a000 DEOPT UNPACKING pc=0x00007f1255005229 sp=0x00007f126c9d08b8 mode 2
Event: 4.271 Thread 0x00007f126400a000 Uncommon trap: trap_request=0xffffffc6 fr.pc=0x00007f1255290d38
Event: 4.271 Thread 0x00007f126400a000 DEOPT PACKING pc=0x00007f1255290d38 sp=0x00007f126c9d0980
Event: 4.271 Thread 0x00007f126400a000 DEOPT UNPACKING pc=0x00007f1255005229 sp=0x00007f126c9d08b8 mode 2
Event: 4.414 Executing VM operation: EnableBiasedLocking
Event: 4.592 Executing VM operation: EnableBiasedLocking done


Dynamic libraries:
00400000-00401000 r-xp 00000000 08:03 1572315                            /opt/java/jdk1.8.0_45/bin/java
00600000-00601000 rw-p 00000000 08:03 1572315                            /opt/java/jdk1.8.0_45/bin/java
00f77000-00f98000 rw-p 00000000 00:00 0                                  [heap]
c0000000-c2980000 rw-p 00000000 00:00 0 
c2980000-eab00000 ---p 00000000 00:00 0 
eab00000-eee00000 rw-p 00000000 00:00 0 
eee00000-100000000 ---p 00000000 00:00 0 
100000000-1000a0000 rw-p 00000000 00:00 0 
1000a0000-140000000 ---p 00000000 00:00 0 
7f121c000000-7f121c021000 rw-p 00000000 00:00 0 
7f121c021000-7f1220000000 ---p 00000000 00:00 0 
7f1220000000-7f1220021000 rw-p 00000000 00:00 0 
7f1220021000-7f1224000000 ---p 00000000 00:00 0 
7f1224000000-7f1224b1d000 rw-p 00000000 00:00 0 
7f1224b1d000-7f1228000000 ---p 00000000 00:00 0 
7f1228000000-7f1228a74000 rw-p 00000000 00:00 0 
7f1228a74000-7f122c000000 ---p 00000000 00:00 0 
7f122c000000-7f122c021000 rw-p 00000000 00:00 0 
7f122c021000-7f1230000000 ---p 00000000 00:00 0 
7f1230000000-7f1230c84000 rw-p 00000000 00:00 0 
7f1230c84000-7f1234000000 ---p 00000000 00:00 0 
7f1234000000-7f1234021000 rw-p 00000000 00:00 0 
7f1234021000-7f1238000000 ---p 00000000 00:00 0 
7f1238000000-7f1238021000 rw-p 00000000 00:00 0 
7f1238021000-7f123c000000 ---p 00000000 00:00 0 
7f123c000000-7f123c021000 rw-p 00000000 00:00 0 
7f123c021000-7f1240000000 ---p 00000000 00:00 0 
7f1240000000-7f1240021000 rw-p 00000000 00:00 0 
7f1240021000-7f1244000000 ---p 00000000 00:00 0 
7f1244000000-7f1244021000 rw-p 00000000 00:00 0 
7f1244021000-7f1248000000 ---p 00000000 00:00 0 
7f1248000000-7f1248021000 rw-p 00000000 00:00 0 
7f1248021000-7f124c000000 ---p 00000000 00:00 0 
7f124c000000-7f124c021000 rw-p 00000000 00:00 0 
7f124c021000-7f1250000000 ---p 00000000 00:00 0 
7f1251767000-7f125176e000 r--s 00033000 00:19 11273411                   /home/mike/AndroidStudioProjects/Wordist/app/build/intermediates/exploded-aar/com.google.android.gms/play-services-location/7.5.0/jars/classes.jar
7f125176e000-7f125177d000 r--s 000dd000 00:19 9438599                    /home/mike/Android/Sdk/build-tools/22.0.1/lib/dx.jar
7f125177d000-7f125177e000 ---p 00000000 00:00 0 
7f125177e000-7f125187e000 rw-p 00000000 00:00 0                          [stack:15074]
7f125187e000-7f1251881000 ---p 00000000 00:00 0 
7f1251881000-7f125197f000 rw-p 00000000 00:00 0                          [stack:15073]
7f125197f000-7f1251982000 ---p 00000000 00:00 0 
7f1251982000-7f1251a80000 rw-p 00000000 00:00 0                          [stack:15072]
7f1251a80000-7f1251a83000 ---p 00000000 00:00 0 
7f1251a83000-7f1251b81000 rw-p 00000000 00:00 0                          [stack:15071]
7f1251b81000-7f1251b84000 ---p 00000000 00:00 0 
7f1251b84000-7f1251c82000 rw-p 00000000 00:00 0                          [stack:15070]
7f1251c82000-7f1251c85000 ---p 00000000 00:00 0 
7f1251c85000-7f1251d83000 rw-p 00000000 00:00 0                          [stack:15069]
7f1251d83000-7f125204c000 r--p 00000000 08:03 266989                     /usr/lib/locale/locale-archive
7f125204c000-7f125204f000 ---p 00000000 00:00 0 
7f125204f000-7f125214d000 rw-p 00000000 00:00 0                          [stack:15068]
7f125214d000-7f1252150000 ---p 00000000 00:00 0 
7f1252150000-7f125224e000 rw-p 00000000 00:00 0                          [stack:15067]
7f125224e000-7f125224f000 ---p 00000000 00:00 0 
7f125224f000-7f1255000000 rw-p 00000000 00:00 0                          [stack:15066]
7f1255000000-7f1255660000 rwxp 00000000 00:00 0 
7f1255670000-7f1264000000 ---p 00000000 00:00 0 
7f1264000000-7f1264388000 rw-p 00000000 00:00 0 
7f1264388000-7f1268000000 ---p 00000000 00:00 0 
7f1268005000-7f1268308000 rw-p 00000000 00:00 0 
7f1268308000-7f12684e1000 r--s 03d09000 08:03 1573810                    /opt/java/jdk1.8.0_45/jre/lib/rt.jar
7f12684e1000-7f1268bd7000 rw-p 00000000 00:00 0 
7f1268bd7000-7f1268d57000 ---p 00000000 00:00 0 
7f1268d57000-7f1268f57000 rw-p 00000000 00:00 0 
7f1268f57000-7f1268f58000 ---p 00000000 00:00 0 
7f1268f58000-7f1269058000 rw-p 00000000 00:00 0                          [stack:15065]
7f1269058000-7f1269059000 ---p 00000000 00:00 0 
7f1269059000-7f1269159000 rw-p 00000000 00:00 0                          [stack:15064]
7f1269159000-7f126915a000 ---p 00000000 00:00 0 
7f126915a000-7f126925a000 rw-p 00000000 00:00 0                          [stack:15063]
7f126925a000-7f126925b000 ---p 00000000 00:00 0 
7f126925b000-7f1269370000 rw-p 00000000 00:00 0                          [stack:15062]
7f1269370000-7f12694b1000 ---p 00000000 00:00 0 
7f12694b1000-7f12694c6000 rw-p 00000000 00:00 0 
7f12694c6000-7f1269606000 ---p 00000000 00:00 0 
7f1269606000-7f1269628000 rw-p 00000000 00:00 0 
7f1269628000-7f12696b1000 ---p 00000000 00:00 0 
7f12696b1000-7f12696cc000 rw-p 00000000 00:00 0 
7f12696cc000-7f1269a72000 ---p 00000000 00:00 0 
7f1269a72000-7f1269a8c000 r-xp 00000000 08:03 1574049                    /opt/java/jdk1.8.0_45/jre/lib/amd64/libzip.so
7f1269a8c000-7f1269c8c000 ---p 0001a000 08:03 1574049                    /opt/java/jdk1.8.0_45/jre/lib/amd64/libzip.so
7f1269c8c000-7f1269c8d000 rw-p 0001a000 08:03 1574049                    /opt/java/jdk1.8.0_45/jre/lib/amd64/libzip.so
7f1269c8d000-7f1269c98000 r-xp 00000000 08:03 131807                     /lib/x86_64-linux-gnu/libnss_files-2.19.so
7f1269c98000-7f1269e97000 ---p 0000b000 08:03 131807                     /lib/x86_64-linux-gnu/libnss_files-2.19.so
7f1269e97000-7f1269e98000 r--p 0000a000 08:03 131807                     /lib/x86_64-linux-gnu/libnss_files-2.19.so
7f1269e98000-7f1269e99000 rw-p 0000b000 08:03 131807                     /lib/x86_64-linux-gnu/libnss_files-2.19.so
7f1269e99000-7f1269ea4000 r-xp 00000000 08:03 131871                     /lib/x86_64-linux-gnu/libnss_nis-2.19.so
7f1269ea4000-7f126a0a3000 ---p 0000b000 08:03 131871                     /lib/x86_64-linux-gnu/libnss_nis-2.19.so
7f126a0a3000-7f126a0a4000 r--p 0000a000 08:03 131871                     /lib/x86_64-linux-gnu/libnss_nis-2.19.so
7f126a0a4000-7f126a0a5000 rw-p 0000b000 08:03 131871                     /lib/x86_64-linux-gnu/libnss_nis-2.19.so
7f126a0a5000-7f126a0bc000 r-xp 00000000 08:03 131829                     /lib/x86_64-linux-gnu/libnsl-2.19.so
7f126a0bc000-7f126a2bb000 ---p 00017000 08:03 131829                     /lib/x86_64-linux-gnu/libnsl-2.19.so
7f126a2bb000-7f126a2bc000 r--p 00016000 08:03 131829                     /lib/x86_64-linux-gnu/libnsl-2.19.so
7f126a2bc000-7f126a2bd000 rw-p 00017000 08:03 131829                     /lib/x86_64-linux-gnu/libnsl-2.19.so
7f126a2bd000-7f126a2bf000 rw-p 00000000 00:00 0 
7f126a2bf000-7f126a2c8000 r-xp 00000000 08:03 131828                     /lib/x86_64-linux-gnu/libnss_compat-2.19.so
7f126a2c8000-7f126a4c7000 ---p 00009000 08:03 131828                     /lib/x86_64-linux-gnu/libnss_compat-2.19.so
7f126a4c7000-7f126a4c8000 r--p 00008000 08:03 131828                     /lib/x86_64-linux-gnu/libnss_compat-2.19.so
7f126a4c8000-7f126a4c9000 rw-p 00009000 08:03 131828                     /lib/x86_64-linux-gnu/libnss_compat-2.19.so
7f126a4c9000-7f126a4f3000 r-xp 00000000 08:03 1574040                    /opt/java/jdk1.8.0_45/jre/lib/amd64/libjava.so
7f126a4f3000-7f126a6f3000 ---p 0002a000 08:03 1574040                    /opt/java/jdk1.8.0_45/jre/lib/amd64/libjava.so
7f126a6f3000-7f126a6f5000 rw-p 0002a000 08:03 1574040                    /opt/java/jdk1.8.0_45/jre/lib/amd64/libjava.so
7f126a6f5000-7f126a702000 r-xp 00000000 08:03 1574047                    /opt/java/jdk1.8.0_45/jre/lib/amd64/libverify.so
7f126a702000-7f126a902000 ---p 0000d000 08:03 1574047                    /opt/java/jdk1.8.0_45/jre/lib/amd64/libverify.so
7f126a902000-7f126a904000 rw-p 0000d000 08:03 1574047                    /opt/java/jdk1.8.0_45/jre/lib/amd64/libverify.so
7f126a904000-7f126a90b000 r-xp 00000000 08:03 131868                     /lib/x86_64-linux-gnu/librt-2.19.so
7f126a90b000-7f126ab0a000 ---p 00007000 08:03 131868                     /lib/x86_64-linux-gnu/librt-2.19.so
7f126ab0a000-7f126ab0b000 r--p 00006000 08:03 131868                     /lib/x86_64-linux-gnu/librt-2.19.so
7f126ab0b000-7f126ab0c000 rw-p 00007000 08:03 131868                     /lib/x86_64-linux-gnu/librt-2.19.so
7f126ab0c000-7f126ac11000 r-xp 00000000 08:03 131806                     /lib/x86_64-linux-gnu/libm-2.19.so
7f126ac11000-7f126ae10000 ---p 00105000 08:03 131806                     /lib/x86_64-linux-gnu/libm-2.19.so
7f126ae10000-7f126ae11000 r--p 00104000 08:03 131806                     /lib/x86_64-linux-gnu/libm-2.19.so
7f126ae11000-7f126ae12000 rw-p 00105000 08:03 131806                     /lib/x86_64-linux-gnu/libm-2.19.so
7f126ae12000-7f126bac0000 r-xp 00000000 08:03 1574060                    /opt/java/jdk1.8.0_45/jre/lib/amd64/server/libjvm.so
7f126bac0000-7f126bcbf000 ---p 00cae000 08:03 1574060                    /opt/java/jdk1.8.0_45/jre/lib/amd64/server/libjvm.so
7f126bcbf000-7f126bd96000 rw-p 00cad000 08:03 1574060                    /opt/java/jdk1.8.0_45/jre/lib/amd64/server/libjvm.so
7f126bd96000-7f126bdda000 rw-p 00000000 00:00 0 
7f126bdda000-7f126bf95000 r-xp 00000000 08:03 131857                     /lib/x86_64-linux-gnu/libc-2.19.so
7f126bf95000-7f126c194000 ---p 001bb000 08:03 131857                     /lib/x86_64-linux-gnu/libc-2.19.so
7f126c194000-7f126c198000 r--p 001ba000 08:03 131857                     /lib/x86_64-linux-gnu/libc-2.19.so
7f126c198000-7f126c19a000 rw-p 001be000 08:03 131857                     /lib/x86_64-linux-gnu/libc-2.19.so
7f126c19a000-7f126c19f000 rw-p 00000000 00:00 0 
7f126c19f000-7f126c1a2000 r-xp 00000000 08:03 131810                     /lib/x86_64-linux-gnu/libdl-2.19.so
7f126c1a2000-7f126c3a1000 ---p 00003000 08:03 131810                     /lib/x86_64-linux-gnu/libdl-2.19.so
7f126c3a1000-7f126c3a2000 r--p 00002000 08:03 131810                     /lib/x86_64-linux-gnu/libdl-2.19.so
7f126c3a2000-7f126c3a3000 rw-p 00003000 08:03 131810                     /lib/x86_64-linux-gnu/libdl-2.19.so
7f126c3a3000-7f126c3b8000 r-xp 00000000 08:03 1573749                    /opt/java/jdk1.8.0_45/lib/amd64/jli/libjli.so
7f126c3b8000-7f126c5b8000 ---p 00015000 08:03 1573749                    /opt/java/jdk1.8.0_45/lib/amd64/jli/libjli.so
7f126c5b8000-7f126c5b9000 rw-p 00015000 08:03 1573749                    /opt/java/jdk1.8.0_45/lib/amd64/jli/libjli.so
7f126c5b9000-7f126c5d2000 r-xp 00000000 08:03 131858                     /lib/x86_64-linux-gnu/libpthread-2.19.so
7f126c5d2000-7f126c7d1000 ---p 00019000 08:03 131858                     /lib/x86_64-linux-gnu/libpthread-2.19.so
7f126c7d1000-7f126c7d2000 r--p 00018000 08:03 131858                     /lib/x86_64-linux-gnu/libpthread-2.19.so
7f126c7d2000-7f126c7d3000 rw-p 00019000 08:03 131858                     /lib/x86_64-linux-gnu/libpthread-2.19.so
7f126c7d3000-7f126c7d7000 rw-p 00000000 00:00 0 
7f126c7d7000-7f126c7fa000 r-xp 00000000 08:03 131833                     /lib/x86_64-linux-gnu/ld-2.19.so
7f126c800000-7f126c8d2000 rw-p 00000000 00:00 0 
7f126c8d2000-7f126c8d5000 ---p 00000000 00:00 0 
7f126c8d5000-7f126c9d8000 rw-p 00000000 00:00 0                          [stack:15059]
7f126c9d8000-7f126c9d9000 r--p 00000000 08:03 672594                     /usr/share/locale-langpack/en_GB/LC_MESSAGES/libc.mo
7f126c9d9000-7f126c9ed000 rw-p 00000000 00:00 0 
7f126c9ed000-7f126c9f5000 rw-s 00000000 08:03 1574186                    /tmp/hsperfdata_mike/15057
7f126c9f5000-7f126c9f6000 rw-p 00000000 00:00 0 
7f126c9f6000-7f126c9f7000 r--p 00000000 00:00 0 
7f126c9f7000-7f126c9f9000 rw-p 00000000 00:00 0 
7f126c9f9000-7f126c9fa000 r--p 00022000 08:03 131833                     /lib/x86_64-linux-gnu/ld-2.19.so
7f126c9fa000-7f126c9fb000 rw-p 00023000 08:03 131833                     /lib/x86_64-linux-gnu/ld-2.19.so
7f126c9fb000-7f126c9fc000 rw-p 00000000 00:00 0 
7fff42f03000-7fff42f24000 rw-p 00000000 00:00 0                          [stack]
7fff42ffe000-7fff43000000 r-xp 00000000 00:00 0                          [vdso]
ffffffffff600000-ffffffffff601000 r-xp 00000000 00:00 0                  [vsyscall]

VM Arguments:
jvm_args: -Xmx1024M -Dfile.encoding=UTF-8 -Duser.country=GB -Duser.language=en -Duser.variant 
java_command: com.android.dx.command.Main --dex --output /home/mike/AndroidStudioProjects/Wordist/app/build/intermediates/pre-dexed/release/classes-49e832150bd598062b01c10b90d92c2fa4a78a7a.jar /home/mike/AndroidStudioProjects/Wordist/app/build/intermediates/exploded-aar/com.google.android.gms/play-services-location/7.5.0/jars/classes.jar
java_class_path (initial): /home/mike/Android/Sdk/build-tools/22.0.1/lib/dx.jar
Launcher Type: SUN_STANDARD

Environment Variables:
PATH=/usr/local/sbin:/usr/local/bin:/usr/sbin:/usr/bin:/sbin:/bin:/usr/games:/usr/local/games
USERNAME=mike
LD_LIBRARY_PATH=/opt/android-studio/bin:
SHELL=/bin/bash
DISPLAY=:0

Signal Handlers:
SIGSEGV: [libjvm.so+0xaad1e0], sa_mask[0]=11111111011111111101111111111110, sa_flags=SA_RESTART|SA_SIGINFO
SIGBUS: [libjvm.so+0xaad1e0], sa_mask[0]=11111111011111111101111111111110, sa_flags=SA_RESTART|SA_SIGINFO
SIGFPE: [libjvm.so+0x90b450], sa_mask[0]=11111111011111111101111111111110, sa_flags=SA_RESTART|SA_SIGINFO
SIGPIPE: [libjvm.so+0x90b450], sa_mask[0]=11111111011111111101111111111110, sa_flags=SA_RESTART|SA_SIGINFO
SIGXFSZ: [libjvm.so+0x90b450], sa_mask[0]=11111111011111111101111111111110, sa_flags=SA_RESTART|SA_SIGINFO
SIGILL: [libjvm.so+0x90b450], sa_mask[0]=11111111011111111101111111111110, sa_flags=SA_RESTART|SA_SIGINFO
SIGUSR1: SIG_DFL, sa_mask[0]=00000000000000000000000000000000, sa_flags=none
SIGUSR2: [libjvm.so+0x90ca90], sa_mask[0]=00100000000000000000000000000000, sa_flags=SA_RESTART|SA_SIGINFO
SIGHUP: [libjvm.so+0x90dde0], sa_mask[0]=11111111011111111101111111111110, sa_flags=SA_RESTART|SA_SIGINFO
SIGINT: [libjvm.so+0x90dde0], sa_mask[0]=11111111011111111101111111111110, sa_flags=SA_RESTART|SA_SIGINFO
SIGTERM: [libjvm.so+0x90dde0], sa_mask[0]=11111111011111111101111111111110, sa_flags=SA_RESTART|SA_SIGINFO
SIGQUIT: [libjvm.so+0x90dde0], sa_mask[0]=11111111011111111101111111111110, sa_flags=SA_RESTART|SA_SIGINFO


---------------  S Y S T E M  ---------------

OS:DISTRIB_ID=LinuxMint
DISTRIB_RELEASE=17.2
DISTRIB_CODENAME=rafaela
DISTRIB_DESCRIPTION="Linux Mint 17.2 Rafaela"

uname:Linux 3.13.0-37-generic #64-Ubuntu SMP Mon Sep 22 21:28:38 UTC 2014 x86_64
libc:glibc 2.19 NPTL 2.19 
rlimit: STACK 8192k, CORE 0k, NPROC 30882, NOFILE 4096, AS infinity
load average:5.75 4.25 2.58

/proc/meminfo:
MemTotal:        4048044 kB
MemFree:          829212 kB
Buffers:             464 kB
Cached:            40916 kB
SwapCached:            0 kB
Active:          2417776 kB
Inactive:          38660 kB
Active(anon):    2416972 kB
Inactive(anon):    21240 kB
Active(file):        804 kB
Inactive(file):    17420 kB
Unevictable:          72 kB
Mlocked:              72 kB
SwapTotal:             0 kB
SwapFree:              0 kB
Dirty:               220 kB
Writeback:             0 kB
AnonPages:       2417996 kB
Mapped:           505268 kB
Shmem:             22336 kB
Slab:              68700 kB
SReclaimable:      23024 kB
SUnreclaim:        45676 kB
KernelStack:        4128 kB
PageTables:        23604 kB
NFS_Unstable:          0 kB
Bounce:                0 kB
WritebackTmp:          0 kB
CommitLimit:     2024020 kB
Committed_AS:    3629780 kB
VmallocTotal:   34359738367 kB
VmallocUsed:      305648 kB
VmallocChunk:   34359427560 kB
HardwareCorrupted:     0 kB
AnonHugePages:   1466368 kB
HugePages_Total:       0
HugePages_Free:        0
HugePages_Rsvd:        0
HugePages_Surp:        0
Hugepagesize:       2048 kB
DirectMap4k:      161344 kB
DirectMap2M:     2983936 kB
DirectMap1G:     1048576 kB


CPU:total 4 (4 cores per cpu, 1 threads per core) family 16 model 4 stepping 2, cmov, cx8, fxsr, mmx, sse, sse2, sse3, popcnt, mmxext, 3dnowpref, lzcnt, sse4a, tsc, tscinvbit, tscinv

/proc/cpuinfo:
processor	: 0
vendor_id	: AuthenticAMD
cpu family	: 16
model		: 4
model name	: AMD Phenom(tm) II X4 955 Processor
stepping	: 2
microcode	: 0x1000086
cpu MHz		: 3200.000
cache size	: 512 KB
physical id	: 0
siblings	: 4
core id		: 0
cpu cores	: 4
apicid		: 0
initial apicid	: 0
fpu		: yes
fpu_exception	: yes
cpuid level	: 5
wp		: yes
flags		: fpu vme de pse tsc msr pae mce cx8 apic sep mtrr pge mca cmov pat pse36 clflush mmx fxsr sse sse2 ht syscall nx mmxext fxsr_opt pdpe1gb rdtscp lm 3dnowext 3dnow constant_tsc rep_good nopl nonstop_tsc extd_apicid pni monitor cx16 popcnt lahf_lm cmp_legacy svm extapic cr8_legacy abm sse4a misalignsse 3dnowprefetch osvw ibs skinit wdt hw_pstate npt lbrv svm_lock nrip_save
bogomips	: 6399.94
TLB size	: 1024 4K pages
clflush size	: 64
cache_alignment	: 64
address sizes	: 48 bits physical, 48 bits virtual
power management: ts ttp tm stc 100mhzsteps hwpstate

processor	: 1
vendor_id	: AuthenticAMD
cpu family	: 16
model		: 4
model name	: AMD Phenom(tm) II X4 955 Processor
stepping	: 2
microcode	: 0x1000086
cpu MHz		: 3200.000
cache size	: 512 KB
physical id	: 0
siblings	: 4
core id		: 1
cpu cores	: 4
apicid		: 1
initial apicid	: 1
fpu		: yes
fpu_exception	: yes
cpuid level	: 5
wp		: yes
flags		: fpu vme de pse tsc msr pae mce cx8 apic sep mtrr pge mca cmov pat pse36 clflush mmx fxsr sse sse2 ht syscall nx mmxext fxsr_opt pdpe1gb rdtscp lm 3dnowext 3dnow constant_tsc rep_good nopl nonstop_tsc extd_apicid pni monitor cx16 popcnt lahf_lm cmp_legacy svm extapic cr8_legacy abm sse4a misalignsse 3dnowprefetch osvw ibs skinit wdt hw_pstate npt lbrv svm_lock nrip_save
bogomips	: 6399.94
TLB size	: 1024 4K pages
clflush size	: 64
cache_alignment	: 64
address sizes	: 48 bits physical, 48 bits virtual
power management: ts ttp tm stc 100mhzsteps hwpstate

processor	: 2
vendor_id	: AuthenticAMD
cpu family	: 16
model		: 4
model name	: AMD Phenom(tm) II X4 955 Processor
stepping	: 2
microcode	: 0x1000086
cpu MHz		: 3200.000
cache size	: 512 KB
physical id	: 0
siblings	: 4
core id		: 2
cpu cores	: 4
apicid		: 2
initial apicid	: 2
fpu		: yes
fpu_exception	: yes
cpuid level	: 5
wp		: yes
flags		: fpu vme de pse tsc msr pae mce cx8 apic sep mtrr pge mca cmov pat pse36 clflush mmx fxsr sse sse2 ht syscall nx mmxext fxsr_opt pdpe1gb rdtscp lm 3dnowext 3dnow constant_tsc rep_good nopl nonstop_tsc extd_apicid pni monitor cx16 popcnt lahf_lm cmp_legacy svm extapic cr8_legacy abm sse4a misalignsse 3dnowprefetch osvw ibs skinit wdt hw_pstate npt lbrv svm_lock nrip_save
bogomips	: 6399.94
TLB size	: 1024 4K pages
clflush size	: 64
cache_alignment	: 64
address sizes	: 48 bits physical, 48 bits virtual
power management: ts ttp tm stc 100mhzsteps hwpstate

processor	: 3
vendor_id	: AuthenticAMD
cpu family	: 16
model		: 4
model name	: AMD Phenom(tm) II X4 955 Processor
stepping	: 2
microcode	: 0x1000086
cpu MHz		: 3200.000
cache size	: 512 KB
physical id	: 0
siblings	: 4
core id		: 3
cpu cores	: 4
apicid		: 3
initial apicid	: 3
fpu		: yes
fpu_exception	: yes
cpuid level	: 5
wp		: yes
flags		: fpu vme de pse tsc msr pae mce cx8 apic sep mtrr pge mca cmov pat pse36 clflush mmx fxsr sse sse2 ht syscall nx mmxext fxsr_opt pdpe1gb rdtscp lm 3dnowext 3dnow constant_tsc rep_good nopl nonstop_tsc extd_apicid pni monitor cx16 popcnt lahf_lm cmp_legacy svm extapic cr8_legacy abm sse4a misalignsse 3dnowprefetch osvw ibs skinit wdt hw_pstate npt lbrv svm_lock nrip_save
bogomips	: 6399.94
TLB size	: 1024 4K pages
clflush size	: 64
cache_alignment	: 64
address sizes	: 48 bits physical, 48 bits virtual
power management: ts ttp tm stc 100mhzsteps hwpstate



Memory: 4k page, physical 4048044k(827972k free), swap 0k(0k free)

vm_info: Java HotSpot(TM) 64-Bit Server VM (25.45-b02) for linux-amd64 JRE (1.8.0_45-b14), built on Apr 10 2015 10:07:45 by "java_re" with gcc 4.3.0 20080428 (Red Hat 4.3.0-8)

time: Thu Aug 13 01:26:12 2015
elapsed time: 9 seconds (0d 0h 0m 9s)

