#
# There is insufficient memory for the Java Runtime Environment to continue.
# Native memory allocation (mmap) failed to map 124780544 bytes for committing reserved memory.
# Possible reasons:
#   The system is out of physical RAM or swap space
#   In 32 bit mode, the process size limit was hit
# Possible solutions:
#   Reduce memory load on the system
#   Increase physical memory or swap space
#   Check if swap backing store is full
#   Use 64 bit Java on a 64 bit OS
#   Decrease Java heap size (-Xmx/-Xms)
#   Decrease number of Java threads
#   Decrease Java thread stack sizes (-Xss)
#   Set larger code cache with -XX:ReservedCodeCacheSize=
# This output file may be truncated or incomplete.
#
#  Out of Memory Error (os_linux.cpp:2673), pid=1670, tid=139965011838720
#
# JRE version: Java(TM) SE Runtime Environment (8.0_45-b14) (build 1.8.0_45-b14)
# Java VM: Java HotSpot(TM) 64-Bit Server VM (25.45-b02 mixed mode linux-amd64 compressed oops)
# Failed to write core dump. Core dumps have been disabled. To enable core dumping, try "ulimit -c unlimited" before starting Java again
#

---------------  T H R E A D  ---------------

Current thread (0x00007f4c34079800):  VMThread [stack: 0x00007f4c24bfc000,0x00007f4c24cfd000] [id=1681]

Stack: [0x00007f4c24bfc000,0x00007f4c24cfd000],  sp=0x00007f4c24cfb1e0,  free space=1020k
Native frames: (J=compiled Java code, j=interpreted, Vv=VM code, C=native code)
V  [libjvm.so+0xaac99a]  VMError::report_and_die()+0x2ba
V  [libjvm.so+0x4f333b]  report_vm_out_of_memory(char const*, int, unsigned long, VMErrorType, char const*)+0x8b
V  [libjvm.so+0x90e7c3]  os::Linux::commit_memory_impl(char*, unsigned long, bool)+0x103
V  [libjvm.so+0x90ed19]  os::pd_commit_memory(char*, unsigned long, unsigned long, bool)+0x29
V  [libjvm.so+0x90867a]  os::commit_memory(char*, unsigned long, unsigned long, bool)+0x2a
V  [libjvm.so+0x97bac3]  PSVirtualSpace::expand_by(unsigned long)+0x53
V  [libjvm.so+0x97cec8]  PSYoungGen::resize_generation(unsigned long, unsigned long)+0xf8
V  [libjvm.so+0x97c022]  PSYoungGen::resize(unsigned long, unsigned long)+0x22
V  [libjvm.so+0x9792fb]  PSScavenge::invoke_no_policy()+0xf7b
V  [libjvm.so+0x979a81]  PSScavenge::invoke()+0x41
V  [libjvm.so+0x932050]  ParallelScavengeHeap::failed_mem_allocate(unsigned long)+0x70
V  [libjvm.so+0xaae1d7]  VM_ParallelGCFailedAllocation::doit()+0x97
V  [libjvm.so+0xab59c5]  VM_Operation::evaluate()+0x55
V  [libjvm.so+0xab3d9a]  VMThread::evaluate_operation(VM_Operation*)+0xba
V  [libjvm.so+0xab411e]  VMThread::loop()+0x1ce
V  [libjvm.so+0xab4590]  VMThread::run()+0x70
V  [libjvm.so+0x910de8]  java_start(Thread*)+0x108

VM_Operation (0x00007f4c3d42e390): ParallelGCFailedAllocation, mode: safepoint, requested by thread 0x00007f4c3400b800


---------------  P R O C E S S  ---------------

Java Threads: ( => current thread )
  0x00007f4c340c4000 JavaThread "Service Thread" daemon [_thread_blocked, id=1688, stack(0x00007f4c2422c000,0x00007f4c2432d000)]
  0x00007f4c340bf000 JavaThread "C1 CompilerThread2" daemon [_thread_blocked, id=1687, stack(0x00007f4c2432d000,0x00007f4c2442e000)]
  0x00007f4c340bd000 JavaThread "C2 CompilerThread1" daemon [_thread_blocked, id=1686, stack(0x00007f4c2442e000,0x00007f4c2452f000)]
  0x00007f4c340ba800 JavaThread "C2 CompilerThread0" daemon [_thread_in_native, id=1685, stack(0x00007f4c2452f000,0x00007f4c24630000)]
  0x00007f4c340b9000 JavaThread "Signal Dispatcher" daemon [_thread_blocked, id=1684, stack(0x00007f4c24630000,0x00007f4c24731000)]
  0x00007f4c34080800 JavaThread "Finalizer" daemon [_thread_blocked, id=1683, stack(0x00007f4c249fa000,0x00007f4c24afb000)]
  0x00007f4c3407e800 JavaThread "Reference Handler" daemon [_thread_blocked, id=1682, stack(0x00007f4c24afb000,0x00007f4c24bfc000)]
  0x00007f4c3400b800 JavaThread "main" [_thread_blocked, id=1676, stack(0x00007f4c3d32f000,0x00007f4c3d430000)]

Other Threads:
=>0x00007f4c34079800 VMThread [stack: 0x00007f4c24bfc000,0x00007f4c24cfd000] [id=1681]
  0x00007f4c340c6800 WatcherThread [stack: 0x00007f4c2412b000,0x00007f4c2422c000] [id=1689]

VM state:at safepoint (normal execution)

VM Mutex/Monitor currently owned by a thread:  ([mutex/lock_event])
[0x00007f4c34008010] Threads_lock - owner thread: 0x00007f4c34079800
[0x00007f4c34008510] Heap_lock - owner thread: 0x00007f4c3400b800

Heap:
 PSYoungGen      total 137216K, used 11225K [0x00000000eab00000, 0x00000000f4200000, 0x0000000100000000)
  eden space 123392K, 0% used [0x00000000eab00000,0x00000000eab00000,0x00000000f2380000)
  from space 13824K, 81% used [0x00000000f2380000,0x00000000f2e76428,0x00000000f3100000)
  to   space 10240K, 0% used [0x00000000f3100000,0x00000000f3100000,0x00000000f3b00000)
 ParOldGen       total 42496K, used 28001K [0x00000000c0000000, 0x00000000c2980000, 0x00000000eab00000)
  object space 42496K, 65% used [0x00000000c0000000,0x00000000c1b586f8,0x00000000c2980000)
 Metaspace       used 7800K, capacity 8030K, committed 8320K, reserved 1056768K
  class space    used 754K, capacity 785K, committed 896K, reserved 1048576K

Card table byte_map: [0x00007f4c39f0e000,0x00007f4c3a10f000] byte_map_base: 0x00007f4c3990e000

Marking Bits: (ParMarkBitMap*) 0x00007f4c3c80c760
 Begin Bits: [0x00007f4c1e000000, 0x00007f4c1f000000)
 End Bits:   [0x00007f4c1f000000, 0x00007f4c20000000)

Polling page: 0x00007f4c3d453000

CodeCache: size=245760Kb used=8879Kb max_used=8879Kb free=236880Kb
 bounds [0x00007f4c25000000, 0x00007f4c258c0000, 0x00007f4c34000000]
 total_blobs=2787 nmethods=2491 adapters=210
 compilation: enabled

Compilation events (10 events):
Event: 2.403 Thread 0x00007f4c340bf000 2514       2       java.util.HashMap::putVal (300 bytes)
Event: 2.408 Thread 0x00007f4c340bf000 nmethod 2514 0x00007f4c258b1790 code [0x00007f4c258b19a0, 0x00007f4c258b2098]
Event: 2.408 Thread 0x00007f4c340bf000 2515 %     3       com.android.dex.EncodedValueCodec::readUnsignedInt @ 9 (86 bytes)
Event: 2.409 Thread 0x00007f4c340bf000 nmethod 2515% 0x00007f4c258b26d0 code [0x00007f4c258b2880, 0x00007f4c258b2d98]
Event: 2.410 Thread 0x00007f4c340bf000 2516       2       com.android.dx.merge.DexMerger::transformAnnotationSetRefList (82 bytes)
Event: 2.411 Thread 0x00007f4c340bf000 nmethod 2516 0x00007f4c258b2f50 code [0x00007f4c258b3180, 0x00007f4c258b3788]
Event: 2.411 Thread 0x00007f4c340bf000 2517       2       com.android.dx.merge.IndexMap::putAnnotationSetRefListOffset (33 bytes)
Event: 2.412 Thread 0x00007f4c340bf000 nmethod 2517 0x00007f4c258b3e90 code [0x00007f4c258b4040, 0x00007f4c258b4448]
Event: 2.477 Thread 0x00007f4c340bf000 2518       2       com.android.dex.Dex$Section::used (13 bytes)
Event: 2.477 Thread 0x00007f4c340bf000 nmethod 2518 0x00007f4c258b4750 code [0x00007f4c258b48a0, 0x00007f4c258b49f0]

GC Heap History (10 events):
Event: 0.962 GC heap after
Heap after GC invocations=2 (full 0):
 PSYoungGen      total 34304K, used 2548K [0x00000000eab00000, 0x00000000ecf00000, 0x0000000100000000)
  eden space 31744K, 0% used [0x00000000eab00000,0x00000000eab00000,0x00000000eca00000)
  from space 2560K, 99% used [0x00000000ecc80000,0x00000000ecefd1c0,0x00000000ecf00000)
  to   space 2560K, 0% used [0x00000000eca00000,0x00000000eca00000,0x00000000ecc80000)
 ParOldGen       total 42496K, used 5843K [0x00000000c0000000, 0x00000000c2980000, 0x00000000eab00000)
  object space 42496K, 13% used [0x00000000c0000000,0x00000000c05b4ed0,0x00000000c2980000)
 Metaspace       used 5593K, capacity 6896K, committed 7040K, reserved 1056768K
  class space    used 539K, capacity 616K, committed 640K, reserved 1048576K
}
Event: 1.246 GC heap before
{Heap before GC invocations=3 (full 0):
 PSYoungGen      total 34304K, used 34292K [0x00000000eab00000, 0x00000000ecf00000, 0x0000000100000000)
  eden space 31744K, 100% used [0x00000000eab00000,0x00000000eca00000,0x00000000eca00000)
  from space 2560K, 99% used [0x00000000ecc80000,0x00000000ecefd1c0,0x00000000ecf00000)
  to   space 2560K, 0% used [0x00000000eca00000,0x00000000eca00000,0x00000000ecc80000)
 ParOldGen       total 42496K, used 5843K [0x00000000c0000000, 0x00000000c2980000, 0x00000000eab00000)
  object space 42496K, 13% used [0x00000000c0000000,0x00000000c05b4ed0,0x00000000c2980000)
 Metaspace       used 5941K, capacity 7152K, committed 7296K, reserved 1056768K
  class space    used 562K, capacity 616K, committed 640K, reserved 1048576K
Event: 1.255 GC heap after
Heap after GC invocations=3 (full 0):
 PSYoungGen      total 34304K, used 2548K [0x00000000eab00000, 0x00000000eee00000, 0x0000000100000000)
  eden space 31744K, 0% used [0x00000000eab00000,0x00000000eab00000,0x00000000eca00000)
  from space 2560K, 99% used [0x00000000eca00000,0x00000000ecc7d1d0,0x00000000ecc80000)
  to   space 2560K, 0% used [0x00000000eeb80000,0x00000000eeb80000,0x00000000eee00000)
 ParOldGen       total 42496K, used 13396K [0x00000000c0000000, 0x00000000c2980000, 0x00000000eab00000)
  object space 42496K, 31% used [0x00000000c0000000,0x00000000c0d15398,0x00000000c2980000)
 Metaspace       used 5941K, capacity 7152K, committed 7296K, reserved 1056768K
  class space    used 562K, capacity 616K, committed 640K, reserved 1048576K
}
Event: 1.694 GC heap before
{Heap before GC invocations=4 (full 0):
 PSYoungGen      total 34304K, used 34292K [0x00000000eab00000, 0x00000000eee00000, 0x0000000100000000)
  eden space 31744K, 100% used [0x00000000eab00000,0x00000000eca00000,0x00000000eca00000)
  from space 2560K, 99% used [0x00000000eca00000,0x00000000ecc7d1d0,0x00000000ecc80000)
  to   space 2560K, 0% used [0x00000000eeb80000,0x00000000eeb80000,0x00000000eee00000)
 ParOldGen       total 42496K, used 13396K [0x00000000c0000000, 0x00000000c2980000, 0x00000000eab00000)
  object space 42496K, 31% used [0x00000000c0000000,0x00000000c0d15398,0x00000000c2980000)
 Metaspace       used 7652K, capacity 7928K, committed 8192K, reserved 1056768K
  class space    used 744K, capacity 752K, committed 768K, reserved 1048576K
Event: 1.703 GC heap after
Heap after GC invocations=4 (full 0):
 PSYoungGen      total 66048K, used 2534K [0x00000000eab00000, 0x00000000eee00000, 0x0000000100000000)
  eden space 63488K, 0% used [0x00000000eab00000,0x00000000eab00000,0x00000000ee900000)
  from space 2560K, 98% used [0x00000000eeb80000,0x00000000eedf9878,0x00000000eee00000)
  to   space 2560K, 0% used [0x00000000ee900000,0x00000000ee900000,0x00000000eeb80000)
 ParOldGen       total 42496K, used 15800K [0x00000000c0000000, 0x00000000c2980000, 0x00000000eab00000)
  object space 42496K, 37% used [0x00000000c0000000,0x00000000c0f6e178,0x00000000c2980000)
 Metaspace       used 7652K, capacity 7928K, committed 8192K, reserved 1056768K
  class space    used 744K, capacity 752K, committed 768K, reserved 1048576K
}
Event: 1.964 GC heap before
{Heap before GC invocations=5 (full 0):
 PSYoungGen      total 66048K, used 64015K [0x00000000eab00000, 0x00000000eee00000, 0x0000000100000000)
  eden space 63488K, 96% used [0x00000000eab00000,0x00000000ee70a458,0x00000000ee900000)
  from space 2560K, 98% used [0x00000000eeb80000,0x00000000eedf9878,0x00000000eee00000)
  to   space 2560K, 0% used [0x00000000ee900000,0x00000000ee900000,0x00000000eeb80000)
 ParOldGen       total 42496K, used 15800K [0x00000000c0000000, 0x00000000c2980000, 0x00000000eab00000)
  object space 42496K, 37% used [0x00000000c0000000,0x00000000c0f6e178,0x00000000c2980000)
 Metaspace       used 7781K, capacity 8030K, committed 8320K, reserved 1056768K
  class space    used 754K, capacity 785K, committed 896K, reserved 1048576K
Event: 1.974 GC heap after
Heap after GC invocations=5 (full 0):
 PSYoungGen      total 66048K, used 2548K [0x00000000eab00000, 0x00000000f3b00000, 0x0000000100000000)
  eden space 63488K, 0% used [0x00000000eab00000,0x00000000eab00000,0x00000000ee900000)
  from space 2560K, 99% used [0x00000000ee900000,0x00000000eeb7d1d0,0x00000000eeb80000)
  to   space 10240K, 0% used [0x00000000f3100000,0x00000000f3100000,0x00000000f3b00000)
 ParOldGen       total 42496K, used 18587K [0x00000000c0000000, 0x00000000c2980000, 0x00000000eab00000)
  object space 42496K, 43% used [0x00000000c0000000,0x00000000c1226c68,0x00000000c2980000)
 Metaspace       used 7781K, capacity 8030K, committed 8320K, reserved 1056768K
  class space    used 754K, capacity 785K, committed 896K, reserved 1048576K
}
Event: 2.126 GC heap before
{Heap before GC invocations=6 (full 0):
 PSYoungGen      total 66048K, used 66036K [0x00000000eab00000, 0x00000000f3b00000, 0x0000000100000000)
  eden space 63488K, 100% used [0x00000000eab00000,0x00000000ee900000,0x00000000ee900000)
  from space 2560K, 99% used [0x00000000ee900000,0x00000000eeb7d1d0,0x00000000eeb80000)
  to   space 10240K, 0% used [0x00000000f3100000,0x00000000f3100000,0x00000000f3b00000)
 ParOldGen       total 42496K, used 18587K [0x00000000c0000000, 0x00000000c2980000, 0x00000000eab00000)
  object space 42496K, 43% used [0x00000000c0000000,0x00000000c1226c68,0x00000000c2980000)
 Metaspace       used 7794K, capacity 8030K, committed 8320K, reserved 1056768K
  class space    used 754K, capacity 785K, committed 896K, reserved 1048576K
Event: 2.179 GC heap after
Heap after GC invocations=6 (full 0):
 PSYoungGen      total 133632K, used 10226K [0x00000000eab00000, 0x00000000f4200000, 0x0000000100000000)
  eden space 123392K, 0% used [0x00000000eab00000,0x00000000eab00000,0x00000000f2380000)
  from space 10240K, 99% used [0x00000000f3100000,0x00000000f3afcb40,0x00000000f3b00000)
  to   space 13824K, 0% used [0x00000000f2380000,0x00000000f2380000,0x00000000f3100000)
 ParOldGen       total 42496K, used 22024K [0x00000000c0000000, 0x00000000c2980000, 0x00000000eab00000)
  object space 42496K, 51% used [0x00000000c0000000,0x00000000c15820f0,0x00000000c2980000)
 Metaspace       used 7794K, capacity 8030K, committed 8320K, reserved 1056768K
  class space    used 754K, capacity 785K, committed 896K, reserved 1048576K
}
Event: 2.496 GC heap before
{Heap before GC invocations=7 (full 0):
 PSYoungGen      total 133632K, used 133618K [0x00000000eab00000, 0x00000000f4200000, 0x0000000100000000)
  eden space 123392K, 100% used [0x00000000eab00000,0x00000000f2380000,0x00000000f2380000)
  from space 10240K, 99% used [0x00000000f3100000,0x00000000f3afcb40,0x00000000f3b00000)
  to   space 13824K, 0% used [0x00000000f2380000,0x00000000f2380000,0x00000000f3100000)
 ParOldGen       total 42496K, used 22024K [0x00000000c0000000, 0x00000000c2980000, 0x00000000eab00000)
  object space 42496K, 51% used [0x00000000c0000000,0x00000000c15820f0,0x00000000c2980000)
 Metaspace       used 7800K, capacity 8030K, committed 8320K, reserved 1056768K
  class space    used 754K, capacity 785K, committed 896K, reserved 1048576K

Deoptimization events (10 events):
Event: 1.421 Thread 0x00007f4c3400b800 Uncommon trap: reason=unstable_if action=reinterpret pc=0x00007f4c2553e2d0 method=java.util.HashMap.getNode(ILjava/lang/Object;)Ljava/util/HashMap$Node; @ 84
Event: 1.442 Thread 0x00007f4c3400b800 Uncommon trap: reason=unstable_if action=reinterpret pc=0x00007f4c255832ec method=java.util.HashMap.getNode(ILjava/lang/Object;)Ljava/util/HashMap$Node; @ 84
Event: 1.484 Thread 0x00007f4c3400b800 Uncommon trap: reason=unstable_if action=reinterpret pc=0x00007f4c256d9f78 method=sun.misc.MetaIndex.mayContain(Ljava/lang/String;)Z @ 13
Event: 1.486 Thread 0x00007f4c3400b800 Uncommon trap: reason=class_check action=maybe_recompile pc=0x00007f4c25558368 method=java.util.ArrayList.<init>(Ljava/util/Collection;)V @ 6
Event: 1.490 Thread 0x00007f4c3400b800 Uncommon trap: reason=class_check action=maybe_recompile pc=0x00007f4c25558368 method=java.util.ArrayList.<init>(Ljava/util/Collection;)V @ 6
Event: 1.511 Thread 0x00007f4c3400b800 Uncommon trap: reason=predicate action=maybe_recompile pc=0x00007f4c25753a7c method=com.android.dex.Leb128.readUnsignedLeb128(Lcom/android/dex/util/ByteInput;)I @ 41
Event: 1.525 Thread 0x00007f4c3400b800 Uncommon trap: reason=unstable_if action=reinterpret pc=0x00007f4c25703e14 method=com.android.dx.merge.IndexMap.adjustString(I)I @ 2
Event: 1.599 Thread 0x00007f4c3400b800 Uncommon trap: reason=unstable_if action=reinterpret pc=0x00007f4c25778aa0 method=com.android.dex.FieldId.compareTo(Lcom/android/dex/FieldId;)I @ 8
Event: 2.103 Thread 0x00007f4c3400b800 Uncommon trap: reason=unstable_if action=reinterpret pc=0x00007f4c2582ffe8 method=com.android.dex.EncodedValueCodec.readUnsignedInt(Lcom/android/dex/util/ByteInput;IZ)I @ 3
Event: 2.397 Thread 0x00007f4c3400b800 Uncommon trap: reason=unstable_if action=reinterpret pc=0x00007f4c2586016c method=java.util.HashMap$TreeNode.balanceInsertion(Ljava/util/HashMap$TreeNode;Ljava/util/HashMap$TreeNode;)Ljava/util/HashMap$TreeNode; @ 189

Internal exceptions (7 events):
Event: 0.060 Thread 0x00007f4c3400b800 Exception <a 'java/lang/NoSuchMethodError': Method sun.misc.Unsafe.defineClass(Ljava/lang/String;[BII)Ljava/lang/Class; name or signature does not match> (0x00000000eab12a38) thrown at [/RE-WORK/workspace/8-2-build-linux-amd64/jdk8u45/3457/hotspot/src/sha
Event: 0.060 Thread 0x00007f4c3400b800 Exception <a 'java/lang/NoSuchMethodError': Method sun.misc.Unsafe.prefetchRead(Ljava/lang/Object;J)V name or signature does not match> (0x00000000eab12cc8) thrown at [/RE-WORK/workspace/8-2-build-linux-amd64/jdk8u45/3457/hotspot/src/share/vm/prims/jni.cp
Event: 0.999 Thread 0x00007f4c3400b800 Implicit null exception at 0x00007f4c25545a62 to 0x00007f4c25545b02
Event: 1.484 Thread 0x00007f4c3400b800 Exception <a 'java/security/PrivilegedActionException'> (0x00000000eb07ed30) thrown at [/RE-WORK/workspace/8-2-build-linux-amd64/jdk8u45/3457/hotspot/src/share/vm/prims/jvm.cpp, line 1382]
Event: 1.484 Thread 0x00007f4c3400b800 Exception <a 'java/security/PrivilegedActionException'> (0x00000000eb07f078) thrown at [/RE-WORK/workspace/8-2-build-linux-amd64/jdk8u45/3457/hotspot/src/share/vm/prims/jvm.cpp, line 1382]
Event: 1.485 Thread 0x00007f4c3400b800 Exception <a 'java/security/PrivilegedActionException'> (0x00000000eb081528) thrown at [/RE-WORK/workspace/8-2-build-linux-amd64/jdk8u45/3457/hotspot/src/share/vm/prims/jvm.cpp, line 1382]
Event: 1.485 Thread 0x00007f4c3400b800 Exception <a 'java/security/PrivilegedActionException'> (0x00000000eb081870) thrown at [/RE-WORK/workspace/8-2-build-linux-amd64/jdk8u45/3457/hotspot/src/share/vm/prims/jvm.cpp, line 1382]

Events (10 events):
Event: 2.103 Thread 0x00007f4c3400b800 DEOPT PACKING pc=0x00007f4c2582ffe8 sp=0x00007f4c3d42e2a0
Event: 2.103 Thread 0x00007f4c3400b800 DEOPT UNPACKING pc=0x00007f4c25005229 sp=0x00007f4c3d42e278 mode 2
Event: 2.126 Executing VM operation: ParallelGCFailedAllocation
Event: 2.179 Executing VM operation: ParallelGCFailedAllocation done
Event: 2.333 Thread 0x00007f4c3400b800 DEOPT PACKING pc=0x00007f4c257923c8 sp=0x00007f4c3d42e3b0
Event: 2.333 Thread 0x00007f4c3400b800 DEOPT UNPACKING pc=0x00007f4c25047233 sp=0x00007f4c3d42e0c8 mode 0
Event: 2.397 Thread 0x00007f4c3400b800 Uncommon trap: trap_request=0xffffff65 fr.pc=0x00007f4c2586016c
Event: 2.397 Thread 0x00007f4c3400b800 DEOPT PACKING pc=0x00007f4c2586016c sp=0x00007f4c3d42e390
Event: 2.397 Thread 0x00007f4c3400b800 DEOPT UNPACKING pc=0x00007f4c25005229 sp=0x00007f4c3d42e188 mode 2
Event: 2.496 Executing VM operation: ParallelGCFailedAllocation


Dynamic libraries:
00400000-00401000 r-xp 00000000 08:03 1572315                            /opt/java/jdk1.8.0_45/bin/java
00600000-00601000 rw-p 00000000 08:03 1572315                            /opt/java/jdk1.8.0_45/bin/java
01d1c000-01d3d000 rw-p 00000000 00:00 0                                  [heap]
c0000000-c2980000 rw-p 00000000 00:00 0 
c2980000-eab00000 ---p 00000000 00:00 0 
eab00000-f4200000 rw-p 00000000 00:00 0 
fb900000-100000000 ---p 00000000 00:00 0 
100000000-1000e0000 rw-p 00000000 00:00 0 
1000e0000-140000000 ---p 00000000 00:00 0 
7f4be8000000-7f4be8021000 rw-p 00000000 00:00 0 
7f4be8021000-7f4bec000000 ---p 00000000 00:00 0 
7f4bec000000-7f4bec021000 rw-p 00000000 00:00 0 
7f4bec021000-7f4bf0000000 ---p 00000000 00:00 0 
7f4bf0000000-7f4bf0b51000 rw-p 00000000 00:00 0 
7f4bf0b51000-7f4bf4000000 ---p 00000000 00:00 0 
7f4bf4000000-7f4bf47fc000 rw-p 00000000 00:00 0 
7f4bf47fc000-7f4bf8000000 ---p 00000000 00:00 0 
7f4bf8000000-7f4bf8021000 rw-p 00000000 00:00 0 
7f4bf8021000-7f4bfc000000 ---p 00000000 00:00 0 
7f4bfc000000-7f4bfd25e000 rw-p 00000000 00:00 0 
7f4bfd25e000-7f4c00000000 ---p 00000000 00:00 0 
7f4c00000000-7f4c00021000 rw-p 00000000 00:00 0 
7f4c00021000-7f4c04000000 ---p 00000000 00:00 0 
7f4c04000000-7f4c04021000 rw-p 00000000 00:00 0 
7f4c04021000-7f4c08000000 ---p 00000000 00:00 0 
7f4c08000000-7f4c08021000 rw-p 00000000 00:00 0 
7f4c08021000-7f4c0c000000 ---p 00000000 00:00 0 
7f4c0c000000-7f4c0c292000 rw-p 00000000 00:00 0 
7f4c0c292000-7f4c10000000 ---p 00000000 00:00 0 
7f4c10000000-7f4c10021000 rw-p 00000000 00:00 0 
7f4c10021000-7f4c14000000 ---p 00000000 00:00 0 
7f4c18000000-7f4c18021000 rw-p 00000000 00:00 0 
7f4c18021000-7f4c1c000000 ---p 00000000 00:00 0 
7f4c1e000000-7f4c20000000 rw-p 00000000 00:00 0 
7f4c20000000-7f4c20021000 rw-p 00000000 00:00 0 
7f4c20021000-7f4c24000000 ---p 00000000 00:00 0 
7f4c2412b000-7f4c2412c000 ---p 00000000 00:00 0 
7f4c2412c000-7f4c2422c000 rw-p 00000000 00:00 0                          [stack:1689]
7f4c2422c000-7f4c2422f000 ---p 00000000 00:00 0 
7f4c2422f000-7f4c2432d000 rw-p 00000000 00:00 0                          [stack:1688]
7f4c2432d000-7f4c24330000 ---p 00000000 00:00 0 
7f4c24330000-7f4c2442e000 rw-p 00000000 00:00 0                          [stack:1687]
7f4c2442e000-7f4c24431000 ---p 00000000 00:00 0 
7f4c24431000-7f4c2452f000 rw-p 00000000 00:00 0                          [stack:1686]
7f4c2452f000-7f4c24532000 ---p 00000000 00:00 0 
7f4c24532000-7f4c24630000 rw-p 00000000 00:00 0                          [stack:1685]
7f4c24630000-7f4c24633000 ---p 00000000 00:00 0 
7f4c24633000-7f4c24731000 rw-p 00000000 00:00 0                          [stack:1684]
7f4c24731000-7f4c249fa000 r--p 00000000 08:03 266989                     /usr/lib/locale/locale-archive
7f4c249fa000-7f4c249fd000 ---p 00000000 00:00 0 
7f4c249fd000-7f4c24afb000 rw-p 00000000 00:00 0                          [stack:1683]
7f4c24afb000-7f4c24afe000 ---p 00000000 00:00 0 
7f4c24afe000-7f4c24bfc000 rw-p 00000000 00:00 0                          [stack:1682]
7f4c24bfc000-7f4c24bfd000 ---p 00000000 00:00 0 
7f4c24bfd000-7f4c25000000 rw-p 00000000 00:00 0                          [stack:1681]
7f4c25000000-7f4c258c0000 rwxp 00000000 00:00 0 
7f4c258c0000-7f4c34000000 ---p 00000000 00:00 0 
7f4c34000000-7f4c343d2000 rw-p 00000000 00:00 0 
7f4c343d2000-7f4c38000000 ---p 00000000 00:00 0 
7f4c3807e000-7f4c38089000 r--s 00116000 08:03 1574017                    /opt/java/jdk1.8.0_45/jre/lib/ext/localedata.jar
7f4c38089000-7f4c380a5000 r--s 00393000 08:03 1574015                    /opt/java/jdk1.8.0_45/jre/lib/ext/cldrdata.jar
7f4c380a5000-7f4c380b4000 r--s 000dd000 00:19 9438599                    /home/mike/Android/Sdk/build-tools/22.0.1/lib/dx.jar
7f4c380b4000-7f4c38d65000 rw-p 00000000 00:00 0 
7f4c38d65000-7f4c38f3e000 r--s 03d09000 08:03 1573810                    /opt/java/jdk1.8.0_45/jre/lib/rt.jar
7f4c38f3e000-7f4c396f4000 rw-p 00000000 00:00 0 
7f4c396f4000-7f4c397b4000 ---p 00000000 00:00 0 
7f4c397b4000-7f4c399b4000 rw-p 00000000 00:00 0 
7f4c399b4000-7f4c399b5000 ---p 00000000 00:00 0 
7f4c399b5000-7f4c39ab5000 rw-p 00000000 00:00 0                          [stack:1680]
7f4c39ab5000-7f4c39ab6000 ---p 00000000 00:00 0 
7f4c39ab6000-7f4c39bb6000 rw-p 00000000 00:00 0                          [stack:1679]
7f4c39bb6000-7f4c39bb7000 ---p 00000000 00:00 0 
7f4c39bb7000-7f4c39cb7000 rw-p 00000000 00:00 0                          [stack:1678]
7f4c39cb7000-7f4c39cb8000 ---p 00000000 00:00 0 
7f4c39cb8000-7f4c39dcd000 rw-p 00000000 00:00 0                          [stack:1677]
7f4c39dcd000-7f4c39f0e000 ---p 00000000 00:00 0 
7f4c39f0e000-7f4c39f23000 rw-p 00000000 00:00 0 
7f4c39f23000-7f4c3a063000 ---p 00000000 00:00 0 
7f4c3a063000-7f4c3a0af000 rw-p 00000000 00:00 0 
7f4c3a0af000-7f4c3a10e000 ---p 00000000 00:00 0 
7f4c3a10e000-7f4c3a132000 rw-p 00000000 00:00 0 
7f4c3a132000-7f4c3a4cf000 ---p 00000000 00:00 0 
7f4c3a4cf000-7f4c3a4e9000 r-xp 00000000 08:03 1574049                    /opt/java/jdk1.8.0_45/jre/lib/amd64/libzip.so
7f4c3a4e9000-7f4c3a6e9000 ---p 0001a000 08:03 1574049                    /opt/java/jdk1.8.0_45/jre/lib/amd64/libzip.so
7f4c3a6e9000-7f4c3a6ea000 rw-p 0001a000 08:03 1574049                    /opt/java/jdk1.8.0_45/jre/lib/amd64/libzip.so
7f4c3a6ea000-7f4c3a6f5000 r-xp 00000000 08:03 131807                     /lib/x86_64-linux-gnu/libnss_files-2.19.so
7f4c3a6f5000-7f4c3a8f4000 ---p 0000b000 08:03 131807                     /lib/x86_64-linux-gnu/libnss_files-2.19.so
7f4c3a8f4000-7f4c3a8f5000 r--p 0000a000 08:03 131807                     /lib/x86_64-linux-gnu/libnss_files-2.19.so
7f4c3a8f5000-7f4c3a8f6000 rw-p 0000b000 08:03 131807                     /lib/x86_64-linux-gnu/libnss_files-2.19.so
7f4c3a8f6000-7f4c3a901000 r-xp 00000000 08:03 131871                     /lib/x86_64-linux-gnu/libnss_nis-2.19.so
7f4c3a901000-7f4c3ab00000 ---p 0000b000 08:03 131871                     /lib/x86_64-linux-gnu/libnss_nis-2.19.so
7f4c3ab00000-7f4c3ab01000 r--p 0000a000 08:03 131871                     /lib/x86_64-linux-gnu/libnss_nis-2.19.so
7f4c3ab01000-7f4c3ab02000 rw-p 0000b000 08:03 131871                     /lib/x86_64-linux-gnu/libnss_nis-2.19.so
7f4c3ab02000-7f4c3ab19000 r-xp 00000000 08:03 131829                     /lib/x86_64-linux-gnu/libnsl-2.19.so
7f4c3ab19000-7f4c3ad18000 ---p 00017000 08:03 131829                     /lib/x86_64-linux-gnu/libnsl-2.19.so
7f4c3ad18000-7f4c3ad19000 r--p 00016000 08:03 131829                     /lib/x86_64-linux-gnu/libnsl-2.19.so
7f4c3ad19000-7f4c3ad1a000 rw-p 00017000 08:03 131829                     /lib/x86_64-linux-gnu/libnsl-2.19.so
7f4c3ad1a000-7f4c3ad1c000 rw-p 00000000 00:00 0 
7f4c3ad1c000-7f4c3ad25000 r-xp 00000000 08:03 131828                     /lib/x86_64-linux-gnu/libnss_compat-2.19.so
7f4c3ad25000-7f4c3af24000 ---p 00009000 08:03 131828                     /lib/x86_64-linux-gnu/libnss_compat-2.19.so
7f4c3af24000-7f4c3af25000 r--p 00008000 08:03 131828                     /lib/x86_64-linux-gnu/libnss_compat-2.19.so
7f4c3af25000-7f4c3af26000 rw-p 00009000 08:03 131828                     /lib/x86_64-linux-gnu/libnss_compat-2.19.so
7f4c3af26000-7f4c3af50000 r-xp 00000000 08:03 1574040                    /opt/java/jdk1.8.0_45/jre/lib/amd64/libjava.so
7f4c3af50000-7f4c3b150000 ---p 0002a000 08:03 1574040                    /opt/java/jdk1.8.0_45/jre/lib/amd64/libjava.so
7f4c3b150000-7f4c3b152000 rw-p 0002a000 08:03 1574040                    /opt/java/jdk1.8.0_45/jre/lib/amd64/libjava.so
7f4c3b152000-7f4c3b15f000 r-xp 00000000 08:03 1574047                    /opt/java/jdk1.8.0_45/jre/lib/amd64/libverify.so
7f4c3b15f000-7f4c3b35f000 ---p 0000d000 08:03 1574047                    /opt/java/jdk1.8.0_45/jre/lib/amd64/libverify.so
7f4c3b35f000-7f4c3b361000 rw-p 0000d000 08:03 1574047                    /opt/java/jdk1.8.0_45/jre/lib/amd64/libverify.so
7f4c3b361000-7f4c3b368000 r-xp 00000000 08:03 131868                     /lib/x86_64-linux-gnu/librt-2.19.so
7f4c3b368000-7f4c3b567000 ---p 00007000 08:03 131868                     /lib/x86_64-linux-gnu/librt-2.19.so
7f4c3b567000-7f4c3b568000 r--p 00006000 08:03 131868                     /lib/x86_64-linux-gnu/librt-2.19.so
7f4c3b568000-7f4c3b569000 rw-p 00007000 08:03 131868                     /lib/x86_64-linux-gnu/librt-2.19.so
7f4c3b569000-7f4c3b66e000 r-xp 00000000 08:03 131806                     /lib/x86_64-linux-gnu/libm-2.19.so
7f4c3b66e000-7f4c3b86d000 ---p 00105000 08:03 131806                     /lib/x86_64-linux-gnu/libm-2.19.so
7f4c3b86d000-7f4c3b86e000 r--p 00104000 08:03 131806                     /lib/x86_64-linux-gnu/libm-2.19.so
7f4c3b86e000-7f4c3b86f000 rw-p 00105000 08:03 131806                     /lib/x86_64-linux-gnu/libm-2.19.so
7f4c3b86f000-7f4c3c51d000 r-xp 00000000 08:03 1574060                    /opt/java/jdk1.8.0_45/jre/lib/amd64/server/libjvm.so
7f4c3c51d000-7f4c3c71c000 ---p 00cae000 08:03 1574060                    /opt/java/jdk1.8.0_45/jre/lib/amd64/server/libjvm.so
7f4c3c71c000-7f4c3c7f3000 rw-p 00cad000 08:03 1574060                    /opt/java/jdk1.8.0_45/jre/lib/amd64/server/libjvm.so
7f4c3c7f3000-7f4c3c837000 rw-p 00000000 00:00 0 
7f4c3c837000-7f4c3c9f2000 r-xp 00000000 08:03 131857                     /lib/x86_64-linux-gnu/libc-2.19.so
7f4c3c9f2000-7f4c3cbf1000 ---p 001bb000 08:03 131857                     /lib/x86_64-linux-gnu/libc-2.19.so
7f4c3cbf1000-7f4c3cbf5000 r--p 001ba000 08:03 131857                     /lib/x86_64-linux-gnu/libc-2.19.so
7f4c3cbf5000-7f4c3cbf7000 rw-p 001be000 08:03 131857                     /lib/x86_64-linux-gnu/libc-2.19.so
7f4c3cbf7000-7f4c3cbfc000 rw-p 00000000 00:00 0 
7f4c3cbfc000-7f4c3cbff000 r-xp 00000000 08:03 131810                     /lib/x86_64-linux-gnu/libdl-2.19.so
7f4c3cbff000-7f4c3cdfe000 ---p 00003000 08:03 131810                     /lib/x86_64-linux-gnu/libdl-2.19.so
7f4c3cdfe000-7f4c3cdff000 r--p 00002000 08:03 131810                     /lib/x86_64-linux-gnu/libdl-2.19.so
7f4c3cdff000-7f4c3ce00000 rw-p 00003000 08:03 131810                     /lib/x86_64-linux-gnu/libdl-2.19.so
7f4c3ce00000-7f4c3ce15000 r-xp 00000000 08:03 1573749                    /opt/java/jdk1.8.0_45/lib/amd64/jli/libjli.so
7f4c3ce15000-7f4c3d015000 ---p 00015000 08:03 1573749                    /opt/java/jdk1.8.0_45/lib/amd64/jli/libjli.so
7f4c3d015000-7f4c3d016000 rw-p 00015000 08:03 1573749                    /opt/java/jdk1.8.0_45/lib/amd64/jli/libjli.so
7f4c3d016000-7f4c3d02f000 r-xp 00000000 08:03 131858                     /lib/x86_64-linux-gnu/libpthread-2.19.so
7f4c3d02f000-7f4c3d22e000 ---p 00019000 08:03 131858                     /lib/x86_64-linux-gnu/libpthread-2.19.so
7f4c3d22e000-7f4c3d22f000 r--p 00018000 08:03 131858                     /lib/x86_64-linux-gnu/libpthread-2.19.so
7f4c3d22f000-7f4c3d230000 rw-p 00019000 08:03 131858                     /lib/x86_64-linux-gnu/libpthread-2.19.so
7f4c3d230000-7f4c3d234000 rw-p 00000000 00:00 0 
7f4c3d234000-7f4c3d257000 r-xp 00000000 08:03 131833                     /lib/x86_64-linux-gnu/ld-2.19.so
7f4c3d258000-7f4c3d25d000 r--s 00094000 08:03 1573828                    /opt/java/jdk1.8.0_45/jre/lib/jsse.jar
7f4c3d25d000-7f4c3d32f000 rw-p 00000000 00:00 0 
7f4c3d32f000-7f4c3d332000 ---p 00000000 00:00 0 
7f4c3d332000-7f4c3d435000 rw-p 00000000 00:00 0                          [stack:1676]
7f4c3d435000-7f4c3d436000 r--p 00000000 08:03 672594                     /usr/share/locale-langpack/en_GB/LC_MESSAGES/libc.mo
7f4c3d436000-7f4c3d44a000 rw-p 00000000 00:00 0 
7f4c3d44a000-7f4c3d452000 rw-s 00000000 08:03 1574186                    /tmp/hsperfdata_mike/1670
7f4c3d452000-7f4c3d453000 rw-p 00000000 00:00 0 
7f4c3d453000-7f4c3d454000 ---p 00000000 00:00 0 
7f4c3d454000-7f4c3d456000 rw-p 00000000 00:00 0 
7f4c3d456000-7f4c3d457000 r--p 00022000 08:03 131833                     /lib/x86_64-linux-gnu/ld-2.19.so
7f4c3d457000-7f4c3d458000 rw-p 00023000 08:03 131833                     /lib/x86_64-linux-gnu/ld-2.19.so
7f4c3d458000-7f4c3d459000 rw-p 00000000 00:00 0 
7fff9f0eb000-7fff9f10d000 rw-p 00000000 00:00 0                          [stack]
7fff9f199000-7fff9f19b000 r-xp 00000000 00:00 0                          [vdso]
ffffffffff600000-ffffffffff601000 r-xp 00000000 00:00 0                  [vsyscall]

VM Arguments:
jvm_args: -Xmx1024M -Dfile.encoding=UTF-8 -Duser.country=GB -Duser.language=en -Duser.variant 
java_command: com.android.dx.command.Main --dex --output /home/mike/AndroidStudioProjects/Wordist/app/build/intermediates/dex/debug /home/mike/AndroidStudioProjects/Wordist/app/build/intermediates/classes/debug /home/mike/AndroidStudioProjects/Wordist/app/build/intermediates/pre-dexed/debug/support-annotations-22.2.0-bfa71d602cc0e11fce5350ed544c9f5e4d4a05e4.jar /home/mike/AndroidStudioProjects/Wordist/app/build/intermediates/pre-dexed/debug/classes-e01224f4b848d2f70fe036e6ffd03fad8e49b557.jar /home/mike/AndroidStudioProjects/Wordist/app/build/intermediates/pre-dexed/debug/classes-2ab3d19bd8375c4756f92f9df195e4252f17cf71.jar /home/mike/AndroidStudioProjects/Wordist/app/build/intermediates/pre-dexed/debug/classes-674e81071699e5047dc949309e33eaff0b6cf792.jar /home/mike/AndroidStudioProjects/Wordist/app/build/intermediates/pre-dexed/debug/classes-becf46f026f107f6ad7542c9b7c8b1bd96840546.jar /home/mike/AndroidStudioProjects/Wordist/app/build/intermediates/pre-dexed/debug/internal_impl-22.0.0-badf73acff408b2f94e3947ab7ebff932b700965.jar /home/mike/AndroidStudioProjects/Wordist/app/build/intermediates/pre-dexed/debug/classes-b97a6c1cf7fbeb04f196fcf80c57d4257edcc6dd.jar /home/mike/AndroidStudioProjects/Wordist/app/build/intermediates/pre-dexed/debug/classes-d24eb526a194db96263c3f6685649fd0fe6c44d5.jar /home/mike/AndroidStudioProjects/Wordist/app/build/intermediates/pre-dexed/debug/classes-d336082364352f264572be55a9b357e5ff0d11af.jar /home/mike/AndroidStudioProjects/Wordist/app/build/intermediates/pre-dexed/debug/classes-7a28f4ba4fb32a581ec7923ddf90ef95697adfea.jar /home/mike/AndroidStudioProjects/Wordist/app/build/intermediates/pre-dexed/debug/classes-2fffb6f7a97d395100aaf3eefa7e7444903a76be.jar /home/mike/AndroidStudioProjects/Wordist/app/build/intermediates/pre-dexed/debug/classes-cc0797b316f66372a2b35e75e646f3b4068a1b62.jar /home/mike/AndroidStudioProjects/Wordist/app/build/intermediates/pre-dexed/debug/classes-ba694547ab3fc3fe5bc8d34ae51866c6cab4beda.jar /home/mike/An
java_class_path (initial): /home/mike/Android/Sdk/build-tools/22.0.1/lib/dx.jar
Launcher Type: SUN_STANDARD

Environment Variables:
PATH=/usr/local/sbin:/usr/local/bin:/usr/sbin:/usr/bin:/sbin:/bin:/usr/games:/usr/local/games
USERNAME=mike
LD_LIBRARY_PATH=/opt/android-studio/bin:
SHELL=/bin/bash
DISPLAY=:0

Signal Handlers:
SIGSEGV: [libjvm.so+0xaad1e0], sa_mask[0]=11111111011111111101111111111110, sa_flags=SA_RESTART|SA_SIGINFO
SIGBUS: [libjvm.so+0xaad1e0], sa_mask[0]=11111111011111111101111111111110, sa_flags=SA_RESTART|SA_SIGINFO
SIGFPE: [libjvm.so+0x90b450], sa_mask[0]=11111111011111111101111111111110, sa_flags=SA_RESTART|SA_SIGINFO
SIGPIPE: [libjvm.so+0x90b450], sa_mask[0]=11111111011111111101111111111110, sa_flags=SA_RESTART|SA_SIGINFO
SIGXFSZ: [libjvm.so+0x90b450], sa_mask[0]=11111111011111111101111111111110, sa_flags=SA_RESTART|SA_SIGINFO
SIGILL: [libjvm.so+0x90b450], sa_mask[0]=11111111011111111101111111111110, sa_flags=SA_RESTART|SA_SIGINFO
SIGUSR1: SIG_DFL, sa_mask[0]=00000000000000000000000000000000, sa_flags=none
SIGUSR2: [libjvm.so+0x90ca90], sa_mask[0]=00100000000000000000000000000000, sa_flags=SA_RESTART|SA_SIGINFO
SIGHUP: [libjvm.so+0x90dde0], sa_mask[0]=11111111011111111101111111111110, sa_flags=SA_RESTART|SA_SIGINFO
SIGINT: [libjvm.so+0x90dde0], sa_mask[0]=11111111011111111101111111111110, sa_flags=SA_RESTART|SA_SIGINFO
SIGTERM: [libjvm.so+0x90dde0], sa_mask[0]=11111111011111111101111111111110, sa_flags=SA_RESTART|SA_SIGINFO
SIGQUIT: [libjvm.so+0x90dde0], sa_mask[0]=11111111011111111101111111111110, sa_flags=SA_RESTART|SA_SIGINFO


---------------  S Y S T E M  ---------------

OS:DISTRIB_ID=LinuxMint
DISTRIB_RELEASE=17.2
DISTRIB_CODENAME=rafaela
DISTRIB_DESCRIPTION="Linux Mint 17.2 Rafaela"

uname:Linux 3.13.0-37-generic #64-Ubuntu SMP Mon Sep 22 21:28:38 UTC 2014 x86_64
libc:glibc 2.19 NPTL 2.19 
rlimit: STACK 8192k, CORE 0k, NPROC 30882, NOFILE 4096, AS infinity
load average:1.13 0.79 1.11

/proc/meminfo:
MemTotal:        4048044 kB
MemFree:          105708 kB
Buffers:            4780 kB
Cached:           131280 kB
SwapCached:            0 kB
Active:          3349936 kB
Inactive:          91784 kB
Active(anon):    3308068 kB
Inactive(anon):    48868 kB
Active(file):      41868 kB
Inactive(file):    42916 kB
Unevictable:          88 kB
Mlocked:              88 kB
SwapTotal:             0 kB
SwapFree:              0 kB
Dirty:              5708 kB
Writeback:             0 kB
AnonPages:       3305972 kB
Mapped:           224336 kB
Shmem:             51148 kB
Slab:              91168 kB
SReclaimable:      30600 kB
SUnreclaim:        60568 kB
KernelStack:        4360 kB
PageTables:        32340 kB
NFS_Unstable:          0 kB
Bounce:                0 kB
WritebackTmp:          0 kB
CommitLimit:     2024020 kB
Committed_AS:    5649384 kB
VmallocTotal:   34359738367 kB
VmallocUsed:      305680 kB
VmallocChunk:   34359427560 kB
HardwareCorrupted:     0 kB
AnonHugePages:   1697792 kB
HugePages_Total:       0
HugePages_Free:        0
HugePages_Rsvd:        0
HugePages_Surp:        0
Hugepagesize:       2048 kB
DirectMap4k:      161344 kB
DirectMap2M:     2983936 kB
DirectMap1G:     1048576 kB


CPU:total 4 (4 cores per cpu, 1 threads per core) family 16 model 4 stepping 2, cmov, cx8, fxsr, mmx, sse, sse2, sse3, popcnt, mmxext, 3dnowpref, lzcnt, sse4a, tsc, tscinvbit, tscinv

/proc/cpuinfo:
processor	: 0
vendor_id	: AuthenticAMD
cpu family	: 16
model		: 4
model name	: AMD Phenom(tm) II X4 955 Processor
stepping	: 2
microcode	: 0x1000086
cpu MHz		: 3200.000
cache size	: 512 KB
physical id	: 0
siblings	: 4
core id		: 0
cpu cores	: 4
apicid		: 0
initial apicid	: 0
fpu		: yes
fpu_exception	: yes
cpuid level	: 5
wp		: yes
flags		: fpu vme de pse tsc msr pae mce cx8 apic sep mtrr pge mca cmov pat pse36 clflush mmx fxsr sse sse2 ht syscall nx mmxext fxsr_opt pdpe1gb rdtscp lm 3dnowext 3dnow constant_tsc rep_good nopl nonstop_tsc extd_apicid pni monitor cx16 popcnt lahf_lm cmp_legacy svm extapic cr8_legacy abm sse4a misalignsse 3dnowprefetch osvw ibs skinit wdt hw_pstate npt lbrv svm_lock nrip_save
bogomips	: 6399.95
TLB size	: 1024 4K pages
clflush size	: 64
cache_alignment	: 64
address sizes	: 48 bits physical, 48 bits virtual
power management: ts ttp tm stc 100mhzsteps hwpstate

processor	: 1
vendor_id	: AuthenticAMD
cpu family	: 16
model		: 4
model name	: AMD Phenom(tm) II X4 955 Processor
stepping	: 2
microcode	: 0x1000086
cpu MHz		: 3200.000
cache size	: 512 KB
physical id	: 0
siblings	: 4
core id		: 1
cpu cores	: 4
apicid		: 1
initial apicid	: 1
fpu		: yes
fpu_exception	: yes
cpuid level	: 5
wp		: yes
flags		: fpu vme de pse tsc msr pae mce cx8 apic sep mtrr pge mca cmov pat pse36 clflush mmx fxsr sse sse2 ht syscall nx mmxext fxsr_opt pdpe1gb rdtscp lm 3dnowext 3dnow constant_tsc rep_good nopl nonstop_tsc extd_apicid pni monitor cx16 popcnt lahf_lm cmp_legacy svm extapic cr8_legacy abm sse4a misalignsse 3dnowprefetch osvw ibs skinit wdt hw_pstate npt lbrv svm_lock nrip_save
bogomips	: 6399.95
TLB size	: 1024 4K pages
clflush size	: 64
cache_alignment	: 64
address sizes	: 48 bits physical, 48 bits virtual
power management: ts ttp tm stc 100mhzsteps hwpstate

processor	: 2
vendor_id	: AuthenticAMD
cpu family	: 16
model		: 4
model name	: AMD Phenom(tm) II X4 955 Processor
stepping	: 2
microcode	: 0x1000086
cpu MHz		: 800.000
cache size	: 512 KB
physical id	: 0
siblings	: 4
core id		: 2
cpu cores	: 4
apicid		: 2
initial apicid	: 2
fpu		: yes
fpu_exception	: yes
cpuid level	: 5
wp		: yes
flags		: fpu vme de pse tsc msr pae mce cx8 apic sep mtrr pge mca cmov pat pse36 clflush mmx fxsr sse sse2 ht syscall nx mmxext fxsr_opt pdpe1gb rdtscp lm 3dnowext 3dnow constant_tsc rep_good nopl nonstop_tsc extd_apicid pni monitor cx16 popcnt lahf_lm cmp_legacy svm extapic cr8_legacy abm sse4a misalignsse 3dnowprefetch osvw ibs skinit wdt hw_pstate npt lbrv svm_lock nrip_save
bogomips	: 6399.95
TLB size	: 1024 4K pages
clflush size	: 64
cache_alignment	: 64
address sizes	: 48 bits physical, 48 bits virtual
power management: ts ttp tm stc 100mhzsteps hwpstate

processor	: 3
vendor_id	: AuthenticAMD
cpu family	: 16
model		: 4
model name	: AMD Phenom(tm) II X4 955 Processor
stepping	: 2
microcode	: 0x1000086
cpu MHz		: 800.000
cache size	: 512 KB
physical id	: 0
siblings	: 4
core id		: 3
cpu cores	: 4
apicid		: 3
initial apicid	: 3
fpu		: yes
fpu_exception	: yes
cpuid level	: 5
wp		: yes
flags		: fpu vme de pse tsc msr pae mce cx8 apic sep mtrr pge mca cmov pat pse36 clflush mmx fxsr sse sse2 ht syscall nx mmxext fxsr_opt pdpe1gb rdtscp lm 3dnowext 3dnow constant_tsc rep_good nopl nonstop_tsc extd_apicid pni monitor cx16 popcnt lahf_lm cmp_legacy svm extapic cr8_legacy abm sse4a misalignsse 3dnowprefetch osvw ibs skinit wdt hw_pstate npt lbrv svm_lock nrip_save
bogomips	: 6399.95
TLB size	: 1024 4K pages
clflush size	: 64
cache_alignment	: 64
address sizes	: 48 bits physical, 48 bits virtual
power management: ts ttp tm stc 100mhzsteps hwpstate



Memory: 4k page, physical 4048044k(105460k free), swap 0k(0k free)

vm_info: Java HotSpot(TM) 64-Bit Server VM (25.45-b02) for linux-amd64 JRE (1.8.0_45-b14), built on Apr 10 2015 10:07:45 by "java_re" with gcc 4.3.0 20080428 (Red Hat 4.3.0-8)

time: Thu Aug 13 00:38:37 2015
elapsed time: 2 seconds (0d 0h 0m 2s)

