#
# There is insufficient memory for the Java Runtime Environment to continue.
# Native memory allocation (mmap) failed to map 130023424 bytes for committing reserved memory.
# Possible reasons:
#   The system is out of physical RAM or swap space
#   In 32 bit mode, the process size limit was hit
# Possible solutions:
#   Reduce memory load on the system
#   Increase physical memory or swap space
#   Check if swap backing store is full
#   Use 64 bit Java on a 64 bit OS
#   Decrease Java heap size (-Xmx/-Xms)
#   Decrease number of Java threads
#   Decrease Java thread stack sizes (-Xss)
#   Set larger code cache with -XX:ReservedCodeCacheSize=
# This output file may be truncated or incomplete.
#
#  Out of Memory Error (os_linux.cpp:2673), pid=26938, tid=139796229449472
#
# JRE version: Java(TM) SE Runtime Environment (8.0_45-b14) (build 1.8.0_45-b14)
# Java VM: Java HotSpot(TM) 64-Bit Server VM (25.45-b02 mixed mode linux-amd64 compressed oops)
# Failed to write core dump. Core dumps have been disabled. To enable core dumping, try "ulimit -c unlimited" before starting Java again
#

---------------  T H R E A D  ---------------

Current thread (0x00007f24f0079800):  VMThread [stack: 0x00007f24d888e000,0x00007f24d898f000] [id=26947]

Stack: [0x00007f24d888e000,0x00007f24d898f000],  sp=0x00007f24d898cfe0,  free space=1019k
Native frames: (J=compiled Java code, j=interpreted, Vv=VM code, C=native code)
V  [libjvm.so+0xaac99a]  VMError::report_and_die()+0x2ba
V  [libjvm.so+0x4f333b]  report_vm_out_of_memory(char const*, int, unsigned long, VMErrorType, char const*)+0x8b
V  [libjvm.so+0x90e7c3]  os::Linux::commit_memory_impl(char*, unsigned long, bool)+0x103
V  [libjvm.so+0x90ed19]  os::pd_commit_memory(char*, unsigned long, unsigned long, bool)+0x29
V  [libjvm.so+0x90867a]  os::commit_memory(char*, unsigned long, unsigned long, bool)+0x2a
V  [libjvm.so+0x97bac3]  PSVirtualSpace::expand_by(unsigned long)+0x53
V  [libjvm.so+0x97cec8]  PSYoungGen::resize_generation(unsigned long, unsigned long)+0xf8
V  [libjvm.so+0x97c022]  PSYoungGen::resize(unsigned long, unsigned long)+0x22
V  [libjvm.so+0x9792fb]  PSScavenge::invoke_no_policy()+0xf7b
V  [libjvm.so+0x979a81]  PSScavenge::invoke()+0x41
V  [libjvm.so+0x932050]  ParallelScavengeHeap::failed_mem_allocate(unsigned long)+0x70
V  [libjvm.so+0xaae1d7]  VM_ParallelGCFailedAllocation::doit()+0x97
V  [libjvm.so+0xab59c5]  VM_Operation::evaluate()+0x55
V  [libjvm.so+0xab3d9a]  VMThread::evaluate_operation(VM_Operation*)+0xba
V  [libjvm.so+0xab411e]  VMThread::loop()+0x1ce
V  [libjvm.so+0xab4590]  VMThread::run()+0x70
V  [libjvm.so+0x910de8]  java_start(Thread*)+0x108

VM_Operation (0x00007f24f702cdf0): ParallelGCFailedAllocation, mode: safepoint, requested by thread 0x00007f24f000b800


---------------  P R O C E S S  ---------------

Java Threads: ( => current thread )
  0x00007f24f00d4000 JavaThread "Service Thread" daemon [_thread_blocked, id=26954, stack(0x00007f24d3dfe000,0x00007f24d3eff000)]
  0x00007f24f00bf000 JavaThread "C1 CompilerThread2" daemon [_thread_blocked, id=26953, stack(0x00007f24d3eff000,0x00007f24d4000000)]
  0x00007f24f00bd000 JavaThread "C2 CompilerThread1" daemon [_thread_in_native, id=26952, stack(0x00007f24d80c0000,0x00007f24d81c1000)]
  0x00007f24f00ba000 JavaThread "C2 CompilerThread0" daemon [_thread_blocked, id=26951, stack(0x00007f24d81c1000,0x00007f24d82c2000)]
  0x00007f24f00b9000 JavaThread "Signal Dispatcher" daemon [_thread_blocked, id=26950, stack(0x00007f24d82c2000,0x00007f24d83c3000)]
  0x00007f24f0080800 JavaThread "Finalizer" daemon [_thread_blocked, id=26949, stack(0x00007f24d868c000,0x00007f24d878d000)]
  0x00007f24f007e800 JavaThread "Reference Handler" daemon [_thread_blocked, id=26948, stack(0x00007f24d878d000,0x00007f24d888e000)]
  0x00007f24f000b800 JavaThread "main" [_thread_blocked, id=26942, stack(0x00007f24f6f2e000,0x00007f24f702f000)]

Other Threads:
=>0x00007f24f0079800 VMThread [stack: 0x00007f24d888e000,0x00007f24d898f000] [id=26947]
  0x00007f24f00d6800 WatcherThread [stack: 0x00007f24d3cfd000,0x00007f24d3dfe000] [id=26955]

VM state:at safepoint (normal execution)

VM Mutex/Monitor currently owned by a thread:  ([mutex/lock_event])
[0x00007f24f0007df0] Threads_lock - owner thread: 0x00007f24f0079800
[0x00007f24f00082f0] Heap_lock - owner thread: 0x00007f24f000b800

Heap:
 PSYoungGen      total 139264K, used 11298K [0x00000000eab00000, 0x00000000f4100000, 0x0000000100000000)
  eden space 125952K, 0% used [0x00000000eab00000,0x00000000eab00000,0x00000000f2600000)
  from space 13312K, 84% used [0x00000000f2600000,0x00000000f3108ad0,0x00000000f3300000)
  to   space 12288K, 0% used [0x00000000f3300000,0x00000000f3300000,0x00000000f3f00000)
 ParOldGen       total 42496K, used 25192K [0x00000000c0000000, 0x00000000c2980000, 0x00000000eab00000)
  object space 42496K, 59% used [0x00000000c0000000,0x00000000c189a1d0,0x00000000c2980000)
 Metaspace       used 7758K, capacity 7966K, committed 8320K, reserved 1056768K
  class space    used 754K, capacity 785K, committed 896K, reserved 1048576K

Card table byte_map: [0x00007f24e0a3f000,0x00007f24e0c40000] byte_map_base: 0x00007f24e043f000

Marking Bits: (ParMarkBitMap*) 0x00007f24f640b760
 Begin Bits: [0x00007f24da000000, 0x00007f24db000000)
 End Bits:   [0x00007f24db000000, 0x00007f24dc000000)

Polling page: 0x00007f24f7052000

CodeCache: size=245760Kb used=8623Kb max_used=8623Kb free=237136Kb
 bounds [0x00007f24e1000000, 0x00007f24e1880000, 0x00007f24f0000000]
 total_blobs=2791 nmethods=2496 adapters=210
 compilation: enabled

Compilation events (10 events):
Event: 2.384 Thread 0x00007f24f00bf000 2522       2       com.android.dx.merge.IndexMap::putAnnotationSetRefListOffset (33 bytes)
Event: 2.385 Thread 0x00007f24f00bf000 nmethod 2522 0x00007f24e186d8d0 code [0x00007f24e186da80, 0x00007f24e186de88]
Event: 2.446 Thread 0x00007f24f00bf000 2525       2       java.util.regex.Pattern$Curly::match0 (174 bytes)
Event: 2.447 Thread 0x00007f24f00bf000 nmethod 2525 0x00007f24e186e190 code [0x00007f24e186e360, 0x00007f24e186e7f8]
Event: 2.447 Thread 0x00007f24f00bf000 2527       2       sun.nio.cs.UTF_8$Encoder::encodeArrayLoop (489 bytes)
Event: 2.451 Thread 0x00007f24f00bf000 nmethod 2527 0x00007f24e186ea50 code [0x00007f24e186ee60, 0x00007f24e1870188]
Event: 2.451 Thread 0x00007f24f00bf000 2526       2       java.util.Locale::hashCode (41 bytes)
Event: 2.451 Thread 0x00007f24f00bf000 nmethod 2526 0x00007f24e1871f10 code [0x00007f24e1872080, 0x00007f24e1872278]
Event: 2.463 Thread 0x00007f24f00bf000 2529       3       java.util.HashMap::putVal (300 bytes)
Event: 2.466 Thread 0x00007f24f00bf000 nmethod 2529 0x00007f24e1872390 code [0x00007f24e1872600, 0x00007f24e1873898]

GC Heap History (10 events):
Event: 0.932 GC heap after
Heap after GC invocations=2 (full 0):
 PSYoungGen      total 34304K, used 2546K [0x00000000eab00000, 0x00000000ecf00000, 0x0000000100000000)
  eden space 31744K, 0% used [0x00000000eab00000,0x00000000eab00000,0x00000000eca00000)
  from space 2560K, 99% used [0x00000000ecc80000,0x00000000ecefc870,0x00000000ecf00000)
  to   space 2560K, 0% used [0x00000000eca00000,0x00000000eca00000,0x00000000ecc80000)
 ParOldGen       total 42496K, used 5794K [0x00000000c0000000, 0x00000000c2980000, 0x00000000eab00000)
  object space 42496K, 13% used [0x00000000c0000000,0x00000000c05a8a30,0x00000000c2980000)
 Metaspace       used 5573K, capacity 6896K, committed 7040K, reserved 1056768K
  class space    used 539K, capacity 616K, committed 640K, reserved 1048576K
}
Event: 1.318 GC heap before
{Heap before GC invocations=3 (full 0):
 PSYoungGen      total 34304K, used 34290K [0x00000000eab00000, 0x00000000ecf00000, 0x0000000100000000)
  eden space 31744K, 100% used [0x00000000eab00000,0x00000000eca00000,0x00000000eca00000)
  from space 2560K, 99% used [0x00000000ecc80000,0x00000000ecefc870,0x00000000ecf00000)
  to   space 2560K, 0% used [0x00000000eca00000,0x00000000eca00000,0x00000000ecc80000)
 ParOldGen       total 42496K, used 5794K [0x00000000c0000000, 0x00000000c2980000, 0x00000000eab00000)
  object space 42496K, 13% used [0x00000000c0000000,0x00000000c05a8a30,0x00000000c2980000)
 Metaspace       used 6574K, capacity 7440K, committed 7680K, reserved 1056768K
  class space    used 624K, capacity 648K, committed 768K, reserved 1048576K
Event: 1.333 GC heap after
Heap after GC invocations=3 (full 0):
 PSYoungGen      total 34304K, used 2546K [0x00000000eab00000, 0x00000000eee00000, 0x0000000100000000)
  eden space 31744K, 0% used [0x00000000eab00000,0x00000000eab00000,0x00000000eca00000)
  from space 2560K, 99% used [0x00000000eca00000,0x00000000ecc7c880,0x00000000ecc80000)
  to   space 2560K, 0% used [0x00000000eeb80000,0x00000000eeb80000,0x00000000eee00000)
 ParOldGen       total 42496K, used 14173K [0x00000000c0000000, 0x00000000c2980000, 0x00000000eab00000)
  object space 42496K, 33% used [0x00000000c0000000,0x00000000c0dd75d0,0x00000000c2980000)
 Metaspace       used 6574K, capacity 7440K, committed 7680K, reserved 1056768K
  class space    used 624K, capacity 648K, committed 768K, reserved 1048576K
}
Event: 1.620 GC heap before
{Heap before GC invocations=4 (full 0):
 PSYoungGen      total 34304K, used 34290K [0x00000000eab00000, 0x00000000eee00000, 0x0000000100000000)
  eden space 31744K, 100% used [0x00000000eab00000,0x00000000eca00000,0x00000000eca00000)
  from space 2560K, 99% used [0x00000000eca00000,0x00000000ecc7c880,0x00000000ecc80000)
  to   space 2560K, 0% used [0x00000000eeb80000,0x00000000eeb80000,0x00000000eee00000)
 ParOldGen       total 42496K, used 14173K [0x00000000c0000000, 0x00000000c2980000, 0x00000000eab00000)
  object space 42496K, 33% used [0x00000000c0000000,0x00000000c0dd75d0,0x00000000c2980000)
 Metaspace       used 7611K, capacity 7928K, committed 8192K, reserved 1056768K
  class space    used 744K, capacity 752K, committed 768K, reserved 1048576K
Event: 1.632 GC heap after
Heap after GC invocations=4 (full 0):
 PSYoungGen      total 66048K, used 2546K [0x00000000eab00000, 0x00000000eee00000, 0x0000000100000000)
  eden space 63488K, 0% used [0x00000000eab00000,0x00000000eab00000,0x00000000ee900000)
  from space 2560K, 99% used [0x00000000eeb80000,0x00000000eedfc880,0x00000000eee00000)
  to   space 2560K, 0% used [0x00000000ee900000,0x00000000ee900000,0x00000000eeb80000)
 ParOldGen       total 42496K, used 16212K [0x00000000c0000000, 0x00000000c2980000, 0x00000000eab00000)
  object space 42496K, 38% used [0x00000000c0000000,0x00000000c0fd5318,0x00000000c2980000)
 Metaspace       used 7611K, capacity 7928K, committed 8192K, reserved 1056768K
  class space    used 744K, capacity 752K, committed 768K, reserved 1048576K
}
Event: 1.953 GC heap before
{Heap before GC invocations=5 (full 0):
 PSYoungGen      total 66048K, used 66034K [0x00000000eab00000, 0x00000000eee00000, 0x0000000100000000)
  eden space 63488K, 100% used [0x00000000eab00000,0x00000000ee900000,0x00000000ee900000)
  from space 2560K, 99% used [0x00000000eeb80000,0x00000000eedfc880,0x00000000eee00000)
  to   space 2560K, 0% used [0x00000000ee900000,0x00000000ee900000,0x00000000eeb80000)
 ParOldGen       total 42496K, used 16212K [0x00000000c0000000, 0x00000000c2980000, 0x00000000eab00000)
  object space 42496K, 38% used [0x00000000c0000000,0x00000000c0fd5318,0x00000000c2980000)
 Metaspace       used 7743K, capacity 7966K, committed 8320K, reserved 1056768K
  class space    used 754K, capacity 785K, committed 896K, reserved 1048576K
Event: 2.005 GC heap after
Heap after GC invocations=5 (full 0):
 PSYoungGen      total 66048K, used 2546K [0x00000000eab00000, 0x00000000f3f00000, 0x0000000100000000)
  eden space 63488K, 0% used [0x00000000eab00000,0x00000000eab00000,0x00000000ee900000)
  from space 2560K, 99% used [0x00000000ee900000,0x00000000eeb7ca88,0x00000000eeb80000)
  to   space 12288K, 0% used [0x00000000f3300000,0x00000000f3300000,0x00000000f3f00000)
 ParOldGen       total 42496K, used 23054K [0x00000000c0000000, 0x00000000c2980000, 0x00000000eab00000)
  object space 42496K, 54% used [0x00000000c0000000,0x00000000c1683be0,0x00000000c2980000)
 Metaspace       used 7743K, capacity 7966K, committed 8320K, reserved 1056768K
  class space    used 754K, capacity 785K, committed 896K, reserved 1048576K
}
Event: 2.163 GC heap before
{Heap before GC invocations=6 (full 0):
 PSYoungGen      total 66048K, used 66034K [0x00000000eab00000, 0x00000000f3f00000, 0x0000000100000000)
  eden space 63488K, 100% used [0x00000000eab00000,0x00000000ee900000,0x00000000ee900000)
  from space 2560K, 99% used [0x00000000ee900000,0x00000000eeb7ca88,0x00000000eeb80000)
  to   space 12288K, 0% used [0x00000000f3300000,0x00000000f3300000,0x00000000f3f00000)
 ParOldGen       total 42496K, used 23054K [0x00000000c0000000, 0x00000000c2980000, 0x00000000eab00000)
  object space 42496K, 54% used [0x00000000c0000000,0x00000000c1683be0,0x00000000c2980000)
 Metaspace       used 7752K, capacity 7966K, committed 8320K, reserved 1056768K
  class space    used 754K, capacity 785K, committed 896K, reserved 1048576K
Event: 2.176 GC heap after
Heap after GC invocations=6 (full 0):
 PSYoungGen      total 138240K, used 10051K [0x00000000eab00000, 0x00000000f4100000, 0x0000000100000000)
  eden space 125952K, 0% used [0x00000000eab00000,0x00000000eab00000,0x00000000f2600000)
  from space 12288K, 81% used [0x00000000f3300000,0x00000000f3cd0de8,0x00000000f3f00000)
  to   space 13312K, 0% used [0x00000000f2600000,0x00000000f2600000,0x00000000f3300000)
 ParOldGen       total 42496K, used 23054K [0x00000000c0000000, 0x00000000c2980000, 0x00000000eab00000)
  object space 42496K, 54% used [0x00000000c0000000,0x00000000c1683be0,0x00000000c2980000)
 Metaspace       used 7752K, capacity 7966K, committed 8320K, reserved 1056768K
  class space    used 754K, capacity 785K, committed 896K, reserved 1048576K
}
Event: 2.510 GC heap before
{Heap before GC invocations=7 (full 0):
 PSYoungGen      total 138240K, used 136003K [0x00000000eab00000, 0x00000000f4100000, 0x0000000100000000)
  eden space 125952K, 100% used [0x00000000eab00000,0x00000000f2600000,0x00000000f2600000)
  from space 12288K, 81% used [0x00000000f3300000,0x00000000f3cd0de8,0x00000000f3f00000)
  to   space 13312K, 0% used [0x00000000f2600000,0x00000000f2600000,0x00000000f3300000)
 ParOldGen       total 42496K, used 23054K [0x00000000c0000000, 0x00000000c2980000, 0x00000000eab00000)
  object space 42496K, 54% used [0x00000000c0000000,0x00000000c1683be0,0x00000000c2980000)
 Metaspace       used 7758K, capacity 7966K, committed 8320K, reserved 1056768K
  class space    used 754K, capacity 785K, committed 896K, reserved 1048576K

Deoptimization events (10 events):
Event: 1.428 Thread 0x00007f24f000b800 Uncommon trap: reason=class_check action=maybe_recompile pc=0x00007f24e1543068 method=java.util.ArrayList.<init>(Ljava/util/Collection;)V @ 6
Event: 1.434 Thread 0x00007f24f000b800 Uncommon trap: reason=class_check action=maybe_recompile pc=0x00007f24e1543068 method=java.util.ArrayList.<init>(Ljava/util/Collection;)V @ 6
Event: 1.458 Thread 0x00007f24f000b800 Uncommon trap: reason=predicate action=maybe_recompile pc=0x00007f24e1709798 method=com.android.dex.Leb128.readUnsignedLeb128(Lcom/android/dex/util/ByteInput;)I @ 41
Event: 1.463 Thread 0x00007f24f000b800 Uncommon trap: reason=unstable_if action=reinterpret pc=0x00007f24e15b0fe0 method=java.util.HashMap.getNode(ILjava/lang/Object;)Ljava/util/HashMap$Node; @ 84
Event: 1.463 Thread 0x00007f24f000b800 Uncommon trap: reason=unstable_if action=reinterpret pc=0x00007f24e15ac41c method=java.util.HashMap.getNode(ILjava/lang/Object;)Ljava/util/HashMap$Node; @ 84
Event: 1.473 Thread 0x00007f24f000b800 Uncommon trap: reason=unstable_if action=reinterpret pc=0x00007f24e1710bd4 method=com.android.dx.merge.IndexMap.adjustString(I)I @ 2
Event: 1.518 Thread 0x00007f24f000b800 Uncommon trap: reason=unstable_if action=reinterpret pc=0x00007f24e17472e0 method=com.android.dex.FieldId.compareTo(Lcom/android/dex/FieldId;)I @ 8
Event: 1.561 Thread 0x00007f24f000b800 Uncommon trap: reason=unstable_if action=reinterpret pc=0x00007f24e1742194 method=com.android.dex.FieldId.compareTo(Lcom/android/dex/FieldId;)I @ 8
Event: 2.061 Thread 0x00007f24f000b800 Uncommon trap: reason=unstable_if action=reinterpret pc=0x00007f24e17e47e8 method=com.android.dex.EncodedValueCodec.readUnsignedInt(Lcom/android/dex/util/ByteInput;IZ)I @ 3
Event: 2.289 Thread 0x00007f24f000b800 Uncommon trap: reason=unstable_if action=reinterpret pc=0x00007f24e182589c method=java.util.HashMap$TreeNode.balanceInsertion(Ljava/util/HashMap$TreeNode;Ljava/util/HashMap$TreeNode;)Ljava/util/HashMap$TreeNode; @ 189

Internal exceptions (7 events):
Event: 0.101 Thread 0x00007f24f000b800 Exception <a 'java/lang/NoSuchMethodError': Method sun.misc.Unsafe.defineClass(Ljava/lang/String;[BII)Ljava/lang/Class; name or signature does not match> (0x00000000eab12a38) thrown at [/RE-WORK/workspace/8-2-build-linux-amd64/jdk8u45/3457/hotspot/src/sha
Event: 0.101 Thread 0x00007f24f000b800 Exception <a 'java/lang/NoSuchMethodError': Method sun.misc.Unsafe.prefetchRead(Ljava/lang/Object;J)V name or signature does not match> (0x00000000eab12cc8) thrown at [/RE-WORK/workspace/8-2-build-linux-amd64/jdk8u45/3457/hotspot/src/share/vm/prims/jni.cp
Event: 0.942 Thread 0x00007f24f000b800 Implicit null exception at 0x00007f24e152f2e2 to 0x00007f24e152f382
Event: 1.426 Thread 0x00007f24f000b800 Exception <a 'java/security/PrivilegedActionException'> (0x00000000ead7f148) thrown at [/RE-WORK/workspace/8-2-build-linux-amd64/jdk8u45/3457/hotspot/src/share/vm/prims/jvm.cpp, line 1382]
Event: 1.426 Thread 0x00007f24f000b800 Exception <a 'java/security/PrivilegedActionException'> (0x00000000ead7f490) thrown at [/RE-WORK/workspace/8-2-build-linux-amd64/jdk8u45/3457/hotspot/src/share/vm/prims/jvm.cpp, line 1382]
Event: 1.426 Thread 0x00007f24f000b800 Exception <a 'java/security/PrivilegedActionException'> (0x00000000ead81940) thrown at [/RE-WORK/workspace/8-2-build-linux-amd64/jdk8u45/3457/hotspot/src/share/vm/prims/jvm.cpp, line 1382]
Event: 1.426 Thread 0x00007f24f000b800 Exception <a 'java/security/PrivilegedActionException'> (0x00000000ead81c88) thrown at [/RE-WORK/workspace/8-2-build-linux-amd64/jdk8u45/3457/hotspot/src/share/vm/prims/jvm.cpp, line 1382]

Events (10 events):
Event: 2.005 Executing VM operation: ParallelGCFailedAllocation done
Event: 2.061 Thread 0x00007f24f000b800 Uncommon trap: trap_request=0xffffff65 fr.pc=0x00007f24e17e47e8
Event: 2.061 Thread 0x00007f24f000b800 DEOPT PACKING pc=0x00007f24e17e47e8 sp=0x00007f24f702d2a0
Event: 2.061 Thread 0x00007f24f000b800 DEOPT UNPACKING pc=0x00007f24e1005229 sp=0x00007f24f702d278 mode 2
Event: 2.163 Executing VM operation: ParallelGCFailedAllocation
Event: 2.176 Executing VM operation: ParallelGCFailedAllocation done
Event: 2.289 Thread 0x00007f24f000b800 Uncommon trap: trap_request=0xffffff65 fr.pc=0x00007f24e182589c
Event: 2.289 Thread 0x00007f24f000b800 DEOPT PACKING pc=0x00007f24e182589c sp=0x00007f24f702d390
Event: 2.289 Thread 0x00007f24f000b800 DEOPT UNPACKING pc=0x00007f24e1005229 sp=0x00007f24f702d188 mode 2
Event: 2.510 Executing VM operation: ParallelGCFailedAllocation


Dynamic libraries:
00400000-00401000 r-xp 00000000 08:03 1572315                            /opt/java/jdk1.8.0_45/bin/java
00600000-00601000 rw-p 00000000 08:03 1572315                            /opt/java/jdk1.8.0_45/bin/java
00c8c000-00cad000 rw-p 00000000 00:00 0                                  [heap]
c0000000-c2980000 rw-p 00000000 00:00 0 
c2980000-eab00000 ---p 00000000 00:00 0 
eab00000-f4100000 rw-p 00000000 00:00 0 
fbd00000-100000000 ---p 00000000 00:00 0 
100000000-1000e0000 rw-p 00000000 00:00 0 
1000e0000-140000000 ---p 00000000 00:00 0 
7f24a4000000-7f24a4021000 rw-p 00000000 00:00 0 
7f24a4021000-7f24a8000000 ---p 00000000 00:00 0 
7f24a8000000-7f24a8021000 rw-p 00000000 00:00 0 
7f24a8021000-7f24ac000000 ---p 00000000 00:00 0 
7f24ac000000-7f24ad3da000 rw-p 00000000 00:00 0 
7f24ad3da000-7f24b0000000 ---p 00000000 00:00 0 
7f24b0000000-7f24b0825000 rw-p 00000000 00:00 0 
7f24b0825000-7f24b4000000 ---p 00000000 00:00 0 
7f24b4000000-7f24b4021000 rw-p 00000000 00:00 0 
7f24b4021000-7f24b8000000 ---p 00000000 00:00 0 
7f24b8000000-7f24b8adf000 rw-p 00000000 00:00 0 
7f24b8adf000-7f24bc000000 ---p 00000000 00:00 0 
7f24bc000000-7f24bc021000 rw-p 00000000 00:00 0 
7f24bc021000-7f24c0000000 ---p 00000000 00:00 0 
7f24c0000000-7f24c0021000 rw-p 00000000 00:00 0 
7f24c0021000-7f24c4000000 ---p 00000000 00:00 0 
7f24c4000000-7f24c4021000 rw-p 00000000 00:00 0 
7f24c4021000-7f24c8000000 ---p 00000000 00:00 0 
7f24c8000000-7f24c828a000 rw-p 00000000 00:00 0 
7f24c828a000-7f24cc000000 ---p 00000000 00:00 0 
7f24cc000000-7f24cc021000 rw-p 00000000 00:00 0 
7f24cc021000-7f24d0000000 ---p 00000000 00:00 0 
7f24d3cfd000-7f24d3cfe000 ---p 00000000 00:00 0 
7f24d3cfe000-7f24d3dfe000 rw-p 00000000 00:00 0                          [stack:26955]
7f24d3dfe000-7f24d3e01000 ---p 00000000 00:00 0 
7f24d3e01000-7f24d3eff000 rw-p 00000000 00:00 0                          [stack:26954]
7f24d3eff000-7f24d3f02000 ---p 00000000 00:00 0 
7f24d3f02000-7f24d4000000 rw-p 00000000 00:00 0                          [stack:26953]
7f24d4000000-7f24d4021000 rw-p 00000000 00:00 0 
7f24d4021000-7f24d8000000 ---p 00000000 00:00 0 
7f24d80a4000-7f24d80c0000 r--s 00393000 08:03 1574015                    /opt/java/jdk1.8.0_45/jre/lib/ext/cldrdata.jar
7f24d80c0000-7f24d80c3000 ---p 00000000 00:00 0 
7f24d80c3000-7f24d81c1000 rw-p 00000000 00:00 0                          [stack:26952]
7f24d81c1000-7f24d81c4000 ---p 00000000 00:00 0 
7f24d81c4000-7f24d82c2000 rw-p 00000000 00:00 0                          [stack:26951]
7f24d82c2000-7f24d82c5000 ---p 00000000 00:00 0 
7f24d82c5000-7f24d83c3000 rw-p 00000000 00:00 0                          [stack:26950]
7f24d83c3000-7f24d868c000 r--p 00000000 08:03 266989                     /usr/lib/locale/locale-archive
7f24d868c000-7f24d868f000 ---p 00000000 00:00 0 
7f24d868f000-7f24d878d000 rw-p 00000000 00:00 0                          [stack:26949]
7f24d878d000-7f24d8790000 ---p 00000000 00:00 0 
7f24d8790000-7f24d888e000 rw-p 00000000 00:00 0                          [stack:26948]
7f24d888e000-7f24d888f000 ---p 00000000 00:00 0 
7f24d888f000-7f24d9f40000 rw-p 00000000 00:00 0                          [stack:26947]
7f24d9f40000-7f24da000000 ---p 00000000 00:00 0 
7f24da000000-7f24dc000000 rw-p 00000000 00:00 0 
7f24dc000000-7f24dc021000 rw-p 00000000 00:00 0 
7f24dc021000-7f24e0000000 ---p 00000000 00:00 0 
7f24e0000000-7f24e000b000 r--s 00116000 08:03 1574017                    /opt/java/jdk1.8.0_45/jre/lib/ext/localedata.jar
7f24e000b000-7f24e010c000 rw-p 00000000 00:00 0 
7f24e010c000-7f24e02e5000 r--s 03d09000 08:03 1573810                    /opt/java/jdk1.8.0_45/jre/lib/rt.jar
7f24e02e5000-7f24e04e5000 rw-p 00000000 00:00 0 
7f24e04e5000-7f24e04e6000 ---p 00000000 00:00 0 
7f24e04e6000-7f24e05e6000 rw-p 00000000 00:00 0                          [stack:26946]
7f24e05e6000-7f24e05e7000 ---p 00000000 00:00 0 
7f24e05e7000-7f24e06e7000 rw-p 00000000 00:00 0                          [stack:26945]
7f24e06e7000-7f24e06e8000 ---p 00000000 00:00 0 
7f24e06e8000-7f24e07e8000 rw-p 00000000 00:00 0                          [stack:26944]
7f24e07e8000-7f24e07e9000 ---p 00000000 00:00 0 
7f24e07e9000-7f24e08fe000 rw-p 00000000 00:00 0                          [stack:26943]
7f24e08fe000-7f24e0a3f000 ---p 00000000 00:00 0 
7f24e0a3f000-7f24e0a54000 rw-p 00000000 00:00 0 
7f24e0a54000-7f24e0b94000 ---p 00000000 00:00 0 
7f24e0b94000-7f24e0be0000 rw-p 00000000 00:00 0 
7f24e0be0000-7f24e0c3f000 ---p 00000000 00:00 0 
7f24e0c3f000-7f24e0c62000 rw-p 00000000 00:00 0 
7f24e0c62000-7f24e1000000 ---p 00000000 00:00 0 
7f24e1000000-7f24e1880000 rwxp 00000000 00:00 0 
7f24e1880000-7f24f0000000 ---p 00000000 00:00 0 
7f24f0000000-7f24f03c2000 rw-p 00000000 00:00 0 
7f24f03c2000-7f24f4000000 ---p 00000000 00:00 0 
7f24f4007000-7f24f4016000 r--s 000dd000 00:1a 9438599                    /home/mike/Android/Sdk/build-tools/22.0.1/lib/dx.jar
7f24f4016000-7f24f40ce000 rw-p 00000000 00:00 0 
7f24f40ce000-7f24f40e8000 r-xp 00000000 08:03 1574049                    /opt/java/jdk1.8.0_45/jre/lib/amd64/libzip.so
7f24f40e8000-7f24f42e8000 ---p 0001a000 08:03 1574049                    /opt/java/jdk1.8.0_45/jre/lib/amd64/libzip.so
7f24f42e8000-7f24f42e9000 rw-p 0001a000 08:03 1574049                    /opt/java/jdk1.8.0_45/jre/lib/amd64/libzip.so
7f24f42e9000-7f24f42f4000 r-xp 00000000 08:03 131807                     /lib/x86_64-linux-gnu/libnss_files-2.19.so
7f24f42f4000-7f24f44f3000 ---p 0000b000 08:03 131807                     /lib/x86_64-linux-gnu/libnss_files-2.19.so
7f24f44f3000-7f24f44f4000 r--p 0000a000 08:03 131807                     /lib/x86_64-linux-gnu/libnss_files-2.19.so
7f24f44f4000-7f24f44f5000 rw-p 0000b000 08:03 131807                     /lib/x86_64-linux-gnu/libnss_files-2.19.so
7f24f44f5000-7f24f4500000 r-xp 00000000 08:03 131871                     /lib/x86_64-linux-gnu/libnss_nis-2.19.so
7f24f4500000-7f24f46ff000 ---p 0000b000 08:03 131871                     /lib/x86_64-linux-gnu/libnss_nis-2.19.so
7f24f46ff000-7f24f4700000 r--p 0000a000 08:03 131871                     /lib/x86_64-linux-gnu/libnss_nis-2.19.so
7f24f4700000-7f24f4701000 rw-p 0000b000 08:03 131871                     /lib/x86_64-linux-gnu/libnss_nis-2.19.so
7f24f4701000-7f24f4718000 r-xp 00000000 08:03 131829                     /lib/x86_64-linux-gnu/libnsl-2.19.so
7f24f4718000-7f24f4917000 ---p 00017000 08:03 131829                     /lib/x86_64-linux-gnu/libnsl-2.19.so
7f24f4917000-7f24f4918000 r--p 00016000 08:03 131829                     /lib/x86_64-linux-gnu/libnsl-2.19.so
7f24f4918000-7f24f4919000 rw-p 00017000 08:03 131829                     /lib/x86_64-linux-gnu/libnsl-2.19.so
7f24f4919000-7f24f491b000 rw-p 00000000 00:00 0 
7f24f491b000-7f24f4924000 r-xp 00000000 08:03 131828                     /lib/x86_64-linux-gnu/libnss_compat-2.19.so
7f24f4924000-7f24f4b23000 ---p 00009000 08:03 131828                     /lib/x86_64-linux-gnu/libnss_compat-2.19.so
7f24f4b23000-7f24f4b24000 r--p 00008000 08:03 131828                     /lib/x86_64-linux-gnu/libnss_compat-2.19.so
7f24f4b24000-7f24f4b25000 rw-p 00009000 08:03 131828                     /lib/x86_64-linux-gnu/libnss_compat-2.19.so
7f24f4b25000-7f24f4b4f000 r-xp 00000000 08:03 1574040                    /opt/java/jdk1.8.0_45/jre/lib/amd64/libjava.so
7f24f4b4f000-7f24f4d4f000 ---p 0002a000 08:03 1574040                    /opt/java/jdk1.8.0_45/jre/lib/amd64/libjava.so
7f24f4d4f000-7f24f4d51000 rw-p 0002a000 08:03 1574040                    /opt/java/jdk1.8.0_45/jre/lib/amd64/libjava.so
7f24f4d51000-7f24f4d5e000 r-xp 00000000 08:03 1574047                    /opt/java/jdk1.8.0_45/jre/lib/amd64/libverify.so
7f24f4d5e000-7f24f4f5e000 ---p 0000d000 08:03 1574047                    /opt/java/jdk1.8.0_45/jre/lib/amd64/libverify.so
7f24f4f5e000-7f24f4f60000 rw-p 0000d000 08:03 1574047                    /opt/java/jdk1.8.0_45/jre/lib/amd64/libverify.so
7f24f4f60000-7f24f4f67000 r-xp 00000000 08:03 131868                     /lib/x86_64-linux-gnu/librt-2.19.so
7f24f4f67000-7f24f5166000 ---p 00007000 08:03 131868                     /lib/x86_64-linux-gnu/librt-2.19.so
7f24f5166000-7f24f5167000 r--p 00006000 08:03 131868                     /lib/x86_64-linux-gnu/librt-2.19.so
7f24f5167000-7f24f5168000 rw-p 00007000 08:03 131868                     /lib/x86_64-linux-gnu/librt-2.19.so
7f24f5168000-7f24f526d000 r-xp 00000000 08:03 131806                     /lib/x86_64-linux-gnu/libm-2.19.so
7f24f526d000-7f24f546c000 ---p 00105000 08:03 131806                     /lib/x86_64-linux-gnu/libm-2.19.so
7f24f546c000-7f24f546d000 r--p 00104000 08:03 131806                     /lib/x86_64-linux-gnu/libm-2.19.so
7f24f546d000-7f24f546e000 rw-p 00105000 08:03 131806                     /lib/x86_64-linux-gnu/libm-2.19.so
7f24f546e000-7f24f611c000 r-xp 00000000 08:03 1574060                    /opt/java/jdk1.8.0_45/jre/lib/amd64/server/libjvm.so
7f24f611c000-7f24f631b000 ---p 00cae000 08:03 1574060                    /opt/java/jdk1.8.0_45/jre/lib/amd64/server/libjvm.so
7f24f631b000-7f24f63f2000 rw-p 00cad000 08:03 1574060                    /opt/java/jdk1.8.0_45/jre/lib/amd64/server/libjvm.so
7f24f63f2000-7f24f6436000 rw-p 00000000 00:00 0 
7f24f6436000-7f24f65f1000 r-xp 00000000 08:03 131857                     /lib/x86_64-linux-gnu/libc-2.19.so
7f24f65f1000-7f24f67f0000 ---p 001bb000 08:03 131857                     /lib/x86_64-linux-gnu/libc-2.19.so
7f24f67f0000-7f24f67f4000 r--p 001ba000 08:03 131857                     /lib/x86_64-linux-gnu/libc-2.19.so
7f24f67f4000-7f24f67f6000 rw-p 001be000 08:03 131857                     /lib/x86_64-linux-gnu/libc-2.19.so
7f24f67f6000-7f24f67fb000 rw-p 00000000 00:00 0 
7f24f67fb000-7f24f67fe000 r-xp 00000000 08:03 131810                     /lib/x86_64-linux-gnu/libdl-2.19.so
7f24f67fe000-7f24f69fd000 ---p 00003000 08:03 131810                     /lib/x86_64-linux-gnu/libdl-2.19.so
7f24f69fd000-7f24f69fe000 r--p 00002000 08:03 131810                     /lib/x86_64-linux-gnu/libdl-2.19.so
7f24f69fe000-7f24f69ff000 rw-p 00003000 08:03 131810                     /lib/x86_64-linux-gnu/libdl-2.19.so
7f24f69ff000-7f24f6a14000 r-xp 00000000 08:03 1573749                    /opt/java/jdk1.8.0_45/lib/amd64/jli/libjli.so
7f24f6a14000-7f24f6c14000 ---p 00015000 08:03 1573749                    /opt/java/jdk1.8.0_45/lib/amd64/jli/libjli.so
7f24f6c14000-7f24f6c15000 rw-p 00015000 08:03 1573749                    /opt/java/jdk1.8.0_45/lib/amd64/jli/libjli.so
7f24f6c15000-7f24f6c2e000 r-xp 00000000 08:03 131858                     /lib/x86_64-linux-gnu/libpthread-2.19.so
7f24f6c2e000-7f24f6e2d000 ---p 00019000 08:03 131858                     /lib/x86_64-linux-gnu/libpthread-2.19.so
7f24f6e2d000-7f24f6e2e000 r--p 00018000 08:03 131858                     /lib/x86_64-linux-gnu/libpthread-2.19.so
7f24f6e2e000-7f24f6e2f000 rw-p 00019000 08:03 131858                     /lib/x86_64-linux-gnu/libpthread-2.19.so
7f24f6e2f000-7f24f6e33000 rw-p 00000000 00:00 0 
7f24f6e33000-7f24f6e56000 r-xp 00000000 08:03 131833                     /lib/x86_64-linux-gnu/ld-2.19.so
7f24f6e57000-7f24f6e5c000 r--s 00094000 08:03 1573828                    /opt/java/jdk1.8.0_45/jre/lib/jsse.jar
7f24f6e5c000-7f24f6f2e000 rw-p 00000000 00:00 0 
7f24f6f2e000-7f24f6f31000 ---p 00000000 00:00 0 
7f24f6f31000-7f24f7034000 rw-p 00000000 00:00 0                          [stack:26942]
7f24f7034000-7f24f7035000 r--p 00000000 08:03 672594                     /usr/share/locale-langpack/en_GB/LC_MESSAGES/libc.mo
7f24f7035000-7f24f7049000 rw-p 00000000 00:00 0 
7f24f7049000-7f24f7051000 rw-s 00000000 08:03 1574164                    /tmp/hsperfdata_mike/26938
7f24f7051000-7f24f7052000 rw-p 00000000 00:00 0 
7f24f7052000-7f24f7053000 ---p 00000000 00:00 0 
7f24f7053000-7f24f7055000 rw-p 00000000 00:00 0 
7f24f7055000-7f24f7056000 r--p 00022000 08:03 131833                     /lib/x86_64-linux-gnu/ld-2.19.so
7f24f7056000-7f24f7057000 rw-p 00023000 08:03 131833                     /lib/x86_64-linux-gnu/ld-2.19.so
7f24f7057000-7f24f7058000 rw-p 00000000 00:00 0 
7fffb9253000-7fffb9275000 rw-p 00000000 00:00 0                          [stack]
7fffb9370000-7fffb9372000 r-xp 00000000 00:00 0                          [vdso]
ffffffffff600000-ffffffffff601000 r-xp 00000000 00:00 0                  [vsyscall]

VM Arguments:
jvm_args: -Xmx1024M -Dfile.encoding=UTF-8 -Duser.country=GB -Duser.language=en -Duser.variant 
java_command: com.android.dx.command.Main --dex --output /home/mike/AndroidStudioProjects/Wordist/app/build/intermediates/dex/debug /home/mike/AndroidStudioProjects/Wordist/app/build/intermediates/classes/debug /home/mike/AndroidStudioProjects/Wordist/app/build/intermediates/pre-dexed/debug/support-annotations-22.2.0-bfa71d602cc0e11fce5350ed544c9f5e4d4a05e4.jar /home/mike/AndroidStudioProjects/Wordist/app/build/intermediates/pre-dexed/debug/classes-e01224f4b848d2f70fe036e6ffd03fad8e49b557.jar /home/mike/AndroidStudioProjects/Wordist/app/build/intermediates/pre-dexed/debug/classes-2ab3d19bd8375c4756f92f9df195e4252f17cf71.jar /home/mike/AndroidStudioProjects/Wordist/app/build/intermediates/pre-dexed/debug/classes-674e81071699e5047dc949309e33eaff0b6cf792.jar /home/mike/AndroidStudioProjects/Wordist/app/build/intermediates/pre-dexed/debug/internal_impl-22.0.0-badf73acff408b2f94e3947ab7ebff932b700965.jar /home/mike/AndroidStudioProjects/Wordist/app/build/intermediates/pre-dexed/debug/classes-b97a6c1cf7fbeb04f196fcf80c57d4257edcc6dd.jar /home/mike/AndroidStudioProjects/Wordist/app/build/intermediates/pre-dexed/debug/classes-d24eb526a194db96263c3f6685649fd0fe6c44d5.jar /home/mike/AndroidStudioProjects/Wordist/app/build/intermediates/pre-dexed/debug/classes-7a28f4ba4fb32a581ec7923ddf90ef95697adfea.jar /home/mike/AndroidStudioProjects/Wordist/app/build/intermediates/pre-dexed/debug/classes-2fffb6f7a97d395100aaf3eefa7e7444903a76be.jar /home/mike/AndroidStudioProjects/Wordist/app/build/intermediates/pre-dexed/debug/classes-cc0797b316f66372a2b35e75e646f3b4068a1b62.jar /home/mike/AndroidStudioProjects/Wordist/app/build/intermediates/pre-dexed/debug/classes-ba694547ab3fc3fe5bc8d34ae51866c6cab4beda.jar /home/mike/AndroidStudioProjects/Wordist/app/build/intermediates/pre-dexed/debug/classes-137b98b536e4a331a4b67052cd2264e1af3633e9.jar /home/mike/AndroidStudioProjects/Wordist/app/build/intermediates/pre-dexed/debug/classes-d59b62fbaf9b5683c1ab50b0492d3f2097297188.jar /home/mike/An
java_class_path (initial): /home/mike/Android/Sdk/build-tools/22.0.1/lib/dx.jar
Launcher Type: SUN_STANDARD

Environment Variables:
PATH=/usr/local/sbin:/usr/local/bin:/usr/sbin:/usr/bin:/sbin:/bin:/usr/games:/usr/local/games
USERNAME=mike
LD_LIBRARY_PATH=/opt/android-studio/bin:
SHELL=/bin/bash
DISPLAY=:0

Signal Handlers:
SIGSEGV: [libjvm.so+0xaad1e0], sa_mask[0]=11111111011111111101111111111110, sa_flags=SA_RESTART|SA_SIGINFO
SIGBUS: [libjvm.so+0xaad1e0], sa_mask[0]=11111111011111111101111111111110, sa_flags=SA_RESTART|SA_SIGINFO
SIGFPE: [libjvm.so+0x90b450], sa_mask[0]=11111111011111111101111111111110, sa_flags=SA_RESTART|SA_SIGINFO
SIGPIPE: [libjvm.so+0x90b450], sa_mask[0]=11111111011111111101111111111110, sa_flags=SA_RESTART|SA_SIGINFO
SIGXFSZ: [libjvm.so+0x90b450], sa_mask[0]=11111111011111111101111111111110, sa_flags=SA_RESTART|SA_SIGINFO
SIGILL: [libjvm.so+0x90b450], sa_mask[0]=11111111011111111101111111111110, sa_flags=SA_RESTART|SA_SIGINFO
SIGUSR1: SIG_DFL, sa_mask[0]=00000000000000000000000000000000, sa_flags=none
SIGUSR2: [libjvm.so+0x90ca90], sa_mask[0]=00100000000000000000000000000000, sa_flags=SA_RESTART|SA_SIGINFO
SIGHUP: [libjvm.so+0x90dde0], sa_mask[0]=11111111011111111101111111111110, sa_flags=SA_RESTART|SA_SIGINFO
SIGINT: [libjvm.so+0x90dde0], sa_mask[0]=11111111011111111101111111111110, sa_flags=SA_RESTART|SA_SIGINFO
SIGTERM: [libjvm.so+0x90dde0], sa_mask[0]=11111111011111111101111111111110, sa_flags=SA_RESTART|SA_SIGINFO
SIGQUIT: [libjvm.so+0x90dde0], sa_mask[0]=11111111011111111101111111111110, sa_flags=SA_RESTART|SA_SIGINFO


---------------  S Y S T E M  ---------------

OS:DISTRIB_ID=LinuxMint
DISTRIB_RELEASE=17.2
DISTRIB_CODENAME=rafaela
DISTRIB_DESCRIPTION="Linux Mint 17.2 Rafaela"

uname:Linux 3.13.0-37-generic #64-Ubuntu SMP Mon Sep 22 21:28:38 UTC 2014 x86_64
libc:glibc 2.19 NPTL 2.19 
rlimit: STACK 8192k, CORE 0k, NPROC 30882, NOFILE 4096, AS infinity
load average:1.45 0.85 0.88

/proc/meminfo:
MemTotal:        4048044 kB
MemFree:          128424 kB
Buffers:             388 kB
Cached:            39232 kB
SwapCached:            0 kB
Active:          3387540 kB
Inactive:          26396 kB
Active(anon):    3377112 kB
Inactive(anon):    16092 kB
Active(file):      10428 kB
Inactive(file):    10304 kB
Unevictable:          72 kB
Mlocked:              72 kB
SwapTotal:             0 kB
SwapFree:              0 kB
Dirty:                40 kB
Writeback:             0 kB
AnonPages:       3375444 kB
Mapped:           197704 kB
Shmem:             17872 kB
Slab:              64896 kB
SReclaimable:      23036 kB
SUnreclaim:        41860 kB
KernelStack:        4248 kB
PageTables:        31088 kB
NFS_Unstable:          0 kB
Bounce:                0 kB
WritebackTmp:          0 kB
CommitLimit:     2024020 kB
Committed_AS:    4937512 kB
VmallocTotal:   34359738367 kB
VmallocUsed:      305680 kB
VmallocChunk:   34359429372 kB
HardwareCorrupted:     0 kB
AnonHugePages:   2301952 kB
HugePages_Total:       0
HugePages_Free:        0
HugePages_Rsvd:        0
HugePages_Surp:        0
Hugepagesize:       2048 kB
DirectMap4k:      280128 kB
DirectMap2M:     3913728 kB
DirectMap1G:           0 kB


CPU:total 4 (4 cores per cpu, 1 threads per core) family 16 model 4 stepping 2, cmov, cx8, fxsr, mmx, sse, sse2, sse3, popcnt, mmxext, 3dnowpref, lzcnt, sse4a, tsc, tscinvbit, tscinv

/proc/cpuinfo:
processor	: 0
vendor_id	: AuthenticAMD
cpu family	: 16
model		: 4
model name	: AMD Phenom(tm) II X4 955 Processor
stepping	: 2
microcode	: 0x1000086
cpu MHz		: 800.000
cache size	: 512 KB
physical id	: 0
siblings	: 4
core id		: 0
cpu cores	: 4
apicid		: 0
initial apicid	: 0
fpu		: yes
fpu_exception	: yes
cpuid level	: 5
wp		: yes
flags		: fpu vme de pse tsc msr pae mce cx8 apic sep mtrr pge mca cmov pat pse36 clflush mmx fxsr sse sse2 ht syscall nx mmxext fxsr_opt pdpe1gb rdtscp lm 3dnowext 3dnow constant_tsc rep_good nopl nonstop_tsc extd_apicid pni monitor cx16 popcnt lahf_lm cmp_legacy svm extapic cr8_legacy abm sse4a misalignsse 3dnowprefetch osvw ibs skinit wdt hw_pstate npt lbrv svm_lock nrip_save
bogomips	: 6399.67
TLB size	: 1024 4K pages
clflush size	: 64
cache_alignment	: 64
address sizes	: 48 bits physical, 48 bits virtual
power management: ts ttp tm stc 100mhzsteps hwpstate

processor	: 1
vendor_id	: AuthenticAMD
cpu family	: 16
model		: 4
model name	: AMD Phenom(tm) II X4 955 Processor
stepping	: 2
microcode	: 0x1000086
cpu MHz		: 2100.000
cache size	: 512 KB
physical id	: 0
siblings	: 4
core id		: 1
cpu cores	: 4
apicid		: 1
initial apicid	: 1
fpu		: yes
fpu_exception	: yes
cpuid level	: 5
wp		: yes
flags		: fpu vme de pse tsc msr pae mce cx8 apic sep mtrr pge mca cmov pat pse36 clflush mmx fxsr sse sse2 ht syscall nx mmxext fxsr_opt pdpe1gb rdtscp lm 3dnowext 3dnow constant_tsc rep_good nopl nonstop_tsc extd_apicid pni monitor cx16 popcnt lahf_lm cmp_legacy svm extapic cr8_legacy abm sse4a misalignsse 3dnowprefetch osvw ibs skinit wdt hw_pstate npt lbrv svm_lock nrip_save
bogomips	: 6399.67
TLB size	: 1024 4K pages
clflush size	: 64
cache_alignment	: 64
address sizes	: 48 bits physical, 48 bits virtual
power management: ts ttp tm stc 100mhzsteps hwpstate

processor	: 2
vendor_id	: AuthenticAMD
cpu family	: 16
model		: 4
model name	: AMD Phenom(tm) II X4 955 Processor
stepping	: 2
microcode	: 0x1000086
cpu MHz		: 800.000
cache size	: 512 KB
physical id	: 0
siblings	: 4
core id		: 2
cpu cores	: 4
apicid		: 2
initial apicid	: 2
fpu		: yes
fpu_exception	: yes
cpuid level	: 5
wp		: yes
flags		: fpu vme de pse tsc msr pae mce cx8 apic sep mtrr pge mca cmov pat pse36 clflush mmx fxsr sse sse2 ht syscall nx mmxext fxsr_opt pdpe1gb rdtscp lm 3dnowext 3dnow constant_tsc rep_good nopl nonstop_tsc extd_apicid pni monitor cx16 popcnt lahf_lm cmp_legacy svm extapic cr8_legacy abm sse4a misalignsse 3dnowprefetch osvw ibs skinit wdt hw_pstate npt lbrv svm_lock nrip_save
bogomips	: 6399.67
TLB size	: 1024 4K pages
clflush size	: 64
cache_alignment	: 64
address sizes	: 48 bits physical, 48 bits virtual
power management: ts ttp tm stc 100mhzsteps hwpstate

processor	: 3
vendor_id	: AuthenticAMD
cpu family	: 16
model		: 4
model name	: AMD Phenom(tm) II X4 955 Processor
stepping	: 2
microcode	: 0x1000086
cpu MHz		: 3200.000
cache size	: 512 KB
physical id	: 0
siblings	: 4
core id		: 3
cpu cores	: 4
apicid		: 3
initial apicid	: 3
fpu		: yes
fpu_exception	: yes
cpuid level	: 5
wp		: yes
flags		: fpu vme de pse tsc msr pae mce cx8 apic sep mtrr pge mca cmov pat pse36 clflush mmx fxsr sse sse2 ht syscall nx mmxext fxsr_opt pdpe1gb rdtscp lm 3dnowext 3dnow constant_tsc rep_good nopl nonstop_tsc extd_apicid pni monitor cx16 popcnt lahf_lm cmp_legacy svm extapic cr8_legacy abm sse4a misalignsse 3dnowprefetch osvw ibs skinit wdt hw_pstate npt lbrv svm_lock nrip_save
bogomips	: 6399.67
TLB size	: 1024 4K pages
clflush size	: 64
cache_alignment	: 64
address sizes	: 48 bits physical, 48 bits virtual
power management: ts ttp tm stc 100mhzsteps hwpstate



Memory: 4k page, physical 4048044k(132832k free), swap 0k(0k free)

vm_info: Java HotSpot(TM) 64-Bit Server VM (25.45-b02) for linux-amd64 JRE (1.8.0_45-b14), built on Apr 10 2015 10:07:45 by "java_re" with gcc 4.3.0 20080428 (Red Hat 4.3.0-8)

time: Sun Jul 19 22:25:45 2015
elapsed time: 2 seconds (0d 0h 0m 2s)

