#
# There is insufficient memory for the Java Runtime Environment to continue.
# Native memory allocation (mmap) failed to map 65011712 bytes for committing reserved memory.
# Possible reasons:
#   The system is out of physical RAM or swap space
#   In 32 bit mode, the process size limit was hit
# Possible solutions:
#   Reduce memory load on the system
#   Increase physical memory or swap space
#   Check if swap backing store is full
#   Use 64 bit Java on a 64 bit OS
#   Decrease Java heap size (-Xmx/-Xms)
#   Decrease number of Java threads
#   Decrease Java thread stack sizes (-Xss)
#   Set larger code cache with -XX:ReservedCodeCacheSize=
# This output file may be truncated or incomplete.
#
#  Out of Memory Error (os_linux.cpp:2673), pid=4773, tid=140308660606720
#
# JRE version: Java(TM) SE Runtime Environment (8.0_45-b14) (build 1.8.0_45-b14)
# Java VM: Java HotSpot(TM) 64-Bit Server VM (25.45-b02 mixed mode linux-amd64 compressed oops)
# Failed to write core dump. Core dumps have been disabled. To enable core dumping, try "ulimit -c unlimited" before starting Java again
#

---------------  T H R E A D  ---------------

Current thread (0x00007f9c40079800):  VMThread [stack: 0x00007f9c27cfd000,0x00007f9c27dfe000] [id=4783]

Stack: [0x00007f9c27cfd000,0x00007f9c27dfe000],  sp=0x00007f9c27dfc260,  free space=1020k
Native frames: (J=compiled Java code, j=interpreted, Vv=VM code, C=native code)
V  [libjvm.so+0xaac99a]  VMError::report_and_die()+0x2ba
V  [libjvm.so+0x4f333b]  report_vm_out_of_memory(char const*, int, unsigned long, VMErrorType, char const*)+0x8b
V  [libjvm.so+0x90e7c3]  os::Linux::commit_memory_impl(char*, unsigned long, bool)+0x103
V  [libjvm.so+0x90ed19]  os::pd_commit_memory(char*, unsigned long, unsigned long, bool)+0x29
V  [libjvm.so+0x90867a]  os::commit_memory(char*, unsigned long, unsigned long, bool)+0x2a
V  [libjvm.so+0x97bac3]  PSVirtualSpace::expand_by(unsigned long)+0x53
V  [libjvm.so+0x97cec8]  PSYoungGen::resize_generation(unsigned long, unsigned long)+0xf8
V  [libjvm.so+0x97c022]  PSYoungGen::resize(unsigned long, unsigned long)+0x22
V  [libjvm.so+0x9792fb]  PSScavenge::invoke_no_policy()+0xf7b
V  [libjvm.so+0x979a81]  PSScavenge::invoke()+0x41
V  [libjvm.so+0x932050]  ParallelScavengeHeap::failed_mem_allocate(unsigned long)+0x70
V  [libjvm.so+0xaae1d7]  VM_ParallelGCFailedAllocation::doit()+0x97
V  [libjvm.so+0xab59c5]  VM_Operation::evaluate()+0x55
V  [libjvm.so+0xab3d9a]  VMThread::evaluate_operation(VM_Operation*)+0xba
V  [libjvm.so+0xab411e]  VMThread::loop()+0x1ce
V  [libjvm.so+0xab4590]  VMThread::run()+0x70
V  [libjvm.so+0x910de8]  java_start(Thread*)+0x108

VM_Operation (0x00007f9c4654b1c0): ParallelGCFailedAllocation, mode: safepoint, requested by thread 0x00007f9c4000b800


---------------  P R O C E S S  ---------------

Java Threads: ( => current thread )
  0x00007f9c400ca000 JavaThread "Service Thread" daemon [_thread_blocked, id=4790, stack(0x00007f9c2732d000,0x00007f9c2742e000)]
  0x00007f9c400bc800 JavaThread "C1 CompilerThread2" daemon [_thread_blocked, id=4789, stack(0x00007f9c2742e000,0x00007f9c2752f000)]
  0x00007f9c400bb000 JavaThread "C2 CompilerThread1" daemon [_thread_blocked, id=4788, stack(0x00007f9c2752f000,0x00007f9c27630000)]
  0x00007f9c400b8000 JavaThread "C2 CompilerThread0" daemon [_thread_blocked, id=4787, stack(0x00007f9c27630000,0x00007f9c27731000)]
  0x00007f9c400b6800 JavaThread "Signal Dispatcher" daemon [_thread_blocked, id=4786, stack(0x00007f9c27731000,0x00007f9c27832000)]
  0x00007f9c40080800 JavaThread "Finalizer" daemon [_thread_blocked, id=4785, stack(0x00007f9c27afb000,0x00007f9c27bfc000)]
  0x00007f9c4007e800 JavaThread "Reference Handler" daemon [_thread_blocked, id=4784, stack(0x00007f9c27bfc000,0x00007f9c27cfd000)]
  0x00007f9c4000b800 JavaThread "main" [_thread_blocked, id=4778, stack(0x00007f9c4644c000,0x00007f9c4654d000)]

Other Threads:
=>0x00007f9c40079800 VMThread [stack: 0x00007f9c27cfd000,0x00007f9c27dfe000] [id=4783]
  0x00007f9c400cc800 WatcherThread [stack: 0x00007f9c2722c000,0x00007f9c2732d000] [id=4791]

VM state:at safepoint (normal execution)

VM Mutex/Monitor currently owned by a thread:  ([mutex/lock_event])
[0x00007f9c40007df0] Threads_lock - owner thread: 0x00007f9c40079800
[0x00007f9c400082f0] Heap_lock - owner thread: 0x00007f9c4000b800

Heap:
 PSYoungGen      total 267776K, used 14540K [0x00000000eab00000, 0x00000000fc200000, 0x0000000100000000)
  eden space 251904K, 0% used [0x00000000eab00000,0x00000000eab00000,0x00000000fa100000)
  from space 15872K, 91% used [0x00000000fa100000,0x00000000faf33080,0x00000000fb080000)
  to   space 13824K, 0% used [0x00000000fb080000,0x00000000fb080000,0x00000000fbe00000)
 ParOldGen       total 42496K, used 40697K [0x00000000c0000000, 0x00000000c2980000, 0x00000000eab00000)
  object space 42496K, 95% used [0x00000000c0000000,0x00000000c27be6c0,0x00000000c2980000)
 Metaspace       used 7765K, capacity 7966K, committed 8320K, reserved 1056768K
  class space    used 754K, capacity 785K, committed 896K, reserved 1048576K

Card table byte_map: [0x00007f9c2ffe8000,0x00007f9c301e9000] byte_map_base: 0x00007f9c2f9e8000

Marking Bits: (ParMarkBitMap*) 0x00007f9c45927760
 Begin Bits: [0x00007f9c2da8e000, 0x00007f9c2ea8e000)
 End Bits:   [0x00007f9c2ea8e000, 0x00007f9c2fa8e000)

Polling page: 0x00007f9c4656e000

CodeCache: size=245760Kb used=9452Kb max_used=9466Kb free=236308Kb
 bounds [0x00007f9c305a9000, 0x00007f9c30ef9000, 0x00007f9c3f5a9000]
 total_blobs=2897 nmethods=2601 adapters=210
 compilation: enabled

Compilation events (10 events):
Event: 3.148 Thread 0x00007f9c400b8000 nmethod 2606 0x00007f9c30ed4390 code [0x00007f9c30ed4540, 0x00007f9c30ed4ff8]
Event: 3.148 Thread 0x00007f9c400b8000 2607       4       java.util.TimSort::countRunAndMakeAscending (128 bytes)
Event: 3.158 Thread 0x00007f9c400b8000 nmethod 2607 0x00007f9c30eea410 code [0x00007f9c30eea5a0, 0x00007f9c30eeacb8]
Event: 3.158 Thread 0x00007f9c400b8000 2611       4       com.android.dx.io.instructions.InstructionCodec$33::encode (131 bytes)
Event: 3.160 Thread 0x00007f9c400bb000 nmethod 2602% 0x00007f9c30eeeb90 code [0x00007f9c30eeefa0, 0x00007f9c30ef1230]
Event: 3.161 Thread 0x00007f9c400bb000 2608       4       java.util.TimSort::gallopRight (335 bytes)
Event: 3.176 Thread 0x00007f9c400bb000 nmethod 2608 0x00007f9c30eed6d0 code [0x00007f9c30eed8a0, 0x00007f9c30eee258]
Event: 3.176 Thread 0x00007f9c400bb000 2604       4       java.util.ComparableTimSort::mergeHi (729 bytes)
Event: 3.181 Thread 0x00007f9c400b8000 nmethod 2611 0x00007f9c30ee8350 code [0x00007f9c30ee8560, 0x00007f9c30ee9338]
Event: 3.181 Thread 0x00007f9c400b8000 2610       4       com.android.dx.io.instructions.InstructionCodec$9::decode (37 bytes)

GC Heap History (10 events):
Event: 1.694 GC heap after
Heap after GC invocations=4 (full 0):
 PSYoungGen      total 66048K, used 2533K [0x00000000eab00000, 0x00000000eee00000, 0x0000000100000000)
  eden space 63488K, 0% used [0x00000000eab00000,0x00000000eab00000,0x00000000ee900000)
  from space 2560K, 98% used [0x00000000eeb80000,0x00000000eedf9760,0x00000000eee00000)
  to   space 2560K, 0% used [0x00000000ee900000,0x00000000ee900000,0x00000000eeb80000)
 ParOldGen       total 42496K, used 15745K [0x00000000c0000000, 0x00000000c2980000, 0x00000000eab00000)
  object space 42496K, 37% used [0x00000000c0000000,0x00000000c0f60438,0x00000000c2980000)
 Metaspace       used 7616K, capacity 7928K, committed 8192K, reserved 1056768K
  class space    used 744K, capacity 752K, committed 768K, reserved 1048576K
}
Event: 1.943 GC heap before
{Heap before GC invocations=5 (full 0):
 PSYoungGen      total 66048K, used 66021K [0x00000000eab00000, 0x00000000eee00000, 0x0000000100000000)
  eden space 63488K, 100% used [0x00000000eab00000,0x00000000ee900000,0x00000000ee900000)
  from space 2560K, 98% used [0x00000000eeb80000,0x00000000eedf9760,0x00000000eee00000)
  to   space 2560K, 0% used [0x00000000ee900000,0x00000000ee900000,0x00000000eeb80000)
 ParOldGen       total 42496K, used 15745K [0x00000000c0000000, 0x00000000c2980000, 0x00000000eab00000)
  object space 42496K, 37% used [0x00000000c0000000,0x00000000c0f60438,0x00000000c2980000)
 Metaspace       used 7740K, capacity 7966K, committed 8320K, reserved 1056768K
  class space    used 754K, capacity 785K, committed 896K, reserved 1048576K
Event: 1.951 GC heap after
Heap after GC invocations=5 (full 0):
 PSYoungGen      total 66048K, used 2551K [0x00000000eab00000, 0x00000000f4100000, 0x0000000100000000)
  eden space 63488K, 0% used [0x00000000eab00000,0x00000000eab00000,0x00000000ee900000)
  from space 2560K, 99% used [0x00000000ee900000,0x00000000eeb7dd90,0x00000000eeb80000)
  to   space 13312K, 0% used [0x00000000f3400000,0x00000000f3400000,0x00000000f4100000)
 ParOldGen       total 42496K, used 23802K [0x00000000c0000000, 0x00000000c2980000, 0x00000000eab00000)
  object space 42496K, 56% used [0x00000000c0000000,0x00000000c173eb30,0x00000000c2980000)
 Metaspace       used 7740K, capacity 7966K, committed 8320K, reserved 1056768K
  class space    used 754K, capacity 785K, committed 896K, reserved 1048576K
}
Event: 2.107 GC heap before
{Heap before GC invocations=6 (full 0):
 PSYoungGen      total 66048K, used 66039K [0x00000000eab00000, 0x00000000f4100000, 0x0000000100000000)
  eden space 63488K, 100% used [0x00000000eab00000,0x00000000ee900000,0x00000000ee900000)
  from space 2560K, 99% used [0x00000000ee900000,0x00000000eeb7dd90,0x00000000eeb80000)
  to   space 13312K, 0% used [0x00000000f3400000,0x00000000f3400000,0x00000000f4100000)
 ParOldGen       total 42496K, used 23802K [0x00000000c0000000, 0x00000000c2980000, 0x00000000eab00000)
  object space 42496K, 56% used [0x00000000c0000000,0x00000000c173eb30,0x00000000c2980000)
 Metaspace       used 7749K, capacity 7966K, committed 8320K, reserved 1056768K
  class space    used 754K, capacity 785K, committed 896K, reserved 1048576K
Event: 2.120 GC heap after
Heap after GC invocations=6 (full 0):
 PSYoungGen      total 138240K, used 6684K [0x00000000eab00000, 0x00000000f3f00000, 0x0000000100000000)
  eden space 126976K, 0% used [0x00000000eab00000,0x00000000eab00000,0x00000000f2700000)
  from space 11264K, 59% used [0x00000000f3400000,0x00000000f3a87180,0x00000000f3f00000)
  to   space 12288K, 0% used [0x00000000f2700000,0x00000000f2700000,0x00000000f3300000)
 ParOldGen       total 42496K, used 23802K [0x00000000c0000000, 0x00000000c2980000, 0x00000000eab00000)
  object space 42496K, 56% used [0x00000000c0000000,0x00000000c173eb30,0x00000000c2980000)
 Metaspace       used 7749K, capacity 7966K, committed 8320K, reserved 1056768K
  class space    used 754K, capacity 785K, committed 896K, reserved 1048576K
}
Event: 2.410 GC heap before
{Heap before GC invocations=7 (full 0):
 PSYoungGen      total 138240K, used 133660K [0x00000000eab00000, 0x00000000f3f00000, 0x0000000100000000)
  eden space 126976K, 100% used [0x00000000eab00000,0x00000000f2700000,0x00000000f2700000)
  from space 11264K, 59% used [0x00000000f3400000,0x00000000f3a87180,0x00000000f3f00000)
  to   space 12288K, 0% used [0x00000000f2700000,0x00000000f2700000,0x00000000f3300000)
 ParOldGen       total 42496K, used 23802K [0x00000000c0000000, 0x00000000c2980000, 0x00000000eab00000)
  object space 42496K, 56% used [0x00000000c0000000,0x00000000c173eb30,0x00000000c2980000)
 Metaspace       used 7756K, capacity 7966K, committed 8320K, reserved 1056768K
  class space    used 754K, capacity 785K, committed 896K, reserved 1048576K
Event: 2.423 GC heap after
Heap after GC invocations=7 (full 0):
 PSYoungGen      total 139264K, used 11034K [0x00000000eab00000, 0x00000000fbe00000, 0x0000000100000000)
  eden space 126976K, 0% used [0x00000000eab00000,0x00000000eab00000,0x00000000f2700000)
  from space 12288K, 89% used [0x00000000f2700000,0x00000000f31c6858,0x00000000f3300000)
  to   space 13824K, 0% used [0x00000000fb080000,0x00000000fb080000,0x00000000fbe00000)
 ParOldGen       total 42496K, used 26026K [0x00000000c0000000, 0x00000000c2980000, 0x00000000eab00000)
  object space 42496K, 61% used [0x00000000c0000000,0x00000000c196a930,0x00000000c2980000)
 Metaspace       used 7756K, capacity 7966K, committed 8320K, reserved 1056768K
  class space    used 754K, capacity 785K, committed 896K, reserved 1048576K
}
Event: 2.657 GC heap before
{Heap before GC invocations=8 (full 0):
 PSYoungGen      total 139264K, used 138010K [0x00000000eab00000, 0x00000000fbe00000, 0x0000000100000000)
  eden space 126976K, 100% used [0x00000000eab00000,0x00000000f2700000,0x00000000f2700000)
  from space 12288K, 89% used [0x00000000f2700000,0x00000000f31c6858,0x00000000f3300000)
  to   space 13824K, 0% used [0x00000000fb080000,0x00000000fb080000,0x00000000fbe00000)
 ParOldGen       total 42496K, used 26026K [0x00000000c0000000, 0x00000000c2980000, 0x00000000eab00000)
  object space 42496K, 61% used [0x00000000c0000000,0x00000000c196a930,0x00000000c2980000)
 Metaspace       used 7762K, capacity 7966K, committed 8320K, reserved 1056768K
  class space    used 754K, capacity 785K, committed 896K, reserved 1048576K
Event: 2.665 GC heap after
Heap after GC invocations=8 (full 0):
 PSYoungGen      total 265728K, used 13822K [0x00000000eab00000, 0x00000000fc200000, 0x0000000100000000)
  eden space 251904K, 0% used [0x00000000eab00000,0x00000000eab00000,0x00000000fa100000)
  from space 13824K, 99% used [0x00000000fb080000,0x00000000fbdff998,0x00000000fbe00000)
  to   space 15872K, 0% used [0x00000000fa100000,0x00000000fa100000,0x00000000fb080000)
 ParOldGen       total 42496K, used 26922K [0x00000000c0000000, 0x00000000c2980000, 0x00000000eab00000)
  object space 42496K, 63% used [0x00000000c0000000,0x00000000c1a4a950,0x00000000c2980000)
 Metaspace       used 7762K, capacity 7966K, committed 8320K, reserved 1056768K
  class space    used 754K, capacity 785K, committed 896K, reserved 1048576K
}
Event: 3.190 GC heap before
{Heap before GC invocations=9 (full 0):
 PSYoungGen      total 265728K, used 265726K [0x00000000eab00000, 0x00000000fc200000, 0x0000000100000000)
  eden space 251904K, 100% used [0x00000000eab00000,0x00000000fa100000,0x00000000fa100000)
  from space 13824K, 99% used [0x00000000fb080000,0x00000000fbdff998,0x00000000fbe00000)
  to   space 15872K, 0% used [0x00000000fa100000,0x00000000fa100000,0x00000000fb080000)
 ParOldGen       total 42496K, used 26922K [0x00000000c0000000, 0x00000000c2980000, 0x00000000eab00000)
  object space 42496K, 63% used [0x00000000c0000000,0x00000000c1a4a950,0x00000000c2980000)
 Metaspace       used 7765K, capacity 7966K, committed 8320K, reserved 1056768K
  class space    used 754K, capacity 785K, committed 896K, reserved 1048576K

Deoptimization events (10 events):
Event: 2.712 Thread 0x00007f9c4000b800 Uncommon trap: reason=unstable_if action=reinterpret pc=0x00007f9c30e89d48 method=com.android.dx.merge.IndexMap$EncodedValueTransformer.transform(Lcom/android/dex/EncodedValueReader;)V @ 447
Event: 2.813 Thread 0x00007f9c4000b800 Uncommon trap: reason=unstable_if action=reinterpret pc=0x00007f9c30dcf360 method=java.util.HashMap$TreeNode.balanceInsertion(Ljava/util/HashMap$TreeNode;Ljava/util/HashMap$TreeNode;)Ljava/util/HashMap$TreeNode; @ 189
Event: 3.103 Thread 0x00007f9c4000b800 Uncommon trap: reason=predicate action=maybe_recompile pc=0x00007f9c30ebb9d0 method=java.util.TimSort.binarySort([Ljava/lang/Object;IIILjava/util/Comparator;)V @ 37
Event: 3.103 Thread 0x00007f9c4000b800 Uncommon trap: reason=array_check action=maybe_recompile pc=0x00007f9c30ea6eac method=java.util.TimSort.binarySort([Ljava/lang/Object;IIILjava/util/Comparator;)V @ 215
Event: 3.103 Thread 0x00007f9c4000b800 Uncommon trap: reason=predicate action=maybe_recompile pc=0x00007f9c30ec5f50 method=java.util.TimSort.reverseRange([Ljava/lang/Object;II)V @ 8
Event: 3.103 Thread 0x00007f9c4000b800 Uncommon trap: reason=array_check action=maybe_recompile pc=0x00007f9c30ea6eac method=java.util.TimSort.binarySort([Ljava/lang/Object;IIILjava/util/Comparator;)V @ 215
Event: 3.104 Thread 0x00007f9c4000b800 Uncommon trap: reason=array_check action=maybe_recompile pc=0x00007f9c30ea6efc method=java.util.TimSort.binarySort([Ljava/lang/Object;IIILjava/util/Comparator;)V @ 193
Event: 3.104 Thread 0x00007f9c4000b800 Uncommon trap: reason=array_check action=maybe_recompile pc=0x00007f9c30ea6eac method=java.util.TimSort.binarySort([Ljava/lang/Object;IIILjava/util/Comparator;)V @ 215
Event: 3.105 Thread 0x00007f9c4000b800 Uncommon trap: reason=array_check action=maybe_recompile pc=0x00007f9c30e9f270 method=java.util.TimSort.binarySort([Ljava/lang/Object;IIILjava/util/Comparator;)V @ 183
Event: 3.105 Thread 0x00007f9c4000b800 Uncommon trap: reason=array_check action=maybe_recompile pc=0x00007f9c30e9f0c8 method=java.util.TimSort.binarySort([Ljava/lang/Object;IIILjava/util/Comparator;)V @ 215

Internal exceptions (7 events):
Event: 0.123 Thread 0x00007f9c4000b800 Exception <a 'java/lang/NoSuchMethodError': Method sun.misc.Unsafe.defineClass(Ljava/lang/String;[BII)Ljava/lang/Class; name or signature does not match> (0x00000000eab12a38) thrown at [/RE-WORK/workspace/8-2-build-linux-amd64/jdk8u45/3457/hotspot/src/sha
Event: 0.124 Thread 0x00007f9c4000b800 Exception <a 'java/lang/NoSuchMethodError': Method sun.misc.Unsafe.prefetchRead(Ljava/lang/Object;J)V name or signature does not match> (0x00000000eab12cc8) thrown at [/RE-WORK/workspace/8-2-build-linux-amd64/jdk8u45/3457/hotspot/src/share/vm/prims/jni.cp
Event: 0.994 Thread 0x00007f9c4000b800 Implicit null exception at 0x00007f9c30a71c62 to 0x00007f9c30a71d02
Event: 1.486 Thread 0x00007f9c4000b800 Exception <a 'java/security/PrivilegedActionException'> (0x00000000eacce048) thrown at [/RE-WORK/workspace/8-2-build-linux-amd64/jdk8u45/3457/hotspot/src/share/vm/prims/jvm.cpp, line 1382]
Event: 1.486 Thread 0x00007f9c4000b800 Exception <a 'java/security/PrivilegedActionException'> (0x00000000eacce390) thrown at [/RE-WORK/workspace/8-2-build-linux-amd64/jdk8u45/3457/hotspot/src/share/vm/prims/jvm.cpp, line 1382]
Event: 1.486 Thread 0x00007f9c4000b800 Exception <a 'java/security/PrivilegedActionException'> (0x00000000eacd0840) thrown at [/RE-WORK/workspace/8-2-build-linux-amd64/jdk8u45/3457/hotspot/src/share/vm/prims/jvm.cpp, line 1382]
Event: 1.486 Thread 0x00007f9c4000b800 Exception <a 'java/security/PrivilegedActionException'> (0x00000000eacd0b88) thrown at [/RE-WORK/workspace/8-2-build-linux-amd64/jdk8u45/3457/hotspot/src/share/vm/prims/jvm.cpp, line 1382]

Events (10 events):
Event: 3.104 Thread 0x00007f9c4000b800 Uncommon trap: trap_request=0xffffffd6 fr.pc=0x00007f9c30ea6eac
Event: 3.104 Thread 0x00007f9c4000b800 DEOPT PACKING pc=0x00007f9c30ea6eac sp=0x00007f9c4654b370
Event: 3.104 Thread 0x00007f9c4000b800 DEOPT UNPACKING pc=0x00007f9c305ae229 sp=0x00007f9c4654b330 mode 2
Event: 3.105 Thread 0x00007f9c4000b800 Uncommon trap: trap_request=0xffffffd6 fr.pc=0x00007f9c30e9f270
Event: 3.105 Thread 0x00007f9c4000b800 DEOPT PACKING pc=0x00007f9c30e9f270 sp=0x00007f9c4654b380
Event: 3.105 Thread 0x00007f9c4000b800 DEOPT UNPACKING pc=0x00007f9c305ae229 sp=0x00007f9c4654b330 mode 2
Event: 3.105 Thread 0x00007f9c4000b800 Uncommon trap: trap_request=0xffffffd6 fr.pc=0x00007f9c30e9f0c8
Event: 3.105 Thread 0x00007f9c4000b800 DEOPT PACKING pc=0x00007f9c30e9f0c8 sp=0x00007f9c4654b380
Event: 3.105 Thread 0x00007f9c4000b800 DEOPT UNPACKING pc=0x00007f9c305ae229 sp=0x00007f9c4654b330 mode 2
Event: 3.182 Executing VM operation: ParallelGCFailedAllocation


Dynamic libraries:
00400000-00401000 r-xp 00000000 08:03 1572315                            /opt/java/jdk1.8.0_45/bin/java
00600000-00601000 rw-p 00000000 08:03 1572315                            /opt/java/jdk1.8.0_45/bin/java
025b4000-025d5000 rw-p 00000000 00:00 0                                  [heap]
c0000000-c2980000 rw-p 00000000 00:00 0 
c2980000-eab00000 ---p 00000000 00:00 0 
eab00000-fc200000 rw-p 00000000 00:00 0 
100000000-1000e0000 rw-p 00000000 00:00 0 
1000e0000-140000000 ---p 00000000 00:00 0 
7f9bf0000000-7f9bf0021000 rw-p 00000000 00:00 0 
7f9bf0021000-7f9bf4000000 ---p 00000000 00:00 0 
7f9bf8000000-7f9bf86e5000 rw-p 00000000 00:00 0 
7f9bf86e5000-7f9bfc000000 ---p 00000000 00:00 0 
7f9bfc000000-7f9bfc021000 rw-p 00000000 00:00 0 
7f9bfc021000-7f9c00000000 ---p 00000000 00:00 0 
7f9c00000000-7f9c00bbf000 rw-p 00000000 00:00 0 
7f9c00bbf000-7f9c04000000 ---p 00000000 00:00 0 
7f9c04000000-7f9c048d1000 rw-p 00000000 00:00 0 
7f9c048d1000-7f9c08000000 ---p 00000000 00:00 0 
7f9c08000000-7f9c08021000 rw-p 00000000 00:00 0 
7f9c08021000-7f9c0c000000 ---p 00000000 00:00 0 
7f9c0c000000-7f9c0c021000 rw-p 00000000 00:00 0 
7f9c0c021000-7f9c10000000 ---p 00000000 00:00 0 
7f9c10000000-7f9c1028a000 rw-p 00000000 00:00 0 
7f9c1028a000-7f9c14000000 ---p 00000000 00:00 0 
7f9c14000000-7f9c14021000 rw-p 00000000 00:00 0 
7f9c14021000-7f9c18000000 ---p 00000000 00:00 0 
7f9c18000000-7f9c18021000 rw-p 00000000 00:00 0 
7f9c18021000-7f9c1c000000 ---p 00000000 00:00 0 
7f9c1c000000-7f9c1c021000 rw-p 00000000 00:00 0 
7f9c1c021000-7f9c20000000 ---p 00000000 00:00 0 
7f9c20000000-7f9c20021000 rw-p 00000000 00:00 0 
7f9c20021000-7f9c24000000 ---p 00000000 00:00 0 
7f9c2722c000-7f9c2722d000 ---p 00000000 00:00 0 
7f9c2722d000-7f9c2732d000 rw-p 00000000 00:00 0                          [stack:4791]
7f9c2732d000-7f9c27330000 ---p 00000000 00:00 0 
7f9c27330000-7f9c2742e000 rw-p 00000000 00:00 0                          [stack:4790]
7f9c2742e000-7f9c27431000 ---p 00000000 00:00 0 
7f9c27431000-7f9c2752f000 rw-p 00000000 00:00 0                          [stack:4789]
7f9c2752f000-7f9c27532000 ---p 00000000 00:00 0 
7f9c27532000-7f9c27630000 rw-p 00000000 00:00 0                          [stack:4788]
7f9c27630000-7f9c27633000 ---p 00000000 00:00 0 
7f9c27633000-7f9c27731000 rw-p 00000000 00:00 0                          [stack:4787]
7f9c27731000-7f9c27734000 ---p 00000000 00:00 0 
7f9c27734000-7f9c27832000 rw-p 00000000 00:00 0                          [stack:4786]
7f9c27832000-7f9c27afb000 r--p 00000000 08:03 266989                     /usr/lib/locale/locale-archive
7f9c27afb000-7f9c27afe000 ---p 00000000 00:00 0 
7f9c27afe000-7f9c27bfc000 rw-p 00000000 00:00 0                          [stack:4785]
7f9c27bfc000-7f9c27bff000 ---p 00000000 00:00 0 
7f9c27bff000-7f9c27cfd000 rw-p 00000000 00:00 0                          [stack:4784]
7f9c27cfd000-7f9c27cfe000 ---p 00000000 00:00 0 
7f9c27cfe000-7f9c28000000 rw-p 00000000 00:00 0                          [stack:4783]
7f9c28000000-7f9c28021000 rw-p 00000000 00:00 0 
7f9c28021000-7f9c2c000000 ---p 00000000 00:00 0 
7f9c2c092000-7f9c2c0ae000 r--s 00393000 08:03 1574015                    /opt/java/jdk1.8.0_45/jre/lib/ext/cldrdata.jar
7f9c2c0ae000-7f9c2ce3f000 rw-p 00000000 00:00 0 
7f9c2ce3f000-7f9c2d018000 r--s 03d09000 08:03 1573810                    /opt/java/jdk1.8.0_45/jre/lib/rt.jar
7f9c2d018000-7f9c2d7ce000 rw-p 00000000 00:00 0 
7f9c2d7ce000-7f9c2d88e000 ---p 00000000 00:00 0 
7f9c2d88e000-7f9c2fa8e000 rw-p 00000000 00:00 0 
7f9c2fa8e000-7f9c2fa8f000 ---p 00000000 00:00 0 
7f9c2fa8f000-7f9c2fb8f000 rw-p 00000000 00:00 0                          [stack:4782]
7f9c2fb8f000-7f9c2fb90000 ---p 00000000 00:00 0 
7f9c2fb90000-7f9c2fc90000 rw-p 00000000 00:00 0                          [stack:4781]
7f9c2fc90000-7f9c2fc91000 ---p 00000000 00:00 0 
7f9c2fc91000-7f9c2fd91000 rw-p 00000000 00:00 0                          [stack:4780]
7f9c2fd91000-7f9c2fd92000 ---p 00000000 00:00 0 
7f9c2fd92000-7f9c2fea7000 rw-p 00000000 00:00 0                          [stack:4779]
7f9c2fea7000-7f9c2ffe8000 ---p 00000000 00:00 0 
7f9c2ffe8000-7f9c2fffd000 rw-p 00000000 00:00 0 
7f9c2fffd000-7f9c3013d000 ---p 00000000 00:00 0 
7f9c3013d000-7f9c301c9000 rw-p 00000000 00:00 0 
7f9c301c9000-7f9c301e8000 ---p 00000000 00:00 0 
7f9c301e8000-7f9c3020f000 rw-p 00000000 00:00 0 
7f9c3020f000-7f9c305a9000 ---p 00000000 00:00 0 
7f9c305a9000-7f9c30ef9000 rwxp 00000000 00:00 0 
7f9c30ef9000-7f9c3f5a9000 ---p 00000000 00:00 0 
7f9c3f5a9000-7f9c3f5c3000 r-xp 00000000 08:03 1574049                    /opt/java/jdk1.8.0_45/jre/lib/amd64/libzip.so
7f9c3f5c3000-7f9c3f7c3000 ---p 0001a000 08:03 1574049                    /opt/java/jdk1.8.0_45/jre/lib/amd64/libzip.so
7f9c3f7c3000-7f9c3f7c4000 rw-p 0001a000 08:03 1574049                    /opt/java/jdk1.8.0_45/jre/lib/amd64/libzip.so
7f9c3f7c4000-7f9c3f7cf000 r-xp 00000000 08:03 131807                     /lib/x86_64-linux-gnu/libnss_files-2.19.so
7f9c3f7cf000-7f9c3f9ce000 ---p 0000b000 08:03 131807                     /lib/x86_64-linux-gnu/libnss_files-2.19.so
7f9c3f9ce000-7f9c3f9cf000 r--p 0000a000 08:03 131807                     /lib/x86_64-linux-gnu/libnss_files-2.19.so
7f9c3f9cf000-7f9c3f9d0000 rw-p 0000b000 08:03 131807                     /lib/x86_64-linux-gnu/libnss_files-2.19.so
7f9c3f9d0000-7f9c3f9db000 r-xp 00000000 08:03 131871                     /lib/x86_64-linux-gnu/libnss_nis-2.19.so
7f9c3f9db000-7f9c3fbda000 ---p 0000b000 08:03 131871                     /lib/x86_64-linux-gnu/libnss_nis-2.19.so
7f9c3fbda000-7f9c3fbdb000 r--p 0000a000 08:03 131871                     /lib/x86_64-linux-gnu/libnss_nis-2.19.so
7f9c3fbdb000-7f9c3fbdc000 rw-p 0000b000 08:03 131871                     /lib/x86_64-linux-gnu/libnss_nis-2.19.so
7f9c3fbdc000-7f9c3fbf3000 r-xp 00000000 08:03 131829                     /lib/x86_64-linux-gnu/libnsl-2.19.so
7f9c3fbf3000-7f9c3fdf2000 ---p 00017000 08:03 131829                     /lib/x86_64-linux-gnu/libnsl-2.19.so
7f9c3fdf2000-7f9c3fdf3000 r--p 00016000 08:03 131829                     /lib/x86_64-linux-gnu/libnsl-2.19.so
7f9c3fdf3000-7f9c3fdf4000 rw-p 00017000 08:03 131829                     /lib/x86_64-linux-gnu/libnsl-2.19.so
7f9c3fdf4000-7f9c3fdf6000 rw-p 00000000 00:00 0 
7f9c3fdf6000-7f9c3fdff000 r-xp 00000000 08:03 131828                     /lib/x86_64-linux-gnu/libnss_compat-2.19.so
7f9c3fdff000-7f9c3fffe000 ---p 00009000 08:03 131828                     /lib/x86_64-linux-gnu/libnss_compat-2.19.so
7f9c3fffe000-7f9c3ffff000 r--p 00008000 08:03 131828                     /lib/x86_64-linux-gnu/libnss_compat-2.19.so
7f9c3ffff000-7f9c40000000 rw-p 00009000 08:03 131828                     /lib/x86_64-linux-gnu/libnss_compat-2.19.so
7f9c40000000-7f9c403c8000 rw-p 00000000 00:00 0 
7f9c403c8000-7f9c44000000 ---p 00000000 00:00 0 
7f9c44006000-7f9c44011000 r--s 00116000 08:03 1574017                    /opt/java/jdk1.8.0_45/jre/lib/ext/localedata.jar
7f9c44011000-7f9c44020000 r--s 000dd000 00:19 9438599                    /home/mike/Android/Sdk/build-tools/22.0.1/lib/dx.jar
7f9c44020000-7f9c44041000 rw-p 00000000 00:00 0 
7f9c44041000-7f9c4406b000 r-xp 00000000 08:03 1574040                    /opt/java/jdk1.8.0_45/jre/lib/amd64/libjava.so
7f9c4406b000-7f9c4426b000 ---p 0002a000 08:03 1574040                    /opt/java/jdk1.8.0_45/jre/lib/amd64/libjava.so
7f9c4426b000-7f9c4426d000 rw-p 0002a000 08:03 1574040                    /opt/java/jdk1.8.0_45/jre/lib/amd64/libjava.so
7f9c4426d000-7f9c4427a000 r-xp 00000000 08:03 1574047                    /opt/java/jdk1.8.0_45/jre/lib/amd64/libverify.so
7f9c4427a000-7f9c4447a000 ---p 0000d000 08:03 1574047                    /opt/java/jdk1.8.0_45/jre/lib/amd64/libverify.so
7f9c4447a000-7f9c4447c000 rw-p 0000d000 08:03 1574047                    /opt/java/jdk1.8.0_45/jre/lib/amd64/libverify.so
7f9c4447c000-7f9c44483000 r-xp 00000000 08:03 131868                     /lib/x86_64-linux-gnu/librt-2.19.so
7f9c44483000-7f9c44682000 ---p 00007000 08:03 131868                     /lib/x86_64-linux-gnu/librt-2.19.so
7f9c44682000-7f9c44683000 r--p 00006000 08:03 131868                     /lib/x86_64-linux-gnu/librt-2.19.so
7f9c44683000-7f9c44684000 rw-p 00007000 08:03 131868                     /lib/x86_64-linux-gnu/librt-2.19.so
7f9c44684000-7f9c44789000 r-xp 00000000 08:03 131806                     /lib/x86_64-linux-gnu/libm-2.19.so
7f9c44789000-7f9c44988000 ---p 00105000 08:03 131806                     /lib/x86_64-linux-gnu/libm-2.19.so
7f9c44988000-7f9c44989000 r--p 00104000 08:03 131806                     /lib/x86_64-linux-gnu/libm-2.19.so
7f9c44989000-7f9c4498a000 rw-p 00105000 08:03 131806                     /lib/x86_64-linux-gnu/libm-2.19.so
7f9c4498a000-7f9c45638000 r-xp 00000000 08:03 1574060                    /opt/java/jdk1.8.0_45/jre/lib/amd64/server/libjvm.so
7f9c45638000-7f9c45837000 ---p 00cae000 08:03 1574060                    /opt/java/jdk1.8.0_45/jre/lib/amd64/server/libjvm.so
7f9c45837000-7f9c4590e000 rw-p 00cad000 08:03 1574060                    /opt/java/jdk1.8.0_45/jre/lib/amd64/server/libjvm.so
7f9c4590e000-7f9c45952000 rw-p 00000000 00:00 0 
7f9c45952000-7f9c45b0d000 r-xp 00000000 08:03 131857                     /lib/x86_64-linux-gnu/libc-2.19.so
7f9c45b0d000-7f9c45d0c000 ---p 001bb000 08:03 131857                     /lib/x86_64-linux-gnu/libc-2.19.so
7f9c45d0c000-7f9c45d10000 r--p 001ba000 08:03 131857                     /lib/x86_64-linux-gnu/libc-2.19.so
7f9c45d10000-7f9c45d12000 rw-p 001be000 08:03 131857                     /lib/x86_64-linux-gnu/libc-2.19.so
7f9c45d12000-7f9c45d17000 rw-p 00000000 00:00 0 
7f9c45d17000-7f9c45d1a000 r-xp 00000000 08:03 131810                     /lib/x86_64-linux-gnu/libdl-2.19.so
7f9c45d1a000-7f9c45f19000 ---p 00003000 08:03 131810                     /lib/x86_64-linux-gnu/libdl-2.19.so
7f9c45f19000-7f9c45f1a000 r--p 00002000 08:03 131810                     /lib/x86_64-linux-gnu/libdl-2.19.so
7f9c45f1a000-7f9c45f1b000 rw-p 00003000 08:03 131810                     /lib/x86_64-linux-gnu/libdl-2.19.so
7f9c45f1b000-7f9c45f30000 r-xp 00000000 08:03 1573749                    /opt/java/jdk1.8.0_45/lib/amd64/jli/libjli.so
7f9c45f30000-7f9c46130000 ---p 00015000 08:03 1573749                    /opt/java/jdk1.8.0_45/lib/amd64/jli/libjli.so
7f9c46130000-7f9c46131000 rw-p 00015000 08:03 1573749                    /opt/java/jdk1.8.0_45/lib/amd64/jli/libjli.so
7f9c46131000-7f9c4614a000 r-xp 00000000 08:03 131858                     /lib/x86_64-linux-gnu/libpthread-2.19.so
7f9c4614a000-7f9c46349000 ---p 00019000 08:03 131858                     /lib/x86_64-linux-gnu/libpthread-2.19.so
7f9c46349000-7f9c4634a000 r--p 00018000 08:03 131858                     /lib/x86_64-linux-gnu/libpthread-2.19.so
7f9c4634a000-7f9c4634b000 rw-p 00019000 08:03 131858                     /lib/x86_64-linux-gnu/libpthread-2.19.so
7f9c4634b000-7f9c4634f000 rw-p 00000000 00:00 0 
7f9c4634f000-7f9c46372000 r-xp 00000000 08:03 131833                     /lib/x86_64-linux-gnu/ld-2.19.so
7f9c46373000-7f9c46374000 rw-p 00000000 00:00 0 
7f9c46374000-7f9c46375000 r--p 00000000 08:03 672594                     /usr/share/locale-langpack/en_GB/LC_MESSAGES/libc.mo
7f9c46375000-7f9c4637a000 r--s 00094000 08:03 1573828                    /opt/java/jdk1.8.0_45/jre/lib/jsse.jar
7f9c4637a000-7f9c4644c000 rw-p 00000000 00:00 0 
7f9c4644c000-7f9c4644f000 ---p 00000000 00:00 0 
7f9c4644f000-7f9c46565000 rw-p 00000000 00:00 0                          [stack:4778]
7f9c46565000-7f9c4656d000 rw-s 00000000 08:03 1574114                    /tmp/hsperfdata_mike/4773
7f9c4656d000-7f9c4656e000 rw-p 00000000 00:00 0 
7f9c4656e000-7f9c4656f000 ---p 00000000 00:00 0 
7f9c4656f000-7f9c46571000 rw-p 00000000 00:00 0 
7f9c46571000-7f9c46572000 r--p 00022000 08:03 131833                     /lib/x86_64-linux-gnu/ld-2.19.so
7f9c46572000-7f9c46573000 rw-p 00023000 08:03 131833                     /lib/x86_64-linux-gnu/ld-2.19.so
7f9c46573000-7f9c46574000 rw-p 00000000 00:00 0 
7fffe7851000-7fffe7873000 rw-p 00000000 00:00 0                          [stack]
7fffe7965000-7fffe7967000 r-xp 00000000 00:00 0                          [vdso]
ffffffffff600000-ffffffffff601000 r-xp 00000000 00:00 0                  [vsyscall]

VM Arguments:
jvm_args: -Xmx1024M -Dfile.encoding=UTF-8 -Duser.country=GB -Duser.language=en -Duser.variant 
java_command: com.android.dx.command.Main --dex --output /home/mike/AndroidStudioProjects/Wordist/app/build/intermediates/dex/debug /home/mike/AndroidStudioProjects/Wordist/app/build/intermediates/classes/debug /home/mike/AndroidStudioProjects/Wordist/app/build/intermediates/pre-dexed/debug/support-annotations-22.1.1-54ad1e10ea40c0340437050c86aa0e6e8ee262e6.jar /home/mike/AndroidStudioProjects/Wordist/app/build/intermediates/pre-dexed/debug/classes-e01224f4b848d2f70fe036e6ffd03fad8e49b557.jar /home/mike/AndroidStudioProjects/Wordist/app/build/intermediates/pre-dexed/debug/classes-2ab3d19bd8375c4756f92f9df195e4252f17cf71.jar /home/mike/AndroidStudioProjects/Wordist/app/build/intermediates/pre-dexed/debug/classes-674e81071699e5047dc949309e33eaff0b6cf792.jar /home/mike/AndroidStudioProjects/Wordist/app/build/intermediates/pre-dexed/debug/internal_impl-22.0.0-badf73acff408b2f94e3947ab7ebff932b700965.jar /home/mike/AndroidStudioProjects/Wordist/app/build/intermediates/pre-dexed/debug/classes-b97a6c1cf7fbeb04f196fcf80c57d4257edcc6dd.jar /home/mike/AndroidStudioProjects/Wordist/app/build/intermediates/pre-dexed/debug/classes-d24eb526a194db96263c3f6685649fd0fe6c44d5.jar /home/mike/AndroidStudioProjects/Wordist/app/build/intermediates/pre-dexed/debug/classes-7a28f4ba4fb32a581ec7923ddf90ef95697adfea.jar /home/mike/AndroidStudioProjects/Wordist/app/build/intermediates/pre-dexed/debug/classes-2fffb6f7a97d395100aaf3eefa7e7444903a76be.jar /home/mike/AndroidStudioProjects/Wordist/app/build/intermediates/pre-dexed/debug/classes-cc0797b316f66372a2b35e75e646f3b4068a1b62.jar /home/mike/AndroidStudioProjects/Wordist/app/build/intermediates/pre-dexed/debug/classes-ba694547ab3fc3fe5bc8d34ae51866c6cab4beda.jar /home/mike/AndroidStudioProjects/Wordist/app/build/intermediates/pre-dexed/debug/classes-137b98b536e4a331a4b67052cd2264e1af3633e9.jar /home/mike/AndroidStudioProjects/Wordist/app/build/intermediates/pre-dexed/debug/classes-d59b62fbaf9b5683c1ab50b0492d3f2097297188.jar /home/mike/An
java_class_path (initial): /home/mike/Android/Sdk/build-tools/22.0.1/lib/dx.jar
Launcher Type: SUN_STANDARD

Environment Variables:
PATH=/usr/local/sbin:/usr/local/bin:/usr/sbin:/usr/bin:/sbin:/bin:/usr/games:/usr/local/games
USERNAME=mike
LD_LIBRARY_PATH=/opt/android-studio/bin:
SHELL=/bin/bash
DISPLAY=:0

Signal Handlers:
SIGSEGV: [libjvm.so+0xaad1e0], sa_mask[0]=11111111011111111101111111111110, sa_flags=SA_RESTART|SA_SIGINFO
SIGBUS: [libjvm.so+0xaad1e0], sa_mask[0]=11111111011111111101111111111110, sa_flags=SA_RESTART|SA_SIGINFO
SIGFPE: [libjvm.so+0x90b450], sa_mask[0]=11111111011111111101111111111110, sa_flags=SA_RESTART|SA_SIGINFO
SIGPIPE: [libjvm.so+0x90b450], sa_mask[0]=11111111011111111101111111111110, sa_flags=SA_RESTART|SA_SIGINFO
SIGXFSZ: [libjvm.so+0x90b450], sa_mask[0]=11111111011111111101111111111110, sa_flags=SA_RESTART|SA_SIGINFO
SIGILL: [libjvm.so+0x90b450], sa_mask[0]=11111111011111111101111111111110, sa_flags=SA_RESTART|SA_SIGINFO
SIGUSR1: SIG_DFL, sa_mask[0]=00000000000000000000000000000000, sa_flags=none
SIGUSR2: [libjvm.so+0x90ca90], sa_mask[0]=00100000000000000000000000000000, sa_flags=SA_RESTART|SA_SIGINFO
SIGHUP: [libjvm.so+0x90dde0], sa_mask[0]=11111111011111111101111111111110, sa_flags=SA_RESTART|SA_SIGINFO
SIGINT: [libjvm.so+0x90dde0], sa_mask[0]=11111111011111111101111111111110, sa_flags=SA_RESTART|SA_SIGINFO
SIGTERM: [libjvm.so+0x90dde0], sa_mask[0]=11111111011111111101111111111110, sa_flags=SA_RESTART|SA_SIGINFO
SIGQUIT: [libjvm.so+0x90dde0], sa_mask[0]=11111111011111111101111111111110, sa_flags=SA_RESTART|SA_SIGINFO


---------------  S Y S T E M  ---------------

OS:DISTRIB_ID=LinuxMint
DISTRIB_RELEASE=17.1
DISTRIB_CODENAME=rebecca
DISTRIB_DESCRIPTION="Linux Mint 17.1 Rebecca"

uname:Linux 3.13.0-37-generic #64-Ubuntu SMP Mon Sep 22 21:28:38 UTC 2014 x86_64
libc:glibc 2.19 NPTL 2.19 
rlimit: STACK 8192k, CORE 0k, NPROC 30866, NOFILE 4096, AS infinity
load average:2.16 1.15 0.78

/proc/meminfo:
MemTotal:        4048044 kB
MemFree:           95820 kB
Buffers:             228 kB
Cached:            92708 kB
SwapCached:            0 kB
Active:          3667848 kB
Inactive:          86788 kB
Active(anon):    3666732 kB
Inactive(anon):    75808 kB
Active(file):       1116 kB
Inactive(file):    10980 kB
Unevictable:         152 kB
Mlocked:             152 kB
SwapTotal:             0 kB
SwapFree:              0 kB
Dirty:                32 kB
Writeback:             0 kB
AnonPages:       3663380 kB
Mapped:            78876 kB
Shmem:             79312 kB
Slab:              67940 kB
SReclaimable:      25144 kB
SUnreclaim:        42796 kB
KernelStack:        4648 kB
PageTables:        35552 kB
NFS_Unstable:          0 kB
Bounce:                0 kB
WritebackTmp:          0 kB
CommitLimit:     2024020 kB
Committed_AS:    6640560 kB
VmallocTotal:   34359738367 kB
VmallocUsed:      310676 kB
VmallocChunk:   34359413752 kB
HardwareCorrupted:     0 kB
AnonHugePages:   1679360 kB
HugePages_Total:       0
HugePages_Free:        0
HugePages_Rsvd:        0
HugePages_Surp:        0
Hugepagesize:       2048 kB
DirectMap4k:       93760 kB
DirectMap2M:     4100096 kB
DirectMap1G:           0 kB


CPU:total 4 (4 cores per cpu, 1 threads per core) family 16 model 4 stepping 2, cmov, cx8, fxsr, mmx, sse, sse2, sse3, popcnt, mmxext, 3dnowpref, lzcnt, sse4a, tsc, tscinvbit, tscinv

/proc/cpuinfo:
processor	: 0
vendor_id	: AuthenticAMD
cpu family	: 16
model		: 4
model name	: AMD Phenom(tm) II X4 955 Processor
stepping	: 2
microcode	: 0x1000086
cpu MHz		: 800.000
cache size	: 512 KB
physical id	: 0
siblings	: 4
core id		: 0
cpu cores	: 4
apicid		: 0
initial apicid	: 0
fpu		: yes
fpu_exception	: yes
cpuid level	: 5
wp		: yes
flags		: fpu vme de pse tsc msr pae mce cx8 apic sep mtrr pge mca cmov pat pse36 clflush mmx fxsr sse sse2 ht syscall nx mmxext fxsr_opt pdpe1gb rdtscp lm 3dnowext 3dnow constant_tsc rep_good nopl nonstop_tsc extd_apicid pni monitor cx16 popcnt lahf_lm cmp_legacy svm extapic cr8_legacy abm sse4a misalignsse 3dnowprefetch osvw ibs skinit wdt hw_pstate npt lbrv svm_lock nrip_save
bogomips	: 6399.96
TLB size	: 1024 4K pages
clflush size	: 64
cache_alignment	: 64
address sizes	: 48 bits physical, 48 bits virtual
power management: ts ttp tm stc 100mhzsteps hwpstate

processor	: 1
vendor_id	: AuthenticAMD
cpu family	: 16
model		: 4
model name	: AMD Phenom(tm) II X4 955 Processor
stepping	: 2
microcode	: 0x1000086
cpu MHz		: 3200.000
cache size	: 512 KB
physical id	: 0
siblings	: 4
core id		: 1
cpu cores	: 4
apicid		: 1
initial apicid	: 1
fpu		: yes
fpu_exception	: yes
cpuid level	: 5
wp		: yes
flags		: fpu vme de pse tsc msr pae mce cx8 apic sep mtrr pge mca cmov pat pse36 clflush mmx fxsr sse sse2 ht syscall nx mmxext fxsr_opt pdpe1gb rdtscp lm 3dnowext 3dnow constant_tsc rep_good nopl nonstop_tsc extd_apicid pni monitor cx16 popcnt lahf_lm cmp_legacy svm extapic cr8_legacy abm sse4a misalignsse 3dnowprefetch osvw ibs skinit wdt hw_pstate npt lbrv svm_lock nrip_save
bogomips	: 6399.96
TLB size	: 1024 4K pages
clflush size	: 64
cache_alignment	: 64
address sizes	: 48 bits physical, 48 bits virtual
power management: ts ttp tm stc 100mhzsteps hwpstate

processor	: 2
vendor_id	: AuthenticAMD
cpu family	: 16
model		: 4
model name	: AMD Phenom(tm) II X4 955 Processor
stepping	: 2
microcode	: 0x1000086
cpu MHz		: 800.000
cache size	: 512 KB
physical id	: 0
siblings	: 4
core id		: 2
cpu cores	: 4
apicid		: 2
initial apicid	: 2
fpu		: yes
fpu_exception	: yes
cpuid level	: 5
wp		: yes
flags		: fpu vme de pse tsc msr pae mce cx8 apic sep mtrr pge mca cmov pat pse36 clflush mmx fxsr sse sse2 ht syscall nx mmxext fxsr_opt pdpe1gb rdtscp lm 3dnowext 3dnow constant_tsc rep_good nopl nonstop_tsc extd_apicid pni monitor cx16 popcnt lahf_lm cmp_legacy svm extapic cr8_legacy abm sse4a misalignsse 3dnowprefetch osvw ibs skinit wdt hw_pstate npt lbrv svm_lock nrip_save
bogomips	: 6399.96
TLB size	: 1024 4K pages
clflush size	: 64
cache_alignment	: 64
address sizes	: 48 bits physical, 48 bits virtual
power management: ts ttp tm stc 100mhzsteps hwpstate

processor	: 3
vendor_id	: AuthenticAMD
cpu family	: 16
model		: 4
model name	: AMD Phenom(tm) II X4 955 Processor
stepping	: 2
microcode	: 0x1000086
cpu MHz		: 3200.000
cache size	: 512 KB
physical id	: 0
siblings	: 4
core id		: 3
cpu cores	: 4
apicid		: 3
initial apicid	: 3
fpu		: yes
fpu_exception	: yes
cpuid level	: 5
wp		: yes
flags		: fpu vme de pse tsc msr pae mce cx8 apic sep mtrr pge mca cmov pat pse36 clflush mmx fxsr sse sse2 ht syscall nx mmxext fxsr_opt pdpe1gb rdtscp lm 3dnowext 3dnow constant_tsc rep_good nopl nonstop_tsc extd_apicid pni monitor cx16 popcnt lahf_lm cmp_legacy svm extapic cr8_legacy abm sse4a misalignsse 3dnowprefetch osvw ibs skinit wdt hw_pstate npt lbrv svm_lock nrip_save
bogomips	: 6399.96
TLB size	: 1024 4K pages
clflush size	: 64
cache_alignment	: 64
address sizes	: 48 bits physical, 48 bits virtual
power management: ts ttp tm stc 100mhzsteps hwpstate



Memory: 4k page, physical 4048044k(94580k free), swap 0k(0k free)

vm_info: Java HotSpot(TM) 64-Bit Server VM (25.45-b02) for linux-amd64 JRE (1.8.0_45-b14), built on Apr 10 2015 10:07:45 by "java_re" with gcc 4.3.0 20080428 (Red Hat 4.3.0-8)

time: Mon Jun 22 17:53:28 2015
elapsed time: 5 seconds (0d 0h 0m 5s)

