#
# There is insufficient memory for the Java Runtime Environment to continue.
# Native memory allocation (mmap) failed to map 65536 bytes for committing reserved memory.
# Possible reasons:
#   The system is out of physical RAM or swap space
#   In 32 bit mode, the process size limit was hit
# Possible solutions:
#   Reduce memory load on the system
#   Increase physical memory or swap space
#   Check if swap backing store is full
#   Use 64 bit Java on a 64 bit OS
#   Decrease Java heap size (-Xmx/-Xms)
#   Decrease number of Java threads
#   Decrease Java thread stack sizes (-Xss)
#   Set larger code cache with -XX:ReservedCodeCacheSize=
# This output file may be truncated or incomplete.
#
#  Out of Memory Error (os_linux.cpp:2673), pid=12784, tid=140192773859072
#
# JRE version: Java(TM) SE Runtime Environment (8.0_45-b14) (build 1.8.0_45-b14)
# Java VM: Java HotSpot(TM) 64-Bit Server VM (25.45-b02 mixed mode linux-amd64 compressed oops)
# Failed to write core dump. Core dumps have been disabled. To enable core dumping, try "ulimit -c unlimited" before starting Java again
#

---------------  T H R E A D  ---------------

Current thread (0x00007f81440b8800):  JavaThread "C2 CompilerThread0" daemon [_thread_in_vm, id=12797, stack(0x00007f812c6c6000,0x00007f812c7c7000)]

Stack: [0x00007f812c6c6000,0x00007f812c7c7000],  sp=0x00007f812c7c24d0,  free space=1009k
Native frames: (J=compiled Java code, j=interpreted, Vv=VM code, C=native code)
V  [libjvm.so+0xaac99a]  VMError::report_and_die()+0x2ba
V  [libjvm.so+0x4f333b]  report_vm_out_of_memory(char const*, int, unsigned long, VMErrorType, char const*)+0x8b
V  [libjvm.so+0x90e7c3]  os::Linux::commit_memory_impl(char*, unsigned long, bool)+0x103
V  [libjvm.so+0x90ed19]  os::pd_commit_memory(char*, unsigned long, unsigned long, bool)+0x29
V  [libjvm.so+0x90867a]  os::commit_memory(char*, unsigned long, unsigned long, bool)+0x2a
V  [libjvm.so+0xaa8649]  VirtualSpace::expand_by(unsigned long, bool)+0x1c9
V  [libjvm.so+0x60d59c]  CodeHeap::expand_by(unsigned long)+0x8c
V  [libjvm.so+0x479430]  CodeCache::allocate(int, bool)+0x60
V  [libjvm.so+0x4740d5]  BufferBlob::create(char const*, int)+0x95
V  [libjvm.so+0x47813a]  CodeBuffer::initialize(int, int)+0x1a
V  [libjvm.so+0x920458]  Compile::init_buffer(unsigned int*)+0x208
V  [libjvm.so+0x9261f1]  Compile::Output()+0x381
V  [libjvm.so+0x49ac95]  Compile::Code_Gen()+0x315
V  [libjvm.so+0x49e032]  Compile::Compile(ciEnv*, C2Compiler*, ciMethod*, int, bool, bool, bool)+0x14b2
V  [libjvm.so+0x3ebeb8]  C2Compiler::compile_method(ciEnv*, ciMethod*, int)+0x198
V  [libjvm.so+0x4a843a]  CompileBroker::invoke_compiler_on_method(CompileTask*)+0xc9a
V  [libjvm.so+0x4a93e6]  CompileBroker::compiler_thread_loop()+0x5d6
V  [libjvm.so+0xa5c86f]  JavaThread::thread_main_inner()+0xdf
V  [libjvm.so+0xa5c99c]  JavaThread::run()+0x11c
V  [libjvm.so+0x910de8]  java_start(Thread*)+0x108
C  [libpthread.so.0+0x8182]  start_thread+0xc2


Current CompileTask:
C2:   9073 1016       4       com.android.dx.ssa.back.LivenessAnalyzer::handleTailRecursion (94 bytes)


---------------  P R O C E S S  ---------------

Java Threads: ( => current thread )
  0x00007f81440c2000 JavaThread "Service Thread" daemon [_thread_blocked, id=12800, stack(0x00007f812c3c3000,0x00007f812c4c4000)]
  0x00007f81440bd000 JavaThread "C1 CompilerThread2" daemon [_thread_in_vm, id=12799, stack(0x00007f812c4c4000,0x00007f812c5c5000)]
  0x00007f81440bb800 JavaThread "C2 CompilerThread1" daemon [_thread_in_vm, id=12798, stack(0x00007f812c5c5000,0x00007f812c6c6000)]
=>0x00007f81440b8800 JavaThread "C2 CompilerThread0" daemon [_thread_in_vm, id=12797, stack(0x00007f812c6c6000,0x00007f812c7c7000)]
  0x00007f81440b7000 JavaThread "Signal Dispatcher" daemon [_thread_blocked, id=12796, stack(0x00007f812c7c7000,0x00007f812c8c8000)]
  0x00007f814407f000 JavaThread "Finalizer" daemon [_thread_blocked, id=12795, stack(0x00007f812cb91000,0x00007f812cc92000)]
  0x00007f814407c800 JavaThread "Reference Handler" daemon [_thread_blocked, id=12794, stack(0x00007f812cc92000,0x00007f812cd93000)]
  0x00007f814400a000 JavaThread "main" [_thread_blocked, id=12788, stack(0x00007f814b441000,0x00007f814b542000)]

Other Threads:
  0x00007f8144077800 VMThread [stack: 0x00007f812cd93000,0x00007f812ce94000] [id=12793]
  0x00007f81440c4800 WatcherThread [stack: 0x00007f812c2c2000,0x00007f812c3c3000] [id=12801]

VM state:not at safepoint (normal execution)

VM Mutex/Monitor currently owned by a thread:  ([mutex/lock_event])
[0x00007f81440056d0] CodeCache_lock - owner thread: 0x00007f81440b8800
[0x00007f8144006d50] Compile_lock - owner thread: 0x00007f81440bd000
[0x00007f8144006e50] MethodCompileQueue_lock - owner thread: 0x00007f81440bd000

Heap:
 PSYoungGen      total 18432K, used 4292K [0x00000000eab00000, 0x00000000ebf80000, 0x0000000100000000)
  eden space 15872K, 10% used [0x00000000eab00000,0x00000000eacb33d0,0x00000000eba80000)
  from space 2560K, 99% used [0x00000000eba80000,0x00000000ebcfdc78,0x00000000ebd00000)
  to   space 2560K, 0% used [0x00000000ebd00000,0x00000000ebd00000,0x00000000ebf80000)
 ParOldGen       total 42496K, used 1572K [0x00000000c0000000, 0x00000000c2980000, 0x00000000eab00000)
  object space 42496K, 3% used [0x00000000c0000000,0x00000000c0189178,0x00000000c2980000)
 Metaspace       used 5505K, capacity 6768K, committed 7040K, reserved 1056768K
  class space    used 544K, capacity 616K, committed 640K, reserved 1048576K

Card table byte_map: [0x00007f8148020000,0x00007f8148221000] byte_map_base: 0x00007f8147a20000

Marking Bits: (ParMarkBitMap*) 0x00007f814a91e760
 Begin Bits: [0x00007f812e000000, 0x00007f812f000000)
 End Bits:   [0x00007f812f000000, 0x00007f8130000000)

Polling page: 0x00007f814b565000

CodeCache: size=245760Kb used=4143Kb max_used=4146Kb free=241616Kb
 bounds [0x00007f8135000000, 0x00007f8135410000, 0x00007f8144000000]
 total_blobs=1304 nmethods=1038 adapters=178
 compilation: enabled

Compilation events (10 events):
Event: 2.894 Thread 0x00007f81440bd000 nmethod 1060 0x00007f81354080d0 code [0x00007f8135408280, 0x00007f8135408af8]
Event: 2.894 Thread 0x00007f81440bd000 1061       3       java.lang.ref.Finalizer::hasBeenFinalized (14 bytes)
Event: 2.894 Thread 0x00007f81440bd000 nmethod 1061 0x00007f8135408d90 code [0x00007f8135408f00, 0x00007f81354090b0]
Event: 2.894 Thread 0x00007f81440bd000 1062   !   3       java.lang.ref.Finalizer::remove (94 bytes)
Event: 2.894 Thread 0x00007f81440bd000 nmethod 1062 0x00007f8135409110 code [0x00007f81354092a0, 0x00007f8135409770]
Event: 2.894 Thread 0x00007f81440bd000 1052   !   3       java.lang.ref.ReferenceQueue::enqueue (119 bytes)
Event: 2.894 Thread 0x00007f81440bd000 nmethod 1052 0x00007f81354098d0 code [0x00007f8135409a80, 0x00007f813540a1e8]
Event: 2.922 Thread 0x00007f81440bb800 nmethod 1028 0x00007f813540d910 code [0x00007f813540dae0, 0x00007f813540e3f8]
Event: 2.922 Thread 0x00007f81440bb800 1029       4       com.android.dx.rop.code.RegisterSpecList::<init> (6 bytes)
Event: 6.041 Thread 0x00007f81440bd000 1064       3       com.android.dx.cf.direct.AttributeListParser::parseIfNecessary (12 bytes)

GC Heap History (2 events):
Event: 2.804 GC heap before
{Heap before GC invocations=1 (full 0):
 PSYoungGen      total 18432K, used 15872K [0x00000000eab00000, 0x00000000ebf80000, 0x0000000100000000)
  eden space 15872K, 100% used [0x00000000eab00000,0x00000000eba80000,0x00000000eba80000)
  from space 2560K, 0% used [0x00000000ebd00000,0x00000000ebd00000,0x00000000ebf80000)
  to   space 2560K, 0% used [0x00000000eba80000,0x00000000eba80000,0x00000000ebd00000)
 ParOldGen       total 42496K, used 0K [0x00000000c0000000, 0x00000000c2980000, 0x00000000eab00000)
  object space 42496K, 0% used [0x00000000c0000000,0x00000000c0000000,0x00000000c2980000)
 Metaspace       used 5489K, capacity 6768K, committed 7040K, reserved 1056768K
  class space    used 544K, capacity 616K, committed 640K, reserved 1048576K
Event: 2.822 GC heap after
Heap after GC invocations=1 (full 0):
 PSYoungGen      total 18432K, used 2551K [0x00000000eab00000, 0x00000000ebf80000, 0x0000000100000000)
  eden space 15872K, 0% used [0x00000000eab00000,0x00000000eab00000,0x00000000eba80000)
  from space 2560K, 99% used [0x00000000eba80000,0x00000000ebcfdc78,0x00000000ebd00000)
  to   space 2560K, 0% used [0x00000000ebd00000,0x00000000ebd00000,0x00000000ebf80000)
 ParOldGen       total 42496K, used 1572K [0x00000000c0000000, 0x00000000c2980000, 0x00000000eab00000)
  object space 42496K, 3% used [0x00000000c0000000,0x00000000c0189178,0x00000000c2980000)
 Metaspace       used 5489K, capacity 6768K, committed 7040K, reserved 1056768K
  class space    used 544K, capacity 616K, committed 640K, reserved 1048576K
}

Deoptimization events (10 events):
Event: 1.710 Thread 0x00007f814400a000 Uncommon trap: reason=unstable_if action=reinterpret pc=0x00007f813522cf4c method=java.util.HashMap.getNode(ILjava/lang/Object;)Ljava/util/HashMap$Node; @ 62
Event: 1.994 Thread 0x00007f814400a000 Uncommon trap: reason=unstable_if action=reinterpret pc=0x00007f813534ffac method=com.android.dx.rop.code.RegisterSpec.equals(ILcom/android/dx/rop/type/TypeBearer;Lcom/android/dx/rop/code/LocalItem;)Z @ 16
Event: 1.994 Thread 0x00007f814400a000 Uncommon trap: reason=unstable_if action=reinterpret pc=0x00007f813535dfe4 method=com.android.dx.rop.code.RegisterSpec.equals(ILcom/android/dx/rop/type/TypeBearer;Lcom/android/dx/rop/code/LocalItem;)Z @ 16
Event: 1.994 Thread 0x00007f814400a000 Uncommon trap: reason=unstable_if action=reinterpret pc=0x00007f813526e04c method=java.util.HashMap.getNode(ILjava/lang/Object;)Ljava/util/HashMap$Node; @ 62
Event: 2.055 Thread 0x00007f814400a000 Uncommon trap: reason=class_check action=maybe_recompile pc=0x00007f8135364148 method=com.android.dx.ssa.NormalSsaInsn.accept(Lcom/android/dx/ssa/SsaInsn$Visitor;)V @ 9
Event: 2.055 Thread 0x00007f814400a000 Uncommon trap: reason=class_check action=maybe_recompile pc=0x00007f8135286cd0 method=com.android.dx.ssa.NormalSsaInsn.accept(Lcom/android/dx/ssa/SsaInsn$Visitor;)V @ 9
Event: 2.055 Thread 0x00007f814400a000 Uncommon trap: reason=class_check action=maybe_recompile pc=0x00007f8135286cd0 method=com.android.dx.ssa.NormalSsaInsn.accept(Lcom/android/dx/ssa/SsaInsn$Visitor;)V @ 9
Event: 2.055 Thread 0x00007f814400a000 Uncommon trap: reason=class_check action=maybe_recompile pc=0x00007f8135286cd0 method=com.android.dx.ssa.NormalSsaInsn.accept(Lcom/android/dx/ssa/SsaInsn$Visitor;)V @ 9
Event: 2.087 Thread 0x00007f814400a000 Uncommon trap: reason=class_check action=maybe_recompile pc=0x00007f8135364148 method=com.android.dx.ssa.NormalSsaInsn.accept(Lcom/android/dx/ssa/SsaInsn$Visitor;)V @ 9
Event: 6.041 Thread 0x00007f814400a000 Uncommon trap: reason=unstable_if action=reinterpret pc=0x00007f81353c5300 method=com.android.dx.rop.code.RegisterSpecSet.put(Lcom/android/dx/rop/code/RegisterSpec;)V @ 77

Internal exceptions (2 events):
Event: 0.123 Thread 0x00007f814400a000 Exception <a 'java/lang/NoSuchMethodError': Method sun.misc.Unsafe.defineClass(Ljava/lang/String;[BII)Ljava/lang/Class; name or signature does not match> (0x00000000eab12a38) thrown at [/RE-WORK/workspace/8-2-build-linux-amd64/jdk8u45/3457/hotspot/src/sha
Event: 0.123 Thread 0x00007f814400a000 Exception <a 'java/lang/NoSuchMethodError': Method sun.misc.Unsafe.prefetchRead(Ljava/lang/Object;J)V name or signature does not match> (0x00000000eab12cc8) thrown at [/RE-WORK/workspace/8-2-build-linux-amd64/jdk8u45/3457/hotspot/src/share/vm/prims/jni.cp

Events (10 events):
Event: 2.796 loading class java/util/HashMap$Values done
Event: 2.796 loading class java/util/HashMap$ValueIterator
Event: 2.797 loading class java/util/HashMap$ValueIterator done
Event: 2.803 Executing VM operation: ParallelGCFailedAllocation
Event: 2.822 Executing VM operation: ParallelGCFailedAllocation done
Event: 5.984 Thread 0x00007f814400a000 Uncommon trap: trap_request=0xffffff65 fr.pc=0x00007f81353c5300
Event: 6.044 Thread 0x00007f814400a000 DEOPT PACKING pc=0x00007f81353c5300 sp=0x00007f814b53fc70
Event: 6.238 Thread 0x00007f814400a000 DEOPT UNPACKING pc=0x00007f8135005229 sp=0x00007f814b53fbb0 mode 2
Event: 6.361 Executing VM operation: EnableBiasedLocking
Event: 8.302 Executing VM operation: EnableBiasedLocking done


Dynamic libraries:
00400000-00401000 r-xp 00000000 08:03 1572315                            /opt/java/jdk1.8.0_45/bin/java
00600000-00601000 rw-p 00000000 08:03 1572315                            /opt/java/jdk1.8.0_45/bin/java
0185c000-0187d000 rw-p 00000000 00:00 0                                  [heap]
c0000000-c2980000 rw-p 00000000 00:00 0 
c2980000-eab00000 ---p 00000000 00:00 0 
eab00000-ebf80000 rw-p 00000000 00:00 0 
ebf80000-100000000 ---p 00000000 00:00 0 
100000000-1000a0000 rw-p 00000000 00:00 0 
1000a0000-140000000 ---p 00000000 00:00 0 
7f80f8000000-7f80f8021000 rw-p 00000000 00:00 0 
7f80f8021000-7f80fc000000 ---p 00000000 00:00 0 
7f80fc000000-7f80fc021000 rw-p 00000000 00:00 0 
7f80fc021000-7f8100000000 ---p 00000000 00:00 0 
7f8100000000-7f81002d9000 rw-p 00000000 00:00 0 
7f81002d9000-7f8104000000 ---p 00000000 00:00 0 
7f8104000000-7f8104682000 rw-p 00000000 00:00 0 
7f8104682000-7f8108000000 ---p 00000000 00:00 0 
7f8108000000-7f8108021000 rw-p 00000000 00:00 0 
7f8108021000-7f810c000000 ---p 00000000 00:00 0 
7f810c000000-7f810c71a000 rw-p 00000000 00:00 0 
7f810c71a000-7f8110000000 ---p 00000000 00:00 0 
7f8110000000-7f8110021000 rw-p 00000000 00:00 0 
7f8110021000-7f8114000000 ---p 00000000 00:00 0 
7f8114000000-7f8114021000 rw-p 00000000 00:00 0 
7f8114021000-7f8118000000 ---p 00000000 00:00 0 
7f8118000000-7f8118021000 rw-p 00000000 00:00 0 
7f8118021000-7f811c000000 ---p 00000000 00:00 0 
7f811c000000-7f811c021000 rw-p 00000000 00:00 0 
7f811c021000-7f8120000000 ---p 00000000 00:00 0 
7f8120000000-7f8120021000 rw-p 00000000 00:00 0 
7f8120021000-7f8124000000 ---p 00000000 00:00 0 
7f8128000000-7f8128021000 rw-p 00000000 00:00 0 
7f8128021000-7f812c000000 ---p 00000000 00:00 0 
7f812c2c2000-7f812c2c3000 ---p 00000000 00:00 0 
7f812c2c3000-7f812c3c3000 rw-p 00000000 00:00 0                          [stack:12801]
7f812c3c3000-7f812c3c6000 ---p 00000000 00:00 0 
7f812c3c6000-7f812c4c4000 rw-p 00000000 00:00 0                          [stack:12800]
7f812c4c4000-7f812c4c7000 ---p 00000000 00:00 0 
7f812c4c7000-7f812c5c5000 rw-p 00000000 00:00 0                          [stack:12799]
7f812c5c5000-7f812c5c8000 ---p 00000000 00:00 0 
7f812c5c8000-7f812c6c6000 rw-p 00000000 00:00 0                          [stack:12798]
7f812c6c6000-7f812c6c9000 ---p 00000000 00:00 0 
7f812c6c9000-7f812c7c7000 rw-p 00000000 00:00 0                          [stack:12797]
7f812c7c7000-7f812c7ca000 ---p 00000000 00:00 0 
7f812c7ca000-7f812c8c8000 rw-p 00000000 00:00 0                          [stack:12796]
7f812c8c8000-7f812cb91000 r--p 00000000 08:03 266989                     /usr/lib/locale/locale-archive
7f812cb91000-7f812cb94000 ---p 00000000 00:00 0 
7f812cb94000-7f812cc92000 rw-p 00000000 00:00 0                          [stack:12795]
7f812cc92000-7f812cc95000 ---p 00000000 00:00 0 
7f812cc95000-7f812cd93000 rw-p 00000000 00:00 0                          [stack:12794]
7f812cd93000-7f812cd94000 ---p 00000000 00:00 0 
7f812cd94000-7f812de27000 rw-p 00000000 00:00 0                          [stack:12793]
7f812de27000-7f812e000000 r--s 03d09000 08:03 1573810                    /opt/java/jdk1.8.0_45/jre/lib/rt.jar
7f812e000000-7f8130000000 rw-p 00000000 00:00 0 
7f8130000000-7f8130021000 rw-p 00000000 00:00 0 
7f8130021000-7f8134000000 ---p 00000000 00:00 0 
7f813400f000-7f81346e6000 rw-p 00000000 00:00 0 
7f81346e6000-7f81348a6000 ---p 00000000 00:00 0 
7f81348a6000-7f8134aa6000 rw-p 00000000 00:00 0 
7f8134aa6000-7f8134aa7000 ---p 00000000 00:00 0 
7f8134aa7000-7f8134ba7000 rw-p 00000000 00:00 0                          [stack:12792]
7f8134ba7000-7f8134ba8000 ---p 00000000 00:00 0 
7f8134ba8000-7f8134ca8000 rw-p 00000000 00:00 0                          [stack:12791]
7f8134ca8000-7f8134ca9000 ---p 00000000 00:00 0 
7f8134ca9000-7f8134da9000 rw-p 00000000 00:00 0                          [stack:12790]
7f8134da9000-7f8134daa000 ---p 00000000 00:00 0 
7f8134daa000-7f8134ebf000 rw-p 00000000 00:00 0                          [stack:12789]
7f8134ebf000-7f8135000000 ---p 00000000 00:00 0 
7f8135000000-7f8135410000 rwxp 00000000 00:00 0 
7f8135420000-7f8144000000 ---p 00000000 00:00 0 
7f8144000000-7f8144388000 rw-p 00000000 00:00 0 
7f8144388000-7f8148000000 ---p 00000000 00:00 0 
7f8148010000-7f8148011000 rw-p 00000000 00:00 0 
7f8148011000-7f8148020000 r--s 000dd000 00:19 9438599                    /home/mike/Android/Sdk/build-tools/22.0.1/lib/dx.jar
7f8148020000-7f8148035000 rw-p 00000000 00:00 0 
7f8148035000-7f8148175000 ---p 00000000 00:00 0 
7f8148175000-7f8148180000 rw-p 00000000 00:00 0 
7f8148180000-7f8148220000 ---p 00000000 00:00 0 
7f8148220000-7f8148232000 rw-p 00000000 00:00 0 
7f8148232000-7f81485e1000 ---p 00000000 00:00 0 
7f81485e1000-7f81485fb000 r-xp 00000000 08:03 1574049                    /opt/java/jdk1.8.0_45/jre/lib/amd64/libzip.so
7f81485fb000-7f81487fb000 ---p 0001a000 08:03 1574049                    /opt/java/jdk1.8.0_45/jre/lib/amd64/libzip.so
7f81487fb000-7f81487fc000 rw-p 0001a000 08:03 1574049                    /opt/java/jdk1.8.0_45/jre/lib/amd64/libzip.so
7f81487fc000-7f8148807000 r-xp 00000000 08:03 131807                     /lib/x86_64-linux-gnu/libnss_files-2.19.so
7f8148807000-7f8148a06000 ---p 0000b000 08:03 131807                     /lib/x86_64-linux-gnu/libnss_files-2.19.so
7f8148a06000-7f8148a07000 r--p 0000a000 08:03 131807                     /lib/x86_64-linux-gnu/libnss_files-2.19.so
7f8148a07000-7f8148a08000 rw-p 0000b000 08:03 131807                     /lib/x86_64-linux-gnu/libnss_files-2.19.so
7f8148a08000-7f8148a13000 r-xp 00000000 08:03 131871                     /lib/x86_64-linux-gnu/libnss_nis-2.19.so
7f8148a13000-7f8148c12000 ---p 0000b000 08:03 131871                     /lib/x86_64-linux-gnu/libnss_nis-2.19.so
7f8148c12000-7f8148c13000 r--p 0000a000 08:03 131871                     /lib/x86_64-linux-gnu/libnss_nis-2.19.so
7f8148c13000-7f8148c14000 rw-p 0000b000 08:03 131871                     /lib/x86_64-linux-gnu/libnss_nis-2.19.so
7f8148c14000-7f8148c2b000 r-xp 00000000 08:03 131829                     /lib/x86_64-linux-gnu/libnsl-2.19.so
7f8148c2b000-7f8148e2a000 ---p 00017000 08:03 131829                     /lib/x86_64-linux-gnu/libnsl-2.19.so
7f8148e2a000-7f8148e2b000 r--p 00016000 08:03 131829                     /lib/x86_64-linux-gnu/libnsl-2.19.so
7f8148e2b000-7f8148e2c000 rw-p 00017000 08:03 131829                     /lib/x86_64-linux-gnu/libnsl-2.19.so
7f8148e2c000-7f8148e2e000 rw-p 00000000 00:00 0 
7f8148e2e000-7f8148e37000 r-xp 00000000 08:03 131828                     /lib/x86_64-linux-gnu/libnss_compat-2.19.so
7f8148e37000-7f8149036000 ---p 00009000 08:03 131828                     /lib/x86_64-linux-gnu/libnss_compat-2.19.so
7f8149036000-7f8149037000 r--p 00008000 08:03 131828                     /lib/x86_64-linux-gnu/libnss_compat-2.19.so
7f8149037000-7f8149038000 rw-p 00009000 08:03 131828                     /lib/x86_64-linux-gnu/libnss_compat-2.19.so
7f8149038000-7f8149062000 r-xp 00000000 08:03 1574040                    /opt/java/jdk1.8.0_45/jre/lib/amd64/libjava.so
7f8149062000-7f8149262000 ---p 0002a000 08:03 1574040                    /opt/java/jdk1.8.0_45/jre/lib/amd64/libjava.so
7f8149262000-7f8149264000 rw-p 0002a000 08:03 1574040                    /opt/java/jdk1.8.0_45/jre/lib/amd64/libjava.so
7f8149264000-7f8149271000 r-xp 00000000 08:03 1574047                    /opt/java/jdk1.8.0_45/jre/lib/amd64/libverify.so
7f8149271000-7f8149471000 ---p 0000d000 08:03 1574047                    /opt/java/jdk1.8.0_45/jre/lib/amd64/libverify.so
7f8149471000-7f8149473000 rw-p 0000d000 08:03 1574047                    /opt/java/jdk1.8.0_45/jre/lib/amd64/libverify.so
7f8149473000-7f814947a000 r-xp 00000000 08:03 131868                     /lib/x86_64-linux-gnu/librt-2.19.so
7f814947a000-7f8149679000 ---p 00007000 08:03 131868                     /lib/x86_64-linux-gnu/librt-2.19.so
7f8149679000-7f814967a000 r--p 00006000 08:03 131868                     /lib/x86_64-linux-gnu/librt-2.19.so
7f814967a000-7f814967b000 rw-p 00007000 08:03 131868                     /lib/x86_64-linux-gnu/librt-2.19.so
7f814967b000-7f8149780000 r-xp 00000000 08:03 131806                     /lib/x86_64-linux-gnu/libm-2.19.so
7f8149780000-7f814997f000 ---p 00105000 08:03 131806                     /lib/x86_64-linux-gnu/libm-2.19.so
7f814997f000-7f8149980000 r--p 00104000 08:03 131806                     /lib/x86_64-linux-gnu/libm-2.19.so
7f8149980000-7f8149981000 rw-p 00105000 08:03 131806                     /lib/x86_64-linux-gnu/libm-2.19.so
7f8149981000-7f814a62f000 r-xp 00000000 08:03 1574060                    /opt/java/jdk1.8.0_45/jre/lib/amd64/server/libjvm.so
7f814a62f000-7f814a82e000 ---p 00cae000 08:03 1574060                    /opt/java/jdk1.8.0_45/jre/lib/amd64/server/libjvm.so
7f814a82e000-7f814a905000 rw-p 00cad000 08:03 1574060                    /opt/java/jdk1.8.0_45/jre/lib/amd64/server/libjvm.so
7f814a905000-7f814a949000 rw-p 00000000 00:00 0 
7f814a949000-7f814ab04000 r-xp 00000000 08:03 131857                     /lib/x86_64-linux-gnu/libc-2.19.so
7f814ab04000-7f814ad03000 ---p 001bb000 08:03 131857                     /lib/x86_64-linux-gnu/libc-2.19.so
7f814ad03000-7f814ad07000 r--p 001ba000 08:03 131857                     /lib/x86_64-linux-gnu/libc-2.19.so
7f814ad07000-7f814ad09000 rw-p 001be000 08:03 131857                     /lib/x86_64-linux-gnu/libc-2.19.so
7f814ad09000-7f814ad0e000 rw-p 00000000 00:00 0 
7f814ad0e000-7f814ad11000 r-xp 00000000 08:03 131810                     /lib/x86_64-linux-gnu/libdl-2.19.so
7f814ad11000-7f814af10000 ---p 00003000 08:03 131810                     /lib/x86_64-linux-gnu/libdl-2.19.so
7f814af10000-7f814af11000 r--p 00002000 08:03 131810                     /lib/x86_64-linux-gnu/libdl-2.19.so
7f814af11000-7f814af12000 rw-p 00003000 08:03 131810                     /lib/x86_64-linux-gnu/libdl-2.19.so
7f814af12000-7f814af27000 r-xp 00000000 08:03 1573749                    /opt/java/jdk1.8.0_45/lib/amd64/jli/libjli.so
7f814af27000-7f814b127000 ---p 00015000 08:03 1573749                    /opt/java/jdk1.8.0_45/lib/amd64/jli/libjli.so
7f814b127000-7f814b128000 rw-p 00015000 08:03 1573749                    /opt/java/jdk1.8.0_45/lib/amd64/jli/libjli.so
7f814b128000-7f814b141000 r-xp 00000000 08:03 131858                     /lib/x86_64-linux-gnu/libpthread-2.19.so
7f814b141000-7f814b340000 ---p 00019000 08:03 131858                     /lib/x86_64-linux-gnu/libpthread-2.19.so
7f814b340000-7f814b341000 r--p 00018000 08:03 131858                     /lib/x86_64-linux-gnu/libpthread-2.19.so
7f814b341000-7f814b342000 rw-p 00019000 08:03 131858                     /lib/x86_64-linux-gnu/libpthread-2.19.so
7f814b342000-7f814b346000 rw-p 00000000 00:00 0 
7f814b346000-7f814b369000 r-xp 00000000 08:03 131833                     /lib/x86_64-linux-gnu/ld-2.19.so
7f814b369000-7f814b36f000 r--s 00022000 00:19 11273429                   /home/mike/AndroidStudioProjects/Wordist/app/build/intermediates/exploded-aar/com.google.android.gms/play-services-nearby/7.8.0/jars/classes.jar
7f814b36f000-7f814b441000 rw-p 00000000 00:00 0 
7f814b441000-7f814b444000 ---p 00000000 00:00 0 
7f814b444000-7f814b547000 rw-p 00000000 00:00 0                          [stack:12788]
7f814b547000-7f814b548000 r--p 00000000 08:03 672594                     /usr/share/locale-langpack/en_GB/LC_MESSAGES/libc.mo
7f814b548000-7f814b55c000 rw-p 00000000 00:00 0 
7f814b55c000-7f814b564000 rw-s 00000000 08:03 1574106                    /tmp/hsperfdata_mike/12784
7f814b564000-7f814b565000 rw-p 00000000 00:00 0 
7f814b565000-7f814b566000 r--p 00000000 00:00 0 
7f814b566000-7f814b568000 rw-p 00000000 00:00 0 
7f814b568000-7f814b569000 r--p 00022000 08:03 131833                     /lib/x86_64-linux-gnu/ld-2.19.so
7f814b569000-7f814b56a000 rw-p 00023000 08:03 131833                     /lib/x86_64-linux-gnu/ld-2.19.so
7f814b56a000-7f814b56b000 rw-p 00000000 00:00 0 
7fffe952d000-7fffe954e000 rw-p 00000000 00:00 0                          [stack]
7fffe95fe000-7fffe9600000 r-xp 00000000 00:00 0                          [vdso]
ffffffffff600000-ffffffffff601000 r-xp 00000000 00:00 0                  [vsyscall]

VM Arguments:
jvm_args: -Xmx1024M -Dfile.encoding=UTF-8 -Duser.country=GB -Duser.language=en -Duser.variant 
java_command: com.android.dx.command.Main --dex --output /home/mike/AndroidStudioProjects/Wordist/app/build/intermediates/pre-dexed/debug/classes-4fe46cb4cff6871994b7baaaa48ab6f79ed71187.jar /home/mike/AndroidStudioProjects/Wordist/app/build/intermediates/exploded-aar/com.google.android.gms/play-services-nearby/7.8.0/jars/classes.jar
java_class_path (initial): /home/mike/Android/Sdk/build-tools/22.0.1/lib/dx.jar
Launcher Type: SUN_STANDARD

Environment Variables:
PATH=/usr/local/sbin:/usr/local/bin:/usr/sbin:/usr/bin:/sbin:/bin:/usr/games:/usr/local/games
USERNAME=mike
LD_LIBRARY_PATH=/opt/android-studio/bin:
SHELL=/bin/bash
DISPLAY=:0

Signal Handlers:
SIGSEGV: [libjvm.so+0xaad1e0], sa_mask[0]=11111111011111111101111111111110, sa_flags=SA_RESTART|SA_SIGINFO
SIGBUS: [libjvm.so+0xaad1e0], sa_mask[0]=11111111011111111101111111111110, sa_flags=SA_RESTART|SA_SIGINFO
SIGFPE: [libjvm.so+0x90b450], sa_mask[0]=11111111011111111101111111111110, sa_flags=SA_RESTART|SA_SIGINFO
SIGPIPE: [libjvm.so+0x90b450], sa_mask[0]=11111111011111111101111111111110, sa_flags=SA_RESTART|SA_SIGINFO
SIGXFSZ: [libjvm.so+0x90b450], sa_mask[0]=11111111011111111101111111111110, sa_flags=SA_RESTART|SA_SIGINFO
SIGILL: [libjvm.so+0x90b450], sa_mask[0]=11111111011111111101111111111110, sa_flags=SA_RESTART|SA_SIGINFO
SIGUSR1: SIG_DFL, sa_mask[0]=00000000000000000000000000000000, sa_flags=none
SIGUSR2: [libjvm.so+0x90ca90], sa_mask[0]=00100000000000000000000000000000, sa_flags=SA_RESTART|SA_SIGINFO
SIGHUP: [libjvm.so+0x90dde0], sa_mask[0]=11111111011111111101111111111110, sa_flags=SA_RESTART|SA_SIGINFO
SIGINT: [libjvm.so+0x90dde0], sa_mask[0]=11111111011111111101111111111110, sa_flags=SA_RESTART|SA_SIGINFO
SIGTERM: [libjvm.so+0x90dde0], sa_mask[0]=11111111011111111101111111111110, sa_flags=SA_RESTART|SA_SIGINFO
SIGQUIT: [libjvm.so+0x90dde0], sa_mask[0]=11111111011111111101111111111110, sa_flags=SA_RESTART|SA_SIGINFO


---------------  S Y S T E M  ---------------

OS:DISTRIB_ID=LinuxMint
DISTRIB_RELEASE=17.2
DISTRIB_CODENAME=rafaela
DISTRIB_DESCRIPTION="Linux Mint 17.2 Rafaela"

uname:Linux 3.13.0-37-generic #64-Ubuntu SMP Mon Sep 22 21:28:38 UTC 2014 x86_64
libc:glibc 2.19 NPTL 2.19 
rlimit: STACK 8192k, CORE 0k, NPROC 30882, NOFILE 4096, AS infinity
load average:5.69 2.58 1.66

/proc/meminfo:
MemTotal:        4048044 kB
MemFree:         1022484 kB
Buffers:            1492 kB
Cached:            48588 kB
SwapCached:            0 kB
Active:          2639420 kB
Inactive:          47492 kB
Active(anon):    2638440 kB
Inactive(anon):    17144 kB
Active(file):        980 kB
Inactive(file):    30348 kB
Unevictable:          72 kB
Mlocked:              72 kB
SwapTotal:             0 kB
SwapFree:              0 kB
Dirty:                52 kB
Writeback:             0 kB
AnonPages:       2637572 kB
Mapped:           143336 kB
Shmem:             18220 kB
Slab:              75860 kB
SReclaimable:      26368 kB
SUnreclaim:        49492 kB
KernelStack:        3808 kB
PageTables:        23740 kB
NFS_Unstable:          0 kB
Bounce:                0 kB
WritebackTmp:          0 kB
CommitLimit:     2024020 kB
Committed_AS:    4088740 kB
VmallocTotal:   34359738367 kB
VmallocUsed:      305612 kB
VmallocChunk:   34359429988 kB
HardwareCorrupted:     0 kB
AnonHugePages:    888832 kB
HugePages_Total:       0
HugePages_Free:        0
HugePages_Rsvd:        0
HugePages_Surp:        0
Hugepagesize:       2048 kB
DirectMap4k:      185920 kB
DirectMap2M:     2959360 kB
DirectMap1G:     1048576 kB


CPU:total 4 (4 cores per cpu, 1 threads per core) family 16 model 4 stepping 2, cmov, cx8, fxsr, mmx, sse, sse2, sse3, popcnt, mmxext, 3dnowpref, lzcnt, sse4a, tsc, tscinvbit, tscinv

/proc/cpuinfo:
processor	: 0
vendor_id	: AuthenticAMD
cpu family	: 16
model		: 4
model name	: AMD Phenom(tm) II X4 955 Processor
stepping	: 2
microcode	: 0x1000086
cpu MHz		: 3200.000
cache size	: 512 KB
physical id	: 0
siblings	: 4
core id		: 0
cpu cores	: 4
apicid		: 0
initial apicid	: 0
fpu		: yes
fpu_exception	: yes
cpuid level	: 5
wp		: yes
flags		: fpu vme de pse tsc msr pae mce cx8 apic sep mtrr pge mca cmov pat pse36 clflush mmx fxsr sse sse2 ht syscall nx mmxext fxsr_opt pdpe1gb rdtscp lm 3dnowext 3dnow constant_tsc rep_good nopl nonstop_tsc extd_apicid pni monitor cx16 popcnt lahf_lm cmp_legacy svm extapic cr8_legacy abm sse4a misalignsse 3dnowprefetch osvw ibs skinit wdt hw_pstate npt lbrv svm_lock nrip_save
bogomips	: 6399.91
TLB size	: 1024 4K pages
clflush size	: 64
cache_alignment	: 64
address sizes	: 48 bits physical, 48 bits virtual
power management: ts ttp tm stc 100mhzsteps hwpstate

processor	: 1
vendor_id	: AuthenticAMD
cpu family	: 16
model		: 4
model name	: AMD Phenom(tm) II X4 955 Processor
stepping	: 2
microcode	: 0x1000086
cpu MHz		: 3200.000
cache size	: 512 KB
physical id	: 0
siblings	: 4
core id		: 1
cpu cores	: 4
apicid		: 1
initial apicid	: 1
fpu		: yes
fpu_exception	: yes
cpuid level	: 5
wp		: yes
flags		: fpu vme de pse tsc msr pae mce cx8 apic sep mtrr pge mca cmov pat pse36 clflush mmx fxsr sse sse2 ht syscall nx mmxext fxsr_opt pdpe1gb rdtscp lm 3dnowext 3dnow constant_tsc rep_good nopl nonstop_tsc extd_apicid pni monitor cx16 popcnt lahf_lm cmp_legacy svm extapic cr8_legacy abm sse4a misalignsse 3dnowprefetch osvw ibs skinit wdt hw_pstate npt lbrv svm_lock nrip_save
bogomips	: 6399.91
TLB size	: 1024 4K pages
clflush size	: 64
cache_alignment	: 64
address sizes	: 48 bits physical, 48 bits virtual
power management: ts ttp tm stc 100mhzsteps hwpstate

processor	: 2
vendor_id	: AuthenticAMD
cpu family	: 16
model		: 4
model name	: AMD Phenom(tm) II X4 955 Processor
stepping	: 2
microcode	: 0x1000086
cpu MHz		: 3200.000
cache size	: 512 KB
physical id	: 0
siblings	: 4
core id		: 2
cpu cores	: 4
apicid		: 2
initial apicid	: 2
fpu		: yes
fpu_exception	: yes
cpuid level	: 5
wp		: yes
flags		: fpu vme de pse tsc msr pae mce cx8 apic sep mtrr pge mca cmov pat pse36 clflush mmx fxsr sse sse2 ht syscall nx mmxext fxsr_opt pdpe1gb rdtscp lm 3dnowext 3dnow constant_tsc rep_good nopl nonstop_tsc extd_apicid pni monitor cx16 popcnt lahf_lm cmp_legacy svm extapic cr8_legacy abm sse4a misalignsse 3dnowprefetch osvw ibs skinit wdt hw_pstate npt lbrv svm_lock nrip_save
bogomips	: 6399.91
TLB size	: 1024 4K pages
clflush size	: 64
cache_alignment	: 64
address sizes	: 48 bits physical, 48 bits virtual
power management: ts ttp tm stc 100mhzsteps hwpstate

processor	: 3
vendor_id	: AuthenticAMD
cpu family	: 16
model		: 4
model name	: AMD Phenom(tm) II X4 955 Processor
stepping	: 2
microcode	: 0x1000086
cpu MHz		: 3200.000
cache size	: 512 KB
physical id	: 0
siblings	: 4
core id		: 3
cpu cores	: 4
apicid		: 3
initial apicid	: 3
fpu		: yes
fpu_exception	: yes
cpuid level	: 5
wp		: yes
flags		: fpu vme de pse tsc msr pae mce cx8 apic sep mtrr pge mca cmov pat pse36 clflush mmx fxsr sse sse2 ht syscall nx mmxext fxsr_opt pdpe1gb rdtscp lm 3dnowext 3dnow constant_tsc rep_good nopl nonstop_tsc extd_apicid pni monitor cx16 popcnt lahf_lm cmp_legacy svm extapic cr8_legacy abm sse4a misalignsse 3dnowprefetch osvw ibs skinit wdt hw_pstate npt lbrv svm_lock nrip_save
bogomips	: 6399.91
TLB size	: 1024 4K pages
clflush size	: 64
cache_alignment	: 64
address sizes	: 48 bits physical, 48 bits virtual
power management: ts ttp tm stc 100mhzsteps hwpstate



Memory: 4k page, physical 4048044k(1022484k free), swap 0k(0k free)

vm_info: Java HotSpot(TM) 64-Bit Server VM (25.45-b02) for linux-amd64 JRE (1.8.0_45-b14), built on Apr 10 2015 10:07:45 by "java_re" with gcc 4.3.0 20080428 (Red Hat 4.3.0-8)

time: Fri Aug 21 22:04:47 2015
elapsed time: 9 seconds (0d 0h 0m 9s)

