#
# There is insufficient memory for the Java Runtime Environment to continue.
# Native memory allocation (mmap) failed to map 72351744 bytes for committing reserved memory.
# Possible reasons:
#   The system is out of physical RAM or swap space
#   In 32 bit mode, the process size limit was hit
# Possible solutions:
#   Reduce memory load on the system
#   Increase physical memory or swap space
#   Check if swap backing store is full
#   Use 64 bit Java on a 64 bit OS
#   Decrease Java heap size (-Xmx/-Xms)
#   Decrease number of Java threads
#   Decrease Java thread stack sizes (-Xss)
#   Set larger code cache with -XX:ReservedCodeCacheSize=
# This output file may be truncated or incomplete.
#
#  Out of Memory Error (os_linux.cpp:2673), pid=8257, tid=140454184072960
#
# JRE version: Java(TM) SE Runtime Environment (8.0_45-b14) (build 1.8.0_45-b14)
# Java VM: Java HotSpot(TM) 64-Bit Server VM (25.45-b02 mixed mode linux-amd64 compressed oops)
# Failed to write core dump. Core dumps have been disabled. To enable core dumping, try "ulimit -c unlimited" before starting Java again
#

---------------  T H R E A D  ---------------

Current thread (0x00007fbe20077800):  VMThread [stack: 0x00007fbe09afb000,0x00007fbe09bfc000] [id=8266]

Stack: [0x00007fbe09afb000,0x00007fbe09bfc000],  sp=0x00007fbe09bfa060,  free space=1020k
Native frames: (J=compiled Java code, j=interpreted, Vv=VM code, C=native code)
V  [libjvm.so+0xaac99a]  VMError::report_and_die()+0x2ba
V  [libjvm.so+0x4f333b]  report_vm_out_of_memory(char const*, int, unsigned long, VMErrorType, char const*)+0x8b
V  [libjvm.so+0x90e7c3]  os::Linux::commit_memory_impl(char*, unsigned long, bool)+0x103
V  [libjvm.so+0x90ed19]  os::pd_commit_memory(char*, unsigned long, unsigned long, bool)+0x29
V  [libjvm.so+0x90867a]  os::commit_memory(char*, unsigned long, unsigned long, bool)+0x2a
V  [libjvm.so+0x97bac3]  PSVirtualSpace::expand_by(unsigned long)+0x53
V  [libjvm.so+0x97cec8]  PSYoungGen::resize_generation(unsigned long, unsigned long)+0xf8
V  [libjvm.so+0x97c022]  PSYoungGen::resize(unsigned long, unsigned long)+0x22
V  [libjvm.so+0x9792fb]  PSScavenge::invoke_no_policy()+0xf7b
V  [libjvm.so+0x979a81]  PSScavenge::invoke()+0x41
V  [libjvm.so+0x932050]  ParallelScavengeHeap::failed_mem_allocate(unsigned long)+0x70
V  [libjvm.so+0xaae1d7]  VM_ParallelGCFailedAllocation::doit()+0x97
V  [libjvm.so+0xab59c5]  VM_Operation::evaluate()+0x55
V  [libjvm.so+0xab3d9a]  VMThread::evaluate_operation(VM_Operation*)+0xba
V  [libjvm.so+0xab411e]  VMThread::loop()+0x1ce
V  [libjvm.so+0xab4590]  VMThread::run()+0x70
V  [libjvm.so+0x910de8]  java_start(Thread*)+0x108

VM_Operation (0x00007fbe282f7cd0): ParallelGCFailedAllocation, mode: safepoint, requested by thread 0x00007fbe2000a000


---------------  P R O C E S S  ---------------

Java Threads: ( => current thread )
  0x00007fbe200c2000 JavaThread "Service Thread" daemon [_thread_blocked, id=8273, stack(0x00007fbe0912b000,0x00007fbe0922c000)]
  0x00007fbe200bd000 JavaThread "C1 CompilerThread2" daemon [_thread_blocked, id=8272, stack(0x00007fbe0922c000,0x00007fbe0932d000)]
  0x00007fbe200bb800 JavaThread "C2 CompilerThread1" daemon [_thread_blocked, id=8271, stack(0x00007fbe0932d000,0x00007fbe0942e000)]
  0x00007fbe200b8800 JavaThread "C2 CompilerThread0" daemon [_thread_blocked, id=8270, stack(0x00007fbe0942e000,0x00007fbe0952f000)]
  0x00007fbe200b7000 JavaThread "Signal Dispatcher" daemon [_thread_blocked, id=8269, stack(0x00007fbe0952f000,0x00007fbe09630000)]
  0x00007fbe2007f000 JavaThread "Finalizer" daemon [_thread_blocked, id=8268, stack(0x00007fbe098f9000,0x00007fbe099fa000)]
  0x00007fbe2007c800 JavaThread "Reference Handler" daemon [_thread_blocked, id=8267, stack(0x00007fbe099fa000,0x00007fbe09afb000)]
  0x00007fbe2000a000 JavaThread "main" [_thread_blocked, id=8259, stack(0x00007fbe281fa000,0x00007fbe282fb000)]

Other Threads:
=>0x00007fbe20077800 VMThread [stack: 0x00007fbe09afb000,0x00007fbe09bfc000] [id=8266]
  0x00007fbe200c4800 WatcherThread [stack: 0x00007fbe0902a000,0x00007fbe0912b000] [id=8274]

VM state:at safepoint (normal execution)

VM Mutex/Monitor currently owned by a thread:  ([mutex/lock_event])
[0x00007fbe20006350] Threads_lock - owner thread: 0x00007fbe20077800
[0x00007fbe20006850] Heap_lock - owner thread: 0x00007fbe2000a000

Heap:
 PSYoungGen      total 71168K, used 8681K [0x00000000eab00000, 0x00000000efa00000, 0x0000000100000000)
  eden space 62464K, 0% used [0x00000000eab00000,0x00000000eab00000,0x00000000ee800000)
  from space 8704K, 99% used [0x00000000ee800000,0x00000000ef07a418,0x00000000ef080000)
  to   space 7680K, 0% used [0x00000000ef080000,0x00000000ef080000,0x00000000ef800000)
 ParOldGen       total 42496K, used 21016K [0x00000000c0000000, 0x00000000c2980000, 0x00000000eab00000)
  object space 42496K, 49% used [0x00000000c0000000,0x00000000c14863c0,0x00000000c2980000)
 Metaspace       used 5922K, capacity 7152K, committed 7296K, reserved 1056768K
  class space    used 546K, capacity 616K, committed 640K, reserved 1048576K

Card table byte_map: [0x00007fbe24dd9000,0x00007fbe24fda000] byte_map_base: 0x00007fbe247d9000

Marking Bits: (ParMarkBitMap*) 0x00007fbe276d7760
 Begin Bits: [0x00007fbe0a000000, 0x00007fbe0b000000)
 End Bits:   [0x00007fbe0b000000, 0x00007fbe0c000000)

Polling page: 0x00007fbe2831e000

CodeCache: size=245760Kb used=7569Kb max_used=7587Kb free=238190Kb
 bounds [0x00007fbe11000000, 0x00007fbe11770000, 0x00007fbe20000000]
 total_blobs=2023 nmethods=1760 adapters=178
 compilation: enabled

Compilation events (10 events):
Event: 7.331 Thread 0x00007fbe200bb800 nmethod 1752 0x00007fbe11764190 code [0x00007fbe117646c0, 0x00007fbe11767ad0]
Event: 7.331 Thread 0x00007fbe200bb800 1777       4       com.android.dx.ssa.SsaBasicBlock::newFromRop (183 bytes)
Event: 7.433 Thread 0x00007fbe200bd000 1809       2       com.android.dx.dex.file.AnnotationUtils::makeThrows (40 bytes)
Event: 7.434 Thread 0x00007fbe200bd000 nmethod 1809 0x00007fbe117639d0 code [0x00007fbe11763b80, 0x00007fbe11763ee8]
Event: 7.464 Thread 0x00007fbe200bd000 1810       2       java.util.TreeMap$EntryIterator::next (5 bytes)
Event: 7.464 Thread 0x00007fbe200bd000 nmethod 1810 0x00007fbe11763650 code [0x00007fbe117637c0, 0x00007fbe11763928]
Event: 7.521 Thread 0x00007fbe200bd000 1811       2       com.android.dx.rop.code.CstInsn::contentEquals (31 bytes)
Event: 7.522 Thread 0x00007fbe200bd000 nmethod 1811 0x00007fbe117631d0 code [0x00007fbe11763340, 0x00007fbe11763558]
Event: 7.537 Thread 0x00007fbe200bd000 1812       2       com.android.dx.ssa.InterferenceRegisterMapper::areAnyPinned (81 bytes)
Event: 7.538 Thread 0x00007fbe200bd000 nmethod 1812 0x00007fbe11762950 code [0x00007fbe11762b00, 0x00007fbe11762e58]

GC Heap History (10 events):
Event: 3.323 GC heap after
Heap after GC invocations=2 (full 0):
 PSYoungGen      total 18432K, used 2535K [0x00000000eab00000, 0x00000000ecf00000, 0x0000000100000000)
  eden space 15872K, 0% used [0x00000000eab00000,0x00000000eab00000,0x00000000eba80000)
  from space 2560K, 99% used [0x00000000ebd00000,0x00000000ebf79c78,0x00000000ebf80000)
  to   space 2560K, 0% used [0x00000000eba80000,0x00000000eba80000,0x00000000ebd00000)
 ParOldGen       total 42496K, used 3659K [0x00000000c0000000, 0x00000000c2980000, 0x00000000eab00000)
  object space 42496K, 8% used [0x00000000c0000000,0x00000000c0392c00,0x00000000c2980000)
 Metaspace       used 5708K, capacity 6960K, committed 7040K, reserved 1056768K
  class space    used 543K, capacity 616K, committed 640K, reserved 1048576K
}
Event: 4.047 GC heap before
{Heap before GC invocations=3 (full 0):
 PSYoungGen      total 18432K, used 18407K [0x00000000eab00000, 0x00000000ecf00000, 0x0000000100000000)
  eden space 15872K, 100% used [0x00000000eab00000,0x00000000eba80000,0x00000000eba80000)
  from space 2560K, 99% used [0x00000000ebd00000,0x00000000ebf79c78,0x00000000ebf80000)
  to   space 2560K, 0% used [0x00000000eba80000,0x00000000eba80000,0x00000000ebd00000)
 ParOldGen       total 42496K, used 3659K [0x00000000c0000000, 0x00000000c2980000, 0x00000000eab00000)
  object space 42496K, 8% used [0x00000000c0000000,0x00000000c0392c00,0x00000000c2980000)
 Metaspace       used 5751K, capacity 6960K, committed 7040K, reserved 1056768K
  class space    used 544K, capacity 616K, committed 640K, reserved 1048576K
Event: 4.079 GC heap after
Heap after GC invocations=3 (full 0):
 PSYoungGen      total 18432K, used 2554K [0x00000000eab00000, 0x00000000ecf00000, 0x0000000100000000)
  eden space 15872K, 0% used [0x00000000eab00000,0x00000000eab00000,0x00000000eba80000)
  from space 2560K, 99% used [0x00000000eba80000,0x00000000ebcfeac8,0x00000000ebd00000)
  to   space 2560K, 0% used [0x00000000ecc80000,0x00000000ecc80000,0x00000000ecf00000)
 ParOldGen       total 42496K, used 6029K [0x00000000c0000000, 0x00000000c2980000, 0x00000000eab00000)
  object space 42496K, 14% used [0x00000000c0000000,0x00000000c05e35d8,0x00000000c2980000)
 Metaspace       used 5751K, capacity 6960K, committed 7040K, reserved 1056768K
  class space    used 544K, capacity 616K, committed 640K, reserved 1048576K
}
Event: 4.608 GC heap before
{Heap before GC invocations=4 (full 0):
 PSYoungGen      total 18432K, used 18426K [0x00000000eab00000, 0x00000000ecf00000, 0x0000000100000000)
  eden space 15872K, 100% used [0x00000000eab00000,0x00000000eba80000,0x00000000eba80000)
  from space 2560K, 99% used [0x00000000eba80000,0x00000000ebcfeac8,0x00000000ebd00000)
  to   space 2560K, 0% used [0x00000000ecc80000,0x00000000ecc80000,0x00000000ecf00000)
 ParOldGen       total 42496K, used 6029K [0x00000000c0000000, 0x00000000c2980000, 0x00000000eab00000)
  object space 42496K, 14% used [0x00000000c0000000,0x00000000c05e35d8,0x00000000c2980000)
 Metaspace       used 5804K, capacity 7024K, committed 7296K, reserved 1056768K
  class space    used 544K, capacity 616K, committed 640K, reserved 1048576K
Event: 4.638 GC heap after
Heap after GC invocations=4 (full 0):
 PSYoungGen      total 34304K, used 2528K [0x00000000eab00000, 0x00000000ecf00000, 0x0000000100000000)
  eden space 31744K, 0% used [0x00000000eab00000,0x00000000eab00000,0x00000000eca00000)
  from space 2560K, 98% used [0x00000000ecc80000,0x00000000ecef8048,0x00000000ecf00000)
  to   space 2560K, 0% used [0x00000000eca00000,0x00000000eca00000,0x00000000ecc80000)
 ParOldGen       total 42496K, used 8502K [0x00000000c0000000, 0x00000000c2980000, 0x00000000eab00000)
  object space 42496K, 20% used [0x00000000c0000000,0x00000000c084da98,0x00000000c2980000)
 Metaspace       used 5804K, capacity 7024K, committed 7296K, reserved 1056768K
  class space    used 544K, capacity 616K, committed 640K, reserved 1048576K
}
Event: 5.618 GC heap before
{Heap before GC invocations=5 (full 0):
 PSYoungGen      total 34304K, used 34272K [0x00000000eab00000, 0x00000000ecf00000, 0x0000000100000000)
  eden space 31744K, 100% used [0x00000000eab00000,0x00000000eca00000,0x00000000eca00000)
  from space 2560K, 98% used [0x00000000ecc80000,0x00000000ecef8048,0x00000000ecf00000)
  to   space 2560K, 0% used [0x00000000eca00000,0x00000000eca00000,0x00000000ecc80000)
 ParOldGen       total 42496K, used 8502K [0x00000000c0000000, 0x00000000c2980000, 0x00000000eab00000)
  object space 42496K, 20% used [0x00000000c0000000,0x00000000c084da98,0x00000000c2980000)
 Metaspace       used 5838K, capacity 7024K, committed 7296K, reserved 1056768K
  class space    used 544K, capacity 616K, committed 640K, reserved 1048576K
Event: 5.658 GC heap after
Heap after GC invocations=5 (full 0):
 PSYoungGen      total 34304K, used 2528K [0x00000000eab00000, 0x00000000ef800000, 0x0000000100000000)
  eden space 31744K, 0% used [0x00000000eab00000,0x00000000eab00000,0x00000000eca00000)
  from space 2560K, 98% used [0x00000000eca00000,0x00000000ecc78028,0x00000000ecc80000)
  to   space 7680K, 0% used [0x00000000ef080000,0x00000000ef080000,0x00000000ef800000)
 ParOldGen       total 42496K, used 13899K [0x00000000c0000000, 0x00000000c2980000, 0x00000000eab00000)
  object space 42496K, 32% used [0x00000000c0000000,0x00000000c0d92d50,0x00000000c2980000)
 Metaspace       used 5838K, capacity 7024K, committed 7296K, reserved 1056768K
  class space    used 544K, capacity 616K, committed 640K, reserved 1048576K
}
Event: 6.361 GC heap before
{Heap before GC invocations=6 (full 0):
 PSYoungGen      total 34304K, used 34272K [0x00000000eab00000, 0x00000000ef800000, 0x0000000100000000)
  eden space 31744K, 100% used [0x00000000eab00000,0x00000000eca00000,0x00000000eca00000)
  from space 2560K, 98% used [0x00000000eca00000,0x00000000ecc78028,0x00000000ecc80000)
  to   space 7680K, 0% used [0x00000000ef080000,0x00000000ef080000,0x00000000ef800000)
 ParOldGen       total 42496K, used 13899K [0x00000000c0000000, 0x00000000c2980000, 0x00000000eab00000)
  object space 42496K, 32% used [0x00000000c0000000,0x00000000c0d92d50,0x00000000c2980000)
 Metaspace       used 5899K, capacity 7088K, committed 7296K, reserved 1056768K
  class space    used 546K, capacity 616K, committed 640K, reserved 1048576K
Event: 6.412 GC heap after
Heap after GC invocations=6 (full 0):
 PSYoungGen      total 70144K, used 7664K [0x00000000eab00000, 0x00000000efa00000, 0x0000000100000000)
  eden space 62464K, 0% used [0x00000000eab00000,0x00000000eab00000,0x00000000ee800000)
  from space 7680K, 99% used [0x00000000ef080000,0x00000000ef7fc038,0x00000000ef800000)
  to   space 8704K, 0% used [0x00000000ee800000,0x00000000ee800000,0x00000000ef080000)
 ParOldGen       total 42496K, used 13947K [0x00000000c0000000, 0x00000000c2980000, 0x00000000eab00000)
  object space 42496K, 32% used [0x00000000c0000000,0x00000000c0d9ed50,0x00000000c2980000)
 Metaspace       used 5899K, capacity 7088K, committed 7296K, reserved 1056768K
  class space    used 546K, capacity 616K, committed 640K, reserved 1048576K
}
Event: 7.779 GC heap before
{Heap before GC invocations=7 (full 0):
 PSYoungGen      total 70144K, used 70128K [0x00000000eab00000, 0x00000000efa00000, 0x0000000100000000)
  eden space 62464K, 100% used [0x00000000eab00000,0x00000000ee800000,0x00000000ee800000)
  from space 7680K, 99% used [0x00000000ef080000,0x00000000ef7fc038,0x00000000ef800000)
  to   space 8704K, 0% used [0x00000000ee800000,0x00000000ee800000,0x00000000ef080000)
 ParOldGen       total 42496K, used 13947K [0x00000000c0000000, 0x00000000c2980000, 0x00000000eab00000)
  object space 42496K, 32% used [0x00000000c0000000,0x00000000c0d9ed50,0x00000000c2980000)
 Metaspace       used 5922K, capacity 7152K, committed 7296K, reserved 1056768K
  class space    used 546K, capacity 616K, committed 640K, reserved 1048576K

Deoptimization events (10 events):
Event: 4.397 Thread 0x00007fbe2000a000 Uncommon trap: reason=bimorphic action=maybe_recompile pc=0x00007fbe1161b8f4 method=com.android.dx.cf.code.BytecodeArray.parseInstruction(ILcom/android/dx/cf/code/BytecodeArray$Visitor;)I @ 2281
Event: 4.397 Thread 0x00007fbe2000a000 Uncommon trap: reason=bimorphic action=maybe_recompile pc=0x00007fbe1161b8f4 method=com.android.dx.cf.code.BytecodeArray.parseInstruction(ILcom/android/dx/cf/code/BytecodeArray$Visitor;)I @ 2281
Event: 4.397 Thread 0x00007fbe2000a000 Uncommon trap: reason=bimorphic action=maybe_recompile pc=0x00007fbe1161b8f4 method=com.android.dx.cf.code.BytecodeArray.parseInstruction(ILcom/android/dx/cf/code/BytecodeArray$Visitor;)I @ 2281
Event: 4.397 Thread 0x00007fbe2000a000 Uncommon trap: reason=bimorphic action=maybe_recompile pc=0x00007fbe1161b8f4 method=com.android.dx.cf.code.BytecodeArray.parseInstruction(ILcom/android/dx/cf/code/BytecodeArray$Visitor;)I @ 2281
Event: 5.782 Thread 0x00007fbe2000a000 Uncommon trap: reason=uninitialized action=reinterpret pc=0x00007fbe116941f0 method=com.android.dx.cf.code.BytecodeArray.parseInstruction(ILcom/android/dx/cf/code/BytecodeArray$Visitor;)I @ 1031
Event: 5.891 Thread 0x00007fbe2000a000 Uncommon trap: reason=unstable_if action=reinterpret pc=0x00007fbe11486b84 method=com.android.dx.util.IntList.binarysearch(I)I @ 105
Event: 5.892 Thread 0x00007fbe2000a000 Uncommon trap: reason=unstable_if action=reinterpret pc=0x00007fbe1167eb98 method=com.android.dx.ssa.LocalVariableExtractor.processBlock(I)V @ 77
Event: 5.902 Thread 0x00007fbe2000a000 Uncommon trap: reason=unstable_if action=reinterpret pc=0x00007fbe1153414c method=com.android.dx.util.LabeledList.set(ILcom/android/dx/util/LabeledItem;)V @ 16
Event: 6.443 Thread 0x00007fbe2000a000 Uncommon trap: reason=unstable_if action=reinterpret pc=0x00007fbe116a27dc method=com.android.dx.ssa.LiteralOpUpgrader$1.visitNonMoveInsn(Lcom/android/dx/ssa/NormalSsaInsn;)V @ 55
Event: 6.444 Thread 0x00007fbe2000a000 Uncommon trap: reason=unstable_if action=reinterpret pc=0x00007fbe1151027c method=com.android.dx.ssa.SsaMethod.updateOneDefinition(Lcom/android/dx/ssa/SsaInsn;Lcom/android/dx/rop/code/RegisterSpec;)V @ 4

Internal exceptions (3 events):
Event: 0.138 Thread 0x00007fbe2000a000 Exception <a 'java/lang/NoSuchMethodError': Method sun.misc.Unsafe.defineClass(Ljava/lang/String;[BII)Ljava/lang/Class; name or signature does not match> (0x00000000eab12a38) thrown at [/RE-WORK/workspace/8-2-build-linux-amd64/jdk8u45/3457/hotspot/src/sha
Event: 0.138 Thread 0x00007fbe2000a000 Exception <a 'java/lang/NoSuchMethodError': Method sun.misc.Unsafe.prefetchRead(Ljava/lang/Object;J)V name or signature does not match> (0x00000000eab12cc8) thrown at [/RE-WORK/workspace/8-2-build-linux-amd64/jdk8u45/3457/hotspot/src/share/vm/prims/jni.cp
Event: 2.540 Thread 0x00007fbe2000a000 Implicit null exception at 0x00007fbe113d9322 to 0x00007fbe113d93c2

Events (10 events):
Event: 6.444 Thread 0x00007fbe2000a000 Uncommon trap: trap_request=0xffffff65 fr.pc=0x00007fbe1151027c
Event: 6.444 Thread 0x00007fbe2000a000 DEOPT PACKING pc=0x00007fbe1151027c sp=0x00007fbe282f8970
Event: 6.444 Thread 0x00007fbe2000a000 DEOPT UNPACKING pc=0x00007fbe11005229 sp=0x00007fbe282f8938 mode 2
Event: 6.493 Thread 0x00007fbe2000a000 DEOPT PACKING pc=0x00007fbe116e1fcd sp=0x00007fbe282f8b40
Event: 6.493 Thread 0x00007fbe2000a000 DEOPT UNPACKING pc=0x00007fbe11047233 sp=0x00007fbe282f8938 mode 0
Event: 6.899 Thread 0x00007fbe2000a000 DEOPT PACKING pc=0x00007fbe116e49ff sp=0x00007fbe282f8a50
Event: 6.899 Thread 0x00007fbe2000a000 DEOPT UNPACKING pc=0x00007fbe11047233 sp=0x00007fbe282f8768 mode 0
Event: 7.004 Thread 0x00007fbe2000a000 DEOPT PACKING pc=0x00007fbe113a5cd0 sp=0x00007fbe282f8930
Event: 7.004 Thread 0x00007fbe2000a000 DEOPT UNPACKING pc=0x00007fbe11047233 sp=0x00007fbe282f8670 mode 0
Event: 7.652 Executing VM operation: ParallelGCFailedAllocation


Dynamic libraries:
00400000-00401000 r-xp 00000000 08:03 1572315                            /opt/java/jdk1.8.0_45/bin/java
00600000-00601000 rw-p 00000000 08:03 1572315                            /opt/java/jdk1.8.0_45/bin/java
0074b000-0076c000 rw-p 00000000 00:00 0                                  [heap]
c0000000-c2980000 rw-p 00000000 00:00 0 
c2980000-eab00000 ---p 00000000 00:00 0 
eab00000-efa00000 rw-p 00000000 00:00 0 
f3f00000-100000000 ---p 00000000 00:00 0 
100000000-1000a0000 rw-p 00000000 00:00 0 
1000a0000-140000000 ---p 00000000 00:00 0 
7fbdd4000000-7fbdd4021000 rw-p 00000000 00:00 0 
7fbdd4021000-7fbdd8000000 ---p 00000000 00:00 0 
7fbdd8000000-7fbdd8021000 rw-p 00000000 00:00 0 
7fbdd8021000-7fbddc000000 ---p 00000000 00:00 0 
7fbddc000000-7fbddc9f3000 rw-p 00000000 00:00 0 
7fbddc9f3000-7fbde0000000 ---p 00000000 00:00 0 
7fbde0000000-7fbde0b89000 rw-p 00000000 00:00 0 
7fbde0b89000-7fbde4000000 ---p 00000000 00:00 0 
7fbde4000000-7fbde4021000 rw-p 00000000 00:00 0 
7fbde4021000-7fbde8000000 ---p 00000000 00:00 0 
7fbde8000000-7fbde9386000 rw-p 00000000 00:00 0 
7fbde9386000-7fbdec000000 ---p 00000000 00:00 0 
7fbdec000000-7fbdec021000 rw-p 00000000 00:00 0 
7fbdec021000-7fbdf0000000 ---p 00000000 00:00 0 
7fbdf0000000-7fbdf0021000 rw-p 00000000 00:00 0 
7fbdf0021000-7fbdf4000000 ---p 00000000 00:00 0 
7fbdf4000000-7fbdf4021000 rw-p 00000000 00:00 0 
7fbdf4021000-7fbdf8000000 ---p 00000000 00:00 0 
7fbdf8000000-7fbdf828a000 rw-p 00000000 00:00 0 
7fbdf828a000-7fbdfc000000 ---p 00000000 00:00 0 
7fbdfc000000-7fbdfc021000 rw-p 00000000 00:00 0 
7fbdfc021000-7fbe00000000 ---p 00000000 00:00 0 
7fbe04000000-7fbe04021000 rw-p 00000000 00:00 0 
7fbe04021000-7fbe08000000 ---p 00000000 00:00 0 
7fbe0902a000-7fbe0902b000 ---p 00000000 00:00 0 
7fbe0902b000-7fbe0912b000 rw-p 00000000 00:00 0                          [stack:8274]
7fbe0912b000-7fbe0912e000 ---p 00000000 00:00 0 
7fbe0912e000-7fbe0922c000 rw-p 00000000 00:00 0                          [stack:8273]
7fbe0922c000-7fbe0922f000 ---p 00000000 00:00 0 
7fbe0922f000-7fbe0932d000 rw-p 00000000 00:00 0                          [stack:8272]
7fbe0932d000-7fbe09330000 ---p 00000000 00:00 0 
7fbe09330000-7fbe0942e000 rw-p 00000000 00:00 0                          [stack:8271]
7fbe0942e000-7fbe09431000 ---p 00000000 00:00 0 
7fbe09431000-7fbe0952f000 rw-p 00000000 00:00 0                          [stack:8270]
7fbe0952f000-7fbe09532000 ---p 00000000 00:00 0 
7fbe09532000-7fbe09630000 rw-p 00000000 00:00 0                          [stack:8269]
7fbe09630000-7fbe098f9000 r--p 00000000 08:03 266989                     /usr/lib/locale/locale-archive
7fbe098f9000-7fbe098fc000 ---p 00000000 00:00 0 
7fbe098fc000-7fbe099fa000 rw-p 00000000 00:00 0                          [stack:8268]
7fbe099fa000-7fbe099fd000 ---p 00000000 00:00 0 
7fbe099fd000-7fbe09afb000 rw-p 00000000 00:00 0                          [stack:8267]
7fbe09afb000-7fbe09afc000 ---p 00000000 00:00 0 
7fbe09afc000-7fbe0c000000 rw-p 00000000 00:00 0                          [stack:8266]
7fbe0c000000-7fbe0c021000 rw-p 00000000 00:00 0 
7fbe0c021000-7fbe10000000 ---p 00000000 00:00 0 
7fbe10051000-7fbe10066000 r--s 00080000 00:19 11273378                   /home/mike/AndroidStudioProjects/Wordist/app/build/intermediates/exploded-aar/com.google.android.gms/play-services-games/7.5.0/jars/classes.jar
7fbe10066000-7fbe10075000 r--s 000dd000 00:19 9438599                    /home/mike/Android/Sdk/build-tools/22.0.1/lib/dx.jar
7fbe10075000-7fbe10e80000 rw-p 00000000 00:00 0 
7fbe10e80000-7fbe11000000 ---p 00000000 00:00 0 
7fbe11000000-7fbe11770000 rwxp 00000000 00:00 0 
7fbe11770000-7fbe20000000 ---p 00000000 00:00 0 
7fbe20000000-7fbe20388000 rw-p 00000000 00:00 0 
7fbe20388000-7fbe24000000 ---p 00000000 00:00 0 
7fbe2400b000-7fbe24430000 rw-p 00000000 00:00 0 
7fbe24430000-7fbe24609000 r--s 03d09000 08:03 1573810                    /opt/java/jdk1.8.0_45/jre/lib/rt.jar
7fbe24609000-7fbe2487f000 rw-p 00000000 00:00 0 
7fbe2487f000-7fbe24880000 ---p 00000000 00:00 0 
7fbe24880000-7fbe24980000 rw-p 00000000 00:00 0                          [stack:8265]
7fbe24980000-7fbe24981000 ---p 00000000 00:00 0 
7fbe24981000-7fbe24a81000 rw-p 00000000 00:00 0                          [stack:8264]
7fbe24a81000-7fbe24a82000 ---p 00000000 00:00 0 
7fbe24a82000-7fbe24b82000 rw-p 00000000 00:00 0                          [stack:8263]
7fbe24b82000-7fbe24b83000 ---p 00000000 00:00 0 
7fbe24b83000-7fbe24c98000 rw-p 00000000 00:00 0                          [stack:8262]
7fbe24c98000-7fbe24dd9000 ---p 00000000 00:00 0 
7fbe24dd9000-7fbe24dee000 rw-p 00000000 00:00 0 
7fbe24dee000-7fbe24f2e000 ---p 00000000 00:00 0 
7fbe24f2e000-7fbe24f56000 rw-p 00000000 00:00 0 
7fbe24f56000-7fbe24fd9000 ---p 00000000 00:00 0 
7fbe24fd9000-7fbe24ff8000 rw-p 00000000 00:00 0 
7fbe24ff8000-7fbe2539a000 ---p 00000000 00:00 0 
7fbe2539a000-7fbe253b4000 r-xp 00000000 08:03 1574049                    /opt/java/jdk1.8.0_45/jre/lib/amd64/libzip.so
7fbe253b4000-7fbe255b4000 ---p 0001a000 08:03 1574049                    /opt/java/jdk1.8.0_45/jre/lib/amd64/libzip.so
7fbe255b4000-7fbe255b5000 rw-p 0001a000 08:03 1574049                    /opt/java/jdk1.8.0_45/jre/lib/amd64/libzip.so
7fbe255b5000-7fbe255c0000 r-xp 00000000 08:03 131807                     /lib/x86_64-linux-gnu/libnss_files-2.19.so
7fbe255c0000-7fbe257bf000 ---p 0000b000 08:03 131807                     /lib/x86_64-linux-gnu/libnss_files-2.19.so
7fbe257bf000-7fbe257c0000 r--p 0000a000 08:03 131807                     /lib/x86_64-linux-gnu/libnss_files-2.19.so
7fbe257c0000-7fbe257c1000 rw-p 0000b000 08:03 131807                     /lib/x86_64-linux-gnu/libnss_files-2.19.so
7fbe257c1000-7fbe257cc000 r-xp 00000000 08:03 131871                     /lib/x86_64-linux-gnu/libnss_nis-2.19.so
7fbe257cc000-7fbe259cb000 ---p 0000b000 08:03 131871                     /lib/x86_64-linux-gnu/libnss_nis-2.19.so
7fbe259cb000-7fbe259cc000 r--p 0000a000 08:03 131871                     /lib/x86_64-linux-gnu/libnss_nis-2.19.so
7fbe259cc000-7fbe259cd000 rw-p 0000b000 08:03 131871                     /lib/x86_64-linux-gnu/libnss_nis-2.19.so
7fbe259cd000-7fbe259e4000 r-xp 00000000 08:03 131829                     /lib/x86_64-linux-gnu/libnsl-2.19.so
7fbe259e4000-7fbe25be3000 ---p 00017000 08:03 131829                     /lib/x86_64-linux-gnu/libnsl-2.19.so
7fbe25be3000-7fbe25be4000 r--p 00016000 08:03 131829                     /lib/x86_64-linux-gnu/libnsl-2.19.so
7fbe25be4000-7fbe25be5000 rw-p 00017000 08:03 131829                     /lib/x86_64-linux-gnu/libnsl-2.19.so
7fbe25be5000-7fbe25be7000 rw-p 00000000 00:00 0 
7fbe25be7000-7fbe25bf0000 r-xp 00000000 08:03 131828                     /lib/x86_64-linux-gnu/libnss_compat-2.19.so
7fbe25bf0000-7fbe25def000 ---p 00009000 08:03 131828                     /lib/x86_64-linux-gnu/libnss_compat-2.19.so
7fbe25def000-7fbe25df0000 r--p 00008000 08:03 131828                     /lib/x86_64-linux-gnu/libnss_compat-2.19.so
7fbe25df0000-7fbe25df1000 rw-p 00009000 08:03 131828                     /lib/x86_64-linux-gnu/libnss_compat-2.19.so
7fbe25df1000-7fbe25e1b000 r-xp 00000000 08:03 1574040                    /opt/java/jdk1.8.0_45/jre/lib/amd64/libjava.so
7fbe25e1b000-7fbe2601b000 ---p 0002a000 08:03 1574040                    /opt/java/jdk1.8.0_45/jre/lib/amd64/libjava.so
7fbe2601b000-7fbe2601d000 rw-p 0002a000 08:03 1574040                    /opt/java/jdk1.8.0_45/jre/lib/amd64/libjava.so
7fbe2601d000-7fbe2602a000 r-xp 00000000 08:03 1574047                    /opt/java/jdk1.8.0_45/jre/lib/amd64/libverify.so
7fbe2602a000-7fbe2622a000 ---p 0000d000 08:03 1574047                    /opt/java/jdk1.8.0_45/jre/lib/amd64/libverify.so
7fbe2622a000-7fbe2622c000 rw-p 0000d000 08:03 1574047                    /opt/java/jdk1.8.0_45/jre/lib/amd64/libverify.so
7fbe2622c000-7fbe26233000 r-xp 00000000 08:03 131868                     /lib/x86_64-linux-gnu/librt-2.19.so
7fbe26233000-7fbe26432000 ---p 00007000 08:03 131868                     /lib/x86_64-linux-gnu/librt-2.19.so
7fbe26432000-7fbe26433000 r--p 00006000 08:03 131868                     /lib/x86_64-linux-gnu/librt-2.19.so
7fbe26433000-7fbe26434000 rw-p 00007000 08:03 131868                     /lib/x86_64-linux-gnu/librt-2.19.so
7fbe26434000-7fbe26539000 r-xp 00000000 08:03 131806                     /lib/x86_64-linux-gnu/libm-2.19.so
7fbe26539000-7fbe26738000 ---p 00105000 08:03 131806                     /lib/x86_64-linux-gnu/libm-2.19.so
7fbe26738000-7fbe26739000 r--p 00104000 08:03 131806                     /lib/x86_64-linux-gnu/libm-2.19.so
7fbe26739000-7fbe2673a000 rw-p 00105000 08:03 131806                     /lib/x86_64-linux-gnu/libm-2.19.so
7fbe2673a000-7fbe273e8000 r-xp 00000000 08:03 1574060                    /opt/java/jdk1.8.0_45/jre/lib/amd64/server/libjvm.so
7fbe273e8000-7fbe275e7000 ---p 00cae000 08:03 1574060                    /opt/java/jdk1.8.0_45/jre/lib/amd64/server/libjvm.so
7fbe275e7000-7fbe276be000 rw-p 00cad000 08:03 1574060                    /opt/java/jdk1.8.0_45/jre/lib/amd64/server/libjvm.so
7fbe276be000-7fbe27702000 rw-p 00000000 00:00 0 
7fbe27702000-7fbe278bd000 r-xp 00000000 08:03 131857                     /lib/x86_64-linux-gnu/libc-2.19.so
7fbe278bd000-7fbe27abc000 ---p 001bb000 08:03 131857                     /lib/x86_64-linux-gnu/libc-2.19.so
7fbe27abc000-7fbe27ac0000 r--p 001ba000 08:03 131857                     /lib/x86_64-linux-gnu/libc-2.19.so
7fbe27ac0000-7fbe27ac2000 rw-p 001be000 08:03 131857                     /lib/x86_64-linux-gnu/libc-2.19.so
7fbe27ac2000-7fbe27ac7000 rw-p 00000000 00:00 0 
7fbe27ac7000-7fbe27aca000 r-xp 00000000 08:03 131810                     /lib/x86_64-linux-gnu/libdl-2.19.so
7fbe27aca000-7fbe27cc9000 ---p 00003000 08:03 131810                     /lib/x86_64-linux-gnu/libdl-2.19.so
7fbe27cc9000-7fbe27cca000 r--p 00002000 08:03 131810                     /lib/x86_64-linux-gnu/libdl-2.19.so
7fbe27cca000-7fbe27ccb000 rw-p 00003000 08:03 131810                     /lib/x86_64-linux-gnu/libdl-2.19.so
7fbe27ccb000-7fbe27ce0000 r-xp 00000000 08:03 1573749                    /opt/java/jdk1.8.0_45/lib/amd64/jli/libjli.so
7fbe27ce0000-7fbe27ee0000 ---p 00015000 08:03 1573749                    /opt/java/jdk1.8.0_45/lib/amd64/jli/libjli.so
7fbe27ee0000-7fbe27ee1000 rw-p 00015000 08:03 1573749                    /opt/java/jdk1.8.0_45/lib/amd64/jli/libjli.so
7fbe27ee1000-7fbe27efa000 r-xp 00000000 08:03 131858                     /lib/x86_64-linux-gnu/libpthread-2.19.so
7fbe27efa000-7fbe280f9000 ---p 00019000 08:03 131858                     /lib/x86_64-linux-gnu/libpthread-2.19.so
7fbe280f9000-7fbe280fa000 r--p 00018000 08:03 131858                     /lib/x86_64-linux-gnu/libpthread-2.19.so
7fbe280fa000-7fbe280fb000 rw-p 00019000 08:03 131858                     /lib/x86_64-linux-gnu/libpthread-2.19.so
7fbe280fb000-7fbe280ff000 rw-p 00000000 00:00 0 
7fbe280ff000-7fbe28122000 r-xp 00000000 08:03 131833                     /lib/x86_64-linux-gnu/ld-2.19.so
7fbe28128000-7fbe281fa000 rw-p 00000000 00:00 0 
7fbe281fa000-7fbe281fd000 ---p 00000000 00:00 0 
7fbe281fd000-7fbe28300000 rw-p 00000000 00:00 0                          [stack:8259]
7fbe28300000-7fbe28301000 r--p 00000000 08:03 672594                     /usr/share/locale-langpack/en_GB/LC_MESSAGES/libc.mo
7fbe28301000-7fbe28315000 rw-p 00000000 00:00 0 
7fbe28315000-7fbe2831d000 rw-s 00000000 08:03 1574101                    /tmp/hsperfdata_mike/8257
7fbe2831d000-7fbe2831e000 rw-p 00000000 00:00 0 
7fbe2831e000-7fbe2831f000 ---p 00000000 00:00 0 
7fbe2831f000-7fbe28321000 rw-p 00000000 00:00 0 
7fbe28321000-7fbe28322000 r--p 00022000 08:03 131833                     /lib/x86_64-linux-gnu/ld-2.19.so
7fbe28322000-7fbe28323000 rw-p 00023000 08:03 131833                     /lib/x86_64-linux-gnu/ld-2.19.so
7fbe28323000-7fbe28324000 rw-p 00000000 00:00 0 
7fff9d3bd000-7fff9d3de000 rw-p 00000000 00:00 0                          [stack]
7fff9d3fe000-7fff9d400000 r-xp 00000000 00:00 0                          [vdso]
ffffffffff600000-ffffffffff601000 r-xp 00000000 00:00 0                  [vsyscall]

VM Arguments:
jvm_args: -Xmx1024M -Dfile.encoding=UTF-8 -Duser.country=GB -Duser.language=en -Duser.variant 
java_command: com.android.dx.command.Main --dex --output /home/mike/AndroidStudioProjects/Wordist/app/build/intermediates/pre-dexed/debug/classes-ea91d3f4f8fe670d5667e4b1333ae536d248963f.jar /home/mike/AndroidStudioProjects/Wordist/app/build/intermediates/exploded-aar/com.google.android.gms/play-services-games/7.5.0/jars/classes.jar
java_class_path (initial): /home/mike/Android/Sdk/build-tools/22.0.1/lib/dx.jar
Launcher Type: SUN_STANDARD

Environment Variables:
PATH=/usr/local/sbin:/usr/local/bin:/usr/sbin:/usr/bin:/sbin:/bin:/usr/games:/usr/local/games
USERNAME=mike
LD_LIBRARY_PATH=/opt/android-studio/bin:
SHELL=/bin/bash
DISPLAY=:0

Signal Handlers:
SIGSEGV: [libjvm.so+0xaad1e0], sa_mask[0]=11111111011111111101111111111110, sa_flags=SA_RESTART|SA_SIGINFO
SIGBUS: [libjvm.so+0xaad1e0], sa_mask[0]=11111111011111111101111111111110, sa_flags=SA_RESTART|SA_SIGINFO
SIGFPE: [libjvm.so+0x90b450], sa_mask[0]=11111111011111111101111111111110, sa_flags=SA_RESTART|SA_SIGINFO
SIGPIPE: [libjvm.so+0x90b450], sa_mask[0]=11111111011111111101111111111110, sa_flags=SA_RESTART|SA_SIGINFO
SIGXFSZ: [libjvm.so+0x90b450], sa_mask[0]=11111111011111111101111111111110, sa_flags=SA_RESTART|SA_SIGINFO
SIGILL: [libjvm.so+0x90b450], sa_mask[0]=11111111011111111101111111111110, sa_flags=SA_RESTART|SA_SIGINFO
SIGUSR1: SIG_DFL, sa_mask[0]=00000000000000000000000000000000, sa_flags=none
SIGUSR2: [libjvm.so+0x90ca90], sa_mask[0]=00100000000000000000000000000000, sa_flags=SA_RESTART|SA_SIGINFO
SIGHUP: [libjvm.so+0x90dde0], sa_mask[0]=11111111011111111101111111111110, sa_flags=SA_RESTART|SA_SIGINFO
SIGINT: [libjvm.so+0x90dde0], sa_mask[0]=11111111011111111101111111111110, sa_flags=SA_RESTART|SA_SIGINFO
SIGTERM: [libjvm.so+0x90dde0], sa_mask[0]=11111111011111111101111111111110, sa_flags=SA_RESTART|SA_SIGINFO
SIGQUIT: [libjvm.so+0x90dde0], sa_mask[0]=11111111011111111101111111111110, sa_flags=SA_RESTART|SA_SIGINFO


---------------  S Y S T E M  ---------------

OS:DISTRIB_ID=LinuxMint
DISTRIB_RELEASE=17.2
DISTRIB_CODENAME=rafaela
DISTRIB_DESCRIPTION="Linux Mint 17.2 Rafaela"

uname:Linux 3.13.0-37-generic #64-Ubuntu SMP Mon Sep 22 21:28:38 UTC 2014 x86_64
libc:glibc 2.19 NPTL 2.19 
rlimit: STACK 8192k, CORE 0k, NPROC 30882, NOFILE 4096, AS infinity
load average:16.60 5.68 2.52

/proc/meminfo:
MemTotal:        4048044 kB
MemFree:          112716 kB
Buffers:             508 kB
Cached:            56512 kB
SwapCached:            0 kB
Active:          3542388 kB
Inactive:          49148 kB
Active(anon):    3536744 kB
Inactive(anon):    39060 kB
Active(file):       5644 kB
Inactive(file):    10088 kB
Unevictable:         232 kB
Mlocked:             232 kB
SwapTotal:             0 kB
SwapFree:              0 kB
Dirty:               176 kB
Writeback:             0 kB
AnonPages:       3535384 kB
Mapped:           161976 kB
Shmem:             40276 kB
Slab:              78784 kB
SReclaimable:      26648 kB
SUnreclaim:        52136 kB
KernelStack:        4672 kB
PageTables:        31848 kB
NFS_Unstable:          0 kB
Bounce:                0 kB
WritebackTmp:          0 kB
CommitLimit:     2024020 kB
Committed_AS:    5827024 kB
VmallocTotal:   34359738367 kB
VmallocUsed:      305680 kB
VmallocChunk:   34359428348 kB
HardwareCorrupted:     0 kB
AnonHugePages:   1804288 kB
HugePages_Total:       0
HugePages_Free:        0
HugePages_Rsvd:        0
HugePages_Surp:        0
Hugepagesize:       2048 kB
DirectMap4k:      163392 kB
DirectMap2M:     2981888 kB
DirectMap1G:     1048576 kB


CPU:total 4 (4 cores per cpu, 1 threads per core) family 16 model 4 stepping 2, cmov, cx8, fxsr, mmx, sse, sse2, sse3, popcnt, mmxext, 3dnowpref, lzcnt, sse4a, tsc, tscinvbit, tscinv

/proc/cpuinfo:
processor	: 0
vendor_id	: AuthenticAMD
cpu family	: 16
model		: 4
model name	: AMD Phenom(tm) II X4 955 Processor
stepping	: 2
microcode	: 0x1000086
cpu MHz		: 3200.000
cache size	: 512 KB
physical id	: 0
siblings	: 4
core id		: 0
cpu cores	: 4
apicid		: 0
initial apicid	: 0
fpu		: yes
fpu_exception	: yes
cpuid level	: 5
wp		: yes
flags		: fpu vme de pse tsc msr pae mce cx8 apic sep mtrr pge mca cmov pat pse36 clflush mmx fxsr sse sse2 ht syscall nx mmxext fxsr_opt pdpe1gb rdtscp lm 3dnowext 3dnow constant_tsc rep_good nopl nonstop_tsc extd_apicid pni monitor cx16 popcnt lahf_lm cmp_legacy svm extapic cr8_legacy abm sse4a misalignsse 3dnowprefetch osvw ibs skinit wdt hw_pstate npt lbrv svm_lock nrip_save
bogomips	: 6400.02
TLB size	: 1024 4K pages
clflush size	: 64
cache_alignment	: 64
address sizes	: 48 bits physical, 48 bits virtual
power management: ts ttp tm stc 100mhzsteps hwpstate

processor	: 1
vendor_id	: AuthenticAMD
cpu family	: 16
model		: 4
model name	: AMD Phenom(tm) II X4 955 Processor
stepping	: 2
microcode	: 0x1000086
cpu MHz		: 3200.000
cache size	: 512 KB
physical id	: 0
siblings	: 4
core id		: 1
cpu cores	: 4
apicid		: 1
initial apicid	: 1
fpu		: yes
fpu_exception	: yes
cpuid level	: 5
wp		: yes
flags		: fpu vme de pse tsc msr pae mce cx8 apic sep mtrr pge mca cmov pat pse36 clflush mmx fxsr sse sse2 ht syscall nx mmxext fxsr_opt pdpe1gb rdtscp lm 3dnowext 3dnow constant_tsc rep_good nopl nonstop_tsc extd_apicid pni monitor cx16 popcnt lahf_lm cmp_legacy svm extapic cr8_legacy abm sse4a misalignsse 3dnowprefetch osvw ibs skinit wdt hw_pstate npt lbrv svm_lock nrip_save
bogomips	: 6400.02
TLB size	: 1024 4K pages
clflush size	: 64
cache_alignment	: 64
address sizes	: 48 bits physical, 48 bits virtual
power management: ts ttp tm stc 100mhzsteps hwpstate

processor	: 2
vendor_id	: AuthenticAMD
cpu family	: 16
model		: 4
model name	: AMD Phenom(tm) II X4 955 Processor
stepping	: 2
microcode	: 0x1000086
cpu MHz		: 3200.000
cache size	: 512 KB
physical id	: 0
siblings	: 4
core id		: 2
cpu cores	: 4
apicid		: 2
initial apicid	: 2
fpu		: yes
fpu_exception	: yes
cpuid level	: 5
wp		: yes
flags		: fpu vme de pse tsc msr pae mce cx8 apic sep mtrr pge mca cmov pat pse36 clflush mmx fxsr sse sse2 ht syscall nx mmxext fxsr_opt pdpe1gb rdtscp lm 3dnowext 3dnow constant_tsc rep_good nopl nonstop_tsc extd_apicid pni monitor cx16 popcnt lahf_lm cmp_legacy svm extapic cr8_legacy abm sse4a misalignsse 3dnowprefetch osvw ibs skinit wdt hw_pstate npt lbrv svm_lock nrip_save
bogomips	: 6400.02
TLB size	: 1024 4K pages
clflush size	: 64
cache_alignment	: 64
address sizes	: 48 bits physical, 48 bits virtual
power management: ts ttp tm stc 100mhzsteps hwpstate

processor	: 3
vendor_id	: AuthenticAMD
cpu family	: 16
model		: 4
model name	: AMD Phenom(tm) II X4 955 Processor
stepping	: 2
microcode	: 0x1000086
cpu MHz		: 3200.000
cache size	: 512 KB
physical id	: 0
siblings	: 4
core id		: 3
cpu cores	: 4
apicid		: 3
initial apicid	: 3
fpu		: yes
fpu_exception	: yes
cpuid level	: 5
wp		: yes
flags		: fpu vme de pse tsc msr pae mce cx8 apic sep mtrr pge mca cmov pat pse36 clflush mmx fxsr sse sse2 ht syscall nx mmxext fxsr_opt pdpe1gb rdtscp lm 3dnowext 3dnow constant_tsc rep_good nopl nonstop_tsc extd_apicid pni monitor cx16 popcnt lahf_lm cmp_legacy svm extapic cr8_legacy abm sse4a misalignsse 3dnowprefetch osvw ibs skinit wdt hw_pstate npt lbrv svm_lock nrip_save
bogomips	: 6400.02
TLB size	: 1024 4K pages
clflush size	: 64
cache_alignment	: 64
address sizes	: 48 bits physical, 48 bits virtual
power management: ts ttp tm stc 100mhzsteps hwpstate



Memory: 4k page, physical 4048044k(112468k free), swap 0k(0k free)

vm_info: Java HotSpot(TM) 64-Bit Server VM (25.45-b02) for linux-amd64 JRE (1.8.0_45-b14), built on Apr 10 2015 10:07:45 by "java_re" with gcc 4.3.0 20080428 (Red Hat 4.3.0-8)

time: Thu Aug  6 16:41:37 2015
elapsed time: 8 seconds (0d 0h 0m 8s)

