#
# There is insufficient memory for the Java Runtime Environment to continue.
# Native memory allocation (mmap) failed to map 16252928 bytes for committing reserved memory.
# Possible reasons:
#   The system is out of physical RAM or swap space
#   In 32 bit mode, the process size limit was hit
# Possible solutions:
#   Reduce memory load on the system
#   Increase physical memory or swap space
#   Check if swap backing store is full
#   Use 64 bit Java on a 64 bit OS
#   Decrease Java heap size (-Xmx/-Xms)
#   Decrease number of Java threads
#   Decrease Java thread stack sizes (-Xss)
#   Set larger code cache with -XX:ReservedCodeCacheSize=
# This output file may be truncated or incomplete.
#
#  Out of Memory Error (os_linux.cpp:2673), pid=6261, tid=140632647530240
#
# JRE version: Java(TM) SE Runtime Environment (8.0_45-b14) (build 1.8.0_45-b14)
# Java VM: Java HotSpot(TM) 64-Bit Server VM (25.45-b02 mixed mode linux-amd64 compressed oops)
# Failed to write core dump. Core dumps have been disabled. To enable core dumping, try "ulimit -c unlimited" before starting Java again
#

---------------  T H R E A D  ---------------

Current thread (0x00007fe7a8077800):  VMThread [stack: 0x00007fe796eff000,0x00007fe797000000] [id=6272]

Stack: [0x00007fe796eff000,0x00007fe797000000],  sp=0x00007fe796ffe260,  free space=1020k
Native frames: (J=compiled Java code, j=interpreted, Vv=VM code, C=native code)
V  [libjvm.so+0xaac99a]  VMError::report_and_die()+0x2ba
V  [libjvm.so+0x4f333b]  report_vm_out_of_memory(char const*, int, unsigned long, VMErrorType, char const*)+0x8b
V  [libjvm.so+0x90e7c3]  os::Linux::commit_memory_impl(char*, unsigned long, bool)+0x103
V  [libjvm.so+0x90ed19]  os::pd_commit_memory(char*, unsigned long, unsigned long, bool)+0x29
V  [libjvm.so+0x90867a]  os::commit_memory(char*, unsigned long, unsigned long, bool)+0x2a
V  [libjvm.so+0x97bac3]  PSVirtualSpace::expand_by(unsigned long)+0x53
V  [libjvm.so+0x97cec8]  PSYoungGen::resize_generation(unsigned long, unsigned long)+0xf8
V  [libjvm.so+0x97c022]  PSYoungGen::resize(unsigned long, unsigned long)+0x22
V  [libjvm.so+0x9792fb]  PSScavenge::invoke_no_policy()+0xf7b
V  [libjvm.so+0x979a81]  PSScavenge::invoke()+0x41
V  [libjvm.so+0x932050]  ParallelScavengeHeap::failed_mem_allocate(unsigned long)+0x70
V  [libjvm.so+0xaae1d7]  VM_ParallelGCFailedAllocation::doit()+0x97
V  [libjvm.so+0xab59c5]  VM_Operation::evaluate()+0x55
V  [libjvm.so+0xab3d9a]  VMThread::evaluate_operation(VM_Operation*)+0xba
V  [libjvm.so+0xab411e]  VMThread::loop()+0x1ce
V  [libjvm.so+0xab4590]  VMThread::run()+0x70
V  [libjvm.so+0x910de8]  java_start(Thread*)+0x108

VM_Operation (0x00007fe7b1750a40): ParallelGCFailedAllocation, mode: safepoint, requested by thread 0x00007fe7a800a000


---------------  P R O C E S S  ---------------

Java Threads: ( => current thread )
  0x00007fe7a80c2000 JavaThread "Service Thread" daemon [_thread_blocked, id=6289, stack(0x00007fe79652f000,0x00007fe796630000)]
  0x00007fe7a80bd000 JavaThread "C1 CompilerThread2" daemon [_thread_blocked, id=6288, stack(0x00007fe796630000,0x00007fe796731000)]
  0x00007fe7a80bb800 JavaThread "C2 CompilerThread1" daemon [_thread_blocked, id=6287, stack(0x00007fe796731000,0x00007fe796832000)]
  0x00007fe7a80b8800 JavaThread "C2 CompilerThread0" daemon [_thread_blocked, id=6286, stack(0x00007fe796832000,0x00007fe796933000)]
  0x00007fe7a80b7000 JavaThread "Signal Dispatcher" daemon [_thread_blocked, id=6284, stack(0x00007fe796933000,0x00007fe796a34000)]
  0x00007fe7a807f000 JavaThread "Finalizer" daemon [_thread_blocked, id=6276, stack(0x00007fe796cfd000,0x00007fe796dfe000)]
  0x00007fe7a807c800 JavaThread "Reference Handler" daemon [_thread_blocked, id=6275, stack(0x00007fe796dfe000,0x00007fe796eff000)]
  0x00007fe7a800a000 JavaThread "main" [_thread_blocked, id=6263, stack(0x00007fe7b1652000,0x00007fe7b1753000)]

Other Threads:
=>0x00007fe7a8077800 VMThread [stack: 0x00007fe796eff000,0x00007fe797000000] [id=6272]
  0x00007fe7a80c4800 WatcherThread [stack: 0x00007fe79642e000,0x00007fe79652f000] [id=6293]

VM state:at safepoint (normal execution)

VM Mutex/Monitor currently owned by a thread:  ([mutex/lock_event])
[0x00007fe7a8006350] Threads_lock - owner thread: 0x00007fe7a8077800
[0x00007fe7a8006850] Heap_lock - owner thread: 0x00007fe7a800a000

Heap:
 PSYoungGen      total 18432K, used 2535K [0x00000000eab00000, 0x00000000ebf80000, 0x0000000100000000)
  eden space 15872K, 0% used [0x00000000eab00000,0x00000000eab00000,0x00000000eba80000)
  from space 2560K, 99% used [0x00000000eba80000,0x00000000ebcf9c68,0x00000000ebd00000)
  to   space 2560K, 0% used [0x00000000ebd00000,0x00000000ebd00000,0x00000000ebf80000)
 ParOldGen       total 42496K, used 1478K [0x00000000c0000000, 0x00000000c2980000, 0x00000000eab00000)
  object space 42496K, 3% used [0x00000000c0000000,0x00000000c0171960,0x00000000c2980000)
 Metaspace       used 5446K, capacity 6704K, committed 6784K, reserved 1056768K
  class space    used 543K, capacity 616K, committed 640K, reserved 1048576K

Card table byte_map: [0x00007fe7ae231000,0x00007fe7ae432000] byte_map_base: 0x00007fe7adc31000

Marking Bits: (ParMarkBitMap*) 0x00007fe7b0b2f760
 Begin Bits: [0x00007fe797000000, 0x00007fe798000000)
 End Bits:   [0x00007fe798000000, 0x00007fe799000000)

Polling page: 0x00007fe7b1776000

CodeCache: size=245760Kb used=3710Kb max_used=3722Kb free=242049Kb
 bounds [0x00007fe799000000, 0x00007fe7993b0000, 0x00007fe7a8000000]
 total_blobs=1207 nmethods=944 adapters=178
 compilation: enabled

Compilation events (10 events):
Event: 8.754 Thread 0x00007fe7a80bd000 nmethod 943 0x00007fe79939f010 code [0x00007fe79939f160, 0x00007fe79939f270]
Event: 8.754 Thread 0x00007fe7a80bd000  929       1       com.android.dx.dex.file.DexFile::getMethodIds (5 bytes)
Event: 8.754 Thread 0x00007fe7a80bd000 nmethod 929 0x00007fe79939f2d0 code [0x00007fe79939f420, 0x00007fe79939f530]
Event: 8.754 Thread 0x00007fe7a80bd000  945       1       com.android.dx.cf.iface.StdMember::getNat (5 bytes)
Event: 8.754 Thread 0x00007fe7a80bd000 nmethod 945 0x00007fe79939f590 code [0x00007fe79939f6e0, 0x00007fe79939f7f0]
Event: 8.754 Thread 0x00007fe7a80bd000  954       1       com.android.dx.cf.code.BaseMachine::getPrototype (5 bytes)
Event: 8.754 Thread 0x00007fe7a80bd000 nmethod 954 0x00007fe79939f850 code [0x00007fe79939f9a0, 0x00007fe79939fab0]
Event: 8.755 Thread 0x00007fe7a80bd000  956       3       com.android.dx.ssa.SsaBasicBlock::replaceSuccessor (125 bytes)
Event: 8.938 Thread 0x00007fe7a80bd000 nmethod 956 0x00007fe79939fb10 code [0x00007fe79939fda0, 0x00007fe7993a0bf8]
Event: 8.940 Thread 0x00007fe7a80b8800 nmethod 952 0x00007fe7993a4290 code [0x00007fe7993a43e0, 0x00007fe7993a44f8]

GC Heap History (1 events):
Event: 8.946 GC heap before
{Heap before GC invocations=1 (full 0):
 PSYoungGen      total 18432K, used 15872K [0x00000000eab00000, 0x00000000ebf80000, 0x0000000100000000)
  eden space 15872K, 100% used [0x00000000eab00000,0x00000000eba80000,0x00000000eba80000)
  from space 2560K, 0% used [0x00000000ebd00000,0x00000000ebd00000,0x00000000ebf80000)
  to   space 2560K, 0% used [0x00000000eba80000,0x00000000eba80000,0x00000000ebd00000)
 ParOldGen       total 42496K, used 0K [0x00000000c0000000, 0x00000000c2980000, 0x00000000eab00000)
  object space 42496K, 0% used [0x00000000c0000000,0x00000000c0000000,0x00000000c2980000)
 Metaspace       used 5446K, capacity 6704K, committed 6784K, reserved 1056768K
  class space    used 543K, capacity 616K, committed 640K, reserved 1048576K

Deoptimization events (8 events):
Event: 1.188 Thread 0x00007fe7a800a000 Uncommon trap: reason=unstable_if action=reinterpret pc=0x00007fe799208444 method=java.util.HashMap.getNode(ILjava/lang/Object;)Ljava/util/HashMap$Node; @ 129
Event: 2.007 Thread 0x00007fe7a800a000 Uncommon trap: reason=unstable_if action=reinterpret pc=0x00007fe7992d4900 method=com.android.dx.rop.code.RegisterSpec.hashCodeOf(ILcom/android/dx/rop/type/TypeBearer;Lcom/android/dx/rop/code/LocalItem;)I @ 1
Event: 2.027 Thread 0x00007fe7a800a000 Uncommon trap: reason=unstable_if action=reinterpret pc=0x00007fe7992159ec method=java.util.BitSet.nextSetBit(I)I @ 87
Event: 2.037 Thread 0x00007fe7a800a000 Uncommon trap: reason=null_assert action=make_not_entrant pc=0x00007fe7992eed10 method=com.android.dx.ssa.SsaRenamer$BlockRenamer.visitMoveInsn(Lcom/android/dx/ssa/NormalSsaInsn;)V @ 54
Event: 2.037 Thread 0x00007fe7a800a000 Uncommon trap: reason=null_assert action=make_not_entrant pc=0x00007fe79928141c method=com.android.dx.rop.code.RegisterSpec$ForComparison.equals(Ljava/lang/Object;)Z @ 27
Event: 2.341 Thread 0x00007fe7a800a000 Uncommon trap: reason=unstable_if action=reinterpret pc=0x00007fe799331978 method=com.android.dx.rop.code.RegisterSpec.hashCodeOf(ILcom/android/dx/rop/type/TypeBearer;Lcom/android/dx/rop/code/LocalItem;)I @ 1
Event: 2.353 Thread 0x00007fe7a800a000 Uncommon trap: reason=unstable_if action=reinterpret pc=0x00007fe7992ed1b0 method=com.android.dx.rop.code.RegisterSpec.equals(ILcom/android/dx/rop/type/TypeBearer;Lcom/android/dx/rop/code/LocalItem;)Z @ 24
Event: 7.871 Thread 0x00007fe7a800a000 Uncommon trap: reason=unstable_if action=reinterpret pc=0x00007fe799283778 method=java.util.BitSet.ensureCapacity(I)V @ 6

Internal exceptions (2 events):
Event: 0.077 Thread 0x00007fe7a800a000 Exception <a 'java/lang/NoSuchMethodError': Method sun.misc.Unsafe.defineClass(Ljava/lang/String;[BII)Ljava/lang/Class; name or signature does not match> (0x00000000eab12a38) thrown at [/RE-WORK/workspace/8-2-build-linux-amd64/jdk8u45/3457/hotspot/src/sha
Event: 0.077 Thread 0x00007fe7a800a000 Exception <a 'java/lang/NoSuchMethodError': Method sun.misc.Unsafe.prefetchRead(Ljava/lang/Object;J)V name or signature does not match> (0x00000000eab12cc8) thrown at [/RE-WORK/workspace/8-2-build-linux-amd64/jdk8u45/3457/hotspot/src/share/vm/prims/jni.cp

Events (10 events):
Event: 2.366 loading class com/android/dx/rop/code/RegOps
Event: 2.366 loading class com/android/dx/rop/code/RegOps done
Event: 5.239 Executing VM operation: EnableBiasedLocking
Event: 5.524 Executing VM operation: EnableBiasedLocking done
Event: 7.871 Thread 0x00007fe7a800a000 Uncommon trap: trap_request=0xffffff65 fr.pc=0x00007fe799283778
Event: 7.871 Thread 0x00007fe7a800a000 DEOPT PACKING pc=0x00007fe799283778 sp=0x00007fe7b1750d50
Event: 7.871 Thread 0x00007fe7a800a000 DEOPT UNPACKING pc=0x00007fe799005229 sp=0x00007fe7b1750c58 mode 2
Event: 7.880 loading class com/android/dx/cf/attrib/AttEnclosingMethod
Event: 7.880 loading class com/android/dx/cf/attrib/AttEnclosingMethod done
Event: 8.946 Executing VM operation: ParallelGCFailedAllocation


Dynamic libraries:
00400000-00401000 r-xp 00000000 08:03 1572315                            /opt/java/jdk1.8.0_45/bin/java
00600000-00601000 rw-p 00000000 08:03 1572315                            /opt/java/jdk1.8.0_45/bin/java
00fe9000-0100a000 rw-p 00000000 00:00 0                                  [heap]
c0000000-c2980000 rw-p 00000000 00:00 0 
c2980000-eab00000 ---p 00000000 00:00 0 
eab00000-ebf80000 rw-p 00000000 00:00 0 
ecf00000-100000000 ---p 00000000 00:00 0 
100000000-1000a0000 rw-p 00000000 00:00 0 
1000a0000-140000000 ---p 00000000 00:00 0 
7fe760000000-7fe760021000 rw-p 00000000 00:00 0 
7fe760021000-7fe764000000 ---p 00000000 00:00 0 
7fe764000000-7fe764021000 rw-p 00000000 00:00 0 
7fe764021000-7fe768000000 ---p 00000000 00:00 0 
7fe768000000-7fe768299000 rw-p 00000000 00:00 0 
7fe768299000-7fe76c000000 ---p 00000000 00:00 0 
7fe76c000000-7fe76c4e1000 rw-p 00000000 00:00 0 
7fe76c4e1000-7fe770000000 ---p 00000000 00:00 0 
7fe770000000-7fe770021000 rw-p 00000000 00:00 0 
7fe770021000-7fe774000000 ---p 00000000 00:00 0 
7fe774000000-7fe774194000 rw-p 00000000 00:00 0 
7fe774194000-7fe778000000 ---p 00000000 00:00 0 
7fe778000000-7fe778021000 rw-p 00000000 00:00 0 
7fe778021000-7fe77c000000 ---p 00000000 00:00 0 
7fe77c000000-7fe77c021000 rw-p 00000000 00:00 0 
7fe77c021000-7fe780000000 ---p 00000000 00:00 0 
7fe780000000-7fe780021000 rw-p 00000000 00:00 0 
7fe780021000-7fe784000000 ---p 00000000 00:00 0 
7fe784000000-7fe78428a000 rw-p 00000000 00:00 0 
7fe78428a000-7fe788000000 ---p 00000000 00:00 0 
7fe788000000-7fe788021000 rw-p 00000000 00:00 0 
7fe788021000-7fe78c000000 ---p 00000000 00:00 0 
7fe78c000000-7fe78c021000 rw-p 00000000 00:00 0 
7fe78c021000-7fe790000000 ---p 00000000 00:00 0 
7fe790000000-7fe790021000 rw-p 00000000 00:00 0 
7fe790021000-7fe794000000 ---p 00000000 00:00 0 
7fe79642e000-7fe79642f000 ---p 00000000 00:00 0 
7fe79642f000-7fe79652f000 rw-p 00000000 00:00 0                          [stack:6293]
7fe79652f000-7fe796532000 ---p 00000000 00:00 0 
7fe796532000-7fe796630000 rw-p 00000000 00:00 0                          [stack:6289]
7fe796630000-7fe796633000 ---p 00000000 00:00 0 
7fe796633000-7fe796731000 rw-p 00000000 00:00 0                          [stack:6288]
7fe796731000-7fe796734000 ---p 00000000 00:00 0 
7fe796734000-7fe796832000 rw-p 00000000 00:00 0                          [stack:6287]
7fe796832000-7fe796835000 ---p 00000000 00:00 0 
7fe796835000-7fe796933000 rw-p 00000000 00:00 0                          [stack:6286]
7fe796933000-7fe796936000 ---p 00000000 00:00 0 
7fe796936000-7fe796a34000 rw-p 00000000 00:00 0                          [stack:6284]
7fe796a34000-7fe796cfd000 r--p 00000000 08:03 266989                     /usr/lib/locale/locale-archive
7fe796cfd000-7fe796d00000 ---p 00000000 00:00 0 
7fe796d00000-7fe796dfe000 rw-p 00000000 00:00 0                          [stack:6276]
7fe796dfe000-7fe796e01000 ---p 00000000 00:00 0 
7fe796e01000-7fe796eff000 rw-p 00000000 00:00 0                          [stack:6275]
7fe796eff000-7fe796f00000 ---p 00000000 00:00 0 
7fe796f00000-7fe799000000 rw-p 00000000 00:00 0                          [stack:6272]
7fe799000000-7fe7993b0000 rwxp 00000000 00:00 0 
7fe7993b0000-7fe7a8000000 ---p 00000000 00:00 0 
7fe7a8000000-7fe7a8388000 rw-p 00000000 00:00 0 
7fe7a8388000-7fe7ac000000 ---p 00000000 00:00 0 
7fe7ac0c5000-7fe7ac0d4000 r--s 000dd000 00:19 9438599                    /home/mike/Android/Sdk/build-tools/22.0.1/lib/dx.jar
7fe7ac0d4000-7fe7ad088000 rw-p 00000000 00:00 0 
7fe7ad088000-7fe7ad261000 r--s 03d09000 08:03 1573810                    /opt/java/jdk1.8.0_45/jre/lib/rt.jar
7fe7ad261000-7fe7ad8d7000 rw-p 00000000 00:00 0 
7fe7ad8d7000-7fe7adad7000 ---p 00000000 00:00 0 
7fe7adad7000-7fe7adcd7000 rw-p 00000000 00:00 0 
7fe7adcd7000-7fe7adcd8000 ---p 00000000 00:00 0 
7fe7adcd8000-7fe7addd8000 rw-p 00000000 00:00 0                          [stack:6268]
7fe7addd8000-7fe7addd9000 ---p 00000000 00:00 0 
7fe7addd9000-7fe7aded9000 rw-p 00000000 00:00 0                          [stack:6267]
7fe7aded9000-7fe7adeda000 ---p 00000000 00:00 0 
7fe7adeda000-7fe7adfda000 rw-p 00000000 00:00 0                          [stack:6266]
7fe7adfda000-7fe7adfdb000 ---p 00000000 00:00 0 
7fe7adfdb000-7fe7ae0f0000 rw-p 00000000 00:00 0                          [stack:6265]
7fe7ae0f0000-7fe7ae231000 ---p 00000000 00:00 0 
7fe7ae231000-7fe7ae246000 rw-p 00000000 00:00 0 
7fe7ae246000-7fe7ae386000 ---p 00000000 00:00 0 
7fe7ae386000-7fe7ae391000 rw-p 00000000 00:00 0 
7fe7ae391000-7fe7ae431000 ---p 00000000 00:00 0 
7fe7ae431000-7fe7ae441000 rw-p 00000000 00:00 0 
7fe7ae441000-7fe7ae7f2000 ---p 00000000 00:00 0 
7fe7ae7f2000-7fe7ae80c000 r-xp 00000000 08:03 1574049                    /opt/java/jdk1.8.0_45/jre/lib/amd64/libzip.so
7fe7ae80c000-7fe7aea0c000 ---p 0001a000 08:03 1574049                    /opt/java/jdk1.8.0_45/jre/lib/amd64/libzip.so
7fe7aea0c000-7fe7aea0d000 rw-p 0001a000 08:03 1574049                    /opt/java/jdk1.8.0_45/jre/lib/amd64/libzip.so
7fe7aea0d000-7fe7aea18000 r-xp 00000000 08:03 131807                     /lib/x86_64-linux-gnu/libnss_files-2.19.so
7fe7aea18000-7fe7aec17000 ---p 0000b000 08:03 131807                     /lib/x86_64-linux-gnu/libnss_files-2.19.so
7fe7aec17000-7fe7aec18000 r--p 0000a000 08:03 131807                     /lib/x86_64-linux-gnu/libnss_files-2.19.so
7fe7aec18000-7fe7aec19000 rw-p 0000b000 08:03 131807                     /lib/x86_64-linux-gnu/libnss_files-2.19.so
7fe7aec19000-7fe7aec24000 r-xp 00000000 08:03 131871                     /lib/x86_64-linux-gnu/libnss_nis-2.19.so
7fe7aec24000-7fe7aee23000 ---p 0000b000 08:03 131871                     /lib/x86_64-linux-gnu/libnss_nis-2.19.so
7fe7aee23000-7fe7aee24000 r--p 0000a000 08:03 131871                     /lib/x86_64-linux-gnu/libnss_nis-2.19.so
7fe7aee24000-7fe7aee25000 rw-p 0000b000 08:03 131871                     /lib/x86_64-linux-gnu/libnss_nis-2.19.so
7fe7aee25000-7fe7aee3c000 r-xp 00000000 08:03 131829                     /lib/x86_64-linux-gnu/libnsl-2.19.so
7fe7aee3c000-7fe7af03b000 ---p 00017000 08:03 131829                     /lib/x86_64-linux-gnu/libnsl-2.19.so
7fe7af03b000-7fe7af03c000 r--p 00016000 08:03 131829                     /lib/x86_64-linux-gnu/libnsl-2.19.so
7fe7af03c000-7fe7af03d000 rw-p 00017000 08:03 131829                     /lib/x86_64-linux-gnu/libnsl-2.19.so
7fe7af03d000-7fe7af03f000 rw-p 00000000 00:00 0 
7fe7af03f000-7fe7af048000 r-xp 00000000 08:03 131828                     /lib/x86_64-linux-gnu/libnss_compat-2.19.so
7fe7af048000-7fe7af247000 ---p 00009000 08:03 131828                     /lib/x86_64-linux-gnu/libnss_compat-2.19.so
7fe7af247000-7fe7af248000 r--p 00008000 08:03 131828                     /lib/x86_64-linux-gnu/libnss_compat-2.19.so
7fe7af248000-7fe7af249000 rw-p 00009000 08:03 131828                     /lib/x86_64-linux-gnu/libnss_compat-2.19.so
7fe7af249000-7fe7af273000 r-xp 00000000 08:03 1574040                    /opt/java/jdk1.8.0_45/jre/lib/amd64/libjava.so
7fe7af273000-7fe7af473000 ---p 0002a000 08:03 1574040                    /opt/java/jdk1.8.0_45/jre/lib/amd64/libjava.so
7fe7af473000-7fe7af475000 rw-p 0002a000 08:03 1574040                    /opt/java/jdk1.8.0_45/jre/lib/amd64/libjava.so
7fe7af475000-7fe7af482000 r-xp 00000000 08:03 1574047                    /opt/java/jdk1.8.0_45/jre/lib/amd64/libverify.so
7fe7af482000-7fe7af682000 ---p 0000d000 08:03 1574047                    /opt/java/jdk1.8.0_45/jre/lib/amd64/libverify.so
7fe7af682000-7fe7af684000 rw-p 0000d000 08:03 1574047                    /opt/java/jdk1.8.0_45/jre/lib/amd64/libverify.so
7fe7af684000-7fe7af68b000 r-xp 00000000 08:03 131868                     /lib/x86_64-linux-gnu/librt-2.19.so
7fe7af68b000-7fe7af88a000 ---p 00007000 08:03 131868                     /lib/x86_64-linux-gnu/librt-2.19.so
7fe7af88a000-7fe7af88b000 r--p 00006000 08:03 131868                     /lib/x86_64-linux-gnu/librt-2.19.so
7fe7af88b000-7fe7af88c000 rw-p 00007000 08:03 131868                     /lib/x86_64-linux-gnu/librt-2.19.so
7fe7af88c000-7fe7af991000 r-xp 00000000 08:03 131806                     /lib/x86_64-linux-gnu/libm-2.19.so
7fe7af991000-7fe7afb90000 ---p 00105000 08:03 131806                     /lib/x86_64-linux-gnu/libm-2.19.so
7fe7afb90000-7fe7afb91000 r--p 00104000 08:03 131806                     /lib/x86_64-linux-gnu/libm-2.19.so
7fe7afb91000-7fe7afb92000 rw-p 00105000 08:03 131806                     /lib/x86_64-linux-gnu/libm-2.19.so
7fe7afb92000-7fe7b0840000 r-xp 00000000 08:03 1574060                    /opt/java/jdk1.8.0_45/jre/lib/amd64/server/libjvm.so
7fe7b0840000-7fe7b0a3f000 ---p 00cae000 08:03 1574060                    /opt/java/jdk1.8.0_45/jre/lib/amd64/server/libjvm.so
7fe7b0a3f000-7fe7b0b16000 rw-p 00cad000 08:03 1574060                    /opt/java/jdk1.8.0_45/jre/lib/amd64/server/libjvm.so
7fe7b0b16000-7fe7b0b5a000 rw-p 00000000 00:00 0 
7fe7b0b5a000-7fe7b0d15000 r-xp 00000000 08:03 131857                     /lib/x86_64-linux-gnu/libc-2.19.so
7fe7b0d15000-7fe7b0f14000 ---p 001bb000 08:03 131857                     /lib/x86_64-linux-gnu/libc-2.19.so
7fe7b0f14000-7fe7b0f18000 r--p 001ba000 08:03 131857                     /lib/x86_64-linux-gnu/libc-2.19.so
7fe7b0f18000-7fe7b0f1a000 rw-p 001be000 08:03 131857                     /lib/x86_64-linux-gnu/libc-2.19.so
7fe7b0f1a000-7fe7b0f1f000 rw-p 00000000 00:00 0 
7fe7b0f1f000-7fe7b0f22000 r-xp 00000000 08:03 131810                     /lib/x86_64-linux-gnu/libdl-2.19.so
7fe7b0f22000-7fe7b1121000 ---p 00003000 08:03 131810                     /lib/x86_64-linux-gnu/libdl-2.19.so
7fe7b1121000-7fe7b1122000 r--p 00002000 08:03 131810                     /lib/x86_64-linux-gnu/libdl-2.19.so
7fe7b1122000-7fe7b1123000 rw-p 00003000 08:03 131810                     /lib/x86_64-linux-gnu/libdl-2.19.so
7fe7b1123000-7fe7b1138000 r-xp 00000000 08:03 1573749                    /opt/java/jdk1.8.0_45/lib/amd64/jli/libjli.so
7fe7b1138000-7fe7b1338000 ---p 00015000 08:03 1573749                    /opt/java/jdk1.8.0_45/lib/amd64/jli/libjli.so
7fe7b1338000-7fe7b1339000 rw-p 00015000 08:03 1573749                    /opt/java/jdk1.8.0_45/lib/amd64/jli/libjli.so
7fe7b1339000-7fe7b1352000 r-xp 00000000 08:03 131858                     /lib/x86_64-linux-gnu/libpthread-2.19.so
7fe7b1352000-7fe7b1551000 ---p 00019000 08:03 131858                     /lib/x86_64-linux-gnu/libpthread-2.19.so
7fe7b1551000-7fe7b1552000 r--p 00018000 08:03 131858                     /lib/x86_64-linux-gnu/libpthread-2.19.so
7fe7b1552000-7fe7b1553000 rw-p 00019000 08:03 131858                     /lib/x86_64-linux-gnu/libpthread-2.19.so
7fe7b1553000-7fe7b1557000 rw-p 00000000 00:00 0 
7fe7b1557000-7fe7b157a000 r-xp 00000000 08:03 131833                     /lib/x86_64-linux-gnu/ld-2.19.so
7fe7b157f000-7fe7b1580000 r--p 00000000 08:03 672594                     /usr/share/locale-langpack/en_GB/LC_MESSAGES/libc.mo
7fe7b1580000-7fe7b1652000 rw-p 00000000 00:00 0 
7fe7b1652000-7fe7b1655000 ---p 00000000 00:00 0 
7fe7b1655000-7fe7b1757000 rw-p 00000000 00:00 0                          [stack:6263]
7fe7b1757000-7fe7b1759000 r--s 00006000 00:19 11273040                   /home/mike/AndroidStudioProjects/Wordist/app/build/intermediates/exploded-aar/com.google.android.gms/play-services-appstate/7.5.0/jars/classes.jar
7fe7b1759000-7fe7b176d000 rw-p 00000000 00:00 0 
7fe7b176d000-7fe7b1775000 rw-s 00000000 08:03 1569956                    /tmp/hsperfdata_mike/6261
7fe7b1775000-7fe7b1776000 rw-p 00000000 00:00 0 
7fe7b1776000-7fe7b1777000 ---p 00000000 00:00 0 
7fe7b1777000-7fe7b1779000 rw-p 00000000 00:00 0 
7fe7b1779000-7fe7b177a000 r--p 00022000 08:03 131833                     /lib/x86_64-linux-gnu/ld-2.19.so
7fe7b177a000-7fe7b177b000 rw-p 00023000 08:03 131833                     /lib/x86_64-linux-gnu/ld-2.19.so
7fe7b177b000-7fe7b177c000 rw-p 00000000 00:00 0 
7fff4d22d000-7fff4d24e000 rw-p 00000000 00:00 0                          [stack]
7fff4d328000-7fff4d32a000 r-xp 00000000 00:00 0                          [vdso]
ffffffffff600000-ffffffffff601000 r-xp 00000000 00:00 0                  [vsyscall]

VM Arguments:
jvm_args: -Xmx1024M -Dfile.encoding=UTF-8 -Duser.country=GB -Duser.language=en -Duser.variant 
java_command: com.android.dx.command.Main --dex --output /home/mike/AndroidStudioProjects/Wordist/app/build/intermediates/pre-dexed/debug/classes-d24eb526a194db96263c3f6685649fd0fe6c44d5.jar /home/mike/AndroidStudioProjects/Wordist/app/build/intermediates/exploded-aar/com.google.android.gms/play-services-appstate/7.5.0/jars/classes.jar
java_class_path (initial): /home/mike/Android/Sdk/build-tools/22.0.1/lib/dx.jar
Launcher Type: SUN_STANDARD

Environment Variables:
PATH=/usr/local/sbin:/usr/local/bin:/usr/sbin:/usr/bin:/sbin:/bin:/usr/games:/usr/local/games
USERNAME=mike
LD_LIBRARY_PATH=/opt/android-studio/bin:
SHELL=/bin/bash
DISPLAY=:0

Signal Handlers:
SIGSEGV: [libjvm.so+0xaad1e0], sa_mask[0]=11111111011111111101111111111110, sa_flags=SA_RESTART|SA_SIGINFO
SIGBUS: [libjvm.so+0xaad1e0], sa_mask[0]=11111111011111111101111111111110, sa_flags=SA_RESTART|SA_SIGINFO
SIGFPE: [libjvm.so+0x90b450], sa_mask[0]=11111111011111111101111111111110, sa_flags=SA_RESTART|SA_SIGINFO
SIGPIPE: [libjvm.so+0x90b450], sa_mask[0]=11111111011111111101111111111110, sa_flags=SA_RESTART|SA_SIGINFO
SIGXFSZ: [libjvm.so+0x90b450], sa_mask[0]=11111111011111111101111111111110, sa_flags=SA_RESTART|SA_SIGINFO
SIGILL: [libjvm.so+0x90b450], sa_mask[0]=11111111011111111101111111111110, sa_flags=SA_RESTART|SA_SIGINFO
SIGUSR1: SIG_DFL, sa_mask[0]=00000000000000000000000000000000, sa_flags=none
SIGUSR2: [libjvm.so+0x90ca90], sa_mask[0]=00100000000000000000000000000000, sa_flags=SA_RESTART|SA_SIGINFO
SIGHUP: [libjvm.so+0x90dde0], sa_mask[0]=11111111011111111101111111111110, sa_flags=SA_RESTART|SA_SIGINFO
SIGINT: [libjvm.so+0x90dde0], sa_mask[0]=11111111011111111101111111111110, sa_flags=SA_RESTART|SA_SIGINFO
SIGTERM: [libjvm.so+0x90dde0], sa_mask[0]=11111111011111111101111111111110, sa_flags=SA_RESTART|SA_SIGINFO
SIGQUIT: [libjvm.so+0x90dde0], sa_mask[0]=11111111011111111101111111111110, sa_flags=SA_RESTART|SA_SIGINFO


---------------  S Y S T E M  ---------------

OS:DISTRIB_ID=LinuxMint
DISTRIB_RELEASE=17.2
DISTRIB_CODENAME=rafaela
DISTRIB_DESCRIPTION="Linux Mint 17.2 Rafaela"

uname:Linux 3.13.0-37-generic #64-Ubuntu SMP Mon Sep 22 21:28:38 UTC 2014 x86_64
libc:glibc 2.19 NPTL 2.19 
rlimit: STACK 8192k, CORE 0k, NPROC 30882, NOFILE 4096, AS infinity
load average:22.07 7.14 3.12

/proc/meminfo:
MemTotal:        4048044 kB
MemFree:          164572 kB
Buffers:             600 kB
Cached:            51780 kB
SwapCached:            0 kB
Active:          3486220 kB
Inactive:          48716 kB
Active(anon):    3485132 kB
Inactive(anon):    26856 kB
Active(file):       1088 kB
Inactive(file):    21860 kB
Unevictable:         232 kB
Mlocked:             232 kB
SwapTotal:             0 kB
SwapFree:              0 kB
Dirty:                84 kB
Writeback:             0 kB
AnonPages:       3483128 kB
Mapped:           145144 kB
Shmem:             29124 kB
Slab:              74616 kB
SReclaimable:      23068 kB
SUnreclaim:        51548 kB
KernelStack:        4984 kB
PageTables:        34280 kB
NFS_Unstable:          0 kB
Bounce:                0 kB
WritebackTmp:          0 kB
CommitLimit:     2024020 kB
Committed_AS:    6864476 kB
VmallocTotal:   34359738367 kB
VmallocUsed:      305680 kB
VmallocChunk:   34359427560 kB
HardwareCorrupted:     0 kB
AnonHugePages:   1001472 kB
HugePages_Total:       0
HugePages_Free:        0
HugePages_Rsvd:        0
HugePages_Surp:        0
Hugepagesize:       2048 kB
DirectMap4k:      138816 kB
DirectMap2M:     3006464 kB
DirectMap1G:     1048576 kB


CPU:total 4 (4 cores per cpu, 1 threads per core) family 16 model 4 stepping 2, cmov, cx8, fxsr, mmx, sse, sse2, sse3, popcnt, mmxext, 3dnowpref, lzcnt, sse4a, tsc, tscinvbit, tscinv

/proc/cpuinfo:
processor	: 0
vendor_id	: AuthenticAMD
cpu family	: 16
model		: 4
model name	: AMD Phenom(tm) II X4 955 Processor
stepping	: 2
microcode	: 0x1000086
cpu MHz		: 3200.000
cache size	: 512 KB
physical id	: 0
siblings	: 4
core id		: 0
cpu cores	: 4
apicid		: 0
initial apicid	: 0
fpu		: yes
fpu_exception	: yes
cpuid level	: 5
wp		: yes
flags		: fpu vme de pse tsc msr pae mce cx8 apic sep mtrr pge mca cmov pat pse36 clflush mmx fxsr sse sse2 ht syscall nx mmxext fxsr_opt pdpe1gb rdtscp lm 3dnowext 3dnow constant_tsc rep_good nopl nonstop_tsc extd_apicid pni monitor cx16 popcnt lahf_lm cmp_legacy svm extapic cr8_legacy abm sse4a misalignsse 3dnowprefetch osvw ibs skinit wdt hw_pstate npt lbrv svm_lock nrip_save
bogomips	: 6399.51
TLB size	: 1024 4K pages
clflush size	: 64
cache_alignment	: 64
address sizes	: 48 bits physical, 48 bits virtual
power management: ts ttp tm stc 100mhzsteps hwpstate

processor	: 1
vendor_id	: AuthenticAMD
cpu family	: 16
model		: 4
model name	: AMD Phenom(tm) II X4 955 Processor
stepping	: 2
microcode	: 0x1000086
cpu MHz		: 3200.000
cache size	: 512 KB
physical id	: 0
siblings	: 4
core id		: 1
cpu cores	: 4
apicid		: 1
initial apicid	: 1
fpu		: yes
fpu_exception	: yes
cpuid level	: 5
wp		: yes
flags		: fpu vme de pse tsc msr pae mce cx8 apic sep mtrr pge mca cmov pat pse36 clflush mmx fxsr sse sse2 ht syscall nx mmxext fxsr_opt pdpe1gb rdtscp lm 3dnowext 3dnow constant_tsc rep_good nopl nonstop_tsc extd_apicid pni monitor cx16 popcnt lahf_lm cmp_legacy svm extapic cr8_legacy abm sse4a misalignsse 3dnowprefetch osvw ibs skinit wdt hw_pstate npt lbrv svm_lock nrip_save
bogomips	: 6399.51
TLB size	: 1024 4K pages
clflush size	: 64
cache_alignment	: 64
address sizes	: 48 bits physical, 48 bits virtual
power management: ts ttp tm stc 100mhzsteps hwpstate

processor	: 2
vendor_id	: AuthenticAMD
cpu family	: 16
model		: 4
model name	: AMD Phenom(tm) II X4 955 Processor
stepping	: 2
microcode	: 0x1000086
cpu MHz		: 3200.000
cache size	: 512 KB
physical id	: 0
siblings	: 4
core id		: 2
cpu cores	: 4
apicid		: 2
initial apicid	: 2
fpu		: yes
fpu_exception	: yes
cpuid level	: 5
wp		: yes
flags		: fpu vme de pse tsc msr pae mce cx8 apic sep mtrr pge mca cmov pat pse36 clflush mmx fxsr sse sse2 ht syscall nx mmxext fxsr_opt pdpe1gb rdtscp lm 3dnowext 3dnow constant_tsc rep_good nopl nonstop_tsc extd_apicid pni monitor cx16 popcnt lahf_lm cmp_legacy svm extapic cr8_legacy abm sse4a misalignsse 3dnowprefetch osvw ibs skinit wdt hw_pstate npt lbrv svm_lock nrip_save
bogomips	: 6399.51
TLB size	: 1024 4K pages
clflush size	: 64
cache_alignment	: 64
address sizes	: 48 bits physical, 48 bits virtual
power management: ts ttp tm stc 100mhzsteps hwpstate

processor	: 3
vendor_id	: AuthenticAMD
cpu family	: 16
model		: 4
model name	: AMD Phenom(tm) II X4 955 Processor
stepping	: 2
microcode	: 0x1000086
cpu MHz		: 3200.000
cache size	: 512 KB
physical id	: 0
siblings	: 4
core id		: 3
cpu cores	: 4
apicid		: 3
initial apicid	: 3
fpu		: yes
fpu_exception	: yes
cpuid level	: 5
wp		: yes
flags		: fpu vme de pse tsc msr pae mce cx8 apic sep mtrr pge mca cmov pat pse36 clflush mmx fxsr sse sse2 ht syscall nx mmxext fxsr_opt pdpe1gb rdtscp lm 3dnowext 3dnow constant_tsc rep_good nopl nonstop_tsc extd_apicid pni monitor cx16 popcnt lahf_lm cmp_legacy svm extapic cr8_legacy abm sse4a misalignsse 3dnowprefetch osvw ibs skinit wdt hw_pstate npt lbrv svm_lock nrip_save
bogomips	: 6399.51
TLB size	: 1024 4K pages
clflush size	: 64
cache_alignment	: 64
address sizes	: 48 bits physical, 48 bits virtual
power management: ts ttp tm stc 100mhzsteps hwpstate



Memory: 4k page, physical 4048044k(163332k free), swap 0k(0k free)

vm_info: Java HotSpot(TM) 64-Bit Server VM (25.45-b02) for linux-amd64 JRE (1.8.0_45-b14), built on Apr 10 2015 10:07:45 by "java_re" with gcc 4.3.0 20080428 (Red Hat 4.3.0-8)

time: Thu Aug  6 15:25:32 2015
elapsed time: 24 seconds (0d 0h 0m 24s)

