#
# There is insufficient memory for the Java Runtime Environment to continue.
# Native memory allocation (mmap) failed to map 16252928 bytes for committing reserved memory.
# Possible reasons:
#   The system is out of physical RAM or swap space
#   In 32 bit mode, the process size limit was hit
# Possible solutions:
#   Reduce memory load on the system
#   Increase physical memory or swap space
#   Check if swap backing store is full
#   Use 64 bit Java on a 64 bit OS
#   Decrease Java heap size (-Xmx/-Xms)
#   Decrease number of Java threads
#   Decrease Java thread stack sizes (-Xss)
#   Set larger code cache with -XX:ReservedCodeCacheSize=
# This output file may be truncated or incomplete.
#
#  Out of Memory Error (os_linux.cpp:2673), pid=10165, tid=140258245072640
#
# JRE version: Java(TM) SE Runtime Environment (8.0_45-b14) (build 1.8.0_45-b14)
# Java VM: Java HotSpot(TM) 64-Bit Server VM (25.45-b02 mixed mode linux-amd64 compressed oops)
# Failed to write core dump. Core dumps have been disabled. To enable core dumping, try "ulimit -c unlimited" before starting Java again
#

---------------  T H R E A D  ---------------

Current thread (0x00007f907c077800):  VMThread [stack: 0x00007f906acfd000,0x00007f906adfe000] [id=10174]

Stack: [0x00007f906acfd000,0x00007f906adfe000],  sp=0x00007f906adfc260,  free space=1020k
Native frames: (J=compiled Java code, j=interpreted, Vv=VM code, C=native code)
V  [libjvm.so+0xaac99a]  VMError::report_and_die()+0x2ba
V  [libjvm.so+0x4f333b]  report_vm_out_of_memory(char const*, int, unsigned long, VMErrorType, char const*)+0x8b
V  [libjvm.so+0x90e7c3]  os::Linux::commit_memory_impl(char*, unsigned long, bool)+0x103
V  [libjvm.so+0x90ed19]  os::pd_commit_memory(char*, unsigned long, unsigned long, bool)+0x29
V  [libjvm.so+0x90867a]  os::commit_memory(char*, unsigned long, unsigned long, bool)+0x2a
V  [libjvm.so+0x97bac3]  PSVirtualSpace::expand_by(unsigned long)+0x53
V  [libjvm.so+0x97cec8]  PSYoungGen::resize_generation(unsigned long, unsigned long)+0xf8
V  [libjvm.so+0x97c022]  PSYoungGen::resize(unsigned long, unsigned long)+0x22
V  [libjvm.so+0x9792fb]  PSScavenge::invoke_no_policy()+0xf7b
V  [libjvm.so+0x979a81]  PSScavenge::invoke()+0x41
V  [libjvm.so+0x932050]  ParallelScavengeHeap::failed_mem_allocate(unsigned long)+0x70
V  [libjvm.so+0xaae1d7]  VM_ParallelGCFailedAllocation::doit()+0x97
V  [libjvm.so+0xab59c5]  VM_Operation::evaluate()+0x55
V  [libjvm.so+0xab3d9a]  VMThread::evaluate_operation(VM_Operation*)+0xba
V  [libjvm.so+0xab411e]  VMThread::loop()+0x1ce
V  [libjvm.so+0xab4590]  VMThread::run()+0x70
V  [libjvm.so+0x910de8]  java_start(Thread*)+0x108

VM_Operation (0x00007f908549e8a0): ParallelGCFailedAllocation, mode: safepoint, requested by thread 0x00007f907c00a000


---------------  P R O C E S S  ---------------

Java Threads: ( => current thread )
  0x00007f907c0c2000 JavaThread "Service Thread" daemon [_thread_blocked, id=10184, stack(0x00007f906a32d000,0x00007f906a42e000)]
  0x00007f907c0bd000 JavaThread "C1 CompilerThread2" daemon [_thread_blocked, id=10181, stack(0x00007f906a42e000,0x00007f906a52f000)]
  0x00007f907c0bb800 JavaThread "C2 CompilerThread1" daemon [_thread_blocked, id=10180, stack(0x00007f906a52f000,0x00007f906a630000)]
  0x00007f907c0b8800 JavaThread "C2 CompilerThread0" daemon [_thread_blocked, id=10179, stack(0x00007f906a630000,0x00007f906a731000)]
  0x00007f907c0b7000 JavaThread "Signal Dispatcher" daemon [_thread_blocked, id=10177, stack(0x00007f906a731000,0x00007f906a832000)]
  0x00007f907c07f000 JavaThread "Finalizer" daemon [_thread_blocked, id=10176, stack(0x00007f906aafb000,0x00007f906abfc000)]
  0x00007f907c07c800 JavaThread "Reference Handler" daemon [_thread_blocked, id=10175, stack(0x00007f906abfc000,0x00007f906acfd000)]
  0x00007f907c00a000 JavaThread "main" [_thread_blocked, id=10167, stack(0x00007f90853a0000,0x00007f90854a1000)]

Other Threads:
=>0x00007f907c077800 VMThread [stack: 0x00007f906acfd000,0x00007f906adfe000] [id=10174]
  0x00007f907c0c4800 WatcherThread [stack: 0x00007f906a22c000,0x00007f906a32d000] [id=10186]

VM state:at safepoint (normal execution)

VM Mutex/Monitor currently owned by a thread:  ([mutex/lock_event])
[0x00007f907c006350] Threads_lock - owner thread: 0x00007f907c077800
[0x00007f907c006850] Heap_lock - owner thread: 0x00007f907c00a000

Heap:
 PSYoungGen      total 18432K, used 2551K [0x00000000eab00000, 0x00000000ebf80000, 0x0000000100000000)
  eden space 15872K, 0% used [0x00000000eab00000,0x00000000eab00000,0x00000000eba80000)
  from space 2560K, 99% used [0x00000000eba80000,0x00000000ebcfdc98,0x00000000ebd00000)
  to   space 2560K, 0% used [0x00000000ebd00000,0x00000000ebd00000,0x00000000ebf80000)
 ParOldGen       total 42496K, used 1580K [0x00000000c0000000, 0x00000000c2980000, 0x00000000eab00000)
  object space 42496K, 3% used [0x00000000c0000000,0x00000000c018b2d0,0x00000000c2980000)
 Metaspace       used 5446K, capacity 6704K, committed 6784K, reserved 1056768K
  class space    used 542K, capacity 616K, committed 640K, reserved 1048576K

Card table byte_map: [0x00007f9081f7d000,0x00007f908217e000] byte_map_base: 0x00007f908197d000

Marking Bits: (ParMarkBitMap*) 0x00007f908487b760
 Begin Bits: [0x00007f906b000000, 0x00007f906c000000)
 End Bits:   [0x00007f906c000000, 0x00007f906d000000)

Polling page: 0x00007f90854c2000

CodeCache: size=245760Kb used=3925Kb max_used=3925Kb free=241835Kb
 bounds [0x00007f906d000000, 0x00007f906d3e0000, 0x00007f907c000000]
 total_blobs=1236 nmethods=971 adapters=178
 compilation: enabled

Compilation events (10 events):
Event: 1.891 Thread 0x00007f907c0bd000 nmethod 969 0x00007f906d3cbc10 code [0x00007f906d3cbde0, 0x00007f906d3cc698]
Event: 1.891 Thread 0x00007f907c0bd000  970       3       com.android.dx.ssa.PhiInsn::getSources (95 bytes)
Event: 1.893 Thread 0x00007f907c0bd000 nmethod 970 0x00007f906d3c9c50 code [0x00007f906d3c9ec0, 0x00007f906d3caed8]
Event: 1.893 Thread 0x00007f907c0bd000  974       3       com.android.dx.cf.code.BaseMachine::auxIntArg (6 bytes)
Event: 1.894 Thread 0x00007f907c0bd000 nmethod 974 0x00007f906d3d2d90 code [0x00007f906d3d2ee0, 0x00007f906d3d3030]
Event: 1.894 Thread 0x00007f907c0bd000  971       3       com.android.dx.util.MutabilityControl::isImmutable (13 bytes)
Event: 1.894 Thread 0x00007f907c0bd000 nmethod 971 0x00007f906d3d30d0 code [0x00007f906d3d3240, 0x00007f906d3d33f0]
Event: 1.894 Thread 0x00007f907c0bd000  972       3       com.android.dx.cf.code.BaseMachine::popArgs (72 bytes)
Event: 1.896 Thread 0x00007f907c0bd000 nmethod 972 0x00007f906d3d3490 code [0x00007f906d3d3700, 0x00007f906d3d44c8]
Event: 1.898 Thread 0x00007f907c0bd000  975       1       com.android.dx.rop.cst.CstType::isCategory2 (2 bytes)

GC Heap History (1 events):
Event: 1.899 GC heap before
{Heap before GC invocations=1 (full 0):
 PSYoungGen      total 18432K, used 15872K [0x00000000eab00000, 0x00000000ebf80000, 0x0000000100000000)
  eden space 15872K, 100% used [0x00000000eab00000,0x00000000eba80000,0x00000000eba80000)
  from space 2560K, 0% used [0x00000000ebd00000,0x00000000ebd00000,0x00000000ebf80000)
  to   space 2560K, 0% used [0x00000000eba80000,0x00000000eba80000,0x00000000ebd00000)
 ParOldGen       total 42496K, used 0K [0x00000000c0000000, 0x00000000c2980000, 0x00000000eab00000)
  object space 42496K, 0% used [0x00000000c0000000,0x00000000c0000000,0x00000000c2980000)
 Metaspace       used 5446K, capacity 6704K, committed 6784K, reserved 1056768K
  class space    used 542K, capacity 616K, committed 640K, reserved 1048576K

Deoptimization events (3 events):
Event: 1.209 Thread 0x00007f907c00a000 Uncommon trap: reason=unstable_if action=reinterpret pc=0x00007f906d2157a8 method=java.util.HashMap.getNode(ILjava/lang/Object;)Ljava/util/HashMap$Node; @ 129
Event: 1.474 Thread 0x00007f907c00a000 Uncommon trap: reason=bimorphic action=maybe_recompile pc=0x00007f906d283074 method=java.util.HashMap.getNode(ILjava/lang/Object;)Ljava/util/HashMap$Node; @ 126
Event: 1.577 Thread 0x00007f907c00a000 Uncommon trap: reason=unstable_if action=reinterpret pc=0x00007f906d2850f8 method=java.util.BitSet.ensureCapacity(I)V @ 6

Internal exceptions (2 events):
Event: 0.120 Thread 0x00007f907c00a000 Exception <a 'java/lang/NoSuchMethodError': Method sun.misc.Unsafe.defineClass(Ljava/lang/String;[BII)Ljava/lang/Class; name or signature does not match> (0x00000000eab12a38) thrown at [/RE-WORK/workspace/8-2-build-linux-amd64/jdk8u45/3457/hotspot/src/sha
Event: 0.120 Thread 0x00007f907c00a000 Exception <a 'java/lang/NoSuchMethodError': Method sun.misc.Unsafe.prefetchRead(Ljava/lang/Object;J)V name or signature does not match> (0x00000000eab12cc8) thrown at [/RE-WORK/workspace/8-2-build-linux-amd64/jdk8u45/3457/hotspot/src/share/vm/prims/jni.cp

Events (10 events):
Event: 1.577 Thread 0x00007f907c00a000 DEOPT UNPACKING pc=0x00007f906d005229 sp=0x00007f908549ec58 mode 2
Event: 1.680 loading class com/android/dx/cf/attrib/AttExceptions
Event: 1.680 loading class com/android/dx/cf/attrib/AttExceptions done
Event: 1.683 loading class com/android/dx/cf/code/Ropper$ExceptionHandlerSetup
Event: 1.683 loading class com/android/dx/cf/code/Ropper$ExceptionHandlerSetup done
Event: 1.684 loading class java/util/HashMap$Values
Event: 1.696 loading class java/util/HashMap$Values done
Event: 1.696 loading class java/util/HashMap$ValueIterator
Event: 1.696 loading class java/util/HashMap$ValueIterator done
Event: 1.898 Executing VM operation: ParallelGCFailedAllocation


Dynamic libraries:
00400000-00401000 r-xp 00000000 08:03 1572315                            /opt/java/jdk1.8.0_45/bin/java
00600000-00601000 rw-p 00000000 08:03 1572315                            /opt/java/jdk1.8.0_45/bin/java
01aa3000-01ac4000 rw-p 00000000 00:00 0                                  [heap]
c0000000-c2980000 rw-p 00000000 00:00 0 
c2980000-eab00000 ---p 00000000 00:00 0 
eab00000-ebf80000 rw-p 00000000 00:00 0 
ecf00000-100000000 ---p 00000000 00:00 0 
100000000-1000a0000 rw-p 00000000 00:00 0 
1000a0000-140000000 ---p 00000000 00:00 0 
7f9034000000-7f9034021000 rw-p 00000000 00:00 0 
7f9034021000-7f9038000000 ---p 00000000 00:00 0 
7f9038000000-7f9038021000 rw-p 00000000 00:00 0 
7f9038021000-7f903c000000 ---p 00000000 00:00 0 
7f903c000000-7f903c448000 rw-p 00000000 00:00 0 
7f903c448000-7f9040000000 ---p 00000000 00:00 0 
7f9040000000-7f90404ea000 rw-p 00000000 00:00 0 
7f90404ea000-7f9044000000 ---p 00000000 00:00 0 
7f9044000000-7f9044021000 rw-p 00000000 00:00 0 
7f9044021000-7f9048000000 ---p 00000000 00:00 0 
7f9048000000-7f904839e000 rw-p 00000000 00:00 0 
7f904839e000-7f904c000000 ---p 00000000 00:00 0 
7f904c000000-7f904c021000 rw-p 00000000 00:00 0 
7f904c021000-7f9050000000 ---p 00000000 00:00 0 
7f9050000000-7f9050021000 rw-p 00000000 00:00 0 
7f9050021000-7f9054000000 ---p 00000000 00:00 0 
7f9054000000-7f9054021000 rw-p 00000000 00:00 0 
7f9054021000-7f9058000000 ---p 00000000 00:00 0 
7f9058000000-7f905828a000 rw-p 00000000 00:00 0 
7f905828a000-7f905c000000 ---p 00000000 00:00 0 
7f905c000000-7f905c021000 rw-p 00000000 00:00 0 
7f905c021000-7f9060000000 ---p 00000000 00:00 0 
7f9060000000-7f9060021000 rw-p 00000000 00:00 0 
7f9060021000-7f9064000000 ---p 00000000 00:00 0 
7f9064000000-7f9064021000 rw-p 00000000 00:00 0 
7f9064021000-7f9068000000 ---p 00000000 00:00 0 
7f906a22c000-7f906a22d000 ---p 00000000 00:00 0 
7f906a22d000-7f906a32d000 rw-p 00000000 00:00 0                          [stack:10186]
7f906a32d000-7f906a330000 ---p 00000000 00:00 0 
7f906a330000-7f906a42e000 rw-p 00000000 00:00 0                          [stack:10184]
7f906a42e000-7f906a431000 ---p 00000000 00:00 0 
7f906a431000-7f906a52f000 rw-p 00000000 00:00 0                          [stack:10181]
7f906a52f000-7f906a532000 ---p 00000000 00:00 0 
7f906a532000-7f906a630000 rw-p 00000000 00:00 0                          [stack:10180]
7f906a630000-7f906a633000 ---p 00000000 00:00 0 
7f906a633000-7f906a731000 rw-p 00000000 00:00 0                          [stack:10179]
7f906a731000-7f906a734000 ---p 00000000 00:00 0 
7f906a734000-7f906a832000 rw-p 00000000 00:00 0                          [stack:10177]
7f906a832000-7f906aafb000 r--p 00000000 08:03 266989                     /usr/lib/locale/locale-archive
7f906aafb000-7f906aafe000 ---p 00000000 00:00 0 
7f906aafe000-7f906abfc000 rw-p 00000000 00:00 0                          [stack:10176]
7f906abfc000-7f906abff000 ---p 00000000 00:00 0 
7f906abff000-7f906acfd000 rw-p 00000000 00:00 0                          [stack:10175]
7f906acfd000-7f906acfe000 ---p 00000000 00:00 0 
7f906acfe000-7f906d000000 rw-p 00000000 00:00 0                          [stack:10174]
7f906d000000-7f906d3e0000 rwxp 00000000 00:00 0 
7f906d3e0000-7f907c000000 ---p 00000000 00:00 0 
7f907c000000-7f907c388000 rw-p 00000000 00:00 0 
7f907c388000-7f9080000000 ---p 00000000 00:00 0 
7f9080012000-7f9080013000 rw-p 00000000 00:00 0 
7f9080013000-7f9080022000 r--s 000dd000 00:19 9438599                    /home/mike/Android/Sdk/build-tools/22.0.1/lib/dx.jar
7f9080022000-7f9080dd4000 rw-p 00000000 00:00 0 
7f9080dd4000-7f9080fad000 r--s 03d09000 08:03 1573810                    /opt/java/jdk1.8.0_45/jre/lib/rt.jar
7f9080fad000-7f9081623000 rw-p 00000000 00:00 0 
7f9081623000-7f9081823000 ---p 00000000 00:00 0 
7f9081823000-7f9081a23000 rw-p 00000000 00:00 0 
7f9081a23000-7f9081a24000 ---p 00000000 00:00 0 
7f9081a24000-7f9081b24000 rw-p 00000000 00:00 0                          [stack:10173]
7f9081b24000-7f9081b25000 ---p 00000000 00:00 0 
7f9081b25000-7f9081c25000 rw-p 00000000 00:00 0                          [stack:10172]
7f9081c25000-7f9081c26000 ---p 00000000 00:00 0 
7f9081c26000-7f9081d26000 rw-p 00000000 00:00 0                          [stack:10171]
7f9081d26000-7f9081d27000 ---p 00000000 00:00 0 
7f9081d27000-7f9081e3c000 rw-p 00000000 00:00 0                          [stack:10170]
7f9081e3c000-7f9081f7d000 ---p 00000000 00:00 0 
7f9081f7d000-7f9081f92000 rw-p 00000000 00:00 0 
7f9081f92000-7f90820d2000 ---p 00000000 00:00 0 
7f90820d2000-7f90820dd000 rw-p 00000000 00:00 0 
7f90820dd000-7f908217d000 ---p 00000000 00:00 0 
7f908217d000-7f908218e000 rw-p 00000000 00:00 0 
7f908218e000-7f908253e000 ---p 00000000 00:00 0 
7f908253e000-7f9082558000 r-xp 00000000 08:03 1574049                    /opt/java/jdk1.8.0_45/jre/lib/amd64/libzip.so
7f9082558000-7f9082758000 ---p 0001a000 08:03 1574049                    /opt/java/jdk1.8.0_45/jre/lib/amd64/libzip.so
7f9082758000-7f9082759000 rw-p 0001a000 08:03 1574049                    /opt/java/jdk1.8.0_45/jre/lib/amd64/libzip.so
7f9082759000-7f9082764000 r-xp 00000000 08:03 131807                     /lib/x86_64-linux-gnu/libnss_files-2.19.so
7f9082764000-7f9082963000 ---p 0000b000 08:03 131807                     /lib/x86_64-linux-gnu/libnss_files-2.19.so
7f9082963000-7f9082964000 r--p 0000a000 08:03 131807                     /lib/x86_64-linux-gnu/libnss_files-2.19.so
7f9082964000-7f9082965000 rw-p 0000b000 08:03 131807                     /lib/x86_64-linux-gnu/libnss_files-2.19.so
7f9082965000-7f9082970000 r-xp 00000000 08:03 131871                     /lib/x86_64-linux-gnu/libnss_nis-2.19.so
7f9082970000-7f9082b6f000 ---p 0000b000 08:03 131871                     /lib/x86_64-linux-gnu/libnss_nis-2.19.so
7f9082b6f000-7f9082b70000 r--p 0000a000 08:03 131871                     /lib/x86_64-linux-gnu/libnss_nis-2.19.so
7f9082b70000-7f9082b71000 rw-p 0000b000 08:03 131871                     /lib/x86_64-linux-gnu/libnss_nis-2.19.so
7f9082b71000-7f9082b88000 r-xp 00000000 08:03 131829                     /lib/x86_64-linux-gnu/libnsl-2.19.so
7f9082b88000-7f9082d87000 ---p 00017000 08:03 131829                     /lib/x86_64-linux-gnu/libnsl-2.19.so
7f9082d87000-7f9082d88000 r--p 00016000 08:03 131829                     /lib/x86_64-linux-gnu/libnsl-2.19.so
7f9082d88000-7f9082d89000 rw-p 00017000 08:03 131829                     /lib/x86_64-linux-gnu/libnsl-2.19.so
7f9082d89000-7f9082d8b000 rw-p 00000000 00:00 0 
7f9082d8b000-7f9082d94000 r-xp 00000000 08:03 131828                     /lib/x86_64-linux-gnu/libnss_compat-2.19.so
7f9082d94000-7f9082f93000 ---p 00009000 08:03 131828                     /lib/x86_64-linux-gnu/libnss_compat-2.19.so
7f9082f93000-7f9082f94000 r--p 00008000 08:03 131828                     /lib/x86_64-linux-gnu/libnss_compat-2.19.so
7f9082f94000-7f9082f95000 rw-p 00009000 08:03 131828                     /lib/x86_64-linux-gnu/libnss_compat-2.19.so
7f9082f95000-7f9082fbf000 r-xp 00000000 08:03 1574040                    /opt/java/jdk1.8.0_45/jre/lib/amd64/libjava.so
7f9082fbf000-7f90831bf000 ---p 0002a000 08:03 1574040                    /opt/java/jdk1.8.0_45/jre/lib/amd64/libjava.so
7f90831bf000-7f90831c1000 rw-p 0002a000 08:03 1574040                    /opt/java/jdk1.8.0_45/jre/lib/amd64/libjava.so
7f90831c1000-7f90831ce000 r-xp 00000000 08:03 1574047                    /opt/java/jdk1.8.0_45/jre/lib/amd64/libverify.so
7f90831ce000-7f90833ce000 ---p 0000d000 08:03 1574047                    /opt/java/jdk1.8.0_45/jre/lib/amd64/libverify.so
7f90833ce000-7f90833d0000 rw-p 0000d000 08:03 1574047                    /opt/java/jdk1.8.0_45/jre/lib/amd64/libverify.so
7f90833d0000-7f90833d7000 r-xp 00000000 08:03 131868                     /lib/x86_64-linux-gnu/librt-2.19.so
7f90833d7000-7f90835d6000 ---p 00007000 08:03 131868                     /lib/x86_64-linux-gnu/librt-2.19.so
7f90835d6000-7f90835d7000 r--p 00006000 08:03 131868                     /lib/x86_64-linux-gnu/librt-2.19.so
7f90835d7000-7f90835d8000 rw-p 00007000 08:03 131868                     /lib/x86_64-linux-gnu/librt-2.19.so
7f90835d8000-7f90836dd000 r-xp 00000000 08:03 131806                     /lib/x86_64-linux-gnu/libm-2.19.so
7f90836dd000-7f90838dc000 ---p 00105000 08:03 131806                     /lib/x86_64-linux-gnu/libm-2.19.so
7f90838dc000-7f90838dd000 r--p 00104000 08:03 131806                     /lib/x86_64-linux-gnu/libm-2.19.so
7f90838dd000-7f90838de000 rw-p 00105000 08:03 131806                     /lib/x86_64-linux-gnu/libm-2.19.so
7f90838de000-7f908458c000 r-xp 00000000 08:03 1574060                    /opt/java/jdk1.8.0_45/jre/lib/amd64/server/libjvm.so
7f908458c000-7f908478b000 ---p 00cae000 08:03 1574060                    /opt/java/jdk1.8.0_45/jre/lib/amd64/server/libjvm.so
7f908478b000-7f9084862000 rw-p 00cad000 08:03 1574060                    /opt/java/jdk1.8.0_45/jre/lib/amd64/server/libjvm.so
7f9084862000-7f90848a6000 rw-p 00000000 00:00 0 
7f90848a6000-7f9084a61000 r-xp 00000000 08:03 131857                     /lib/x86_64-linux-gnu/libc-2.19.so
7f9084a61000-7f9084c60000 ---p 001bb000 08:03 131857                     /lib/x86_64-linux-gnu/libc-2.19.so
7f9084c60000-7f9084c64000 r--p 001ba000 08:03 131857                     /lib/x86_64-linux-gnu/libc-2.19.so
7f9084c64000-7f9084c66000 rw-p 001be000 08:03 131857                     /lib/x86_64-linux-gnu/libc-2.19.so
7f9084c66000-7f9084c6b000 rw-p 00000000 00:00 0 
7f9084c6b000-7f9084c6e000 r-xp 00000000 08:03 131810                     /lib/x86_64-linux-gnu/libdl-2.19.so
7f9084c6e000-7f9084e6d000 ---p 00003000 08:03 131810                     /lib/x86_64-linux-gnu/libdl-2.19.so
7f9084e6d000-7f9084e6e000 r--p 00002000 08:03 131810                     /lib/x86_64-linux-gnu/libdl-2.19.so
7f9084e6e000-7f9084e6f000 rw-p 00003000 08:03 131810                     /lib/x86_64-linux-gnu/libdl-2.19.so
7f9084e6f000-7f9084e84000 r-xp 00000000 08:03 1573749                    /opt/java/jdk1.8.0_45/lib/amd64/jli/libjli.so
7f9084e84000-7f9085084000 ---p 00015000 08:03 1573749                    /opt/java/jdk1.8.0_45/lib/amd64/jli/libjli.so
7f9085084000-7f9085085000 rw-p 00015000 08:03 1573749                    /opt/java/jdk1.8.0_45/lib/amd64/jli/libjli.so
7f9085085000-7f908509e000 r-xp 00000000 08:03 131858                     /lib/x86_64-linux-gnu/libpthread-2.19.so
7f908509e000-7f908529d000 ---p 00019000 08:03 131858                     /lib/x86_64-linux-gnu/libpthread-2.19.so
7f908529d000-7f908529e000 r--p 00018000 08:03 131858                     /lib/x86_64-linux-gnu/libpthread-2.19.so
7f908529e000-7f908529f000 rw-p 00019000 08:03 131858                     /lib/x86_64-linux-gnu/libpthread-2.19.so
7f908529f000-7f90852a3000 rw-p 00000000 00:00 0 
7f90852a3000-7f90852c6000 r-xp 00000000 08:03 131833                     /lib/x86_64-linux-gnu/ld-2.19.so
7f90852c6000-7f90852c7000 r--p 00000000 08:03 672594                     /usr/share/locale-langpack/en_GB/LC_MESSAGES/libc.mo
7f90852c7000-7f90852ce000 r--s 00033000 00:19 11273399                   /home/mike/AndroidStudioProjects/Wordist/app/build/intermediates/exploded-aar/com.google.android.gms/play-services-location/7.5.0/jars/classes.jar
7f90852ce000-7f90853a0000 rw-p 00000000 00:00 0 
7f90853a0000-7f90853a3000 ---p 00000000 00:00 0 
7f90853a3000-7f90854b9000 rw-p 00000000 00:00 0                          [stack:10167]
7f90854b9000-7f90854c1000 rw-s 00000000 08:03 1574137                    /tmp/hsperfdata_mike/10165
7f90854c1000-7f90854c2000 rw-p 00000000 00:00 0 
7f90854c2000-7f90854c3000 ---p 00000000 00:00 0 
7f90854c3000-7f90854c5000 rw-p 00000000 00:00 0 
7f90854c5000-7f90854c6000 r--p 00022000 08:03 131833                     /lib/x86_64-linux-gnu/ld-2.19.so
7f90854c6000-7f90854c7000 rw-p 00023000 08:03 131833                     /lib/x86_64-linux-gnu/ld-2.19.so
7f90854c7000-7f90854c8000 rw-p 00000000 00:00 0 
7fff9b6fa000-7fff9b71b000 rw-p 00000000 00:00 0                          [stack]
7fff9b7fe000-7fff9b800000 r-xp 00000000 00:00 0                          [vdso]
ffffffffff600000-ffffffffff601000 r-xp 00000000 00:00 0                  [vsyscall]

VM Arguments:
jvm_args: -Xmx1024M -Dfile.encoding=UTF-8 -Duser.country=GB -Duser.language=en -Duser.variant 
java_command: com.android.dx.command.Main --dex --output /home/mike/AndroidStudioProjects/Wordist/app/build/intermediates/pre-dexed/debug/classes-49e832150bd598062b01c10b90d92c2fa4a78a7a.jar /home/mike/AndroidStudioProjects/Wordist/app/build/intermediates/exploded-aar/com.google.android.gms/play-services-location/7.5.0/jars/classes.jar
java_class_path (initial): /home/mike/Android/Sdk/build-tools/22.0.1/lib/dx.jar
Launcher Type: SUN_STANDARD

Environment Variables:
PATH=/usr/local/sbin:/usr/local/bin:/usr/sbin:/usr/bin:/sbin:/bin:/usr/games:/usr/local/games
USERNAME=mike
LD_LIBRARY_PATH=/opt/android-studio/bin:
SHELL=/bin/bash
DISPLAY=:0

Signal Handlers:
SIGSEGV: [libjvm.so+0xaad1e0], sa_mask[0]=11111111011111111101111111111110, sa_flags=SA_RESTART|SA_SIGINFO
SIGBUS: [libjvm.so+0xaad1e0], sa_mask[0]=11111111011111111101111111111110, sa_flags=SA_RESTART|SA_SIGINFO
SIGFPE: [libjvm.so+0x90b450], sa_mask[0]=11111111011111111101111111111110, sa_flags=SA_RESTART|SA_SIGINFO
SIGPIPE: [libjvm.so+0x90b450], sa_mask[0]=11111111011111111101111111111110, sa_flags=SA_RESTART|SA_SIGINFO
SIGXFSZ: [libjvm.so+0x90b450], sa_mask[0]=11111111011111111101111111111110, sa_flags=SA_RESTART|SA_SIGINFO
SIGILL: [libjvm.so+0x90b450], sa_mask[0]=11111111011111111101111111111110, sa_flags=SA_RESTART|SA_SIGINFO
SIGUSR1: SIG_DFL, sa_mask[0]=00000000000000000000000000000000, sa_flags=none
SIGUSR2: [libjvm.so+0x90ca90], sa_mask[0]=00100000000000000000000000000000, sa_flags=SA_RESTART|SA_SIGINFO
SIGHUP: [libjvm.so+0x90dde0], sa_mask[0]=11111111011111111101111111111110, sa_flags=SA_RESTART|SA_SIGINFO
SIGINT: [libjvm.so+0x90dde0], sa_mask[0]=11111111011111111101111111111110, sa_flags=SA_RESTART|SA_SIGINFO
SIGTERM: [libjvm.so+0x90dde0], sa_mask[0]=11111111011111111101111111111110, sa_flags=SA_RESTART|SA_SIGINFO
SIGQUIT: [libjvm.so+0x90dde0], sa_mask[0]=11111111011111111101111111111110, sa_flags=SA_RESTART|SA_SIGINFO


---------------  S Y S T E M  ---------------

OS:DISTRIB_ID=LinuxMint
DISTRIB_RELEASE=17.1
DISTRIB_CODENAME=rebecca
DISTRIB_DESCRIPTION="Linux Mint 17.1 Rebecca"

uname:Linux 3.13.0-37-generic #64-Ubuntu SMP Mon Sep 22 21:28:38 UTC 2014 x86_64
libc:glibc 2.19 NPTL 2.19 
rlimit: STACK 8192k, CORE 0k, NPROC 30866, NOFILE 4096, AS infinity
load average:4.04 2.47 1.38

/proc/meminfo:
MemTotal:        4048044 kB
MemFree:           99372 kB
Buffers:             224 kB
Cached:            47012 kB
SwapCached:            0 kB
Active:          3721756 kB
Inactive:          44464 kB
Active(anon):    3720692 kB
Inactive(anon):    32036 kB
Active(file):       1064 kB
Inactive(file):    12428 kB
Unevictable:         136 kB
Mlocked:             136 kB
SwapTotal:             0 kB
SwapFree:              0 kB
Dirty:                16 kB
Writeback:           192 kB
AnonPages:       3719736 kB
Mapped:            35960 kB
Shmem:             33128 kB
Slab:              57492 kB
SReclaimable:      20224 kB
SUnreclaim:        37268 kB
KernelStack:        4384 kB
PageTables:        26924 kB
NFS_Unstable:          0 kB
Bounce:                0 kB
WritebackTmp:          0 kB
CommitLimit:     2024020 kB
Committed_AS:    5600600 kB
VmallocTotal:   34359738367 kB
VmallocUsed:      310676 kB
VmallocChunk:   34359413752 kB
HardwareCorrupted:     0 kB
AnonHugePages:   2521088 kB
HugePages_Total:       0
HugePages_Free:        0
HugePages_Rsvd:        0
HugePages_Surp:        0
Hugepagesize:       2048 kB
DirectMap4k:       93760 kB
DirectMap2M:     4100096 kB
DirectMap1G:           0 kB


CPU:total 4 (4 cores per cpu, 1 threads per core) family 16 model 4 stepping 2, cmov, cx8, fxsr, mmx, sse, sse2, sse3, popcnt, mmxext, 3dnowpref, lzcnt, sse4a, tsc, tscinvbit, tscinv

/proc/cpuinfo:
processor	: 0
vendor_id	: AuthenticAMD
cpu family	: 16
model		: 4
model name	: AMD Phenom(tm) II X4 955 Processor
stepping	: 2
microcode	: 0x1000086
cpu MHz		: 3200.000
cache size	: 512 KB
physical id	: 0
siblings	: 4
core id		: 0
cpu cores	: 4
apicid		: 0
initial apicid	: 0
fpu		: yes
fpu_exception	: yes
cpuid level	: 5
wp		: yes
flags		: fpu vme de pse tsc msr pae mce cx8 apic sep mtrr pge mca cmov pat pse36 clflush mmx fxsr sse sse2 ht syscall nx mmxext fxsr_opt pdpe1gb rdtscp lm 3dnowext 3dnow constant_tsc rep_good nopl nonstop_tsc extd_apicid pni monitor cx16 popcnt lahf_lm cmp_legacy svm extapic cr8_legacy abm sse4a misalignsse 3dnowprefetch osvw ibs skinit wdt hw_pstate npt lbrv svm_lock nrip_save
bogomips	: 6399.96
TLB size	: 1024 4K pages
clflush size	: 64
cache_alignment	: 64
address sizes	: 48 bits physical, 48 bits virtual
power management: ts ttp tm stc 100mhzsteps hwpstate

processor	: 1
vendor_id	: AuthenticAMD
cpu family	: 16
model		: 4
model name	: AMD Phenom(tm) II X4 955 Processor
stepping	: 2
microcode	: 0x1000086
cpu MHz		: 2500.000
cache size	: 512 KB
physical id	: 0
siblings	: 4
core id		: 1
cpu cores	: 4
apicid		: 1
initial apicid	: 1
fpu		: yes
fpu_exception	: yes
cpuid level	: 5
wp		: yes
flags		: fpu vme de pse tsc msr pae mce cx8 apic sep mtrr pge mca cmov pat pse36 clflush mmx fxsr sse sse2 ht syscall nx mmxext fxsr_opt pdpe1gb rdtscp lm 3dnowext 3dnow constant_tsc rep_good nopl nonstop_tsc extd_apicid pni monitor cx16 popcnt lahf_lm cmp_legacy svm extapic cr8_legacy abm sse4a misalignsse 3dnowprefetch osvw ibs skinit wdt hw_pstate npt lbrv svm_lock nrip_save
bogomips	: 6399.96
TLB size	: 1024 4K pages
clflush size	: 64
cache_alignment	: 64
address sizes	: 48 bits physical, 48 bits virtual
power management: ts ttp tm stc 100mhzsteps hwpstate

processor	: 2
vendor_id	: AuthenticAMD
cpu family	: 16
model		: 4
model name	: AMD Phenom(tm) II X4 955 Processor
stepping	: 2
microcode	: 0x1000086
cpu MHz		: 3200.000
cache size	: 512 KB
physical id	: 0
siblings	: 4
core id		: 2
cpu cores	: 4
apicid		: 2
initial apicid	: 2
fpu		: yes
fpu_exception	: yes
cpuid level	: 5
wp		: yes
flags		: fpu vme de pse tsc msr pae mce cx8 apic sep mtrr pge mca cmov pat pse36 clflush mmx fxsr sse sse2 ht syscall nx mmxext fxsr_opt pdpe1gb rdtscp lm 3dnowext 3dnow constant_tsc rep_good nopl nonstop_tsc extd_apicid pni monitor cx16 popcnt lahf_lm cmp_legacy svm extapic cr8_legacy abm sse4a misalignsse 3dnowprefetch osvw ibs skinit wdt hw_pstate npt lbrv svm_lock nrip_save
bogomips	: 6399.96
TLB size	: 1024 4K pages
clflush size	: 64
cache_alignment	: 64
address sizes	: 48 bits physical, 48 bits virtual
power management: ts ttp tm stc 100mhzsteps hwpstate

processor	: 3
vendor_id	: AuthenticAMD
cpu family	: 16
model		: 4
model name	: AMD Phenom(tm) II X4 955 Processor
stepping	: 2
microcode	: 0x1000086
cpu MHz		: 3200.000
cache size	: 512 KB
physical id	: 0
siblings	: 4
core id		: 3
cpu cores	: 4
apicid		: 3
initial apicid	: 3
fpu		: yes
fpu_exception	: yes
cpuid level	: 5
wp		: yes
flags		: fpu vme de pse tsc msr pae mce cx8 apic sep mtrr pge mca cmov pat pse36 clflush mmx fxsr sse sse2 ht syscall nx mmxext fxsr_opt pdpe1gb rdtscp lm 3dnowext 3dnow constant_tsc rep_good nopl nonstop_tsc extd_apicid pni monitor cx16 popcnt lahf_lm cmp_legacy svm extapic cr8_legacy abm sse4a misalignsse 3dnowprefetch osvw ibs skinit wdt hw_pstate npt lbrv svm_lock nrip_save
bogomips	: 6399.96
TLB size	: 1024 4K pages
clflush size	: 64
cache_alignment	: 64
address sizes	: 48 bits physical, 48 bits virtual
power management: ts ttp tm stc 100mhzsteps hwpstate



Memory: 4k page, physical 4048044k(98504k free), swap 0k(0k free)

vm_info: Java HotSpot(TM) 64-Bit Server VM (25.45-b02) for linux-amd64 JRE (1.8.0_45-b14), built on Apr 10 2015 10:07:45 by "java_re" with gcc 4.3.0 20080428 (Red Hat 4.3.0-8)

time: Mon Jun 22 19:55:04 2015
elapsed time: 4 seconds (0d 0h 0m 4s)

