#
# There is insufficient memory for the Java Runtime Environment to continue.
# Native memory allocation (mmap) failed to map 87031808 bytes for committing reserved memory.
# Possible reasons:
#   The system is out of physical RAM or swap space
#   In 32 bit mode, the process size limit was hit
# Possible solutions:
#   Reduce memory load on the system
#   Increase physical memory or swap space
#   Check if swap backing store is full
#   Use 64 bit Java on a 64 bit OS
#   Decrease Java heap size (-Xmx/-Xms)
#   Decrease number of Java threads
#   Decrease Java thread stack sizes (-Xss)
#   Set larger code cache with -XX:ReservedCodeCacheSize=
# This output file may be truncated or incomplete.
#
#  Out of Memory Error (os_linux.cpp:2673), pid=8336, tid=140412121487104
#
# JRE version: Java(TM) SE Runtime Environment (8.0_45-b14) (build 1.8.0_45-b14)
# Java VM: Java HotSpot(TM) 64-Bit Server VM (25.45-b02 mixed mode linux-amd64 compressed oops)
# Failed to write core dump. Core dumps have been disabled. To enable core dumping, try "ulimit -c unlimited" before starting Java again
#

---------------  T H R E A D  ---------------

Current thread (0x00007fb450077800):  VMThread [stack: 0x00007fb43e8f9000,0x00007fb43e9fa000] [id=8345]

Stack: [0x00007fb43e8f9000,0x00007fb43e9fa000],  sp=0x00007fb43e9f80e0,  free space=1020k
Native frames: (J=compiled Java code, j=interpreted, Vv=VM code, C=native code)
V  [libjvm.so+0xaac99a]  VMError::report_and_die()+0x2ba
V  [libjvm.so+0x4f333b]  report_vm_out_of_memory(char const*, int, unsigned long, VMErrorType, char const*)+0x8b
V  [libjvm.so+0x90e7c3]  os::Linux::commit_memory_impl(char*, unsigned long, bool)+0x103
V  [libjvm.so+0x90ed19]  os::pd_commit_memory(char*, unsigned long, unsigned long, bool)+0x29
V  [libjvm.so+0x90867a]  os::commit_memory(char*, unsigned long, unsigned long, bool)+0x2a
V  [libjvm.so+0x97bac3]  PSVirtualSpace::expand_by(unsigned long)+0x53
V  [libjvm.so+0x97cec8]  PSYoungGen::resize_generation(unsigned long, unsigned long)+0xf8
V  [libjvm.so+0x97c022]  PSYoungGen::resize(unsigned long, unsigned long)+0x22
V  [libjvm.so+0x9792fb]  PSScavenge::invoke_no_policy()+0xf7b
V  [libjvm.so+0x979a81]  PSScavenge::invoke()+0x41
V  [libjvm.so+0x932050]  ParallelScavengeHeap::failed_mem_allocate(unsigned long)+0x70
V  [libjvm.so+0xaae1d7]  VM_ParallelGCFailedAllocation::doit()+0x97
V  [libjvm.so+0xab59c5]  VM_Operation::evaluate()+0x55
V  [libjvm.so+0xab3d9a]  VMThread::evaluate_operation(VM_Operation*)+0xba
V  [libjvm.so+0xab411e]  VMThread::loop()+0x1ce
V  [libjvm.so+0xab4590]  VMThread::run()+0x70
V  [libjvm.so+0x910de8]  java_start(Thread*)+0x108

VM_Operation (0x00007fb459120730): ParallelGCFailedAllocation, mode: safepoint, requested by thread 0x00007fb45000a000


---------------  P R O C E S S  ---------------

Java Threads: ( => current thread )
  0x00007fb4500c2000 JavaThread "Service Thread" daemon [_thread_blocked, id=8352, stack(0x00007fb43df29000,0x00007fb43e02a000)]
  0x00007fb4500bd000 JavaThread "C1 CompilerThread2" daemon [_thread_blocked, id=8351, stack(0x00007fb43e02a000,0x00007fb43e12b000)]
  0x00007fb4500bb800 JavaThread "C2 CompilerThread1" daemon [_thread_in_native, id=8350, stack(0x00007fb43e12b000,0x00007fb43e22c000)]
  0x00007fb4500b8800 JavaThread "C2 CompilerThread0" daemon [_thread_blocked, id=8349, stack(0x00007fb43e22c000,0x00007fb43e32d000)]
  0x00007fb4500b7000 JavaThread "Signal Dispatcher" daemon [_thread_blocked, id=8348, stack(0x00007fb43e32d000,0x00007fb43e42e000)]
  0x00007fb45007f000 JavaThread "Finalizer" daemon [_thread_blocked, id=8347, stack(0x00007fb43e6f7000,0x00007fb43e7f8000)]
  0x00007fb45007c800 JavaThread "Reference Handler" daemon [_thread_blocked, id=8346, stack(0x00007fb43e7f8000,0x00007fb43e8f9000)]
  0x00007fb45000a000 JavaThread "main" [_thread_blocked, id=8340, stack(0x00007fb459022000,0x00007fb459123000)]

Other Threads:
=>0x00007fb450077800 VMThread [stack: 0x00007fb43e8f9000,0x00007fb43e9fa000] [id=8345]
  0x00007fb4500c4800 WatcherThread [stack: 0x00007fb43de28000,0x00007fb43df29000] [id=8353]

VM state:at safepoint (normal execution)

VM Mutex/Monitor currently owned by a thread:  ([mutex/lock_event])
[0x00007fb450006350] Threads_lock - owner thread: 0x00007fb450077800
[0x00007fb450006850] Heap_lock - owner thread: 0x00007fb45000a000

Heap:
 PSYoungGen      total 66048K, used 2544K [0x00000000eab00000, 0x00000000eee00000, 0x0000000100000000)
  eden space 63488K, 0% used [0x00000000eab00000,0x00000000eab00000,0x00000000ee900000)
  from space 2560K, 99% used [0x00000000ee900000,0x00000000eeb7c028,0x00000000eeb80000)
  to   space 2560K, 0% used [0x00000000eeb80000,0x00000000eeb80000,0x00000000eee00000)
 ParOldGen       total 42496K, used 24589K [0x00000000c0000000, 0x00000000c2980000, 0x00000000eab00000)
  object space 42496K, 57% used [0x00000000c0000000,0x00000000c1803700,0x00000000c2980000)
 Metaspace       used 5923K, capacity 7152K, committed 7296K, reserved 1056768K
  class space    used 547K, capacity 616K, committed 640K, reserved 1048576K

Card table byte_map: [0x00007fb455c01000,0x00007fb455e02000] byte_map_base: 0x00007fb455601000

Marking Bits: (ParMarkBitMap*) 0x00007fb4584ff760
 Begin Bits: [0x00007fb43f000000, 0x00007fb440000000)
 End Bits:   [0x00007fb440000000, 0x00007fb441000000)

Polling page: 0x00007fb459146000

CodeCache: size=245760Kb used=7262Kb max_used=7262Kb free=238497Kb
 bounds [0x00007fb441000000, 0x00007fb441720000, 0x00007fb450000000]
 total_blobs=1978 nmethods=1715 adapters=178
 compilation: enabled

Compilation events (10 events):
Event: 5.343 Thread 0x00007fb4500bd000 1744       2       com.android.dx.cf.attrib.AttInnerClasses::byteLength (14 bytes)
Event: 5.344 Thread 0x00007fb4500bd000 nmethod 1744 0x00007fb441711d90 code [0x00007fb441711f00, 0x00007fb441712070]
Event: 5.357 Thread 0x00007fb4500bd000 1746       1       com.android.dx.cf.direct.DirectClassFile$DcfTypeList::isMutable (2 bytes)
Event: 5.357 Thread 0x00007fb4500bd000 nmethod 1746 0x00007fb4416f75d0 code [0x00007fb4416f7720, 0x00007fb4416f7830]
Event: 5.378 Thread 0x00007fb4500bd000 1747       2       com.android.dx.cf.direct.StdAttributeFactory::innerClasses (383 bytes)
Event: 5.382 Thread 0x00007fb4500bd000 nmethod 1747 0x00007fb441712150 code [0x00007fb441712780, 0x00007fb4417150c8]
Event: 5.387 Thread 0x00007fb4500bd000 1748   !   2       com.android.dx.cf.direct.DirectClassFile$DcfTypeList::<init> (137 bytes)
Event: 5.388 Thread 0x00007fb4500bd000 nmethod 1748 0x00007fb441719c50 code [0x00007fb441719f20, 0x00007fb44171ad58]
Event: 5.410 Thread 0x00007fb4500bd000 1749       2       com.android.dx.ssa.back.IdenticalBlockCombiner::replaceSucc (83 bytes)
Event: 5.411 Thread 0x00007fb4500bd000 nmethod 1749 0x00007fb44171c290 code [0x00007fb44171c440, 0x00007fb44171c778]

GC Heap History (9 events):
Event: 1.733 GC heap before
{Heap before GC invocations=1 (full 0):
 PSYoungGen      total 18432K, used 15872K [0x00000000eab00000, 0x00000000ebf80000, 0x0000000100000000)
  eden space 15872K, 100% used [0x00000000eab00000,0x00000000eba80000,0x00000000eba80000)
  from space 2560K, 0% used [0x00000000ebd00000,0x00000000ebd00000,0x00000000ebf80000)
  to   space 2560K, 0% used [0x00000000eba80000,0x00000000eba80000,0x00000000ebd00000)
 ParOldGen       total 42496K, used 0K [0x00000000c0000000, 0x00000000c2980000, 0x00000000eab00000)
  object space 42496K, 0% used [0x00000000c0000000,0x00000000c0000000,0x00000000c2980000)
 Metaspace       used 5532K, capacity 6768K, committed 7040K, reserved 1056768K
  class space    used 544K, capacity 616K, committed 640K, reserved 1048576K
Event: 1.759 GC heap after
Heap after GC invocations=1 (full 0):
 PSYoungGen      total 18432K, used 2551K [0x00000000eab00000, 0x00000000ecf00000, 0x0000000100000000)
  eden space 15872K, 0% used [0x00000000eab00000,0x00000000eab00000,0x00000000eba80000)
  from space 2560K, 99% used [0x00000000eba80000,0x00000000ebcfdc78,0x00000000ebd00000)
  to   space 2560K, 0% used [0x00000000ecc80000,0x00000000ecc80000,0x00000000ecf00000)
 ParOldGen       total 42496K, used 1863K [0x00000000c0000000, 0x00000000c2980000, 0x00000000eab00000)
  object space 42496K, 4% used [0x00000000c0000000,0x00000000c01d1fb8,0x00000000c2980000)
 Metaspace       used 5532K, capacity 6768K, committed 7040K, reserved 1056768K
  class space    used 544K, capacity 616K, committed 640K, reserved 1048576K
}
Event: 2.466 GC heap before
{Heap before GC invocations=2 (full 0):
 PSYoungGen      total 18432K, used 18423K [0x00000000eab00000, 0x00000000ecf00000, 0x0000000100000000)
  eden space 15872K, 100% used [0x00000000eab00000,0x00000000eba80000,0x00000000eba80000)
  from space 2560K, 99% used [0x00000000eba80000,0x00000000ebcfdc78,0x00000000ebd00000)
  to   space 2560K, 0% used [0x00000000ecc80000,0x00000000ecc80000,0x00000000ecf00000)
 ParOldGen       total 42496K, used 1863K [0x00000000c0000000, 0x00000000c2980000, 0x00000000eab00000)
  object space 42496K, 4% used [0x00000000c0000000,0x00000000c01d1fb8,0x00000000c2980000)
 Metaspace       used 5699K, capacity 6960K, committed 7040K, reserved 1056768K
  class space    used 544K, capacity 616K, committed 640K, reserved 1048576K
Event: 2.500 GC heap after
Heap after GC invocations=2 (full 0):
 PSYoungGen      total 34304K, used 2544K [0x00000000eab00000, 0x00000000ecf00000, 0x0000000100000000)
  eden space 31744K, 0% used [0x00000000eab00000,0x00000000eab00000,0x00000000eca00000)
  from space 2560K, 99% used [0x00000000ecc80000,0x00000000ecefc038,0x00000000ecf00000)
  to   space 2560K, 0% used [0x00000000eca00000,0x00000000eca00000,0x00000000ecc80000)
 ParOldGen       total 42496K, used 4417K [0x00000000c0000000, 0x00000000c2980000, 0x00000000eab00000)
  object space 42496K, 10% used [0x00000000c0000000,0x00000000c0450570,0x00000000c2980000)
 Metaspace       used 5699K, capacity 6960K, committed 7040K, reserved 1056768K
  class space    used 544K, capacity 616K, committed 640K, reserved 1048576K
}
Event: 3.339 GC heap before
{Heap before GC invocations=3 (full 0):
 PSYoungGen      total 34304K, used 34288K [0x00000000eab00000, 0x00000000ecf00000, 0x0000000100000000)
  eden space 31744K, 100% used [0x00000000eab00000,0x00000000eca00000,0x00000000eca00000)
  from space 2560K, 99% used [0x00000000ecc80000,0x00000000ecefc038,0x00000000ecf00000)
  to   space 2560K, 0% used [0x00000000eca00000,0x00000000eca00000,0x00000000ecc80000)
 ParOldGen       total 42496K, used 4417K [0x00000000c0000000, 0x00000000c2980000, 0x00000000eab00000)
  object space 42496K, 10% used [0x00000000c0000000,0x00000000c0450570,0x00000000c2980000)
 Metaspace       used 5818K, capacity 7024K, committed 7296K, reserved 1056768K
  class space    used 546K, capacity 616K, committed 640K, reserved 1048576K
Event: 3.377 GC heap after
Heap after GC invocations=3 (full 0):
 PSYoungGen      total 34304K, used 2544K [0x00000000eab00000, 0x00000000eee00000, 0x0000000100000000)
  eden space 31744K, 0% used [0x00000000eab00000,0x00000000eab00000,0x00000000eca00000)
  from space 2560K, 99% used [0x00000000eca00000,0x00000000ecc7c028,0x00000000ecc80000)
  to   space 2560K, 0% used [0x00000000eeb80000,0x00000000eeb80000,0x00000000eee00000)
 ParOldGen       total 42496K, used 9322K [0x00000000c0000000, 0x00000000c2980000, 0x00000000eab00000)
  object space 42496K, 21% used [0x00000000c0000000,0x00000000c091a960,0x00000000c2980000)
 Metaspace       used 5818K, capacity 7024K, committed 7296K, reserved 1056768K
  class space    used 546K, capacity 616K, committed 640K, reserved 1048576K
}
Event: 4.098 GC heap before
{Heap before GC invocations=4 (full 0):
 PSYoungGen      total 34304K, used 34288K [0x00000000eab00000, 0x00000000eee00000, 0x0000000100000000)
  eden space 31744K, 100% used [0x00000000eab00000,0x00000000eca00000,0x00000000eca00000)
  from space 2560K, 99% used [0x00000000eca00000,0x00000000ecc7c028,0x00000000ecc80000)
  to   space 2560K, 0% used [0x00000000eeb80000,0x00000000eeb80000,0x00000000eee00000)
 ParOldGen       total 42496K, used 9322K [0x00000000c0000000, 0x00000000c2980000, 0x00000000eab00000)
  object space 42496K, 21% used [0x00000000c0000000,0x00000000c091a960,0x00000000c2980000)
 Metaspace       used 5863K, capacity 7088K, committed 7296K, reserved 1056768K
  class space    used 547K, capacity 616K, committed 640K, reserved 1048576K
Event: 4.135 GC heap after
Heap after GC invocations=4 (full 0):
 PSYoungGen      total 66048K, used 2544K [0x00000000eab00000, 0x00000000eee00000, 0x0000000100000000)
  eden space 63488K, 0% used [0x00000000eab00000,0x00000000eab00000,0x00000000ee900000)
  from space 2560K, 99% used [0x00000000eeb80000,0x00000000eedfc028,0x00000000eee00000)
  to   space 2560K, 0% used [0x00000000ee900000,0x00000000ee900000,0x00000000eeb80000)
 ParOldGen       total 42496K, used 14148K [0x00000000c0000000, 0x00000000c2980000, 0x00000000eab00000)
  object space 42496K, 33% used [0x00000000c0000000,0x00000000c0dd1108,0x00000000c2980000)
 Metaspace       used 5863K, capacity 7088K, committed 7296K, reserved 1056768K
  class space    used 547K, capacity 616K, committed 640K, reserved 1048576K
}
Event: 5.457 GC heap before
{Heap before GC invocations=5 (full 0):
 PSYoungGen      total 66048K, used 66032K [0x00000000eab00000, 0x00000000eee00000, 0x0000000100000000)
  eden space 63488K, 100% used [0x00000000eab00000,0x00000000ee900000,0x00000000ee900000)
  from space 2560K, 99% used [0x00000000eeb80000,0x00000000eedfc028,0x00000000eee00000)
  to   space 2560K, 0% used [0x00000000ee900000,0x00000000ee900000,0x00000000eeb80000)
 ParOldGen       total 42496K, used 14148K [0x00000000c0000000, 0x00000000c2980000, 0x00000000eab00000)
  object space 42496K, 33% used [0x00000000c0000000,0x00000000c0dd1108,0x00000000c2980000)
 Metaspace       used 5923K, capacity 7152K, committed 7296K, reserved 1056768K
  class space    used 547K, capacity 616K, committed 640K, reserved 1048576K

Deoptimization events (10 events):
Event: 2.839 Thread 0x00007fb45000a000 Uncommon trap: reason=bimorphic action=maybe_recompile pc=0x00007fb44137d958 method=java.util.HashMap.getNode(ILjava/lang/Object;)Ljava/util/HashMap$Node; @ 126
Event: 2.911 Thread 0x00007fb45000a000 Uncommon trap: reason=unstable_if action=reinterpret pc=0x00007fb44151052c method=com.android.dx.util.LabeledList.set(ILcom/android/dx/util/LabeledItem;)V @ 16
Event: 2.911 Thread 0x00007fb45000a000 Uncommon trap: reason=unstable_if action=reinterpret pc=0x00007fb4414b5044 method=com.android.dx.util.LabeledList.set(ILcom/android/dx/util/LabeledItem;)V @ 16
Event: 3.088 Thread 0x00007fb45000a000 Uncommon trap: reason=class_check action=maybe_recompile pc=0x00007fb44151f89c method=java.util.HashMap.putVal(ILjava/lang/Object;Ljava/lang/Object;ZZ)Ljava/lang/Object; @ 203
Event: 3.118 Thread 0x00007fb45000a000 Uncommon trap: reason=class_check action=maybe_recompile pc=0x00007fb44151f89c method=java.util.HashMap.putVal(ILjava/lang/Object;Ljava/lang/Object;ZZ)Ljava/lang/Object; @ 203
Event: 3.149 Thread 0x00007fb45000a000 Uncommon trap: reason=unstable_if action=reinterpret pc=0x00007fb4415e4b08 method=com.android.dx.cf.code.ByteCatchList.listFor(I)Lcom/android/dx/cf/code/ByteCatchList; @ 19
Event: 3.393 Thread 0x00007fb45000a000 Uncommon trap: reason=class_check action=maybe_recompile pc=0x00007fb44151f89c method=java.util.HashMap.putVal(ILjava/lang/Object;Ljava/lang/Object;ZZ)Ljava/lang/Object; @ 203
Event: 3.395 Thread 0x00007fb45000a000 Uncommon trap: reason=unstable_if action=reinterpret pc=0x00007fb4415da924 method=com.android.dx.ssa.SCCP.simulateStmt(Lcom/android/dx/ssa/SsaInsn;)V @ 53
Event: 3.711 Thread 0x00007fb45000a000 Uncommon trap: reason=unstable_if action=reinterpret pc=0x00007fb44144c6bc method=com.android.dx.ssa.SsaMethod.updateOneDefinition(Lcom/android/dx/ssa/SsaInsn;Lcom/android/dx/rop/code/RegisterSpec;)V @ 4
Event: 5.009 Thread 0x00007fb45000a000 Uncommon trap: reason=unstable_if action=reinterpret pc=0x00007fb4416cae48 method=com.android.dx.ssa.LiteralOpUpgrader$1.visitNonMoveInsn(Lcom/android/dx/ssa/NormalSsaInsn;)V @ 151

Internal exceptions (2 events):
Event: 0.115 Thread 0x00007fb45000a000 Exception <a 'java/lang/NoSuchMethodError': Method sun.misc.Unsafe.defineClass(Ljava/lang/String;[BII)Ljava/lang/Class; name or signature does not match> (0x00000000eab12a38) thrown at [/RE-WORK/workspace/8-2-build-linux-amd64/jdk8u45/3457/hotspot/src/sha
Event: 0.115 Thread 0x00007fb45000a000 Exception <a 'java/lang/NoSuchMethodError': Method sun.misc.Unsafe.prefetchRead(Ljava/lang/Object;J)V name or signature does not match> (0x00000000eab12cc8) thrown at [/RE-WORK/workspace/8-2-build-linux-amd64/jdk8u45/3457/hotspot/src/share/vm/prims/jni.cp

Events (10 events):
Event: 4.059 Thread 0x00007fb45000a000 DEOPT PACKING pc=0x00007fb441651d21 sp=0x00007fb4591210e0
Event: 4.059 Thread 0x00007fb45000a000 DEOPT UNPACKING pc=0x00007fb441047233 sp=0x00007fb459120ef8 mode 0
Event: 4.098 Executing VM operation: ParallelGCFailedAllocation
Event: 4.135 Executing VM operation: ParallelGCFailedAllocation done
Event: 4.261 Executing VM operation: EnableBiasedLocking
Event: 4.274 Executing VM operation: EnableBiasedLocking done
Event: 5.009 Thread 0x00007fb45000a000 Uncommon trap: trap_request=0xffffff65 fr.pc=0x00007fb4416cae48
Event: 5.009 Thread 0x00007fb45000a000 DEOPT PACKING pc=0x00007fb4416cae48 sp=0x00007fb459120bc0
Event: 5.009 Thread 0x00007fb45000a000 DEOPT UNPACKING pc=0x00007fb441005229 sp=0x00007fb459120bc0 mode 2
Event: 5.457 Executing VM operation: ParallelGCFailedAllocation


Dynamic libraries:
00400000-00401000 r-xp 00000000 08:03 1572315                            /opt/java/jdk1.8.0_45/bin/java
00600000-00601000 rw-p 00000000 08:03 1572315                            /opt/java/jdk1.8.0_45/bin/java
01c91000-01cb2000 rw-p 00000000 00:00 0                                  [heap]
c0000000-c2980000 rw-p 00000000 00:00 0 
c2980000-eab00000 ---p 00000000 00:00 0 
eab00000-eee00000 rw-p 00000000 00:00 0 
f4100000-100000000 ---p 00000000 00:00 0 
100000000-1000a0000 rw-p 00000000 00:00 0 
1000a0000-140000000 ---p 00000000 00:00 0 
7fb408000000-7fb408021000 rw-p 00000000 00:00 0 
7fb408021000-7fb40c000000 ---p 00000000 00:00 0 
7fb40c000000-7fb40c021000 rw-p 00000000 00:00 0 
7fb40c021000-7fb410000000 ---p 00000000 00:00 0 
7fb410000000-7fb4112bb000 rw-p 00000000 00:00 0 
7fb4112bb000-7fb414000000 ---p 00000000 00:00 0 
7fb414000000-7fb414b24000 rw-p 00000000 00:00 0 
7fb414b24000-7fb418000000 ---p 00000000 00:00 0 
7fb418000000-7fb418021000 rw-p 00000000 00:00 0 
7fb418021000-7fb41c000000 ---p 00000000 00:00 0 
7fb41c000000-7fb41c920000 rw-p 00000000 00:00 0 
7fb41c920000-7fb420000000 ---p 00000000 00:00 0 
7fb420000000-7fb420021000 rw-p 00000000 00:00 0 
7fb420021000-7fb424000000 ---p 00000000 00:00 0 
7fb424000000-7fb424021000 rw-p 00000000 00:00 0 
7fb424021000-7fb428000000 ---p 00000000 00:00 0 
7fb428000000-7fb428021000 rw-p 00000000 00:00 0 
7fb428021000-7fb42c000000 ---p 00000000 00:00 0 
7fb42c000000-7fb42c292000 rw-p 00000000 00:00 0 
7fb42c292000-7fb430000000 ---p 00000000 00:00 0 
7fb430000000-7fb430021000 rw-p 00000000 00:00 0 
7fb430021000-7fb434000000 ---p 00000000 00:00 0 
7fb434000000-7fb434021000 rw-p 00000000 00:00 0 
7fb434021000-7fb438000000 ---p 00000000 00:00 0 
7fb438000000-7fb438021000 rw-p 00000000 00:00 0 
7fb438021000-7fb43c000000 ---p 00000000 00:00 0 
7fb43de28000-7fb43de29000 ---p 00000000 00:00 0 
7fb43de29000-7fb43df29000 rw-p 00000000 00:00 0                          [stack:8353]
7fb43df29000-7fb43df2c000 ---p 00000000 00:00 0 
7fb43df2c000-7fb43e02a000 rw-p 00000000 00:00 0                          [stack:8352]
7fb43e02a000-7fb43e02d000 ---p 00000000 00:00 0 
7fb43e02d000-7fb43e12b000 rw-p 00000000 00:00 0                          [stack:8351]
7fb43e12b000-7fb43e12e000 ---p 00000000 00:00 0 
7fb43e12e000-7fb43e22c000 rw-p 00000000 00:00 0                          [stack:8350]
7fb43e22c000-7fb43e22f000 ---p 00000000 00:00 0 
7fb43e22f000-7fb43e32d000 rw-p 00000000 00:00 0                          [stack:8349]
7fb43e32d000-7fb43e330000 ---p 00000000 00:00 0 
7fb43e330000-7fb43e42e000 rw-p 00000000 00:00 0                          [stack:8348]
7fb43e42e000-7fb43e6f7000 r--p 00000000 08:03 266989                     /usr/lib/locale/locale-archive
7fb43e6f7000-7fb43e6fa000 ---p 00000000 00:00 0 
7fb43e6fa000-7fb43e7f8000 rw-p 00000000 00:00 0                          [stack:8347]
7fb43e7f8000-7fb43e7fb000 ---p 00000000 00:00 0 
7fb43e7fb000-7fb43e8f9000 rw-p 00000000 00:00 0                          [stack:8346]
7fb43e8f9000-7fb43e8fa000 ---p 00000000 00:00 0 
7fb43e8fa000-7fb441000000 rw-p 00000000 00:00 0                          [stack:8345]
7fb441000000-7fb441720000 rwxp 00000000 00:00 0 
7fb441720000-7fb450000000 ---p 00000000 00:00 0 
7fb450000000-7fb450390000 rw-p 00000000 00:00 0 
7fb450390000-7fb454000000 ---p 00000000 00:00 0 
7fb454092000-7fb45409b000 r--s 00050000 00:19 11273379                   /home/mike/AndroidStudioProjects/Wordist/app/build/intermediates/exploded-aar/com.google.android.gms/play-services-fitness/7.5.0/jars/classes.jar
7fb45409b000-7fb4540aa000 r--s 000dd000 00:19 9438599                    /home/mike/Android/Sdk/build-tools/22.0.1/lib/dx.jar
7fb4540aa000-7fb454a58000 rw-p 00000000 00:00 0 
7fb454a58000-7fb454c31000 r--s 03d09000 08:03 1573810                    /opt/java/jdk1.8.0_45/jre/lib/rt.jar
7fb454c31000-7fb455327000 rw-p 00000000 00:00 0 
7fb455327000-7fb4554a7000 ---p 00000000 00:00 0 
7fb4554a7000-7fb4556a7000 rw-p 00000000 00:00 0 
7fb4556a7000-7fb4556a8000 ---p 00000000 00:00 0 
7fb4556a8000-7fb4557a8000 rw-p 00000000 00:00 0                          [stack:8344]
7fb4557a8000-7fb4557a9000 ---p 00000000 00:00 0 
7fb4557a9000-7fb4558a9000 rw-p 00000000 00:00 0                          [stack:8343]
7fb4558a9000-7fb4558aa000 ---p 00000000 00:00 0 
7fb4558aa000-7fb4559aa000 rw-p 00000000 00:00 0                          [stack:8342]
7fb4559aa000-7fb4559ab000 ---p 00000000 00:00 0 
7fb4559ab000-7fb455ac0000 rw-p 00000000 00:00 0                          [stack:8341]
7fb455ac0000-7fb455c01000 ---p 00000000 00:00 0 
7fb455c01000-7fb455c16000 rw-p 00000000 00:00 0 
7fb455c16000-7fb455d56000 ---p 00000000 00:00 0 
7fb455d56000-7fb455d78000 rw-p 00000000 00:00 0 
7fb455d78000-7fb455e01000 ---p 00000000 00:00 0 
7fb455e01000-7fb455e1f000 rw-p 00000000 00:00 0 
7fb455e1f000-7fb4561c2000 ---p 00000000 00:00 0 
7fb4561c2000-7fb4561dc000 r-xp 00000000 08:03 1574049                    /opt/java/jdk1.8.0_45/jre/lib/amd64/libzip.so
7fb4561dc000-7fb4563dc000 ---p 0001a000 08:03 1574049                    /opt/java/jdk1.8.0_45/jre/lib/amd64/libzip.so
7fb4563dc000-7fb4563dd000 rw-p 0001a000 08:03 1574049                    /opt/java/jdk1.8.0_45/jre/lib/amd64/libzip.so
7fb4563dd000-7fb4563e8000 r-xp 00000000 08:03 131807                     /lib/x86_64-linux-gnu/libnss_files-2.19.so
7fb4563e8000-7fb4565e7000 ---p 0000b000 08:03 131807                     /lib/x86_64-linux-gnu/libnss_files-2.19.so
7fb4565e7000-7fb4565e8000 r--p 0000a000 08:03 131807                     /lib/x86_64-linux-gnu/libnss_files-2.19.so
7fb4565e8000-7fb4565e9000 rw-p 0000b000 08:03 131807                     /lib/x86_64-linux-gnu/libnss_files-2.19.so
7fb4565e9000-7fb4565f4000 r-xp 00000000 08:03 131871                     /lib/x86_64-linux-gnu/libnss_nis-2.19.so
7fb4565f4000-7fb4567f3000 ---p 0000b000 08:03 131871                     /lib/x86_64-linux-gnu/libnss_nis-2.19.so
7fb4567f3000-7fb4567f4000 r--p 0000a000 08:03 131871                     /lib/x86_64-linux-gnu/libnss_nis-2.19.so
7fb4567f4000-7fb4567f5000 rw-p 0000b000 08:03 131871                     /lib/x86_64-linux-gnu/libnss_nis-2.19.so
7fb4567f5000-7fb45680c000 r-xp 00000000 08:03 131829                     /lib/x86_64-linux-gnu/libnsl-2.19.so
7fb45680c000-7fb456a0b000 ---p 00017000 08:03 131829                     /lib/x86_64-linux-gnu/libnsl-2.19.so
7fb456a0b000-7fb456a0c000 r--p 00016000 08:03 131829                     /lib/x86_64-linux-gnu/libnsl-2.19.so
7fb456a0c000-7fb456a0d000 rw-p 00017000 08:03 131829                     /lib/x86_64-linux-gnu/libnsl-2.19.so
7fb456a0d000-7fb456a0f000 rw-p 00000000 00:00 0 
7fb456a0f000-7fb456a18000 r-xp 00000000 08:03 131828                     /lib/x86_64-linux-gnu/libnss_compat-2.19.so
7fb456a18000-7fb456c17000 ---p 00009000 08:03 131828                     /lib/x86_64-linux-gnu/libnss_compat-2.19.so
7fb456c17000-7fb456c18000 r--p 00008000 08:03 131828                     /lib/x86_64-linux-gnu/libnss_compat-2.19.so
7fb456c18000-7fb456c19000 rw-p 00009000 08:03 131828                     /lib/x86_64-linux-gnu/libnss_compat-2.19.so
7fb456c19000-7fb456c43000 r-xp 00000000 08:03 1574040                    /opt/java/jdk1.8.0_45/jre/lib/amd64/libjava.so
7fb456c43000-7fb456e43000 ---p 0002a000 08:03 1574040                    /opt/java/jdk1.8.0_45/jre/lib/amd64/libjava.so
7fb456e43000-7fb456e45000 rw-p 0002a000 08:03 1574040                    /opt/java/jdk1.8.0_45/jre/lib/amd64/libjava.so
7fb456e45000-7fb456e52000 r-xp 00000000 08:03 1574047                    /opt/java/jdk1.8.0_45/jre/lib/amd64/libverify.so
7fb456e52000-7fb457052000 ---p 0000d000 08:03 1574047                    /opt/java/jdk1.8.0_45/jre/lib/amd64/libverify.so
7fb457052000-7fb457054000 rw-p 0000d000 08:03 1574047                    /opt/java/jdk1.8.0_45/jre/lib/amd64/libverify.so
7fb457054000-7fb45705b000 r-xp 00000000 08:03 131868                     /lib/x86_64-linux-gnu/librt-2.19.so
7fb45705b000-7fb45725a000 ---p 00007000 08:03 131868                     /lib/x86_64-linux-gnu/librt-2.19.so
7fb45725a000-7fb45725b000 r--p 00006000 08:03 131868                     /lib/x86_64-linux-gnu/librt-2.19.so
7fb45725b000-7fb45725c000 rw-p 00007000 08:03 131868                     /lib/x86_64-linux-gnu/librt-2.19.so
7fb45725c000-7fb457361000 r-xp 00000000 08:03 131806                     /lib/x86_64-linux-gnu/libm-2.19.so
7fb457361000-7fb457560000 ---p 00105000 08:03 131806                     /lib/x86_64-linux-gnu/libm-2.19.so
7fb457560000-7fb457561000 r--p 00104000 08:03 131806                     /lib/x86_64-linux-gnu/libm-2.19.so
7fb457561000-7fb457562000 rw-p 00105000 08:03 131806                     /lib/x86_64-linux-gnu/libm-2.19.so
7fb457562000-7fb458210000 r-xp 00000000 08:03 1574060                    /opt/java/jdk1.8.0_45/jre/lib/amd64/server/libjvm.so
7fb458210000-7fb45840f000 ---p 00cae000 08:03 1574060                    /opt/java/jdk1.8.0_45/jre/lib/amd64/server/libjvm.so
7fb45840f000-7fb4584e6000 rw-p 00cad000 08:03 1574060                    /opt/java/jdk1.8.0_45/jre/lib/amd64/server/libjvm.so
7fb4584e6000-7fb45852a000 rw-p 00000000 00:00 0 
7fb45852a000-7fb4586e5000 r-xp 00000000 08:03 131857                     /lib/x86_64-linux-gnu/libc-2.19.so
7fb4586e5000-7fb4588e4000 ---p 001bb000 08:03 131857                     /lib/x86_64-linux-gnu/libc-2.19.so
7fb4588e4000-7fb4588e8000 r--p 001ba000 08:03 131857                     /lib/x86_64-linux-gnu/libc-2.19.so
7fb4588e8000-7fb4588ea000 rw-p 001be000 08:03 131857                     /lib/x86_64-linux-gnu/libc-2.19.so
7fb4588ea000-7fb4588ef000 rw-p 00000000 00:00 0 
7fb4588ef000-7fb4588f2000 r-xp 00000000 08:03 131810                     /lib/x86_64-linux-gnu/libdl-2.19.so
7fb4588f2000-7fb458af1000 ---p 00003000 08:03 131810                     /lib/x86_64-linux-gnu/libdl-2.19.so
7fb458af1000-7fb458af2000 r--p 00002000 08:03 131810                     /lib/x86_64-linux-gnu/libdl-2.19.so
7fb458af2000-7fb458af3000 rw-p 00003000 08:03 131810                     /lib/x86_64-linux-gnu/libdl-2.19.so
7fb458af3000-7fb458b08000 r-xp 00000000 08:03 1573749                    /opt/java/jdk1.8.0_45/lib/amd64/jli/libjli.so
7fb458b08000-7fb458d08000 ---p 00015000 08:03 1573749                    /opt/java/jdk1.8.0_45/lib/amd64/jli/libjli.so
7fb458d08000-7fb458d09000 rw-p 00015000 08:03 1573749                    /opt/java/jdk1.8.0_45/lib/amd64/jli/libjli.so
7fb458d09000-7fb458d22000 r-xp 00000000 08:03 131858                     /lib/x86_64-linux-gnu/libpthread-2.19.so
7fb458d22000-7fb458f21000 ---p 00019000 08:03 131858                     /lib/x86_64-linux-gnu/libpthread-2.19.so
7fb458f21000-7fb458f22000 r--p 00018000 08:03 131858                     /lib/x86_64-linux-gnu/libpthread-2.19.so
7fb458f22000-7fb458f23000 rw-p 00019000 08:03 131858                     /lib/x86_64-linux-gnu/libpthread-2.19.so
7fb458f23000-7fb458f27000 rw-p 00000000 00:00 0 
7fb458f27000-7fb458f4a000 r-xp 00000000 08:03 131833                     /lib/x86_64-linux-gnu/ld-2.19.so
7fb458f50000-7fb459022000 rw-p 00000000 00:00 0 
7fb459022000-7fb459025000 ---p 00000000 00:00 0 
7fb459025000-7fb459128000 rw-p 00000000 00:00 0                          [stack:8340]
7fb459128000-7fb459129000 r--p 00000000 08:03 672594                     /usr/share/locale-langpack/en_GB/LC_MESSAGES/libc.mo
7fb459129000-7fb45913d000 rw-p 00000000 00:00 0 
7fb45913d000-7fb459145000 rw-s 00000000 08:03 1574183                    /tmp/hsperfdata_mike/8336
7fb459145000-7fb459146000 rw-p 00000000 00:00 0 
7fb459146000-7fb459147000 ---p 00000000 00:00 0 
7fb459147000-7fb459149000 rw-p 00000000 00:00 0 
7fb459149000-7fb45914a000 r--p 00022000 08:03 131833                     /lib/x86_64-linux-gnu/ld-2.19.so
7fb45914a000-7fb45914b000 rw-p 00023000 08:03 131833                     /lib/x86_64-linux-gnu/ld-2.19.so
7fb45914b000-7fb45914c000 rw-p 00000000 00:00 0 
7fff2ce61000-7fff2ce82000 rw-p 00000000 00:00 0                          [stack]
7fff2ced6000-7fff2ced8000 r-xp 00000000 00:00 0                          [vdso]
ffffffffff600000-ffffffffff601000 r-xp 00000000 00:00 0                  [vsyscall]

VM Arguments:
jvm_args: -Xmx1024M -Dfile.encoding=UTF-8 -Duser.country=GB -Duser.language=en -Duser.variant 
java_command: com.android.dx.command.Main --dex --output /home/mike/AndroidStudioProjects/Wordist/app/build/intermediates/pre-dexed/release/classes-a01fc196e9b5e27c345b9085d733979499f74bac.jar /home/mike/AndroidStudioProjects/Wordist/app/build/intermediates/exploded-aar/com.google.android.gms/play-services-fitness/7.5.0/jars/classes.jar
java_class_path (initial): /home/mike/Android/Sdk/build-tools/22.0.1/lib/dx.jar
Launcher Type: SUN_STANDARD

Environment Variables:
PATH=/usr/local/sbin:/usr/local/bin:/usr/sbin:/usr/bin:/sbin:/bin:/usr/games:/usr/local/games
USERNAME=mike
LD_LIBRARY_PATH=/opt/android-studio/bin:
SHELL=/bin/bash
DISPLAY=:0

Signal Handlers:
SIGSEGV: [libjvm.so+0xaad1e0], sa_mask[0]=11111111011111111101111111111110, sa_flags=SA_RESTART|SA_SIGINFO
SIGBUS: [libjvm.so+0xaad1e0], sa_mask[0]=11111111011111111101111111111110, sa_flags=SA_RESTART|SA_SIGINFO
SIGFPE: [libjvm.so+0x90b450], sa_mask[0]=11111111011111111101111111111110, sa_flags=SA_RESTART|SA_SIGINFO
SIGPIPE: [libjvm.so+0x90b450], sa_mask[0]=11111111011111111101111111111110, sa_flags=SA_RESTART|SA_SIGINFO
SIGXFSZ: [libjvm.so+0x90b450], sa_mask[0]=11111111011111111101111111111110, sa_flags=SA_RESTART|SA_SIGINFO
SIGILL: [libjvm.so+0x90b450], sa_mask[0]=11111111011111111101111111111110, sa_flags=SA_RESTART|SA_SIGINFO
SIGUSR1: SIG_DFL, sa_mask[0]=00000000000000000000000000000000, sa_flags=none
SIGUSR2: [libjvm.so+0x90ca90], sa_mask[0]=00100000000000000000000000000000, sa_flags=SA_RESTART|SA_SIGINFO
SIGHUP: [libjvm.so+0x90dde0], sa_mask[0]=11111111011111111101111111111110, sa_flags=SA_RESTART|SA_SIGINFO
SIGINT: [libjvm.so+0x90dde0], sa_mask[0]=11111111011111111101111111111110, sa_flags=SA_RESTART|SA_SIGINFO
SIGTERM: [libjvm.so+0x90dde0], sa_mask[0]=11111111011111111101111111111110, sa_flags=SA_RESTART|SA_SIGINFO
SIGQUIT: [libjvm.so+0x90dde0], sa_mask[0]=11111111011111111101111111111110, sa_flags=SA_RESTART|SA_SIGINFO


---------------  S Y S T E M  ---------------

OS:DISTRIB_ID=LinuxMint
DISTRIB_RELEASE=17.2
DISTRIB_CODENAME=rafaela
DISTRIB_DESCRIPTION="Linux Mint 17.2 Rafaela"

uname:Linux 3.13.0-37-generic #64-Ubuntu SMP Mon Sep 22 21:28:38 UTC 2014 x86_64
libc:glibc 2.19 NPTL 2.19 
rlimit: STACK 8192k, CORE 0k, NPROC 30882, NOFILE 4096, AS infinity
load average:8.28 4.16 2.38

/proc/meminfo:
MemTotal:        4048044 kB
MemFree:           86972 kB
Buffers:             680 kB
Cached:            57156 kB
SwapCached:            0 kB
Active:          3162780 kB
Inactive:          38852 kB
Active(anon):    3144612 kB
Inactive(anon):    21240 kB
Active(file):      18168 kB
Inactive(file):    17612 kB
Unevictable:          72 kB
Mlocked:              72 kB
SwapTotal:             0 kB
SwapFree:              0 kB
Dirty:                 0 kB
Writeback:          1412 kB
AnonPages:       3143756 kB
Mapped:           518240 kB
Shmem:             22336 kB
Slab:              69276 kB
SReclaimable:      24568 kB
SUnreclaim:        44708 kB
KernelStack:        4032 kB
PageTables:        25472 kB
NFS_Unstable:          0 kB
Bounce:                0 kB
WritebackTmp:          0 kB
CommitLimit:     2024020 kB
Committed_AS:    4393444 kB
VmallocTotal:   34359738367 kB
VmallocUsed:      305648 kB
VmallocChunk:   34359427560 kB
HardwareCorrupted:     0 kB
AnonHugePages:   1914880 kB
HugePages_Total:       0
HugePages_Free:        0
HugePages_Rsvd:        0
HugePages_Surp:        0
Hugepagesize:       2048 kB
DirectMap4k:      161344 kB
DirectMap2M:     2983936 kB
DirectMap1G:     1048576 kB


CPU:total 4 (4 cores per cpu, 1 threads per core) family 16 model 4 stepping 2, cmov, cx8, fxsr, mmx, sse, sse2, sse3, popcnt, mmxext, 3dnowpref, lzcnt, sse4a, tsc, tscinvbit, tscinv

/proc/cpuinfo:
processor	: 0
vendor_id	: AuthenticAMD
cpu family	: 16
model		: 4
model name	: AMD Phenom(tm) II X4 955 Processor
stepping	: 2
microcode	: 0x1000086
cpu MHz		: 3200.000
cache size	: 512 KB
physical id	: 0
siblings	: 4
core id		: 0
cpu cores	: 4
apicid		: 0
initial apicid	: 0
fpu		: yes
fpu_exception	: yes
cpuid level	: 5
wp		: yes
flags		: fpu vme de pse tsc msr pae mce cx8 apic sep mtrr pge mca cmov pat pse36 clflush mmx fxsr sse sse2 ht syscall nx mmxext fxsr_opt pdpe1gb rdtscp lm 3dnowext 3dnow constant_tsc rep_good nopl nonstop_tsc extd_apicid pni monitor cx16 popcnt lahf_lm cmp_legacy svm extapic cr8_legacy abm sse4a misalignsse 3dnowprefetch osvw ibs skinit wdt hw_pstate npt lbrv svm_lock nrip_save
bogomips	: 6399.94
TLB size	: 1024 4K pages
clflush size	: 64
cache_alignment	: 64
address sizes	: 48 bits physical, 48 bits virtual
power management: ts ttp tm stc 100mhzsteps hwpstate

processor	: 1
vendor_id	: AuthenticAMD
cpu family	: 16
model		: 4
model name	: AMD Phenom(tm) II X4 955 Processor
stepping	: 2
microcode	: 0x1000086
cpu MHz		: 3200.000
cache size	: 512 KB
physical id	: 0
siblings	: 4
core id		: 1
cpu cores	: 4
apicid		: 1
initial apicid	: 1
fpu		: yes
fpu_exception	: yes
cpuid level	: 5
wp		: yes
flags		: fpu vme de pse tsc msr pae mce cx8 apic sep mtrr pge mca cmov pat pse36 clflush mmx fxsr sse sse2 ht syscall nx mmxext fxsr_opt pdpe1gb rdtscp lm 3dnowext 3dnow constant_tsc rep_good nopl nonstop_tsc extd_apicid pni monitor cx16 popcnt lahf_lm cmp_legacy svm extapic cr8_legacy abm sse4a misalignsse 3dnowprefetch osvw ibs skinit wdt hw_pstate npt lbrv svm_lock nrip_save
bogomips	: 6399.94
TLB size	: 1024 4K pages
clflush size	: 64
cache_alignment	: 64
address sizes	: 48 bits physical, 48 bits virtual
power management: ts ttp tm stc 100mhzsteps hwpstate

processor	: 2
vendor_id	: AuthenticAMD
cpu family	: 16
model		: 4
model name	: AMD Phenom(tm) II X4 955 Processor
stepping	: 2
microcode	: 0x1000086
cpu MHz		: 3200.000
cache size	: 512 KB
physical id	: 0
siblings	: 4
core id		: 2
cpu cores	: 4
apicid		: 2
initial apicid	: 2
fpu		: yes
fpu_exception	: yes
cpuid level	: 5
wp		: yes
flags		: fpu vme de pse tsc msr pae mce cx8 apic sep mtrr pge mca cmov pat pse36 clflush mmx fxsr sse sse2 ht syscall nx mmxext fxsr_opt pdpe1gb rdtscp lm 3dnowext 3dnow constant_tsc rep_good nopl nonstop_tsc extd_apicid pni monitor cx16 popcnt lahf_lm cmp_legacy svm extapic cr8_legacy abm sse4a misalignsse 3dnowprefetch osvw ibs skinit wdt hw_pstate npt lbrv svm_lock nrip_save
bogomips	: 6399.94
TLB size	: 1024 4K pages
clflush size	: 64
cache_alignment	: 64
address sizes	: 48 bits physical, 48 bits virtual
power management: ts ttp tm stc 100mhzsteps hwpstate

processor	: 3
vendor_id	: AuthenticAMD
cpu family	: 16
model		: 4
model name	: AMD Phenom(tm) II X4 955 Processor
stepping	: 2
microcode	: 0x1000086
cpu MHz		: 3200.000
cache size	: 512 KB
physical id	: 0
siblings	: 4
core id		: 3
cpu cores	: 4
apicid		: 3
initial apicid	: 3
fpu		: yes
fpu_exception	: yes
cpuid level	: 5
wp		: yes
flags		: fpu vme de pse tsc msr pae mce cx8 apic sep mtrr pge mca cmov pat pse36 clflush mmx fxsr sse sse2 ht syscall nx mmxext fxsr_opt pdpe1gb rdtscp lm 3dnowext 3dnow constant_tsc rep_good nopl nonstop_tsc extd_apicid pni monitor cx16 popcnt lahf_lm cmp_legacy svm extapic cr8_legacy abm sse4a misalignsse 3dnowprefetch osvw ibs skinit wdt hw_pstate npt lbrv svm_lock nrip_save
bogomips	: 6399.94
TLB size	: 1024 4K pages
clflush size	: 64
cache_alignment	: 64
address sizes	: 48 bits physical, 48 bits virtual
power management: ts ttp tm stc 100mhzsteps hwpstate



Memory: 4k page, physical 4048044k(88484k free), swap 0k(0k free)

vm_info: Java HotSpot(TM) 64-Bit Server VM (25.45-b02) for linux-amd64 JRE (1.8.0_45-b14), built on Apr 10 2015 10:07:45 by "java_re" with gcc 4.3.0 20080428 (Red Hat 4.3.0-8)

time: Thu Aug 13 01:24:34 2015
elapsed time: 5 seconds (0d 0h 0m 5s)

