#
# There is insufficient memory for the Java Runtime Environment to continue.
# Native memory allocation (mmap) failed to map 16252928 bytes for committing reserved memory.
# Possible reasons:
#   The system is out of physical RAM or swap space
#   In 32 bit mode, the process size limit was hit
# Possible solutions:
#   Reduce memory load on the system
#   Increase physical memory or swap space
#   Check if swap backing store is full
#   Use 64 bit Java on a 64 bit OS
#   Decrease Java heap size (-Xmx/-Xms)
#   Decrease number of Java threads
#   Decrease Java thread stack sizes (-Xss)
#   Set larger code cache with -XX:ReservedCodeCacheSize=
# This output file may be truncated or incomplete.
#
#  Out of Memory Error (os_linux.cpp:2673), pid=16983, tid=139762738353920
#
# JRE version: Java(TM) SE Runtime Environment (8.0_45-b14) (build 1.8.0_45-b14)
# Java VM: Java HotSpot(TM) 64-Bit Server VM (25.45-b02 mixed mode linux-amd64 compressed oops)
# Failed to write core dump. Core dumps have been disabled. To enable core dumping, try "ulimit -c unlimited" before starting Java again
#

---------------  T H R E A D  ---------------

Current thread (0x00007f1d1c077800):  VMThread [stack: 0x00007f1d0c4f5000,0x00007f1d0c5f6000] [id=17022]

Stack: [0x00007f1d0c4f5000,0x00007f1d0c5f6000],  sp=0x00007f1d0c5f4160,  free space=1020k
Native frames: (J=compiled Java code, j=interpreted, Vv=VM code, C=native code)
V  [libjvm.so+0xaac99a]  VMError::report_and_die()+0x2ba
V  [libjvm.so+0x4f333b]  report_vm_out_of_memory(char const*, int, unsigned long, VMErrorType, char const*)+0x8b
V  [libjvm.so+0x90e7c3]  os::Linux::commit_memory_impl(char*, unsigned long, bool)+0x103
V  [libjvm.so+0x90ed19]  os::pd_commit_memory(char*, unsigned long, unsigned long, bool)+0x29
V  [libjvm.so+0x90867a]  os::commit_memory(char*, unsigned long, unsigned long, bool)+0x2a
V  [libjvm.so+0x97bac3]  PSVirtualSpace::expand_by(unsigned long)+0x53
V  [libjvm.so+0x97cec8]  PSYoungGen::resize_generation(unsigned long, unsigned long)+0xf8
V  [libjvm.so+0x97c022]  PSYoungGen::resize(unsigned long, unsigned long)+0x22
V  [libjvm.so+0x9792fb]  PSScavenge::invoke_no_policy()+0xf7b
V  [libjvm.so+0x979a81]  PSScavenge::invoke()+0x41
V  [libjvm.so+0x932050]  ParallelScavengeHeap::failed_mem_allocate(unsigned long)+0x70
V  [libjvm.so+0xaae1d7]  VM_ParallelGCFailedAllocation::doit()+0x97
V  [libjvm.so+0xab59c5]  VM_Operation::evaluate()+0x55
V  [libjvm.so+0xab3d9a]  VMThread::evaluate_operation(VM_Operation*)+0xba
V  [libjvm.so+0xab411e]  VMThread::loop()+0x1ce
V  [libjvm.so+0xab4590]  VMThread::run()+0x70
V  [libjvm.so+0x910de8]  java_start(Thread*)+0x108

VM_Operation (0x00007f1d24c74c60): ParallelGCFailedAllocation, mode: safepoint, requested by thread 0x00007f1d1c00a000


---------------  P R O C E S S  ---------------

Java Threads: ( => current thread )
  0x00007f1d1c0ca000 JavaThread "Service Thread" daemon [_thread_blocked, id=17047, stack(0x00007f1d05afb000,0x00007f1d05bfc000)]
  0x00007f1d1c0bd000 JavaThread "C1 CompilerThread2" daemon [_thread_blocked, id=17042, stack(0x00007f1d05bfc000,0x00007f1d05cfd000)]
  0x00007f1d1c0bb800 JavaThread "C2 CompilerThread1" daemon [_thread_blocked, id=17038, stack(0x00007f1d05cfd000,0x00007f1d05dfe000)]
  0x00007f1d1c0b8800 JavaThread "C2 CompilerThread0" daemon [_thread_blocked, id=17035, stack(0x00007f1d05dfe000,0x00007f1d05eff000)]
  0x00007f1d1c0b7000 JavaThread "Signal Dispatcher" daemon [_thread_blocked, id=17032, stack(0x00007f1d05eff000,0x00007f1d06000000)]
  0x00007f1d1c07f000 JavaThread "Finalizer" daemon [_thread_blocked, id=17027, stack(0x00007f1d0c2f3000,0x00007f1d0c3f4000)]
  0x00007f1d1c07c800 JavaThread "Reference Handler" daemon [_thread_blocked, id=17023, stack(0x00007f1d0c3f4000,0x00007f1d0c4f5000)]
  0x00007f1d1c00a000 JavaThread "main" [_thread_blocked, id=17000, stack(0x00007f1d24b76000,0x00007f1d24c77000)]

Other Threads:
=>0x00007f1d1c077800 VMThread [stack: 0x00007f1d0c4f5000,0x00007f1d0c5f6000] [id=17022]
  0x00007f1d1c0cd000 WatcherThread [stack: 0x00007f1d059fa000,0x00007f1d05afb000] [id=17053]

VM state:at safepoint (normal execution)

VM Mutex/Monitor currently owned by a thread:  ([mutex/lock_event])
[0x00007f1d1c006350] Threads_lock - owner thread: 0x00007f1d1c077800
[0x00007f1d1c006850] Heap_lock - owner thread: 0x00007f1d1c00a000

Heap:
 PSYoungGen      total 18432K, used 2535K [0x00000000eab00000, 0x00000000ebf80000, 0x0000000100000000)
  eden space 15872K, 0% used [0x00000000eab00000,0x00000000eab00000,0x00000000eba80000)
  from space 2560K, 99% used [0x00000000eba80000,0x00000000ebcf9c88,0x00000000ebd00000)
  to   space 2560K, 0% used [0x00000000ebd00000,0x00000000ebd00000,0x00000000ebf80000)
 ParOldGen       total 42496K, used 1365K [0x00000000c0000000, 0x00000000c2980000, 0x00000000eab00000)
  object space 42496K, 3% used [0x00000000c0000000,0x00000000c0155720,0x00000000c2980000)
 Metaspace       used 5367K, capacity 6704K, committed 6784K, reserved 1056768K
  class space    used 542K, capacity 616K, committed 640K, reserved 1048576K

Card table byte_map: [0x00007f1d21755000,0x00007f1d21956000] byte_map_base: 0x00007f1d21155000

Marking Bits: (ParMarkBitMap*) 0x00007f1d24053760
 Begin Bits: [0x00007f1d06000000, 0x00007f1d07000000)
 End Bits:   [0x00007f1d07000000, 0x00007f1d08000000)

Polling page: 0x00007f1d24c9a000

CodeCache: size=245760Kb used=3363Kb max_used=3381Kb free=242396Kb
 bounds [0x00007f1d0d000000, 0x00007f1d0d350000, 0x00007f1d1c000000]
 total_blobs=1075 nmethods=812 adapters=178
 compilation: enabled

Compilation events (10 events):
Event: 7.117 Thread 0x00007f1d1c0b8800  797       4       com.android.dx.util.MutabilityControl::<init> (10 bytes)
Event: 7.117 Thread 0x00007f1d1c0bb800  716       4       com.android.dx.util.ByteArray::getUnsignedByte (14 bytes)
Event: 7.122 Thread 0x00007f1d1c0bd000 nmethod 834 0x00007f1d0d33ddd0 code [0x00007f1d0d33df80, 0x00007f1d0d33e398]
Event: 7.122 Thread 0x00007f1d1c0bd000  861       1       com.android.dx.cf.code.Simulator$SimVisitor::setPreviousOffset (6 bytes)
Event: 7.193 Thread 0x00007f1d1c0b8800 nmethod 797 0x00007f1d0d258650 code [0x00007f1d0d2587a0, 0x00007f1d0d2587f8]
Event: 7.193 Thread 0x00007f1d1c0b8800  699   !   4       com.android.dx.util.FixedSizeList::set0 (22 bytes)
Event: 8.630 Thread 0x00007f1d1c0bd000 nmethod 861 0x00007f1d0d33db10 code [0x00007f1d0d33dc60, 0x00007f1d0d33dd70]
Event: 8.633 Thread 0x00007f1d1c0bd000  845       2       com.android.dx.ssa.SsaRenamer$BlockRenamer::updateSuccessorPhis (64 bytes)
Event: 8.641 Thread 0x00007f1d1c0bb800 nmethod 716 0x00007f1d0d34e010 code [0x00007f1d0d34e160, 0x00007f1d0d34e278]
Event: 8.641 Thread 0x00007f1d1c0bb800  693       4       com.android.dx.rop.code.RegisterSpec::equals (51 bytes)

GC Heap History (1 events):
Event: 10.629 GC heap before
{Heap before GC invocations=1 (full 0):
 PSYoungGen      total 18432K, used 15872K [0x00000000eab00000, 0x00000000ebf80000, 0x0000000100000000)
  eden space 15872K, 100% used [0x00000000eab00000,0x00000000eba80000,0x00000000eba80000)
  from space 2560K, 0% used [0x00000000ebd00000,0x00000000ebd00000,0x00000000ebf80000)
  to   space 2560K, 0% used [0x00000000eba80000,0x00000000eba80000,0x00000000ebd00000)
 ParOldGen       total 42496K, used 0K [0x00000000c0000000, 0x00000000c2980000, 0x00000000eab00000)
  object space 42496K, 0% used [0x00000000c0000000,0x00000000c0000000,0x00000000c2980000)
 Metaspace       used 5367K, capacity 6704K, committed 6784K, reserved 1056768K
  class space    used 542K, capacity 616K, committed 640K, reserved 1048576K

Deoptimization events (1 events):
Event: 1.707 Thread 0x00007f1d1c00a000 Uncommon trap: reason=unstable_if action=reinterpret pc=0x00007f1d0d211150 method=java.util.HashMap.getNode(ILjava/lang/Object;)Ljava/util/HashMap$Node; @ 62

Internal exceptions (2 events):
Event: 0.190 Thread 0x00007f1d1c00a000 Exception <a 'java/lang/NoSuchMethodError': Method sun.misc.Unsafe.defineClass(Ljava/lang/String;[BII)Ljava/lang/Class; name or signature does not match> (0x00000000eab12a38) thrown at [/RE-WORK/workspace/8-2-build-linux-amd64/jdk8u45/3457/hotspot/src/sha
Event: 0.190 Thread 0x00007f1d1c00a000 Exception <a 'java/lang/NoSuchMethodError': Method sun.misc.Unsafe.prefetchRead(Ljava/lang/Object;J)V name or signature does not match> (0x00000000eab12cc8) thrown at [/RE-WORK/workspace/8-2-build-linux-amd64/jdk8u45/3457/hotspot/src/share/vm/prims/jni.cp

Events (10 events):
Event: 2.213 loading class java/util/ArrayList$1 done
Event: 2.258 loading class com/android/dx/cf/attrib/AttLocalVariableTypeTable
Event: 2.258 loading class com/android/dx/cf/attrib/AttLocalVariableTypeTable done
Event: 3.330 loading class com/android/dx/cf/attrib/AttEnclosingMethod
Event: 3.529 loading class com/android/dx/cf/attrib/AttEnclosingMethod done
Event: 4.967 Executing VM operation: EnableBiasedLocking
Event: 5.115 Executing VM operation: EnableBiasedLocking done
Event: 6.241 loading class com/android/dx/cf/attrib/AttConstantValue
Event: 6.355 loading class com/android/dx/cf/attrib/AttConstantValue done
Event: 10.523 Executing VM operation: ParallelGCFailedAllocation


Dynamic libraries:
00400000-00401000 r-xp 00000000 08:03 1572315                            /opt/java/jdk1.8.0_45/bin/java
00600000-00601000 rw-p 00000000 08:03 1572315                            /opt/java/jdk1.8.0_45/bin/java
00b76000-00b97000 rw-p 00000000 00:00 0                                  [heap]
c0000000-c2980000 rw-p 00000000 00:00 0 
c2980000-eab00000 ---p 00000000 00:00 0 
eab00000-ebf80000 rw-p 00000000 00:00 0 
ecf00000-100000000 ---p 00000000 00:00 0 
100000000-1000a0000 rw-p 00000000 00:00 0 
1000a0000-140000000 ---p 00000000 00:00 0 
7f1cc8000000-7f1cc8021000 rw-p 00000000 00:00 0 
7f1cc8021000-7f1ccc000000 ---p 00000000 00:00 0 
7f1cd0000000-7f1cd0980000 rw-p 00000000 00:00 0 
7f1cd0980000-7f1cd4000000 ---p 00000000 00:00 0 
7f1cd4000000-7f1cd4021000 rw-p 00000000 00:00 0 
7f1cd4021000-7f1cd8000000 ---p 00000000 00:00 0 
7f1cd8000000-7f1cd82d4000 rw-p 00000000 00:00 0 
7f1cd82d4000-7f1cdc000000 ---p 00000000 00:00 0 
7f1ce0000000-7f1ce0021000 rw-p 00000000 00:00 0 
7f1ce0021000-7f1ce4000000 ---p 00000000 00:00 0 
7f1ce4000000-7f1ce43ee000 rw-p 00000000 00:00 0 
7f1ce43ee000-7f1ce8000000 ---p 00000000 00:00 0 
7f1ce8000000-7f1ce8021000 rw-p 00000000 00:00 0 
7f1ce8021000-7f1cec000000 ---p 00000000 00:00 0 
7f1cec000000-7f1cec021000 rw-p 00000000 00:00 0 
7f1cec021000-7f1cf0000000 ---p 00000000 00:00 0 
7f1cf0000000-7f1cf0021000 rw-p 00000000 00:00 0 
7f1cf0021000-7f1cf4000000 ---p 00000000 00:00 0 
7f1cf4000000-7f1cf428a000 rw-p 00000000 00:00 0 
7f1cf428a000-7f1cf8000000 ---p 00000000 00:00 0 
7f1cf8000000-7f1cf8021000 rw-p 00000000 00:00 0 
7f1cf8021000-7f1cfc000000 ---p 00000000 00:00 0 
7f1d00000000-7f1d00021000 rw-p 00000000 00:00 0 
7f1d00021000-7f1d04000000 ---p 00000000 00:00 0 
7f1d059fa000-7f1d059fb000 ---p 00000000 00:00 0 
7f1d059fb000-7f1d05afb000 rw-p 00000000 00:00 0                          [stack:17053]
7f1d05afb000-7f1d05afe000 ---p 00000000 00:00 0 
7f1d05afe000-7f1d05bfc000 rw-p 00000000 00:00 0                          [stack:17047]
7f1d05bfc000-7f1d05bff000 ---p 00000000 00:00 0 
7f1d05bff000-7f1d05cfd000 rw-p 00000000 00:00 0                          [stack:17042]
7f1d05cfd000-7f1d05d00000 ---p 00000000 00:00 0 
7f1d05d00000-7f1d05dfe000 rw-p 00000000 00:00 0                          [stack:17038]
7f1d05dfe000-7f1d05e01000 ---p 00000000 00:00 0 
7f1d05e01000-7f1d05eff000 rw-p 00000000 00:00 0                          [stack:17035]
7f1d05eff000-7f1d05f02000 ---p 00000000 00:00 0 
7f1d05f02000-7f1d08000000 rw-p 00000000 00:00 0                          [stack:17032]
7f1d08000000-7f1d08021000 rw-p 00000000 00:00 0 
7f1d08021000-7f1d0c000000 ---p 00000000 00:00 0 
7f1d0c01b000-7f1d0c02a000 r--s 000dd000 00:19 9438599                    /home/mike/Android/Sdk/build-tools/22.0.1/lib/dx.jar
7f1d0c02a000-7f1d0c2f3000 r--p 00000000 08:03 266989                     /usr/lib/locale/locale-archive
7f1d0c2f3000-7f1d0c2f6000 ---p 00000000 00:00 0 
7f1d0c2f6000-7f1d0c3f4000 rw-p 00000000 00:00 0                          [stack:17027]
7f1d0c3f4000-7f1d0c3f7000 ---p 00000000 00:00 0 
7f1d0c3f7000-7f1d0c4f5000 rw-p 00000000 00:00 0                          [stack:17023]
7f1d0c4f5000-7f1d0c4f6000 ---p 00000000 00:00 0 
7f1d0c4f6000-7f1d0d000000 rw-p 00000000 00:00 0                          [stack:17022]
7f1d0d000000-7f1d0d350000 rwxp 00000000 00:00 0 
7f1d0d350000-7f1d1c000000 ---p 00000000 00:00 0 
7f1d1c000000-7f1d1c3a9000 rw-p 00000000 00:00 0 
7f1d1c3a9000-7f1d20000000 ---p 00000000 00:00 0 
7f1d20002000-7f1d205ac000 rw-p 00000000 00:00 0 
7f1d205ac000-7f1d20785000 r--s 03d09000 08:03 1573810                    /opt/java/jdk1.8.0_45/jre/lib/rt.jar
7f1d20785000-7f1d20dfb000 rw-p 00000000 00:00 0 
7f1d20dfb000-7f1d20ffb000 ---p 00000000 00:00 0 
7f1d20ffb000-7f1d211fb000 rw-p 00000000 00:00 0 
7f1d211fb000-7f1d211fc000 ---p 00000000 00:00 0 
7f1d211fc000-7f1d212fc000 rw-p 00000000 00:00 0                          [stack:17017]
7f1d212fc000-7f1d212fd000 ---p 00000000 00:00 0 
7f1d212fd000-7f1d213fd000 rw-p 00000000 00:00 0                          [stack:17015]
7f1d213fd000-7f1d213fe000 ---p 00000000 00:00 0 
7f1d213fe000-7f1d214fe000 rw-p 00000000 00:00 0                          [stack:17014]
7f1d214fe000-7f1d214ff000 ---p 00000000 00:00 0 
7f1d214ff000-7f1d21614000 rw-p 00000000 00:00 0                          [stack:17008]
7f1d21614000-7f1d21755000 ---p 00000000 00:00 0 
7f1d21755000-7f1d2176a000 rw-p 00000000 00:00 0 
7f1d2176a000-7f1d218aa000 ---p 00000000 00:00 0 
7f1d218aa000-7f1d218b5000 rw-p 00000000 00:00 0 
7f1d218b5000-7f1d21955000 ---p 00000000 00:00 0 
7f1d21955000-7f1d21964000 rw-p 00000000 00:00 0 
7f1d21964000-7f1d21d16000 ---p 00000000 00:00 0 
7f1d21d16000-7f1d21d30000 r-xp 00000000 08:03 1574049                    /opt/java/jdk1.8.0_45/jre/lib/amd64/libzip.so
7f1d21d30000-7f1d21f30000 ---p 0001a000 08:03 1574049                    /opt/java/jdk1.8.0_45/jre/lib/amd64/libzip.so
7f1d21f30000-7f1d21f31000 rw-p 0001a000 08:03 1574049                    /opt/java/jdk1.8.0_45/jre/lib/amd64/libzip.so
7f1d21f31000-7f1d21f3c000 r-xp 00000000 08:03 131807                     /lib/x86_64-linux-gnu/libnss_files-2.19.so
7f1d21f3c000-7f1d2213b000 ---p 0000b000 08:03 131807                     /lib/x86_64-linux-gnu/libnss_files-2.19.so
7f1d2213b000-7f1d2213c000 r--p 0000a000 08:03 131807                     /lib/x86_64-linux-gnu/libnss_files-2.19.so
7f1d2213c000-7f1d2213d000 rw-p 0000b000 08:03 131807                     /lib/x86_64-linux-gnu/libnss_files-2.19.so
7f1d2213d000-7f1d22148000 r-xp 00000000 08:03 131871                     /lib/x86_64-linux-gnu/libnss_nis-2.19.so
7f1d22148000-7f1d22347000 ---p 0000b000 08:03 131871                     /lib/x86_64-linux-gnu/libnss_nis-2.19.so
7f1d22347000-7f1d22348000 r--p 0000a000 08:03 131871                     /lib/x86_64-linux-gnu/libnss_nis-2.19.so
7f1d22348000-7f1d22349000 rw-p 0000b000 08:03 131871                     /lib/x86_64-linux-gnu/libnss_nis-2.19.so
7f1d22349000-7f1d22360000 r-xp 00000000 08:03 131829                     /lib/x86_64-linux-gnu/libnsl-2.19.so
7f1d22360000-7f1d2255f000 ---p 00017000 08:03 131829                     /lib/x86_64-linux-gnu/libnsl-2.19.so
7f1d2255f000-7f1d22560000 r--p 00016000 08:03 131829                     /lib/x86_64-linux-gnu/libnsl-2.19.so
7f1d22560000-7f1d22561000 rw-p 00017000 08:03 131829                     /lib/x86_64-linux-gnu/libnsl-2.19.so
7f1d22561000-7f1d22563000 rw-p 00000000 00:00 0 
7f1d22563000-7f1d2256c000 r-xp 00000000 08:03 131828                     /lib/x86_64-linux-gnu/libnss_compat-2.19.so
7f1d2256c000-7f1d2276b000 ---p 00009000 08:03 131828                     /lib/x86_64-linux-gnu/libnss_compat-2.19.so
7f1d2276b000-7f1d2276c000 r--p 00008000 08:03 131828                     /lib/x86_64-linux-gnu/libnss_compat-2.19.so
7f1d2276c000-7f1d2276d000 rw-p 00009000 08:03 131828                     /lib/x86_64-linux-gnu/libnss_compat-2.19.so
7f1d2276d000-7f1d22797000 r-xp 00000000 08:03 1574040                    /opt/java/jdk1.8.0_45/jre/lib/amd64/libjava.so
7f1d22797000-7f1d22997000 ---p 0002a000 08:03 1574040                    /opt/java/jdk1.8.0_45/jre/lib/amd64/libjava.so
7f1d22997000-7f1d22999000 rw-p 0002a000 08:03 1574040                    /opt/java/jdk1.8.0_45/jre/lib/amd64/libjava.so
7f1d22999000-7f1d229a6000 r-xp 00000000 08:03 1574047                    /opt/java/jdk1.8.0_45/jre/lib/amd64/libverify.so
7f1d229a6000-7f1d22ba6000 ---p 0000d000 08:03 1574047                    /opt/java/jdk1.8.0_45/jre/lib/amd64/libverify.so
7f1d22ba6000-7f1d22ba8000 rw-p 0000d000 08:03 1574047                    /opt/java/jdk1.8.0_45/jre/lib/amd64/libverify.so
7f1d22ba8000-7f1d22baf000 r-xp 00000000 08:03 131868                     /lib/x86_64-linux-gnu/librt-2.19.so
7f1d22baf000-7f1d22dae000 ---p 00007000 08:03 131868                     /lib/x86_64-linux-gnu/librt-2.19.so
7f1d22dae000-7f1d22daf000 r--p 00006000 08:03 131868                     /lib/x86_64-linux-gnu/librt-2.19.so
7f1d22daf000-7f1d22db0000 rw-p 00007000 08:03 131868                     /lib/x86_64-linux-gnu/librt-2.19.so
7f1d22db0000-7f1d22eb5000 r-xp 00000000 08:03 131806                     /lib/x86_64-linux-gnu/libm-2.19.so
7f1d22eb5000-7f1d230b4000 ---p 00105000 08:03 131806                     /lib/x86_64-linux-gnu/libm-2.19.so
7f1d230b4000-7f1d230b5000 r--p 00104000 08:03 131806                     /lib/x86_64-linux-gnu/libm-2.19.so
7f1d230b5000-7f1d230b6000 rw-p 00105000 08:03 131806                     /lib/x86_64-linux-gnu/libm-2.19.so
7f1d230b6000-7f1d23d64000 r-xp 00000000 08:03 1574060                    /opt/java/jdk1.8.0_45/jre/lib/amd64/server/libjvm.so
7f1d23d64000-7f1d23f63000 ---p 00cae000 08:03 1574060                    /opt/java/jdk1.8.0_45/jre/lib/amd64/server/libjvm.so
7f1d23f63000-7f1d2403a000 rw-p 00cad000 08:03 1574060                    /opt/java/jdk1.8.0_45/jre/lib/amd64/server/libjvm.so
7f1d2403a000-7f1d2407e000 rw-p 00000000 00:00 0 
7f1d2407e000-7f1d24239000 r-xp 00000000 08:03 131857                     /lib/x86_64-linux-gnu/libc-2.19.so
7f1d24239000-7f1d24438000 ---p 001bb000 08:03 131857                     /lib/x86_64-linux-gnu/libc-2.19.so
7f1d24438000-7f1d2443c000 r--p 001ba000 08:03 131857                     /lib/x86_64-linux-gnu/libc-2.19.so
7f1d2443c000-7f1d2443e000 rw-p 001be000 08:03 131857                     /lib/x86_64-linux-gnu/libc-2.19.so
7f1d2443e000-7f1d24443000 rw-p 00000000 00:00 0 
7f1d24443000-7f1d24446000 r-xp 00000000 08:03 131810                     /lib/x86_64-linux-gnu/libdl-2.19.so
7f1d24446000-7f1d24645000 ---p 00003000 08:03 131810                     /lib/x86_64-linux-gnu/libdl-2.19.so
7f1d24645000-7f1d24646000 r--p 00002000 08:03 131810                     /lib/x86_64-linux-gnu/libdl-2.19.so
7f1d24646000-7f1d24647000 rw-p 00003000 08:03 131810                     /lib/x86_64-linux-gnu/libdl-2.19.so
7f1d24647000-7f1d2465c000 r-xp 00000000 08:03 1573749                    /opt/java/jdk1.8.0_45/lib/amd64/jli/libjli.so
7f1d2465c000-7f1d2485c000 ---p 00015000 08:03 1573749                    /opt/java/jdk1.8.0_45/lib/amd64/jli/libjli.so
7f1d2485c000-7f1d2485d000 rw-p 00015000 08:03 1573749                    /opt/java/jdk1.8.0_45/lib/amd64/jli/libjli.so
7f1d2485d000-7f1d24876000 r-xp 00000000 08:03 131858                     /lib/x86_64-linux-gnu/libpthread-2.19.so
7f1d24876000-7f1d24a75000 ---p 00019000 08:03 131858                     /lib/x86_64-linux-gnu/libpthread-2.19.so
7f1d24a75000-7f1d24a76000 r--p 00018000 08:03 131858                     /lib/x86_64-linux-gnu/libpthread-2.19.so
7f1d24a76000-7f1d24a77000 rw-p 00019000 08:03 131858                     /lib/x86_64-linux-gnu/libpthread-2.19.so
7f1d24a77000-7f1d24a7b000 rw-p 00000000 00:00 0 
7f1d24a7b000-7f1d24a9e000 r-xp 00000000 08:03 131833                     /lib/x86_64-linux-gnu/ld-2.19.so
7f1d24a9f000-7f1d24aa4000 r--s 00023000 00:19 11273464                   /home/mike/AndroidStudioProjects/Wordist/app/build/intermediates/exploded-aar/com.google.android.gms/play-services-wallet/7.5.0/jars/classes.jar
7f1d24aa4000-7f1d24b76000 rw-p 00000000 00:00 0 
7f1d24b76000-7f1d24b79000 ---p 00000000 00:00 0 
7f1d24b79000-7f1d24c7c000 rw-p 00000000 00:00 0                          [stack:17000]
7f1d24c7c000-7f1d24c7d000 r--p 00000000 08:03 672594                     /usr/share/locale-langpack/en_GB/LC_MESSAGES/libc.mo
7f1d24c7d000-7f1d24c91000 rw-p 00000000 00:00 0 
7f1d24c91000-7f1d24c99000 rw-s 00000000 08:03 1574143                    /tmp/hsperfdata_mike/16983
7f1d24c99000-7f1d24c9a000 rw-p 00000000 00:00 0 
7f1d24c9a000-7f1d24c9b000 ---p 00000000 00:00 0 
7f1d24c9b000-7f1d24c9d000 rw-p 00000000 00:00 0 
7f1d24c9d000-7f1d24c9e000 r--p 00022000 08:03 131833                     /lib/x86_64-linux-gnu/ld-2.19.so
7f1d24c9e000-7f1d24c9f000 rw-p 00023000 08:03 131833                     /lib/x86_64-linux-gnu/ld-2.19.so
7f1d24c9f000-7f1d24ca0000 rw-p 00000000 00:00 0 
7ffffa11c000-7ffffa13d000 rw-p 00000000 00:00 0                          [stack]
7ffffa1fe000-7ffffa200000 r-xp 00000000 00:00 0                          [vdso]
ffffffffff600000-ffffffffff601000 r-xp 00000000 00:00 0                  [vsyscall]

VM Arguments:
jvm_args: -Xmx1024M -Dfile.encoding=UTF-8 -Duser.country=GB -Duser.language=en -Duser.variant 
java_command: com.android.dx.command.Main --dex --output /home/mike/AndroidStudioProjects/Wordist/app/build/intermediates/pre-dexed/release/classes-ba694547ab3fc3fe5bc8d34ae51866c6cab4beda.jar /home/mike/AndroidStudioProjects/Wordist/app/build/intermediates/exploded-aar/com.google.android.gms/play-services-wallet/7.5.0/jars/classes.jar
java_class_path (initial): /home/mike/Android/Sdk/build-tools/22.0.1/lib/dx.jar
Launcher Type: SUN_STANDARD

Environment Variables:
PATH=/usr/local/sbin:/usr/local/bin:/usr/sbin:/usr/bin:/sbin:/bin:/usr/games:/usr/local/games
USERNAME=mike
LD_LIBRARY_PATH=/opt/android-studio/bin:
SHELL=/bin/bash
DISPLAY=:0

Signal Handlers:
SIGSEGV: [libjvm.so+0xaad1e0], sa_mask[0]=11111111011111111101111111111110, sa_flags=SA_RESTART|SA_SIGINFO
SIGBUS: [libjvm.so+0xaad1e0], sa_mask[0]=11111111011111111101111111111110, sa_flags=SA_RESTART|SA_SIGINFO
SIGFPE: [libjvm.so+0x90b450], sa_mask[0]=11111111011111111101111111111110, sa_flags=SA_RESTART|SA_SIGINFO
SIGPIPE: [libjvm.so+0x90b450], sa_mask[0]=11111111011111111101111111111110, sa_flags=SA_RESTART|SA_SIGINFO
SIGXFSZ: [libjvm.so+0x90b450], sa_mask[0]=11111111011111111101111111111110, sa_flags=SA_RESTART|SA_SIGINFO
SIGILL: [libjvm.so+0x90b450], sa_mask[0]=11111111011111111101111111111110, sa_flags=SA_RESTART|SA_SIGINFO
SIGUSR1: SIG_DFL, sa_mask[0]=00000000000000000000000000000000, sa_flags=none
SIGUSR2: [libjvm.so+0x90ca90], sa_mask[0]=00100000000000000000000000000000, sa_flags=SA_RESTART|SA_SIGINFO
SIGHUP: [libjvm.so+0x90dde0], sa_mask[0]=11111111011111111101111111111110, sa_flags=SA_RESTART|SA_SIGINFO
SIGINT: [libjvm.so+0x90dde0], sa_mask[0]=11111111011111111101111111111110, sa_flags=SA_RESTART|SA_SIGINFO
SIGTERM: [libjvm.so+0x90dde0], sa_mask[0]=11111111011111111101111111111110, sa_flags=SA_RESTART|SA_SIGINFO
SIGQUIT: [libjvm.so+0x90dde0], sa_mask[0]=11111111011111111101111111111110, sa_flags=SA_RESTART|SA_SIGINFO


---------------  S Y S T E M  ---------------

OS:DISTRIB_ID=LinuxMint
DISTRIB_RELEASE=17.2
DISTRIB_CODENAME=rafaela
DISTRIB_DESCRIPTION="Linux Mint 17.2 Rafaela"

uname:Linux 3.13.0-37-generic #64-Ubuntu SMP Mon Sep 22 21:28:38 UTC 2014 x86_64
libc:glibc 2.19 NPTL 2.19 
rlimit: STACK 8192k, CORE 0k, NPROC 30882, NOFILE 4096, AS infinity
load average:7.54 1.87 1.15

/proc/meminfo:
MemTotal:        4048044 kB
MemFree:          671648 kB
Buffers:            2788 kB
Cached:           156600 kB
SwapCached:            0 kB
Active:          2745304 kB
Inactive:         155472 kB
Active(anon):    2744256 kB
Inactive(anon):   127208 kB
Active(file):       1048 kB
Inactive(file):    28264 kB
Unevictable:          88 kB
Mlocked:              88 kB
SwapTotal:             0 kB
SwapFree:              0 kB
Dirty:                36 kB
Writeback:             0 kB
AnonPages:       2742076 kB
Mapped:           264268 kB
Shmem:            129476 kB
Slab:              84104 kB
SReclaimable:      25076 kB
SUnreclaim:        59028 kB
KernelStack:        4768 kB
PageTables:        35072 kB
NFS_Unstable:          0 kB
Bounce:                0 kB
WritebackTmp:          0 kB
CommitLimit:     2024020 kB
Committed_AS:    5933384 kB
VmallocTotal:   34359738367 kB
VmallocUsed:      305680 kB
VmallocChunk:   34359427560 kB
HardwareCorrupted:     0 kB
AnonHugePages:   1433600 kB
HugePages_Total:       0
HugePages_Free:        0
HugePages_Rsvd:        0
HugePages_Surp:        0
Hugepagesize:       2048 kB
DirectMap4k:      161344 kB
DirectMap2M:     2983936 kB
DirectMap1G:     1048576 kB


CPU:total 4 (4 cores per cpu, 1 threads per core) family 16 model 4 stepping 2, cmov, cx8, fxsr, mmx, sse, sse2, sse3, popcnt, mmxext, 3dnowpref, lzcnt, sse4a, tsc, tscinvbit, tscinv

/proc/cpuinfo:
processor	: 0
vendor_id	: AuthenticAMD
cpu family	: 16
model		: 4
model name	: AMD Phenom(tm) II X4 955 Processor
stepping	: 2
microcode	: 0x1000086
cpu MHz		: 3200.000
cache size	: 512 KB
physical id	: 0
siblings	: 4
core id		: 0
cpu cores	: 4
apicid		: 0
initial apicid	: 0
fpu		: yes
fpu_exception	: yes
cpuid level	: 5
wp		: yes
flags		: fpu vme de pse tsc msr pae mce cx8 apic sep mtrr pge mca cmov pat pse36 clflush mmx fxsr sse sse2 ht syscall nx mmxext fxsr_opt pdpe1gb rdtscp lm 3dnowext 3dnow constant_tsc rep_good nopl nonstop_tsc extd_apicid pni monitor cx16 popcnt lahf_lm cmp_legacy svm extapic cr8_legacy abm sse4a misalignsse 3dnowprefetch osvw ibs skinit wdt hw_pstate npt lbrv svm_lock nrip_save
bogomips	: 6399.95
TLB size	: 1024 4K pages
clflush size	: 64
cache_alignment	: 64
address sizes	: 48 bits physical, 48 bits virtual
power management: ts ttp tm stc 100mhzsteps hwpstate

processor	: 1
vendor_id	: AuthenticAMD
cpu family	: 16
model		: 4
model name	: AMD Phenom(tm) II X4 955 Processor
stepping	: 2
microcode	: 0x1000086
cpu MHz		: 3200.000
cache size	: 512 KB
physical id	: 0
siblings	: 4
core id		: 1
cpu cores	: 4
apicid		: 1
initial apicid	: 1
fpu		: yes
fpu_exception	: yes
cpuid level	: 5
wp		: yes
flags		: fpu vme de pse tsc msr pae mce cx8 apic sep mtrr pge mca cmov pat pse36 clflush mmx fxsr sse sse2 ht syscall nx mmxext fxsr_opt pdpe1gb rdtscp lm 3dnowext 3dnow constant_tsc rep_good nopl nonstop_tsc extd_apicid pni monitor cx16 popcnt lahf_lm cmp_legacy svm extapic cr8_legacy abm sse4a misalignsse 3dnowprefetch osvw ibs skinit wdt hw_pstate npt lbrv svm_lock nrip_save
bogomips	: 6399.95
TLB size	: 1024 4K pages
clflush size	: 64
cache_alignment	: 64
address sizes	: 48 bits physical, 48 bits virtual
power management: ts ttp tm stc 100mhzsteps hwpstate

processor	: 2
vendor_id	: AuthenticAMD
cpu family	: 16
model		: 4
model name	: AMD Phenom(tm) II X4 955 Processor
stepping	: 2
microcode	: 0x1000086
cpu MHz		: 3200.000
cache size	: 512 KB
physical id	: 0
siblings	: 4
core id		: 2
cpu cores	: 4
apicid		: 2
initial apicid	: 2
fpu		: yes
fpu_exception	: yes
cpuid level	: 5
wp		: yes
flags		: fpu vme de pse tsc msr pae mce cx8 apic sep mtrr pge mca cmov pat pse36 clflush mmx fxsr sse sse2 ht syscall nx mmxext fxsr_opt pdpe1gb rdtscp lm 3dnowext 3dnow constant_tsc rep_good nopl nonstop_tsc extd_apicid pni monitor cx16 popcnt lahf_lm cmp_legacy svm extapic cr8_legacy abm sse4a misalignsse 3dnowprefetch osvw ibs skinit wdt hw_pstate npt lbrv svm_lock nrip_save
bogomips	: 6399.95
TLB size	: 1024 4K pages
clflush size	: 64
cache_alignment	: 64
address sizes	: 48 bits physical, 48 bits virtual
power management: ts ttp tm stc 100mhzsteps hwpstate

processor	: 3
vendor_id	: AuthenticAMD
cpu family	: 16
model		: 4
model name	: AMD Phenom(tm) II X4 955 Processor
stepping	: 2
microcode	: 0x1000086
cpu MHz		: 3200.000
cache size	: 512 KB
physical id	: 0
siblings	: 4
core id		: 3
cpu cores	: 4
apicid		: 3
initial apicid	: 3
fpu		: yes
fpu_exception	: yes
cpuid level	: 5
wp		: yes
flags		: fpu vme de pse tsc msr pae mce cx8 apic sep mtrr pge mca cmov pat pse36 clflush mmx fxsr sse sse2 ht syscall nx mmxext fxsr_opt pdpe1gb rdtscp lm 3dnowext 3dnow constant_tsc rep_good nopl nonstop_tsc extd_apicid pni monitor cx16 popcnt lahf_lm cmp_legacy svm extapic cr8_legacy abm sse4a misalignsse 3dnowprefetch osvw ibs skinit wdt hw_pstate npt lbrv svm_lock nrip_save
bogomips	: 6399.95
TLB size	: 1024 4K pages
clflush size	: 64
cache_alignment	: 64
address sizes	: 48 bits physical, 48 bits virtual
power management: ts ttp tm stc 100mhzsteps hwpstate



Memory: 4k page, physical 4048044k(670532k free), swap 0k(0k free)

vm_info: Java HotSpot(TM) 64-Bit Server VM (25.45-b02) for linux-amd64 JRE (1.8.0_45-b14), built on Apr 10 2015 10:07:45 by "java_re" with gcc 4.3.0 20080428 (Red Hat 4.3.0-8)

time: Wed Aug 12 23:17:01 2015
elapsed time: 14 seconds (0d 0h 0m 14s)

