#
# There is insufficient memory for the Java Runtime Environment to continue.
# Native memory allocation (mmap) failed to map 16252928 bytes for committing reserved memory.
# Possible reasons:
#   The system is out of physical RAM or swap space
#   In 32 bit mode, the process size limit was hit
# Possible solutions:
#   Reduce memory load on the system
#   Increase physical memory or swap space
#   Check if swap backing store is full
#   Use 64 bit Java on a 64 bit OS
#   Decrease Java heap size (-Xmx/-Xms)
#   Decrease number of Java threads
#   Decrease Java thread stack sizes (-Xss)
#   Set larger code cache with -XX:ReservedCodeCacheSize=
# This output file may be truncated or incomplete.
#
#  Out of Memory Error (os_linux.cpp:2673), pid=21179, tid=139980440561408
#
# JRE version: Java(TM) SE Runtime Environment (8.0_45-b14) (build 1.8.0_45-b14)
# Java VM: Java HotSpot(TM) 64-Bit Server VM (25.45-b02 mixed mode linux-amd64 compressed oops)
# Failed to write core dump. Core dumps have been disabled. To enable core dumping, try "ulimit -c unlimited" before starting Java again
#

---------------  T H R E A D  ---------------

Current thread (0x00007f4fcc077800):  VMThread [stack: 0x00007f4fbc5f6000,0x00007f4fbc6f7000] [id=21199]

Stack: [0x00007f4fbc5f6000,0x00007f4fbc6f7000],  sp=0x00007f4fbc6f4f60,  free space=1019k
Native frames: (J=compiled Java code, j=interpreted, Vv=VM code, C=native code)
V  [libjvm.so+0xaac99a]  VMError::report_and_die()+0x2ba
V  [libjvm.so+0x4f333b]  report_vm_out_of_memory(char const*, int, unsigned long, VMErrorType, char const*)+0x8b
V  [libjvm.so+0x90e7c3]  os::Linux::commit_memory_impl(char*, unsigned long, bool)+0x103
V  [libjvm.so+0x90ed19]  os::pd_commit_memory(char*, unsigned long, unsigned long, bool)+0x29
V  [libjvm.so+0x90867a]  os::commit_memory(char*, unsigned long, unsigned long, bool)+0x2a
V  [libjvm.so+0x97bac3]  PSVirtualSpace::expand_by(unsigned long)+0x53
V  [libjvm.so+0x97cec8]  PSYoungGen::resize_generation(unsigned long, unsigned long)+0xf8
V  [libjvm.so+0x97c022]  PSYoungGen::resize(unsigned long, unsigned long)+0x22
V  [libjvm.so+0x9792fb]  PSScavenge::invoke_no_policy()+0xf7b
V  [libjvm.so+0x979a81]  PSScavenge::invoke()+0x41
V  [libjvm.so+0x932050]  ParallelScavengeHeap::failed_mem_allocate(unsigned long)+0x70
V  [libjvm.so+0xaae1d7]  VM_ParallelGCFailedAllocation::doit()+0x97
V  [libjvm.so+0xab59c5]  VM_Operation::evaluate()+0x55
V  [libjvm.so+0xab3d9a]  VMThread::evaluate_operation(VM_Operation*)+0xba
V  [libjvm.so+0xab411e]  VMThread::loop()+0x1ce
V  [libjvm.so+0xab4590]  VMThread::run()+0x70
V  [libjvm.so+0x910de8]  java_start(Thread*)+0x108

VM_Operation (0x00007f4fd4decb00): ParallelGCFailedAllocation, mode: safepoint, requested by thread 0x00007f4fcc00a000


---------------  P R O C E S S  ---------------

Java Threads: ( => current thread )
  0x00007f4fcc0c8800 JavaThread "Service Thread" daemon [_thread_blocked, id=21211, stack(0x00007f4fb5bfc000,0x00007f4fb5cfd000)]
  0x00007f4fcc0bb000 JavaThread "C1 CompilerThread2" daemon [_thread_blocked, id=21210, stack(0x00007f4fb5cfd000,0x00007f4fb5dfe000)]
  0x00007f4fcc0b9800 JavaThread "C2 CompilerThread1" daemon [_thread_blocked, id=21209, stack(0x00007f4fb5dfe000,0x00007f4fb5eff000)]
  0x00007f4fcc0b6800 JavaThread "C2 CompilerThread0" daemon [_thread_blocked, id=21208, stack(0x00007f4fb5eff000,0x00007f4fb6000000)]
  0x00007f4fcc0b5000 JavaThread "Signal Dispatcher" daemon [_thread_blocked, id=21204, stack(0x00007f4fbc02a000,0x00007f4fbc12b000)]
  0x00007f4fcc07f000 JavaThread "Finalizer" daemon [_thread_blocked, id=21202, stack(0x00007f4fbc3f4000,0x00007f4fbc4f5000)]
  0x00007f4fcc07c800 JavaThread "Reference Handler" daemon [_thread_blocked, id=21201, stack(0x00007f4fbc4f5000,0x00007f4fbc5f6000)]
  0x00007f4fcc00a000 JavaThread "main" [_thread_blocked, id=21183, stack(0x00007f4fd4cee000,0x00007f4fd4def000)]

Other Threads:
=>0x00007f4fcc077800 VMThread [stack: 0x00007f4fbc5f6000,0x00007f4fbc6f7000] [id=21199]
  0x00007f4fcc0cb000 WatcherThread [stack: 0x00007f4fb5afb000,0x00007f4fb5bfc000] [id=21213]

VM state:at safepoint (normal execution)

VM Mutex/Monitor currently owned by a thread:  ([mutex/lock_event])
[0x00007f4fcc006350] Threads_lock - owner thread: 0x00007f4fcc077800
[0x00007f4fcc006850] Heap_lock - owner thread: 0x00007f4fcc00a000

Heap:
 PSYoungGen      total 18432K, used 2556K [0x00000000eab00000, 0x00000000ebf80000, 0x0000000100000000)
  eden space 15872K, 0% used [0x00000000eab00000,0x00000000eab00000,0x00000000eba80000)
  from space 2560K, 99% used [0x00000000eba80000,0x00000000ebcff008,0x00000000ebd00000)
  to   space 2560K, 0% used [0x00000000ebd00000,0x00000000ebd00000,0x00000000ebf80000)
 ParOldGen       total 42496K, used 3415K [0x00000000c0000000, 0x00000000c2980000, 0x00000000eab00000)
  object space 42496K, 8% used [0x00000000c0000000,0x00000000c0355d48,0x00000000c2980000)
 Metaspace       used 5392K, capacity 6704K, committed 6784K, reserved 1056768K
  class space    used 540K, capacity 616K, committed 640K, reserved 1048576K

Card table byte_map: [0x00007f4fd18cd000,0x00007f4fd1ace000] byte_map_base: 0x00007f4fd12cd000

Marking Bits: (ParMarkBitMap*) 0x00007f4fd41cb760
 Begin Bits: [0x00007f4fb6000000, 0x00007f4fb7000000)
 End Bits:   [0x00007f4fb7000000, 0x00007f4fb8000000)

Polling page: 0x00007f4fd4e12000

CodeCache: size=245760Kb used=3650Kb max_used=3661Kb free=242109Kb
 bounds [0x00007f4fbd000000, 0x00007f4fbd3a0000, 0x00007f4fcc000000]
 total_blobs=1133 nmethods=870 adapters=178
 compilation: enabled

Compilation events (10 events):
Event: 1.998 Thread 0x00007f4fcc0bb000 nmethod 891 0x00007f4fbd390dd0 code [0x00007f4fbd390fc0, 0x00007f4fbd391ba8]
Event: 1.998 Thread 0x00007f4fcc0bb000  889       3       com.android.dx.rop.code.PlainCstInsn::accept (8 bytes)
Event: 1.998 Thread 0x00007f4fcc0bb000 nmethod 889 0x00007f4fbd38b690 code [0x00007f4fbd38b800, 0x00007f4fbd38ba28]
Event: 1.998 Thread 0x00007f4fcc0bb000  890       3       com.android.dx.rop.code.BasicBlockList$RegCountVisitor::visitPlainCstInsn (6 bytes)
Event: 1.998 Thread 0x00007f4fcc0bb000 nmethod 890 0x00007f4fbd3891d0 code [0x00007f4fbd389340, 0x00007f4fbd3894c8]
Event: 1.998 Thread 0x00007f4fcc0bb000  893       3       com.android.dx.rop.code.ThrowingInsn::accept (8 bytes)
Event: 1.998 Thread 0x00007f4fcc0bb000 nmethod 893 0x00007f4fbd388d50 code [0x00007f4fbd388ec0, 0x00007f4fbd3890e8]
Event: 2.002 Thread 0x00007f4fcc0b9800 nmethod 888 0x00007f4fbd3951d0 code [0x00007f4fbd395340, 0x00007f4fbd395878]
Event: 2.002 Thread 0x00007f4fcc0b9800  892       4       com.android.dx.rop.code.BasicBlockList$RegCountVisitor::visit (52 bytes)
Event: 2.006 Thread 0x00007f4fcc0b9800 nmethod 892 0x00007f4fbd395c50 code [0x00007f4fbd395dc0, 0x00007f4fbd396078]

GC Heap History (1 events):
Event: 2.024 GC heap before
{Heap before GC invocations=1 (full 0):
 PSYoungGen      total 18432K, used 15872K [0x00000000eab00000, 0x00000000ebf80000, 0x0000000100000000)
  eden space 15872K, 100% used [0x00000000eab00000,0x00000000eba80000,0x00000000eba80000)
  from space 2560K, 0% used [0x00000000ebd00000,0x00000000ebd00000,0x00000000ebf80000)
  to   space 2560K, 0% used [0x00000000eba80000,0x00000000eba80000,0x00000000ebd00000)
 ParOldGen       total 42496K, used 0K [0x00000000c0000000, 0x00000000c2980000, 0x00000000eab00000)
  object space 42496K, 0% used [0x00000000c0000000,0x00000000c0000000,0x00000000c2980000)
 Metaspace       used 5392K, capacity 6704K, committed 6784K, reserved 1056768K
  class space    used 540K, capacity 616K, committed 640K, reserved 1048576K

Deoptimization events (0 events):
No events

Internal exceptions (2 events):
Event: 0.293 Thread 0x00007f4fcc00a000 Exception <a 'java/lang/NoSuchMethodError': Method sun.misc.Unsafe.defineClass(Ljava/lang/String;[BII)Ljava/lang/Class; name or signature does not match> (0x00000000eab12a38) thrown at [/RE-WORK/workspace/8-2-build-linux-amd64/jdk8u45/3457/hotspot/src/sha
Event: 0.294 Thread 0x00007f4fcc00a000 Exception <a 'java/lang/NoSuchMethodError': Method sun.misc.Unsafe.prefetchRead(Ljava/lang/Object;J)V name or signature does not match> (0x00000000eab12cc8) thrown at [/RE-WORK/workspace/8-2-build-linux-amd64/jdk8u45/3457/hotspot/src/share/vm/prims/jni.cp

Events (10 events):
Event: 1.884 Thread 0x00007f4fcc00a000 DEOPT UNPACKING pc=0x00007f4fbd047233 sp=0x00007f4fd4dec958 mode 0
Event: 1.884 Thread 0x00007f4fcc00a000 DEOPT PACKING pc=0x00007f4fbd315cda sp=0x00007f4fd4decbd0
Event: 1.884 Thread 0x00007f4fcc00a000 DEOPT UNPACKING pc=0x00007f4fbd047233 sp=0x00007f4fd4dec958 mode 0
Event: 1.885 Thread 0x00007f4fcc00a000 DEOPT PACKING pc=0x00007f4fbd315cda sp=0x00007f4fd4decbd0
Event: 1.885 Thread 0x00007f4fcc00a000 DEOPT UNPACKING pc=0x00007f4fbd047233 sp=0x00007f4fd4dec958 mode 0
Event: 1.898 Thread 0x00007f4fcc00a000 DEOPT PACKING pc=0x00007f4fbd315cda sp=0x00007f4fd4decbd0
Event: 1.898 Thread 0x00007f4fcc00a000 DEOPT UNPACKING pc=0x00007f4fbd047233 sp=0x00007f4fd4dec958 mode 0
Event: 1.898 Thread 0x00007f4fcc00a000 DEOPT PACKING pc=0x00007f4fbd315cda sp=0x00007f4fd4decbd0
Event: 1.898 Thread 0x00007f4fcc00a000 DEOPT UNPACKING pc=0x00007f4fbd047233 sp=0x00007f4fd4dec958 mode 0
Event: 2.010 Executing VM operation: ParallelGCFailedAllocation


Dynamic libraries:
00400000-00401000 r-xp 00000000 08:03 1572315                            /opt/java/jdk1.8.0_45/bin/java
00600000-00601000 rw-p 00000000 08:03 1572315                            /opt/java/jdk1.8.0_45/bin/java
0080d000-0082e000 rw-p 00000000 00:00 0                                  [heap]
c0000000-c2980000 rw-p 00000000 00:00 0 
c2980000-eab00000 ---p 00000000 00:00 0 
eab00000-ebf80000 rw-p 00000000 00:00 0 
ecf00000-100000000 ---p 00000000 00:00 0 
100000000-1000a0000 rw-p 00000000 00:00 0 
1000a0000-140000000 ---p 00000000 00:00 0 
7f4f80000000-7f4f80021000 rw-p 00000000 00:00 0 
7f4f80021000-7f4f84000000 ---p 00000000 00:00 0 
7f4f84000000-7f4f84021000 rw-p 00000000 00:00 0 
7f4f84021000-7f4f88000000 ---p 00000000 00:00 0 
7f4f88000000-7f4f88130000 rw-p 00000000 00:00 0 
7f4f88130000-7f4f8c000000 ---p 00000000 00:00 0 
7f4f8c000000-7f4f8c48c000 rw-p 00000000 00:00 0 
7f4f8c48c000-7f4f90000000 ---p 00000000 00:00 0 
7f4f90000000-7f4f90021000 rw-p 00000000 00:00 0 
7f4f90021000-7f4f94000000 ---p 00000000 00:00 0 
7f4f94000000-7f4f9447a000 rw-p 00000000 00:00 0 
7f4f9447a000-7f4f98000000 ---p 00000000 00:00 0 
7f4f98000000-7f4f98021000 rw-p 00000000 00:00 0 
7f4f98021000-7f4f9c000000 ---p 00000000 00:00 0 
7f4f9c000000-7f4f9c021000 rw-p 00000000 00:00 0 
7f4f9c021000-7f4fa0000000 ---p 00000000 00:00 0 
7f4fa0000000-7f4fa0021000 rw-p 00000000 00:00 0 
7f4fa0021000-7f4fa4000000 ---p 00000000 00:00 0 
7f4fa4000000-7f4fa4292000 rw-p 00000000 00:00 0 
7f4fa4292000-7f4fa8000000 ---p 00000000 00:00 0 
7f4fa8000000-7f4fa8021000 rw-p 00000000 00:00 0 
7f4fa8021000-7f4fac000000 ---p 00000000 00:00 0 
7f4fb0000000-7f4fb0021000 rw-p 00000000 00:00 0 
7f4fb0021000-7f4fb4000000 ---p 00000000 00:00 0 
7f4fb5afb000-7f4fb5afc000 ---p 00000000 00:00 0 
7f4fb5afc000-7f4fb5bfc000 rw-p 00000000 00:00 0                          [stack:21213]
7f4fb5bfc000-7f4fb5bff000 ---p 00000000 00:00 0 
7f4fb5bff000-7f4fb5cfd000 rw-p 00000000 00:00 0                          [stack:21211]
7f4fb5cfd000-7f4fb5d00000 ---p 00000000 00:00 0 
7f4fb5d00000-7f4fb5dfe000 rw-p 00000000 00:00 0                          [stack:21210]
7f4fb5dfe000-7f4fb5e01000 ---p 00000000 00:00 0 
7f4fb5e01000-7f4fb5eff000 rw-p 00000000 00:00 0                          [stack:21209]
7f4fb5eff000-7f4fb5f02000 ---p 00000000 00:00 0 
7f4fb5f02000-7f4fb8000000 rw-p 00000000 00:00 0                          [stack:21208]
7f4fb8000000-7f4fb8021000 rw-p 00000000 00:00 0 
7f4fb8021000-7f4fbc000000 ---p 00000000 00:00 0 
7f4fbc02a000-7f4fbc02d000 ---p 00000000 00:00 0 
7f4fbc02d000-7f4fbc12b000 rw-p 00000000 00:00 0                          [stack:21204]
7f4fbc12b000-7f4fbc3f4000 r--p 00000000 08:03 266989                     /usr/lib/locale/locale-archive
7f4fbc3f4000-7f4fbc3f7000 ---p 00000000 00:00 0 
7f4fbc3f7000-7f4fbc4f5000 rw-p 00000000 00:00 0                          [stack:21202]
7f4fbc4f5000-7f4fbc4f8000 ---p 00000000 00:00 0 
7f4fbc4f8000-7f4fbc5f6000 rw-p 00000000 00:00 0                          [stack:21201]
7f4fbc5f6000-7f4fbc5f7000 ---p 00000000 00:00 0 
7f4fbc5f7000-7f4fbd000000 rw-p 00000000 00:00 0                          [stack:21199]
7f4fbd000000-7f4fbd3a0000 rwxp 00000000 00:00 0 
7f4fbd3a0000-7f4fcc000000 ---p 00000000 00:00 0 
7f4fcc000000-7f4fcc3ae000 rw-p 00000000 00:00 0 
7f4fcc3ae000-7f4fd0000000 ---p 00000000 00:00 0 
7f4fd005f000-7f4fd006a000 r--s 0007a000 00:19 11273014                   /home/mike/AndroidStudioProjects/Wordist/app/build/intermediates/exploded-aar/com.google.android.gms/play-services-analytics/7.8.0/jars/classes.jar
7f4fd006a000-7f4fd0079000 r--s 000dd000 00:19 9438599                    /home/mike/Android/Sdk/build-tools/22.0.1/lib/dx.jar
7f4fd0079000-7f4fd0724000 rw-p 00000000 00:00 0 
7f4fd0724000-7f4fd08fd000 r--s 03d09000 08:03 1573810                    /opt/java/jdk1.8.0_45/jre/lib/rt.jar
7f4fd08fd000-7f4fd0f73000 rw-p 00000000 00:00 0 
7f4fd0f73000-7f4fd1173000 ---p 00000000 00:00 0 
7f4fd1173000-7f4fd1373000 rw-p 00000000 00:00 0 
7f4fd1373000-7f4fd1374000 ---p 00000000 00:00 0 
7f4fd1374000-7f4fd1474000 rw-p 00000000 00:00 0                          [stack:21187]
7f4fd1474000-7f4fd1475000 ---p 00000000 00:00 0 
7f4fd1475000-7f4fd1575000 rw-p 00000000 00:00 0                          [stack:21186]
7f4fd1575000-7f4fd1576000 ---p 00000000 00:00 0 
7f4fd1576000-7f4fd1676000 rw-p 00000000 00:00 0                          [stack:21185]
7f4fd1676000-7f4fd1677000 ---p 00000000 00:00 0 
7f4fd1677000-7f4fd178c000 rw-p 00000000 00:00 0                          [stack:21184]
7f4fd178c000-7f4fd18cd000 ---p 00000000 00:00 0 
7f4fd18cd000-7f4fd18e2000 rw-p 00000000 00:00 0 
7f4fd18e2000-7f4fd1a22000 ---p 00000000 00:00 0 
7f4fd1a22000-7f4fd1a2d000 rw-p 00000000 00:00 0 
7f4fd1a2d000-7f4fd1acd000 ---p 00000000 00:00 0 
7f4fd1acd000-7f4fd1add000 rw-p 00000000 00:00 0 
7f4fd1add000-7f4fd1e8e000 ---p 00000000 00:00 0 
7f4fd1e8e000-7f4fd1ea8000 r-xp 00000000 08:03 1574049                    /opt/java/jdk1.8.0_45/jre/lib/amd64/libzip.so
7f4fd1ea8000-7f4fd20a8000 ---p 0001a000 08:03 1574049                    /opt/java/jdk1.8.0_45/jre/lib/amd64/libzip.so
7f4fd20a8000-7f4fd20a9000 rw-p 0001a000 08:03 1574049                    /opt/java/jdk1.8.0_45/jre/lib/amd64/libzip.so
7f4fd20a9000-7f4fd20b4000 r-xp 00000000 08:03 131807                     /lib/x86_64-linux-gnu/libnss_files-2.19.so
7f4fd20b4000-7f4fd22b3000 ---p 0000b000 08:03 131807                     /lib/x86_64-linux-gnu/libnss_files-2.19.so
7f4fd22b3000-7f4fd22b4000 r--p 0000a000 08:03 131807                     /lib/x86_64-linux-gnu/libnss_files-2.19.so
7f4fd22b4000-7f4fd22b5000 rw-p 0000b000 08:03 131807                     /lib/x86_64-linux-gnu/libnss_files-2.19.so
7f4fd22b5000-7f4fd22c0000 r-xp 00000000 08:03 131871                     /lib/x86_64-linux-gnu/libnss_nis-2.19.so
7f4fd22c0000-7f4fd24bf000 ---p 0000b000 08:03 131871                     /lib/x86_64-linux-gnu/libnss_nis-2.19.so
7f4fd24bf000-7f4fd24c0000 r--p 0000a000 08:03 131871                     /lib/x86_64-linux-gnu/libnss_nis-2.19.so
7f4fd24c0000-7f4fd24c1000 rw-p 0000b000 08:03 131871                     /lib/x86_64-linux-gnu/libnss_nis-2.19.so
7f4fd24c1000-7f4fd24d8000 r-xp 00000000 08:03 131829                     /lib/x86_64-linux-gnu/libnsl-2.19.so
7f4fd24d8000-7f4fd26d7000 ---p 00017000 08:03 131829                     /lib/x86_64-linux-gnu/libnsl-2.19.so
7f4fd26d7000-7f4fd26d8000 r--p 00016000 08:03 131829                     /lib/x86_64-linux-gnu/libnsl-2.19.so
7f4fd26d8000-7f4fd26d9000 rw-p 00017000 08:03 131829                     /lib/x86_64-linux-gnu/libnsl-2.19.so
7f4fd26d9000-7f4fd26db000 rw-p 00000000 00:00 0 
7f4fd26db000-7f4fd26e4000 r-xp 00000000 08:03 131828                     /lib/x86_64-linux-gnu/libnss_compat-2.19.so
7f4fd26e4000-7f4fd28e3000 ---p 00009000 08:03 131828                     /lib/x86_64-linux-gnu/libnss_compat-2.19.so
7f4fd28e3000-7f4fd28e4000 r--p 00008000 08:03 131828                     /lib/x86_64-linux-gnu/libnss_compat-2.19.so
7f4fd28e4000-7f4fd28e5000 rw-p 00009000 08:03 131828                     /lib/x86_64-linux-gnu/libnss_compat-2.19.so
7f4fd28e5000-7f4fd290f000 r-xp 00000000 08:03 1574040                    /opt/java/jdk1.8.0_45/jre/lib/amd64/libjava.so
7f4fd290f000-7f4fd2b0f000 ---p 0002a000 08:03 1574040                    /opt/java/jdk1.8.0_45/jre/lib/amd64/libjava.so
7f4fd2b0f000-7f4fd2b11000 rw-p 0002a000 08:03 1574040                    /opt/java/jdk1.8.0_45/jre/lib/amd64/libjava.so
7f4fd2b11000-7f4fd2b1e000 r-xp 00000000 08:03 1574047                    /opt/java/jdk1.8.0_45/jre/lib/amd64/libverify.so
7f4fd2b1e000-7f4fd2d1e000 ---p 0000d000 08:03 1574047                    /opt/java/jdk1.8.0_45/jre/lib/amd64/libverify.so
7f4fd2d1e000-7f4fd2d20000 rw-p 0000d000 08:03 1574047                    /opt/java/jdk1.8.0_45/jre/lib/amd64/libverify.so
7f4fd2d20000-7f4fd2d27000 r-xp 00000000 08:03 131868                     /lib/x86_64-linux-gnu/librt-2.19.so
7f4fd2d27000-7f4fd2f26000 ---p 00007000 08:03 131868                     /lib/x86_64-linux-gnu/librt-2.19.so
7f4fd2f26000-7f4fd2f27000 r--p 00006000 08:03 131868                     /lib/x86_64-linux-gnu/librt-2.19.so
7f4fd2f27000-7f4fd2f28000 rw-p 00007000 08:03 131868                     /lib/x86_64-linux-gnu/librt-2.19.so
7f4fd2f28000-7f4fd302d000 r-xp 00000000 08:03 131806                     /lib/x86_64-linux-gnu/libm-2.19.so
7f4fd302d000-7f4fd322c000 ---p 00105000 08:03 131806                     /lib/x86_64-linux-gnu/libm-2.19.so
7f4fd322c000-7f4fd322d000 r--p 00104000 08:03 131806                     /lib/x86_64-linux-gnu/libm-2.19.so
7f4fd322d000-7f4fd322e000 rw-p 00105000 08:03 131806                     /lib/x86_64-linux-gnu/libm-2.19.so
7f4fd322e000-7f4fd3edc000 r-xp 00000000 08:03 1574060                    /opt/java/jdk1.8.0_45/jre/lib/amd64/server/libjvm.so
7f4fd3edc000-7f4fd40db000 ---p 00cae000 08:03 1574060                    /opt/java/jdk1.8.0_45/jre/lib/amd64/server/libjvm.so
7f4fd40db000-7f4fd41b2000 rw-p 00cad000 08:03 1574060                    /opt/java/jdk1.8.0_45/jre/lib/amd64/server/libjvm.so
7f4fd41b2000-7f4fd41f6000 rw-p 00000000 00:00 0 
7f4fd41f6000-7f4fd43b1000 r-xp 00000000 08:03 131857                     /lib/x86_64-linux-gnu/libc-2.19.so
7f4fd43b1000-7f4fd45b0000 ---p 001bb000 08:03 131857                     /lib/x86_64-linux-gnu/libc-2.19.so
7f4fd45b0000-7f4fd45b4000 r--p 001ba000 08:03 131857                     /lib/x86_64-linux-gnu/libc-2.19.so
7f4fd45b4000-7f4fd45b6000 rw-p 001be000 08:03 131857                     /lib/x86_64-linux-gnu/libc-2.19.so
7f4fd45b6000-7f4fd45bb000 rw-p 00000000 00:00 0 
7f4fd45bb000-7f4fd45be000 r-xp 00000000 08:03 131810                     /lib/x86_64-linux-gnu/libdl-2.19.so
7f4fd45be000-7f4fd47bd000 ---p 00003000 08:03 131810                     /lib/x86_64-linux-gnu/libdl-2.19.so
7f4fd47bd000-7f4fd47be000 r--p 00002000 08:03 131810                     /lib/x86_64-linux-gnu/libdl-2.19.so
7f4fd47be000-7f4fd47bf000 rw-p 00003000 08:03 131810                     /lib/x86_64-linux-gnu/libdl-2.19.so
7f4fd47bf000-7f4fd47d4000 r-xp 00000000 08:03 1573749                    /opt/java/jdk1.8.0_45/lib/amd64/jli/libjli.so
7f4fd47d4000-7f4fd49d4000 ---p 00015000 08:03 1573749                    /opt/java/jdk1.8.0_45/lib/amd64/jli/libjli.so
7f4fd49d4000-7f4fd49d5000 rw-p 00015000 08:03 1573749                    /opt/java/jdk1.8.0_45/lib/amd64/jli/libjli.so
7f4fd49d5000-7f4fd49ee000 r-xp 00000000 08:03 131858                     /lib/x86_64-linux-gnu/libpthread-2.19.so
7f4fd49ee000-7f4fd4bed000 ---p 00019000 08:03 131858                     /lib/x86_64-linux-gnu/libpthread-2.19.so
7f4fd4bed000-7f4fd4bee000 r--p 00018000 08:03 131858                     /lib/x86_64-linux-gnu/libpthread-2.19.so
7f4fd4bee000-7f4fd4bef000 rw-p 00019000 08:03 131858                     /lib/x86_64-linux-gnu/libpthread-2.19.so
7f4fd4bef000-7f4fd4bf3000 rw-p 00000000 00:00 0 
7f4fd4bf3000-7f4fd4c16000 r-xp 00000000 08:03 131833                     /lib/x86_64-linux-gnu/ld-2.19.so
7f4fd4c1c000-7f4fd4cee000 rw-p 00000000 00:00 0 
7f4fd4cee000-7f4fd4cf1000 ---p 00000000 00:00 0 
7f4fd4cf1000-7f4fd4df4000 rw-p 00000000 00:00 0                          [stack:21183]
7f4fd4df4000-7f4fd4df5000 r--p 00000000 08:03 672594                     /usr/share/locale-langpack/en_GB/LC_MESSAGES/libc.mo
7f4fd4df5000-7f4fd4e09000 rw-p 00000000 00:00 0 
7f4fd4e09000-7f4fd4e11000 rw-s 00000000 08:03 1574112                    /tmp/hsperfdata_mike/21179
7f4fd4e11000-7f4fd4e12000 rw-p 00000000 00:00 0 
7f4fd4e12000-7f4fd4e13000 ---p 00000000 00:00 0 
7f4fd4e13000-7f4fd4e15000 rw-p 00000000 00:00 0 
7f4fd4e15000-7f4fd4e16000 r--p 00022000 08:03 131833                     /lib/x86_64-linux-gnu/ld-2.19.so
7f4fd4e16000-7f4fd4e17000 rw-p 00023000 08:03 131833                     /lib/x86_64-linux-gnu/ld-2.19.so
7f4fd4e17000-7f4fd4e18000 rw-p 00000000 00:00 0 
7fff2fd52000-7fff2fd73000 rw-p 00000000 00:00 0                          [stack]
7fff2fdfe000-7fff2fe00000 r-xp 00000000 00:00 0                          [vdso]
ffffffffff600000-ffffffffff601000 r-xp 00000000 00:00 0                  [vsyscall]

VM Arguments:
jvm_args: -Xmx1024M -Dfile.encoding=UTF-8 -Duser.country=GB -Duser.language=en -Duser.variant 
java_command: com.android.dx.command.Main --dex --output /home/mike/AndroidStudioProjects/Wordist/app/build/intermediates/pre-dexed/release/classes-b28cd91679d02c5c71b6f5edd60ce65ec934bb4c.jar /home/mike/AndroidStudioProjects/Wordist/app/build/intermediates/exploded-aar/com.google.android.gms/play-services-analytics/7.8.0/jars/classes.jar
java_class_path (initial): /home/mike/Android/Sdk/build-tools/22.0.1/lib/dx.jar
Launcher Type: SUN_STANDARD

Environment Variables:
PATH=/usr/local/sbin:/usr/local/bin:/usr/sbin:/usr/bin:/sbin:/bin:/usr/games:/usr/local/games
USERNAME=mike
LD_LIBRARY_PATH=/opt/android-studio/bin:
SHELL=/bin/bash
DISPLAY=:0

Signal Handlers:
SIGSEGV: [libjvm.so+0xaad1e0], sa_mask[0]=11111111011111111101111111111110, sa_flags=SA_RESTART|SA_SIGINFO
SIGBUS: [libjvm.so+0xaad1e0], sa_mask[0]=11111111011111111101111111111110, sa_flags=SA_RESTART|SA_SIGINFO
SIGFPE: [libjvm.so+0x90b450], sa_mask[0]=11111111011111111101111111111110, sa_flags=SA_RESTART|SA_SIGINFO
SIGPIPE: [libjvm.so+0x90b450], sa_mask[0]=11111111011111111101111111111110, sa_flags=SA_RESTART|SA_SIGINFO
SIGXFSZ: [libjvm.so+0x90b450], sa_mask[0]=11111111011111111101111111111110, sa_flags=SA_RESTART|SA_SIGINFO
SIGILL: [libjvm.so+0x90b450], sa_mask[0]=11111111011111111101111111111110, sa_flags=SA_RESTART|SA_SIGINFO
SIGUSR1: SIG_DFL, sa_mask[0]=00000000000000000000000000000000, sa_flags=none
SIGUSR2: [libjvm.so+0x90ca90], sa_mask[0]=00100000000000000000000000000000, sa_flags=SA_RESTART|SA_SIGINFO
SIGHUP: [libjvm.so+0x90dde0], sa_mask[0]=11111111011111111101111111111110, sa_flags=SA_RESTART|SA_SIGINFO
SIGINT: [libjvm.so+0x90dde0], sa_mask[0]=11111111011111111101111111111110, sa_flags=SA_RESTART|SA_SIGINFO
SIGTERM: [libjvm.so+0x90dde0], sa_mask[0]=11111111011111111101111111111110, sa_flags=SA_RESTART|SA_SIGINFO
SIGQUIT: [libjvm.so+0x90dde0], sa_mask[0]=11111111011111111101111111111110, sa_flags=SA_RESTART|SA_SIGINFO


---------------  S Y S T E M  ---------------

OS:DISTRIB_ID=LinuxMint
DISTRIB_RELEASE=17.2
DISTRIB_CODENAME=rafaela
DISTRIB_DESCRIPTION="Linux Mint 17.2 Rafaela"

uname:Linux 3.13.0-37-generic #64-Ubuntu SMP Mon Sep 22 21:28:38 UTC 2014 x86_64
libc:glibc 2.19 NPTL 2.19 
rlimit: STACK 8192k, CORE 0k, NPROC 30882, NOFILE 4096, AS infinity
load average:18.25 7.35 3.91

/proc/meminfo:
MemTotal:        4048044 kB
MemFree:           95304 kB
Buffers:             216 kB
Cached:            62888 kB
SwapCached:            0 kB
Active:          3518252 kB
Inactive:          57636 kB
Active(anon):    3516108 kB
Inactive(anon):    51044 kB
Active(file):       2144 kB
Inactive(file):     6592 kB
Unevictable:          88 kB
Mlocked:              88 kB
SwapTotal:             0 kB
SwapFree:              0 kB
Dirty:                28 kB
Writeback:             0 kB
AnonPages:       3513916 kB
Mapped:           180216 kB
Shmem:             53324 kB
Slab:              75940 kB
SReclaimable:      23468 kB
SUnreclaim:        52472 kB
KernelStack:        5136 kB
PageTables:        32840 kB
NFS_Unstable:          0 kB
Bounce:                0 kB
WritebackTmp:          0 kB
CommitLimit:     2024020 kB
Committed_AS:    6159520 kB
VmallocTotal:   34359738367 kB
VmallocUsed:      305644 kB
VmallocChunk:   34359429988 kB
HardwareCorrupted:     0 kB
AnonHugePages:   1583104 kB
HugePages_Total:       0
HugePages_Free:        0
HugePages_Rsvd:        0
HugePages_Surp:        0
Hugepagesize:       2048 kB
DirectMap4k:      185920 kB
DirectMap2M:     2959360 kB
DirectMap1G:     1048576 kB


CPU:total 4 (4 cores per cpu, 1 threads per core) family 16 model 4 stepping 2, cmov, cx8, fxsr, mmx, sse, sse2, sse3, popcnt, mmxext, 3dnowpref, lzcnt, sse4a, tsc, tscinvbit, tscinv

/proc/cpuinfo:
processor	: 0
vendor_id	: AuthenticAMD
cpu family	: 16
model		: 4
model name	: AMD Phenom(tm) II X4 955 Processor
stepping	: 2
microcode	: 0x1000086
cpu MHz		: 2100.000
cache size	: 512 KB
physical id	: 0
siblings	: 4
core id		: 0
cpu cores	: 4
apicid		: 0
initial apicid	: 0
fpu		: yes
fpu_exception	: yes
cpuid level	: 5
wp		: yes
flags		: fpu vme de pse tsc msr pae mce cx8 apic sep mtrr pge mca cmov pat pse36 clflush mmx fxsr sse sse2 ht syscall nx mmxext fxsr_opt pdpe1gb rdtscp lm 3dnowext 3dnow constant_tsc rep_good nopl nonstop_tsc extd_apicid pni monitor cx16 popcnt lahf_lm cmp_legacy svm extapic cr8_legacy abm sse4a misalignsse 3dnowprefetch osvw ibs skinit wdt hw_pstate npt lbrv svm_lock nrip_save
bogomips	: 6399.91
TLB size	: 1024 4K pages
clflush size	: 64
cache_alignment	: 64
address sizes	: 48 bits physical, 48 bits virtual
power management: ts ttp tm stc 100mhzsteps hwpstate

processor	: 1
vendor_id	: AuthenticAMD
cpu family	: 16
model		: 4
model name	: AMD Phenom(tm) II X4 955 Processor
stepping	: 2
microcode	: 0x1000086
cpu MHz		: 2100.000
cache size	: 512 KB
physical id	: 0
siblings	: 4
core id		: 1
cpu cores	: 4
apicid		: 1
initial apicid	: 1
fpu		: yes
fpu_exception	: yes
cpuid level	: 5
wp		: yes
flags		: fpu vme de pse tsc msr pae mce cx8 apic sep mtrr pge mca cmov pat pse36 clflush mmx fxsr sse sse2 ht syscall nx mmxext fxsr_opt pdpe1gb rdtscp lm 3dnowext 3dnow constant_tsc rep_good nopl nonstop_tsc extd_apicid pni monitor cx16 popcnt lahf_lm cmp_legacy svm extapic cr8_legacy abm sse4a misalignsse 3dnowprefetch osvw ibs skinit wdt hw_pstate npt lbrv svm_lock nrip_save
bogomips	: 6399.91
TLB size	: 1024 4K pages
clflush size	: 64
cache_alignment	: 64
address sizes	: 48 bits physical, 48 bits virtual
power management: ts ttp tm stc 100mhzsteps hwpstate

processor	: 2
vendor_id	: AuthenticAMD
cpu family	: 16
model		: 4
model name	: AMD Phenom(tm) II X4 955 Processor
stepping	: 2
microcode	: 0x1000086
cpu MHz		: 3200.000
cache size	: 512 KB
physical id	: 0
siblings	: 4
core id		: 2
cpu cores	: 4
apicid		: 2
initial apicid	: 2
fpu		: yes
fpu_exception	: yes
cpuid level	: 5
wp		: yes
flags		: fpu vme de pse tsc msr pae mce cx8 apic sep mtrr pge mca cmov pat pse36 clflush mmx fxsr sse sse2 ht syscall nx mmxext fxsr_opt pdpe1gb rdtscp lm 3dnowext 3dnow constant_tsc rep_good nopl nonstop_tsc extd_apicid pni monitor cx16 popcnt lahf_lm cmp_legacy svm extapic cr8_legacy abm sse4a misalignsse 3dnowprefetch osvw ibs skinit wdt hw_pstate npt lbrv svm_lock nrip_save
bogomips	: 6399.91
TLB size	: 1024 4K pages
clflush size	: 64
cache_alignment	: 64
address sizes	: 48 bits physical, 48 bits virtual
power management: ts ttp tm stc 100mhzsteps hwpstate

processor	: 3
vendor_id	: AuthenticAMD
cpu family	: 16
model		: 4
model name	: AMD Phenom(tm) II X4 955 Processor
stepping	: 2
microcode	: 0x1000086
cpu MHz		: 2100.000
cache size	: 512 KB
physical id	: 0
siblings	: 4
core id		: 3
cpu cores	: 4
apicid		: 3
initial apicid	: 3
fpu		: yes
fpu_exception	: yes
cpuid level	: 5
wp		: yes
flags		: fpu vme de pse tsc msr pae mce cx8 apic sep mtrr pge mca cmov pat pse36 clflush mmx fxsr sse sse2 ht syscall nx mmxext fxsr_opt pdpe1gb rdtscp lm 3dnowext 3dnow constant_tsc rep_good nopl nonstop_tsc extd_apicid pni monitor cx16 popcnt lahf_lm cmp_legacy svm extapic cr8_legacy abm sse4a misalignsse 3dnowprefetch osvw ibs skinit wdt hw_pstate npt lbrv svm_lock nrip_save
bogomips	: 6399.91
TLB size	: 1024 4K pages
clflush size	: 64
cache_alignment	: 64
address sizes	: 48 bits physical, 48 bits virtual
power management: ts ttp tm stc 100mhzsteps hwpstate



Memory: 4k page, physical 4048044k(94560k free), swap 0k(0k free)

vm_info: Java HotSpot(TM) 64-Bit Server VM (25.45-b02) for linux-amd64 JRE (1.8.0_45-b14), built on Apr 10 2015 10:07:45 by "java_re" with gcc 4.3.0 20080428 (Red Hat 4.3.0-8)

time: Fri Aug 21 22:14:44 2015
elapsed time: 4 seconds (0d 0h 0m 4s)

