#
# There is insufficient memory for the Java Runtime Environment to continue.
# Native memory allocation (mmap) failed to map 41943040 bytes for committing reserved memory.
# Possible reasons:
#   The system is out of physical RAM or swap space
#   In 32 bit mode, the process size limit was hit
# Possible solutions:
#   Reduce memory load on the system
#   Increase physical memory or swap space
#   Check if swap backing store is full
#   Use 64 bit Java on a 64 bit OS
#   Decrease Java heap size (-Xmx/-Xms)
#   Decrease number of Java threads
#   Decrease Java thread stack sizes (-Xss)
#   Set larger code cache with -XX:ReservedCodeCacheSize=
# This output file may be truncated or incomplete.
#
#  Out of Memory Error (os_linux.cpp:2673), pid=6106, tid=139990999746304
#
# JRE version: Java(TM) SE Runtime Environment (8.0_45-b14) (build 1.8.0_45-b14)
# Java VM: Java HotSpot(TM) 64-Bit Server VM (25.45-b02 mixed mode linux-amd64 compressed oops)
# Failed to write core dump. Core dumps have been disabled. To enable core dumping, try "ulimit -c unlimited" before starting Java again
#

---------------  T H R E A D  ---------------

Current thread (0x00007f5248077800):  VMThread [stack: 0x00007f5231bfc000,0x00007f5231cfd000] [id=6150]

Stack: [0x00007f5231bfc000,0x00007f5231cfd000],  sp=0x00007f5231cfafe0,  free space=1019k
Native frames: (J=compiled Java code, j=interpreted, Vv=VM code, C=native code)
V  [libjvm.so+0xaac99a]  VMError::report_and_die()+0x2ba
V  [libjvm.so+0x4f333b]  report_vm_out_of_memory(char const*, int, unsigned long, VMErrorType, char const*)+0x8b
V  [libjvm.so+0x90e7c3]  os::Linux::commit_memory_impl(char*, unsigned long, bool)+0x103
V  [libjvm.so+0x90ed19]  os::pd_commit_memory(char*, unsigned long, unsigned long, bool)+0x29
V  [libjvm.so+0x90867a]  os::commit_memory(char*, unsigned long, unsigned long, bool)+0x2a
V  [libjvm.so+0x97bac3]  PSVirtualSpace::expand_by(unsigned long)+0x53
V  [libjvm.so+0x97cec8]  PSYoungGen::resize_generation(unsigned long, unsigned long)+0xf8
V  [libjvm.so+0x97c022]  PSYoungGen::resize(unsigned long, unsigned long)+0x22
V  [libjvm.so+0x9792fb]  PSScavenge::invoke_no_policy()+0xf7b
V  [libjvm.so+0x979a81]  PSScavenge::invoke()+0x41
V  [libjvm.so+0x932050]  ParallelScavengeHeap::failed_mem_allocate(unsigned long)+0x70
V  [libjvm.so+0xaae1d7]  VM_ParallelGCFailedAllocation::doit()+0x97
V  [libjvm.so+0xab59c5]  VM_Operation::evaluate()+0x55
V  [libjvm.so+0xab3d9a]  VMThread::evaluate_operation(VM_Operation*)+0xba
V  [libjvm.so+0xab411e]  VMThread::loop()+0x1ce
V  [libjvm.so+0xab4590]  VMThread::run()+0x70
V  [libjvm.so+0x910de8]  java_start(Thread*)+0x108

VM_Operation (0x00007f52504228d0): ParallelGCFailedAllocation, mode: safepoint, requested by thread 0x00007f524800a000


---------------  P R O C E S S  ---------------

Java Threads: ( => current thread )
  0x00007f52480c2800 JavaThread "Service Thread" daemon [_thread_blocked, id=6177, stack(0x00007f523122c000,0x00007f523132d000)]
  0x00007f52480bd000 JavaThread "C1 CompilerThread2" daemon [_thread_blocked, id=6175, stack(0x00007f523132d000,0x00007f523142e000)]
  0x00007f52480bb800 JavaThread "C2 CompilerThread1" daemon [_thread_blocked, id=6173, stack(0x00007f523142e000,0x00007f523152f000)]
  0x00007f52480b8800 JavaThread "C2 CompilerThread0" daemon [_thread_blocked, id=6166, stack(0x00007f523152f000,0x00007f5231630000)]
  0x00007f52480b7000 JavaThread "Signal Dispatcher" daemon [_thread_blocked, id=6163, stack(0x00007f5231630000,0x00007f5231731000)]
  0x00007f524807f000 JavaThread "Finalizer" daemon [_thread_blocked, id=6155, stack(0x00007f52319fa000,0x00007f5231afb000)]
  0x00007f524807c800 JavaThread "Reference Handler" daemon [_thread_blocked, id=6153, stack(0x00007f5231afb000,0x00007f5231bfc000)]
  0x00007f524800a000 JavaThread "main" [_thread_blocked, id=6130, stack(0x00007f5250324000,0x00007f5250425000)]

Other Threads:
=>0x00007f5248077800 VMThread [stack: 0x00007f5231bfc000,0x00007f5231cfd000] [id=6150]
  0x00007f52480c5000 WatcherThread [stack: 0x00007f523112b000,0x00007f523122c000] [id=6180]

VM state:at safepoint (normal execution)

VM Mutex/Monitor currently owned by a thread:  ([mutex/lock_event])
[0x00007f5248006350] Threads_lock - owner thread: 0x00007f5248077800
[0x00007f5248006850] Heap_lock - owner thread: 0x00007f524800a000

Heap:
 PSYoungGen      total 34304K, used 2544K [0x00000000eab00000, 0x00000000ecf00000, 0x0000000100000000)
  eden space 31744K, 0% used [0x00000000eab00000,0x00000000eab00000,0x00000000eca00000)
  from space 2560K, 99% used [0x00000000eca00000,0x00000000ecc7c028,0x00000000ecc80000)
  to   space 2560K, 0% used [0x00000000ecc80000,0x00000000ecc80000,0x00000000ecf00000)
 ParOldGen       total 42496K, used 13454K [0x00000000c0000000, 0x00000000c2980000, 0x00000000eab00000)
  object space 42496K, 31% used [0x00000000c0000000,0x00000000c0d239c0,0x00000000c2980000)
 Metaspace       used 5802K, capacity 7024K, committed 7296K, reserved 1056768K
  class space    used 546K, capacity 616K, committed 640K, reserved 1048576K

Card table byte_map: [0x00007f524cf03000,0x00007f524d104000] byte_map_base: 0x00007f524c903000

Marking Bits: (ParMarkBitMap*) 0x00007f524f801760
 Begin Bits: [0x00007f5232000000, 0x00007f5233000000)
 End Bits:   [0x00007f5233000000, 0x00007f5234000000)

Polling page: 0x00007f5250448000

CodeCache: size=245760Kb used=6109Kb max_used=6133Kb free=239650Kb
 bounds [0x00007f5239000000, 0x00007f5239610000, 0x00007f5248000000]
 total_blobs=1797 nmethods=1534 adapters=178
 compilation: enabled

Compilation events (10 events):
Event: 54.206 Thread 0x00007f52480bd000 1593       2       java.util.TimSort::sort (229 bytes)
Event: 54.207 Thread 0x00007f52480bd000 nmethod 1593 0x00007f52395f03d0 code [0x00007f52395f05a0, 0x00007f52395f0a38]
Event: 54.218 Thread 0x00007f52480bd000 1594   !   2       com.android.dx.cf.cst.ConstantPoolParser::determineOffsets (285 bytes)
Event: 54.219 Thread 0x00007f52480bd000 nmethod 1594 0x00007f52395f0ed0 code [0x00007f52395f11a0, 0x00007f52395f1db8]
Event: 54.234 Thread 0x00007f52480bd000 1595       2       com.android.dx.rop.annotation.Annotations::<init> (16 bytes)
Event: 54.234 Thread 0x00007f52480bd000 nmethod 1595 0x00007f52395f2c90 code [0x00007f52395f2e00, 0x00007f52395f2fd0]
Event: 54.329 Thread 0x00007f52480b8800 nmethod 1482 0x00007f52395f95d0 code [0x00007f52395f9b00, 0x00007f52395fd2f0]
Event: 54.330 Thread 0x00007f52480b8800 1560       4       com.android.dx.util.IntList::binarysearch (124 bytes)
Event: 54.332 Thread 0x00007f52480b8800 nmethod 1560 0x00007f52395f6350 code [0x00007f52395f64a0, 0x00007f52395f6678]
Event: 54.332 Thread 0x00007f52480b8800 1529       4       java.util.ArrayList::remove (77 bytes)

GC Heap History (9 events):
Event: 50.975 GC heap before
{Heap before GC invocations=1 (full 0):
 PSYoungGen      total 18432K, used 15872K [0x00000000eab00000, 0x00000000ebf80000, 0x0000000100000000)
  eden space 15872K, 100% used [0x00000000eab00000,0x00000000eba80000,0x00000000eba80000)
  from space 2560K, 0% used [0x00000000ebd00000,0x00000000ebd00000,0x00000000ebf80000)
  to   space 2560K, 0% used [0x00000000eba80000,0x00000000eba80000,0x00000000ebd00000)
 ParOldGen       total 42496K, used 0K [0x00000000c0000000, 0x00000000c2980000, 0x00000000eab00000)
  object space 42496K, 0% used [0x00000000c0000000,0x00000000c0000000,0x00000000c2980000)
 Metaspace       used 5396K, capacity 6704K, committed 6784K, reserved 1056768K
  class space    used 541K, capacity 616K, committed 640K, reserved 1048576K
Event: 50.983 GC heap after
Heap after GC invocations=1 (full 0):
 PSYoungGen      total 18432K, used 2551K [0x00000000eab00000, 0x00000000ebf80000, 0x0000000100000000)
  eden space 15872K, 0% used [0x00000000eab00000,0x00000000eab00000,0x00000000eba80000)
  from space 2560K, 99% used [0x00000000eba80000,0x00000000ebcfdc78,0x00000000ebd00000)
  to   space 2560K, 0% used [0x00000000ebd00000,0x00000000ebd00000,0x00000000ebf80000)
 ParOldGen       total 42496K, used 1582K [0x00000000c0000000, 0x00000000c2980000, 0x00000000eab00000)
  object space 42496K, 3% used [0x00000000c0000000,0x00000000c018b818,0x00000000c2980000)
 Metaspace       used 5396K, capacity 6704K, committed 6784K, reserved 1056768K
  class space    used 541K, capacity 616K, committed 640K, reserved 1048576K
}
Event: 51.995 GC heap before
{Heap before GC invocations=2 (full 0):
 PSYoungGen      total 18432K, used 18423K [0x00000000eab00000, 0x00000000ebf80000, 0x0000000100000000)
  eden space 15872K, 100% used [0x00000000eab00000,0x00000000eba80000,0x00000000eba80000)
  from space 2560K, 99% used [0x00000000eba80000,0x00000000ebcfdc78,0x00000000ebd00000)
  to   space 2560K, 0% used [0x00000000ebd00000,0x00000000ebd00000,0x00000000ebf80000)
 ParOldGen       total 42496K, used 1582K [0x00000000c0000000, 0x00000000c2980000, 0x00000000eab00000)
  object space 42496K, 3% used [0x00000000c0000000,0x00000000c018b818,0x00000000c2980000)
 Metaspace       used 5640K, capacity 6896K, committed 7040K, reserved 1056768K
  class space    used 544K, capacity 616K, committed 640K, reserved 1048576K
Event: 52.009 GC heap after
Heap after GC invocations=2 (full 0):
 PSYoungGen      total 18432K, used 2551K [0x00000000eab00000, 0x00000000ebf80000, 0x0000000100000000)
  eden space 15872K, 0% used [0x00000000eab00000,0x00000000eab00000,0x00000000eba80000)
  from space 2560K, 99% used [0x00000000ebd00000,0x00000000ebf7dc88,0x00000000ebf80000)
  to   space 2560K, 0% used [0x00000000eba80000,0x00000000eba80000,0x00000000ebd00000)
 ParOldGen       total 42496K, used 3999K [0x00000000c0000000, 0x00000000c2980000, 0x00000000eab00000)
  object space 42496K, 9% used [0x00000000c0000000,0x00000000c03e7e50,0x00000000c2980000)
 Metaspace       used 5640K, capacity 6896K, committed 7040K, reserved 1056768K
  class space    used 544K, capacity 616K, committed 640K, reserved 1048576K
}
Event: 52.883 GC heap before
{Heap before GC invocations=3 (full 0):
 PSYoungGen      total 18432K, used 18423K [0x00000000eab00000, 0x00000000ebf80000, 0x0000000100000000)
  eden space 15872K, 100% used [0x00000000eab00000,0x00000000eba80000,0x00000000eba80000)
  from space 2560K, 99% used [0x00000000ebd00000,0x00000000ebf7dc88,0x00000000ebf80000)
  to   space 2560K, 0% used [0x00000000eba80000,0x00000000eba80000,0x00000000ebd00000)
 ParOldGen       total 42496K, used 3999K [0x00000000c0000000, 0x00000000c2980000, 0x00000000eab00000)
  object space 42496K, 9% used [0x00000000c0000000,0x00000000c03e7e50,0x00000000c2980000)
 Metaspace       used 5710K, capacity 6960K, committed 7040K, reserved 1056768K
  class space    used 545K, capacity 616K, committed 640K, reserved 1048576K
Event: 52.952 GC heap after
Heap after GC invocations=3 (full 0):
 PSYoungGen      total 18432K, used 2544K [0x00000000eab00000, 0x00000000ecf00000, 0x0000000100000000)
  eden space 15872K, 0% used [0x00000000eab00000,0x00000000eab00000,0x00000000eba80000)
  from space 2560K, 99% used [0x00000000eba80000,0x00000000ebcfc028,0x00000000ebd00000)
  to   space 2560K, 0% used [0x00000000ecc80000,0x00000000ecc80000,0x00000000ecf00000)
 ParOldGen       total 42496K, used 6397K [0x00000000c0000000, 0x00000000c2980000, 0x00000000eab00000)
  object space 42496K, 15% used [0x00000000c0000000,0x00000000c063f5e8,0x00000000c2980000)
 Metaspace       used 5710K, capacity 6960K, committed 7040K, reserved 1056768K
  class space    used 545K, capacity 616K, committed 640K, reserved 1048576K
}
Event: 53.540 GC heap before
{Heap before GC invocations=4 (full 0):
 PSYoungGen      total 18432K, used 18416K [0x00000000eab00000, 0x00000000ecf00000, 0x0000000100000000)
  eden space 15872K, 100% used [0x00000000eab00000,0x00000000eba80000,0x00000000eba80000)
  from space 2560K, 99% used [0x00000000eba80000,0x00000000ebcfc028,0x00000000ebd00000)
  to   space 2560K, 0% used [0x00000000ecc80000,0x00000000ecc80000,0x00000000ecf00000)
 ParOldGen       total 42496K, used 6397K [0x00000000c0000000, 0x00000000c2980000, 0x00000000eab00000)
  object space 42496K, 15% used [0x00000000c0000000,0x00000000c063f5e8,0x00000000c2980000)
 Metaspace       used 5731K, capacity 7024K, committed 7296K, reserved 1056768K
  class space    used 545K, capacity 616K, committed 640K, reserved 1048576K
Event: 53.568 GC heap after
Heap after GC invocations=4 (full 0):
 PSYoungGen      total 34304K, used 2544K [0x00000000eab00000, 0x00000000ecf00000, 0x0000000100000000)
  eden space 31744K, 0% used [0x00000000eab00000,0x00000000eab00000,0x00000000eca00000)
  from space 2560K, 99% used [0x00000000ecc80000,0x00000000ecefc028,0x00000000ecf00000)
  to   space 2560K, 0% used [0x00000000eca00000,0x00000000eca00000,0x00000000ecc80000)
 ParOldGen       total 42496K, used 8692K [0x00000000c0000000, 0x00000000c2980000, 0x00000000eab00000)
  object space 42496K, 20% used [0x00000000c0000000,0x00000000c087d028,0x00000000c2980000)
 Metaspace       used 5731K, capacity 7024K, committed 7296K, reserved 1056768K
  class space    used 545K, capacity 616K, committed 640K, reserved 1048576K
}
Event: 54.363 GC heap before
{Heap before GC invocations=5 (full 0):
 PSYoungGen      total 34304K, used 34288K [0x00000000eab00000, 0x00000000ecf00000, 0x0000000100000000)
  eden space 31744K, 100% used [0x00000000eab00000,0x00000000eca00000,0x00000000eca00000)
  from space 2560K, 99% used [0x00000000ecc80000,0x00000000ecefc028,0x00000000ecf00000)
  to   space 2560K, 0% used [0x00000000eca00000,0x00000000eca00000,0x00000000ecc80000)
 ParOldGen       total 42496K, used 8692K [0x00000000c0000000, 0x00000000c2980000, 0x00000000eab00000)
  object space 42496K, 20% used [0x00000000c0000000,0x00000000c087d028,0x00000000c2980000)
 Metaspace       used 5802K, capacity 7024K, committed 7296K, reserved 1056768K
  class space    used 546K, capacity 616K, committed 640K, reserved 1048576K

Deoptimization events (10 events):
Event: 51.100 Thread 0x00007f524800a000 Uncommon trap: reason=unstable_if action=reinterpret pc=0x00007f523932446c method=com.android.dx.cf.code.Ropper.labelToResultIndex(I)I @ 34
Event: 51.425 Thread 0x00007f524800a000 Uncommon trap: reason=null_check action=make_not_entrant pc=0x00007f5239323950 method=com.android.dx.rop.type.Type.equals(Ljava/lang/Object;)Z @ 8
Event: 51.686 Thread 0x00007f524800a000 Uncommon trap: reason=unstable_if action=reinterpret pc=0x00007f5239455404 method=com.android.dx.util.IntList.binarysearch(I)I @ 105
Event: 53.378 Thread 0x00007f524800a000 Uncommon trap: reason=unstable_if action=reinterpret pc=0x00007f5239513258 method=com.android.dx.ssa.SCCP.simulateStmt(Lcom/android/dx/ssa/SsaInsn;)V @ 53
Event: 53.802 Thread 0x00007f524800a000 Uncommon trap: reason=class_check action=maybe_recompile pc=0x00007f52395be014 method=com.android.dx.ssa.SCCP.simulateBranch(Lcom/android/dx/ssa/SsaInsn;)V @ 145
Event: 54.051 Thread 0x00007f524800a000 Uncommon trap: reason=class_check action=maybe_recompile pc=0x00007f52395be014 method=com.android.dx.ssa.SCCP.simulateBranch(Lcom/android/dx/ssa/SsaInsn;)V @ 145
Event: 54.163 Thread 0x00007f524800a000 Uncommon trap: reason=bimorphic action=maybe_recompile pc=0x00007f52394d502c method=java.util.HashMap.getNode(ILjava/lang/Object;)Ljava/util/HashMap$Node; @ 126
Event: 54.163 Thread 0x00007f524800a000 Uncommon trap: reason=class_check action=maybe_recompile pc=0x00007f523952f1a4 method=java.util.HashMap.putVal(ILjava/lang/Object;Ljava/lang/Object;ZZ)Ljava/lang/Object; @ 203
Event: 54.163 Thread 0x00007f524800a000 Uncommon trap: reason=bimorphic action=maybe_recompile pc=0x00007f52392bb93c method=java.util.HashMap.getNode(ILjava/lang/Object;)Ljava/util/HashMap$Node; @ 126
Event: 54.254 Thread 0x00007f524800a000 Uncommon trap: reason=bimorphic action=maybe_recompile pc=0x00007f52392bb93c method=java.util.HashMap.getNode(ILjava/lang/Object;)Ljava/util/HashMap$Node; @ 126

Internal exceptions (3 events):
Event: 7.157 Thread 0x00007f524800a000 Exception <a 'java/lang/NoSuchMethodError': Method sun.misc.Unsafe.defineClass(Ljava/lang/String;[BII)Ljava/lang/Class; name or signature does not match> (0x00000000eab12a38) thrown at [/RE-WORK/workspace/8-2-build-linux-amd64/jdk8u45/3457/hotspot/src/sha
Event: 7.180 Thread 0x00007f524800a000 Exception <a 'java/lang/NoSuchMethodError': Method sun.misc.Unsafe.prefetchRead(Ljava/lang/Object;J)V name or signature does not match> (0x00000000eab12cc8) thrown at [/RE-WORK/workspace/8-2-build-linux-amd64/jdk8u45/3457/hotspot/src/share/vm/prims/jni.cp
Event: 51.425 Thread 0x00007f524800a000 Implicit null exception at 0x00007f52393238a2 to 0x00007f5239323942

Events (10 events):
Event: 54.163 Thread 0x00007f524800a000 DEOPT UNPACKING pc=0x00007f5239005229 sp=0x00007f5250422978 mode 2
Event: 54.163 Thread 0x00007f524800a000 Uncommon trap: trap_request=0xffffffc6 fr.pc=0x00007f52392bb93c
Event: 54.163 Thread 0x00007f524800a000 DEOPT PACKING pc=0x00007f52392bb93c sp=0x00007f5250422a40
Event: 54.163 Thread 0x00007f524800a000 DEOPT UNPACKING pc=0x00007f5239005229 sp=0x00007f5250422978 mode 2
Event: 54.178 loading class com/android/dx/cf/code/SwitchList
Event: 54.178 loading class com/android/dx/cf/code/SwitchList done
Event: 54.254 Thread 0x00007f524800a000 Uncommon trap: trap_request=0xffffffc6 fr.pc=0x00007f52392bb93c
Event: 54.254 Thread 0x00007f524800a000 DEOPT PACKING pc=0x00007f52392bb93c sp=0x00007f5250422a40
Event: 54.254 Thread 0x00007f524800a000 DEOPT UNPACKING pc=0x00007f5239005229 sp=0x00007f5250422978 mode 2
Event: 54.332 Executing VM operation: ParallelGCFailedAllocation


Dynamic libraries:
00400000-00401000 r-xp 00000000 08:03 1572315                            /opt/java/jdk1.8.0_45/bin/java
00600000-00601000 rw-p 00000000 08:03 1572315                            /opt/java/jdk1.8.0_45/bin/java
01349000-0136a000 rw-p 00000000 00:00 0                                  [heap]
c0000000-c2980000 rw-p 00000000 00:00 0 
c2980000-eab00000 ---p 00000000 00:00 0 
eab00000-ecf00000 rw-p 00000000 00:00 0 
ef700000-100000000 ---p 00000000 00:00 0 
100000000-1000a0000 rw-p 00000000 00:00 0 
1000a0000-140000000 ---p 00000000 00:00 0 
7f51fc000000-7f51fc021000 rw-p 00000000 00:00 0 
7f51fc021000-7f5200000000 ---p 00000000 00:00 0 
7f5200000000-7f5200021000 rw-p 00000000 00:00 0 
7f5200021000-7f5204000000 ---p 00000000 00:00 0 
7f5204000000-7f5205022000 rw-p 00000000 00:00 0 
7f5205022000-7f5208000000 ---p 00000000 00:00 0 
7f5208000000-7f520870f000 rw-p 00000000 00:00 0 
7f520870f000-7f520c000000 ---p 00000000 00:00 0 
7f520c000000-7f520c021000 rw-p 00000000 00:00 0 
7f520c021000-7f5210000000 ---p 00000000 00:00 0 
7f5210000000-7f5210a09000 rw-p 00000000 00:00 0 
7f5210a09000-7f5214000000 ---p 00000000 00:00 0 
7f5214000000-7f5214021000 rw-p 00000000 00:00 0 
7f5214021000-7f5218000000 ---p 00000000 00:00 0 
7f5218000000-7f5218021000 rw-p 00000000 00:00 0 
7f5218021000-7f521c000000 ---p 00000000 00:00 0 
7f521c000000-7f521c021000 rw-p 00000000 00:00 0 
7f521c021000-7f5220000000 ---p 00000000 00:00 0 
7f5224000000-7f5224021000 rw-p 00000000 00:00 0 
7f5224021000-7f5228000000 ---p 00000000 00:00 0 
7f5228000000-7f522828a000 rw-p 00000000 00:00 0 
7f522828a000-7f522c000000 ---p 00000000 00:00 0 
7f522c000000-7f522c021000 rw-p 00000000 00:00 0 
7f522c021000-7f5230000000 ---p 00000000 00:00 0 
7f523112b000-7f523112c000 ---p 00000000 00:00 0 
7f523112c000-7f523122c000 rw-p 00000000 00:00 0                          [stack:6180]
7f523122c000-7f523122f000 ---p 00000000 00:00 0 
7f523122f000-7f523132d000 rw-p 00000000 00:00 0                          [stack:6177]
7f523132d000-7f5231330000 ---p 00000000 00:00 0 
7f5231330000-7f523142e000 rw-p 00000000 00:00 0                          [stack:6175]
7f523142e000-7f5231431000 ---p 00000000 00:00 0 
7f5231431000-7f523152f000 rw-p 00000000 00:00 0                          [stack:6173]
7f523152f000-7f5231532000 ---p 00000000 00:00 0 
7f5231532000-7f5231630000 rw-p 00000000 00:00 0                          [stack:6166]
7f5231630000-7f5231633000 ---p 00000000 00:00 0 
7f5231633000-7f5231731000 rw-p 00000000 00:00 0                          [stack:6163]
7f5231731000-7f52319fa000 r--p 00000000 08:03 266989                     /usr/lib/locale/locale-archive
7f52319fa000-7f52319fd000 ---p 00000000 00:00 0 
7f52319fd000-7f5231afb000 rw-p 00000000 00:00 0                          [stack:6155]
7f5231afb000-7f5231afe000 ---p 00000000 00:00 0 
7f5231afe000-7f5231bfc000 rw-p 00000000 00:00 0                          [stack:6153]
7f5231bfc000-7f5231bfd000 ---p 00000000 00:00 0 
7f5231bfd000-7f5234000000 rw-p 00000000 00:00 0                          [stack:6150]
7f5234000000-7f5234021000 rw-p 00000000 00:00 0 
7f5234021000-7f5238000000 ---p 00000000 00:00 0 
7f523808b000-7f5238096000 r--s 00079000 00:19 11273014                   /home/mike/AndroidStudioProjects/Wordist/app/build/intermediates/exploded-aar/com.google.android.gms/play-services-analytics/7.5.0/jars/classes.jar
7f5238096000-7f5238e80000 rw-p 00000000 00:00 0 
7f5238e80000-7f5239000000 ---p 00000000 00:00 0 
7f5239000000-7f5239610000 rwxp 00000000 00:00 0 
7f5239610000-7f5248000000 ---p 00000000 00:00 0 
7f5248000000-7f52483a9000 rw-p 00000000 00:00 0 
7f52483a9000-7f524c000000 ---p 00000000 00:00 0 
7f524c004000-7f524c013000 r--s 000dd000 00:19 9438599                    /home/mike/Android/Sdk/build-tools/22.0.1/lib/dx.jar
7f524c013000-7f524c55a000 rw-p 00000000 00:00 0 
7f524c55a000-7f524c733000 r--s 03d09000 08:03 1573810                    /opt/java/jdk1.8.0_45/jre/lib/rt.jar
7f524c733000-7f524c9a9000 rw-p 00000000 00:00 0 
7f524c9a9000-7f524c9aa000 ---p 00000000 00:00 0 
7f524c9aa000-7f524caaa000 rw-p 00000000 00:00 0                          [stack:6144]
7f524caaa000-7f524caab000 ---p 00000000 00:00 0 
7f524caab000-7f524cbab000 rw-p 00000000 00:00 0                          [stack:6143]
7f524cbab000-7f524cbac000 ---p 00000000 00:00 0 
7f524cbac000-7f524ccac000 rw-p 00000000 00:00 0                          [stack:6138]
7f524ccac000-7f524ccad000 ---p 00000000 00:00 0 
7f524ccad000-7f524cdc2000 rw-p 00000000 00:00 0                          [stack:6134]
7f524cdc2000-7f524cf03000 ---p 00000000 00:00 0 
7f524cf03000-7f524cf18000 rw-p 00000000 00:00 0 
7f524cf18000-7f524d058000 ---p 00000000 00:00 0 
7f524d058000-7f524d06b000 rw-p 00000000 00:00 0 
7f524d06b000-7f524d103000 ---p 00000000 00:00 0 
7f524d103000-7f524d11d000 rw-p 00000000 00:00 0 
7f524d11d000-7f524d4c4000 ---p 00000000 00:00 0 
7f524d4c4000-7f524d4de000 r-xp 00000000 08:03 1574049                    /opt/java/jdk1.8.0_45/jre/lib/amd64/libzip.so
7f524d4de000-7f524d6de000 ---p 0001a000 08:03 1574049                    /opt/java/jdk1.8.0_45/jre/lib/amd64/libzip.so
7f524d6de000-7f524d6df000 rw-p 0001a000 08:03 1574049                    /opt/java/jdk1.8.0_45/jre/lib/amd64/libzip.so
7f524d6df000-7f524d6ea000 r-xp 00000000 08:03 131807                     /lib/x86_64-linux-gnu/libnss_files-2.19.so
7f524d6ea000-7f524d8e9000 ---p 0000b000 08:03 131807                     /lib/x86_64-linux-gnu/libnss_files-2.19.so
7f524d8e9000-7f524d8ea000 r--p 0000a000 08:03 131807                     /lib/x86_64-linux-gnu/libnss_files-2.19.so
7f524d8ea000-7f524d8eb000 rw-p 0000b000 08:03 131807                     /lib/x86_64-linux-gnu/libnss_files-2.19.so
7f524d8eb000-7f524d8f6000 r-xp 00000000 08:03 131871                     /lib/x86_64-linux-gnu/libnss_nis-2.19.so
7f524d8f6000-7f524daf5000 ---p 0000b000 08:03 131871                     /lib/x86_64-linux-gnu/libnss_nis-2.19.so
7f524daf5000-7f524daf6000 r--p 0000a000 08:03 131871                     /lib/x86_64-linux-gnu/libnss_nis-2.19.so
7f524daf6000-7f524daf7000 rw-p 0000b000 08:03 131871                     /lib/x86_64-linux-gnu/libnss_nis-2.19.so
7f524daf7000-7f524db0e000 r-xp 00000000 08:03 131829                     /lib/x86_64-linux-gnu/libnsl-2.19.so
7f524db0e000-7f524dd0d000 ---p 00017000 08:03 131829                     /lib/x86_64-linux-gnu/libnsl-2.19.so
7f524dd0d000-7f524dd0e000 r--p 00016000 08:03 131829                     /lib/x86_64-linux-gnu/libnsl-2.19.so
7f524dd0e000-7f524dd0f000 rw-p 00017000 08:03 131829                     /lib/x86_64-linux-gnu/libnsl-2.19.so
7f524dd0f000-7f524dd11000 rw-p 00000000 00:00 0 
7f524dd11000-7f524dd1a000 r-xp 00000000 08:03 131828                     /lib/x86_64-linux-gnu/libnss_compat-2.19.so
7f524dd1a000-7f524df19000 ---p 00009000 08:03 131828                     /lib/x86_64-linux-gnu/libnss_compat-2.19.so
7f524df19000-7f524df1a000 r--p 00008000 08:03 131828                     /lib/x86_64-linux-gnu/libnss_compat-2.19.so
7f524df1a000-7f524df1b000 rw-p 00009000 08:03 131828                     /lib/x86_64-linux-gnu/libnss_compat-2.19.so
7f524df1b000-7f524df45000 r-xp 00000000 08:03 1574040                    /opt/java/jdk1.8.0_45/jre/lib/amd64/libjava.so
7f524df45000-7f524e145000 ---p 0002a000 08:03 1574040                    /opt/java/jdk1.8.0_45/jre/lib/amd64/libjava.so
7f524e145000-7f524e147000 rw-p 0002a000 08:03 1574040                    /opt/java/jdk1.8.0_45/jre/lib/amd64/libjava.so
7f524e147000-7f524e154000 r-xp 00000000 08:03 1574047                    /opt/java/jdk1.8.0_45/jre/lib/amd64/libverify.so
7f524e154000-7f524e354000 ---p 0000d000 08:03 1574047                    /opt/java/jdk1.8.0_45/jre/lib/amd64/libverify.so
7f524e354000-7f524e356000 rw-p 0000d000 08:03 1574047                    /opt/java/jdk1.8.0_45/jre/lib/amd64/libverify.so
7f524e356000-7f524e35d000 r-xp 00000000 08:03 131868                     /lib/x86_64-linux-gnu/librt-2.19.so
7f524e35d000-7f524e55c000 ---p 00007000 08:03 131868                     /lib/x86_64-linux-gnu/librt-2.19.so
7f524e55c000-7f524e55d000 r--p 00006000 08:03 131868                     /lib/x86_64-linux-gnu/librt-2.19.so
7f524e55d000-7f524e55e000 rw-p 00007000 08:03 131868                     /lib/x86_64-linux-gnu/librt-2.19.so
7f524e55e000-7f524e663000 r-xp 00000000 08:03 131806                     /lib/x86_64-linux-gnu/libm-2.19.so
7f524e663000-7f524e862000 ---p 00105000 08:03 131806                     /lib/x86_64-linux-gnu/libm-2.19.so
7f524e862000-7f524e863000 r--p 00104000 08:03 131806                     /lib/x86_64-linux-gnu/libm-2.19.so
7f524e863000-7f524e864000 rw-p 00105000 08:03 131806                     /lib/x86_64-linux-gnu/libm-2.19.so
7f524e864000-7f524f512000 r-xp 00000000 08:03 1574060                    /opt/java/jdk1.8.0_45/jre/lib/amd64/server/libjvm.so
7f524f512000-7f524f711000 ---p 00cae000 08:03 1574060                    /opt/java/jdk1.8.0_45/jre/lib/amd64/server/libjvm.so
7f524f711000-7f524f7e8000 rw-p 00cad000 08:03 1574060                    /opt/java/jdk1.8.0_45/jre/lib/amd64/server/libjvm.so
7f524f7e8000-7f524f82c000 rw-p 00000000 00:00 0 
7f524f82c000-7f524f9e7000 r-xp 00000000 08:03 131857                     /lib/x86_64-linux-gnu/libc-2.19.so
7f524f9e7000-7f524fbe6000 ---p 001bb000 08:03 131857                     /lib/x86_64-linux-gnu/libc-2.19.so
7f524fbe6000-7f524fbea000 r--p 001ba000 08:03 131857                     /lib/x86_64-linux-gnu/libc-2.19.so
7f524fbea000-7f524fbec000 rw-p 001be000 08:03 131857                     /lib/x86_64-linux-gnu/libc-2.19.so
7f524fbec000-7f524fbf1000 rw-p 00000000 00:00 0 
7f524fbf1000-7f524fbf4000 r-xp 00000000 08:03 131810                     /lib/x86_64-linux-gnu/libdl-2.19.so
7f524fbf4000-7f524fdf3000 ---p 00003000 08:03 131810                     /lib/x86_64-linux-gnu/libdl-2.19.so
7f524fdf3000-7f524fdf4000 r--p 00002000 08:03 131810                     /lib/x86_64-linux-gnu/libdl-2.19.so
7f524fdf4000-7f524fdf5000 rw-p 00003000 08:03 131810                     /lib/x86_64-linux-gnu/libdl-2.19.so
7f524fdf5000-7f524fe0a000 r-xp 00000000 08:03 1573749                    /opt/java/jdk1.8.0_45/lib/amd64/jli/libjli.so
7f524fe0a000-7f525000a000 ---p 00015000 08:03 1573749                    /opt/java/jdk1.8.0_45/lib/amd64/jli/libjli.so
7f525000a000-7f525000b000 rw-p 00015000 08:03 1573749                    /opt/java/jdk1.8.0_45/lib/amd64/jli/libjli.so
7f525000b000-7f5250024000 r-xp 00000000 08:03 131858                     /lib/x86_64-linux-gnu/libpthread-2.19.so
7f5250024000-7f5250223000 ---p 00019000 08:03 131858                     /lib/x86_64-linux-gnu/libpthread-2.19.so
7f5250223000-7f5250224000 r--p 00018000 08:03 131858                     /lib/x86_64-linux-gnu/libpthread-2.19.so
7f5250224000-7f5250225000 rw-p 00019000 08:03 131858                     /lib/x86_64-linux-gnu/libpthread-2.19.so
7f5250225000-7f5250229000 rw-p 00000000 00:00 0 
7f5250229000-7f525024c000 r-xp 00000000 08:03 131833                     /lib/x86_64-linux-gnu/ld-2.19.so
7f5250252000-7f5250324000 rw-p 00000000 00:00 0 
7f5250324000-7f5250327000 ---p 00000000 00:00 0 
7f5250327000-7f525042a000 rw-p 00000000 00:00 0                          [stack:6130]
7f525042a000-7f525042b000 r--p 00000000 08:03 672594                     /usr/share/locale-langpack/en_GB/LC_MESSAGES/libc.mo
7f525042b000-7f525043f000 rw-p 00000000 00:00 0 
7f525043f000-7f5250447000 rw-s 00000000 08:03 1569950                    /tmp/hsperfdata_mike/6106
7f5250447000-7f5250448000 rw-p 00000000 00:00 0 
7f5250448000-7f5250449000 ---p 00000000 00:00 0 
7f5250449000-7f525044b000 rw-p 00000000 00:00 0 
7f525044b000-7f525044c000 r--p 00022000 08:03 131833                     /lib/x86_64-linux-gnu/ld-2.19.so
7f525044c000-7f525044d000 rw-p 00023000 08:03 131833                     /lib/x86_64-linux-gnu/ld-2.19.so
7f525044d000-7f525044e000 rw-p 00000000 00:00 0 
7fffa0a23000-7fffa0a44000 rw-p 00000000 00:00 0                          [stack]
7fffa0aef000-7fffa0af1000 r-xp 00000000 00:00 0                          [vdso]
ffffffffff600000-ffffffffff601000 r-xp 00000000 00:00 0                  [vsyscall]

VM Arguments:
jvm_args: -Xmx1024M -Dfile.encoding=UTF-8 -Duser.country=GB -Duser.language=en -Duser.variant 
java_command: com.android.dx.command.Main --dex --output /home/mike/AndroidStudioProjects/Wordist/app/build/intermediates/pre-dexed/debug/classes-5ae6288c7a2c285a1f5c65eee856b578a7e5ab4c.jar /home/mike/AndroidStudioProjects/Wordist/app/build/intermediates/exploded-aar/com.google.android.gms/play-services-analytics/7.5.0/jars/classes.jar
java_class_path (initial): /home/mike/Android/Sdk/build-tools/22.0.1/lib/dx.jar
Launcher Type: SUN_STANDARD

Environment Variables:
PATH=/usr/local/sbin:/usr/local/bin:/usr/sbin:/usr/bin:/sbin:/bin:/usr/games:/usr/local/games
USERNAME=mike
LD_LIBRARY_PATH=/opt/android-studio/bin:
SHELL=/bin/bash
DISPLAY=:0

Signal Handlers:
SIGSEGV: [libjvm.so+0xaad1e0], sa_mask[0]=11111111011111111101111111111110, sa_flags=SA_RESTART|SA_SIGINFO
SIGBUS: [libjvm.so+0xaad1e0], sa_mask[0]=11111111011111111101111111111110, sa_flags=SA_RESTART|SA_SIGINFO
SIGFPE: [libjvm.so+0x90b450], sa_mask[0]=11111111011111111101111111111110, sa_flags=SA_RESTART|SA_SIGINFO
SIGPIPE: [libjvm.so+0x90b450], sa_mask[0]=11111111011111111101111111111110, sa_flags=SA_RESTART|SA_SIGINFO
SIGXFSZ: [libjvm.so+0x90b450], sa_mask[0]=11111111011111111101111111111110, sa_flags=SA_RESTART|SA_SIGINFO
SIGILL: [libjvm.so+0x90b450], sa_mask[0]=11111111011111111101111111111110, sa_flags=SA_RESTART|SA_SIGINFO
SIGUSR1: SIG_DFL, sa_mask[0]=00000000000000000000000000000000, sa_flags=none
SIGUSR2: [libjvm.so+0x90ca90], sa_mask[0]=00100000000000000000000000000000, sa_flags=SA_RESTART|SA_SIGINFO
SIGHUP: [libjvm.so+0x90dde0], sa_mask[0]=11111111011111111101111111111110, sa_flags=SA_RESTART|SA_SIGINFO
SIGINT: [libjvm.so+0x90dde0], sa_mask[0]=11111111011111111101111111111110, sa_flags=SA_RESTART|SA_SIGINFO
SIGTERM: [libjvm.so+0x90dde0], sa_mask[0]=11111111011111111101111111111110, sa_flags=SA_RESTART|SA_SIGINFO
SIGQUIT: [libjvm.so+0x90dde0], sa_mask[0]=11111111011111111101111111111110, sa_flags=SA_RESTART|SA_SIGINFO


---------------  S Y S T E M  ---------------

OS:DISTRIB_ID=LinuxMint
DISTRIB_RELEASE=17.2
DISTRIB_CODENAME=rafaela
DISTRIB_DESCRIPTION="Linux Mint 17.2 Rafaela"

uname:Linux 3.13.0-37-generic #64-Ubuntu SMP Mon Sep 22 21:28:38 UTC 2014 x86_64
libc:glibc 2.19 NPTL 2.19 
rlimit: STACK 8192k, CORE 0k, NPROC 30882, NOFILE 4096, AS infinity
load average:16.19 4.87 2.30

/proc/meminfo:
MemTotal:        4048044 kB
MemFree:           97688 kB
Buffers:             320 kB
Cached:            47224 kB
SwapCached:            0 kB
Active:          3558468 kB
Inactive:          40280 kB
Active(anon):    3554532 kB
Inactive(anon):    26880 kB
Active(file):       3936 kB
Inactive(file):    13400 kB
Unevictable:         232 kB
Mlocked:             232 kB
SwapTotal:             0 kB
SwapFree:              0 kB
Dirty:               600 kB
Writeback:             0 kB
AnonPages:       3552560 kB
Mapped:           149196 kB
Shmem:             29144 kB
Slab:              75344 kB
SReclaimable:      23544 kB
SUnreclaim:        51800 kB
KernelStack:        4944 kB
PageTables:        35032 kB
NFS_Unstable:          0 kB
Bounce:                0 kB
WritebackTmp:          0 kB
CommitLimit:     2024020 kB
Committed_AS:    7031572 kB
VmallocTotal:   34359738367 kB
VmallocUsed:      305680 kB
VmallocChunk:   34359427560 kB
HardwareCorrupted:     0 kB
AnonHugePages:   1003520 kB
HugePages_Total:       0
HugePages_Free:        0
HugePages_Rsvd:        0
HugePages_Surp:        0
Hugepagesize:       2048 kB
DirectMap4k:      138816 kB
DirectMap2M:     3006464 kB
DirectMap1G:     1048576 kB


CPU:total 4 (4 cores per cpu, 1 threads per core) family 16 model 4 stepping 2, cmov, cx8, fxsr, mmx, sse, sse2, sse3, popcnt, mmxext, 3dnowpref, lzcnt, sse4a, tsc, tscinvbit, tscinv

/proc/cpuinfo:
processor	: 0
vendor_id	: AuthenticAMD
cpu family	: 16
model		: 4
model name	: AMD Phenom(tm) II X4 955 Processor
stepping	: 2
microcode	: 0x1000086
cpu MHz		: 3200.000
cache size	: 512 KB
physical id	: 0
siblings	: 4
core id		: 0
cpu cores	: 4
apicid		: 0
initial apicid	: 0
fpu		: yes
fpu_exception	: yes
cpuid level	: 5
wp		: yes
flags		: fpu vme de pse tsc msr pae mce cx8 apic sep mtrr pge mca cmov pat pse36 clflush mmx fxsr sse sse2 ht syscall nx mmxext fxsr_opt pdpe1gb rdtscp lm 3dnowext 3dnow constant_tsc rep_good nopl nonstop_tsc extd_apicid pni monitor cx16 popcnt lahf_lm cmp_legacy svm extapic cr8_legacy abm sse4a misalignsse 3dnowprefetch osvw ibs skinit wdt hw_pstate npt lbrv svm_lock nrip_save
bogomips	: 6399.51
TLB size	: 1024 4K pages
clflush size	: 64
cache_alignment	: 64
address sizes	: 48 bits physical, 48 bits virtual
power management: ts ttp tm stc 100mhzsteps hwpstate

processor	: 1
vendor_id	: AuthenticAMD
cpu family	: 16
model		: 4
model name	: AMD Phenom(tm) II X4 955 Processor
stepping	: 2
microcode	: 0x1000086
cpu MHz		: 3200.000
cache size	: 512 KB
physical id	: 0
siblings	: 4
core id		: 1
cpu cores	: 4
apicid		: 1
initial apicid	: 1
fpu		: yes
fpu_exception	: yes
cpuid level	: 5
wp		: yes
flags		: fpu vme de pse tsc msr pae mce cx8 apic sep mtrr pge mca cmov pat pse36 clflush mmx fxsr sse sse2 ht syscall nx mmxext fxsr_opt pdpe1gb rdtscp lm 3dnowext 3dnow constant_tsc rep_good nopl nonstop_tsc extd_apicid pni monitor cx16 popcnt lahf_lm cmp_legacy svm extapic cr8_legacy abm sse4a misalignsse 3dnowprefetch osvw ibs skinit wdt hw_pstate npt lbrv svm_lock nrip_save
bogomips	: 6399.51
TLB size	: 1024 4K pages
clflush size	: 64
cache_alignment	: 64
address sizes	: 48 bits physical, 48 bits virtual
power management: ts ttp tm stc 100mhzsteps hwpstate

processor	: 2
vendor_id	: AuthenticAMD
cpu family	: 16
model		: 4
model name	: AMD Phenom(tm) II X4 955 Processor
stepping	: 2
microcode	: 0x1000086
cpu MHz		: 3200.000
cache size	: 512 KB
physical id	: 0
siblings	: 4
core id		: 2
cpu cores	: 4
apicid		: 2
initial apicid	: 2
fpu		: yes
fpu_exception	: yes
cpuid level	: 5
wp		: yes
flags		: fpu vme de pse tsc msr pae mce cx8 apic sep mtrr pge mca cmov pat pse36 clflush mmx fxsr sse sse2 ht syscall nx mmxext fxsr_opt pdpe1gb rdtscp lm 3dnowext 3dnow constant_tsc rep_good nopl nonstop_tsc extd_apicid pni monitor cx16 popcnt lahf_lm cmp_legacy svm extapic cr8_legacy abm sse4a misalignsse 3dnowprefetch osvw ibs skinit wdt hw_pstate npt lbrv svm_lock nrip_save
bogomips	: 6399.51
TLB size	: 1024 4K pages
clflush size	: 64
cache_alignment	: 64
address sizes	: 48 bits physical, 48 bits virtual
power management: ts ttp tm stc 100mhzsteps hwpstate

processor	: 3
vendor_id	: AuthenticAMD
cpu family	: 16
model		: 4
model name	: AMD Phenom(tm) II X4 955 Processor
stepping	: 2
microcode	: 0x1000086
cpu MHz		: 3200.000
cache size	: 512 KB
physical id	: 0
siblings	: 4
core id		: 3
cpu cores	: 4
apicid		: 3
initial apicid	: 3
fpu		: yes
fpu_exception	: yes
cpuid level	: 5
wp		: yes
flags		: fpu vme de pse tsc msr pae mce cx8 apic sep mtrr pge mca cmov pat pse36 clflush mmx fxsr sse sse2 ht syscall nx mmxext fxsr_opt pdpe1gb rdtscp lm 3dnowext 3dnow constant_tsc rep_good nopl nonstop_tsc extd_apicid pni monitor cx16 popcnt lahf_lm cmp_legacy svm extapic cr8_legacy abm sse4a misalignsse 3dnowprefetch osvw ibs skinit wdt hw_pstate npt lbrv svm_lock nrip_save
bogomips	: 6399.51
TLB size	: 1024 4K pages
clflush size	: 64
cache_alignment	: 64
address sizes	: 48 bits physical, 48 bits virtual
power management: ts ttp tm stc 100mhzsteps hwpstate



Memory: 4k page, physical 4048044k(96028k free), swap 0k(0k free)

vm_info: Java HotSpot(TM) 64-Bit Server VM (25.45-b02) for linux-amd64 JRE (1.8.0_45-b14), built on Apr 10 2015 10:07:45 by "java_re" with gcc 4.3.0 20080428 (Red Hat 4.3.0-8)

time: Thu Aug  6 15:25:08 2015
elapsed time: 54 seconds (0d 0h 0m 54s)

