#
# There is insufficient memory for the Java Runtime Environment to continue.
# Native memory allocation (mmap) failed to map 32505856 bytes for committing reserved memory.
# Possible reasons:
#   The system is out of physical RAM or swap space
#   In 32 bit mode, the process size limit was hit
# Possible solutions:
#   Reduce memory load on the system
#   Increase physical memory or swap space
#   Check if swap backing store is full
#   Use 64 bit Java on a 64 bit OS
#   Decrease Java heap size (-Xmx/-Xms)
#   Decrease number of Java threads
#   Decrease Java thread stack sizes (-Xss)
#   Set larger code cache with -XX:ReservedCodeCacheSize=
# This output file may be truncated or incomplete.
#
#  Out of Memory Error (os_linux.cpp:2673), pid=15543, tid=140525359478528
#
# JRE version: Java(TM) SE Runtime Environment (8.0_45-b14) (build 1.8.0_45-b14)
# Java VM: Java HotSpot(TM) 64-Bit Server VM (25.45-b02 mixed mode linux-amd64 compressed oops)
# Failed to write core dump. Core dumps have been disabled. To enable core dumping, try "ulimit -c unlimited" before starting Java again
#

---------------  T H R E A D  ---------------

Current thread (0x00007fce98077800):  VMThread [stack: 0x00007fce9c123000,0x00007fce9c224000] [id=15552]

Stack: [0x00007fce9c123000,0x00007fce9c224000],  sp=0x00007fce9c222160,  free space=1020k
Native frames: (J=compiled Java code, j=interpreted, Vv=VM code, C=native code)
V  [libjvm.so+0xaac99a]  VMError::report_and_die()+0x2ba
V  [libjvm.so+0x4f333b]  report_vm_out_of_memory(char const*, int, unsigned long, VMErrorType, char const*)+0x8b
V  [libjvm.so+0x90e7c3]  os::Linux::commit_memory_impl(char*, unsigned long, bool)+0x103
V  [libjvm.so+0x90ed19]  os::pd_commit_memory(char*, unsigned long, unsigned long, bool)+0x29
V  [libjvm.so+0x90867a]  os::commit_memory(char*, unsigned long, unsigned long, bool)+0x2a
V  [libjvm.so+0x97bac3]  PSVirtualSpace::expand_by(unsigned long)+0x53
V  [libjvm.so+0x97cec8]  PSYoungGen::resize_generation(unsigned long, unsigned long)+0xf8
V  [libjvm.so+0x97c022]  PSYoungGen::resize(unsigned long, unsigned long)+0x22
V  [libjvm.so+0x9792fb]  PSScavenge::invoke_no_policy()+0xf7b
V  [libjvm.so+0x979a81]  PSScavenge::invoke()+0x41
V  [libjvm.so+0x932050]  ParallelScavengeHeap::failed_mem_allocate(unsigned long)+0x70
V  [libjvm.so+0xaae1d7]  VM_ParallelGCFailedAllocation::doit()+0x97
V  [libjvm.so+0xab59c5]  VM_Operation::evaluate()+0x55
V  [libjvm.so+0xab3d9a]  VMThread::evaluate_operation(VM_Operation*)+0xba
V  [libjvm.so+0xab411e]  VMThread::loop()+0x1ce
V  [libjvm.so+0xab4590]  VMThread::run()+0x70
V  [libjvm.so+0x910de8]  java_start(Thread*)+0x108

VM_Operation (0x00007fcea18a09a0): ParallelGCFailedAllocation, mode: safepoint, requested by thread 0x00007fce9800a000


---------------  P R O C E S S  ---------------

Java Threads: ( => current thread )
  0x00007fce980c2000 JavaThread "Service Thread" daemon [_thread_blocked, id=15559, stack(0x00007fce88731000,0x00007fce88832000)]
  0x00007fce980bd000 JavaThread "C1 CompilerThread2" daemon [_thread_blocked, id=15558, stack(0x00007fce88832000,0x00007fce88933000)]
  0x00007fce980bb800 JavaThread "C2 CompilerThread1" daemon [_thread_blocked, id=15557, stack(0x00007fce88933000,0x00007fce88a34000)]
  0x00007fce980b8800 JavaThread "C2 CompilerThread0" daemon [_thread_blocked, id=15556, stack(0x00007fce88a34000,0x00007fce88b35000)]
  0x00007fce980b7000 JavaThread "Signal Dispatcher" daemon [_thread_blocked, id=15555, stack(0x00007fce88b35000,0x00007fce88c36000)]
  0x00007fce9807f000 JavaThread "Finalizer" daemon [_thread_blocked, id=15554, stack(0x00007fce88eff000,0x00007fce89000000)]
  0x00007fce9807c800 JavaThread "Reference Handler" daemon [_thread_blocked, id=15553, stack(0x00007fce9c022000,0x00007fce9c123000)]
  0x00007fce9800a000 JavaThread "main" [_thread_blocked, id=15545, stack(0x00007fcea17a2000,0x00007fcea18a3000)]

Other Threads:
=>0x00007fce98077800 VMThread [stack: 0x00007fce9c123000,0x00007fce9c224000] [id=15552]
  0x00007fce980c4800 WatcherThread [stack: 0x00007fce88630000,0x00007fce88731000] [id=15560]

VM state:at safepoint (normal execution)

VM Mutex/Monitor currently owned by a thread:  ([mutex/lock_event])
[0x00007fce98006350] Threads_lock - owner thread: 0x00007fce98077800
[0x00007fce98006850] Heap_lock - owner thread: 0x00007fce9800a000

Heap:
 PSYoungGen      total 34304K, used 2528K [0x00000000eab00000, 0x00000000ecf00000, 0x0000000100000000)
  eden space 31744K, 0% used [0x00000000eab00000,0x00000000eab00000,0x00000000eca00000)
  from space 2560K, 98% used [0x00000000eca00000,0x00000000ecc78010,0x00000000ecc80000)
  to   space 2560K, 0% used [0x00000000ecc80000,0x00000000ecc80000,0x00000000ecf00000)
 ParOldGen       total 42496K, used 9367K [0x00000000c0000000, 0x00000000c2980000, 0x00000000eab00000)
  object space 42496K, 22% used [0x00000000c0000000,0x00000000c0925eb0,0x00000000c2980000)
 Metaspace       used 5803K, capacity 7024K, committed 7296K, reserved 1056768K
  class space    used 546K, capacity 616K, committed 640K, reserved 1048576K

Card table byte_map: [0x00007fce9e381000,0x00007fce9e582000] byte_map_base: 0x00007fce9dd81000

Marking Bits: (ParMarkBitMap*) 0x00007fcea0c7f760
 Begin Bits: [0x00007fce82000000, 0x00007fce83000000)
 End Bits:   [0x00007fce83000000, 0x00007fce84000000)

Polling page: 0x00007fcea18c6000

CodeCache: size=245760Kb used=6355Kb max_used=6355Kb free=239404Kb
 bounds [0x00007fce89000000, 0x00007fce89640000, 0x00007fce98000000]
 total_blobs=1778 nmethods=1513 adapters=178
 compilation: enabled

Compilation events (10 events):
Event: 3.743 Thread 0x00007fce980bd000 1559       2       java.util.Arrays::sort (47 bytes)
Event: 3.744 Thread 0x00007fce980bd000 nmethod 1559 0x00007fce8962fa10 code [0x00007fce8962fba0, 0x00007fce8962fdf8]
Event: 3.746 Thread 0x00007fce980bb800 nmethod 1520 0x00007fce8962ff90 code [0x00007fce896303a0, 0x00007fce896329e0]
Event: 3.746 Thread 0x00007fce980bb800 1521       4       java.util.HashMap::getNode (148 bytes)
Event: 3.760 Thread 0x00007fce980bb800 nmethod 1521 0x00007fce8962dad0 code [0x00007fce8962dc40, 0x00007fce8962de98]
Event: 3.760 Thread 0x00007fce980bb800 1516       4       com.android.dx.ssa.SCCP::simulateBlock (54 bytes)
Event: 3.792 Thread 0x00007fce980bd000 1561       2       com.android.dx.dex.file.AnnotationItem::<init> (41 bytes)
Event: 3.792 Thread 0x00007fce980bd000 nmethod 1561 0x00007fce8962a090 code [0x00007fce8962a220, 0x00007fce8962a518]
Event: 3.792 Thread 0x00007fce980bd000 1562       2       com.android.dx.dex.file.AnnotationItem::addContents (27 bytes)
Event: 3.793 Thread 0x00007fce980bd000 nmethod 1562 0x00007fce89629c10 code [0x00007fce89629d80, 0x00007fce89629f58]

GC Heap History (5 events):
Event: 1.806 GC heap before
{Heap before GC invocations=1 (full 0):
 PSYoungGen      total 18432K, used 15872K [0x00000000eab00000, 0x00000000ebf80000, 0x0000000100000000)
  eden space 15872K, 100% used [0x00000000eab00000,0x00000000eba80000,0x00000000eba80000)
  from space 2560K, 0% used [0x00000000ebd00000,0x00000000ebd00000,0x00000000ebf80000)
  to   space 2560K, 0% used [0x00000000eba80000,0x00000000eba80000,0x00000000ebd00000)
 ParOldGen       total 42496K, used 0K [0x00000000c0000000, 0x00000000c2980000, 0x00000000eab00000)
  object space 42496K, 0% used [0x00000000c0000000,0x00000000c0000000,0x00000000c2980000)
 Metaspace       used 5499K, capacity 6768K, committed 7040K, reserved 1056768K
  class space    used 544K, capacity 616K, committed 640K, reserved 1048576K
Event: 1.829 GC heap after
Heap after GC invocations=1 (full 0):
 PSYoungGen      total 18432K, used 2535K [0x00000000eab00000, 0x00000000ecf00000, 0x0000000100000000)
  eden space 15872K, 0% used [0x00000000eab00000,0x00000000eab00000,0x00000000eba80000)
  from space 2560K, 99% used [0x00000000eba80000,0x00000000ebcf9c88,0x00000000ebd00000)
  to   space 2560K, 0% used [0x00000000ecc80000,0x00000000ecc80000,0x00000000ecf00000)
 ParOldGen       total 42496K, used 1916K [0x00000000c0000000, 0x00000000c2980000, 0x00000000eab00000)
  object space 42496K, 4% used [0x00000000c0000000,0x00000000c01df1e0,0x00000000c2980000)
 Metaspace       used 5499K, capacity 6768K, committed 7040K, reserved 1056768K
  class space    used 544K, capacity 616K, committed 640K, reserved 1048576K
}
Event: 2.686 GC heap before
{Heap before GC invocations=2 (full 0):
 PSYoungGen      total 18432K, used 18407K [0x00000000eab00000, 0x00000000ecf00000, 0x0000000100000000)
  eden space 15872K, 100% used [0x00000000eab00000,0x00000000eba80000,0x00000000eba80000)
  from space 2560K, 99% used [0x00000000eba80000,0x00000000ebcf9c88,0x00000000ebd00000)
  to   space 2560K, 0% used [0x00000000ecc80000,0x00000000ecc80000,0x00000000ecf00000)
 ParOldGen       total 42496K, used 1916K [0x00000000c0000000, 0x00000000c2980000, 0x00000000eab00000)
  object space 42496K, 4% used [0x00000000c0000000,0x00000000c01df1e0,0x00000000c2980000)
 Metaspace       used 5691K, capacity 6960K, committed 7040K, reserved 1056768K
  class space    used 544K, capacity 616K, committed 640K, reserved 1048576K
Event: 2.709 GC heap after
Heap after GC invocations=2 (full 0):
 PSYoungGen      total 34304K, used 2535K [0x00000000eab00000, 0x00000000ecf00000, 0x0000000100000000)
  eden space 31744K, 0% used [0x00000000eab00000,0x00000000eab00000,0x00000000eca00000)
  from space 2560K, 99% used [0x00000000ecc80000,0x00000000ecef9c50,0x00000000ecf00000)
  to   space 2560K, 0% used [0x00000000eca00000,0x00000000eca00000,0x00000000ecc80000)
 ParOldGen       total 42496K, used 4387K [0x00000000c0000000, 0x00000000c2980000, 0x00000000eab00000)
  object space 42496K, 10% used [0x00000000c0000000,0x00000000c0448f60,0x00000000c2980000)
 Metaspace       used 5691K, capacity 6960K, committed 7040K, reserved 1056768K
  class space    used 544K, capacity 616K, committed 640K, reserved 1048576K
}
Event: 3.804 GC heap before
{Heap before GC invocations=3 (full 0):
 PSYoungGen      total 34304K, used 34279K [0x00000000eab00000, 0x00000000ecf00000, 0x0000000100000000)
  eden space 31744K, 100% used [0x00000000eab00000,0x00000000eca00000,0x00000000eca00000)
  from space 2560K, 99% used [0x00000000ecc80000,0x00000000ecef9c50,0x00000000ecf00000)
  to   space 2560K, 0% used [0x00000000eca00000,0x00000000eca00000,0x00000000ecc80000)
 ParOldGen       total 42496K, used 4387K [0x00000000c0000000, 0x00000000c2980000, 0x00000000eab00000)
  object space 42496K, 10% used [0x00000000c0000000,0x00000000c0448f60,0x00000000c2980000)
 Metaspace       used 5803K, capacity 7024K, committed 7296K, reserved 1056768K
  class space    used 546K, capacity 616K, committed 640K, reserved 1048576K

Deoptimization events (10 events):
Event: 2.934 Thread 0x00007fce9800a000 Uncommon trap: reason=class_check action=maybe_recompile pc=0x00007fce8947dfdc method=com.android.dx.ssa.NormalSsaInsn.accept(Lcom/android/dx/ssa/SsaInsn$Visitor;)V @ 9
Event: 2.963 Thread 0x00007fce9800a000 Uncommon trap: reason=class_check action=maybe_recompile pc=0x00007fce8947dfdc method=com.android.dx.ssa.NormalSsaInsn.accept(Lcom/android/dx/ssa/SsaInsn$Visitor;)V @ 9
Event: 2.964 Thread 0x00007fce9800a000 Uncommon trap: reason=class_check action=maybe_recompile pc=0x00007fce8929db50 method=com.android.dx.ssa.NormalSsaInsn.accept(Lcom/android/dx/ssa/SsaInsn$Visitor;)V @ 9
Event: 2.964 Thread 0x00007fce9800a000 Uncommon trap: reason=class_check action=maybe_recompile pc=0x00007fce8947dfdc method=com.android.dx.ssa.NormalSsaInsn.accept(Lcom/android/dx/ssa/SsaInsn$Visitor;)V @ 9
Event: 3.093 Thread 0x00007fce9800a000 Uncommon trap: reason=bimorphic action=maybe_recompile pc=0x00007fce892b049c method=java.util.HashMap.getNode(ILjava/lang/Object;)Ljava/util/HashMap$Node; @ 126
Event: 3.093 Thread 0x00007fce9800a000 Uncommon trap: reason=bimorphic action=maybe_recompile pc=0x00007fce892b049c method=java.util.HashMap.getNode(ILjava/lang/Object;)Ljava/util/HashMap$Node; @ 126
Event: 3.093 Thread 0x00007fce9800a000 Uncommon trap: reason=bimorphic action=maybe_recompile pc=0x00007fce892b049c method=java.util.HashMap.getNode(ILjava/lang/Object;)Ljava/util/HashMap$Node; @ 126
Event: 3.093 Thread 0x00007fce9800a000 Uncommon trap: reason=bimorphic action=maybe_recompile pc=0x00007fce893793a4 method=java.util.HashMap.getNode(ILjava/lang/Object;)Ljava/util/HashMap$Node; @ 126
Event: 3.217 Thread 0x00007fce9800a000 Uncommon trap: reason=unstable_if action=reinterpret pc=0x00007fce895506c4 method=com.android.dx.util.LabeledList.set(ILcom/android/dx/util/LabeledItem;)V @ 16
Event: 3.590 Thread 0x00007fce9800a000 Uncommon trap: reason=unstable_if action=reinterpret pc=0x00007fce895e56b4 method=com.android.dx.cf.code.ByteCatchList.listFor(I)Lcom/android/dx/cf/code/ByteCatchList; @ 19

Internal exceptions (2 events):
Event: 0.109 Thread 0x00007fce9800a000 Exception <a 'java/lang/NoSuchMethodError': Method sun.misc.Unsafe.defineClass(Ljava/lang/String;[BII)Ljava/lang/Class; name or signature does not match> (0x00000000eab12a38) thrown at [/RE-WORK/workspace/8-2-build-linux-amd64/jdk8u45/3457/hotspot/src/sha
Event: 0.109 Thread 0x00007fce9800a000 Exception <a 'java/lang/NoSuchMethodError': Method sun.misc.Unsafe.prefetchRead(Ljava/lang/Object;J)V name or signature does not match> (0x00000000eab12cc8) thrown at [/RE-WORK/workspace/8-2-build-linux-amd64/jdk8u45/3457/hotspot/src/share/vm/prims/jni.cp

Events (10 events):
Event: 3.207 loading class java/util/HashMap$ValueIterator done
Event: 3.217 Thread 0x00007fce9800a000 Uncommon trap: trap_request=0xffffff65 fr.pc=0x00007fce895506c4
Event: 3.217 Thread 0x00007fce9800a000 DEOPT PACKING pc=0x00007fce895506c4 sp=0x00007fcea18a0ba0
Event: 3.217 Thread 0x00007fce9800a000 DEOPT UNPACKING pc=0x00007fce89005229 sp=0x00007fcea18a0b88 mode 2
Event: 3.590 Thread 0x00007fce9800a000 Uncommon trap: trap_request=0xffffff65 fr.pc=0x00007fce895e56b4
Event: 3.590 Thread 0x00007fce9800a000 DEOPT PACKING pc=0x00007fce895e56b4 sp=0x00007fcea18a0d10
Event: 3.590 Thread 0x00007fce9800a000 DEOPT UNPACKING pc=0x00007fce89005229 sp=0x00007fcea18a0b58 mode 2
Event: 3.709 loading class com/android/dx/cf/code/BytecodeArray$ConstantParserVisitor
Event: 3.709 loading class com/android/dx/cf/code/BytecodeArray$ConstantParserVisitor done
Event: 3.804 Executing VM operation: ParallelGCFailedAllocation


Dynamic libraries:
00400000-00401000 r-xp 00000000 08:03 1572315                            /opt/java/jdk1.8.0_45/bin/java
00600000-00601000 rw-p 00000000 08:03 1572315                            /opt/java/jdk1.8.0_45/bin/java
007dc000-007fd000 rw-p 00000000 00:00 0                                  [heap]
c0000000-c2980000 rw-p 00000000 00:00 0 
c2980000-eab00000 ---p 00000000 00:00 0 
eab00000-ecf00000 rw-p 00000000 00:00 0 
eee00000-100000000 ---p 00000000 00:00 0 
100000000-1000a0000 rw-p 00000000 00:00 0 
1000a0000-140000000 ---p 00000000 00:00 0 
7fce4c000000-7fce4c021000 rw-p 00000000 00:00 0 
7fce4c021000-7fce50000000 ---p 00000000 00:00 0 
7fce50000000-7fce50021000 rw-p 00000000 00:00 0 
7fce50021000-7fce54000000 ---p 00000000 00:00 0 
7fce54000000-7fce54a88000 rw-p 00000000 00:00 0 
7fce54a88000-7fce58000000 ---p 00000000 00:00 0 
7fce58000000-7fce58794000 rw-p 00000000 00:00 0 
7fce58794000-7fce5c000000 ---p 00000000 00:00 0 
7fce5c000000-7fce5c021000 rw-p 00000000 00:00 0 
7fce5c021000-7fce60000000 ---p 00000000 00:00 0 
7fce60000000-7fce609de000 rw-p 00000000 00:00 0 
7fce609de000-7fce64000000 ---p 00000000 00:00 0 
7fce64000000-7fce64021000 rw-p 00000000 00:00 0 
7fce64021000-7fce68000000 ---p 00000000 00:00 0 
7fce68000000-7fce68021000 rw-p 00000000 00:00 0 
7fce68021000-7fce6c000000 ---p 00000000 00:00 0 
7fce6c000000-7fce6c021000 rw-p 00000000 00:00 0 
7fce6c021000-7fce70000000 ---p 00000000 00:00 0 
7fce70000000-7fce7028a000 rw-p 00000000 00:00 0 
7fce7028a000-7fce74000000 ---p 00000000 00:00 0 
7fce74000000-7fce74021000 rw-p 00000000 00:00 0 
7fce74021000-7fce78000000 ---p 00000000 00:00 0 
7fce7c000000-7fce7c021000 rw-p 00000000 00:00 0 
7fce7c021000-7fce80000000 ---p 00000000 00:00 0 
7fce82000000-7fce84000000 rw-p 00000000 00:00 0 
7fce84000000-7fce84021000 rw-p 00000000 00:00 0 
7fce84021000-7fce88000000 ---p 00000000 00:00 0 
7fce88630000-7fce88631000 ---p 00000000 00:00 0 
7fce88631000-7fce88731000 rw-p 00000000 00:00 0                          [stack:15560]
7fce88731000-7fce88734000 ---p 00000000 00:00 0 
7fce88734000-7fce88832000 rw-p 00000000 00:00 0                          [stack:15559]
7fce88832000-7fce88835000 ---p 00000000 00:00 0 
7fce88835000-7fce88933000 rw-p 00000000 00:00 0                          [stack:15558]
7fce88933000-7fce88936000 ---p 00000000 00:00 0 
7fce88936000-7fce88a34000 rw-p 00000000 00:00 0                          [stack:15557]
7fce88a34000-7fce88a37000 ---p 00000000 00:00 0 
7fce88a37000-7fce88b35000 rw-p 00000000 00:00 0                          [stack:15556]
7fce88b35000-7fce88b38000 ---p 00000000 00:00 0 
7fce88b38000-7fce88c36000 rw-p 00000000 00:00 0                          [stack:15555]
7fce88c36000-7fce88eff000 r--p 00000000 08:03 266989                     /usr/lib/locale/locale-archive
7fce88eff000-7fce88f02000 ---p 00000000 00:00 0 
7fce88f02000-7fce89000000 rw-p 00000000 00:00 0                          [stack:15554]
7fce89000000-7fce89640000 rwxp 00000000 00:00 0 
7fce89640000-7fce98000000 ---p 00000000 00:00 0 
7fce98000000-7fce98389000 rw-p 00000000 00:00 0 
7fce98389000-7fce9c000000 ---p 00000000 00:00 0 
7fce9c00a000-7fce9c013000 r--s 00050000 00:19 11273379                   /home/mike/AndroidStudioProjects/Wordist/app/build/intermediates/exploded-aar/com.google.android.gms/play-services-fitness/7.5.0/jars/classes.jar
7fce9c013000-7fce9c022000 r--s 000dd000 00:19 9438599                    /home/mike/Android/Sdk/build-tools/22.0.1/lib/dx.jar
7fce9c022000-7fce9c025000 ---p 00000000 00:00 0 
7fce9c025000-7fce9c123000 rw-p 00000000 00:00 0                          [stack:15553]
7fce9c123000-7fce9c124000 ---p 00000000 00:00 0 
7fce9c124000-7fce9d1d8000 rw-p 00000000 00:00 0                          [stack:15552]
7fce9d1d8000-7fce9d3b1000 r--s 03d09000 08:03 1573810                    /opt/java/jdk1.8.0_45/jre/lib/rt.jar
7fce9d3b1000-7fce9daa7000 rw-p 00000000 00:00 0 
7fce9daa7000-7fce9dc27000 ---p 00000000 00:00 0 
7fce9dc27000-7fce9de27000 rw-p 00000000 00:00 0 
7fce9de27000-7fce9de28000 ---p 00000000 00:00 0 
7fce9de28000-7fce9df28000 rw-p 00000000 00:00 0                          [stack:15551]
7fce9df28000-7fce9df29000 ---p 00000000 00:00 0 
7fce9df29000-7fce9e029000 rw-p 00000000 00:00 0                          [stack:15550]
7fce9e029000-7fce9e02a000 ---p 00000000 00:00 0 
7fce9e02a000-7fce9e12a000 rw-p 00000000 00:00 0                          [stack:15549]
7fce9e12a000-7fce9e12b000 ---p 00000000 00:00 0 
7fce9e12b000-7fce9e240000 rw-p 00000000 00:00 0                          [stack:15548]
7fce9e240000-7fce9e381000 ---p 00000000 00:00 0 
7fce9e381000-7fce9e396000 rw-p 00000000 00:00 0 
7fce9e396000-7fce9e4d6000 ---p 00000000 00:00 0 
7fce9e4d6000-7fce9e4e9000 rw-p 00000000 00:00 0 
7fce9e4e9000-7fce9e581000 ---p 00000000 00:00 0 
7fce9e581000-7fce9e59b000 rw-p 00000000 00:00 0 
7fce9e59b000-7fce9e942000 ---p 00000000 00:00 0 
7fce9e942000-7fce9e95c000 r-xp 00000000 08:03 1574049                    /opt/java/jdk1.8.0_45/jre/lib/amd64/libzip.so
7fce9e95c000-7fce9eb5c000 ---p 0001a000 08:03 1574049                    /opt/java/jdk1.8.0_45/jre/lib/amd64/libzip.so
7fce9eb5c000-7fce9eb5d000 rw-p 0001a000 08:03 1574049                    /opt/java/jdk1.8.0_45/jre/lib/amd64/libzip.so
7fce9eb5d000-7fce9eb68000 r-xp 00000000 08:03 131807                     /lib/x86_64-linux-gnu/libnss_files-2.19.so
7fce9eb68000-7fce9ed67000 ---p 0000b000 08:03 131807                     /lib/x86_64-linux-gnu/libnss_files-2.19.so
7fce9ed67000-7fce9ed68000 r--p 0000a000 08:03 131807                     /lib/x86_64-linux-gnu/libnss_files-2.19.so
7fce9ed68000-7fce9ed69000 rw-p 0000b000 08:03 131807                     /lib/x86_64-linux-gnu/libnss_files-2.19.so
7fce9ed69000-7fce9ed74000 r-xp 00000000 08:03 131871                     /lib/x86_64-linux-gnu/libnss_nis-2.19.so
7fce9ed74000-7fce9ef73000 ---p 0000b000 08:03 131871                     /lib/x86_64-linux-gnu/libnss_nis-2.19.so
7fce9ef73000-7fce9ef74000 r--p 0000a000 08:03 131871                     /lib/x86_64-linux-gnu/libnss_nis-2.19.so
7fce9ef74000-7fce9ef75000 rw-p 0000b000 08:03 131871                     /lib/x86_64-linux-gnu/libnss_nis-2.19.so
7fce9ef75000-7fce9ef8c000 r-xp 00000000 08:03 131829                     /lib/x86_64-linux-gnu/libnsl-2.19.so
7fce9ef8c000-7fce9f18b000 ---p 00017000 08:03 131829                     /lib/x86_64-linux-gnu/libnsl-2.19.so
7fce9f18b000-7fce9f18c000 r--p 00016000 08:03 131829                     /lib/x86_64-linux-gnu/libnsl-2.19.so
7fce9f18c000-7fce9f18d000 rw-p 00017000 08:03 131829                     /lib/x86_64-linux-gnu/libnsl-2.19.so
7fce9f18d000-7fce9f18f000 rw-p 00000000 00:00 0 
7fce9f18f000-7fce9f198000 r-xp 00000000 08:03 131828                     /lib/x86_64-linux-gnu/libnss_compat-2.19.so
7fce9f198000-7fce9f397000 ---p 00009000 08:03 131828                     /lib/x86_64-linux-gnu/libnss_compat-2.19.so
7fce9f397000-7fce9f398000 r--p 00008000 08:03 131828                     /lib/x86_64-linux-gnu/libnss_compat-2.19.so
7fce9f398000-7fce9f399000 rw-p 00009000 08:03 131828                     /lib/x86_64-linux-gnu/libnss_compat-2.19.so
7fce9f399000-7fce9f3c3000 r-xp 00000000 08:03 1574040                    /opt/java/jdk1.8.0_45/jre/lib/amd64/libjava.so
7fce9f3c3000-7fce9f5c3000 ---p 0002a000 08:03 1574040                    /opt/java/jdk1.8.0_45/jre/lib/amd64/libjava.so
7fce9f5c3000-7fce9f5c5000 rw-p 0002a000 08:03 1574040                    /opt/java/jdk1.8.0_45/jre/lib/amd64/libjava.so
7fce9f5c5000-7fce9f5d2000 r-xp 00000000 08:03 1574047                    /opt/java/jdk1.8.0_45/jre/lib/amd64/libverify.so
7fce9f5d2000-7fce9f7d2000 ---p 0000d000 08:03 1574047                    /opt/java/jdk1.8.0_45/jre/lib/amd64/libverify.so
7fce9f7d2000-7fce9f7d4000 rw-p 0000d000 08:03 1574047                    /opt/java/jdk1.8.0_45/jre/lib/amd64/libverify.so
7fce9f7d4000-7fce9f7db000 r-xp 00000000 08:03 131868                     /lib/x86_64-linux-gnu/librt-2.19.so
7fce9f7db000-7fce9f9da000 ---p 00007000 08:03 131868                     /lib/x86_64-linux-gnu/librt-2.19.so
7fce9f9da000-7fce9f9db000 r--p 00006000 08:03 131868                     /lib/x86_64-linux-gnu/librt-2.19.so
7fce9f9db000-7fce9f9dc000 rw-p 00007000 08:03 131868                     /lib/x86_64-linux-gnu/librt-2.19.so
7fce9f9dc000-7fce9fae1000 r-xp 00000000 08:03 131806                     /lib/x86_64-linux-gnu/libm-2.19.so
7fce9fae1000-7fce9fce0000 ---p 00105000 08:03 131806                     /lib/x86_64-linux-gnu/libm-2.19.so
7fce9fce0000-7fce9fce1000 r--p 00104000 08:03 131806                     /lib/x86_64-linux-gnu/libm-2.19.so
7fce9fce1000-7fce9fce2000 rw-p 00105000 08:03 131806                     /lib/x86_64-linux-gnu/libm-2.19.so
7fce9fce2000-7fcea0990000 r-xp 00000000 08:03 1574060                    /opt/java/jdk1.8.0_45/jre/lib/amd64/server/libjvm.so
7fcea0990000-7fcea0b8f000 ---p 00cae000 08:03 1574060                    /opt/java/jdk1.8.0_45/jre/lib/amd64/server/libjvm.so
7fcea0b8f000-7fcea0c66000 rw-p 00cad000 08:03 1574060                    /opt/java/jdk1.8.0_45/jre/lib/amd64/server/libjvm.so
7fcea0c66000-7fcea0caa000 rw-p 00000000 00:00 0 
7fcea0caa000-7fcea0e65000 r-xp 00000000 08:03 131857                     /lib/x86_64-linux-gnu/libc-2.19.so
7fcea0e65000-7fcea1064000 ---p 001bb000 08:03 131857                     /lib/x86_64-linux-gnu/libc-2.19.so
7fcea1064000-7fcea1068000 r--p 001ba000 08:03 131857                     /lib/x86_64-linux-gnu/libc-2.19.so
7fcea1068000-7fcea106a000 rw-p 001be000 08:03 131857                     /lib/x86_64-linux-gnu/libc-2.19.so
7fcea106a000-7fcea106f000 rw-p 00000000 00:00 0 
7fcea106f000-7fcea1072000 r-xp 00000000 08:03 131810                     /lib/x86_64-linux-gnu/libdl-2.19.so
7fcea1072000-7fcea1271000 ---p 00003000 08:03 131810                     /lib/x86_64-linux-gnu/libdl-2.19.so
7fcea1271000-7fcea1272000 r--p 00002000 08:03 131810                     /lib/x86_64-linux-gnu/libdl-2.19.so
7fcea1272000-7fcea1273000 rw-p 00003000 08:03 131810                     /lib/x86_64-linux-gnu/libdl-2.19.so
7fcea1273000-7fcea1288000 r-xp 00000000 08:03 1573749                    /opt/java/jdk1.8.0_45/lib/amd64/jli/libjli.so
7fcea1288000-7fcea1488000 ---p 00015000 08:03 1573749                    /opt/java/jdk1.8.0_45/lib/amd64/jli/libjli.so
7fcea1488000-7fcea1489000 rw-p 00015000 08:03 1573749                    /opt/java/jdk1.8.0_45/lib/amd64/jli/libjli.so
7fcea1489000-7fcea14a2000 r-xp 00000000 08:03 131858                     /lib/x86_64-linux-gnu/libpthread-2.19.so
7fcea14a2000-7fcea16a1000 ---p 00019000 08:03 131858                     /lib/x86_64-linux-gnu/libpthread-2.19.so
7fcea16a1000-7fcea16a2000 r--p 00018000 08:03 131858                     /lib/x86_64-linux-gnu/libpthread-2.19.so
7fcea16a2000-7fcea16a3000 rw-p 00019000 08:03 131858                     /lib/x86_64-linux-gnu/libpthread-2.19.so
7fcea16a3000-7fcea16a7000 rw-p 00000000 00:00 0 
7fcea16a7000-7fcea16ca000 r-xp 00000000 08:03 131833                     /lib/x86_64-linux-gnu/ld-2.19.so
7fcea16d0000-7fcea17a2000 rw-p 00000000 00:00 0 
7fcea17a2000-7fcea17a5000 ---p 00000000 00:00 0 
7fcea17a5000-7fcea18a8000 rw-p 00000000 00:00 0                          [stack:15545]
7fcea18a8000-7fcea18a9000 r--p 00000000 08:03 672594                     /usr/share/locale-langpack/en_GB/LC_MESSAGES/libc.mo
7fcea18a9000-7fcea18bd000 rw-p 00000000 00:00 0 
7fcea18bd000-7fcea18c5000 rw-s 00000000 08:03 1574186                    /tmp/hsperfdata_mike/15543
7fcea18c5000-7fcea18c6000 rw-p 00000000 00:00 0 
7fcea18c6000-7fcea18c7000 ---p 00000000 00:00 0 
7fcea18c7000-7fcea18c9000 rw-p 00000000 00:00 0 
7fcea18c9000-7fcea18ca000 r--p 00022000 08:03 131833                     /lib/x86_64-linux-gnu/ld-2.19.so
7fcea18ca000-7fcea18cb000 rw-p 00023000 08:03 131833                     /lib/x86_64-linux-gnu/ld-2.19.so
7fcea18cb000-7fcea18cc000 rw-p 00000000 00:00 0 
7fff39888000-7fff398a9000 rw-p 00000000 00:00 0                          [stack]
7fff398c9000-7fff398cb000 r-xp 00000000 00:00 0                          [vdso]
ffffffffff600000-ffffffffff601000 r-xp 00000000 00:00 0                  [vsyscall]

VM Arguments:
jvm_args: -Xmx1024M -Dfile.encoding=UTF-8 -Duser.country=GB -Duser.language=en -Duser.variant 
java_command: com.android.dx.command.Main --dex --output /home/mike/AndroidStudioProjects/Wordist/app/build/intermediates/pre-dexed/release/classes-a01fc196e9b5e27c345b9085d733979499f74bac.jar /home/mike/AndroidStudioProjects/Wordist/app/build/intermediates/exploded-aar/com.google.android.gms/play-services-fitness/7.5.0/jars/classes.jar
java_class_path (initial): /home/mike/Android/Sdk/build-tools/22.0.1/lib/dx.jar
Launcher Type: SUN_STANDARD

Environment Variables:
PATH=/usr/local/sbin:/usr/local/bin:/usr/sbin:/usr/bin:/sbin:/bin:/usr/games:/usr/local/games
USERNAME=mike
LD_LIBRARY_PATH=/opt/android-studio/bin:
SHELL=/bin/bash
DISPLAY=:0

Signal Handlers:
SIGSEGV: [libjvm.so+0xaad1e0], sa_mask[0]=11111111011111111101111111111110, sa_flags=SA_RESTART|SA_SIGINFO
SIGBUS: [libjvm.so+0xaad1e0], sa_mask[0]=11111111011111111101111111111110, sa_flags=SA_RESTART|SA_SIGINFO
SIGFPE: [libjvm.so+0x90b450], sa_mask[0]=11111111011111111101111111111110, sa_flags=SA_RESTART|SA_SIGINFO
SIGPIPE: [libjvm.so+0x90b450], sa_mask[0]=11111111011111111101111111111110, sa_flags=SA_RESTART|SA_SIGINFO
SIGXFSZ: [libjvm.so+0x90b450], sa_mask[0]=11111111011111111101111111111110, sa_flags=SA_RESTART|SA_SIGINFO
SIGILL: [libjvm.so+0x90b450], sa_mask[0]=11111111011111111101111111111110, sa_flags=SA_RESTART|SA_SIGINFO
SIGUSR1: SIG_DFL, sa_mask[0]=00000000000000000000000000000000, sa_flags=none
SIGUSR2: [libjvm.so+0x90ca90], sa_mask[0]=00100000000000000000000000000000, sa_flags=SA_RESTART|SA_SIGINFO
SIGHUP: [libjvm.so+0x90dde0], sa_mask[0]=11111111011111111101111111111110, sa_flags=SA_RESTART|SA_SIGINFO
SIGINT: [libjvm.so+0x90dde0], sa_mask[0]=11111111011111111101111111111110, sa_flags=SA_RESTART|SA_SIGINFO
SIGTERM: [libjvm.so+0x90dde0], sa_mask[0]=11111111011111111101111111111110, sa_flags=SA_RESTART|SA_SIGINFO
SIGQUIT: [libjvm.so+0x90dde0], sa_mask[0]=11111111011111111101111111111110, sa_flags=SA_RESTART|SA_SIGINFO


---------------  S Y S T E M  ---------------

OS:DISTRIB_ID=LinuxMint
DISTRIB_RELEASE=17.2
DISTRIB_CODENAME=rafaela
DISTRIB_DESCRIPTION="Linux Mint 17.2 Rafaela"

uname:Linux 3.13.0-37-generic #64-Ubuntu SMP Mon Sep 22 21:28:38 UTC 2014 x86_64
libc:glibc 2.19 NPTL 2.19 
rlimit: STACK 8192k, CORE 0k, NPROC 30882, NOFILE 4096, AS infinity
load average:6.24 4.52 2.80

/proc/meminfo:
MemTotal:        4048044 kB
MemFree:          111752 kB
Buffers:             220 kB
Cached:            30512 kB
SwapCached:            0 kB
Active:          3144508 kB
Inactive:          24700 kB
Active(anon):    3139964 kB
Inactive(anon):    21236 kB
Active(file):       4544 kB
Inactive(file):     3464 kB
Unevictable:          72 kB
Mlocked:              72 kB
SwapTotal:             0 kB
SwapFree:              0 kB
Dirty:               372 kB
Writeback:             0 kB
AnonPages:       3138660 kB
Mapped:           506484 kB
Shmem:             22308 kB
Slab:              68548 kB
SReclaimable:      23524 kB
SUnreclaim:        45024 kB
KernelStack:        4016 kB
PageTables:        25504 kB
NFS_Unstable:          0 kB
Bounce:                0 kB
WritebackTmp:          0 kB
CommitLimit:     2024020 kB
Committed_AS:    4436148 kB
VmallocTotal:   34359738367 kB
VmallocUsed:      305680 kB
VmallocChunk:   34359427560 kB
HardwareCorrupted:     0 kB
AnonHugePages:   1937408 kB
HugePages_Total:       0
HugePages_Free:        0
HugePages_Rsvd:        0
HugePages_Surp:        0
Hugepagesize:       2048 kB
DirectMap4k:      161344 kB
DirectMap2M:     2983936 kB
DirectMap1G:     1048576 kB


CPU:total 4 (4 cores per cpu, 1 threads per core) family 16 model 4 stepping 2, cmov, cx8, fxsr, mmx, sse, sse2, sse3, popcnt, mmxext, 3dnowpref, lzcnt, sse4a, tsc, tscinvbit, tscinv

/proc/cpuinfo:
processor	: 0
vendor_id	: AuthenticAMD
cpu family	: 16
model		: 4
model name	: AMD Phenom(tm) II X4 955 Processor
stepping	: 2
microcode	: 0x1000086
cpu MHz		: 3200.000
cache size	: 512 KB
physical id	: 0
siblings	: 4
core id		: 0
cpu cores	: 4
apicid		: 0
initial apicid	: 0
fpu		: yes
fpu_exception	: yes
cpuid level	: 5
wp		: yes
flags		: fpu vme de pse tsc msr pae mce cx8 apic sep mtrr pge mca cmov pat pse36 clflush mmx fxsr sse sse2 ht syscall nx mmxext fxsr_opt pdpe1gb rdtscp lm 3dnowext 3dnow constant_tsc rep_good nopl nonstop_tsc extd_apicid pni monitor cx16 popcnt lahf_lm cmp_legacy svm extapic cr8_legacy abm sse4a misalignsse 3dnowprefetch osvw ibs skinit wdt hw_pstate npt lbrv svm_lock nrip_save
bogomips	: 6399.94
TLB size	: 1024 4K pages
clflush size	: 64
cache_alignment	: 64
address sizes	: 48 bits physical, 48 bits virtual
power management: ts ttp tm stc 100mhzsteps hwpstate

processor	: 1
vendor_id	: AuthenticAMD
cpu family	: 16
model		: 4
model name	: AMD Phenom(tm) II X4 955 Processor
stepping	: 2
microcode	: 0x1000086
cpu MHz		: 3200.000
cache size	: 512 KB
physical id	: 0
siblings	: 4
core id		: 1
cpu cores	: 4
apicid		: 1
initial apicid	: 1
fpu		: yes
fpu_exception	: yes
cpuid level	: 5
wp		: yes
flags		: fpu vme de pse tsc msr pae mce cx8 apic sep mtrr pge mca cmov pat pse36 clflush mmx fxsr sse sse2 ht syscall nx mmxext fxsr_opt pdpe1gb rdtscp lm 3dnowext 3dnow constant_tsc rep_good nopl nonstop_tsc extd_apicid pni monitor cx16 popcnt lahf_lm cmp_legacy svm extapic cr8_legacy abm sse4a misalignsse 3dnowprefetch osvw ibs skinit wdt hw_pstate npt lbrv svm_lock nrip_save
bogomips	: 6399.94
TLB size	: 1024 4K pages
clflush size	: 64
cache_alignment	: 64
address sizes	: 48 bits physical, 48 bits virtual
power management: ts ttp tm stc 100mhzsteps hwpstate

processor	: 2
vendor_id	: AuthenticAMD
cpu family	: 16
model		: 4
model name	: AMD Phenom(tm) II X4 955 Processor
stepping	: 2
microcode	: 0x1000086
cpu MHz		: 3200.000
cache size	: 512 KB
physical id	: 0
siblings	: 4
core id		: 2
cpu cores	: 4
apicid		: 2
initial apicid	: 2
fpu		: yes
fpu_exception	: yes
cpuid level	: 5
wp		: yes
flags		: fpu vme de pse tsc msr pae mce cx8 apic sep mtrr pge mca cmov pat pse36 clflush mmx fxsr sse sse2 ht syscall nx mmxext fxsr_opt pdpe1gb rdtscp lm 3dnowext 3dnow constant_tsc rep_good nopl nonstop_tsc extd_apicid pni monitor cx16 popcnt lahf_lm cmp_legacy svm extapic cr8_legacy abm sse4a misalignsse 3dnowprefetch osvw ibs skinit wdt hw_pstate npt lbrv svm_lock nrip_save
bogomips	: 6399.94
TLB size	: 1024 4K pages
clflush size	: 64
cache_alignment	: 64
address sizes	: 48 bits physical, 48 bits virtual
power management: ts ttp tm stc 100mhzsteps hwpstate

processor	: 3
vendor_id	: AuthenticAMD
cpu family	: 16
model		: 4
model name	: AMD Phenom(tm) II X4 955 Processor
stepping	: 2
microcode	: 0x1000086
cpu MHz		: 3200.000
cache size	: 512 KB
physical id	: 0
siblings	: 4
core id		: 3
cpu cores	: 4
apicid		: 3
initial apicid	: 3
fpu		: yes
fpu_exception	: yes
cpuid level	: 5
wp		: yes
flags		: fpu vme de pse tsc msr pae mce cx8 apic sep mtrr pge mca cmov pat pse36 clflush mmx fxsr sse sse2 ht syscall nx mmxext fxsr_opt pdpe1gb rdtscp lm 3dnowext 3dnow constant_tsc rep_good nopl nonstop_tsc extd_apicid pni monitor cx16 popcnt lahf_lm cmp_legacy svm extapic cr8_legacy abm sse4a misalignsse 3dnowprefetch osvw ibs skinit wdt hw_pstate npt lbrv svm_lock nrip_save
bogomips	: 6399.94
TLB size	: 1024 4K pages
clflush size	: 64
cache_alignment	: 64
address sizes	: 48 bits physical, 48 bits virtual
power management: ts ttp tm stc 100mhzsteps hwpstate



Memory: 4k page, physical 4048044k(115644k free), swap 0k(0k free)

vm_info: Java HotSpot(TM) 64-Bit Server VM (25.45-b02) for linux-amd64 JRE (1.8.0_45-b14), built on Apr 10 2015 10:07:45 by "java_re" with gcc 4.3.0 20080428 (Red Hat 4.3.0-8)

time: Thu Aug 13 01:27:31 2015
elapsed time: 4 seconds (0d 0h 0m 4s)

