#
# There is insufficient memory for the Java Runtime Environment to continue.
# Native memory allocation (mmap) failed to map 88080384 bytes for committing reserved memory.
# Possible reasons:
#   The system is out of physical RAM or swap space
#   In 32 bit mode, the process size limit was hit
# Possible solutions:
#   Reduce memory load on the system
#   Increase physical memory or swap space
#   Check if swap backing store is full
#   Use 64 bit Java on a 64 bit OS
#   Decrease Java heap size (-Xmx/-Xms)
#   Decrease number of Java threads
#   Decrease Java thread stack sizes (-Xss)
#   Set larger code cache with -XX:ReservedCodeCacheSize=
# This output file may be truncated or incomplete.
#
#  Out of Memory Error (os_linux.cpp:2673), pid=7603, tid=140718133020416
#
# JRE version: Java(TM) SE Runtime Environment (8.0_45-b14) (build 1.8.0_45-b14)
# Java VM: Java HotSpot(TM) 64-Bit Server VM (25.45-b02 mixed mode linux-amd64 compressed oops)
# Failed to write core dump. Core dumps have been disabled. To enable core dumping, try "ulimit -c unlimited" before starting Java again
#

---------------  T H R E A D  ---------------

Current thread (0x00007ffb90077800):  VMThread [stack: 0x00007ffb7e450000,0x00007ffb7e551000] [id=7612]

Stack: [0x00007ffb7e450000,0x00007ffb7e551000],  sp=0x00007ffb7e54ef60,  free space=1019k
Native frames: (J=compiled Java code, j=interpreted, Vv=VM code, C=native code)
V  [libjvm.so+0xaac99a]  VMError::report_and_die()+0x2ba
V  [libjvm.so+0x4f333b]  report_vm_out_of_memory(char const*, int, unsigned long, VMErrorType, char const*)+0x8b
V  [libjvm.so+0x90e7c3]  os::Linux::commit_memory_impl(char*, unsigned long, bool)+0x103
V  [libjvm.so+0x90ed19]  os::pd_commit_memory(char*, unsigned long, unsigned long, bool)+0x29
V  [libjvm.so+0x90867a]  os::commit_memory(char*, unsigned long, unsigned long, bool)+0x2a
V  [libjvm.so+0x97bac3]  PSVirtualSpace::expand_by(unsigned long)+0x53
V  [libjvm.so+0x97cec8]  PSYoungGen::resize_generation(unsigned long, unsigned long)+0xf8
V  [libjvm.so+0x97c022]  PSYoungGen::resize(unsigned long, unsigned long)+0x22
V  [libjvm.so+0x9792fb]  PSScavenge::invoke_no_policy()+0xf7b
V  [libjvm.so+0x979a81]  PSScavenge::invoke()+0x41
V  [libjvm.so+0x932050]  ParallelScavengeHeap::failed_mem_allocate(unsigned long)+0x70
V  [libjvm.so+0xaae1d7]  VM_ParallelGCFailedAllocation::doit()+0x97
V  [libjvm.so+0xab59c5]  VM_Operation::evaluate()+0x55
V  [libjvm.so+0xab3d9a]  VMThread::evaluate_operation(VM_Operation*)+0xba
V  [libjvm.so+0xab411e]  VMThread::loop()+0x1ce
V  [libjvm.so+0xab4590]  VMThread::run()+0x70
V  [libjvm.so+0x910de8]  java_start(Thread*)+0x108

VM_Operation (0x00007ffb98bd1810): ParallelGCFailedAllocation, mode: safepoint, requested by thread 0x00007ffb9000a000


---------------  P R O C E S S  ---------------

Java Threads: ( => current thread )
  0x00007ffb900c0000 JavaThread "Service Thread" daemon [_thread_blocked, id=7619, stack(0x00007ffb7da80000,0x00007ffb7db81000)]
  0x00007ffb900bb000 JavaThread "C1 CompilerThread2" daemon [_thread_blocked, id=7618, stack(0x00007ffb7db81000,0x00007ffb7dc82000)]
  0x00007ffb900b9800 JavaThread "C2 CompilerThread1" daemon [_thread_in_native, id=7617, stack(0x00007ffb7dc82000,0x00007ffb7dd83000)]
  0x00007ffb900b6800 JavaThread "C2 CompilerThread0" daemon [_thread_blocked, id=7616, stack(0x00007ffb7dd83000,0x00007ffb7de84000)]
  0x00007ffb900b5000 JavaThread "Signal Dispatcher" daemon [_thread_blocked, id=7615, stack(0x00007ffb7de84000,0x00007ffb7df85000)]
  0x00007ffb9007f000 JavaThread "Finalizer" daemon [_thread_blocked, id=7614, stack(0x00007ffb7e24e000,0x00007ffb7e34f000)]
  0x00007ffb9007c800 JavaThread "Reference Handler" daemon [_thread_blocked, id=7613, stack(0x00007ffb7e34f000,0x00007ffb7e450000)]
  0x00007ffb9000a000 JavaThread "main" [_thread_blocked, id=7605, stack(0x00007ffb98ad3000,0x00007ffb98bd4000)]

Other Threads:
=>0x00007ffb90077800 VMThread [stack: 0x00007ffb7e450000,0x00007ffb7e551000] [id=7612]
  0x00007ffb900c2800 WatcherThread [stack: 0x00007ffb7d97f000,0x00007ffb7da80000] [id=7620]

VM state:at safepoint (normal execution)

VM Mutex/Monitor currently owned by a thread:  ([mutex/lock_event])
[0x00007ffb90006350] Threads_lock - owner thread: 0x00007ffb90077800
[0x00007ffb90006850] Heap_lock - owner thread: 0x00007ffb9000a000

Heap:
 PSYoungGen      total 66048K, used 2551K [0x00000000eab00000, 0x00000000eee00000, 0x0000000100000000)
  eden space 63488K, 0% used [0x00000000eab00000,0x00000000eab00000,0x00000000ee900000)
  from space 2560K, 99% used [0x00000000ee900000,0x00000000eeb7ddf0,0x00000000eeb80000)
  to   space 2560K, 0% used [0x00000000eeb80000,0x00000000eeb80000,0x00000000eee00000)
 ParOldGen       total 42496K, used 25492K [0x00000000c0000000, 0x00000000c2980000, 0x00000000eab00000)
  object space 42496K, 59% used [0x00000000c0000000,0x00000000c18e52c0,0x00000000c2980000)
 Metaspace       used 5917K, capacity 7088K, committed 7296K, reserved 1056768K
  class space    used 546K, capacity 616K, committed 640K, reserved 1048576K

Card table byte_map: [0x00007ffb956b2000,0x00007ffb958b3000] byte_map_base: 0x00007ffb950b2000

Marking Bits: (ParMarkBitMap*) 0x00007ffb97fb0760
 Begin Bits: [0x00007ffb7f000000, 0x00007ffb80000000)
 End Bits:   [0x00007ffb80000000, 0x00007ffb81000000)

Polling page: 0x00007ffb98bf7000

CodeCache: size=245760Kb used=7146Kb max_used=7149Kb free=238613Kb
 bounds [0x00007ffb81000000, 0x00007ffb81710000, 0x00007ffb90000000]
 total_blobs=1953 nmethods=1690 adapters=178
 compilation: enabled

Compilation events (10 events):
Event: 6.023 Thread 0x00007ffb900bb000 1722       2       com.android.dx.ssa.SsaBasicBlock::setRegsUsed (27 bytes)
Event: 6.024 Thread 0x00007ffb900bb000 nmethod 1722 0x00007ffb816d6ed0 code [0x00007ffb816d7060, 0x00007ffb816d7258]
Event: 6.221 Thread 0x00007ffb900bb000 1725       2       com.android.dx.rop.cst.CstLiteral64::equals (36 bytes)
Event: 6.221 Thread 0x00007ffb900bb000 nmethod 1725 0x00007ffb816db0d0 code [0x00007ffb816db240, 0x00007ffb816db410]
Event: 6.229 Thread 0x00007ffb900bb000 1726       2       com.android.dx.util.ByteArray::getShort (25 bytes)
Event: 6.229 Thread 0x00007ffb900bb000 nmethod 1726 0x00007ffb816dac10 code [0x00007ffb816dad80, 0x00007ffb816daf68]
Event: 6.241 Thread 0x00007ffb900bb000 1727       2       java.util.BitSet::trimToSize (32 bytes)
Event: 6.241 Thread 0x00007ffb900bb000 nmethod 1727 0x00007ffb816da690 code [0x00007ffb816da800, 0x00007ffb816daad8]
Event: 6.276 Thread 0x00007ffb900bb000 1728       2       com.android.dx.ssa.back.FirstFitLocalCombiningAllocator::isEven (12 bytes)
Event: 6.276 Thread 0x00007ffb900bb000 nmethod 1728 0x00007ffb816d5e50 code [0x00007ffb816d5fa0, 0x00007ffb816d60f0]

GC Heap History (9 events):
Event: 2.144 GC heap before
{Heap before GC invocations=1 (full 0):
 PSYoungGen      total 18432K, used 15872K [0x00000000eab00000, 0x00000000ebf80000, 0x0000000100000000)
  eden space 15872K, 100% used [0x00000000eab00000,0x00000000eba80000,0x00000000eba80000)
  from space 2560K, 0% used [0x00000000ebd00000,0x00000000ebd00000,0x00000000ebf80000)
  to   space 2560K, 0% used [0x00000000eba80000,0x00000000eba80000,0x00000000ebd00000)
 ParOldGen       total 42496K, used 0K [0x00000000c0000000, 0x00000000c2980000, 0x00000000eab00000)
  object space 42496K, 0% used [0x00000000c0000000,0x00000000c0000000,0x00000000c2980000)
 Metaspace       used 5461K, capacity 6704K, committed 6784K, reserved 1056768K
  class space    used 544K, capacity 616K, committed 640K, reserved 1048576K
Event: 2.174 GC heap after
Heap after GC invocations=1 (full 0):
 PSYoungGen      total 18432K, used 2554K [0x00000000eab00000, 0x00000000ecf00000, 0x0000000100000000)
  eden space 15872K, 0% used [0x00000000eab00000,0x00000000eab00000,0x00000000eba80000)
  from space 2560K, 99% used [0x00000000eba80000,0x00000000ebcfeab8,0x00000000ebd00000)
  to   space 2560K, 0% used [0x00000000ecc80000,0x00000000ecc80000,0x00000000ecf00000)
 ParOldGen       total 42496K, used 1544K [0x00000000c0000000, 0x00000000c2980000, 0x00000000eab00000)
  object space 42496K, 3% used [0x00000000c0000000,0x00000000c01821f0,0x00000000c2980000)
 Metaspace       used 5461K, capacity 6704K, committed 6784K, reserved 1056768K
  class space    used 544K, capacity 616K, committed 640K, reserved 1048576K
}
Event: 2.955 GC heap before
{Heap before GC invocations=2 (full 0):
 PSYoungGen      total 18432K, used 18426K [0x00000000eab00000, 0x00000000ecf00000, 0x0000000100000000)
  eden space 15872K, 100% used [0x00000000eab00000,0x00000000eba80000,0x00000000eba80000)
  from space 2560K, 99% used [0x00000000eba80000,0x00000000ebcfeab8,0x00000000ebd00000)
  to   space 2560K, 0% used [0x00000000ecc80000,0x00000000ecc80000,0x00000000ecf00000)
 ParOldGen       total 42496K, used 1544K [0x00000000c0000000, 0x00000000c2980000, 0x00000000eab00000)
  object space 42496K, 3% used [0x00000000c0000000,0x00000000c01821f0,0x00000000c2980000)
 Metaspace       used 5707K, capacity 6960K, committed 7040K, reserved 1056768K
  class space    used 546K, capacity 616K, committed 640K, reserved 1048576K
Event: 2.977 GC heap after
Heap after GC invocations=2 (full 0):
 PSYoungGen      total 34304K, used 2551K [0x00000000eab00000, 0x00000000ecf00000, 0x0000000100000000)
  eden space 31744K, 0% used [0x00000000eab00000,0x00000000eab00000,0x00000000eca00000)
  from space 2560K, 99% used [0x00000000ecc80000,0x00000000ecefdc88,0x00000000ecf00000)
  to   space 2560K, 0% used [0x00000000eca00000,0x00000000eca00000,0x00000000ecc80000)
 ParOldGen       total 42496K, used 3959K [0x00000000c0000000, 0x00000000c2980000, 0x00000000eab00000)
  object space 42496K, 9% used [0x00000000c0000000,0x00000000c03ddfd0,0x00000000c2980000)
 Metaspace       used 5707K, capacity 6960K, committed 7040K, reserved 1056768K
  class space    used 546K, capacity 616K, committed 640K, reserved 1048576K
}
Event: 3.882 GC heap before
{Heap before GC invocations=3 (full 0):
 PSYoungGen      total 34304K, used 34295K [0x00000000eab00000, 0x00000000ecf00000, 0x0000000100000000)
  eden space 31744K, 100% used [0x00000000eab00000,0x00000000eca00000,0x00000000eca00000)
  from space 2560K, 99% used [0x00000000ecc80000,0x00000000ecefdc88,0x00000000ecf00000)
  to   space 2560K, 0% used [0x00000000eca00000,0x00000000eca00000,0x00000000ecc80000)
 ParOldGen       total 42496K, used 3959K [0x00000000c0000000, 0x00000000c2980000, 0x00000000eab00000)
  object space 42496K, 9% used [0x00000000c0000000,0x00000000c03ddfd0,0x00000000c2980000)
 Metaspace       used 5839K, capacity 7024K, committed 7296K, reserved 1056768K
  class space    used 546K, capacity 616K, committed 640K, reserved 1048576K
Event: 3.926 GC heap after
Heap after GC invocations=3 (full 0):
 PSYoungGen      total 34304K, used 2560K [0x00000000eab00000, 0x00000000eee00000, 0x0000000100000000)
  eden space 31744K, 0% used [0x00000000eab00000,0x00000000eab00000,0x00000000eca00000)
  from space 2560K, 100% used [0x00000000eca00000,0x00000000ecc80000,0x00000000ecc80000)
  to   space 2560K, 0% used [0x00000000eeb80000,0x00000000eeb80000,0x00000000eee00000)
 ParOldGen       total 42496K, used 9391K [0x00000000c0000000, 0x00000000c2980000, 0x00000000eab00000)
  object space 42496K, 22% used [0x00000000c0000000,0x00000000c092bc60,0x00000000c2980000)
 Metaspace       used 5839K, capacity 7024K, committed 7296K, reserved 1056768K
  class space    used 546K, capacity 616K, committed 640K, reserved 1048576K
}
Event: 4.737 GC heap before
{Heap before GC invocations=4 (full 0):
 PSYoungGen      total 34304K, used 34216K [0x00000000eab00000, 0x00000000eee00000, 0x0000000100000000)
  eden space 31744K, 99% used [0x00000000eab00000,0x00000000ec9ea0a8,0x00000000eca00000)
  from space 2560K, 100% used [0x00000000eca00000,0x00000000ecc80000,0x00000000ecc80000)
  to   space 2560K, 0% used [0x00000000eeb80000,0x00000000eeb80000,0x00000000eee00000)
 ParOldGen       total 42496K, used 9391K [0x00000000c0000000, 0x00000000c2980000, 0x00000000eab00000)
  object space 42496K, 22% used [0x00000000c0000000,0x00000000c092bc60,0x00000000c2980000)
 Metaspace       used 5898K, capacity 7088K, committed 7296K, reserved 1056768K
  class space    used 546K, capacity 616K, committed 640K, reserved 1048576K
Event: 4.786 GC heap after
Heap after GC invocations=4 (full 0):
 PSYoungGen      total 66048K, used 2560K [0x00000000eab00000, 0x00000000eee00000, 0x0000000100000000)
  eden space 63488K, 0% used [0x00000000eab00000,0x00000000eab00000,0x00000000ee900000)
  from space 2560K, 100% used [0x00000000eeb80000,0x00000000eee00000,0x00000000eee00000)
  to   space 2560K, 0% used [0x00000000ee900000,0x00000000ee900000,0x00000000eeb80000)
 ParOldGen       total 42496K, used 15307K [0x00000000c0000000, 0x00000000c2980000, 0x00000000eab00000)
  object space 42496K, 36% used [0x00000000c0000000,0x00000000c0ef2f90,0x00000000c2980000)
 Metaspace       used 5898K, capacity 7088K, committed 7296K, reserved 1056768K
  class space    used 546K, capacity 616K, committed 640K, reserved 1048576K
}
Event: 6.316 GC heap before
{Heap before GC invocations=5 (full 0):
 PSYoungGen      total 66048K, used 66048K [0x00000000eab00000, 0x00000000eee00000, 0x0000000100000000)
  eden space 63488K, 100% used [0x00000000eab00000,0x00000000ee900000,0x00000000ee900000)
  from space 2560K, 100% used [0x00000000eeb80000,0x00000000eee00000,0x00000000eee00000)
  to   space 2560K, 0% used [0x00000000ee900000,0x00000000ee900000,0x00000000eeb80000)
 ParOldGen       total 42496K, used 15307K [0x00000000c0000000, 0x00000000c2980000, 0x00000000eab00000)
  object space 42496K, 36% used [0x00000000c0000000,0x00000000c0ef2f90,0x00000000c2980000)
 Metaspace       used 5917K, capacity 7088K, committed 7296K, reserved 1056768K
  class space    used 546K, capacity 616K, committed 640K, reserved 1048576K

Deoptimization events (10 events):
Event: 2.922 Thread 0x00007ffb9000a000 Uncommon trap: reason=bimorphic action=maybe_recompile pc=0x00007ffb814273a4 method=java.util.HashMap.getNode(ILjava/lang/Object;)Ljava/util/HashMap$Node; @ 126
Event: 3.359 Thread 0x00007ffb9000a000 Uncommon trap: reason=unstable_if action=reinterpret pc=0x00007ffb815c7cb0 method=com.android.dx.ssa.SCCP.simulateStmt(Lcom/android/dx/ssa/SsaInsn;)V @ 59
Event: 3.837 Thread 0x00007ffb9000a000 Uncommon trap: reason=null_check action=make_not_entrant pc=0x00007ffb8145bf50 method=com.android.dx.rop.type.Type.equals(Ljava/lang/Object;)Z @ 8
Event: 4.701 Thread 0x00007ffb9000a000 Uncommon trap: reason=unstable_if action=reinterpret pc=0x00007ffb81646e78 method=com.android.dx.ssa.SCCP.simulateBranch(Lcom/android/dx/ssa/SsaInsn;)V @ 140
Event: 5.230 Thread 0x00007ffb9000a000 Uncommon trap: reason=null_check action=make_not_entrant pc=0x00007ffb8150d140 method=com.android.dx.ssa.SsaRenamer.getLocalForNewReg(I)Lcom/android/dx/rop/code/LocalItem; @ 19
Event: 5.310 Thread 0x00007ffb9000a000 Uncommon trap: reason=class_check action=maybe_recompile pc=0x00007ffb8151b9f8 method=java.util.HashMap.putVal(ILjava/lang/Object;Ljava/lang/Object;ZZ)Ljava/lang/Object; @ 203
Event: 6.175 Thread 0x00007ffb9000a000 Uncommon trap: reason=bimorphic action=maybe_recompile pc=0x00007ffb816c1e2c method=com.android.dx.cf.code.BytecodeArray.parseInstruction(ILcom/android/dx/cf/code/BytecodeArray$Visitor;)I @ 2484
Event: 6.175 Thread 0x00007ffb9000a000 Uncommon trap: reason=bimorphic action=maybe_recompile pc=0x00007ffb816c1e2c method=com.android.dx.cf.code.BytecodeArray.parseInstruction(ILcom/android/dx/cf/code/BytecodeArray$Visitor;)I @ 2484
Event: 6.213 Thread 0x00007ffb9000a000 Uncommon trap: reason=bimorphic action=maybe_recompile pc=0x00007ffb816be25c method=com.android.dx.cf.code.BytecodeArray.parseInstruction(ILcom/android/dx/cf/code/BytecodeArray$Visitor;)I @ 2281
Event: 6.214 Thread 0x00007ffb9000a000 Uncommon trap: reason=bimorphic action=maybe_recompile pc=0x00007ffb816be25c method=com.android.dx.cf.code.BytecodeArray.parseInstruction(ILcom/android/dx/cf/code/BytecodeArray$Visitor;)I @ 2281

Internal exceptions (4 events):
Event: 0.054 Thread 0x00007ffb9000a000 Exception <a 'java/lang/NoSuchMethodError': Method sun.misc.Unsafe.defineClass(Ljava/lang/String;[BII)Ljava/lang/Class; name or signature does not match> (0x00000000eab12a38) thrown at [/RE-WORK/workspace/8-2-build-linux-amd64/jdk8u45/3457/hotspot/src/sha
Event: 0.054 Thread 0x00007ffb9000a000 Exception <a 'java/lang/NoSuchMethodError': Method sun.misc.Unsafe.prefetchRead(Ljava/lang/Object;J)V name or signature does not match> (0x00000000eab12cc8) thrown at [/RE-WORK/workspace/8-2-build-linux-amd64/jdk8u45/3457/hotspot/src/share/vm/prims/jni.cp
Event: 3.837 Thread 0x00007ffb9000a000 Implicit null exception at 0x00007ffb8145bea2 to 0x00007ffb8145bf42
Event: 5.230 Thread 0x00007ffb9000a000 Implicit null exception at 0x00007ffb8150bd5c to 0x00007ffb8150d125

Events (10 events):
Event: 6.175 Thread 0x00007ffb9000a000 Uncommon trap: trap_request=0xffffffc6 fr.pc=0x00007ffb816c1e2c
Event: 6.175 Thread 0x00007ffb9000a000 DEOPT PACKING pc=0x00007ffb816c1e2c sp=0x00007ffb98bd1760
Event: 6.175 Thread 0x00007ffb9000a000 DEOPT UNPACKING pc=0x00007ffb81005229 sp=0x00007ffb98bd1728 mode 2
Event: 6.213 Thread 0x00007ffb9000a000 Uncommon trap: trap_request=0xffffffc6 fr.pc=0x00007ffb816be25c
Event: 6.213 Thread 0x00007ffb9000a000 DEOPT PACKING pc=0x00007ffb816be25c sp=0x00007ffb98bd1900
Event: 6.213 Thread 0x00007ffb9000a000 DEOPT UNPACKING pc=0x00007ffb81005229 sp=0x00007ffb98bd18d0 mode 2
Event: 6.214 Thread 0x00007ffb9000a000 Uncommon trap: trap_request=0xffffffc6 fr.pc=0x00007ffb816be25c
Event: 6.214 Thread 0x00007ffb9000a000 DEOPT PACKING pc=0x00007ffb816be25c sp=0x00007ffb98bd1760
Event: 6.214 Thread 0x00007ffb9000a000 DEOPT UNPACKING pc=0x00007ffb81005229 sp=0x00007ffb98bd1730 mode 2
Event: 6.316 Executing VM operation: ParallelGCFailedAllocation


Dynamic libraries:
00400000-00401000 r-xp 00000000 08:03 1572315                            /opt/java/jdk1.8.0_45/bin/java
00600000-00601000 rw-p 00000000 08:03 1572315                            /opt/java/jdk1.8.0_45/bin/java
024db000-024fc000 rw-p 00000000 00:00 0                                  [heap]
c0000000-c2980000 rw-p 00000000 00:00 0 
c2980000-eab00000 ---p 00000000 00:00 0 
eab00000-eee00000 rw-p 00000000 00:00 0 
f4200000-100000000 ---p 00000000 00:00 0 
100000000-1000a0000 rw-p 00000000 00:00 0 
1000a0000-140000000 ---p 00000000 00:00 0 
7ffb48000000-7ffb48021000 rw-p 00000000 00:00 0 
7ffb48021000-7ffb4c000000 ---p 00000000 00:00 0 
7ffb4c000000-7ffb4c021000 rw-p 00000000 00:00 0 
7ffb4c021000-7ffb50000000 ---p 00000000 00:00 0 
7ffb50000000-7ffb50aec000 rw-p 00000000 00:00 0 
7ffb50aec000-7ffb54000000 ---p 00000000 00:00 0 
7ffb54000000-7ffb549e9000 rw-p 00000000 00:00 0 
7ffb549e9000-7ffb58000000 ---p 00000000 00:00 0 
7ffb58000000-7ffb58021000 rw-p 00000000 00:00 0 
7ffb58021000-7ffb5c000000 ---p 00000000 00:00 0 
7ffb5c000000-7ffb5cc9b000 rw-p 00000000 00:00 0 
7ffb5cc9b000-7ffb60000000 ---p 00000000 00:00 0 
7ffb60000000-7ffb60021000 rw-p 00000000 00:00 0 
7ffb60021000-7ffb64000000 ---p 00000000 00:00 0 
7ffb64000000-7ffb64021000 rw-p 00000000 00:00 0 
7ffb64021000-7ffb68000000 ---p 00000000 00:00 0 
7ffb68000000-7ffb68021000 rw-p 00000000 00:00 0 
7ffb68021000-7ffb6c000000 ---p 00000000 00:00 0 
7ffb6c000000-7ffb6c28a000 rw-p 00000000 00:00 0 
7ffb6c28a000-7ffb70000000 ---p 00000000 00:00 0 
7ffb70000000-7ffb70021000 rw-p 00000000 00:00 0 
7ffb70021000-7ffb74000000 ---p 00000000 00:00 0 
7ffb74000000-7ffb74021000 rw-p 00000000 00:00 0 
7ffb74021000-7ffb78000000 ---p 00000000 00:00 0 
7ffb78000000-7ffb78021000 rw-p 00000000 00:00 0 
7ffb78021000-7ffb7c000000 ---p 00000000 00:00 0 
7ffb7d95f000-7ffb7d970000 r--s 000a6000 00:19 11273048                   /home/mike/AndroidStudioProjects/Wordist/app/build/intermediates/exploded-aar/com.google.android.gms/play-services-base/7.5.0/jars/classes.jar
7ffb7d970000-7ffb7d97f000 r--s 000dd000 00:19 9438599                    /home/mike/Android/Sdk/build-tools/22.0.1/lib/dx.jar
7ffb7d97f000-7ffb7d980000 ---p 00000000 00:00 0 
7ffb7d980000-7ffb7da80000 rw-p 00000000 00:00 0                          [stack:7620]
7ffb7da80000-7ffb7da83000 ---p 00000000 00:00 0 
7ffb7da83000-7ffb7db81000 rw-p 00000000 00:00 0                          [stack:7619]
7ffb7db81000-7ffb7db84000 ---p 00000000 00:00 0 
7ffb7db84000-7ffb7dc82000 rw-p 00000000 00:00 0                          [stack:7618]
7ffb7dc82000-7ffb7dc85000 ---p 00000000 00:00 0 
7ffb7dc85000-7ffb7dd83000 rw-p 00000000 00:00 0                          [stack:7617]
7ffb7dd83000-7ffb7dd86000 ---p 00000000 00:00 0 
7ffb7dd86000-7ffb7de84000 rw-p 00000000 00:00 0                          [stack:7616]
7ffb7de84000-7ffb7de87000 ---p 00000000 00:00 0 
7ffb7de87000-7ffb7df85000 rw-p 00000000 00:00 0                          [stack:7615]
7ffb7df85000-7ffb7e24e000 r--p 00000000 08:03 266989                     /usr/lib/locale/locale-archive
7ffb7e24e000-7ffb7e251000 ---p 00000000 00:00 0 
7ffb7e251000-7ffb7e34f000 rw-p 00000000 00:00 0                          [stack:7614]
7ffb7e34f000-7ffb7e352000 ---p 00000000 00:00 0 
7ffb7e352000-7ffb7e450000 rw-p 00000000 00:00 0                          [stack:7613]
7ffb7e450000-7ffb7e451000 ---p 00000000 00:00 0 
7ffb7e451000-7ffb81000000 rw-p 00000000 00:00 0                          [stack:7612]
7ffb81000000-7ffb81710000 rwxp 00000000 00:00 0 
7ffb81710000-7ffb90000000 ---p 00000000 00:00 0 
7ffb90000000-7ffb9038e000 rw-p 00000000 00:00 0 
7ffb9038e000-7ffb94000000 ---p 00000000 00:00 0 
7ffb94004000-7ffb94509000 rw-p 00000000 00:00 0 
7ffb94509000-7ffb946e2000 r--s 03d09000 08:03 1573810                    /opt/java/jdk1.8.0_45/jre/lib/rt.jar
7ffb946e2000-7ffb94dd8000 rw-p 00000000 00:00 0 
7ffb94dd8000-7ffb94f58000 ---p 00000000 00:00 0 
7ffb94f58000-7ffb95158000 rw-p 00000000 00:00 0 
7ffb95158000-7ffb95159000 ---p 00000000 00:00 0 
7ffb95159000-7ffb95259000 rw-p 00000000 00:00 0                          [stack:7611]
7ffb95259000-7ffb9525a000 ---p 00000000 00:00 0 
7ffb9525a000-7ffb9535a000 rw-p 00000000 00:00 0                          [stack:7610]
7ffb9535a000-7ffb9535b000 ---p 00000000 00:00 0 
7ffb9535b000-7ffb9545b000 rw-p 00000000 00:00 0                          [stack:7609]
7ffb9545b000-7ffb9545c000 ---p 00000000 00:00 0 
7ffb9545c000-7ffb95571000 rw-p 00000000 00:00 0                          [stack:7608]
7ffb95571000-7ffb956b2000 ---p 00000000 00:00 0 
7ffb956b2000-7ffb956c7000 rw-p 00000000 00:00 0 
7ffb956c7000-7ffb95807000 ---p 00000000 00:00 0 
7ffb95807000-7ffb95829000 rw-p 00000000 00:00 0 
7ffb95829000-7ffb958b2000 ---p 00000000 00:00 0 
7ffb958b2000-7ffb958d0000 rw-p 00000000 00:00 0 
7ffb958d0000-7ffb95c73000 ---p 00000000 00:00 0 
7ffb95c73000-7ffb95c8d000 r-xp 00000000 08:03 1574049                    /opt/java/jdk1.8.0_45/jre/lib/amd64/libzip.so
7ffb95c8d000-7ffb95e8d000 ---p 0001a000 08:03 1574049                    /opt/java/jdk1.8.0_45/jre/lib/amd64/libzip.so
7ffb95e8d000-7ffb95e8e000 rw-p 0001a000 08:03 1574049                    /opt/java/jdk1.8.0_45/jre/lib/amd64/libzip.so
7ffb95e8e000-7ffb95e99000 r-xp 00000000 08:03 131807                     /lib/x86_64-linux-gnu/libnss_files-2.19.so
7ffb95e99000-7ffb96098000 ---p 0000b000 08:03 131807                     /lib/x86_64-linux-gnu/libnss_files-2.19.so
7ffb96098000-7ffb96099000 r--p 0000a000 08:03 131807                     /lib/x86_64-linux-gnu/libnss_files-2.19.so
7ffb96099000-7ffb9609a000 rw-p 0000b000 08:03 131807                     /lib/x86_64-linux-gnu/libnss_files-2.19.so
7ffb9609a000-7ffb960a5000 r-xp 00000000 08:03 131871                     /lib/x86_64-linux-gnu/libnss_nis-2.19.so
7ffb960a5000-7ffb962a4000 ---p 0000b000 08:03 131871                     /lib/x86_64-linux-gnu/libnss_nis-2.19.so
7ffb962a4000-7ffb962a5000 r--p 0000a000 08:03 131871                     /lib/x86_64-linux-gnu/libnss_nis-2.19.so
7ffb962a5000-7ffb962a6000 rw-p 0000b000 08:03 131871                     /lib/x86_64-linux-gnu/libnss_nis-2.19.so
7ffb962a6000-7ffb962bd000 r-xp 00000000 08:03 131829                     /lib/x86_64-linux-gnu/libnsl-2.19.so
7ffb962bd000-7ffb964bc000 ---p 00017000 08:03 131829                     /lib/x86_64-linux-gnu/libnsl-2.19.so
7ffb964bc000-7ffb964bd000 r--p 00016000 08:03 131829                     /lib/x86_64-linux-gnu/libnsl-2.19.so
7ffb964bd000-7ffb964be000 rw-p 00017000 08:03 131829                     /lib/x86_64-linux-gnu/libnsl-2.19.so
7ffb964be000-7ffb964c0000 rw-p 00000000 00:00 0 
7ffb964c0000-7ffb964c9000 r-xp 00000000 08:03 131828                     /lib/x86_64-linux-gnu/libnss_compat-2.19.so
7ffb964c9000-7ffb966c8000 ---p 00009000 08:03 131828                     /lib/x86_64-linux-gnu/libnss_compat-2.19.so
7ffb966c8000-7ffb966c9000 r--p 00008000 08:03 131828                     /lib/x86_64-linux-gnu/libnss_compat-2.19.so
7ffb966c9000-7ffb966ca000 rw-p 00009000 08:03 131828                     /lib/x86_64-linux-gnu/libnss_compat-2.19.so
7ffb966ca000-7ffb966f4000 r-xp 00000000 08:03 1574040                    /opt/java/jdk1.8.0_45/jre/lib/amd64/libjava.so
7ffb966f4000-7ffb968f4000 ---p 0002a000 08:03 1574040                    /opt/java/jdk1.8.0_45/jre/lib/amd64/libjava.so
7ffb968f4000-7ffb968f6000 rw-p 0002a000 08:03 1574040                    /opt/java/jdk1.8.0_45/jre/lib/amd64/libjava.so
7ffb968f6000-7ffb96903000 r-xp 00000000 08:03 1574047                    /opt/java/jdk1.8.0_45/jre/lib/amd64/libverify.so
7ffb96903000-7ffb96b03000 ---p 0000d000 08:03 1574047                    /opt/java/jdk1.8.0_45/jre/lib/amd64/libverify.so
7ffb96b03000-7ffb96b05000 rw-p 0000d000 08:03 1574047                    /opt/java/jdk1.8.0_45/jre/lib/amd64/libverify.so
7ffb96b05000-7ffb96b0c000 r-xp 00000000 08:03 131868                     /lib/x86_64-linux-gnu/librt-2.19.so
7ffb96b0c000-7ffb96d0b000 ---p 00007000 08:03 131868                     /lib/x86_64-linux-gnu/librt-2.19.so
7ffb96d0b000-7ffb96d0c000 r--p 00006000 08:03 131868                     /lib/x86_64-linux-gnu/librt-2.19.so
7ffb96d0c000-7ffb96d0d000 rw-p 00007000 08:03 131868                     /lib/x86_64-linux-gnu/librt-2.19.so
7ffb96d0d000-7ffb96e12000 r-xp 00000000 08:03 131806                     /lib/x86_64-linux-gnu/libm-2.19.so
7ffb96e12000-7ffb97011000 ---p 00105000 08:03 131806                     /lib/x86_64-linux-gnu/libm-2.19.so
7ffb97011000-7ffb97012000 r--p 00104000 08:03 131806                     /lib/x86_64-linux-gnu/libm-2.19.so
7ffb97012000-7ffb97013000 rw-p 00105000 08:03 131806                     /lib/x86_64-linux-gnu/libm-2.19.so
7ffb97013000-7ffb97cc1000 r-xp 00000000 08:03 1574060                    /opt/java/jdk1.8.0_45/jre/lib/amd64/server/libjvm.so
7ffb97cc1000-7ffb97ec0000 ---p 00cae000 08:03 1574060                    /opt/java/jdk1.8.0_45/jre/lib/amd64/server/libjvm.so
7ffb97ec0000-7ffb97f97000 rw-p 00cad000 08:03 1574060                    /opt/java/jdk1.8.0_45/jre/lib/amd64/server/libjvm.so
7ffb97f97000-7ffb97fdb000 rw-p 00000000 00:00 0 
7ffb97fdb000-7ffb98196000 r-xp 00000000 08:03 131857                     /lib/x86_64-linux-gnu/libc-2.19.so
7ffb98196000-7ffb98395000 ---p 001bb000 08:03 131857                     /lib/x86_64-linux-gnu/libc-2.19.so
7ffb98395000-7ffb98399000 r--p 001ba000 08:03 131857                     /lib/x86_64-linux-gnu/libc-2.19.so
7ffb98399000-7ffb9839b000 rw-p 001be000 08:03 131857                     /lib/x86_64-linux-gnu/libc-2.19.so
7ffb9839b000-7ffb983a0000 rw-p 00000000 00:00 0 
7ffb983a0000-7ffb983a3000 r-xp 00000000 08:03 131810                     /lib/x86_64-linux-gnu/libdl-2.19.so
7ffb983a3000-7ffb985a2000 ---p 00003000 08:03 131810                     /lib/x86_64-linux-gnu/libdl-2.19.so
7ffb985a2000-7ffb985a3000 r--p 00002000 08:03 131810                     /lib/x86_64-linux-gnu/libdl-2.19.so
7ffb985a3000-7ffb985a4000 rw-p 00003000 08:03 131810                     /lib/x86_64-linux-gnu/libdl-2.19.so
7ffb985a4000-7ffb985b9000 r-xp 00000000 08:03 1573749                    /opt/java/jdk1.8.0_45/lib/amd64/jli/libjli.so
7ffb985b9000-7ffb987b9000 ---p 00015000 08:03 1573749                    /opt/java/jdk1.8.0_45/lib/amd64/jli/libjli.so
7ffb987b9000-7ffb987ba000 rw-p 00015000 08:03 1573749                    /opt/java/jdk1.8.0_45/lib/amd64/jli/libjli.so
7ffb987ba000-7ffb987d3000 r-xp 00000000 08:03 131858                     /lib/x86_64-linux-gnu/libpthread-2.19.so
7ffb987d3000-7ffb989d2000 ---p 00019000 08:03 131858                     /lib/x86_64-linux-gnu/libpthread-2.19.so
7ffb989d2000-7ffb989d3000 r--p 00018000 08:03 131858                     /lib/x86_64-linux-gnu/libpthread-2.19.so
7ffb989d3000-7ffb989d4000 rw-p 00019000 08:03 131858                     /lib/x86_64-linux-gnu/libpthread-2.19.so
7ffb989d4000-7ffb989d8000 rw-p 00000000 00:00 0 
7ffb989d8000-7ffb989fb000 r-xp 00000000 08:03 131833                     /lib/x86_64-linux-gnu/ld-2.19.so
7ffb98a01000-7ffb98ad3000 rw-p 00000000 00:00 0 
7ffb98ad3000-7ffb98ad6000 ---p 00000000 00:00 0 
7ffb98ad6000-7ffb98bd9000 rw-p 00000000 00:00 0                          [stack:7605]
7ffb98bd9000-7ffb98bda000 r--p 00000000 08:03 672594                     /usr/share/locale-langpack/en_GB/LC_MESSAGES/libc.mo
7ffb98bda000-7ffb98bee000 rw-p 00000000 00:00 0 
7ffb98bee000-7ffb98bf6000 rw-s 00000000 08:03 1574104                    /tmp/hsperfdata_mike/7603
7ffb98bf6000-7ffb98bf7000 rw-p 00000000 00:00 0 
7ffb98bf7000-7ffb98bf8000 ---p 00000000 00:00 0 
7ffb98bf8000-7ffb98bfa000 rw-p 00000000 00:00 0 
7ffb98bfa000-7ffb98bfb000 r--p 00022000 08:03 131833                     /lib/x86_64-linux-gnu/ld-2.19.so
7ffb98bfb000-7ffb98bfc000 rw-p 00023000 08:03 131833                     /lib/x86_64-linux-gnu/ld-2.19.so
7ffb98bfc000-7ffb98bfd000 rw-p 00000000 00:00 0 
7fffa90c3000-7fffa90e4000 rw-p 00000000 00:00 0                          [stack]
7fffa91fe000-7fffa9200000 r-xp 00000000 00:00 0                          [vdso]
ffffffffff600000-ffffffffff601000 r-xp 00000000 00:00 0                  [vsyscall]

VM Arguments:
jvm_args: -Xmx1024M -Dfile.encoding=UTF-8 -Duser.country=GB -Duser.language=en -Duser.variant 
java_command: com.android.dx.command.Main --dex --output /home/mike/AndroidStudioProjects/Wordist/app/build/intermediates/pre-dexed/debug/classes-d3188609738824ad1ea909b07182f672b4c10e72.jar /home/mike/AndroidStudioProjects/Wordist/app/build/intermediates/exploded-aar/com.google.android.gms/play-services-base/7.5.0/jars/classes.jar
java_class_path (initial): /home/mike/Android/Sdk/build-tools/22.0.1/lib/dx.jar
Launcher Type: SUN_STANDARD

Environment Variables:
PATH=/usr/local/sbin:/usr/local/bin:/usr/sbin:/usr/bin:/sbin:/bin:/usr/games:/usr/local/games
USERNAME=mike
LD_LIBRARY_PATH=/opt/android-studio/bin:
SHELL=/bin/bash
DISPLAY=:0

Signal Handlers:
SIGSEGV: [libjvm.so+0xaad1e0], sa_mask[0]=11111111011111111101111111111110, sa_flags=SA_RESTART|SA_SIGINFO
SIGBUS: [libjvm.so+0xaad1e0], sa_mask[0]=11111111011111111101111111111110, sa_flags=SA_RESTART|SA_SIGINFO
SIGFPE: [libjvm.so+0x90b450], sa_mask[0]=11111111011111111101111111111110, sa_flags=SA_RESTART|SA_SIGINFO
SIGPIPE: [libjvm.so+0x90b450], sa_mask[0]=11111111011111111101111111111110, sa_flags=SA_RESTART|SA_SIGINFO
SIGXFSZ: [libjvm.so+0x90b450], sa_mask[0]=11111111011111111101111111111110, sa_flags=SA_RESTART|SA_SIGINFO
SIGILL: [libjvm.so+0x90b450], sa_mask[0]=11111111011111111101111111111110, sa_flags=SA_RESTART|SA_SIGINFO
SIGUSR1: SIG_DFL, sa_mask[0]=00000000000000000000000000000000, sa_flags=none
SIGUSR2: [libjvm.so+0x90ca90], sa_mask[0]=00100000000000000000000000000000, sa_flags=SA_RESTART|SA_SIGINFO
SIGHUP: [libjvm.so+0x90dde0], sa_mask[0]=11111111011111111101111111111110, sa_flags=SA_RESTART|SA_SIGINFO
SIGINT: [libjvm.so+0x90dde0], sa_mask[0]=11111111011111111101111111111110, sa_flags=SA_RESTART|SA_SIGINFO
SIGTERM: [libjvm.so+0x90dde0], sa_mask[0]=11111111011111111101111111111110, sa_flags=SA_RESTART|SA_SIGINFO
SIGQUIT: [libjvm.so+0x90dde0], sa_mask[0]=11111111011111111101111111111110, sa_flags=SA_RESTART|SA_SIGINFO


---------------  S Y S T E M  ---------------

OS:DISTRIB_ID=LinuxMint
DISTRIB_RELEASE=17.2
DISTRIB_CODENAME=rafaela
DISTRIB_DESCRIPTION="Linux Mint 17.2 Rafaela"

uname:Linux 3.13.0-37-generic #64-Ubuntu SMP Mon Sep 22 21:28:38 UTC 2014 x86_64
libc:glibc 2.19 NPTL 2.19 
rlimit: STACK 8192k, CORE 0k, NPROC 30882, NOFILE 4096, AS infinity
load average:2.98 1.30 0.99

/proc/meminfo:
MemTotal:        4048044 kB
MemFree:          116924 kB
Buffers:            1024 kB
Cached:            93188 kB
SwapCached:            0 kB
Active:          3503036 kB
Inactive:          70032 kB
Active(anon):    3480496 kB
Inactive(anon):    48188 kB
Active(file):      22540 kB
Inactive(file):    21844 kB
Unevictable:         232 kB
Mlocked:             232 kB
SwapTotal:             0 kB
SwapFree:              0 kB
Dirty:              2660 kB
Writeback:          1540 kB
AnonPages:       3478560 kB
Mapped:           194360 kB
Shmem:             50448 kB
Slab:              91100 kB
SReclaimable:      34108 kB
SUnreclaim:        56992 kB
KernelStack:        4976 kB
PageTables:        34716 kB
NFS_Unstable:          0 kB
Bounce:                0 kB
WritebackTmp:          0 kB
CommitLimit:     2024020 kB
Committed_AS:    6347180 kB
VmallocTotal:   34359738367 kB
VmallocUsed:      305680 kB
VmallocChunk:   34359428348 kB
HardwareCorrupted:     0 kB
AnonHugePages:   1595392 kB
HugePages_Total:       0
HugePages_Free:        0
HugePages_Rsvd:        0
HugePages_Surp:        0
Hugepagesize:       2048 kB
DirectMap4k:      163392 kB
DirectMap2M:     2981888 kB
DirectMap1G:     1048576 kB


CPU:total 4 (4 cores per cpu, 1 threads per core) family 16 model 4 stepping 2, cmov, cx8, fxsr, mmx, sse, sse2, sse3, popcnt, mmxext, 3dnowpref, lzcnt, sse4a, tsc, tscinvbit, tscinv

/proc/cpuinfo:
processor	: 0
vendor_id	: AuthenticAMD
cpu family	: 16
model		: 4
model name	: AMD Phenom(tm) II X4 955 Processor
stepping	: 2
microcode	: 0x1000086
cpu MHz		: 3200.000
cache size	: 512 KB
physical id	: 0
siblings	: 4
core id		: 0
cpu cores	: 4
apicid		: 0
initial apicid	: 0
fpu		: yes
fpu_exception	: yes
cpuid level	: 5
wp		: yes
flags		: fpu vme de pse tsc msr pae mce cx8 apic sep mtrr pge mca cmov pat pse36 clflush mmx fxsr sse sse2 ht syscall nx mmxext fxsr_opt pdpe1gb rdtscp lm 3dnowext 3dnow constant_tsc rep_good nopl nonstop_tsc extd_apicid pni monitor cx16 popcnt lahf_lm cmp_legacy svm extapic cr8_legacy abm sse4a misalignsse 3dnowprefetch osvw ibs skinit wdt hw_pstate npt lbrv svm_lock nrip_save
bogomips	: 6400.02
TLB size	: 1024 4K pages
clflush size	: 64
cache_alignment	: 64
address sizes	: 48 bits physical, 48 bits virtual
power management: ts ttp tm stc 100mhzsteps hwpstate

processor	: 1
vendor_id	: AuthenticAMD
cpu family	: 16
model		: 4
model name	: AMD Phenom(tm) II X4 955 Processor
stepping	: 2
microcode	: 0x1000086
cpu MHz		: 3200.000
cache size	: 512 KB
physical id	: 0
siblings	: 4
core id		: 1
cpu cores	: 4
apicid		: 1
initial apicid	: 1
fpu		: yes
fpu_exception	: yes
cpuid level	: 5
wp		: yes
flags		: fpu vme de pse tsc msr pae mce cx8 apic sep mtrr pge mca cmov pat pse36 clflush mmx fxsr sse sse2 ht syscall nx mmxext fxsr_opt pdpe1gb rdtscp lm 3dnowext 3dnow constant_tsc rep_good nopl nonstop_tsc extd_apicid pni monitor cx16 popcnt lahf_lm cmp_legacy svm extapic cr8_legacy abm sse4a misalignsse 3dnowprefetch osvw ibs skinit wdt hw_pstate npt lbrv svm_lock nrip_save
bogomips	: 6400.02
TLB size	: 1024 4K pages
clflush size	: 64
cache_alignment	: 64
address sizes	: 48 bits physical, 48 bits virtual
power management: ts ttp tm stc 100mhzsteps hwpstate

processor	: 2
vendor_id	: AuthenticAMD
cpu family	: 16
model		: 4
model name	: AMD Phenom(tm) II X4 955 Processor
stepping	: 2
microcode	: 0x1000086
cpu MHz		: 3200.000
cache size	: 512 KB
physical id	: 0
siblings	: 4
core id		: 2
cpu cores	: 4
apicid		: 2
initial apicid	: 2
fpu		: yes
fpu_exception	: yes
cpuid level	: 5
wp		: yes
flags		: fpu vme de pse tsc msr pae mce cx8 apic sep mtrr pge mca cmov pat pse36 clflush mmx fxsr sse sse2 ht syscall nx mmxext fxsr_opt pdpe1gb rdtscp lm 3dnowext 3dnow constant_tsc rep_good nopl nonstop_tsc extd_apicid pni monitor cx16 popcnt lahf_lm cmp_legacy svm extapic cr8_legacy abm sse4a misalignsse 3dnowprefetch osvw ibs skinit wdt hw_pstate npt lbrv svm_lock nrip_save
bogomips	: 6400.02
TLB size	: 1024 4K pages
clflush size	: 64
cache_alignment	: 64
address sizes	: 48 bits physical, 48 bits virtual
power management: ts ttp tm stc 100mhzsteps hwpstate

processor	: 3
vendor_id	: AuthenticAMD
cpu family	: 16
model		: 4
model name	: AMD Phenom(tm) II X4 955 Processor
stepping	: 2
microcode	: 0x1000086
cpu MHz		: 3200.000
cache size	: 512 KB
physical id	: 0
siblings	: 4
core id		: 3
cpu cores	: 4
apicid		: 3
initial apicid	: 3
fpu		: yes
fpu_exception	: yes
cpuid level	: 5
wp		: yes
flags		: fpu vme de pse tsc msr pae mce cx8 apic sep mtrr pge mca cmov pat pse36 clflush mmx fxsr sse sse2 ht syscall nx mmxext fxsr_opt pdpe1gb rdtscp lm 3dnowext 3dnow constant_tsc rep_good nopl nonstop_tsc extd_apicid pni monitor cx16 popcnt lahf_lm cmp_legacy svm extapic cr8_legacy abm sse4a misalignsse 3dnowprefetch osvw ibs skinit wdt hw_pstate npt lbrv svm_lock nrip_save
bogomips	: 6400.02
TLB size	: 1024 4K pages
clflush size	: 64
cache_alignment	: 64
address sizes	: 48 bits physical, 48 bits virtual
power management: ts ttp tm stc 100mhzsteps hwpstate



Memory: 4k page, physical 4048044k(131188k free), swap 0k(0k free)

vm_info: Java HotSpot(TM) 64-Bit Server VM (25.45-b02) for linux-amd64 JRE (1.8.0_45-b14), built on Apr 10 2015 10:07:45 by "java_re" with gcc 4.3.0 20080428 (Red Hat 4.3.0-8)

time: Thu Aug  6 16:40:26 2015
elapsed time: 6 seconds (0d 0h 0m 6s)

