#
# There is insufficient memory for the Java Runtime Environment to continue.
# Native memory allocation (mmap) failed to map 50331648 bytes for committing reserved memory.
# Possible reasons:
#   The system is out of physical RAM or swap space
#   In 32 bit mode, the process size limit was hit
# Possible solutions:
#   Reduce memory load on the system
#   Increase physical memory or swap space
#   Check if swap backing store is full
#   Use 64 bit Java on a 64 bit OS
#   Decrease Java heap size (-Xmx/-Xms)
#   Decrease number of Java threads
#   Decrease Java thread stack sizes (-Xss)
#   Set larger code cache with -XX:ReservedCodeCacheSize=
# This output file may be truncated or incomplete.
#
#  Out of Memory Error (os_linux.cpp:2673), pid=24536, tid=140161503434496
#
# JRE version: Java(TM) SE Runtime Environment (8.0_45-b14) (build 1.8.0_45-b14)
# Java VM: Java HotSpot(TM) 64-Bit Server VM (25.45-b02 mixed mode linux-amd64 compressed oops)
# Failed to write core dump. Core dumps have been disabled. To enable core dumping, try "ulimit -c unlimited" before starting Java again
#

---------------  T H R E A D  ---------------

Current thread (0x00007f79f4079800):  VMThread [stack: 0x00007f79e48f9000,0x00007f79e49fa000] [id=24546]

Stack: [0x00007f79e48f9000,0x00007f79e49fa000],  sp=0x00007f79e49f80e0,  free space=1020k
Native frames: (J=compiled Java code, j=interpreted, Vv=VM code, C=native code)
V  [libjvm.so+0xaac99a]  VMError::report_and_die()+0x2ba
V  [libjvm.so+0x4f333b]  report_vm_out_of_memory(char const*, int, unsigned long, VMErrorType, char const*)+0x8b
V  [libjvm.so+0x90e7c3]  os::Linux::commit_memory_impl(char*, unsigned long, bool)+0x103
V  [libjvm.so+0x90ed19]  os::pd_commit_memory(char*, unsigned long, unsigned long, bool)+0x29
V  [libjvm.so+0x90867a]  os::commit_memory(char*, unsigned long, unsigned long, bool)+0x2a
V  [libjvm.so+0x97bac3]  PSVirtualSpace::expand_by(unsigned long)+0x53
V  [libjvm.so+0x97cec8]  PSYoungGen::resize_generation(unsigned long, unsigned long)+0xf8
V  [libjvm.so+0x97c022]  PSYoungGen::resize(unsigned long, unsigned long)+0x22
V  [libjvm.so+0x9792fb]  PSScavenge::invoke_no_policy()+0xf7b
V  [libjvm.so+0x979a81]  PSScavenge::invoke()+0x41
V  [libjvm.so+0x932050]  ParallelScavengeHeap::failed_mem_allocate(unsigned long)+0x70
V  [libjvm.so+0xaae1d7]  VM_ParallelGCFailedAllocation::doit()+0x97
V  [libjvm.so+0xab59c5]  VM_Operation::evaluate()+0x55
V  [libjvm.so+0xab3d9a]  VMThread::evaluate_operation(VM_Operation*)+0xba
V  [libjvm.so+0xab411e]  VMThread::loop()+0x1ce
V  [libjvm.so+0xab4590]  VMThread::run()+0x70
V  [libjvm.so+0x910de8]  java_start(Thread*)+0x108

VM_Operation (0x00007f79fd138570): ParallelGCFailedAllocation, mode: safepoint, requested by thread 0x00007f79f400c000


---------------  P R O C E S S  ---------------

Java Threads: ( => current thread )
  0x00007f79f40c4000 JavaThread "Service Thread" daemon [_thread_blocked, id=24553, stack(0x00007f79ddeff000,0x00007f79de000000)]
  0x00007f79f40bf000 JavaThread "C1 CompilerThread2" daemon [_thread_blocked, id=24552, stack(0x00007f79e402a000,0x00007f79e412b000)]
  0x00007f79f40bd000 JavaThread "C2 CompilerThread1" daemon [_thread_blocked, id=24551, stack(0x00007f79e412b000,0x00007f79e422c000)]
  0x00007f79f40ba800 JavaThread "C2 CompilerThread0" daemon [_thread_blocked, id=24550, stack(0x00007f79e422c000,0x00007f79e432d000)]
  0x00007f79f40b9000 JavaThread "Signal Dispatcher" daemon [_thread_blocked, id=24549, stack(0x00007f79e432d000,0x00007f79e442e000)]
  0x00007f79f4080800 JavaThread "Finalizer" daemon [_thread_blocked, id=24548, stack(0x00007f79e46f7000,0x00007f79e47f8000)]
  0x00007f79f407e800 JavaThread "Reference Handler" daemon [_thread_blocked, id=24547, stack(0x00007f79e47f8000,0x00007f79e48f9000)]
  0x00007f79f400c000 JavaThread "main" [_thread_blocked, id=24541, stack(0x00007f79fd039000,0x00007f79fd13a000)]

Other Threads:
=>0x00007f79f4079800 VMThread [stack: 0x00007f79e48f9000,0x00007f79e49fa000] [id=24546]
  0x00007f79f40c6800 WatcherThread [stack: 0x00007f79dddfe000,0x00007f79ddeff000] [id=24554]

VM state:at safepoint (normal execution)

VM Mutex/Monitor currently owned by a thread:  ([mutex/lock_event])
[0x00007f79f4008070] Threads_lock - owner thread: 0x00007f79f4079800
[0x00007f79f4008570] Heap_lock - owner thread: 0x00007f79f400c000

Heap:
 PSYoungGen      total 178176K, used 9032K [0x00000000eab00000, 0x00000000f6e80000, 0x0000000100000000)
  eden space 158208K, 0% used [0x00000000eab00000,0x00000000eab00000,0x00000000f4580000)
  from space 19968K, 45% used [0x00000000f4580000,0x00000000f4e52170,0x00000000f5900000)
  to   space 17408K, 0% used [0x00000000f5900000,0x00000000f5900000,0x00000000f6a00000)
 ParOldGen       total 57344K, used 24099K [0x00000000c0000000, 0x00000000c3800000, 0x00000000eab00000)
  object space 57344K, 42% used [0x00000000c0000000,0x00000000c1788cc8,0x00000000c3800000)
 Metaspace       used 7806K, capacity 8030K, committed 8320K, reserved 1056768K
  class space    used 754K, capacity 785K, committed 896K, reserved 1048576K

Card table byte_map: [0x00007f79f9c18000,0x00007f79f9e19000] byte_map_base: 0x00007f79f9618000

Marking Bits: (ParMarkBitMap*) 0x00007f79fc516760
 Begin Bits: [0x00007f79de000000, 0x00007f79df000000)
 End Bits:   [0x00007f79df000000, 0x00007f79e0000000)

Polling page: 0x00007f79fd15d000

CodeCache: size=245760Kb used=9349Kb max_used=9364Kb free=236410Kb
 bounds [0x00007f79e5000000, 0x00007f79e5930000, 0x00007f79f4000000]
 total_blobs=2902 nmethods=2606 adapters=210
 compilation: enabled

Compilation events (10 events):
Event: 3.026 Thread 0x00007f79f40bf000 nmethod 2648 0x00007f79e5923290 code [0x00007f79e5923520, 0x00007f79e59250e8]
Event: 3.027 Thread 0x00007f79f40bd000 nmethod 2640 0x00007f79e5925dd0 code [0x00007f79e59262c0, 0x00007f79e5929b68]
Event: 3.027 Thread 0x00007f79f40bd000 2639       4       java.util.HashMap$TreeNode::balanceInsertion (245 bytes)
Event: 3.035 Thread 0x00007f79f40bd000 nmethod 2639 0x00007f79e58dcc90 code [0x00007f79e58dce20, 0x00007f79e58dd208]
Event: 3.035 Thread 0x00007f79f40bd000 2587       4       com.android.dx.merge.DexMerger$7::read (8 bytes)
Event: 3.134 Thread 0x00007f79f40bd000 nmethod 2587 0x00007f79e591d150 code [0x00007f79e591d320, 0x00007f79e591dad8]
Event: 3.138 Thread 0x00007f79f40bd000 2650       4       com.android.dx.io.instructions.InstructionCodec$11::encode (22 bytes)
Event: 3.144 Thread 0x00007f79f40bd000 nmethod 2650 0x00007f79e5908d50 code [0x00007f79e5908ec0, 0x00007f79e59090f8]
Event: 3.144 Thread 0x00007f79f40bd000 2651       4       com.android.dex.Dex$Section::readCatchHandler (82 bytes)
Event: 4.008 Thread 0x00007f79f40bf000 2652       2       java.lang.Character::isHighSurrogate (18 bytes)

GC Heap History (10 events):
Event: 1.838 GC heap after
Heap after GC invocations=5 (full 1):
 PSYoungGen      total 66048K, used 0K [0x00000000eab00000, 0x00000000eee00000, 0x0000000100000000)
  eden space 63488K, 0% used [0x00000000eab00000,0x00000000eab00000,0x00000000ee900000)
  from space 2560K, 0% used [0x00000000eeb80000,0x00000000eeb80000,0x00000000eee00000)
  to   space 2560K, 0% used [0x00000000ee900000,0x00000000ee900000,0x00000000eeb80000)
 ParOldGen       total 57344K, used 18520K [0x00000000c0000000, 0x00000000c3800000, 0x00000000eab00000)
  object space 57344K, 32% used [0x00000000c0000000,0x00000000c1216038,0x00000000c3800000)
 Metaspace       used 7645K, capacity 7928K, committed 8192K, reserved 1056768K
  class space    used 744K, capacity 752K, committed 768K, reserved 1048576K
}
Event: 2.052 GC heap before
{Heap before GC invocations=6 (full 1):
 PSYoungGen      total 66048K, used 63488K [0x00000000eab00000, 0x00000000eee00000, 0x0000000100000000)
  eden space 63488K, 100% used [0x00000000eab00000,0x00000000ee900000,0x00000000ee900000)
  from space 2560K, 0% used [0x00000000eeb80000,0x00000000eeb80000,0x00000000eee00000)
  to   space 2560K, 0% used [0x00000000ee900000,0x00000000ee900000,0x00000000eeb80000)
 ParOldGen       total 57344K, used 18520K [0x00000000c0000000, 0x00000000c3800000, 0x00000000eab00000)
  object space 57344K, 32% used [0x00000000c0000000,0x00000000c1216038,0x00000000c3800000)
 Metaspace       used 7776K, capacity 8030K, committed 8320K, reserved 1056768K
  class space    used 754K, capacity 785K, committed 896K, reserved 1048576K
Event: 2.067 GC heap after
Heap after GC invocations=6 (full 1):
 PSYoungGen      total 66048K, used 1266K [0x00000000eab00000, 0x00000000f2f80000, 0x0000000100000000)
  eden space 63488K, 0% used [0x00000000eab00000,0x00000000eab00000,0x00000000ee900000)
  from space 2560K, 49% used [0x00000000ee900000,0x00000000eea3ca98,0x00000000eeb80000)
  to   space 18432K, 0% used [0x00000000f1d80000,0x00000000f1d80000,0x00000000f2f80000)
 ParOldGen       total 57344K, used 20047K [0x00000000c0000000, 0x00000000c3800000, 0x00000000eab00000)
  object space 57344K, 34% used [0x00000000c0000000,0x00000000c1393d60,0x00000000c3800000)
 Metaspace       used 7776K, capacity 8030K, committed 8320K, reserved 1056768K
  class space    used 754K, capacity 785K, committed 896K, reserved 1048576K
}
Event: 2.239 GC heap before
{Heap before GC invocations=7 (full 1):
 PSYoungGen      total 66048K, used 64754K [0x00000000eab00000, 0x00000000f2f80000, 0x0000000100000000)
  eden space 63488K, 100% used [0x00000000eab00000,0x00000000ee900000,0x00000000ee900000)
  from space 2560K, 49% used [0x00000000ee900000,0x00000000eea3ca98,0x00000000eeb80000)
  to   space 18432K, 0% used [0x00000000f1d80000,0x00000000f1d80000,0x00000000f2f80000)
 ParOldGen       total 57344K, used 20047K [0x00000000c0000000, 0x00000000c3800000, 0x00000000eab00000)
  object space 57344K, 34% used [0x00000000c0000000,0x00000000c1393d60,0x00000000c3800000)
 Metaspace       used 7791K, capacity 8030K, committed 8320K, reserved 1056768K
  class space    used 754K, capacity 785K, committed 896K, reserved 1048576K
Event: 2.247 GC heap after
Heap after GC invocations=7 (full 1):
 PSYoungGen      total 117760K, used 2556K [0x00000000eab00000, 0x00000000f2f80000, 0x0000000100000000)
  eden space 99328K, 0% used [0x00000000eab00000,0x00000000eab00000,0x00000000f0c00000)
  from space 18432K, 13% used [0x00000000f1d80000,0x00000000f1fff068,0x00000000f2f80000)
  to   space 17920K, 0% used [0x00000000f0c00000,0x00000000f0c00000,0x00000000f1d80000)
 ParOldGen       total 57344K, used 20055K [0x00000000c0000000, 0x00000000c3800000, 0x00000000eab00000)
  object space 57344K, 34% used [0x00000000c0000000,0x00000000c1395d60,0x00000000c3800000)
 Metaspace       used 7791K, capacity 8030K, committed 8320K, reserved 1056768K
  class space    used 754K, capacity 785K, committed 896K, reserved 1048576K
}
Event: 2.521 GC heap before
{Heap before GC invocations=8 (full 1):
 PSYoungGen      total 117760K, used 101884K [0x00000000eab00000, 0x00000000f2f80000, 0x0000000100000000)
  eden space 99328K, 100% used [0x00000000eab00000,0x00000000f0c00000,0x00000000f0c00000)
  from space 18432K, 13% used [0x00000000f1d80000,0x00000000f1fff068,0x00000000f2f80000)
  to   space 17920K, 0% used [0x00000000f0c00000,0x00000000f0c00000,0x00000000f1d80000)
 ParOldGen       total 57344K, used 20055K [0x00000000c0000000, 0x00000000c3800000, 0x00000000eab00000)
  object space 57344K, 34% used [0x00000000c0000000,0x00000000c1395d60,0x00000000c3800000)
 Metaspace       used 7796K, capacity 8030K, committed 8320K, reserved 1056768K
  class space    used 754K, capacity 785K, committed 896K, reserved 1048576K
Event: 2.542 GC heap after
Heap after GC invocations=8 (full 1):
 PSYoungGen      total 117248K, used 8947K [0x00000000eab00000, 0x00000000f6a00000, 0x0000000100000000)
  eden space 99328K, 0% used [0x00000000eab00000,0x00000000eab00000,0x00000000f0c00000)
  from space 17920K, 49% used [0x00000000f0c00000,0x00000000f14bcfb8,0x00000000f1d80000)
  to   space 17408K, 0% used [0x00000000f5900000,0x00000000f5900000,0x00000000f6a00000)
 ParOldGen       total 57344K, used 20055K [0x00000000c0000000, 0x00000000c3800000, 0x00000000eab00000)
  object space 57344K, 34% used [0x00000000c0000000,0x00000000c1395d60,0x00000000c3800000)
 Metaspace       used 7796K, capacity 8030K, committed 8320K, reserved 1056768K
  class space    used 754K, capacity 785K, committed 896K, reserved 1048576K
}
Event: 2.749 GC heap before
{Heap before GC invocations=9 (full 1):
 PSYoungGen      total 117248K, used 108275K [0x00000000eab00000, 0x00000000f6a00000, 0x0000000100000000)
  eden space 99328K, 100% used [0x00000000eab00000,0x00000000f0c00000,0x00000000f0c00000)
  from space 17920K, 49% used [0x00000000f0c00000,0x00000000f14bcfb8,0x00000000f1d80000)
  to   space 17408K, 0% used [0x00000000f5900000,0x00000000f5900000,0x00000000f6a00000)
 ParOldGen       total 57344K, used 20055K [0x00000000c0000000, 0x00000000c3800000, 0x00000000eab00000)
  object space 57344K, 34% used [0x00000000c0000000,0x00000000c1395d60,0x00000000c3800000)
 Metaspace       used 7800K, capacity 8030K, committed 8320K, reserved 1056768K
  class space    used 754K, capacity 785K, committed 896K, reserved 1048576K
Event: 2.759 GC heap after
Heap after GC invocations=9 (full 1):
 PSYoungGen      total 175616K, used 15832K [0x00000000eab00000, 0x00000000f6e80000, 0x0000000100000000)
  eden space 158208K, 0% used [0x00000000eab00000,0x00000000eab00000,0x00000000f4580000)
  from space 17408K, 90% used [0x00000000f5900000,0x00000000f6876040,0x00000000f6a00000)
  to   space 19968K, 0% used [0x00000000f4580000,0x00000000f4580000,0x00000000f5900000)
 ParOldGen       total 57344K, used 24011K [0x00000000c0000000, 0x00000000c3800000, 0x00000000eab00000)
  object space 57344K, 41% used [0x00000000c0000000,0x00000000c1772ca8,0x00000000c3800000)
 Metaspace       used 7800K, capacity 8030K, committed 8320K, reserved 1056768K
  class space    used 754K, capacity 785K, committed 896K, reserved 1048576K
}
Event: 4.069 GC heap before
{Heap before GC invocations=10 (full 1):
 PSYoungGen      total 175616K, used 173207K [0x00000000eab00000, 0x00000000f6e80000, 0x0000000100000000)
  eden space 158208K, 99% used [0x00000000eab00000,0x00000000f44afc00,0x00000000f4580000)
  from space 17408K, 90% used [0x00000000f5900000,0x00000000f6876040,0x00000000f6a00000)
  to   space 19968K, 0% used [0x00000000f4580000,0x00000000f4580000,0x00000000f5900000)
 ParOldGen       total 57344K, used 24011K [0x00000000c0000000, 0x00000000c3800000, 0x00000000eab00000)
  object space 57344K, 41% used [0x00000000c0000000,0x00000000c1772ca8,0x00000000c3800000)
 Metaspace       used 7806K, capacity 8030K, committed 8320K, reserved 1056768K
  class space    used 754K, capacity 785K, committed 896K, reserved 1048576K

Deoptimization events (10 events):
Event: 1.404 Thread 0x00007f79f400c000 Uncommon trap: reason=unstable_if action=reinterpret pc=0x00007f79e5610f58 method=java.util.HashMap.resize()[Ljava/util/HashMap$Node; @ 206
Event: 1.594 Thread 0x00007f79f400c000 Uncommon trap: reason=class_check action=maybe_recompile pc=0x00007f79e5533668 method=java.util.ArrayList.<init>(Ljava/util/Collection;)V @ 6
Event: 1.601 Thread 0x00007f79f400c000 Uncommon trap: reason=class_check action=maybe_recompile pc=0x00007f79e5533668 method=java.util.ArrayList.<init>(Ljava/util/Collection;)V @ 6
Event: 1.625 Thread 0x00007f79f400c000 Uncommon trap: reason=predicate action=maybe_recompile pc=0x00007f79e5743f90 method=com.android.dex.Leb128.readUnsignedLeb128(Lcom/android/dex/util/ByteInput;)I @ 41
Event: 1.634 Thread 0x00007f79f400c000 Uncommon trap: reason=unstable_if action=reinterpret pc=0x00007f79e55e1720 method=java.util.HashMap.getNode(ILjava/lang/Object;)Ljava/util/HashMap$Node; @ 84
Event: 1.634 Thread 0x00007f79f400c000 Uncommon trap: reason=unstable_if action=reinterpret pc=0x00007f79e55e59c0 method=java.util.HashMap.getNode(ILjava/lang/Object;)Ljava/util/HashMap$Node; @ 84
Event: 1.720 Thread 0x00007f79f400c000 Uncommon trap: reason=unstable_if action=reinterpret pc=0x00007f79e575dba0 method=com.android.dex.FieldId.compareTo(Lcom/android/dex/FieldId;)I @ 8
Event: 1.744 Thread 0x00007f79f400c000 Uncommon trap: reason=unstable_if action=reinterpret pc=0x00007f79e576b454 method=com.android.dex.FieldId.compareTo(Lcom/android/dex/FieldId;)I @ 8
Event: 1.988 Thread 0x00007f79f400c000 Uncommon trap: reason=unstable_if action=reinterpret pc=0x00007f79e5825e14 method=java.util.HashMap$TreeNode.find(ILjava/lang/Object;Ljava/lang/Class;)Ljava/util/HashMap$TreeNode; @ 58
Event: 1.988 Thread 0x00007f79f400c000 Uncommon trap: reason=unstable_if action=reinterpret pc=0x00007f79e58222a0 method=java.util.HashMap$TreeNode.find(ILjava/lang/Object;Ljava/lang/Class;)Ljava/util/HashMap$TreeNode; @ 58

Internal exceptions (8 events):
Event: 0.122 Thread 0x00007f79f400c000 Exception <a 'java/lang/NoSuchMethodError': Method sun.misc.Unsafe.defineClass(Ljava/lang/String;[BII)Ljava/lang/Class; name or signature does not match> (0x00000000eab12a38) thrown at [/RE-WORK/workspace/8-2-build-linux-amd64/jdk8u45/3457/hotspot/src/sha
Event: 0.122 Thread 0x00007f79f400c000 Exception <a 'java/lang/NoSuchMethodError': Method sun.misc.Unsafe.prefetchRead(Ljava/lang/Object;J)V name or signature does not match> (0x00000000eab12cc8) thrown at [/RE-WORK/workspace/8-2-build-linux-amd64/jdk8u45/3457/hotspot/src/share/vm/prims/jni.cp
Event: 0.653 Thread 0x00007f79f400c000 Implicit null exception at 0x00007f79e529741e to 0x00007f79e5297a9d
Event: 1.015 Thread 0x00007f79f400c000 Implicit null exception at 0x00007f79e5577c62 to 0x00007f79e5577d02
Event: 1.593 Thread 0x00007f79f400c000 Exception <a 'java/security/PrivilegedActionException'> (0x00000000eb3c2270) thrown at [/RE-WORK/workspace/8-2-build-linux-amd64/jdk8u45/3457/hotspot/src/share/vm/prims/jvm.cpp, line 1382]
Event: 1.593 Thread 0x00007f79f400c000 Exception <a 'java/security/PrivilegedActionException'> (0x00000000eb3c25b8) thrown at [/RE-WORK/workspace/8-2-build-linux-amd64/jdk8u45/3457/hotspot/src/share/vm/prims/jvm.cpp, line 1382]
Event: 1.593 Thread 0x00007f79f400c000 Exception <a 'java/security/PrivilegedActionException'> (0x00000000eb3c4a68) thrown at [/RE-WORK/workspace/8-2-build-linux-amd64/jdk8u45/3457/hotspot/src/share/vm/prims/jvm.cpp, line 1382]
Event: 1.593 Thread 0x00007f79f400c000 Exception <a 'java/security/PrivilegedActionException'> (0x00000000eb3c4db0) thrown at [/RE-WORK/workspace/8-2-build-linux-amd64/jdk8u45/3457/hotspot/src/share/vm/prims/jvm.cpp, line 1382]

Events (10 events):
Event: 2.335 Thread 0x00007f79f400c000 DEOPT UNPACKING pc=0x00007f79e5047233 sp=0x00007f79fd138018 mode 0
Event: 2.400 Thread 0x00007f79f400c000 DEOPT PACKING pc=0x00007f79e578c788 sp=0x00007f79fd1383b0
Event: 2.400 Thread 0x00007f79f400c000 DEOPT UNPACKING pc=0x00007f79e5047233 sp=0x00007f79fd1380c8 mode 0
Event: 2.521 Executing VM operation: ParallelGCFailedAllocation
Event: 2.542 Executing VM operation: ParallelGCFailedAllocation done
Event: 2.749 Executing VM operation: ParallelGCFailedAllocation
Event: 2.759 Executing VM operation: ParallelGCFailedAllocation done
Event: 3.026 Thread 0x00007f79f400c000 DEOPT PACKING pc=0x00007f79e588cb9e sp=0x00007f79fd1381b0
Event: 3.026 Thread 0x00007f79f400c000 DEOPT UNPACKING pc=0x00007f79e5047233 sp=0x00007f79fd137f40 mode 0
Event: 4.057 Executing VM operation: ParallelGCFailedAllocation


Dynamic libraries:
00400000-00401000 r-xp 00000000 08:03 1572315                            /opt/java/jdk1.8.0_45/bin/java
00600000-00601000 rw-p 00000000 08:03 1572315                            /opt/java/jdk1.8.0_45/bin/java
02043000-02064000 rw-p 00000000 00:00 0                                  [heap]
c0000000-c3800000 rw-p 00000000 00:00 0 
c3800000-eab00000 ---p 00000000 00:00 0 
eab00000-f6e80000 rw-p 00000000 00:00 0 
f9e80000-100000000 ---p 00000000 00:00 0 
100000000-1000e0000 rw-p 00000000 00:00 0 
1000e0000-140000000 ---p 00000000 00:00 0 
7f79a8000000-7f79a8021000 rw-p 00000000 00:00 0 
7f79a8021000-7f79ac000000 ---p 00000000 00:00 0 
7f79ac000000-7f79ac021000 rw-p 00000000 00:00 0 
7f79ac021000-7f79b0000000 ---p 00000000 00:00 0 
7f79b0000000-7f79b0e6a000 rw-p 00000000 00:00 0 
7f79b0e6a000-7f79b4000000 ---p 00000000 00:00 0 
7f79b4000000-7f79b47b5000 rw-p 00000000 00:00 0 
7f79b47b5000-7f79b8000000 ---p 00000000 00:00 0 
7f79b8000000-7f79b8021000 rw-p 00000000 00:00 0 
7f79b8021000-7f79bc000000 ---p 00000000 00:00 0 
7f79bc000000-7f79bcbd9000 rw-p 00000000 00:00 0 
7f79bcbd9000-7f79c0000000 ---p 00000000 00:00 0 
7f79c0000000-7f79c0021000 rw-p 00000000 00:00 0 
7f79c0021000-7f79c4000000 ---p 00000000 00:00 0 
7f79c4000000-7f79c4021000 rw-p 00000000 00:00 0 
7f79c4021000-7f79c8000000 ---p 00000000 00:00 0 
7f79c8000000-7f79c8021000 rw-p 00000000 00:00 0 
7f79c8021000-7f79cc000000 ---p 00000000 00:00 0 
7f79cc000000-7f79cc28b000 rw-p 00000000 00:00 0 
7f79cc28b000-7f79d0000000 ---p 00000000 00:00 0 
7f79d0000000-7f79d0021000 rw-p 00000000 00:00 0 
7f79d0021000-7f79d4000000 ---p 00000000 00:00 0 
7f79d8000000-7f79d8021000 rw-p 00000000 00:00 0 
7f79d8021000-7f79dc000000 ---p 00000000 00:00 0 
7f79dddfe000-7f79dddff000 ---p 00000000 00:00 0 
7f79dddff000-7f79ddeff000 rw-p 00000000 00:00 0                          [stack:24554]
7f79ddeff000-7f79ddf02000 ---p 00000000 00:00 0 
7f79ddf02000-7f79e0000000 rw-p 00000000 00:00 0                          [stack:24553]
7f79e0000000-7f79e0021000 rw-p 00000000 00:00 0 
7f79e0021000-7f79e4000000 ---p 00000000 00:00 0 
7f79e402a000-7f79e402d000 ---p 00000000 00:00 0 
7f79e402d000-7f79e412b000 rw-p 00000000 00:00 0                          [stack:24552]
7f79e412b000-7f79e412e000 ---p 00000000 00:00 0 
7f79e412e000-7f79e422c000 rw-p 00000000 00:00 0                          [stack:24551]
7f79e422c000-7f79e422f000 ---p 00000000 00:00 0 
7f79e422f000-7f79e432d000 rw-p 00000000 00:00 0                          [stack:24550]
7f79e432d000-7f79e4330000 ---p 00000000 00:00 0 
7f79e4330000-7f79e442e000 rw-p 00000000 00:00 0                          [stack:24549]
7f79e442e000-7f79e46f7000 r--p 00000000 08:03 266989                     /usr/lib/locale/locale-archive
7f79e46f7000-7f79e46fa000 ---p 00000000 00:00 0 
7f79e46fa000-7f79e47f8000 rw-p 00000000 00:00 0                          [stack:24548]
7f79e47f8000-7f79e47fb000 ---p 00000000 00:00 0 
7f79e47fb000-7f79e48f9000 rw-p 00000000 00:00 0                          [stack:24547]
7f79e48f9000-7f79e48fa000 ---p 00000000 00:00 0 
7f79e48fa000-7f79e5000000 rw-p 00000000 00:00 0                          [stack:24546]
7f79e5000000-7f79e5930000 rwxp 00000000 00:00 0 
7f79e5930000-7f79f4000000 ---p 00000000 00:00 0 
7f79f4000000-7f79f43ba000 rw-p 00000000 00:00 0 
7f79f43ba000-7f79f8000000 ---p 00000000 00:00 0 
7f79f808b000-7f79f8096000 r--s 00116000 08:03 1574017                    /opt/java/jdk1.8.0_45/jre/lib/ext/localedata.jar
7f79f8096000-7f79f80b2000 r--s 00393000 08:03 1574015                    /opt/java/jdk1.8.0_45/jre/lib/ext/cldrdata.jar
7f79f80b2000-7f79f80c1000 r--s 000dd000 00:19 9438599                    /home/mike/Android/Sdk/build-tools/22.0.1/lib/dx.jar
7f79f80c1000-7f79f8a6f000 rw-p 00000000 00:00 0 
7f79f8a6f000-7f79f8c48000 r--s 03d09000 08:03 1573810                    /opt/java/jdk1.8.0_45/jre/lib/rt.jar
7f79f8c48000-7f79f93fe000 rw-p 00000000 00:00 0 
7f79f93fe000-7f79f94be000 ---p 00000000 00:00 0 
7f79f94be000-7f79f96be000 rw-p 00000000 00:00 0 
7f79f96be000-7f79f96bf000 ---p 00000000 00:00 0 
7f79f96bf000-7f79f97bf000 rw-p 00000000 00:00 0                          [stack:24545]
7f79f97bf000-7f79f97c0000 ---p 00000000 00:00 0 
7f79f97c0000-7f79f98c0000 rw-p 00000000 00:00 0                          [stack:24544]
7f79f98c0000-7f79f98c1000 ---p 00000000 00:00 0 
7f79f98c1000-7f79f99c1000 rw-p 00000000 00:00 0                          [stack:24543]
7f79f99c1000-7f79f99c2000 ---p 00000000 00:00 0 
7f79f99c2000-7f79f9ade000 rw-p 00000000 00:00 0                          [stack:24542]
7f79f9ade000-7f79f9c18000 ---p 00000000 00:00 0 
7f79f9c18000-7f79f9c34000 rw-p 00000000 00:00 0 
7f79f9c34000-7f79f9d6d000 ---p 00000000 00:00 0 
7f79f9d6d000-7f79f9dd0000 rw-p 00000000 00:00 0 
7f79f9dd0000-7f79f9e18000 ---p 00000000 00:00 0 
7f79f9e18000-7f79f9e3e000 rw-p 00000000 00:00 0 
7f79f9e3e000-7f79fa1d9000 ---p 00000000 00:00 0 
7f79fa1d9000-7f79fa1f3000 r-xp 00000000 08:03 1574049                    /opt/java/jdk1.8.0_45/jre/lib/amd64/libzip.so
7f79fa1f3000-7f79fa3f3000 ---p 0001a000 08:03 1574049                    /opt/java/jdk1.8.0_45/jre/lib/amd64/libzip.so
7f79fa3f3000-7f79fa3f4000 rw-p 0001a000 08:03 1574049                    /opt/java/jdk1.8.0_45/jre/lib/amd64/libzip.so
7f79fa3f4000-7f79fa3ff000 r-xp 00000000 08:03 131807                     /lib/x86_64-linux-gnu/libnss_files-2.19.so
7f79fa3ff000-7f79fa5fe000 ---p 0000b000 08:03 131807                     /lib/x86_64-linux-gnu/libnss_files-2.19.so
7f79fa5fe000-7f79fa5ff000 r--p 0000a000 08:03 131807                     /lib/x86_64-linux-gnu/libnss_files-2.19.so
7f79fa5ff000-7f79fa600000 rw-p 0000b000 08:03 131807                     /lib/x86_64-linux-gnu/libnss_files-2.19.so
7f79fa600000-7f79fa60b000 r-xp 00000000 08:03 131871                     /lib/x86_64-linux-gnu/libnss_nis-2.19.so
7f79fa60b000-7f79fa80a000 ---p 0000b000 08:03 131871                     /lib/x86_64-linux-gnu/libnss_nis-2.19.so
7f79fa80a000-7f79fa80b000 r--p 0000a000 08:03 131871                     /lib/x86_64-linux-gnu/libnss_nis-2.19.so
7f79fa80b000-7f79fa80c000 rw-p 0000b000 08:03 131871                     /lib/x86_64-linux-gnu/libnss_nis-2.19.so
7f79fa80c000-7f79fa823000 r-xp 00000000 08:03 131829                     /lib/x86_64-linux-gnu/libnsl-2.19.so
7f79fa823000-7f79faa22000 ---p 00017000 08:03 131829                     /lib/x86_64-linux-gnu/libnsl-2.19.so
7f79faa22000-7f79faa23000 r--p 00016000 08:03 131829                     /lib/x86_64-linux-gnu/libnsl-2.19.so
7f79faa23000-7f79faa24000 rw-p 00017000 08:03 131829                     /lib/x86_64-linux-gnu/libnsl-2.19.so
7f79faa24000-7f79faa26000 rw-p 00000000 00:00 0 
7f79faa26000-7f79faa2f000 r-xp 00000000 08:03 131828                     /lib/x86_64-linux-gnu/libnss_compat-2.19.so
7f79faa2f000-7f79fac2e000 ---p 00009000 08:03 131828                     /lib/x86_64-linux-gnu/libnss_compat-2.19.so
7f79fac2e000-7f79fac2f000 r--p 00008000 08:03 131828                     /lib/x86_64-linux-gnu/libnss_compat-2.19.so
7f79fac2f000-7f79fac30000 rw-p 00009000 08:03 131828                     /lib/x86_64-linux-gnu/libnss_compat-2.19.so
7f79fac30000-7f79fac5a000 r-xp 00000000 08:03 1574040                    /opt/java/jdk1.8.0_45/jre/lib/amd64/libjava.so
7f79fac5a000-7f79fae5a000 ---p 0002a000 08:03 1574040                    /opt/java/jdk1.8.0_45/jre/lib/amd64/libjava.so
7f79fae5a000-7f79fae5c000 rw-p 0002a000 08:03 1574040                    /opt/java/jdk1.8.0_45/jre/lib/amd64/libjava.so
7f79fae5c000-7f79fae69000 r-xp 00000000 08:03 1574047                    /opt/java/jdk1.8.0_45/jre/lib/amd64/libverify.so
7f79fae69000-7f79fb069000 ---p 0000d000 08:03 1574047                    /opt/java/jdk1.8.0_45/jre/lib/amd64/libverify.so
7f79fb069000-7f79fb06b000 rw-p 0000d000 08:03 1574047                    /opt/java/jdk1.8.0_45/jre/lib/amd64/libverify.so
7f79fb06b000-7f79fb072000 r-xp 00000000 08:03 131868                     /lib/x86_64-linux-gnu/librt-2.19.so
7f79fb072000-7f79fb271000 ---p 00007000 08:03 131868                     /lib/x86_64-linux-gnu/librt-2.19.so
7f79fb271000-7f79fb272000 r--p 00006000 08:03 131868                     /lib/x86_64-linux-gnu/librt-2.19.so
7f79fb272000-7f79fb273000 rw-p 00007000 08:03 131868                     /lib/x86_64-linux-gnu/librt-2.19.so
7f79fb273000-7f79fb378000 r-xp 00000000 08:03 131806                     /lib/x86_64-linux-gnu/libm-2.19.so
7f79fb378000-7f79fb577000 ---p 00105000 08:03 131806                     /lib/x86_64-linux-gnu/libm-2.19.so
7f79fb577000-7f79fb578000 r--p 00104000 08:03 131806                     /lib/x86_64-linux-gnu/libm-2.19.so
7f79fb578000-7f79fb579000 rw-p 00105000 08:03 131806                     /lib/x86_64-linux-gnu/libm-2.19.so
7f79fb579000-7f79fc227000 r-xp 00000000 08:03 1574060                    /opt/java/jdk1.8.0_45/jre/lib/amd64/server/libjvm.so
7f79fc227000-7f79fc426000 ---p 00cae000 08:03 1574060                    /opt/java/jdk1.8.0_45/jre/lib/amd64/server/libjvm.so
7f79fc426000-7f79fc4fd000 rw-p 00cad000 08:03 1574060                    /opt/java/jdk1.8.0_45/jre/lib/amd64/server/libjvm.so
7f79fc4fd000-7f79fc541000 rw-p 00000000 00:00 0 
7f79fc541000-7f79fc6fc000 r-xp 00000000 08:03 131857                     /lib/x86_64-linux-gnu/libc-2.19.so
7f79fc6fc000-7f79fc8fb000 ---p 001bb000 08:03 131857                     /lib/x86_64-linux-gnu/libc-2.19.so
7f79fc8fb000-7f79fc8ff000 r--p 001ba000 08:03 131857                     /lib/x86_64-linux-gnu/libc-2.19.so
7f79fc8ff000-7f79fc901000 rw-p 001be000 08:03 131857                     /lib/x86_64-linux-gnu/libc-2.19.so
7f79fc901000-7f79fc906000 rw-p 00000000 00:00 0 
7f79fc906000-7f79fc909000 r-xp 00000000 08:03 131810                     /lib/x86_64-linux-gnu/libdl-2.19.so
7f79fc909000-7f79fcb08000 ---p 00003000 08:03 131810                     /lib/x86_64-linux-gnu/libdl-2.19.so
7f79fcb08000-7f79fcb09000 r--p 00002000 08:03 131810                     /lib/x86_64-linux-gnu/libdl-2.19.so
7f79fcb09000-7f79fcb0a000 rw-p 00003000 08:03 131810                     /lib/x86_64-linux-gnu/libdl-2.19.so
7f79fcb0a000-7f79fcb1f000 r-xp 00000000 08:03 1573749                    /opt/java/jdk1.8.0_45/lib/amd64/jli/libjli.so
7f79fcb1f000-7f79fcd1f000 ---p 00015000 08:03 1573749                    /opt/java/jdk1.8.0_45/lib/amd64/jli/libjli.so
7f79fcd1f000-7f79fcd20000 rw-p 00015000 08:03 1573749                    /opt/java/jdk1.8.0_45/lib/amd64/jli/libjli.so
7f79fcd20000-7f79fcd39000 r-xp 00000000 08:03 131858                     /lib/x86_64-linux-gnu/libpthread-2.19.so
7f79fcd39000-7f79fcf38000 ---p 00019000 08:03 131858                     /lib/x86_64-linux-gnu/libpthread-2.19.so
7f79fcf38000-7f79fcf39000 r--p 00018000 08:03 131858                     /lib/x86_64-linux-gnu/libpthread-2.19.so
7f79fcf39000-7f79fcf3a000 rw-p 00019000 08:03 131858                     /lib/x86_64-linux-gnu/libpthread-2.19.so
7f79fcf3a000-7f79fcf3e000 rw-p 00000000 00:00 0 
7f79fcf3e000-7f79fcf61000 r-xp 00000000 08:03 131833                     /lib/x86_64-linux-gnu/ld-2.19.so
7f79fcf62000-7f79fcf67000 r--s 00094000 08:03 1573828                    /opt/java/jdk1.8.0_45/jre/lib/jsse.jar
7f79fcf67000-7f79fd039000 rw-p 00000000 00:00 0 
7f79fd039000-7f79fd03c000 ---p 00000000 00:00 0 
7f79fd03c000-7f79fd13f000 rw-p 00000000 00:00 0                          [stack:24541]
7f79fd13f000-7f79fd140000 r--p 00000000 08:03 672594                     /usr/share/locale-langpack/en_GB/LC_MESSAGES/libc.mo
7f79fd140000-7f79fd154000 rw-p 00000000 00:00 0 
7f79fd154000-7f79fd15c000 rw-s 00000000 08:03 1574162                    /tmp/hsperfdata_mike/24536
7f79fd15c000-7f79fd15d000 rw-p 00000000 00:00 0 
7f79fd15d000-7f79fd15e000 ---p 00000000 00:00 0 
7f79fd15e000-7f79fd160000 rw-p 00000000 00:00 0 
7f79fd160000-7f79fd161000 r--p 00022000 08:03 131833                     /lib/x86_64-linux-gnu/ld-2.19.so
7f79fd161000-7f79fd162000 rw-p 00023000 08:03 131833                     /lib/x86_64-linux-gnu/ld-2.19.so
7f79fd162000-7f79fd163000 rw-p 00000000 00:00 0 
7fffca6cb000-7fffca6ed000 rw-p 00000000 00:00 0                          [stack]
7fffca74f000-7fffca751000 r-xp 00000000 00:00 0                          [vdso]
ffffffffff600000-ffffffffff601000 r-xp 00000000 00:00 0                  [vsyscall]

VM Arguments:
jvm_args: -Xmx1024M -Dfile.encoding=UTF-8 -Duser.country=GB -Duser.language=en -Duser.variant 
java_command: com.android.dx.command.Main --dex --output /home/mike/AndroidStudioProjects/Wordist/app/build/intermediates/dex/release /home/mike/AndroidStudioProjects/Wordist/app/build/intermediates/classes/release /home/mike/AndroidStudioProjects/Wordist/app/build/intermediates/pre-dexed/release/support-annotations-22.2.0-bfa71d602cc0e11fce5350ed544c9f5e4d4a05e4.jar /home/mike/AndroidStudioProjects/Wordist/app/build/intermediates/pre-dexed/release/classes-9c4e5ca92c4ea70961d67c0a97ababefe673fb81.jar /home/mike/AndroidStudioProjects/Wordist/app/build/intermediates/pre-dexed/release/classes-d226535b7952fda3a9a980a1f601e8b29e9ef482.jar /home/mike/AndroidStudioProjects/Wordist/app/build/intermediates/pre-dexed/release/internal_impl-22.2.0-58158417214e4227ac1350c0dac59685c0c93f77.jar /home/mike/AndroidStudioProjects/Wordist/app/build/intermediates/pre-dexed/release/classes-5eb43b55c91741188ff70cdae235c4b65d0c0b31.jar /home/mike/AndroidStudioProjects/Wordist/app/build/intermediates/pre-dexed/release/classes-c010f5be654112ca44ad36a367fc44f8f0029d43.jar /home/mike/AndroidStudioProjects/Wordist/app/build/intermediates/pre-dexed/release/classes-64c8f94603d816a86cc9355c0552637c9213ad18.jar /home/mike/AndroidStudioProjects/Wordist/app/build/intermediates/pre-dexed/release/classes-d336082364352f264572be55a9b357e5ff0d11af.jar /home/mike/AndroidStudioProjects/Wordist/app/build/intermediates/pre-dexed/release/classes-d00afa822cc6c9fe9c1bdedef3b617547c852166.jar /home/mike/AndroidStudioProjects/Wordist/app/build/intermediates/pre-dexed/release/classes-0a544f5234ef674ea11f5b20103f0ce9191e08b7.jar /home/mike/AndroidStudioProjects/Wordist/app/build/intermediates/pre-dexed/release/classes-e77b49a04defe40ece13be738a2c3293c88f74d5.jar /home/mike/AndroidStudioProjects/Wordist/app/build/intermediates/pre-dexed/release/classes-4fe46cb4cff6871994b7baaaa48ab6f79ed71187.jar /home/mike/AndroidStudioProjects/Wordist/app/build/intermediates/pre-dexed/release/classes-9ee79aa81796d4fbd6cad990af31
java_class_path (initial): /home/mike/Android/Sdk/build-tools/22.0.1/lib/dx.jar
Launcher Type: SUN_STANDARD

Environment Variables:
PATH=/usr/local/sbin:/usr/local/bin:/usr/sbin:/usr/bin:/sbin:/bin:/usr/games:/usr/local/games
USERNAME=mike
LD_LIBRARY_PATH=/opt/android-studio/bin:
SHELL=/bin/bash
DISPLAY=:0

Signal Handlers:
SIGSEGV: [libjvm.so+0xaad1e0], sa_mask[0]=11111111011111111101111111111110, sa_flags=SA_RESTART|SA_SIGINFO
SIGBUS: [libjvm.so+0xaad1e0], sa_mask[0]=11111111011111111101111111111110, sa_flags=SA_RESTART|SA_SIGINFO
SIGFPE: [libjvm.so+0x90b450], sa_mask[0]=11111111011111111101111111111110, sa_flags=SA_RESTART|SA_SIGINFO
SIGPIPE: [libjvm.so+0x90b450], sa_mask[0]=11111111011111111101111111111110, sa_flags=SA_RESTART|SA_SIGINFO
SIGXFSZ: [libjvm.so+0x90b450], sa_mask[0]=11111111011111111101111111111110, sa_flags=SA_RESTART|SA_SIGINFO
SIGILL: [libjvm.so+0x90b450], sa_mask[0]=11111111011111111101111111111110, sa_flags=SA_RESTART|SA_SIGINFO
SIGUSR1: SIG_DFL, sa_mask[0]=00000000000000000000000000000000, sa_flags=none
SIGUSR2: [libjvm.so+0x90ca90], sa_mask[0]=00100000000000000000000000000000, sa_flags=SA_RESTART|SA_SIGINFO
SIGHUP: [libjvm.so+0x90dde0], sa_mask[0]=11111111011111111101111111111110, sa_flags=SA_RESTART|SA_SIGINFO
SIGINT: [libjvm.so+0x90dde0], sa_mask[0]=11111111011111111101111111111110, sa_flags=SA_RESTART|SA_SIGINFO
SIGTERM: [libjvm.so+0x90dde0], sa_mask[0]=11111111011111111101111111111110, sa_flags=SA_RESTART|SA_SIGINFO
SIGQUIT: [libjvm.so+0x90dde0], sa_mask[0]=11111111011111111101111111111110, sa_flags=SA_RESTART|SA_SIGINFO


---------------  S Y S T E M  ---------------

OS:DISTRIB_ID=LinuxMint
DISTRIB_RELEASE=17.2
DISTRIB_CODENAME=rafaela
DISTRIB_DESCRIPTION="Linux Mint 17.2 Rafaela"

uname:Linux 3.13.0-37-generic #64-Ubuntu SMP Mon Sep 22 21:28:38 UTC 2014 x86_64
libc:glibc 2.19 NPTL 2.19 
rlimit: STACK 8192k, CORE 0k, NPROC 30882, NOFILE 4096, AS infinity
load average:1.96 1.22 1.91

/proc/meminfo:
MemTotal:        4048044 kB
MemFree:          113976 kB
Buffers:             744 kB
Cached:            66664 kB
SwapCached:            0 kB
Active:          3468600 kB
Inactive:          57784 kB
Active(anon):    3462488 kB
Inactive(anon):    40864 kB
Active(file):       6112 kB
Inactive(file):    16920 kB
Unevictable:          88 kB
Mlocked:              88 kB
SwapTotal:             0 kB
SwapFree:              0 kB
Dirty:               308 kB
Writeback:             0 kB
AnonPages:       3460288 kB
Mapped:           161824 kB
Shmem:             43152 kB
Slab:              75320 kB
SReclaimable:      24812 kB
SUnreclaim:        50508 kB
KernelStack:        4440 kB
PageTables:        33352 kB
NFS_Unstable:          0 kB
Bounce:                0 kB
WritebackTmp:          0 kB
CommitLimit:     2024020 kB
Committed_AS:    5908032 kB
VmallocTotal:   34359738367 kB
VmallocUsed:      305612 kB
VmallocChunk:   34359429988 kB
HardwareCorrupted:     0 kB
AnonHugePages:   1523712 kB
HugePages_Total:       0
HugePages_Free:        0
HugePages_Rsvd:        0
HugePages_Surp:        0
Hugepagesize:       2048 kB
DirectMap4k:      185920 kB
DirectMap2M:     2959360 kB
DirectMap1G:     1048576 kB


CPU:total 4 (4 cores per cpu, 1 threads per core) family 16 model 4 stepping 2, cmov, cx8, fxsr, mmx, sse, sse2, sse3, popcnt, mmxext, 3dnowpref, lzcnt, sse4a, tsc, tscinvbit, tscinv

/proc/cpuinfo:
processor	: 0
vendor_id	: AuthenticAMD
cpu family	: 16
model		: 4
model name	: AMD Phenom(tm) II X4 955 Processor
stepping	: 2
microcode	: 0x1000086
cpu MHz		: 3200.000
cache size	: 512 KB
physical id	: 0
siblings	: 4
core id		: 0
cpu cores	: 4
apicid		: 0
initial apicid	: 0
fpu		: yes
fpu_exception	: yes
cpuid level	: 5
wp		: yes
flags		: fpu vme de pse tsc msr pae mce cx8 apic sep mtrr pge mca cmov pat pse36 clflush mmx fxsr sse sse2 ht syscall nx mmxext fxsr_opt pdpe1gb rdtscp lm 3dnowext 3dnow constant_tsc rep_good nopl nonstop_tsc extd_apicid pni monitor cx16 popcnt lahf_lm cmp_legacy svm extapic cr8_legacy abm sse4a misalignsse 3dnowprefetch osvw ibs skinit wdt hw_pstate npt lbrv svm_lock nrip_save
bogomips	: 6399.91
TLB size	: 1024 4K pages
clflush size	: 64
cache_alignment	: 64
address sizes	: 48 bits physical, 48 bits virtual
power management: ts ttp tm stc 100mhzsteps hwpstate

processor	: 1
vendor_id	: AuthenticAMD
cpu family	: 16
model		: 4
model name	: AMD Phenom(tm) II X4 955 Processor
stepping	: 2
microcode	: 0x1000086
cpu MHz		: 800.000
cache size	: 512 KB
physical id	: 0
siblings	: 4
core id		: 1
cpu cores	: 4
apicid		: 1
initial apicid	: 1
fpu		: yes
fpu_exception	: yes
cpuid level	: 5
wp		: yes
flags		: fpu vme de pse tsc msr pae mce cx8 apic sep mtrr pge mca cmov pat pse36 clflush mmx fxsr sse sse2 ht syscall nx mmxext fxsr_opt pdpe1gb rdtscp lm 3dnowext 3dnow constant_tsc rep_good nopl nonstop_tsc extd_apicid pni monitor cx16 popcnt lahf_lm cmp_legacy svm extapic cr8_legacy abm sse4a misalignsse 3dnowprefetch osvw ibs skinit wdt hw_pstate npt lbrv svm_lock nrip_save
bogomips	: 6399.91
TLB size	: 1024 4K pages
clflush size	: 64
cache_alignment	: 64
address sizes	: 48 bits physical, 48 bits virtual
power management: ts ttp tm stc 100mhzsteps hwpstate

processor	: 2
vendor_id	: AuthenticAMD
cpu family	: 16
model		: 4
model name	: AMD Phenom(tm) II X4 955 Processor
stepping	: 2
microcode	: 0x1000086
cpu MHz		: 800.000
cache size	: 512 KB
physical id	: 0
siblings	: 4
core id		: 2
cpu cores	: 4
apicid		: 2
initial apicid	: 2
fpu		: yes
fpu_exception	: yes
cpuid level	: 5
wp		: yes
flags		: fpu vme de pse tsc msr pae mce cx8 apic sep mtrr pge mca cmov pat pse36 clflush mmx fxsr sse sse2 ht syscall nx mmxext fxsr_opt pdpe1gb rdtscp lm 3dnowext 3dnow constant_tsc rep_good nopl nonstop_tsc extd_apicid pni monitor cx16 popcnt lahf_lm cmp_legacy svm extapic cr8_legacy abm sse4a misalignsse 3dnowprefetch osvw ibs skinit wdt hw_pstate npt lbrv svm_lock nrip_save
bogomips	: 6399.91
TLB size	: 1024 4K pages
clflush size	: 64
cache_alignment	: 64
address sizes	: 48 bits physical, 48 bits virtual
power management: ts ttp tm stc 100mhzsteps hwpstate

processor	: 3
vendor_id	: AuthenticAMD
cpu family	: 16
model		: 4
model name	: AMD Phenom(tm) II X4 955 Processor
stepping	: 2
microcode	: 0x1000086
cpu MHz		: 800.000
cache size	: 512 KB
physical id	: 0
siblings	: 4
core id		: 3
cpu cores	: 4
apicid		: 3
initial apicid	: 3
fpu		: yes
fpu_exception	: yes
cpuid level	: 5
wp		: yes
flags		: fpu vme de pse tsc msr pae mce cx8 apic sep mtrr pge mca cmov pat pse36 clflush mmx fxsr sse sse2 ht syscall nx mmxext fxsr_opt pdpe1gb rdtscp lm 3dnowext 3dnow constant_tsc rep_good nopl nonstop_tsc extd_apicid pni monitor cx16 popcnt lahf_lm cmp_legacy svm extapic cr8_legacy abm sse4a misalignsse 3dnowprefetch osvw ibs skinit wdt hw_pstate npt lbrv svm_lock nrip_save
bogomips	: 6399.91
TLB size	: 1024 4K pages
clflush size	: 64
cache_alignment	: 64
address sizes	: 48 bits physical, 48 bits virtual
power management: ts ttp tm stc 100mhzsteps hwpstate



Memory: 4k page, physical 4048044k(113232k free), swap 0k(0k free)

vm_info: Java HotSpot(TM) 64-Bit Server VM (25.45-b02) for linux-amd64 JRE (1.8.0_45-b14), built on Apr 10 2015 10:07:45 by "java_re" with gcc 4.3.0 20080428 (Red Hat 4.3.0-8)

time: Fri Aug 21 22:41:38 2015
elapsed time: 4 seconds (0d 0h 0m 4s)

