#
# There is insufficient memory for the Java Runtime Environment to continue.
# Native memory allocation (mmap) failed to map 84934656 bytes for committing reserved memory.
# Possible reasons:
#   The system is out of physical RAM or swap space
#   In 32 bit mode, the process size limit was hit
# Possible solutions:
#   Reduce memory load on the system
#   Increase physical memory or swap space
#   Check if swap backing store is full
#   Use 64 bit Java on a 64 bit OS
#   Decrease Java heap size (-Xmx/-Xms)
#   Decrease number of Java threads
#   Decrease Java thread stack sizes (-Xss)
#   Set larger code cache with -XX:ReservedCodeCacheSize=
# This output file may be truncated or incomplete.
#
#  Out of Memory Error (os_linux.cpp:2673), pid=7698, tid=140044783290112
#
# JRE version: Java(TM) SE Runtime Environment (8.0_45-b14) (build 1.8.0_45-b14)
# Java VM: Java HotSpot(TM) 64-Bit Server VM (25.45-b02 mixed mode linux-amd64 compressed oops)
# Failed to write core dump. Core dumps have been disabled. To enable core dumping, try "ulimit -c unlimited" before starting Java again
#

---------------  T H R E A D  ---------------

Current thread (0x00007f5ed8077800):  VMThread [stack: 0x00007f5eb77f8000,0x00007f5eb78f9000] [id=7707]

Stack: [0x00007f5eb77f8000,0x00007f5eb78f9000],  sp=0x00007f5eb78f6fe0,  free space=1019k
Native frames: (J=compiled Java code, j=interpreted, Vv=VM code, C=native code)
V  [libjvm.so+0xaac99a]  VMError::report_and_die()+0x2ba
V  [libjvm.so+0x4f333b]  report_vm_out_of_memory(char const*, int, unsigned long, VMErrorType, char const*)+0x8b
V  [libjvm.so+0x90e7c3]  os::Linux::commit_memory_impl(char*, unsigned long, bool)+0x103
V  [libjvm.so+0x90ed19]  os::pd_commit_memory(char*, unsigned long, unsigned long, bool)+0x29
V  [libjvm.so+0x90867a]  os::commit_memory(char*, unsigned long, unsigned long, bool)+0x2a
V  [libjvm.so+0x97bac3]  PSVirtualSpace::expand_by(unsigned long)+0x53
V  [libjvm.so+0x97cec8]  PSYoungGen::resize_generation(unsigned long, unsigned long)+0xf8
V  [libjvm.so+0x97c022]  PSYoungGen::resize(unsigned long, unsigned long)+0x22
V  [libjvm.so+0x9792fb]  PSScavenge::invoke_no_policy()+0xf7b
V  [libjvm.so+0x979a81]  PSScavenge::invoke()+0x41
V  [libjvm.so+0x932050]  ParallelScavengeHeap::failed_mem_allocate(unsigned long)+0x70
V  [libjvm.so+0xaae1d7]  VM_ParallelGCFailedAllocation::doit()+0x97
V  [libjvm.so+0xab59c5]  VM_Operation::evaluate()+0x55
V  [libjvm.so+0xab3d9a]  VMThread::evaluate_operation(VM_Operation*)+0xba
V  [libjvm.so+0xab411e]  VMThread::loop()+0x1ce
V  [libjvm.so+0xab4590]  VMThread::run()+0x70
V  [libjvm.so+0x910de8]  java_start(Thread*)+0x108

VM_Operation (0x00007f5ede0378a0): ParallelGCFailedAllocation, mode: safepoint, requested by thread 0x00007f5ed800a000


---------------  P R O C E S S  ---------------

Java Threads: ( => current thread )
  0x00007f5ed80c2000 JavaThread "Service Thread" daemon [_thread_blocked, id=7714, stack(0x00007f5eb6e28000,0x00007f5eb6f29000)]
  0x00007f5ed80bd000 JavaThread "C1 CompilerThread2" daemon [_thread_blocked, id=7713, stack(0x00007f5eb6f29000,0x00007f5eb702a000)]
  0x00007f5ed80bb800 JavaThread "C2 CompilerThread1" daemon [_thread_in_native, id=7712, stack(0x00007f5eb702a000,0x00007f5eb712b000)]
  0x00007f5ed80b8800 JavaThread "C2 CompilerThread0" daemon [_thread_blocked, id=7711, stack(0x00007f5eb712b000,0x00007f5eb722c000)]
  0x00007f5ed80b7000 JavaThread "Signal Dispatcher" daemon [_thread_blocked, id=7710, stack(0x00007f5eb722c000,0x00007f5eb732d000)]
  0x00007f5ed807f000 JavaThread "Finalizer" daemon [_thread_blocked, id=7709, stack(0x00007f5eb75f6000,0x00007f5eb76f7000)]
  0x00007f5ed807c800 JavaThread "Reference Handler" daemon [_thread_blocked, id=7708, stack(0x00007f5eb76f7000,0x00007f5eb77f8000)]
  0x00007f5ed800a000 JavaThread "main" [_thread_blocked, id=7700, stack(0x00007f5eddf39000,0x00007f5ede03a000)]

Other Threads:
=>0x00007f5ed8077800 VMThread [stack: 0x00007f5eb77f8000,0x00007f5eb78f9000] [id=7707]
  0x00007f5ed80c4800 WatcherThread [stack: 0x00007f5eb6d27000,0x00007f5eb6e28000] [id=7715]

VM state:at safepoint (normal execution)

VM Mutex/Monitor currently owned by a thread:  ([mutex/lock_event])
[0x00007f5ed8006350] Threads_lock - owner thread: 0x00007f5ed8077800
[0x00007f5ed8006850] Heap_lock - owner thread: 0x00007f5ed800a000

Heap:
 PSYoungGen      total 66048K, used 2545K [0x00000000eab00000, 0x00000000eee00000, 0x0000000100000000)
  eden space 63488K, 0% used [0x00000000eab00000,0x00000000eab00000,0x00000000ee900000)
  from space 2560K, 99% used [0x00000000ee900000,0x00000000eeb7c5f8,0x00000000eeb80000)
  to   space 2560K, 0% used [0x00000000eeb80000,0x00000000eeb80000,0x00000000eee00000)
 ParOldGen       total 42496K, used 22696K [0x00000000c0000000, 0x00000000c2980000, 0x00000000eab00000)
  object space 42496K, 53% used [0x00000000c0000000,0x00000000c162a200,0x00000000c2980000)
 Metaspace       used 5973K, capacity 7088K, committed 7296K, reserved 1056768K
  class space    used 570K, capacity 616K, committed 640K, reserved 1048576K

Card table byte_map: [0x00007f5ec79a5000,0x00007f5ec7ba6000] byte_map_base: 0x00007f5ec73a5000

Marking Bits: (ParMarkBitMap*) 0x00007f5edd416760
 Begin Bits: [0x00007f5ec55a1000, 0x00007f5ec65a1000)
 End Bits:   [0x00007f5ec65a1000, 0x00007f5ec75a1000)

Polling page: 0x00007f5ede05d000

CodeCache: size=245760Kb used=7073Kb max_used=7085Kb free=238686Kb
 bounds [0x00007f5ec7f66000, 0x00007f5ec8666000, 0x00007f5ed6f66000]
 total_blobs=1927 nmethods=1664 adapters=178
 compilation: enabled

Compilation events (10 events):
Event: 5.796 Thread 0x00007f5ed80bd000 1688   !   2       java.util.zip.Inflater::setInput (74 bytes)
Event: 5.796 Thread 0x00007f5ed80bd000 nmethod 1688 0x00007f5ec864e850 code [0x00007f5ec864e9e0, 0x00007f5ec864ee38]
Event: 5.824 Thread 0x00007f5ed80b8800 nmethod 1606 0x00007f5ec8649050 code [0x00007f5ec86491a0, 0x00007f5ec86492d8]
Event: 5.824 Thread 0x00007f5ed80b8800 1690       4       java.util.ArrayList::remove (77 bytes)
Event: 5.830 Thread 0x00007f5ed80b8800 nmethod 1690 0x00007f5ec864e150 code [0x00007f5ec864e2c0, 0x00007f5ec864e678]
Event: 5.830 Thread 0x00007f5ed80b8800 1527       4       com.android.dx.rop.code.ThrowingCstInsn::accept (8 bytes)
Event: 5.830 Thread 0x00007f5ed80b8800 nmethod 1527 0x00007f5ec8602d10 code [0x00007f5ec8602e60, 0x00007f5ec8602ed8]
Event: 5.830 Thread 0x00007f5ed80b8800 1498       4       com.android.dx.rop.code.Insn::hashCode (5 bytes)
Event: 5.831 Thread 0x00007f5ed80b8800 nmethod 1498 0x00007f5ec861a390 code [0x00007f5ec861a4e0, 0x00007f5ec861a588]
Event: 5.831 Thread 0x00007f5ed80b8800 1598       4       com.android.dx.ssa.SsaRenamer$BlockRenamer$RenamingMapper::map (28 bytes)

GC Heap History (9 events):
Event: 1.830 GC heap before
{Heap before GC invocations=1 (full 0):
 PSYoungGen      total 18432K, used 15872K [0x00000000eab00000, 0x00000000ebf80000, 0x0000000100000000)
  eden space 15872K, 100% used [0x00000000eab00000,0x00000000eba80000,0x00000000eba80000)
  from space 2560K, 0% used [0x00000000ebd00000,0x00000000ebd00000,0x00000000ebf80000)
  to   space 2560K, 0% used [0x00000000eba80000,0x00000000eba80000,0x00000000ebd00000)
 ParOldGen       total 42496K, used 0K [0x00000000c0000000, 0x00000000c2980000, 0x00000000eab00000)
  object space 42496K, 0% used [0x00000000c0000000,0x00000000c0000000,0x00000000c2980000)
 Metaspace       used 5450K, capacity 6704K, committed 6784K, reserved 1056768K
  class space    used 543K, capacity 616K, committed 640K, reserved 1048576K
Event: 1.853 GC heap after
Heap after GC invocations=1 (full 0):
 PSYoungGen      total 18432K, used 2535K [0x00000000eab00000, 0x00000000ecf00000, 0x0000000100000000)
  eden space 15872K, 0% used [0x00000000eab00000,0x00000000eab00000,0x00000000eba80000)
  from space 2560K, 99% used [0x00000000eba80000,0x00000000ebcf9c88,0x00000000ebd00000)
  to   space 2560K, 0% used [0x00000000ecc80000,0x00000000ecc80000,0x00000000ecf00000)
 ParOldGen       total 42496K, used 1655K [0x00000000c0000000, 0x00000000c2980000, 0x00000000eab00000)
  object space 42496K, 3% used [0x00000000c0000000,0x00000000c019ded0,0x00000000c2980000)
 Metaspace       used 5450K, capacity 6704K, committed 6784K, reserved 1056768K
  class space    used 543K, capacity 616K, committed 640K, reserved 1048576K
}
Event: 2.641 GC heap before
{Heap before GC invocations=2 (full 0):
 PSYoungGen      total 18432K, used 18407K [0x00000000eab00000, 0x00000000ecf00000, 0x0000000100000000)
  eden space 15872K, 100% used [0x00000000eab00000,0x00000000eba80000,0x00000000eba80000)
  from space 2560K, 99% used [0x00000000eba80000,0x00000000ebcf9c88,0x00000000ebd00000)
  to   space 2560K, 0% used [0x00000000ecc80000,0x00000000ecc80000,0x00000000ecf00000)
 ParOldGen       total 42496K, used 1655K [0x00000000c0000000, 0x00000000c2980000, 0x00000000eab00000)
  object space 42496K, 3% used [0x00000000c0000000,0x00000000c019ded0,0x00000000c2980000)
 Metaspace       used 5692K, capacity 6960K, committed 7040K, reserved 1056768K
  class space    used 548K, capacity 616K, committed 640K, reserved 1048576K
Event: 2.666 GC heap after
Heap after GC invocations=2 (full 0):
 PSYoungGen      total 34304K, used 2551K [0x00000000eab00000, 0x00000000ecf00000, 0x0000000100000000)
  eden space 31744K, 0% used [0x00000000eab00000,0x00000000eab00000,0x00000000eca00000)
  from space 2560K, 99% used [0x00000000ecc80000,0x00000000ecefdd78,0x00000000ecf00000)
  to   space 2560K, 0% used [0x00000000eca00000,0x00000000eca00000,0x00000000ecc80000)
 ParOldGen       total 42496K, used 3899K [0x00000000c0000000, 0x00000000c2980000, 0x00000000eab00000)
  object space 42496K, 9% used [0x00000000c0000000,0x00000000c03cefa0,0x00000000c2980000)
 Metaspace       used 5692K, capacity 6960K, committed 7040K, reserved 1056768K
  class space    used 548K, capacity 616K, committed 640K, reserved 1048576K
}
Event: 3.654 GC heap before
{Heap before GC invocations=3 (full 0):
 PSYoungGen      total 34304K, used 34295K [0x00000000eab00000, 0x00000000ecf00000, 0x0000000100000000)
  eden space 31744K, 100% used [0x00000000eab00000,0x00000000eca00000,0x00000000eca00000)
  from space 2560K, 99% used [0x00000000ecc80000,0x00000000ecefdd78,0x00000000ecf00000)
  to   space 2560K, 0% used [0x00000000eca00000,0x00000000eca00000,0x00000000ecc80000)
 ParOldGen       total 42496K, used 3899K [0x00000000c0000000, 0x00000000c2980000, 0x00000000eab00000)
  object space 42496K, 9% used [0x00000000c0000000,0x00000000c03cefa0,0x00000000c2980000)
 Metaspace       used 5828K, capacity 7024K, committed 7296K, reserved 1056768K
  class space    used 552K, capacity 616K, committed 640K, reserved 1048576K
Event: 3.698 GC heap after
Heap after GC invocations=3 (full 0):
 PSYoungGen      total 34304K, used 2544K [0x00000000eab00000, 0x00000000eee00000, 0x0000000100000000)
  eden space 31744K, 0% used [0x00000000eab00000,0x00000000eab00000,0x00000000eca00000)
  from space 2560K, 99% used [0x00000000eca00000,0x00000000ecc7c2a8,0x00000000ecc80000)
  to   space 2560K, 0% used [0x00000000eeb80000,0x00000000eeb80000,0x00000000eee00000)
 ParOldGen       total 42496K, used 9029K [0x00000000c0000000, 0x00000000c2980000, 0x00000000eab00000)
  object space 42496K, 21% used [0x00000000c0000000,0x00000000c08d14d0,0x00000000c2980000)
 Metaspace       used 5828K, capacity 7024K, committed 7296K, reserved 1056768K
  class space    used 552K, capacity 616K, committed 640K, reserved 1048576K
}
Event: 4.374 GC heap before
{Heap before GC invocations=4 (full 0):
 PSYoungGen      total 34304K, used 34288K [0x00000000eab00000, 0x00000000eee00000, 0x0000000100000000)
  eden space 31744K, 100% used [0x00000000eab00000,0x00000000eca00000,0x00000000eca00000)
  from space 2560K, 99% used [0x00000000eca00000,0x00000000ecc7c2a8,0x00000000ecc80000)
  to   space 2560K, 0% used [0x00000000eeb80000,0x00000000eeb80000,0x00000000eee00000)
 ParOldGen       total 42496K, used 9029K [0x00000000c0000000, 0x00000000c2980000, 0x00000000eab00000)
  object space 42496K, 21% used [0x00000000c0000000,0x00000000c08d14d0,0x00000000c2980000)
 Metaspace       used 5847K, capacity 7088K, committed 7296K, reserved 1056768K
  class space    used 552K, capacity 616K, committed 640K, reserved 1048576K
Event: 4.426 GC heap after
Heap after GC invocations=4 (full 0):
 PSYoungGen      total 66048K, used 2557K [0x00000000eab00000, 0x00000000eee00000, 0x0000000100000000)
  eden space 63488K, 0% used [0x00000000eab00000,0x00000000eab00000,0x00000000ee900000)
  from space 2560K, 99% used [0x00000000eeb80000,0x00000000eedff7d8,0x00000000eee00000)
  to   space 2560K, 0% used [0x00000000ee900000,0x00000000ee900000,0x00000000eeb80000)
 ParOldGen       total 42496K, used 13607K [0x00000000c0000000, 0x00000000c2980000, 0x00000000eab00000)
  object space 42496K, 32% used [0x00000000c0000000,0x00000000c0d49c38,0x00000000c2980000)
 Metaspace       used 5847K, capacity 7088K, committed 7296K, reserved 1056768K
  class space    used 552K, capacity 616K, committed 640K, reserved 1048576K
}
Event: 5.850 GC heap before
{Heap before GC invocations=5 (full 0):
 PSYoungGen      total 66048K, used 66045K [0x00000000eab00000, 0x00000000eee00000, 0x0000000100000000)
  eden space 63488K, 100% used [0x00000000eab00000,0x00000000ee900000,0x00000000ee900000)
  from space 2560K, 99% used [0x00000000eeb80000,0x00000000eedff7d8,0x00000000eee00000)
  to   space 2560K, 0% used [0x00000000ee900000,0x00000000ee900000,0x00000000eeb80000)
 ParOldGen       total 42496K, used 13607K [0x00000000c0000000, 0x00000000c2980000, 0x00000000eab00000)
  object space 42496K, 32% used [0x00000000c0000000,0x00000000c0d49c38,0x00000000c2980000)
 Metaspace       used 5973K, capacity 7088K, committed 7296K, reserved 1056768K
  class space    used 570K, capacity 616K, committed 640K, reserved 1048576K

Deoptimization events (10 events):
Event: 3.960 Thread 0x00007f5ed800a000 Uncommon trap: reason=bimorphic action=maybe_recompile pc=0x00007f5ec81c1018 method=java.util.HashMap.getNode(ILjava/lang/Object;)Ljava/util/HashMap$Node; @ 126
Event: 3.960 Thread 0x00007f5ed800a000 Uncommon trap: reason=class_check action=maybe_recompile pc=0x00007f5ec8428374 method=java.util.HashMap.putVal(ILjava/lang/Object;Ljava/lang/Object;ZZ)Ljava/lang/Object; @ 203
Event: 4.196 Thread 0x00007f5ed800a000 Uncommon trap: reason=bimorphic action=maybe_recompile pc=0x00007f5ec85b6e18 method=com.android.dx.ssa.LiteralOpUpgrader.tryReplacingWithConstant(Lcom/android/dx/ssa/NormalSsaInsn;)Z @ 62
Event: 4.737 Thread 0x00007f5ed800a000 Uncommon trap: reason=unstable_if action=reinterpret pc=0x00007f5ec82b6da0 method=java.util.HashMap.putVal(ILjava/lang/Object;Ljava/lang/Object;ZZ)Ljava/lang/Object; @ 162
Event: 4.747 Thread 0x00007f5ed800a000 Uncommon trap: reason=unstable_if action=reinterpret pc=0x00007f5ec81db544 method=java.util.HashMap.getNode(ILjava/lang/Object;)Ljava/util/HashMap$Node; @ 84
Event: 4.748 Thread 0x00007f5ed800a000 Uncommon trap: reason=unstable_if action=reinterpret pc=0x00007f5ec81c0ff8 method=java.util.HashMap.getNode(ILjava/lang/Object;)Ljava/util/HashMap$Node; @ 84
Event: 4.748 Thread 0x00007f5ed800a000 Uncommon trap: reason=unstable_if action=reinterpret pc=0x00007f5ec8427e54 method=java.util.HashMap.putVal(ILjava/lang/Object;Ljava/lang/Object;ZZ)Ljava/lang/Object; @ 162
Event: 4.916 Thread 0x00007f5ed800a000 Uncommon trap: reason=unstable_if action=reinterpret pc=0x00007f5ec83dfd98 method=com.android.dx.dex.code.OutputFinisher.hasLocalInfo(Lcom/android/dx/dex/code/DalvInsn;)Z @ 24
Event: 4.963 Thread 0x00007f5ed800a000 Uncommon trap: reason=bimorphic action=maybe_recompile pc=0x00007f5ec85b6e18 method=com.android.dx.ssa.LiteralOpUpgrader.tryReplacingWithConstant(Lcom/android/dx/ssa/NormalSsaInsn;)Z @ 62
Event: 5.601 Thread 0x00007f5ed800a000 Uncommon trap: reason=class_check action=maybe_recompile pc=0x00007f5ec8607050 method=com.android.dx.rop.code.RegisterSpec.withSimpleType()Lcom/android/dx/rop/code/RegisterSpec; @ 21

Internal exceptions (5 events):
Event: 0.150 Thread 0x00007f5ed800a000 Exception <a 'java/lang/NoSuchMethodError': Method sun.misc.Unsafe.defineClass(Ljava/lang/String;[BII)Ljava/lang/Class; name or signature does not match> (0x00000000eab12a38) thrown at [/RE-WORK/workspace/8-2-build-linux-amd64/jdk8u45/3457/hotspot/src/sha
Event: 0.150 Thread 0x00007f5ed800a000 Exception <a 'java/lang/NoSuchMethodError': Method sun.misc.Unsafe.prefetchRead(Ljava/lang/Object;J)V name or signature does not match> (0x00000000eab12cc8) thrown at [/RE-WORK/workspace/8-2-build-linux-amd64/jdk8u45/3457/hotspot/src/share/vm/prims/jni.cp
Event: 4.738 Thread 0x00007f5ed800a000 Exception <a 'java/lang/ArrayIndexOutOfBoundsException': 18> (0x00000000ebbb4228) thrown at [/RE-WORK/workspace/8-2-build-linux-amd64/jdk8u45/3457/hotspot/src/share/vm/interpreter/interpreterRuntime.cpp, line 366]
Event: 4.738 Thread 0x00007f5ed800a000 Exception <a 'java/lang/ArrayIndexOutOfBoundsException': 145> (0x00000000ebbb5cf8) thrown at [/RE-WORK/workspace/8-2-build-linux-amd64/jdk8u45/3457/hotspot/src/share/vm/interpreter/interpreterRuntime.cpp, line 366]
Event: 4.746 Thread 0x00007f5ed800a000 Exception <a 'java/lang/ArrayIndexOutOfBoundsException'> (0x00000000ebbb6f30) thrown at [/RE-WORK/workspace/8-2-build-linux-amd64/jdk8u45/3457/hotspot/src/share/vm/runtime/sharedRuntime.cpp, line 605]

Events (10 events):
Event: 4.916 Thread 0x00007f5ed800a000 Uncommon trap: trap_request=0xffffff65 fr.pc=0x00007f5ec83dfd98
Event: 4.916 Thread 0x00007f5ed800a000 DEOPT PACKING pc=0x00007f5ec83dfd98 sp=0x00007f5ede037c80
Event: 4.916 Thread 0x00007f5ed800a000 DEOPT UNPACKING pc=0x00007f5ec7f6b229 sp=0x00007f5ede037bb8 mode 2
Event: 4.963 Thread 0x00007f5ed800a000 Uncommon trap: trap_request=0xffffffc6 fr.pc=0x00007f5ec85b6e18
Event: 4.963 Thread 0x00007f5ed800a000 DEOPT PACKING pc=0x00007f5ec85b6e18 sp=0x00007f5ede037aa0
Event: 4.963 Thread 0x00007f5ed800a000 DEOPT UNPACKING pc=0x00007f5ec7f6b229 sp=0x00007f5ede037a50 mode 2
Event: 5.601 Thread 0x00007f5ed800a000 Uncommon trap: trap_request=0xffffffde fr.pc=0x00007f5ec8607050
Event: 5.601 Thread 0x00007f5ed800a000 DEOPT PACKING pc=0x00007f5ec8607050 sp=0x00007f5ede037c40
Event: 5.601 Thread 0x00007f5ed800a000 DEOPT UNPACKING pc=0x00007f5ec7f6b229 sp=0x00007f5ede037bb8 mode 2
Event: 5.845 Executing VM operation: ParallelGCFailedAllocation


Dynamic libraries:
00400000-00401000 r-xp 00000000 08:03 1572315                            /opt/java/jdk1.8.0_45/bin/java
00600000-00601000 rw-p 00000000 08:03 1572315                            /opt/java/jdk1.8.0_45/bin/java
0094f000-00970000 rw-p 00000000 00:00 0                                  [heap]
c0000000-c2980000 rw-p 00000000 00:00 0 
c2980000-eab00000 ---p 00000000 00:00 0 
eab00000-eee00000 rw-p 00000000 00:00 0 
f3f00000-100000000 ---p 00000000 00:00 0 
100000000-1000a0000 rw-p 00000000 00:00 0 
1000a0000-140000000 ---p 00000000 00:00 0 
7f5e8c000000-7f5e8c021000 rw-p 00000000 00:00 0 
7f5e8c021000-7f5e90000000 ---p 00000000 00:00 0 
7f5e90000000-7f5e90021000 rw-p 00000000 00:00 0 
7f5e90021000-7f5e94000000 ---p 00000000 00:00 0 
7f5e94000000-7f5e94714000 rw-p 00000000 00:00 0 
7f5e94714000-7f5e98000000 ---p 00000000 00:00 0 
7f5e98000000-7f5e98a60000 rw-p 00000000 00:00 0 
7f5e98a60000-7f5e9c000000 ---p 00000000 00:00 0 
7f5e9c000000-7f5e9c021000 rw-p 00000000 00:00 0 
7f5e9c021000-7f5ea0000000 ---p 00000000 00:00 0 
7f5ea0000000-7f5ea096f000 rw-p 00000000 00:00 0 
7f5ea096f000-7f5ea4000000 ---p 00000000 00:00 0 
7f5ea4000000-7f5ea4021000 rw-p 00000000 00:00 0 
7f5ea4021000-7f5ea8000000 ---p 00000000 00:00 0 
7f5ea8000000-7f5ea8021000 rw-p 00000000 00:00 0 
7f5ea8021000-7f5eac000000 ---p 00000000 00:00 0 
7f5eac000000-7f5eac28a000 rw-p 00000000 00:00 0 
7f5eac28a000-7f5eb0000000 ---p 00000000 00:00 0 
7f5eb0000000-7f5eb0021000 rw-p 00000000 00:00 0 
7f5eb0021000-7f5eb4000000 ---p 00000000 00:00 0 
7f5eb6d27000-7f5eb6d28000 ---p 00000000 00:00 0 
7f5eb6d28000-7f5eb6e28000 rw-p 00000000 00:00 0                          [stack:7715]
7f5eb6e28000-7f5eb6e2b000 ---p 00000000 00:00 0 
7f5eb6e2b000-7f5eb6f29000 rw-p 00000000 00:00 0                          [stack:7714]
7f5eb6f29000-7f5eb6f2c000 ---p 00000000 00:00 0 
7f5eb6f2c000-7f5eb702a000 rw-p 00000000 00:00 0                          [stack:7713]
7f5eb702a000-7f5eb702d000 ---p 00000000 00:00 0 
7f5eb702d000-7f5eb712b000 rw-p 00000000 00:00 0                          [stack:7712]
7f5eb712b000-7f5eb712e000 ---p 00000000 00:00 0 
7f5eb712e000-7f5eb722c000 rw-p 00000000 00:00 0                          [stack:7711]
7f5eb722c000-7f5eb722f000 ---p 00000000 00:00 0 
7f5eb722f000-7f5eb732d000 rw-p 00000000 00:00 0                          [stack:7710]
7f5eb732d000-7f5eb75f6000 r--p 00000000 08:03 266989                     /usr/lib/locale/locale-archive
7f5eb75f6000-7f5eb75f9000 ---p 00000000 00:00 0 
7f5eb75f9000-7f5eb76f7000 rw-p 00000000 00:00 0                          [stack:7709]
7f5eb76f7000-7f5eb76fa000 ---p 00000000 00:00 0 
7f5eb76fa000-7f5eb77f8000 rw-p 00000000 00:00 0                          [stack:7708]
7f5eb77f8000-7f5eb77f9000 ---p 00000000 00:00 0 
7f5eb77f9000-7f5eb8000000 rw-p 00000000 00:00 0                          [stack:7707]
7f5eb8000000-7f5eb8021000 rw-p 00000000 00:00 0 
7f5eb8021000-7f5ebc000000 ---p 00000000 00:00 0 
7f5ebc000000-7f5ebc021000 rw-p 00000000 00:00 0 
7f5ebc021000-7f5ec0000000 ---p 00000000 00:00 0 
7f5ec0000000-7f5ec0021000 rw-p 00000000 00:00 0 
7f5ec0021000-7f5ec4000000 ---p 00000000 00:00 0 
7f5ec40a5000-7f5ec4952000 rw-p 00000000 00:00 0 
7f5ec4952000-7f5ec4b2b000 r--s 03d09000 08:03 1573810                    /opt/java/jdk1.8.0_45/jre/lib/rt.jar
7f5ec4b2b000-7f5ec5221000 rw-p 00000000 00:00 0 
7f5ec5221000-7f5ec53a1000 ---p 00000000 00:00 0 
7f5ec53a1000-7f5ec75a1000 rw-p 00000000 00:00 0 
7f5ec75a1000-7f5ec75a2000 ---p 00000000 00:00 0 
7f5ec75a2000-7f5ec76a2000 rw-p 00000000 00:00 0                          [stack:7706]
7f5ec76a2000-7f5ec76a3000 ---p 00000000 00:00 0 
7f5ec76a3000-7f5ec77a3000 rw-p 00000000 00:00 0                          [stack:7704]
7f5ec77a3000-7f5ec77a4000 ---p 00000000 00:00 0 
7f5ec77a4000-7f5ec78a4000 rw-p 00000000 00:00 0                          [stack:7703]
7f5ec78a4000-7f5ec78a5000 ---p 00000000 00:00 0 
7f5ec78a5000-7f5ec79ba000 rw-p 00000000 00:00 0                          [stack:7702]
7f5ec79ba000-7f5ec7afa000 ---p 00000000 00:00 0 
7f5ec7afa000-7f5ec7b1c000 rw-p 00000000 00:00 0 
7f5ec7b1c000-7f5ec7ba5000 ---p 00000000 00:00 0 
7f5ec7ba5000-7f5ec7bc2000 rw-p 00000000 00:00 0 
7f5ec7bc2000-7f5ec7f66000 ---p 00000000 00:00 0 
7f5ec7f66000-7f5ec8666000 rwxp 00000000 00:00 0 
7f5ec8666000-7f5ed6f66000 ---p 00000000 00:00 0 
7f5ed6f66000-7f5ed6f80000 r-xp 00000000 08:03 1574049                    /opt/java/jdk1.8.0_45/jre/lib/amd64/libzip.so
7f5ed6f80000-7f5ed7180000 ---p 0001a000 08:03 1574049                    /opt/java/jdk1.8.0_45/jre/lib/amd64/libzip.so
7f5ed7180000-7f5ed7181000 rw-p 0001a000 08:03 1574049                    /opt/java/jdk1.8.0_45/jre/lib/amd64/libzip.so
7f5ed7181000-7f5ed718c000 r-xp 00000000 08:03 131807                     /lib/x86_64-linux-gnu/libnss_files-2.19.so
7f5ed718c000-7f5ed738b000 ---p 0000b000 08:03 131807                     /lib/x86_64-linux-gnu/libnss_files-2.19.so
7f5ed738b000-7f5ed738c000 r--p 0000a000 08:03 131807                     /lib/x86_64-linux-gnu/libnss_files-2.19.so
7f5ed738c000-7f5ed738d000 rw-p 0000b000 08:03 131807                     /lib/x86_64-linux-gnu/libnss_files-2.19.so
7f5ed738d000-7f5ed7398000 r-xp 00000000 08:03 131871                     /lib/x86_64-linux-gnu/libnss_nis-2.19.so
7f5ed7398000-7f5ed7597000 ---p 0000b000 08:03 131871                     /lib/x86_64-linux-gnu/libnss_nis-2.19.so
7f5ed7597000-7f5ed7598000 r--p 0000a000 08:03 131871                     /lib/x86_64-linux-gnu/libnss_nis-2.19.so
7f5ed7598000-7f5ed7599000 rw-p 0000b000 08:03 131871                     /lib/x86_64-linux-gnu/libnss_nis-2.19.so
7f5ed7599000-7f5ed75b0000 r-xp 00000000 08:03 131829                     /lib/x86_64-linux-gnu/libnsl-2.19.so
7f5ed75b0000-7f5ed77af000 ---p 00017000 08:03 131829                     /lib/x86_64-linux-gnu/libnsl-2.19.so
7f5ed77af000-7f5ed77b0000 r--p 00016000 08:03 131829                     /lib/x86_64-linux-gnu/libnsl-2.19.so
7f5ed77b0000-7f5ed77b1000 rw-p 00017000 08:03 131829                     /lib/x86_64-linux-gnu/libnsl-2.19.so
7f5ed77b1000-7f5ed77b3000 rw-p 00000000 00:00 0 
7f5ed77b3000-7f5ed77bc000 r-xp 00000000 08:03 131828                     /lib/x86_64-linux-gnu/libnss_compat-2.19.so
7f5ed77bc000-7f5ed79bb000 ---p 00009000 08:03 131828                     /lib/x86_64-linux-gnu/libnss_compat-2.19.so
7f5ed79bb000-7f5ed79bc000 r--p 00008000 08:03 131828                     /lib/x86_64-linux-gnu/libnss_compat-2.19.so
7f5ed79bc000-7f5ed79bd000 rw-p 00009000 08:03 131828                     /lib/x86_64-linux-gnu/libnss_compat-2.19.so
7f5ed79bd000-7f5ed79e7000 r-xp 00000000 08:03 1574040                    /opt/java/jdk1.8.0_45/jre/lib/amd64/libjava.so
7f5ed79e7000-7f5ed7be7000 ---p 0002a000 08:03 1574040                    /opt/java/jdk1.8.0_45/jre/lib/amd64/libjava.so
7f5ed7be7000-7f5ed7be9000 rw-p 0002a000 08:03 1574040                    /opt/java/jdk1.8.0_45/jre/lib/amd64/libjava.so
7f5ed7be9000-7f5ed7bf6000 r-xp 00000000 08:03 1574047                    /opt/java/jdk1.8.0_45/jre/lib/amd64/libverify.so
7f5ed7bf6000-7f5ed7df6000 ---p 0000d000 08:03 1574047                    /opt/java/jdk1.8.0_45/jre/lib/amd64/libverify.so
7f5ed7df6000-7f5ed7df8000 rw-p 0000d000 08:03 1574047                    /opt/java/jdk1.8.0_45/jre/lib/amd64/libverify.so
7f5ed7df8000-7f5ed7dff000 r-xp 00000000 08:03 131868                     /lib/x86_64-linux-gnu/librt-2.19.so
7f5ed7dff000-7f5ed7ffe000 ---p 00007000 08:03 131868                     /lib/x86_64-linux-gnu/librt-2.19.so
7f5ed7ffe000-7f5ed7fff000 r--p 00006000 08:03 131868                     /lib/x86_64-linux-gnu/librt-2.19.so
7f5ed7fff000-7f5ed8000000 rw-p 00007000 08:03 131868                     /lib/x86_64-linux-gnu/librt-2.19.so
7f5ed8000000-7f5ed8388000 rw-p 00000000 00:00 0 
7f5ed8388000-7f5edc000000 ---p 00000000 00:00 0 
7f5edc004000-7f5edc00e000 r--s 00085000 00:19 11272207                   /home/mike/AndroidStudioProjects/Wordist/app/build/intermediates/exploded-aar/com.android.support/appcompat-v7/22.2.0/jars/classes.jar
7f5edc00e000-7f5edc01d000 r--s 000dd000 00:19 9438599                    /home/mike/Android/Sdk/build-tools/22.0.1/lib/dx.jar
7f5edc01d000-7f5edc032000 rw-p 00000000 00:00 0 
7f5edc032000-7f5edc173000 ---p 00000000 00:00 0 
7f5edc173000-7f5edc278000 r-xp 00000000 08:03 131806                     /lib/x86_64-linux-gnu/libm-2.19.so
7f5edc278000-7f5edc477000 ---p 00105000 08:03 131806                     /lib/x86_64-linux-gnu/libm-2.19.so
7f5edc477000-7f5edc478000 r--p 00104000 08:03 131806                     /lib/x86_64-linux-gnu/libm-2.19.so
7f5edc478000-7f5edc479000 rw-p 00105000 08:03 131806                     /lib/x86_64-linux-gnu/libm-2.19.so
7f5edc479000-7f5edd127000 r-xp 00000000 08:03 1574060                    /opt/java/jdk1.8.0_45/jre/lib/amd64/server/libjvm.so
7f5edd127000-7f5edd326000 ---p 00cae000 08:03 1574060                    /opt/java/jdk1.8.0_45/jre/lib/amd64/server/libjvm.so
7f5edd326000-7f5edd3fd000 rw-p 00cad000 08:03 1574060                    /opt/java/jdk1.8.0_45/jre/lib/amd64/server/libjvm.so
7f5edd3fd000-7f5edd441000 rw-p 00000000 00:00 0 
7f5edd441000-7f5edd5fc000 r-xp 00000000 08:03 131857                     /lib/x86_64-linux-gnu/libc-2.19.so
7f5edd5fc000-7f5edd7fb000 ---p 001bb000 08:03 131857                     /lib/x86_64-linux-gnu/libc-2.19.so
7f5edd7fb000-7f5edd7ff000 r--p 001ba000 08:03 131857                     /lib/x86_64-linux-gnu/libc-2.19.so
7f5edd7ff000-7f5edd801000 rw-p 001be000 08:03 131857                     /lib/x86_64-linux-gnu/libc-2.19.so
7f5edd801000-7f5edd806000 rw-p 00000000 00:00 0 
7f5edd806000-7f5edd809000 r-xp 00000000 08:03 131810                     /lib/x86_64-linux-gnu/libdl-2.19.so
7f5edd809000-7f5edda08000 ---p 00003000 08:03 131810                     /lib/x86_64-linux-gnu/libdl-2.19.so
7f5edda08000-7f5edda09000 r--p 00002000 08:03 131810                     /lib/x86_64-linux-gnu/libdl-2.19.so
7f5edda09000-7f5edda0a000 rw-p 00003000 08:03 131810                     /lib/x86_64-linux-gnu/libdl-2.19.so
7f5edda0a000-7f5edda1f000 r-xp 00000000 08:03 1573749                    /opt/java/jdk1.8.0_45/lib/amd64/jli/libjli.so
7f5edda1f000-7f5eddc1f000 ---p 00015000 08:03 1573749                    /opt/java/jdk1.8.0_45/lib/amd64/jli/libjli.so
7f5eddc1f000-7f5eddc20000 rw-p 00015000 08:03 1573749                    /opt/java/jdk1.8.0_45/lib/amd64/jli/libjli.so
7f5eddc20000-7f5eddc39000 r-xp 00000000 08:03 131858                     /lib/x86_64-linux-gnu/libpthread-2.19.so
7f5eddc39000-7f5edde38000 ---p 00019000 08:03 131858                     /lib/x86_64-linux-gnu/libpthread-2.19.so
7f5edde38000-7f5edde39000 r--p 00018000 08:03 131858                     /lib/x86_64-linux-gnu/libpthread-2.19.so
7f5edde39000-7f5edde3a000 rw-p 00019000 08:03 131858                     /lib/x86_64-linux-gnu/libpthread-2.19.so
7f5edde3a000-7f5edde3e000 rw-p 00000000 00:00 0 
7f5edde3e000-7f5edde61000 r-xp 00000000 08:03 131833                     /lib/x86_64-linux-gnu/ld-2.19.so
7f5edde67000-7f5eddf39000 rw-p 00000000 00:00 0 
7f5eddf39000-7f5eddf3c000 ---p 00000000 00:00 0 
7f5eddf3c000-7f5ede03f000 rw-p 00000000 00:00 0                          [stack:7700]
7f5ede03f000-7f5ede040000 r--p 00000000 08:03 672594                     /usr/share/locale-langpack/en_GB/LC_MESSAGES/libc.mo
7f5ede040000-7f5ede054000 rw-p 00000000 00:00 0 
7f5ede054000-7f5ede05c000 rw-s 00000000 08:03 1574181                    /tmp/hsperfdata_mike/7698
7f5ede05c000-7f5ede05d000 rw-p 00000000 00:00 0 
7f5ede05d000-7f5ede05e000 ---p 00000000 00:00 0 
7f5ede05e000-7f5ede060000 rw-p 00000000 00:00 0 
7f5ede060000-7f5ede061000 r--p 00022000 08:03 131833                     /lib/x86_64-linux-gnu/ld-2.19.so
7f5ede061000-7f5ede062000 rw-p 00023000 08:03 131833                     /lib/x86_64-linux-gnu/ld-2.19.so
7f5ede062000-7f5ede063000 rw-p 00000000 00:00 0 
7fff981ba000-7fff981db000 rw-p 00000000 00:00 0                          [stack]
7fff981fe000-7fff98200000 r-xp 00000000 00:00 0                          [vdso]
ffffffffff600000-ffffffffff601000 r-xp 00000000 00:00 0                  [vsyscall]

VM Arguments:
jvm_args: -Xmx1024M -Dfile.encoding=UTF-8 -Duser.country=GB -Duser.language=en -Duser.variant 
java_command: com.android.dx.command.Main --dex --output /home/mike/AndroidStudioProjects/Wordist/app/build/intermediates/pre-dexed/release/classes-f0ee922ec2946f81b52e421308f13a62e01af387.jar /home/mike/AndroidStudioProjects/Wordist/app/build/intermediates/exploded-aar/com.android.support/appcompat-v7/22.2.0/jars/classes.jar
java_class_path (initial): /home/mike/Android/Sdk/build-tools/22.0.1/lib/dx.jar
Launcher Type: SUN_STANDARD

Environment Variables:
PATH=/usr/local/sbin:/usr/local/bin:/usr/sbin:/usr/bin:/sbin:/bin:/usr/games:/usr/local/games
USERNAME=mike
LD_LIBRARY_PATH=/opt/android-studio/bin:
SHELL=/bin/bash
DISPLAY=:0

Signal Handlers:
SIGSEGV: [libjvm.so+0xaad1e0], sa_mask[0]=11111111011111111101111111111110, sa_flags=SA_RESTART|SA_SIGINFO
SIGBUS: [libjvm.so+0xaad1e0], sa_mask[0]=11111111011111111101111111111110, sa_flags=SA_RESTART|SA_SIGINFO
SIGFPE: [libjvm.so+0x90b450], sa_mask[0]=11111111011111111101111111111110, sa_flags=SA_RESTART|SA_SIGINFO
SIGPIPE: [libjvm.so+0x90b450], sa_mask[0]=11111111011111111101111111111110, sa_flags=SA_RESTART|SA_SIGINFO
SIGXFSZ: [libjvm.so+0x90b450], sa_mask[0]=11111111011111111101111111111110, sa_flags=SA_RESTART|SA_SIGINFO
SIGILL: [libjvm.so+0x90b450], sa_mask[0]=11111111011111111101111111111110, sa_flags=SA_RESTART|SA_SIGINFO
SIGUSR1: SIG_DFL, sa_mask[0]=00000000000000000000000000000000, sa_flags=none
SIGUSR2: [libjvm.so+0x90ca90], sa_mask[0]=00100000000000000000000000000000, sa_flags=SA_RESTART|SA_SIGINFO
SIGHUP: [libjvm.so+0x90dde0], sa_mask[0]=11111111011111111101111111111110, sa_flags=SA_RESTART|SA_SIGINFO
SIGINT: [libjvm.so+0x90dde0], sa_mask[0]=11111111011111111101111111111110, sa_flags=SA_RESTART|SA_SIGINFO
SIGTERM: [libjvm.so+0x90dde0], sa_mask[0]=11111111011111111101111111111110, sa_flags=SA_RESTART|SA_SIGINFO
SIGQUIT: [libjvm.so+0x90dde0], sa_mask[0]=11111111011111111101111111111110, sa_flags=SA_RESTART|SA_SIGINFO


---------------  S Y S T E M  ---------------

OS:DISTRIB_ID=LinuxMint
DISTRIB_RELEASE=17.2
DISTRIB_CODENAME=rafaela
DISTRIB_DESCRIPTION="Linux Mint 17.2 Rafaela"

uname:Linux 3.13.0-37-generic #64-Ubuntu SMP Mon Sep 22 21:28:38 UTC 2014 x86_64
libc:glibc 2.19 NPTL 2.19 
rlimit: STACK 8192k, CORE 0k, NPROC 30882, NOFILE 4096, AS infinity
load average:6.81 3.11 1.94

/proc/meminfo:
MemTotal:        4048044 kB
MemFree:          102808 kB
Buffers:             604 kB
Cached:            60060 kB
SwapCached:            0 kB
Active:          3154476 kB
Inactive:          41160 kB
Active(anon):    3136448 kB
Inactive(anon):    21240 kB
Active(file):      18028 kB
Inactive(file):    19920 kB
Unevictable:          72 kB
Mlocked:              72 kB
SwapTotal:             0 kB
SwapFree:              0 kB
Dirty:              1372 kB
Writeback:             0 kB
AnonPages:       3135428 kB
Mapped:           519592 kB
Shmem:             22336 kB
Slab:              71460 kB
SReclaimable:      25628 kB
SUnreclaim:        45832 kB
KernelStack:        4024 kB
PageTables:        25452 kB
NFS_Unstable:          0 kB
Bounce:                0 kB
WritebackTmp:          0 kB
CommitLimit:     2024020 kB
Committed_AS:    4547704 kB
VmallocTotal:   34359738367 kB
VmallocUsed:      305648 kB
VmallocChunk:   34359427560 kB
HardwareCorrupted:     0 kB
AnonHugePages:   1898496 kB
HugePages_Total:       0
HugePages_Free:        0
HugePages_Rsvd:        0
HugePages_Surp:        0
Hugepagesize:       2048 kB
DirectMap4k:      161344 kB
DirectMap2M:     2983936 kB
DirectMap1G:     1048576 kB


CPU:total 4 (4 cores per cpu, 1 threads per core) family 16 model 4 stepping 2, cmov, cx8, fxsr, mmx, sse, sse2, sse3, popcnt, mmxext, 3dnowpref, lzcnt, sse4a, tsc, tscinvbit, tscinv

/proc/cpuinfo:
processor	: 0
vendor_id	: AuthenticAMD
cpu family	: 16
model		: 4
model name	: AMD Phenom(tm) II X4 955 Processor
stepping	: 2
microcode	: 0x1000086
cpu MHz		: 3200.000
cache size	: 512 KB
physical id	: 0
siblings	: 4
core id		: 0
cpu cores	: 4
apicid		: 0
initial apicid	: 0
fpu		: yes
fpu_exception	: yes
cpuid level	: 5
wp		: yes
flags		: fpu vme de pse tsc msr pae mce cx8 apic sep mtrr pge mca cmov pat pse36 clflush mmx fxsr sse sse2 ht syscall nx mmxext fxsr_opt pdpe1gb rdtscp lm 3dnowext 3dnow constant_tsc rep_good nopl nonstop_tsc extd_apicid pni monitor cx16 popcnt lahf_lm cmp_legacy svm extapic cr8_legacy abm sse4a misalignsse 3dnowprefetch osvw ibs skinit wdt hw_pstate npt lbrv svm_lock nrip_save
bogomips	: 6399.94
TLB size	: 1024 4K pages
clflush size	: 64
cache_alignment	: 64
address sizes	: 48 bits physical, 48 bits virtual
power management: ts ttp tm stc 100mhzsteps hwpstate

processor	: 1
vendor_id	: AuthenticAMD
cpu family	: 16
model		: 4
model name	: AMD Phenom(tm) II X4 955 Processor
stepping	: 2
microcode	: 0x1000086
cpu MHz		: 3200.000
cache size	: 512 KB
physical id	: 0
siblings	: 4
core id		: 1
cpu cores	: 4
apicid		: 1
initial apicid	: 1
fpu		: yes
fpu_exception	: yes
cpuid level	: 5
wp		: yes
flags		: fpu vme de pse tsc msr pae mce cx8 apic sep mtrr pge mca cmov pat pse36 clflush mmx fxsr sse sse2 ht syscall nx mmxext fxsr_opt pdpe1gb rdtscp lm 3dnowext 3dnow constant_tsc rep_good nopl nonstop_tsc extd_apicid pni monitor cx16 popcnt lahf_lm cmp_legacy svm extapic cr8_legacy abm sse4a misalignsse 3dnowprefetch osvw ibs skinit wdt hw_pstate npt lbrv svm_lock nrip_save
bogomips	: 6399.94
TLB size	: 1024 4K pages
clflush size	: 64
cache_alignment	: 64
address sizes	: 48 bits physical, 48 bits virtual
power management: ts ttp tm stc 100mhzsteps hwpstate

processor	: 2
vendor_id	: AuthenticAMD
cpu family	: 16
model		: 4
model name	: AMD Phenom(tm) II X4 955 Processor
stepping	: 2
microcode	: 0x1000086
cpu MHz		: 3200.000
cache size	: 512 KB
physical id	: 0
siblings	: 4
core id		: 2
cpu cores	: 4
apicid		: 2
initial apicid	: 2
fpu		: yes
fpu_exception	: yes
cpuid level	: 5
wp		: yes
flags		: fpu vme de pse tsc msr pae mce cx8 apic sep mtrr pge mca cmov pat pse36 clflush mmx fxsr sse sse2 ht syscall nx mmxext fxsr_opt pdpe1gb rdtscp lm 3dnowext 3dnow constant_tsc rep_good nopl nonstop_tsc extd_apicid pni monitor cx16 popcnt lahf_lm cmp_legacy svm extapic cr8_legacy abm sse4a misalignsse 3dnowprefetch osvw ibs skinit wdt hw_pstate npt lbrv svm_lock nrip_save
bogomips	: 6399.94
TLB size	: 1024 4K pages
clflush size	: 64
cache_alignment	: 64
address sizes	: 48 bits physical, 48 bits virtual
power management: ts ttp tm stc 100mhzsteps hwpstate

processor	: 3
vendor_id	: AuthenticAMD
cpu family	: 16
model		: 4
model name	: AMD Phenom(tm) II X4 955 Processor
stepping	: 2
microcode	: 0x1000086
cpu MHz		: 3200.000
cache size	: 512 KB
physical id	: 0
siblings	: 4
core id		: 3
cpu cores	: 4
apicid		: 3
initial apicid	: 3
fpu		: yes
fpu_exception	: yes
cpuid level	: 5
wp		: yes
flags		: fpu vme de pse tsc msr pae mce cx8 apic sep mtrr pge mca cmov pat pse36 clflush mmx fxsr sse sse2 ht syscall nx mmxext fxsr_opt pdpe1gb rdtscp lm 3dnowext 3dnow constant_tsc rep_good nopl nonstop_tsc extd_apicid pni monitor cx16 popcnt lahf_lm cmp_legacy svm extapic cr8_legacy abm sse4a misalignsse 3dnowprefetch osvw ibs skinit wdt hw_pstate npt lbrv svm_lock nrip_save
bogomips	: 6399.94
TLB size	: 1024 4K pages
clflush size	: 64
cache_alignment	: 64
address sizes	: 48 bits physical, 48 bits virtual
power management: ts ttp tm stc 100mhzsteps hwpstate



Memory: 4k page, physical 4048044k(102312k free), swap 0k(0k free)

vm_info: Java HotSpot(TM) 64-Bit Server VM (25.45-b02) for linux-amd64 JRE (1.8.0_45-b14), built on Apr 10 2015 10:07:45 by "java_re" with gcc 4.3.0 20080428 (Red Hat 4.3.0-8)

time: Thu Aug 13 01:23:36 2015
elapsed time: 6 seconds (0d 0h 0m 6s)

