#
# There is insufficient memory for the Java Runtime Environment to continue.
# Native memory allocation (mmap) failed to map 41943040 bytes for committing reserved memory.
# Possible reasons:
#   The system is out of physical RAM or swap space
#   In 32 bit mode, the process size limit was hit
# Possible solutions:
#   Reduce memory load on the system
#   Increase physical memory or swap space
#   Check if swap backing store is full
#   Use 64 bit Java on a 64 bit OS
#   Decrease Java heap size (-Xmx/-Xms)
#   Decrease number of Java threads
#   Decrease Java thread stack sizes (-Xss)
#   Set larger code cache with -XX:ReservedCodeCacheSize=
# This output file may be truncated or incomplete.
#
#  Out of Memory Error (os_linux.cpp:2673), pid=19406, tid=140132719236864
#
# JRE version: Java(TM) SE Runtime Environment (8.0_45-b14) (build 1.8.0_45-b14)
# Java VM: Java HotSpot(TM) 64-Bit Server VM (25.45-b02 mixed mode linux-amd64 compressed oops)
# Failed to write core dump. Core dumps have been disabled. To enable core dumping, try "ulimit -c unlimited" before starting Java again
#

---------------  T H R E A D  ---------------

Current thread (0x00007f7344077800):  VMThread [stack: 0x00007f7330e39000,0x00007f7330f3a000] [id=19417]

Stack: [0x00007f7330e39000,0x00007f7330f3a000],  sp=0x00007f7330f381e0,  free space=1020k
Native frames: (J=compiled Java code, j=interpreted, Vv=VM code, C=native code)
V  [libjvm.so+0xaac99a]  VMError::report_and_die()+0x2ba
V  [libjvm.so+0x4f333b]  report_vm_out_of_memory(char const*, int, unsigned long, VMErrorType, char const*)+0x8b
V  [libjvm.so+0x90e7c3]  os::Linux::commit_memory_impl(char*, unsigned long, bool)+0x103
V  [libjvm.so+0x90ed19]  os::pd_commit_memory(char*, unsigned long, unsigned long, bool)+0x29
V  [libjvm.so+0x90867a]  os::commit_memory(char*, unsigned long, unsigned long, bool)+0x2a
V  [libjvm.so+0x97bac3]  PSVirtualSpace::expand_by(unsigned long)+0x53
V  [libjvm.so+0x97cec8]  PSYoungGen::resize_generation(unsigned long, unsigned long)+0xf8
V  [libjvm.so+0x97c022]  PSYoungGen::resize(unsigned long, unsigned long)+0x22
V  [libjvm.so+0x9792fb]  PSScavenge::invoke_no_policy()+0xf7b
V  [libjvm.so+0x979a81]  PSScavenge::invoke()+0x41
V  [libjvm.so+0x932050]  ParallelScavengeHeap::failed_mem_allocate(unsigned long)+0x70
V  [libjvm.so+0xaae1d7]  VM_ParallelGCFailedAllocation::doit()+0x97
V  [libjvm.so+0xab59c5]  VM_Operation::evaluate()+0x55
V  [libjvm.so+0xab3d9a]  VMThread::evaluate_operation(VM_Operation*)+0xba
V  [libjvm.so+0xab411e]  VMThread::loop()+0x1ce
V  [libjvm.so+0xab4590]  VMThread::run()+0x70
V  [libjvm.so+0x910de8]  java_start(Thread*)+0x108

VM_Operation (0x00007f734b5c1bb0): ParallelGCFailedAllocation, mode: safepoint, requested by thread 0x00007f734400a000


---------------  P R O C E S S  ---------------

Java Threads: ( => current thread )
  0x00007f73440c2800 JavaThread "Service Thread" daemon [_thread_blocked, id=19424, stack(0x00007f7330469000,0x00007f733056a000)]
  0x00007f73440bd000 JavaThread "C1 CompilerThread2" daemon [_thread_blocked, id=19423, stack(0x00007f733056a000,0x00007f733066b000)]
  0x00007f73440bb800 JavaThread "C2 CompilerThread1" daemon [_thread_blocked, id=19422, stack(0x00007f733066b000,0x00007f733076c000)]
  0x00007f73440b8800 JavaThread "C2 CompilerThread0" daemon [_thread_blocked, id=19421, stack(0x00007f733076c000,0x00007f733086d000)]
  0x00007f73440b7000 JavaThread "Signal Dispatcher" daemon [_thread_blocked, id=19420, stack(0x00007f733086d000,0x00007f733096e000)]
  0x00007f734407f000 JavaThread "Finalizer" daemon [_thread_blocked, id=19419, stack(0x00007f7330c37000,0x00007f7330d38000)]
  0x00007f734407c800 JavaThread "Reference Handler" daemon [_thread_blocked, id=19418, stack(0x00007f7330d38000,0x00007f7330e39000)]
  0x00007f734400a000 JavaThread "main" [_thread_blocked, id=19410, stack(0x00007f734b4c3000,0x00007f734b5c4000)]

Other Threads:
=>0x00007f7344077800 VMThread [stack: 0x00007f7330e39000,0x00007f7330f3a000] [id=19417]
  0x00007f73440c5000 WatcherThread [stack: 0x00007f7330368000,0x00007f7330469000] [id=19425]

VM state:at safepoint (normal execution)

VM Mutex/Monitor currently owned by a thread:  ([mutex/lock_event])
[0x00007f7344006330] Threads_lock - owner thread: 0x00007f7344077800
[0x00007f7344006830] Heap_lock - owner thread: 0x00007f734400a000

Heap:
 PSYoungGen      total 34304K, used 2539K [0x00000000eab00000, 0x00000000ecf00000, 0x0000000100000000)
  eden space 31744K, 0% used [0x00000000eab00000,0x00000000eab00000,0x00000000eca00000)
  from space 2560K, 99% used [0x00000000eca00000,0x00000000ecc7af88,0x00000000ecc80000)
  to   space 2560K, 0% used [0x00000000ecc80000,0x00000000ecc80000,0x00000000ecf00000)
 ParOldGen       total 42496K, used 13702K [0x00000000c0000000, 0x00000000c2980000, 0x00000000eab00000)
  object space 42496K, 32% used [0x00000000c0000000,0x00000000c0d61a90,0x00000000c2980000)
 Metaspace       used 5856K, capacity 7088K, committed 7296K, reserved 1056768K
  class space    used 552K, capacity 616K, committed 640K, reserved 1048576K

Card table byte_map: [0x00007f73480a2000,0x00007f73482a3000] byte_map_base: 0x00007f7347aa2000

Marking Bits: (ParMarkBitMap*) 0x00007f734a9a0760
 Begin Bits: [0x00007f7332aa6000, 0x00007f7333aa6000)
 End Bits:   [0x00007f7333aa6000, 0x00007f7334aa6000)

Polling page: 0x00007f734b5e7000

CodeCache: size=245760Kb used=6750Kb max_used=6750Kb free=239010Kb
 bounds [0x00007f7335000000, 0x00007f73356a0000, 0x00007f7344000000]
 total_blobs=1834 nmethods=1571 adapters=178
 compilation: enabled

Compilation events (10 events):
Event: 6.131 Thread 0x00007f73440bd000 1589       2       com.android.dx.ssa.NormalSsaInsn::clone (5 bytes)
Event: 6.131 Thread 0x00007f73440bd000 nmethod 1589 0x00007f733569b6d0 code [0x00007f733569b860, 0x00007f733569baf8]
Event: 6.151 Thread 0x00007f73440bd000 1590       2       com.android.dx.ssa.back.IdenticalBlockCombiner::replaceSucc (83 bytes)
Event: 6.151 Thread 0x00007f73440bd000 nmethod 1590 0x00007f733569bcd0 code [0x00007f733569be80, 0x00007f733569c1b8]
Event: 6.171 Thread 0x00007f73440bd000 1592       2       com.android.dx.ssa.LiteralOpUpgrader$1::visitPhiInsn (1 bytes)
Event: 6.171 Thread 0x00007f73440bd000 nmethod 1592 0x00007f733569c490 code [0x00007f733569c5e0, 0x00007f733569c730]
Event: 6.175 Thread 0x00007f73440bd000 1593       2       com.android.dx.ssa.back.FirstFitLocalCombiningAllocator$1::visitPhiInsn (6 bytes)
Event: 6.175 Thread 0x00007f73440bd000 nmethod 1593 0x00007f733569c7d0 code [0x00007f733569c940, 0x00007f733569caa8]
Event: 6.227 Thread 0x00007f73440bd000 1594       1       com.android.dx.ssa.PhiInsn::canThrow (2 bytes)
Event: 6.227 Thread 0x00007f73440bd000 nmethod 1594 0x00007f733569cb50 code [0x00007f733569cca0, 0x00007f733569cdb0]

GC Heap History (9 events):
Event: 2.533 GC heap before
{Heap before GC invocations=1 (full 0):
 PSYoungGen      total 18432K, used 15872K [0x00000000eab00000, 0x00000000ebf80000, 0x0000000100000000)
  eden space 15872K, 100% used [0x00000000eab00000,0x00000000eba80000,0x00000000eba80000)
  from space 2560K, 0% used [0x00000000ebd00000,0x00000000ebd00000,0x00000000ebf80000)
  to   space 2560K, 0% used [0x00000000eba80000,0x00000000eba80000,0x00000000ebd00000)
 ParOldGen       total 42496K, used 0K [0x00000000c0000000, 0x00000000c2980000, 0x00000000eab00000)
  object space 42496K, 0% used [0x00000000c0000000,0x00000000c0000000,0x00000000c2980000)
 Metaspace       used 5456K, capacity 6704K, committed 6784K, reserved 1056768K
  class space    used 543K, capacity 616K, committed 640K, reserved 1048576K
Event: 2.553 GC heap after
Heap after GC invocations=1 (full 0):
 PSYoungGen      total 18432K, used 2535K [0x00000000eab00000, 0x00000000ebf80000, 0x0000000100000000)
  eden space 15872K, 0% used [0x00000000eab00000,0x00000000eab00000,0x00000000eba80000)
  from space 2560K, 99% used [0x00000000eba80000,0x00000000ebcf9c88,0x00000000ebd00000)
  to   space 2560K, 0% used [0x00000000ebd00000,0x00000000ebd00000,0x00000000ebf80000)
 ParOldGen       total 42496K, used 1624K [0x00000000c0000000, 0x00000000c2980000, 0x00000000eab00000)
  object space 42496K, 3% used [0x00000000c0000000,0x00000000c0196160,0x00000000c2980000)
 Metaspace       used 5456K, capacity 6704K, committed 6784K, reserved 1056768K
  class space    used 543K, capacity 616K, committed 640K, reserved 1048576K
}
Event: 3.735 GC heap before
{Heap before GC invocations=2 (full 0):
 PSYoungGen      total 18432K, used 18407K [0x00000000eab00000, 0x00000000ebf80000, 0x0000000100000000)
  eden space 15872K, 100% used [0x00000000eab00000,0x00000000eba80000,0x00000000eba80000)
  from space 2560K, 99% used [0x00000000eba80000,0x00000000ebcf9c88,0x00000000ebd00000)
  to   space 2560K, 0% used [0x00000000ebd00000,0x00000000ebd00000,0x00000000ebf80000)
 ParOldGen       total 42496K, used 1624K [0x00000000c0000000, 0x00000000c2980000, 0x00000000eab00000)
  object space 42496K, 3% used [0x00000000c0000000,0x00000000c0196160,0x00000000c2980000)
 Metaspace       used 5721K, capacity 6960K, committed 7040K, reserved 1056768K
  class space    used 548K, capacity 616K, committed 640K, reserved 1048576K
Event: 3.765 GC heap after
Heap after GC invocations=2 (full 0):
 PSYoungGen      total 18432K, used 2547K [0x00000000eab00000, 0x00000000ecf00000, 0x0000000100000000)
  eden space 15872K, 0% used [0x00000000eab00000,0x00000000eab00000,0x00000000eba80000)
  from space 2560K, 99% used [0x00000000ebd00000,0x00000000ebf7ccd8,0x00000000ebf80000)
  to   space 2560K, 0% used [0x00000000eba80000,0x00000000eba80000,0x00000000ebd00000)
 ParOldGen       total 42496K, used 3916K [0x00000000c0000000, 0x00000000c2980000, 0x00000000eab00000)
  object space 42496K, 9% used [0x00000000c0000000,0x00000000c03d3260,0x00000000c2980000)
 Metaspace       used 5721K, capacity 6960K, committed 7040K, reserved 1056768K
  class space    used 548K, capacity 616K, committed 640K, reserved 1048576K
}
Event: 4.630 GC heap before
{Heap before GC invocations=3 (full 0):
 PSYoungGen      total 18432K, used 18419K [0x00000000eab00000, 0x00000000ecf00000, 0x0000000100000000)
  eden space 15872K, 100% used [0x00000000eab00000,0x00000000eba80000,0x00000000eba80000)
  from space 2560K, 99% used [0x00000000ebd00000,0x00000000ebf7ccd8,0x00000000ebf80000)
  to   space 2560K, 0% used [0x00000000eba80000,0x00000000eba80000,0x00000000ebd00000)
 ParOldGen       total 42496K, used 3916K [0x00000000c0000000, 0x00000000c2980000, 0x00000000eab00000)
  object space 42496K, 9% used [0x00000000c0000000,0x00000000c03d3260,0x00000000c2980000)
 Metaspace       used 5794K, capacity 7024K, committed 7296K, reserved 1056768K
  class space    used 548K, capacity 616K, committed 640K, reserved 1048576K
Event: 4.665 GC heap after
Heap after GC invocations=3 (full 0):
 PSYoungGen      total 18432K, used 2540K [0x00000000eab00000, 0x00000000ecf00000, 0x0000000100000000)
  eden space 15872K, 0% used [0x00000000eab00000,0x00000000eab00000,0x00000000eba80000)
  from space 2560K, 99% used [0x00000000eba80000,0x00000000ebcfb2e8,0x00000000ebd00000)
  to   space 2560K, 0% used [0x00000000ecc80000,0x00000000ecc80000,0x00000000ecf00000)
 ParOldGen       total 42496K, used 6401K [0x00000000c0000000, 0x00000000c2980000, 0x00000000eab00000)
  object space 42496K, 15% used [0x00000000c0000000,0x00000000c0640770,0x00000000c2980000)
 Metaspace       used 5794K, capacity 7024K, committed 7296K, reserved 1056768K
  class space    used 548K, capacity 616K, committed 640K, reserved 1048576K
}
Event: 5.509 GC heap before
{Heap before GC invocations=4 (full 0):
 PSYoungGen      total 18432K, used 18412K [0x00000000eab00000, 0x00000000ecf00000, 0x0000000100000000)
  eden space 15872K, 100% used [0x00000000eab00000,0x00000000eba80000,0x00000000eba80000)
  from space 2560K, 99% used [0x00000000eba80000,0x00000000ebcfb2e8,0x00000000ebd00000)
  to   space 2560K, 0% used [0x00000000ecc80000,0x00000000ecc80000,0x00000000ecf00000)
 ParOldGen       total 42496K, used 6401K [0x00000000c0000000, 0x00000000c2980000, 0x00000000eab00000)
  object space 42496K, 15% used [0x00000000c0000000,0x00000000c0640770,0x00000000c2980000)
 Metaspace       used 5834K, capacity 7024K, committed 7296K, reserved 1056768K
  class space    used 552K, capacity 616K, committed 640K, reserved 1048576K
Event: 5.561 GC heap after
Heap after GC invocations=4 (full 0):
 PSYoungGen      total 34304K, used 2539K [0x00000000eab00000, 0x00000000ecf00000, 0x0000000100000000)
  eden space 31744K, 0% used [0x00000000eab00000,0x00000000eab00000,0x00000000eca00000)
  from space 2560K, 99% used [0x00000000ecc80000,0x00000000ecefaf88,0x00000000ecf00000)
  to   space 2560K, 0% used [0x00000000eca00000,0x00000000eca00000,0x00000000ecc80000)
 ParOldGen       total 42496K, used 9119K [0x00000000c0000000, 0x00000000c2980000, 0x00000000eab00000)
  object space 42496K, 21% used [0x00000000c0000000,0x00000000c08e7e10,0x00000000c2980000)
 Metaspace       used 5834K, capacity 7024K, committed 7296K, reserved 1056768K
  class space    used 552K, capacity 616K, committed 640K, reserved 1048576K
}
Event: 6.418 GC heap before
{Heap before GC invocations=5 (full 0):
 PSYoungGen      total 34304K, used 34283K [0x00000000eab00000, 0x00000000ecf00000, 0x0000000100000000)
  eden space 31744K, 100% used [0x00000000eab00000,0x00000000eca00000,0x00000000eca00000)
  from space 2560K, 99% used [0x00000000ecc80000,0x00000000ecefaf88,0x00000000ecf00000)
  to   space 2560K, 0% used [0x00000000eca00000,0x00000000eca00000,0x00000000ecc80000)
 ParOldGen       total 42496K, used 9119K [0x00000000c0000000, 0x00000000c2980000, 0x00000000eab00000)
  object space 42496K, 21% used [0x00000000c0000000,0x00000000c08e7e10,0x00000000c2980000)
 Metaspace       used 5856K, capacity 7088K, committed 7296K, reserved 1056768K
  class space    used 552K, capacity 616K, committed 640K, reserved 1048576K

Deoptimization events (10 events):
Event: 4.000 Thread 0x00007f734400a000 Uncommon trap: reason=bimorphic action=maybe_recompile pc=0x00007f7335569c04 method=com.android.dx.cf.code.BytecodeArray.parseInstruction(ILcom/android/dx/cf/code/BytecodeArray$Visitor;)I @ 939
Event: 4.000 Thread 0x00007f734400a000 Uncommon trap: reason=bimorphic action=maybe_recompile pc=0x00007f7335569c04 method=com.android.dx.cf.code.BytecodeArray.parseInstruction(ILcom/android/dx/cf/code/BytecodeArray$Visitor;)I @ 939
Event: 4.595 Thread 0x00007f734400a000 Uncommon trap: reason=unstable_if action=reinterpret pc=0x00007f73354b6b3c method=com.android.dx.ssa.SsaMethod.updateOneDefinition(Lcom/android/dx/ssa/SsaInsn;Lcom/android/dx/rop/code/RegisterSpec;)V @ 4
Event: 4.994 Thread 0x00007f734400a000 Uncommon trap: reason=uninitialized action=reinterpret pc=0x00007f7335569964 method=com.android.dx.cf.code.BytecodeArray.parseInstruction(ILcom/android/dx/cf/code/BytecodeArray$Visitor;)I @ 1031
Event: 5.191 Thread 0x00007f734400a000 Uncommon trap: reason=unstable_if action=reinterpret pc=0x00007f73351c4670 method=java.lang.String.replace(CC)Ljava/lang/String; @ 26
Event: 5.377 Thread 0x00007f734400a000 Uncommon trap: reason=unstable_if action=reinterpret pc=0x00007f733565c7b8 method=com.android.dx.ssa.SCCP.simulateBranch(Lcom/android/dx/ssa/SsaInsn;)V @ 64
Event: 5.770 Thread 0x00007f734400a000 Uncommon trap: reason=bimorphic action=maybe_recompile pc=0x00007f7335368e64 method=java.util.HashMap.getNode(ILjava/lang/Object;)Ljava/util/HashMap$Node; @ 126
Event: 5.770 Thread 0x00007f734400a000 Uncommon trap: reason=class_check action=maybe_recompile pc=0x00007f73354ecd74 method=java.util.HashMap.putVal(ILjava/lang/Object;Ljava/lang/Object;ZZ)Ljava/lang/Object; @ 203
Event: 6.041 Thread 0x00007f734400a000 Uncommon trap: reason=bimorphic action=maybe_recompile pc=0x00007f7335682d04 method=com.android.dx.ssa.LiteralOpUpgrader.tryReplacingWithConstant(Lcom/android/dx/ssa/NormalSsaInsn;)Z @ 62
Event: 6.076 Thread 0x00007f734400a000 Uncommon trap: reason=class_check action=maybe_recompile pc=0x00007f733568f924 method=com.android.dx.rop.code.RegisterSpec.withSimpleType()Lcom/android/dx/rop/code/RegisterSpec; @ 21

Internal exceptions (2 events):
Event: 0.163 Thread 0x00007f734400a000 Exception <a 'java/lang/NoSuchMethodError': Method sun.misc.Unsafe.defineClass(Ljava/lang/String;[BII)Ljava/lang/Class; name or signature does not match> (0x00000000eab12a38) thrown at [/RE-WORK/workspace/8-2-build-linux-amd64/jdk8u45/3457/hotspot/src/sha
Event: 0.163 Thread 0x00007f734400a000 Exception <a 'java/lang/NoSuchMethodError': Method sun.misc.Unsafe.prefetchRead(Ljava/lang/Object;J)V name or signature does not match> (0x00000000eab12cc8) thrown at [/RE-WORK/workspace/8-2-build-linux-amd64/jdk8u45/3457/hotspot/src/share/vm/prims/jni.cp

Events (10 events):
Event: 5.770 Thread 0x00007f734400a000 Uncommon trap: trap_request=0xffffffde fr.pc=0x00007f73354ecd74
Event: 5.770 Thread 0x00007f734400a000 DEOPT PACKING pc=0x00007f73354ecd74 sp=0x00007f734b5c19e0
Event: 5.770 Thread 0x00007f734400a000 DEOPT UNPACKING pc=0x00007f7335005229 sp=0x00007f734b5c1978 mode 2
Event: 6.041 Thread 0x00007f734400a000 Uncommon trap: trap_request=0xffffffc6 fr.pc=0x00007f7335682d04
Event: 6.041 Thread 0x00007f734400a000 DEOPT PACKING pc=0x00007f7335682d04 sp=0x00007f734b5c1cb0
Event: 6.041 Thread 0x00007f734400a000 DEOPT UNPACKING pc=0x00007f7335005229 sp=0x00007f734b5c1ba8 mode 2
Event: 6.076 Thread 0x00007f734400a000 Uncommon trap: trap_request=0xffffffde fr.pc=0x00007f733568f924
Event: 6.076 Thread 0x00007f734400a000 DEOPT PACKING pc=0x00007f733568f924 sp=0x00007f734b5c1d10
Event: 6.076 Thread 0x00007f734400a000 DEOPT UNPACKING pc=0x00007f7335005229 sp=0x00007f734b5c1c78 mode 2
Event: 6.322 Executing VM operation: ParallelGCFailedAllocation


Dynamic libraries:
00400000-00401000 r-xp 00000000 08:03 1572315                            /opt/java/jdk1.8.0_45/bin/java
00600000-00601000 rw-p 00000000 08:03 1572315                            /opt/java/jdk1.8.0_45/bin/java
00697000-006b8000 rw-p 00000000 00:00 0                                  [heap]
c0000000-c2980000 rw-p 00000000 00:00 0 
c2980000-eab00000 ---p 00000000 00:00 0 
eab00000-ecf00000 rw-p 00000000 00:00 0 
ef700000-100000000 ---p 00000000 00:00 0 
100000000-1000a0000 rw-p 00000000 00:00 0 
1000a0000-140000000 ---p 00000000 00:00 0 
7f72fc000000-7f72fc021000 rw-p 00000000 00:00 0 
7f72fc021000-7f7300000000 ---p 00000000 00:00 0 
7f7300000000-7f7300021000 rw-p 00000000 00:00 0 
7f7300021000-7f7304000000 ---p 00000000 00:00 0 
7f7304000000-7f73047bb000 rw-p 00000000 00:00 0 
7f73047bb000-7f7308000000 ---p 00000000 00:00 0 
7f7308000000-7f7308ad8000 rw-p 00000000 00:00 0 
7f7308ad8000-7f730c000000 ---p 00000000 00:00 0 
7f730c000000-7f730c021000 rw-p 00000000 00:00 0 
7f730c021000-7f7310000000 ---p 00000000 00:00 0 
7f7310000000-7f731099c000 rw-p 00000000 00:00 0 
7f731099c000-7f7314000000 ---p 00000000 00:00 0 
7f7314000000-7f7314021000 rw-p 00000000 00:00 0 
7f7314021000-7f7318000000 ---p 00000000 00:00 0 
7f7318000000-7f7318021000 rw-p 00000000 00:00 0 
7f7318021000-7f731c000000 ---p 00000000 00:00 0 
7f731c000000-7f731c021000 rw-p 00000000 00:00 0 
7f731c021000-7f7320000000 ---p 00000000 00:00 0 
7f7320000000-7f732028a000 rw-p 00000000 00:00 0 
7f732028a000-7f7324000000 ---p 00000000 00:00 0 
7f7324000000-7f7324021000 rw-p 00000000 00:00 0 
7f7324021000-7f7328000000 ---p 00000000 00:00 0 
7f7328000000-7f7328021000 rw-p 00000000 00:00 0 
7f7328021000-7f732c000000 ---p 00000000 00:00 0 
7f732c000000-7f732c021000 rw-p 00000000 00:00 0 
7f732c021000-7f7330000000 ---p 00000000 00:00 0 
7f7330359000-7f7330368000 r--s 000dd000 00:19 9438599                    /home/mike/Android/Sdk/build-tools/22.0.1/lib/dx.jar
7f7330368000-7f7330369000 ---p 00000000 00:00 0 
7f7330369000-7f7330469000 rw-p 00000000 00:00 0                          [stack:19425]
7f7330469000-7f733046c000 ---p 00000000 00:00 0 
7f733046c000-7f733056a000 rw-p 00000000 00:00 0                          [stack:19424]
7f733056a000-7f733056d000 ---p 00000000 00:00 0 
7f733056d000-7f733066b000 rw-p 00000000 00:00 0                          [stack:19423]
7f733066b000-7f733066e000 ---p 00000000 00:00 0 
7f733066e000-7f733076c000 rw-p 00000000 00:00 0                          [stack:19422]
7f733076c000-7f733076f000 ---p 00000000 00:00 0 
7f733076f000-7f733086d000 rw-p 00000000 00:00 0                          [stack:19421]
7f733086d000-7f7330870000 ---p 00000000 00:00 0 
7f7330870000-7f733096e000 rw-p 00000000 00:00 0                          [stack:19420]
7f733096e000-7f7330c37000 r--p 00000000 08:03 266989                     /usr/lib/locale/locale-archive
7f7330c37000-7f7330c3a000 ---p 00000000 00:00 0 
7f7330c3a000-7f7330d38000 rw-p 00000000 00:00 0                          [stack:19419]
7f7330d38000-7f7330d3b000 ---p 00000000 00:00 0 
7f7330d3b000-7f7330e39000 rw-p 00000000 00:00 0                          [stack:19418]
7f7330e39000-7f7330e3a000 ---p 00000000 00:00 0 
7f7330e3a000-7f7331ecd000 rw-p 00000000 00:00 0                          [stack:19417]
7f7331ecd000-7f73320a6000 r--s 03d09000 08:03 1573810                    /opt/java/jdk1.8.0_45/jre/lib/rt.jar
7f73320a6000-7f7332726000 rw-p 00000000 00:00 0 
7f7332726000-7f73328a6000 ---p 00000000 00:00 0 
7f73328a6000-7f7334aa6000 rw-p 00000000 00:00 0 
7f7334aa6000-7f7334aa7000 ---p 00000000 00:00 0 
7f7334aa7000-7f7334ba7000 rw-p 00000000 00:00 0                          [stack:19416]
7f7334ba7000-7f7334ba8000 ---p 00000000 00:00 0 
7f7334ba8000-7f7334ca8000 rw-p 00000000 00:00 0                          [stack:19415]
7f7334ca8000-7f7334ca9000 ---p 00000000 00:00 0 
7f7334ca9000-7f7334da9000 rw-p 00000000 00:00 0                          [stack:19413]
7f7334da9000-7f7334daa000 ---p 00000000 00:00 0 
7f7334daa000-7f7334ebf000 rw-p 00000000 00:00 0                          [stack:19412]
7f7334ebf000-7f7335000000 ---p 00000000 00:00 0 
7f7335000000-7f73356a0000 rwxp 00000000 00:00 0 
7f73356a0000-7f7344000000 ---p 00000000 00:00 0 
7f7344000000-7f7344391000 rw-p 00000000 00:00 0 
7f7344391000-7f7348000000 ---p 00000000 00:00 0 
7f7348001000-7f734800b000 r--s 00085000 00:19 11272207                   /home/mike/AndroidStudioProjects/Wordist/app/build/intermediates/exploded-aar/com.android.support/appcompat-v7/22.2.0/jars/classes.jar
7f734800b000-7f73480b7000 rw-p 00000000 00:00 0 
7f73480b7000-7f73481f7000 ---p 00000000 00:00 0 
7f73481f7000-7f734820a000 rw-p 00000000 00:00 0 
7f734820a000-7f73482a2000 ---p 00000000 00:00 0 
7f73482a2000-7f73482be000 rw-p 00000000 00:00 0 
7f73482be000-7f7348663000 ---p 00000000 00:00 0 
7f7348663000-7f734867d000 r-xp 00000000 08:03 1574049                    /opt/java/jdk1.8.0_45/jre/lib/amd64/libzip.so
7f734867d000-7f734887d000 ---p 0001a000 08:03 1574049                    /opt/java/jdk1.8.0_45/jre/lib/amd64/libzip.so
7f734887d000-7f734887e000 rw-p 0001a000 08:03 1574049                    /opt/java/jdk1.8.0_45/jre/lib/amd64/libzip.so
7f734887e000-7f7348889000 r-xp 00000000 08:03 131807                     /lib/x86_64-linux-gnu/libnss_files-2.19.so
7f7348889000-7f7348a88000 ---p 0000b000 08:03 131807                     /lib/x86_64-linux-gnu/libnss_files-2.19.so
7f7348a88000-7f7348a89000 r--p 0000a000 08:03 131807                     /lib/x86_64-linux-gnu/libnss_files-2.19.so
7f7348a89000-7f7348a8a000 rw-p 0000b000 08:03 131807                     /lib/x86_64-linux-gnu/libnss_files-2.19.so
7f7348a8a000-7f7348a95000 r-xp 00000000 08:03 131871                     /lib/x86_64-linux-gnu/libnss_nis-2.19.so
7f7348a95000-7f7348c94000 ---p 0000b000 08:03 131871                     /lib/x86_64-linux-gnu/libnss_nis-2.19.so
7f7348c94000-7f7348c95000 r--p 0000a000 08:03 131871                     /lib/x86_64-linux-gnu/libnss_nis-2.19.so
7f7348c95000-7f7348c96000 rw-p 0000b000 08:03 131871                     /lib/x86_64-linux-gnu/libnss_nis-2.19.so
7f7348c96000-7f7348cad000 r-xp 00000000 08:03 131829                     /lib/x86_64-linux-gnu/libnsl-2.19.so
7f7348cad000-7f7348eac000 ---p 00017000 08:03 131829                     /lib/x86_64-linux-gnu/libnsl-2.19.so
7f7348eac000-7f7348ead000 r--p 00016000 08:03 131829                     /lib/x86_64-linux-gnu/libnsl-2.19.so
7f7348ead000-7f7348eae000 rw-p 00017000 08:03 131829                     /lib/x86_64-linux-gnu/libnsl-2.19.so
7f7348eae000-7f7348eb0000 rw-p 00000000 00:00 0 
7f7348eb0000-7f7348eb9000 r-xp 00000000 08:03 131828                     /lib/x86_64-linux-gnu/libnss_compat-2.19.so
7f7348eb9000-7f73490b8000 ---p 00009000 08:03 131828                     /lib/x86_64-linux-gnu/libnss_compat-2.19.so
7f73490b8000-7f73490b9000 r--p 00008000 08:03 131828                     /lib/x86_64-linux-gnu/libnss_compat-2.19.so
7f73490b9000-7f73490ba000 rw-p 00009000 08:03 131828                     /lib/x86_64-linux-gnu/libnss_compat-2.19.so
7f73490ba000-7f73490e4000 r-xp 00000000 08:03 1574040                    /opt/java/jdk1.8.0_45/jre/lib/amd64/libjava.so
7f73490e4000-7f73492e4000 ---p 0002a000 08:03 1574040                    /opt/java/jdk1.8.0_45/jre/lib/amd64/libjava.so
7f73492e4000-7f73492e6000 rw-p 0002a000 08:03 1574040                    /opt/java/jdk1.8.0_45/jre/lib/amd64/libjava.so
7f73492e6000-7f73492f3000 r-xp 00000000 08:03 1574047                    /opt/java/jdk1.8.0_45/jre/lib/amd64/libverify.so
7f73492f3000-7f73494f3000 ---p 0000d000 08:03 1574047                    /opt/java/jdk1.8.0_45/jre/lib/amd64/libverify.so
7f73494f3000-7f73494f5000 rw-p 0000d000 08:03 1574047                    /opt/java/jdk1.8.0_45/jre/lib/amd64/libverify.so
7f73494f5000-7f73494fc000 r-xp 00000000 08:03 131868                     /lib/x86_64-linux-gnu/librt-2.19.so
7f73494fc000-7f73496fb000 ---p 00007000 08:03 131868                     /lib/x86_64-linux-gnu/librt-2.19.so
7f73496fb000-7f73496fc000 r--p 00006000 08:03 131868                     /lib/x86_64-linux-gnu/librt-2.19.so
7f73496fc000-7f73496fd000 rw-p 00007000 08:03 131868                     /lib/x86_64-linux-gnu/librt-2.19.so
7f73496fd000-7f7349802000 r-xp 00000000 08:03 131806                     /lib/x86_64-linux-gnu/libm-2.19.so
7f7349802000-7f7349a01000 ---p 00105000 08:03 131806                     /lib/x86_64-linux-gnu/libm-2.19.so
7f7349a01000-7f7349a02000 r--p 00104000 08:03 131806                     /lib/x86_64-linux-gnu/libm-2.19.so
7f7349a02000-7f7349a03000 rw-p 00105000 08:03 131806                     /lib/x86_64-linux-gnu/libm-2.19.so
7f7349a03000-7f734a6b1000 r-xp 00000000 08:03 1574060                    /opt/java/jdk1.8.0_45/jre/lib/amd64/server/libjvm.so
7f734a6b1000-7f734a8b0000 ---p 00cae000 08:03 1574060                    /opt/java/jdk1.8.0_45/jre/lib/amd64/server/libjvm.so
7f734a8b0000-7f734a987000 rw-p 00cad000 08:03 1574060                    /opt/java/jdk1.8.0_45/jre/lib/amd64/server/libjvm.so
7f734a987000-7f734a9cb000 rw-p 00000000 00:00 0 
7f734a9cb000-7f734ab86000 r-xp 00000000 08:03 131857                     /lib/x86_64-linux-gnu/libc-2.19.so
7f734ab86000-7f734ad85000 ---p 001bb000 08:03 131857                     /lib/x86_64-linux-gnu/libc-2.19.so
7f734ad85000-7f734ad89000 r--p 001ba000 08:03 131857                     /lib/x86_64-linux-gnu/libc-2.19.so
7f734ad89000-7f734ad8b000 rw-p 001be000 08:03 131857                     /lib/x86_64-linux-gnu/libc-2.19.so
7f734ad8b000-7f734ad90000 rw-p 00000000 00:00 0 
7f734ad90000-7f734ad93000 r-xp 00000000 08:03 131810                     /lib/x86_64-linux-gnu/libdl-2.19.so
7f734ad93000-7f734af92000 ---p 00003000 08:03 131810                     /lib/x86_64-linux-gnu/libdl-2.19.so
7f734af92000-7f734af93000 r--p 00002000 08:03 131810                     /lib/x86_64-linux-gnu/libdl-2.19.so
7f734af93000-7f734af94000 rw-p 00003000 08:03 131810                     /lib/x86_64-linux-gnu/libdl-2.19.so
7f734af94000-7f734afa9000 r-xp 00000000 08:03 1573749                    /opt/java/jdk1.8.0_45/lib/amd64/jli/libjli.so
7f734afa9000-7f734b1a9000 ---p 00015000 08:03 1573749                    /opt/java/jdk1.8.0_45/lib/amd64/jli/libjli.so
7f734b1a9000-7f734b1aa000 rw-p 00015000 08:03 1573749                    /opt/java/jdk1.8.0_45/lib/amd64/jli/libjli.so
7f734b1aa000-7f734b1c3000 r-xp 00000000 08:03 131858                     /lib/x86_64-linux-gnu/libpthread-2.19.so
7f734b1c3000-7f734b3c2000 ---p 00019000 08:03 131858                     /lib/x86_64-linux-gnu/libpthread-2.19.so
7f734b3c2000-7f734b3c3000 r--p 00018000 08:03 131858                     /lib/x86_64-linux-gnu/libpthread-2.19.so
7f734b3c3000-7f734b3c4000 rw-p 00019000 08:03 131858                     /lib/x86_64-linux-gnu/libpthread-2.19.so
7f734b3c4000-7f734b3c8000 rw-p 00000000 00:00 0 
7f734b3c8000-7f734b3eb000 r-xp 00000000 08:03 131833                     /lib/x86_64-linux-gnu/ld-2.19.so
7f734b3f1000-7f734b4c3000 rw-p 00000000 00:00 0 
7f734b4c3000-7f734b4c6000 ---p 00000000 00:00 0 
7f734b4c6000-7f734b5c9000 rw-p 00000000 00:00 0                          [stack:19410]
7f734b5c9000-7f734b5ca000 r--p 00000000 08:03 672594                     /usr/share/locale-langpack/en_GB/LC_MESSAGES/libc.mo
7f734b5ca000-7f734b5de000 rw-p 00000000 00:00 0 
7f734b5de000-7f734b5e6000 rw-s 00000000 08:03 1574119                    /tmp/hsperfdata_mike/19406
7f734b5e6000-7f734b5e7000 rw-p 00000000 00:00 0 
7f734b5e7000-7f734b5e8000 ---p 00000000 00:00 0 
7f734b5e8000-7f734b5ea000 rw-p 00000000 00:00 0 
7f734b5ea000-7f734b5eb000 r--p 00022000 08:03 131833                     /lib/x86_64-linux-gnu/ld-2.19.so
7f734b5eb000-7f734b5ec000 rw-p 00023000 08:03 131833                     /lib/x86_64-linux-gnu/ld-2.19.so
7f734b5ec000-7f734b5ed000 rw-p 00000000 00:00 0 
7fff436f2000-7fff43713000 rw-p 00000000 00:00 0                          [stack]
7fff437fe000-7fff43800000 r-xp 00000000 00:00 0                          [vdso]
ffffffffff600000-ffffffffff601000 r-xp 00000000 00:00 0                  [vsyscall]

VM Arguments:
jvm_args: -Xmx1024M -Dfile.encoding=UTF-8 -Duser.country=GB -Duser.language=en -Duser.variant 
java_command: com.android.dx.command.Main --dex --output /home/mike/AndroidStudioProjects/Wordist/app/build/intermediates/pre-dexed/debug/classes-f0ee922ec2946f81b52e421308f13a62e01af387.jar /home/mike/AndroidStudioProjects/Wordist/app/build/intermediates/exploded-aar/com.android.support/appcompat-v7/22.2.0/jars/classes.jar
java_class_path (initial): /home/mike/Android/Sdk/build-tools/22.0.1/lib/dx.jar
Launcher Type: SUN_STANDARD

Environment Variables:
PATH=/usr/local/sbin:/usr/local/bin:/usr/sbin:/usr/bin:/sbin:/bin:/usr/games:/usr/local/games
USERNAME=mike
LD_LIBRARY_PATH=/opt/android-studio/bin:
SHELL=/bin/bash
DISPLAY=:0

Signal Handlers:
SIGSEGV: [libjvm.so+0xaad1e0], sa_mask[0]=11111111011111111101111111111110, sa_flags=SA_RESTART|SA_SIGINFO
SIGBUS: [libjvm.so+0xaad1e0], sa_mask[0]=11111111011111111101111111111110, sa_flags=SA_RESTART|SA_SIGINFO
SIGFPE: [libjvm.so+0x90b450], sa_mask[0]=11111111011111111101111111111110, sa_flags=SA_RESTART|SA_SIGINFO
SIGPIPE: [libjvm.so+0x90b450], sa_mask[0]=11111111011111111101111111111110, sa_flags=SA_RESTART|SA_SIGINFO
SIGXFSZ: [libjvm.so+0x90b450], sa_mask[0]=11111111011111111101111111111110, sa_flags=SA_RESTART|SA_SIGINFO
SIGILL: [libjvm.so+0x90b450], sa_mask[0]=11111111011111111101111111111110, sa_flags=SA_RESTART|SA_SIGINFO
SIGUSR1: SIG_DFL, sa_mask[0]=00000000000000000000000000000000, sa_flags=none
SIGUSR2: [libjvm.so+0x90ca90], sa_mask[0]=00100000000000000000000000000000, sa_flags=SA_RESTART|SA_SIGINFO
SIGHUP: [libjvm.so+0x90dde0], sa_mask[0]=11111111011111111101111111111110, sa_flags=SA_RESTART|SA_SIGINFO
SIGINT: [libjvm.so+0x90dde0], sa_mask[0]=11111111011111111101111111111110, sa_flags=SA_RESTART|SA_SIGINFO
SIGTERM: [libjvm.so+0x90dde0], sa_mask[0]=11111111011111111101111111111110, sa_flags=SA_RESTART|SA_SIGINFO
SIGQUIT: [libjvm.so+0x90dde0], sa_mask[0]=11111111011111111101111111111110, sa_flags=SA_RESTART|SA_SIGINFO


---------------  S Y S T E M  ---------------

OS:DISTRIB_ID=LinuxMint
DISTRIB_RELEASE=17.2
DISTRIB_CODENAME=rafaela
DISTRIB_DESCRIPTION="Linux Mint 17.2 Rafaela"

uname:Linux 3.13.0-37-generic #64-Ubuntu SMP Mon Sep 22 21:28:38 UTC 2014 x86_64
libc:glibc 2.19 NPTL 2.19 
rlimit: STACK 8192k, CORE 0k, NPROC 30882, NOFILE 4096, AS infinity
load average:6.47 2.19 1.70

/proc/meminfo:
MemTotal:        4048044 kB
MemFree:          140216 kB
Buffers:            1044 kB
Cached:           105436 kB
SwapCached:            0 kB
Active:          3339964 kB
Inactive:         102464 kB
Active(anon):    3339176 kB
Inactive(anon):    44884 kB
Active(file):        788 kB
Inactive(file):    57580 kB
Unevictable:         232 kB
Mlocked:             232 kB
SwapTotal:             0 kB
SwapFree:              0 kB
Dirty:                48 kB
Writeback:             0 kB
AnonPages:       3336576 kB
Mapped:           213684 kB
Shmem:             47716 kB
Slab:              72608 kB
SReclaimable:      27288 kB
SUnreclaim:        45320 kB
KernelStack:        5632 kB
PageTables:        41412 kB
NFS_Unstable:          0 kB
Bounce:                0 kB
WritebackTmp:          0 kB
CommitLimit:     2024020 kB
Committed_AS:    6765944 kB
VmallocTotal:   34359738367 kB
VmallocUsed:      306232 kB
VmallocChunk:   34359429364 kB
HardwareCorrupted:     0 kB
AnonHugePages:   1224704 kB
HugePages_Total:       0
HugePages_Free:        0
HugePages_Rsvd:        0
HugePages_Surp:        0
Hugepagesize:       2048 kB
DirectMap4k:      413248 kB
DirectMap2M:     3780608 kB
DirectMap1G:           0 kB


CPU:total 4 (4 cores per cpu, 1 threads per core) family 16 model 4 stepping 2, cmov, cx8, fxsr, mmx, sse, sse2, sse3, popcnt, mmxext, 3dnowpref, lzcnt, sse4a, tsc, tscinvbit, tscinv

/proc/cpuinfo:
processor	: 0
vendor_id	: AuthenticAMD
cpu family	: 16
model		: 4
model name	: AMD Phenom(tm) II X4 955 Processor
stepping	: 2
microcode	: 0x1000086
cpu MHz		: 2100.000
cache size	: 512 KB
physical id	: 0
siblings	: 4
core id		: 0
cpu cores	: 4
apicid		: 0
initial apicid	: 0
fpu		: yes
fpu_exception	: yes
cpuid level	: 5
wp		: yes
flags		: fpu vme de pse tsc msr pae mce cx8 apic sep mtrr pge mca cmov pat pse36 clflush mmx fxsr sse sse2 ht syscall nx mmxext fxsr_opt pdpe1gb rdtscp lm 3dnowext 3dnow constant_tsc rep_good nopl nonstop_tsc extd_apicid pni monitor cx16 popcnt lahf_lm cmp_legacy svm extapic cr8_legacy abm sse4a misalignsse 3dnowprefetch osvw ibs skinit wdt hw_pstate npt lbrv svm_lock nrip_save
bogomips	: 6399.87
TLB size	: 1024 4K pages
clflush size	: 64
cache_alignment	: 64
address sizes	: 48 bits physical, 48 bits virtual
power management: ts ttp tm stc 100mhzsteps hwpstate

processor	: 1
vendor_id	: AuthenticAMD
cpu family	: 16
model		: 4
model name	: AMD Phenom(tm) II X4 955 Processor
stepping	: 2
microcode	: 0x1000086
cpu MHz		: 2100.000
cache size	: 512 KB
physical id	: 0
siblings	: 4
core id		: 1
cpu cores	: 4
apicid		: 1
initial apicid	: 1
fpu		: yes
fpu_exception	: yes
cpuid level	: 5
wp		: yes
flags		: fpu vme de pse tsc msr pae mce cx8 apic sep mtrr pge mca cmov pat pse36 clflush mmx fxsr sse sse2 ht syscall nx mmxext fxsr_opt pdpe1gb rdtscp lm 3dnowext 3dnow constant_tsc rep_good nopl nonstop_tsc extd_apicid pni monitor cx16 popcnt lahf_lm cmp_legacy svm extapic cr8_legacy abm sse4a misalignsse 3dnowprefetch osvw ibs skinit wdt hw_pstate npt lbrv svm_lock nrip_save
bogomips	: 6399.87
TLB size	: 1024 4K pages
clflush size	: 64
cache_alignment	: 64
address sizes	: 48 bits physical, 48 bits virtual
power management: ts ttp tm stc 100mhzsteps hwpstate

processor	: 2
vendor_id	: AuthenticAMD
cpu family	: 16
model		: 4
model name	: AMD Phenom(tm) II X4 955 Processor
stepping	: 2
microcode	: 0x1000086
cpu MHz		: 3200.000
cache size	: 512 KB
physical id	: 0
siblings	: 4
core id		: 2
cpu cores	: 4
apicid		: 2
initial apicid	: 2
fpu		: yes
fpu_exception	: yes
cpuid level	: 5
wp		: yes
flags		: fpu vme de pse tsc msr pae mce cx8 apic sep mtrr pge mca cmov pat pse36 clflush mmx fxsr sse sse2 ht syscall nx mmxext fxsr_opt pdpe1gb rdtscp lm 3dnowext 3dnow constant_tsc rep_good nopl nonstop_tsc extd_apicid pni monitor cx16 popcnt lahf_lm cmp_legacy svm extapic cr8_legacy abm sse4a misalignsse 3dnowprefetch osvw ibs skinit wdt hw_pstate npt lbrv svm_lock nrip_save
bogomips	: 6399.87
TLB size	: 1024 4K pages
clflush size	: 64
cache_alignment	: 64
address sizes	: 48 bits physical, 48 bits virtual
power management: ts ttp tm stc 100mhzsteps hwpstate

processor	: 3
vendor_id	: AuthenticAMD
cpu family	: 16
model		: 4
model name	: AMD Phenom(tm) II X4 955 Processor
stepping	: 2
microcode	: 0x1000086
cpu MHz		: 3200.000
cache size	: 512 KB
physical id	: 0
siblings	: 4
core id		: 3
cpu cores	: 4
apicid		: 3
initial apicid	: 3
fpu		: yes
fpu_exception	: yes
cpuid level	: 5
wp		: yes
flags		: fpu vme de pse tsc msr pae mce cx8 apic sep mtrr pge mca cmov pat pse36 clflush mmx fxsr sse sse2 ht syscall nx mmxext fxsr_opt pdpe1gb rdtscp lm 3dnowext 3dnow constant_tsc rep_good nopl nonstop_tsc extd_apicid pni monitor cx16 popcnt lahf_lm cmp_legacy svm extapic cr8_legacy abm sse4a misalignsse 3dnowprefetch osvw ibs skinit wdt hw_pstate npt lbrv svm_lock nrip_save
bogomips	: 6399.87
TLB size	: 1024 4K pages
clflush size	: 64
cache_alignment	: 64
address sizes	: 48 bits physical, 48 bits virtual
power management: ts ttp tm stc 100mhzsteps hwpstate



Memory: 4k page, physical 4048044k(140216k free), swap 0k(0k free)

vm_info: Java HotSpot(TM) 64-Bit Server VM (25.45-b02) for linux-amd64 JRE (1.8.0_45-b14), built on Apr 10 2015 10:07:45 by "java_re" with gcc 4.3.0 20080428 (Red Hat 4.3.0-8)

time: Wed Aug  5 14:42:34 2015
elapsed time: 14 seconds (0d 0h 0m 14s)

