#
# There is insufficient memory for the Java Runtime Environment to continue.
# Native memory allocation (mmap) failed to map 130023424 bytes for committing reserved memory.
# Possible reasons:
#   The system is out of physical RAM or swap space
#   In 32 bit mode, the process size limit was hit
# Possible solutions:
#   Reduce memory load on the system
#   Increase physical memory or swap space
#   Check if swap backing store is full
#   Use 64 bit Java on a 64 bit OS
#   Decrease Java heap size (-Xmx/-Xms)
#   Decrease number of Java threads
#   Decrease Java thread stack sizes (-Xss)
#   Set larger code cache with -XX:ReservedCodeCacheSize=
# This output file may be truncated or incomplete.
#
#  Out of Memory Error (os_linux.cpp:2673), pid=20654, tid=140628532901632
#
# JRE version: Java(TM) SE Runtime Environment (8.0_45-b14) (build 1.8.0_45-b14)
# Java VM: Java HotSpot(TM) 64-Bit Server VM (25.45-b02 mixed mode linux-amd64 compressed oops)
# Failed to write core dump. Core dumps have been disabled. To enable core dumping, try "ulimit -c unlimited" before starting Java again
#

---------------  T H R E A D  ---------------

Current thread (0x00007fe6b8079800):  VMThread [stack: 0x00007fe6a1afb000,0x00007fe6a1bfc000] [id=20663]

Stack: [0x00007fe6a1afb000,0x00007fe6a1bfc000],  sp=0x00007fe6a1bfa1e0,  free space=1020k
Native frames: (J=compiled Java code, j=interpreted, Vv=VM code, C=native code)
V  [libjvm.so+0xaac99a]  VMError::report_and_die()+0x2ba
V  [libjvm.so+0x4f333b]  report_vm_out_of_memory(char const*, int, unsigned long, VMErrorType, char const*)+0x8b
V  [libjvm.so+0x90e7c3]  os::Linux::commit_memory_impl(char*, unsigned long, bool)+0x103
V  [libjvm.so+0x90ed19]  os::pd_commit_memory(char*, unsigned long, unsigned long, bool)+0x29
V  [libjvm.so+0x90867a]  os::commit_memory(char*, unsigned long, unsigned long, bool)+0x2a
V  [libjvm.so+0x97bac3]  PSVirtualSpace::expand_by(unsigned long)+0x53
V  [libjvm.so+0x97cec8]  PSYoungGen::resize_generation(unsigned long, unsigned long)+0xf8
V  [libjvm.so+0x97c022]  PSYoungGen::resize(unsigned long, unsigned long)+0x22
V  [libjvm.so+0x9792fb]  PSScavenge::invoke_no_policy()+0xf7b
V  [libjvm.so+0x979a81]  PSScavenge::invoke()+0x41
V  [libjvm.so+0x932050]  ParallelScavengeHeap::failed_mem_allocate(unsigned long)+0x70
V  [libjvm.so+0xaae1d7]  VM_ParallelGCFailedAllocation::doit()+0x97
V  [libjvm.so+0xab59c5]  VM_Operation::evaluate()+0x55
V  [libjvm.so+0xab3d9a]  VMThread::evaluate_operation(VM_Operation*)+0xba
V  [libjvm.so+0xab411e]  VMThread::loop()+0x1ce
V  [libjvm.so+0xab4590]  VMThread::run()+0x70
V  [libjvm.so+0x910de8]  java_start(Thread*)+0x108

VM_Operation (0x00007fe6c033efc0): ParallelGCFailedAllocation, mode: safepoint, requested by thread 0x00007fe6b800b800


---------------  P R O C E S S  ---------------

Java Threads: ( => current thread )
  0x00007fe6b80c2000 JavaThread "Service Thread" daemon [_thread_blocked, id=20670, stack(0x00007fe6a112b000,0x00007fe6a122c000)]
  0x00007fe6b80bd000 JavaThread "C1 CompilerThread2" daemon [_thread_blocked, id=20669, stack(0x00007fe6a122c000,0x00007fe6a132d000)]
  0x00007fe6b80bb000 JavaThread "C2 CompilerThread1" daemon [_thread_in_native, id=20668, stack(0x00007fe6a132d000,0x00007fe6a142e000)]
  0x00007fe6b80b8000 JavaThread "C2 CompilerThread0" daemon [_thread_blocked, id=20667, stack(0x00007fe6a142e000,0x00007fe6a152f000)]
  0x00007fe6b80b7000 JavaThread "Signal Dispatcher" daemon [_thread_blocked, id=20666, stack(0x00007fe6a152f000,0x00007fe6a1630000)]
  0x00007fe6b8080800 JavaThread "Finalizer" daemon [_thread_blocked, id=20665, stack(0x00007fe6a18f9000,0x00007fe6a19fa000)]
  0x00007fe6b807e800 JavaThread "Reference Handler" daemon [_thread_blocked, id=20664, stack(0x00007fe6a19fa000,0x00007fe6a1afb000)]
  0x00007fe6b800b800 JavaThread "main" [_thread_blocked, id=20658, stack(0x00007fe6c0240000,0x00007fe6c0341000)]

Other Threads:
=>0x00007fe6b8079800 VMThread [stack: 0x00007fe6a1afb000,0x00007fe6a1bfc000] [id=20663]
  0x00007fe6b80c4800 WatcherThread [stack: 0x00007fe6a102a000,0x00007fe6a112b000] [id=20671]

VM state:at safepoint (normal execution)

VM Mutex/Monitor currently owned by a thread:  ([mutex/lock_event])
[0x00007fe6b8008010] Threads_lock - owner thread: 0x00007fe6b8079800
[0x00007fe6b8008510] Heap_lock - owner thread: 0x00007fe6b800b800

Heap:
 PSYoungGen      total 137728K, used 11838K [0x00000000eab00000, 0x00000000f4000000, 0x0000000100000000)
  eden space 124928K, 0% used [0x00000000eab00000,0x00000000eab00000,0x00000000f2500000)
  from space 12800K, 92% used [0x00000000f2500000,0x00000000f308f8a0,0x00000000f3180000)
  to   space 10752K, 0% used [0x00000000f3180000,0x00000000f3180000,0x00000000f3c00000)
 ParOldGen       total 42496K, used 25454K [0x00000000c0000000, 0x00000000c2980000, 0x00000000eab00000)
  object space 42496K, 59% used [0x00000000c0000000,0x00000000c18db958,0x00000000c2980000)
 Metaspace       used 7784K, capacity 8030K, committed 8320K, reserved 1056768K
  class space    used 754K, capacity 785K, committed 896K, reserved 1048576K

Card table byte_map: [0x00007fe6bce1f000,0x00007fe6bd020000] byte_map_base: 0x00007fe6bc81f000

Marking Bits: (ParMarkBitMap*) 0x00007fe6bf71d760
 Begin Bits: [0x00007fe6a2000000, 0x00007fe6a3000000)
 End Bits:   [0x00007fe6a3000000, 0x00007fe6a4000000)

Polling page: 0x00007fe6c0364000

CodeCache: size=245760Kb used=9033Kb max_used=9051Kb free=236726Kb
 bounds [0x00007fe6a9000000, 0x00007fe6a98f0000, 0x00007fe6b8000000]
 total_blobs=2842 nmethods=2546 adapters=210
 compilation: enabled

Compilation events (10 events):
Event: 2.440 Thread 0x00007fe6b80b8000 nmethod 2554 0x00007fe6a98c69d0 code [0x00007fe6a98c6b20, 0x00007fe6a98c6bb8]
Event: 2.440 Thread 0x00007fe6b80b8000 2561       4       com.android.dx.util.ByteArrayAnnotatedOutput::<init> (54 bytes)
Event: 2.440 Thread 0x00007fe6b80b8000 nmethod 2561 0x00007fe6a98c6c90 code [0x00007fe6a98c6de0, 0x00007fe6a98c6e98]
Event: 2.440 Thread 0x00007fe6b80b8000 2567       4       com.android.dx.merge.DexMerger$7::write (9 bytes)
Event: 2.443 Thread 0x00007fe6b80b8000 nmethod 2567 0x00007fe6a98d86d0 code [0x00007fe6a98d8860, 0x00007fe6a98d8b78]
Event: 2.444 Thread 0x00007fe6b80b8000 2568       4       com.android.dx.merge.DexMerger$7::updateIndex (16 bytes)
Event: 2.483 Thread 0x00007fe6b80bd000 2576       2       com.android.dex.Dex$Section::used (13 bytes)
Event: 2.484 Thread 0x00007fe6b80bd000 nmethod 2576 0x00007fe6a98c6690 code [0x00007fe6a98c67e0, 0x00007fe6a98c6930]
Event: 2.485 Thread 0x00007fe6b80b8000 nmethod 2568 0x00007fe6a98dc2d0 code [0x00007fe6a98dc620, 0x00007fe6a98ddf60]
Event: 2.485 Thread 0x00007fe6b80b8000 2573       4       com.android.dx.merge.DexMerger::transformClassDef (160 bytes)

GC Heap History (10 events):
Event: 1.024 GC heap after
Heap after GC invocations=2 (full 0):
 PSYoungGen      total 34304K, used 2550K [0x00000000eab00000, 0x00000000ecf00000, 0x0000000100000000)
  eden space 31744K, 0% used [0x00000000eab00000,0x00000000eab00000,0x00000000eca00000)
  from space 2560K, 99% used [0x00000000ecc80000,0x00000000ecefda58,0x00000000ecf00000)
  to   space 2560K, 0% used [0x00000000eca00000,0x00000000eca00000,0x00000000ecc80000)
 ParOldGen       total 42496K, used 5846K [0x00000000c0000000, 0x00000000c2980000, 0x00000000eab00000)
  object space 42496K, 13% used [0x00000000c0000000,0x00000000c05b5ad8,0x00000000c2980000)
 Metaspace       used 5553K, capacity 6896K, committed 7040K, reserved 1056768K
  class space    used 539K, capacity 616K, committed 640K, reserved 1048576K
}
Event: 1.357 GC heap before
{Heap before GC invocations=3 (full 0):
 PSYoungGen      total 34304K, used 34294K [0x00000000eab00000, 0x00000000ecf00000, 0x0000000100000000)
  eden space 31744K, 100% used [0x00000000eab00000,0x00000000eca00000,0x00000000eca00000)
  from space 2560K, 99% used [0x00000000ecc80000,0x00000000ecefda58,0x00000000ecf00000)
  to   space 2560K, 0% used [0x00000000eca00000,0x00000000eca00000,0x00000000ecc80000)
 ParOldGen       total 42496K, used 5846K [0x00000000c0000000, 0x00000000c2980000, 0x00000000eab00000)
  object space 42496K, 13% used [0x00000000c0000000,0x00000000c05b5ad8,0x00000000c2980000)
 Metaspace       used 5935K, capacity 7152K, committed 7296K, reserved 1056768K
  class space    used 562K, capacity 616K, committed 640K, reserved 1048576K
Event: 1.369 GC heap after
Heap after GC invocations=3 (full 0):
 PSYoungGen      total 34304K, used 2553K [0x00000000eab00000, 0x00000000eee00000, 0x0000000100000000)
  eden space 31744K, 0% used [0x00000000eab00000,0x00000000eab00000,0x00000000eca00000)
  from space 2560K, 99% used [0x00000000eca00000,0x00000000ecc7e4b8,0x00000000ecc80000)
  to   space 2560K, 0% used [0x00000000eeb80000,0x00000000eeb80000,0x00000000eee00000)
 ParOldGen       total 42496K, used 13575K [0x00000000c0000000, 0x00000000c2980000, 0x00000000eab00000)
  object space 42496K, 31% used [0x00000000c0000000,0x00000000c0d41eb0,0x00000000c2980000)
 Metaspace       used 5935K, capacity 7152K, committed 7296K, reserved 1056768K
  class space    used 562K, capacity 616K, committed 640K, reserved 1048576K
}
Event: 1.765 GC heap before
{Heap before GC invocations=4 (full 0):
 PSYoungGen      total 34304K, used 34297K [0x00000000eab00000, 0x00000000eee00000, 0x0000000100000000)
  eden space 31744K, 100% used [0x00000000eab00000,0x00000000eca00000,0x00000000eca00000)
  from space 2560K, 99% used [0x00000000eca00000,0x00000000ecc7e4b8,0x00000000ecc80000)
  to   space 2560K, 0% used [0x00000000eeb80000,0x00000000eeb80000,0x00000000eee00000)
 ParOldGen       total 42496K, used 13575K [0x00000000c0000000, 0x00000000c2980000, 0x00000000eab00000)
  object space 42496K, 31% used [0x00000000c0000000,0x00000000c0d41eb0,0x00000000c2980000)
 Metaspace       used 7636K, capacity 7928K, committed 8192K, reserved 1056768K
  class space    used 745K, capacity 752K, committed 768K, reserved 1048576K
Event: 1.776 GC heap after
Heap after GC invocations=4 (full 0):
 PSYoungGen      total 66048K, used 2534K [0x00000000eab00000, 0x00000000eee00000, 0x0000000100000000)
  eden space 63488K, 0% used [0x00000000eab00000,0x00000000eab00000,0x00000000ee900000)
  from space 2560K, 99% used [0x00000000eeb80000,0x00000000eedf9a58,0x00000000eee00000)
  to   space 2560K, 0% used [0x00000000ee900000,0x00000000ee900000,0x00000000eeb80000)
 ParOldGen       total 42496K, used 15724K [0x00000000c0000000, 0x00000000c2980000, 0x00000000eab00000)
  object space 42496K, 37% used [0x00000000c0000000,0x00000000c0f5b008,0x00000000c2980000)
 Metaspace       used 7636K, capacity 7928K, committed 8192K, reserved 1056768K
  class space    used 745K, capacity 752K, committed 768K, reserved 1048576K
}
Event: 1.993 GC heap before
{Heap before GC invocations=5 (full 0):
 PSYoungGen      total 66048K, used 64191K [0x00000000eab00000, 0x00000000eee00000, 0x0000000100000000)
  eden space 63488K, 97% used [0x00000000eab00000,0x00000000ee736590,0x00000000ee900000)
  from space 2560K, 99% used [0x00000000eeb80000,0x00000000eedf9a58,0x00000000eee00000)
  to   space 2560K, 0% used [0x00000000ee900000,0x00000000ee900000,0x00000000eeb80000)
 ParOldGen       total 42496K, used 15724K [0x00000000c0000000, 0x00000000c2980000, 0x00000000eab00000)
  object space 42496K, 37% used [0x00000000c0000000,0x00000000c0f5b008,0x00000000c2980000)
 Metaspace       used 7765K, capacity 8030K, committed 8320K, reserved 1056768K
  class space    used 754K, capacity 785K, committed 896K, reserved 1048576K
Event: 2.013 GC heap after
Heap after GC invocations=5 (full 0):
 PSYoungGen      total 66048K, used 2552K [0x00000000eab00000, 0x00000000f3c00000, 0x0000000100000000)
  eden space 63488K, 0% used [0x00000000eab00000,0x00000000eab00000,0x00000000ee900000)
  from space 2560K, 99% used [0x00000000ee900000,0x00000000eeb7e100,0x00000000eeb80000)
  to   space 10752K, 0% used [0x00000000f3180000,0x00000000f3180000,0x00000000f3c00000)
 ParOldGen       total 42496K, used 17137K [0x00000000c0000000, 0x00000000c2980000, 0x00000000eab00000)
  object space 42496K, 40% used [0x00000000c0000000,0x00000000c10bc770,0x00000000c2980000)
 Metaspace       used 7765K, capacity 8030K, committed 8320K, reserved 1056768K
  class space    used 754K, capacity 785K, committed 896K, reserved 1048576K
}
Event: 2.172 GC heap before
{Heap before GC invocations=6 (full 0):
 PSYoungGen      total 66048K, used 66040K [0x00000000eab00000, 0x00000000f3c00000, 0x0000000100000000)
  eden space 63488K, 100% used [0x00000000eab00000,0x00000000ee900000,0x00000000ee900000)
  from space 2560K, 99% used [0x00000000ee900000,0x00000000eeb7e100,0x00000000eeb80000)
  to   space 10752K, 0% used [0x00000000f3180000,0x00000000f3180000,0x00000000f3c00000)
 ParOldGen       total 42496K, used 17137K [0x00000000c0000000, 0x00000000c2980000, 0x00000000eab00000)
  object space 42496K, 40% used [0x00000000c0000000,0x00000000c10bc770,0x00000000c2980000)
 Metaspace       used 7778K, capacity 8030K, committed 8320K, reserved 1056768K
  class space    used 754K, capacity 785K, committed 896K, reserved 1048576K
Event: 2.187 GC heap after
Heap after GC invocations=6 (full 0):
 PSYoungGen      total 135680K, used 10744K [0x00000000eab00000, 0x00000000f4000000, 0x0000000100000000)
  eden space 124928K, 0% used [0x00000000eab00000,0x00000000eab00000,0x00000000f2500000)
  from space 10752K, 99% used [0x00000000f3180000,0x00000000f3bfe008,0x00000000f3c00000)
  to   space 12800K, 0% used [0x00000000f2500000,0x00000000f2500000,0x00000000f3180000)
 ParOldGen       total 42496K, used 17429K [0x00000000c0000000, 0x00000000c2980000, 0x00000000eab00000)
  object space 42496K, 41% used [0x00000000c0000000,0x00000000c11055d0,0x00000000c2980000)
 Metaspace       used 7778K, capacity 8030K, committed 8320K, reserved 1056768K
  class space    used 754K, capacity 785K, committed 896K, reserved 1048576K
}
Event: 2.507 GC heap before
{Heap before GC invocations=7 (full 0):
 PSYoungGen      total 135680K, used 135672K [0x00000000eab00000, 0x00000000f4000000, 0x0000000100000000)
  eden space 124928K, 100% used [0x00000000eab00000,0x00000000f2500000,0x00000000f2500000)
  from space 10752K, 99% used [0x00000000f3180000,0x00000000f3bfe008,0x00000000f3c00000)
  to   space 12800K, 0% used [0x00000000f2500000,0x00000000f2500000,0x00000000f3180000)
 ParOldGen       total 42496K, used 17429K [0x00000000c0000000, 0x00000000c2980000, 0x00000000eab00000)
  object space 42496K, 41% used [0x00000000c0000000,0x00000000c11055d0,0x00000000c2980000)
 Metaspace       used 7784K, capacity 8030K, committed 8320K, reserved 1056768K
  class space    used 754K, capacity 785K, committed 896K, reserved 1048576K

Deoptimization events (10 events):
Event: 1.524 Thread 0x00007fe6b800b800 Uncommon trap: reason=unstable_if action=reinterpret pc=0x00007fe6a95bd414 method=java.util.HashMap.getNode(ILjava/lang/Object;)Ljava/util/HashMap$Node; @ 84
Event: 1.544 Thread 0x00007fe6b800b800 Uncommon trap: reason=unstable_if action=reinterpret pc=0x00007fe6a95ac5ec method=java.util.HashMap.getNode(ILjava/lang/Object;)Ljava/util/HashMap$Node; @ 84
Event: 1.564 Thread 0x00007fe6b800b800 Uncommon trap: reason=unstable_if action=reinterpret pc=0x00007fe6a9716b54 method=com.android.dx.merge.IndexMap.adjustString(I)I @ 2
Event: 1.590 Thread 0x00007fe6b800b800 Uncommon trap: reason=unstable_if action=reinterpret pc=0x00007fe6a96c6db8 method=sun.misc.MetaIndex.mayContain(Ljava/lang/String;)Z @ 13
Event: 1.593 Thread 0x00007fe6b800b800 Uncommon trap: reason=class_check action=maybe_recompile pc=0x00007fe6a951ba68 method=java.util.ArrayList.<init>(Ljava/util/Collection;)V @ 6
Event: 1.600 Thread 0x00007fe6b800b800 Uncommon trap: reason=class_check action=maybe_recompile pc=0x00007fe6a951ba68 method=java.util.ArrayList.<init>(Ljava/util/Collection;)V @ 6
Event: 1.623 Thread 0x00007fe6b800b800 Uncommon trap: reason=predicate action=maybe_recompile pc=0x00007fe6a97622fc method=com.android.dex.Leb128.readUnsignedLeb128(Lcom/android/dex/util/ByteInput;)I @ 41
Event: 1.679 Thread 0x00007fe6b800b800 Uncommon trap: reason=unstable_if action=reinterpret pc=0x00007fe6a9717520 method=com.android.dex.FieldId.compareTo(Lcom/android/dex/FieldId;)I @ 8
Event: 2.151 Thread 0x00007fe6b800b800 Uncommon trap: reason=unstable_if action=reinterpret pc=0x00007fe6a9828d68 method=com.android.dex.EncodedValueCodec.readUnsignedInt(Lcom/android/dex/util/ByteInput;IZ)I @ 3
Event: 2.396 Thread 0x00007fe6b800b800 Uncommon trap: reason=unstable_if action=reinterpret pc=0x00007fe6a983be50 method=java.util.HashMap$TreeNode.balanceInsertion(Ljava/util/HashMap$TreeNode;Ljava/util/HashMap$TreeNode;)Ljava/util/HashMap$TreeNode; @ 47

Internal exceptions (7 events):
Event: 0.128 Thread 0x00007fe6b800b800 Exception <a 'java/lang/NoSuchMethodError': Method sun.misc.Unsafe.defineClass(Ljava/lang/String;[BII)Ljava/lang/Class; name or signature does not match> (0x00000000eab12970) thrown at [/RE-WORK/workspace/8-2-build-linux-amd64/jdk8u45/3457/hotspot/src/sha
Event: 0.128 Thread 0x00007fe6b800b800 Exception <a 'java/lang/NoSuchMethodError': Method sun.misc.Unsafe.prefetchRead(Ljava/lang/Object;J)V name or signature does not match> (0x00000000eab12c00) thrown at [/RE-WORK/workspace/8-2-build-linux-amd64/jdk8u45/3457/hotspot/src/share/vm/prims/jni.cp
Event: 1.056 Thread 0x00007fe6b800b800 Implicit null exception at 0x00007fe6a9523662 to 0x00007fe6a9523702
Event: 1.591 Thread 0x00007fe6b800b800 Exception <a 'java/security/PrivilegedActionException'> (0x00000000eb081838) thrown at [/RE-WORK/workspace/8-2-build-linux-amd64/jdk8u45/3457/hotspot/src/share/vm/prims/jvm.cpp, line 1382]
Event: 1.591 Thread 0x00007fe6b800b800 Exception <a 'java/security/PrivilegedActionException'> (0x00000000eb081b80) thrown at [/RE-WORK/workspace/8-2-build-linux-amd64/jdk8u45/3457/hotspot/src/share/vm/prims/jvm.cpp, line 1382]
Event: 1.591 Thread 0x00007fe6b800b800 Exception <a 'java/security/PrivilegedActionException'> (0x00000000eb084030) thrown at [/RE-WORK/workspace/8-2-build-linux-amd64/jdk8u45/3457/hotspot/src/share/vm/prims/jvm.cpp, line 1382]
Event: 1.591 Thread 0x00007fe6b800b800 Exception <a 'java/security/PrivilegedActionException'> (0x00000000eb084378) thrown at [/RE-WORK/workspace/8-2-build-linux-amd64/jdk8u45/3457/hotspot/src/share/vm/prims/jvm.cpp, line 1382]

Events (10 events):
Event: 2.151 Thread 0x00007fe6b800b800 DEOPT PACKING pc=0x00007fe6a9828d68 sp=0x00007fe6c033f2a0
Event: 2.151 Thread 0x00007fe6b800b800 DEOPT UNPACKING pc=0x00007fe6a9005229 sp=0x00007fe6c033f278 mode 2
Event: 2.172 Executing VM operation: ParallelGCFailedAllocation
Event: 2.187 Executing VM operation: ParallelGCFailedAllocation done
Event: 2.336 Thread 0x00007fe6b800b800 DEOPT PACKING pc=0x00007fe6a97b13c8 sp=0x00007fe6c033f3b0
Event: 2.336 Thread 0x00007fe6b800b800 DEOPT UNPACKING pc=0x00007fe6a9047233 sp=0x00007fe6c033f0c8 mode 0
Event: 2.396 Thread 0x00007fe6b800b800 Uncommon trap: trap_request=0xffffff65 fr.pc=0x00007fe6a983be50
Event: 2.396 Thread 0x00007fe6b800b800 DEOPT PACKING pc=0x00007fe6a983be50 sp=0x00007fe6c033f3a0
Event: 2.396 Thread 0x00007fe6b800b800 DEOPT UNPACKING pc=0x00007fe6a9005229 sp=0x00007fe6c033f188 mode 2
Event: 2.507 Executing VM operation: ParallelGCFailedAllocation


Dynamic libraries:
00400000-00401000 r-xp 00000000 08:03 1572315                            /opt/java/jdk1.8.0_45/bin/java
00600000-00601000 rw-p 00000000 08:03 1572315                            /opt/java/jdk1.8.0_45/bin/java
0109c000-010bd000 rw-p 00000000 00:00 0                                  [heap]
c0000000-c2980000 rw-p 00000000 00:00 0 
c2980000-eab00000 ---p 00000000 00:00 0 
eab00000-f4000000 rw-p 00000000 00:00 0 
fbc00000-100000000 ---p 00000000 00:00 0 
100000000-1000e0000 rw-p 00000000 00:00 0 
1000e0000-140000000 ---p 00000000 00:00 0 
7fe66c000000-7fe66c021000 rw-p 00000000 00:00 0 
7fe66c021000-7fe670000000 ---p 00000000 00:00 0 
7fe670000000-7fe670021000 rw-p 00000000 00:00 0 
7fe670021000-7fe674000000 ---p 00000000 00:00 0 
7fe674000000-7fe675044000 rw-p 00000000 00:00 0 
7fe675044000-7fe678000000 ---p 00000000 00:00 0 
7fe678000000-7fe6788f9000 rw-p 00000000 00:00 0 
7fe6788f9000-7fe67c000000 ---p 00000000 00:00 0 
7fe67c000000-7fe67c021000 rw-p 00000000 00:00 0 
7fe67c021000-7fe680000000 ---p 00000000 00:00 0 
7fe680000000-7fe6808ee000 rw-p 00000000 00:00 0 
7fe6808ee000-7fe684000000 ---p 00000000 00:00 0 
7fe684000000-7fe684021000 rw-p 00000000 00:00 0 
7fe684021000-7fe688000000 ---p 00000000 00:00 0 
7fe688000000-7fe688021000 rw-p 00000000 00:00 0 
7fe688021000-7fe68c000000 ---p 00000000 00:00 0 
7fe68c000000-7fe68c021000 rw-p 00000000 00:00 0 
7fe68c021000-7fe690000000 ---p 00000000 00:00 0 
7fe690000000-7fe690292000 rw-p 00000000 00:00 0 
7fe690292000-7fe694000000 ---p 00000000 00:00 0 
7fe694000000-7fe694021000 rw-p 00000000 00:00 0 
7fe694021000-7fe698000000 ---p 00000000 00:00 0 
7fe69c000000-7fe69c021000 rw-p 00000000 00:00 0 
7fe69c021000-7fe6a0000000 ---p 00000000 00:00 0 
7fe6a102a000-7fe6a102b000 ---p 00000000 00:00 0 
7fe6a102b000-7fe6a112b000 rw-p 00000000 00:00 0                          [stack:20671]
7fe6a112b000-7fe6a112e000 ---p 00000000 00:00 0 
7fe6a112e000-7fe6a122c000 rw-p 00000000 00:00 0                          [stack:20670]
7fe6a122c000-7fe6a122f000 ---p 00000000 00:00 0 
7fe6a122f000-7fe6a132d000 rw-p 00000000 00:00 0                          [stack:20669]
7fe6a132d000-7fe6a1330000 ---p 00000000 00:00 0 
7fe6a1330000-7fe6a142e000 rw-p 00000000 00:00 0                          [stack:20668]
7fe6a142e000-7fe6a1431000 ---p 00000000 00:00 0 
7fe6a1431000-7fe6a152f000 rw-p 00000000 00:00 0                          [stack:20667]
7fe6a152f000-7fe6a1532000 ---p 00000000 00:00 0 
7fe6a1532000-7fe6a1630000 rw-p 00000000 00:00 0                          [stack:20666]
7fe6a1630000-7fe6a18f9000 r--p 00000000 08:03 266989                     /usr/lib/locale/locale-archive
7fe6a18f9000-7fe6a18fc000 ---p 00000000 00:00 0 
7fe6a18fc000-7fe6a19fa000 rw-p 00000000 00:00 0                          [stack:20665]
7fe6a19fa000-7fe6a19fd000 ---p 00000000 00:00 0 
7fe6a19fd000-7fe6a1afb000 rw-p 00000000 00:00 0                          [stack:20664]
7fe6a1afb000-7fe6a1afc000 ---p 00000000 00:00 0 
7fe6a1afc000-7fe6a4000000 rw-p 00000000 00:00 0                          [stack:20663]
7fe6a4000000-7fe6a4021000 rw-p 00000000 00:00 0 
7fe6a4021000-7fe6a8000000 ---p 00000000 00:00 0 
7fe6a8090000-7fe6a809b000 r--s 00116000 08:03 1574017                    /opt/java/jdk1.8.0_45/jre/lib/ext/localedata.jar
7fe6a809b000-7fe6a80b7000 r--s 00393000 08:03 1574015                    /opt/java/jdk1.8.0_45/jre/lib/ext/cldrdata.jar
7fe6a80b7000-7fe6a8f40000 rw-p 00000000 00:00 0 
7fe6a8f40000-7fe6a9000000 ---p 00000000 00:00 0 
7fe6a9000000-7fe6a98f0000 rwxp 00000000 00:00 0 
7fe6a98f0000-7fe6b8000000 ---p 00000000 00:00 0 
7fe6b8000000-7fe6b83c0000 rw-p 00000000 00:00 0 
7fe6b83c0000-7fe6bc000000 ---p 00000000 00:00 0 
7fe6bc000000-7fe6bc00f000 r--s 000dd000 00:19 9438599                    /home/mike/Android/Sdk/build-tools/22.0.1/lib/dx.jar
7fe6bc00f000-7fe6bc476000 rw-p 00000000 00:00 0 
7fe6bc476000-7fe6bc64f000 r--s 03d09000 08:03 1573810                    /opt/java/jdk1.8.0_45/jre/lib/rt.jar
7fe6bc64f000-7fe6bc8c5000 rw-p 00000000 00:00 0 
7fe6bc8c5000-7fe6bc8c6000 ---p 00000000 00:00 0 
7fe6bc8c6000-7fe6bc9c6000 rw-p 00000000 00:00 0                          [stack:20662]
7fe6bc9c6000-7fe6bc9c7000 ---p 00000000 00:00 0 
7fe6bc9c7000-7fe6bcac7000 rw-p 00000000 00:00 0                          [stack:20661]
7fe6bcac7000-7fe6bcac8000 ---p 00000000 00:00 0 
7fe6bcac8000-7fe6bcbc8000 rw-p 00000000 00:00 0                          [stack:20660]
7fe6bcbc8000-7fe6bcbc9000 ---p 00000000 00:00 0 
7fe6bcbc9000-7fe6bccde000 rw-p 00000000 00:00 0                          [stack:20659]
7fe6bccde000-7fe6bce1f000 ---p 00000000 00:00 0 
7fe6bce1f000-7fe6bce34000 rw-p 00000000 00:00 0 
7fe6bce34000-7fe6bcf74000 ---p 00000000 00:00 0 
7fe6bcf74000-7fe6bcfbf000 rw-p 00000000 00:00 0 
7fe6bcfbf000-7fe6bd01f000 ---p 00000000 00:00 0 
7fe6bd01f000-7fe6bd044000 rw-p 00000000 00:00 0 
7fe6bd044000-7fe6bd3e0000 ---p 00000000 00:00 0 
7fe6bd3e0000-7fe6bd3fa000 r-xp 00000000 08:03 1574049                    /opt/java/jdk1.8.0_45/jre/lib/amd64/libzip.so
7fe6bd3fa000-7fe6bd5fa000 ---p 0001a000 08:03 1574049                    /opt/java/jdk1.8.0_45/jre/lib/amd64/libzip.so
7fe6bd5fa000-7fe6bd5fb000 rw-p 0001a000 08:03 1574049                    /opt/java/jdk1.8.0_45/jre/lib/amd64/libzip.so
7fe6bd5fb000-7fe6bd606000 r-xp 00000000 08:03 131807                     /lib/x86_64-linux-gnu/libnss_files-2.19.so
7fe6bd606000-7fe6bd805000 ---p 0000b000 08:03 131807                     /lib/x86_64-linux-gnu/libnss_files-2.19.so
7fe6bd805000-7fe6bd806000 r--p 0000a000 08:03 131807                     /lib/x86_64-linux-gnu/libnss_files-2.19.so
7fe6bd806000-7fe6bd807000 rw-p 0000b000 08:03 131807                     /lib/x86_64-linux-gnu/libnss_files-2.19.so
7fe6bd807000-7fe6bd812000 r-xp 00000000 08:03 131871                     /lib/x86_64-linux-gnu/libnss_nis-2.19.so
7fe6bd812000-7fe6bda11000 ---p 0000b000 08:03 131871                     /lib/x86_64-linux-gnu/libnss_nis-2.19.so
7fe6bda11000-7fe6bda12000 r--p 0000a000 08:03 131871                     /lib/x86_64-linux-gnu/libnss_nis-2.19.so
7fe6bda12000-7fe6bda13000 rw-p 0000b000 08:03 131871                     /lib/x86_64-linux-gnu/libnss_nis-2.19.so
7fe6bda13000-7fe6bda2a000 r-xp 00000000 08:03 131829                     /lib/x86_64-linux-gnu/libnsl-2.19.so
7fe6bda2a000-7fe6bdc29000 ---p 00017000 08:03 131829                     /lib/x86_64-linux-gnu/libnsl-2.19.so
7fe6bdc29000-7fe6bdc2a000 r--p 00016000 08:03 131829                     /lib/x86_64-linux-gnu/libnsl-2.19.so
7fe6bdc2a000-7fe6bdc2b000 rw-p 00017000 08:03 131829                     /lib/x86_64-linux-gnu/libnsl-2.19.so
7fe6bdc2b000-7fe6bdc2d000 rw-p 00000000 00:00 0 
7fe6bdc2d000-7fe6bdc36000 r-xp 00000000 08:03 131828                     /lib/x86_64-linux-gnu/libnss_compat-2.19.so
7fe6bdc36000-7fe6bde35000 ---p 00009000 08:03 131828                     /lib/x86_64-linux-gnu/libnss_compat-2.19.so
7fe6bde35000-7fe6bde36000 r--p 00008000 08:03 131828                     /lib/x86_64-linux-gnu/libnss_compat-2.19.so
7fe6bde36000-7fe6bde37000 rw-p 00009000 08:03 131828                     /lib/x86_64-linux-gnu/libnss_compat-2.19.so
7fe6bde37000-7fe6bde61000 r-xp 00000000 08:03 1574040                    /opt/java/jdk1.8.0_45/jre/lib/amd64/libjava.so
7fe6bde61000-7fe6be061000 ---p 0002a000 08:03 1574040                    /opt/java/jdk1.8.0_45/jre/lib/amd64/libjava.so
7fe6be061000-7fe6be063000 rw-p 0002a000 08:03 1574040                    /opt/java/jdk1.8.0_45/jre/lib/amd64/libjava.so
7fe6be063000-7fe6be070000 r-xp 00000000 08:03 1574047                    /opt/java/jdk1.8.0_45/jre/lib/amd64/libverify.so
7fe6be070000-7fe6be270000 ---p 0000d000 08:03 1574047                    /opt/java/jdk1.8.0_45/jre/lib/amd64/libverify.so
7fe6be270000-7fe6be272000 rw-p 0000d000 08:03 1574047                    /opt/java/jdk1.8.0_45/jre/lib/amd64/libverify.so
7fe6be272000-7fe6be279000 r-xp 00000000 08:03 131868                     /lib/x86_64-linux-gnu/librt-2.19.so
7fe6be279000-7fe6be478000 ---p 00007000 08:03 131868                     /lib/x86_64-linux-gnu/librt-2.19.so
7fe6be478000-7fe6be479000 r--p 00006000 08:03 131868                     /lib/x86_64-linux-gnu/librt-2.19.so
7fe6be479000-7fe6be47a000 rw-p 00007000 08:03 131868                     /lib/x86_64-linux-gnu/librt-2.19.so
7fe6be47a000-7fe6be57f000 r-xp 00000000 08:03 131806                     /lib/x86_64-linux-gnu/libm-2.19.so
7fe6be57f000-7fe6be77e000 ---p 00105000 08:03 131806                     /lib/x86_64-linux-gnu/libm-2.19.so
7fe6be77e000-7fe6be77f000 r--p 00104000 08:03 131806                     /lib/x86_64-linux-gnu/libm-2.19.so
7fe6be77f000-7fe6be780000 rw-p 00105000 08:03 131806                     /lib/x86_64-linux-gnu/libm-2.19.so
7fe6be780000-7fe6bf42e000 r-xp 00000000 08:03 1574060                    /opt/java/jdk1.8.0_45/jre/lib/amd64/server/libjvm.so
7fe6bf42e000-7fe6bf62d000 ---p 00cae000 08:03 1574060                    /opt/java/jdk1.8.0_45/jre/lib/amd64/server/libjvm.so
7fe6bf62d000-7fe6bf704000 rw-p 00cad000 08:03 1574060                    /opt/java/jdk1.8.0_45/jre/lib/amd64/server/libjvm.so
7fe6bf704000-7fe6bf748000 rw-p 00000000 00:00 0 
7fe6bf748000-7fe6bf903000 r-xp 00000000 08:03 131857                     /lib/x86_64-linux-gnu/libc-2.19.so
7fe6bf903000-7fe6bfb02000 ---p 001bb000 08:03 131857                     /lib/x86_64-linux-gnu/libc-2.19.so
7fe6bfb02000-7fe6bfb06000 r--p 001ba000 08:03 131857                     /lib/x86_64-linux-gnu/libc-2.19.so
7fe6bfb06000-7fe6bfb08000 rw-p 001be000 08:03 131857                     /lib/x86_64-linux-gnu/libc-2.19.so
7fe6bfb08000-7fe6bfb0d000 rw-p 00000000 00:00 0 
7fe6bfb0d000-7fe6bfb10000 r-xp 00000000 08:03 131810                     /lib/x86_64-linux-gnu/libdl-2.19.so
7fe6bfb10000-7fe6bfd0f000 ---p 00003000 08:03 131810                     /lib/x86_64-linux-gnu/libdl-2.19.so
7fe6bfd0f000-7fe6bfd10000 r--p 00002000 08:03 131810                     /lib/x86_64-linux-gnu/libdl-2.19.so
7fe6bfd10000-7fe6bfd11000 rw-p 00003000 08:03 131810                     /lib/x86_64-linux-gnu/libdl-2.19.so
7fe6bfd11000-7fe6bfd26000 r-xp 00000000 08:03 1573749                    /opt/java/jdk1.8.0_45/lib/amd64/jli/libjli.so
7fe6bfd26000-7fe6bff26000 ---p 00015000 08:03 1573749                    /opt/java/jdk1.8.0_45/lib/amd64/jli/libjli.so
7fe6bff26000-7fe6bff27000 rw-p 00015000 08:03 1573749                    /opt/java/jdk1.8.0_45/lib/amd64/jli/libjli.so
7fe6bff27000-7fe6bff40000 r-xp 00000000 08:03 131858                     /lib/x86_64-linux-gnu/libpthread-2.19.so
7fe6bff40000-7fe6c013f000 ---p 00019000 08:03 131858                     /lib/x86_64-linux-gnu/libpthread-2.19.so
7fe6c013f000-7fe6c0140000 r--p 00018000 08:03 131858                     /lib/x86_64-linux-gnu/libpthread-2.19.so
7fe6c0140000-7fe6c0141000 rw-p 00019000 08:03 131858                     /lib/x86_64-linux-gnu/libpthread-2.19.so
7fe6c0141000-7fe6c0145000 rw-p 00000000 00:00 0 
7fe6c0145000-7fe6c0168000 r-xp 00000000 08:03 131833                     /lib/x86_64-linux-gnu/ld-2.19.so
7fe6c0169000-7fe6c016e000 r--s 00094000 08:03 1573828                    /opt/java/jdk1.8.0_45/jre/lib/jsse.jar
7fe6c016e000-7fe6c0240000 rw-p 00000000 00:00 0 
7fe6c0240000-7fe6c0243000 ---p 00000000 00:00 0 
7fe6c0243000-7fe6c0346000 rw-p 00000000 00:00 0                          [stack:20658]
7fe6c0346000-7fe6c0347000 r--p 00000000 08:03 672594                     /usr/share/locale-langpack/en_GB/LC_MESSAGES/libc.mo
7fe6c0347000-7fe6c035b000 rw-p 00000000 00:00 0 
7fe6c035b000-7fe6c0363000 rw-s 00000000 08:03 1572203                    /tmp/hsperfdata_mike/20654
7fe6c0363000-7fe6c0364000 rw-p 00000000 00:00 0 
7fe6c0364000-7fe6c0365000 ---p 00000000 00:00 0 
7fe6c0365000-7fe6c0367000 rw-p 00000000 00:00 0 
7fe6c0367000-7fe6c0368000 r--p 00022000 08:03 131833                     /lib/x86_64-linux-gnu/ld-2.19.so
7fe6c0368000-7fe6c0369000 rw-p 00023000 08:03 131833                     /lib/x86_64-linux-gnu/ld-2.19.so
7fe6c0369000-7fe6c036a000 rw-p 00000000 00:00 0 
7fff7ea6c000-7fff7ea8e000 rw-p 00000000 00:00 0                          [stack]
7fff7ebfe000-7fff7ec00000 r-xp 00000000 00:00 0                          [vdso]
ffffffffff600000-ffffffffff601000 r-xp 00000000 00:00 0                  [vsyscall]

VM Arguments:
jvm_args: -Xmx1024M -Dfile.encoding=UTF-8 -Duser.country=GB -Duser.language=en -Duser.variant 
java_command: com.android.dx.command.Main --dex --output /home/mike/AndroidStudioProjects/Wordist/app/build/intermediates/dex/debug /home/mike/AndroidStudioProjects/Wordist/app/build/intermediates/classes/debug /home/mike/AndroidStudioProjects/Wordist/app/build/intermediates/pre-dexed/debug/support-annotations-22.2.0-bfa71d602cc0e11fce5350ed544c9f5e4d4a05e4.jar /home/mike/AndroidStudioProjects/Wordist/app/build/intermediates/pre-dexed/debug/classes-e01224f4b848d2f70fe036e6ffd03fad8e49b557.jar /home/mike/AndroidStudioProjects/Wordist/app/build/intermediates/pre-dexed/debug/classes-2ab3d19bd8375c4756f92f9df195e4252f17cf71.jar /home/mike/AndroidStudioProjects/Wordist/app/build/intermediates/pre-dexed/debug/classes-674e81071699e5047dc949309e33eaff0b6cf792.jar /home/mike/AndroidStudioProjects/Wordist/app/build/intermediates/pre-dexed/debug/classes-becf46f026f107f6ad7542c9b7c8b1bd96840546.jar /home/mike/AndroidStudioProjects/Wordist/app/build/intermediates/pre-dexed/debug/internal_impl-22.0.0-badf73acff408b2f94e3947ab7ebff932b700965.jar /home/mike/AndroidStudioProjects/Wordist/app/build/intermediates/pre-dexed/debug/classes-b97a6c1cf7fbeb04f196fcf80c57d4257edcc6dd.jar /home/mike/AndroidStudioProjects/Wordist/app/build/intermediates/pre-dexed/debug/classes-d24eb526a194db96263c3f6685649fd0fe6c44d5.jar /home/mike/AndroidStudioProjects/Wordist/app/build/intermediates/pre-dexed/debug/classes-d336082364352f264572be55a9b357e5ff0d11af.jar /home/mike/AndroidStudioProjects/Wordist/app/build/intermediates/pre-dexed/debug/classes-7a28f4ba4fb32a581ec7923ddf90ef95697adfea.jar /home/mike/AndroidStudioProjects/Wordist/app/build/intermediates/pre-dexed/debug/classes-2fffb6f7a97d395100aaf3eefa7e7444903a76be.jar /home/mike/AndroidStudioProjects/Wordist/app/build/intermediates/pre-dexed/debug/classes-cc0797b316f66372a2b35e75e646f3b4068a1b62.jar /home/mike/AndroidStudioProjects/Wordist/app/build/intermediates/pre-dexed/debug/classes-ba694547ab3fc3fe5bc8d34ae51866c6cab4beda.jar /home/mike/An
java_class_path (initial): /home/mike/Android/Sdk/build-tools/22.0.1/lib/dx.jar
Launcher Type: SUN_STANDARD

Environment Variables:
PATH=/usr/local/sbin:/usr/local/bin:/usr/sbin:/usr/bin:/sbin:/bin:/usr/games:/usr/local/games
USERNAME=mike
LD_LIBRARY_PATH=/opt/android-studio/bin:
SHELL=/bin/bash
DISPLAY=:0

Signal Handlers:
SIGSEGV: [libjvm.so+0xaad1e0], sa_mask[0]=11111111011111111101111111111110, sa_flags=SA_RESTART|SA_SIGINFO
SIGBUS: [libjvm.so+0xaad1e0], sa_mask[0]=11111111011111111101111111111110, sa_flags=SA_RESTART|SA_SIGINFO
SIGFPE: [libjvm.so+0x90b450], sa_mask[0]=11111111011111111101111111111110, sa_flags=SA_RESTART|SA_SIGINFO
SIGPIPE: [libjvm.so+0x90b450], sa_mask[0]=11111111011111111101111111111110, sa_flags=SA_RESTART|SA_SIGINFO
SIGXFSZ: [libjvm.so+0x90b450], sa_mask[0]=11111111011111111101111111111110, sa_flags=SA_RESTART|SA_SIGINFO
SIGILL: [libjvm.so+0x90b450], sa_mask[0]=11111111011111111101111111111110, sa_flags=SA_RESTART|SA_SIGINFO
SIGUSR1: SIG_DFL, sa_mask[0]=00000000000000000000000000000000, sa_flags=none
SIGUSR2: [libjvm.so+0x90ca90], sa_mask[0]=00100000000000000000000000000000, sa_flags=SA_RESTART|SA_SIGINFO
SIGHUP: [libjvm.so+0x90dde0], sa_mask[0]=11111111011111111101111111111110, sa_flags=SA_RESTART|SA_SIGINFO
SIGINT: [libjvm.so+0x90dde0], sa_mask[0]=11111111011111111101111111111110, sa_flags=SA_RESTART|SA_SIGINFO
SIGTERM: [libjvm.so+0x90dde0], sa_mask[0]=11111111011111111101111111111110, sa_flags=SA_RESTART|SA_SIGINFO
SIGQUIT: [libjvm.so+0x90dde0], sa_mask[0]=11111111011111111101111111111110, sa_flags=SA_RESTART|SA_SIGINFO


---------------  S Y S T E M  ---------------

OS:DISTRIB_ID=LinuxMint
DISTRIB_RELEASE=17.2
DISTRIB_CODENAME=rafaela
DISTRIB_DESCRIPTION="Linux Mint 17.2 Rafaela"

uname:Linux 3.13.0-37-generic #64-Ubuntu SMP Mon Sep 22 21:28:38 UTC 2014 x86_64
libc:glibc 2.19 NPTL 2.19 
rlimit: STACK 8192k, CORE 0k, NPROC 30882, NOFILE 4096, AS infinity
load average:1.24 1.13 1.21

/proc/meminfo:
MemTotal:        4048044 kB
MemFree:          132976 kB
Buffers:            8228 kB
Cached:           122904 kB
SwapCached:            0 kB
Active:          3424132 kB
Inactive:          80732 kB
Active(anon):    3377128 kB
Inactive(anon):    43396 kB
Active(file):      47004 kB
Inactive(file):    37336 kB
Unevictable:          88 kB
Mlocked:              88 kB
SwapTotal:             0 kB
SwapFree:              0 kB
Dirty:             13064 kB
Writeback:             0 kB
AnonPages:       3374940 kB
Mapped:           204600 kB
Shmem:             45732 kB
Slab:              71360 kB
SReclaimable:      28316 kB
SUnreclaim:        43044 kB
KernelStack:        4472 kB
PageTables:        32648 kB
NFS_Unstable:          0 kB
Bounce:                0 kB
WritebackTmp:          0 kB
CommitLimit:     2024020 kB
Committed_AS:    5620864 kB
VmallocTotal:   34359738367 kB
VmallocUsed:      305612 kB
VmallocChunk:   34359429816 kB
HardwareCorrupted:     0 kB
AnonHugePages:   1591296 kB
HugePages_Total:       0
HugePages_Free:        0
HugePages_Rsvd:        0
HugePages_Surp:        0
Hugepagesize:       2048 kB
DirectMap4k:      163392 kB
DirectMap2M:     2981888 kB
DirectMap1G:     1048576 kB


CPU:total 4 (4 cores per cpu, 1 threads per core) family 16 model 4 stepping 2, cmov, cx8, fxsr, mmx, sse, sse2, sse3, popcnt, mmxext, 3dnowpref, lzcnt, sse4a, tsc, tscinvbit, tscinv

/proc/cpuinfo:
processor	: 0
vendor_id	: AuthenticAMD
cpu family	: 16
model		: 4
model name	: AMD Phenom(tm) II X4 955 Processor
stepping	: 2
microcode	: 0x1000086
cpu MHz		: 3200.000
cache size	: 512 KB
physical id	: 0
siblings	: 4
core id		: 0
cpu cores	: 4
apicid		: 0
initial apicid	: 0
fpu		: yes
fpu_exception	: yes
cpuid level	: 5
wp		: yes
flags		: fpu vme de pse tsc msr pae mce cx8 apic sep mtrr pge mca cmov pat pse36 clflush mmx fxsr sse sse2 ht syscall nx mmxext fxsr_opt pdpe1gb rdtscp lm 3dnowext 3dnow constant_tsc rep_good nopl nonstop_tsc extd_apicid pni monitor cx16 popcnt lahf_lm cmp_legacy svm extapic cr8_legacy abm sse4a misalignsse 3dnowprefetch osvw ibs skinit wdt hw_pstate npt lbrv svm_lock nrip_save
bogomips	: 6399.93
TLB size	: 1024 4K pages
clflush size	: 64
cache_alignment	: 64
address sizes	: 48 bits physical, 48 bits virtual
power management: ts ttp tm stc 100mhzsteps hwpstate

processor	: 1
vendor_id	: AuthenticAMD
cpu family	: 16
model		: 4
model name	: AMD Phenom(tm) II X4 955 Processor
stepping	: 2
microcode	: 0x1000086
cpu MHz		: 2100.000
cache size	: 512 KB
physical id	: 0
siblings	: 4
core id		: 1
cpu cores	: 4
apicid		: 1
initial apicid	: 1
fpu		: yes
fpu_exception	: yes
cpuid level	: 5
wp		: yes
flags		: fpu vme de pse tsc msr pae mce cx8 apic sep mtrr pge mca cmov pat pse36 clflush mmx fxsr sse sse2 ht syscall nx mmxext fxsr_opt pdpe1gb rdtscp lm 3dnowext 3dnow constant_tsc rep_good nopl nonstop_tsc extd_apicid pni monitor cx16 popcnt lahf_lm cmp_legacy svm extapic cr8_legacy abm sse4a misalignsse 3dnowprefetch osvw ibs skinit wdt hw_pstate npt lbrv svm_lock nrip_save
bogomips	: 6399.93
TLB size	: 1024 4K pages
clflush size	: 64
cache_alignment	: 64
address sizes	: 48 bits physical, 48 bits virtual
power management: ts ttp tm stc 100mhzsteps hwpstate

processor	: 2
vendor_id	: AuthenticAMD
cpu family	: 16
model		: 4
model name	: AMD Phenom(tm) II X4 955 Processor
stepping	: 2
microcode	: 0x1000086
cpu MHz		: 2100.000
cache size	: 512 KB
physical id	: 0
siblings	: 4
core id		: 2
cpu cores	: 4
apicid		: 2
initial apicid	: 2
fpu		: yes
fpu_exception	: yes
cpuid level	: 5
wp		: yes
flags		: fpu vme de pse tsc msr pae mce cx8 apic sep mtrr pge mca cmov pat pse36 clflush mmx fxsr sse sse2 ht syscall nx mmxext fxsr_opt pdpe1gb rdtscp lm 3dnowext 3dnow constant_tsc rep_good nopl nonstop_tsc extd_apicid pni monitor cx16 popcnt lahf_lm cmp_legacy svm extapic cr8_legacy abm sse4a misalignsse 3dnowprefetch osvw ibs skinit wdt hw_pstate npt lbrv svm_lock nrip_save
bogomips	: 6399.93
TLB size	: 1024 4K pages
clflush size	: 64
cache_alignment	: 64
address sizes	: 48 bits physical, 48 bits virtual
power management: ts ttp tm stc 100mhzsteps hwpstate

processor	: 3
vendor_id	: AuthenticAMD
cpu family	: 16
model		: 4
model name	: AMD Phenom(tm) II X4 955 Processor
stepping	: 2
microcode	: 0x1000086
cpu MHz		: 3200.000
cache size	: 512 KB
physical id	: 0
siblings	: 4
core id		: 3
cpu cores	: 4
apicid		: 3
initial apicid	: 3
fpu		: yes
fpu_exception	: yes
cpuid level	: 5
wp		: yes
flags		: fpu vme de pse tsc msr pae mce cx8 apic sep mtrr pge mca cmov pat pse36 clflush mmx fxsr sse sse2 ht syscall nx mmxext fxsr_opt pdpe1gb rdtscp lm 3dnowext 3dnow constant_tsc rep_good nopl nonstop_tsc extd_apicid pni monitor cx16 popcnt lahf_lm cmp_legacy svm extapic cr8_legacy abm sse4a misalignsse 3dnowprefetch osvw ibs skinit wdt hw_pstate npt lbrv svm_lock nrip_save
bogomips	: 6399.93
TLB size	: 1024 4K pages
clflush size	: 64
cache_alignment	: 64
address sizes	: 48 bits physical, 48 bits virtual
power management: ts ttp tm stc 100mhzsteps hwpstate



Memory: 4k page, physical 4048044k(132976k free), swap 0k(0k free)

vm_info: Java HotSpot(TM) 64-Bit Server VM (25.45-b02) for linux-amd64 JRE (1.8.0_45-b14), built on Apr 10 2015 10:07:45 by "java_re" with gcc 4.3.0 20080428 (Red Hat 4.3.0-8)

time: Fri Aug 21 18:59:49 2015
elapsed time: 2 seconds (0d 0h 0m 2s)

