#
# There is insufficient memory for the Java Runtime Environment to continue.
# Native memory allocation (mmap) failed to map 42991616 bytes for committing reserved memory.
# Possible reasons:
#   The system is out of physical RAM or swap space
#   In 32 bit mode, the process size limit was hit
# Possible solutions:
#   Reduce memory load on the system
#   Increase physical memory or swap space
#   Check if swap backing store is full
#   Use 64 bit Java on a 64 bit OS
#   Decrease Java heap size (-Xmx/-Xms)
#   Decrease number of Java threads
#   Decrease Java thread stack sizes (-Xss)
#   Set larger code cache with -XX:ReservedCodeCacheSize=
# This output file may be truncated or incomplete.
#
#  Out of Memory Error (os_linux.cpp:2673), pid=21059, tid=140525368747776
#
# JRE version: Java(TM) SE Runtime Environment (8.0_45-b14) (build 1.8.0_45-b14)
# Java VM: Java HotSpot(TM) 64-Bit Server VM (25.45-b02 mixed mode linux-amd64 compressed oops)
# Failed to write core dump. Core dumps have been disabled. To enable core dumping, try "ulimit -c unlimited" before starting Java again
#

---------------  T H R E A D  ---------------

Current thread (0x00007fceac077800):  VMThread [stack: 0x00007fce9c9fa000,0x00007fce9cafb000] [id=21085]

Stack: [0x00007fce9c9fa000,0x00007fce9cafb000],  sp=0x00007fce9caf8f60,  free space=1019k
Native frames: (J=compiled Java code, j=interpreted, Vv=VM code, C=native code)
V  [libjvm.so+0xaac99a]  VMError::report_and_die()+0x2ba
V  [libjvm.so+0x4f333b]  report_vm_out_of_memory(char const*, int, unsigned long, VMErrorType, char const*)+0x8b
V  [libjvm.so+0x90e7c3]  os::Linux::commit_memory_impl(char*, unsigned long, bool)+0x103
V  [libjvm.so+0x90ed19]  os::pd_commit_memory(char*, unsigned long, unsigned long, bool)+0x29
V  [libjvm.so+0x90867a]  os::commit_memory(char*, unsigned long, unsigned long, bool)+0x2a
V  [libjvm.so+0x97bac3]  PSVirtualSpace::expand_by(unsigned long)+0x53
V  [libjvm.so+0x97cec8]  PSYoungGen::resize_generation(unsigned long, unsigned long)+0xf8
V  [libjvm.so+0x97c022]  PSYoungGen::resize(unsigned long, unsigned long)+0x22
V  [libjvm.so+0x9792fb]  PSScavenge::invoke_no_policy()+0xf7b
V  [libjvm.so+0x979a81]  PSScavenge::invoke()+0x41
V  [libjvm.so+0x932050]  ParallelScavengeHeap::failed_mem_allocate(unsigned long)+0x70
V  [libjvm.so+0xaae1d7]  VM_ParallelGCFailedAllocation::doit()+0x97
V  [libjvm.so+0xab59c5]  VM_Operation::evaluate()+0x55
V  [libjvm.so+0xab3d9a]  VMThread::evaluate_operation(VM_Operation*)+0xba
V  [libjvm.so+0xab411e]  VMThread::loop()+0x1ce
V  [libjvm.so+0xab4590]  VMThread::run()+0x70
V  [libjvm.so+0x910de8]  java_start(Thread*)+0x108

VM_Operation (0x00007fceb522ea70): ParallelGCFailedAllocation, mode: safepoint, requested by thread 0x00007fceac00a000


---------------  P R O C E S S  ---------------

Java Threads: ( => current thread )
  0x00007fceac0c2800 JavaThread "Service Thread" daemon [_thread_blocked, id=21111, stack(0x00007fce9c02a000,0x00007fce9c12b000)]
  0x00007fceac0bd000 JavaThread "C1 CompilerThread2" daemon [_thread_blocked, id=21108, stack(0x00007fce9c12b000,0x00007fce9c22c000)]
  0x00007fceac0bb800 JavaThread "C2 CompilerThread1" daemon [_thread_blocked, id=21103, stack(0x00007fce9c22c000,0x00007fce9c32d000)]
  0x00007fceac0b8800 JavaThread "C2 CompilerThread0" daemon [_thread_blocked, id=21099, stack(0x00007fce9c32d000,0x00007fce9c42e000)]
  0x00007fceac0b7000 JavaThread "Signal Dispatcher" daemon [_thread_blocked, id=21097, stack(0x00007fce9c42e000,0x00007fce9c52f000)]
  0x00007fceac07f000 JavaThread "Finalizer" daemon [_thread_blocked, id=21092, stack(0x00007fce9c7f8000,0x00007fce9c8f9000)]
  0x00007fceac07c800 JavaThread "Reference Handler" daemon [_thread_blocked, id=21087, stack(0x00007fce9c8f9000,0x00007fce9c9fa000)]
  0x00007fceac00a000 JavaThread "main" [_thread_blocked, id=21063, stack(0x00007fceb5130000,0x00007fceb5231000)]

Other Threads:
=>0x00007fceac077800 VMThread [stack: 0x00007fce9c9fa000,0x00007fce9cafb000] [id=21085]
  0x00007fceac0c5000 WatcherThread [stack: 0x00007fce95eff000,0x00007fce96000000] [id=21117]

VM state:at safepoint (normal execution)

VM Mutex/Monitor currently owned by a thread:  ([mutex/lock_event])
[0x00007fceac006350] Threads_lock - owner thread: 0x00007fceac077800
[0x00007fceac006850] Heap_lock - owner thread: 0x00007fceac00a000

Heap:
 PSYoungGen      total 34304K, used 2531K [0x00000000eab00000, 0x00000000ecf00000, 0x0000000100000000)
  eden space 31744K, 0% used [0x00000000eab00000,0x00000000eab00000,0x00000000eca00000)
  from space 2560K, 98% used [0x00000000eca00000,0x00000000ecc78c90,0x00000000ecc80000)
  to   space 2560K, 0% used [0x00000000ecc80000,0x00000000ecc80000,0x00000000ecf00000)
 ParOldGen       total 42496K, used 14572K [0x00000000c0000000, 0x00000000c2980000, 0x00000000eab00000)
  object space 42496K, 34% used [0x00000000c0000000,0x00000000c0e3b210,0x00000000c2980000)
 Metaspace       used 5824K, capacity 7088K, committed 7296K, reserved 1056768K
  class space    used 546K, capacity 616K, committed 640K, reserved 1048576K

Card table byte_map: [0x00007fceb1d0f000,0x00007fceb1f10000] byte_map_base: 0x00007fceb170f000

Marking Bits: (ParMarkBitMap*) 0x00007fceb460d760
 Begin Bits: [0x00007fce96000000, 0x00007fce97000000)
 End Bits:   [0x00007fce97000000, 0x00007fce98000000)

Polling page: 0x00007fceb5254000

CodeCache: size=245760Kb used=6731Kb max_used=6731Kb free=239028Kb
 bounds [0x00007fce9d000000, 0x00007fce9d6a0000, 0x00007fceac000000]
 total_blobs=1901 nmethods=1638 adapters=178
 compilation: enabled

Compilation events (10 events):
Event: 40.058 Thread 0x00007fceac0bd000 1675       2       com.android.dx.cf.direct.StdAttributeFactory::localVariableTable (98 bytes)
Event: 40.059 Thread 0x00007fceac0bd000 nmethod 1675 0x00007fce9d68fd90 code [0x00007fce9d68ffc0, 0x00007fce9d690758]
Event: 40.060 Thread 0x00007fceac0bd000 1676       2       com.android.dx.dex.file.ClassDefItem::addDirectMethod (9 bytes)
Event: 40.061 Thread 0x00007fceac0bd000 nmethod 1676 0x00007fce9d696810 code [0x00007fce9d6969a0, 0x00007fce9d696cd8]
Event: 40.061 Thread 0x00007fceac0bd000 1677       2       com.android.dx.dex.file.ClassDataItem::addDirectMethod (24 bytes)
Event: 40.062 Thread 0x00007fceac0bd000 nmethod 1677 0x00007fce9d696090 code [0x00007fce9d696220, 0x00007fce9d696578]
Event: 40.062 Thread 0x00007fceac0bd000 1678   !   2       com.android.dx.cf.direct.DirectClassFile$DcfTypeList::<init> (137 bytes)
Event: 40.064 Thread 0x00007fceac0bd000 nmethod 1678 0x00007fce9d693a50 code [0x00007fce9d693d20, 0x00007fce9d694b58]
Event: 40.064 Thread 0x00007fceac0bd000 1679       2       com.android.dx.cf.code.SwitchList::getTarget (9 bytes)
Event: 40.064 Thread 0x00007fceac0bd000 nmethod 1679 0x00007fce9d693690 code [0x00007fce9d693800, 0x00007fce9d693968]

GC Heap History (9 events):
Event: 37.390 GC heap before
{Heap before GC invocations=1 (full 0):
 PSYoungGen      total 18432K, used 15872K [0x00000000eab00000, 0x00000000ebf80000, 0x0000000100000000)
  eden space 15872K, 100% used [0x00000000eab00000,0x00000000eba80000,0x00000000eba80000)
  from space 2560K, 0% used [0x00000000ebd00000,0x00000000ebd00000,0x00000000ebf80000)
  to   space 2560K, 0% used [0x00000000eba80000,0x00000000eba80000,0x00000000ebd00000)
 ParOldGen       total 42496K, used 0K [0x00000000c0000000, 0x00000000c2980000, 0x00000000eab00000)
  object space 42496K, 0% used [0x00000000c0000000,0x00000000c0000000,0x00000000c2980000)
 Metaspace       used 5431K, capacity 6768K, committed 7040K, reserved 1056768K
  class space    used 543K, capacity 616K, committed 640K, reserved 1048576K
Event: 37.413 GC heap after
Heap after GC invocations=1 (full 0):
 PSYoungGen      total 18432K, used 2554K [0x00000000eab00000, 0x00000000ebf80000, 0x0000000100000000)
  eden space 15872K, 0% used [0x00000000eab00000,0x00000000eab00000,0x00000000eba80000)
  from space 2560K, 99% used [0x00000000eba80000,0x00000000ebcfeab8,0x00000000ebd00000)
  to   space 2560K, 0% used [0x00000000ebd00000,0x00000000ebd00000,0x00000000ebf80000)
 ParOldGen       total 42496K, used 1605K [0x00000000c0000000, 0x00000000c2980000, 0x00000000eab00000)
  object space 42496K, 3% used [0x00000000c0000000,0x00000000c0191678,0x00000000c2980000)
 Metaspace       used 5431K, capacity 6768K, committed 7040K, reserved 1056768K
  class space    used 543K, capacity 616K, committed 640K, reserved 1048576K
}
Event: 37.920 GC heap before
{Heap before GC invocations=2 (full 0):
 PSYoungGen      total 18432K, used 18426K [0x00000000eab00000, 0x00000000ebf80000, 0x0000000100000000)
  eden space 15872K, 100% used [0x00000000eab00000,0x00000000eba80000,0x00000000eba80000)
  from space 2560K, 99% used [0x00000000eba80000,0x00000000ebcfeab8,0x00000000ebd00000)
  to   space 2560K, 0% used [0x00000000ebd00000,0x00000000ebd00000,0x00000000ebf80000)
 ParOldGen       total 42496K, used 1605K [0x00000000c0000000, 0x00000000c2980000, 0x00000000eab00000)
  object space 42496K, 3% used [0x00000000c0000000,0x00000000c0191678,0x00000000c2980000)
 Metaspace       used 5666K, capacity 6960K, committed 7040K, reserved 1056768K
  class space    used 546K, capacity 616K, committed 640K, reserved 1048576K
Event: 37.940 GC heap after
Heap after GC invocations=2 (full 0):
 PSYoungGen      total 18432K, used 2551K [0x00000000eab00000, 0x00000000ecf00000, 0x0000000100000000)
  eden space 15872K, 0% used [0x00000000eab00000,0x00000000eab00000,0x00000000eba80000)
  from space 2560K, 99% used [0x00000000ebd00000,0x00000000ebf7dc78,0x00000000ebf80000)
  to   space 2560K, 0% used [0x00000000eba80000,0x00000000eba80000,0x00000000ebd00000)
 ParOldGen       total 42496K, used 4398K [0x00000000c0000000, 0x00000000c2980000, 0x00000000eab00000)
  object space 42496K, 10% used [0x00000000c0000000,0x00000000c044bb00,0x00000000c2980000)
 Metaspace       used 5666K, capacity 6960K, committed 7040K, reserved 1056768K
  class space    used 546K, capacity 616K, committed 640K, reserved 1048576K
}
Event: 38.458 GC heap before
{Heap before GC invocations=3 (full 0):
 PSYoungGen      total 18432K, used 18423K [0x00000000eab00000, 0x00000000ecf00000, 0x0000000100000000)
  eden space 15872K, 100% used [0x00000000eab00000,0x00000000eba80000,0x00000000eba80000)
  from space 2560K, 99% used [0x00000000ebd00000,0x00000000ebf7dc78,0x00000000ebf80000)
  to   space 2560K, 0% used [0x00000000eba80000,0x00000000eba80000,0x00000000ebd00000)
 ParOldGen       total 42496K, used 4398K [0x00000000c0000000, 0x00000000c2980000, 0x00000000eab00000)
  object space 42496K, 10% used [0x00000000c0000000,0x00000000c044bb00,0x00000000c2980000)
 Metaspace       used 5741K, capacity 7024K, committed 7296K, reserved 1056768K
  class space    used 546K, capacity 616K, committed 640K, reserved 1048576K
Event: 38.491 GC heap after
Heap after GC invocations=3 (full 0):
 PSYoungGen      total 18432K, used 2544K [0x00000000eab00000, 0x00000000ecf00000, 0x0000000100000000)
  eden space 15872K, 0% used [0x00000000eab00000,0x00000000eab00000,0x00000000eba80000)
  from space 2560K, 99% used [0x00000000eba80000,0x00000000ebcfc028,0x00000000ebd00000)
  to   space 2560K, 0% used [0x00000000ecc80000,0x00000000ecc80000,0x00000000ecf00000)
 ParOldGen       total 42496K, used 6927K [0x00000000c0000000, 0x00000000c2980000, 0x00000000eab00000)
  object space 42496K, 16% used [0x00000000c0000000,0x00000000c06c3c40,0x00000000c2980000)
 Metaspace       used 5741K, capacity 7024K, committed 7296K, reserved 1056768K
  class space    used 546K, capacity 616K, committed 640K, reserved 1048576K
}
Event: 38.854 GC heap before
{Heap before GC invocations=4 (full 0):
 PSYoungGen      total 18432K, used 18416K [0x00000000eab00000, 0x00000000ecf00000, 0x0000000100000000)
  eden space 15872K, 100% used [0x00000000eab00000,0x00000000eba80000,0x00000000eba80000)
  from space 2560K, 99% used [0x00000000eba80000,0x00000000ebcfc028,0x00000000ebd00000)
  to   space 2560K, 0% used [0x00000000ecc80000,0x00000000ecc80000,0x00000000ecf00000)
 ParOldGen       total 42496K, used 6927K [0x00000000c0000000, 0x00000000c2980000, 0x00000000eab00000)
  object space 42496K, 16% used [0x00000000c0000000,0x00000000c06c3c40,0x00000000c2980000)
 Metaspace       used 5793K, capacity 7024K, committed 7296K, reserved 1056768K
  class space    used 546K, capacity 616K, committed 640K, reserved 1048576K
Event: 38.946 GC heap after
Heap after GC invocations=4 (full 0):
 PSYoungGen      total 34304K, used 2528K [0x00000000eab00000, 0x00000000ecf00000, 0x0000000100000000)
  eden space 31744K, 0% used [0x00000000eab00000,0x00000000eab00000,0x00000000eca00000)
  from space 2560K, 98% used [0x00000000ecc80000,0x00000000ecef8010,0x00000000ecf00000)
  to   space 2560K, 0% used [0x00000000eca00000,0x00000000eca00000,0x00000000ecc80000)
 ParOldGen       total 42496K, used 9541K [0x00000000c0000000, 0x00000000c2980000, 0x00000000eab00000)
  object space 42496K, 22% used [0x00000000c0000000,0x00000000c09514d0,0x00000000c2980000)
 Metaspace       used 5793K, capacity 7024K, committed 7296K, reserved 1056768K
  class space    used 546K, capacity 616K, committed 640K, reserved 1048576K
}
Event: 40.088 GC heap before
{Heap before GC invocations=5 (full 0):
 PSYoungGen      total 34304K, used 34272K [0x00000000eab00000, 0x00000000ecf00000, 0x0000000100000000)
  eden space 31744K, 100% used [0x00000000eab00000,0x00000000eca00000,0x00000000eca00000)
  from space 2560K, 98% used [0x00000000ecc80000,0x00000000ecef8010,0x00000000ecf00000)
  to   space 2560K, 0% used [0x00000000eca00000,0x00000000eca00000,0x00000000ecc80000)
 ParOldGen       total 42496K, used 9541K [0x00000000c0000000, 0x00000000c2980000, 0x00000000eab00000)
  object space 42496K, 22% used [0x00000000c0000000,0x00000000c09514d0,0x00000000c2980000)
 Metaspace       used 5824K, capacity 7088K, committed 7296K, reserved 1056768K
  class space    used 546K, capacity 616K, committed 640K, reserved 1048576K

Deoptimization events (10 events):
Event: 38.169 Thread 0x00007fceac00a000 Uncommon trap: reason=unstable_if action=reinterpret pc=0x00007fce9d4d5d7c method=com.android.dx.ssa.SsaMethod.updateOneDefinition(Lcom/android/dx/ssa/SsaInsn;Lcom/android/dx/rop/code/RegisterSpec;)V @ 4
Event: 39.840 Thread 0x00007fceac00a000 Uncommon trap: reason=unstable_if action=reinterpret pc=0x00007fce9d641764 method=com.android.dx.ssa.LocalVariableExtractor.processBlock(I)V @ 235
Event: 39.848 Thread 0x00007fceac00a000 Uncommon trap: reason=unloaded action=reinterpret pc=0x00007fce9d501bdc method=com.android.dx.ssa.SsaRenamer$BlockRenamer.visitMoveInsn(Lcom/android/dx/ssa/NormalSsaInsn;)V @ 208
Event: 39.858 Thread 0x00007fceac00a000 Uncommon trap: reason=unstable_if action=reinterpret pc=0x00007fce9d61e16c method=com.android.dx.ssa.SsaRenamer$BlockRenamer.process()V @ 59
Event: 39.858 Thread 0x00007fceac00a000 Uncommon trap: reason=unstable_if action=reinterpret pc=0x00007fce9d382ef4 method=com.android.dx.ssa.NormalSsaInsn.getLocalAssignment()Lcom/android/dx/rop/code/RegisterSpec; @ 12
Event: 39.858 Thread 0x00007fceac00a000 Uncommon trap: reason=unstable_if action=reinterpret pc=0x00007fce9d35636c method=com.android.dx.ssa.NormalSsaInsn.getLocalAssignment()Lcom/android/dx/rop/code/RegisterSpec; @ 12
Event: 39.858 Thread 0x00007fceac00a000 Uncommon trap: reason=unstable_if action=reinterpret pc=0x00007fce9d342650 method=com.android.dx.ssa.NormalSsaInsn.getLocalAssignment()Lcom/android/dx/rop/code/RegisterSpec; @ 12
Event: 39.860 Thread 0x00007fceac00a000 Uncommon trap: reason=unstable_if action=reinterpret pc=0x00007fce9d616994 method=com.android.dx.ssa.NormalSsaInsn.getLocalAssignment()Lcom/android/dx/rop/code/RegisterSpec; @ 12
Event: 39.860 Thread 0x00007fceac00a000 Uncommon trap: reason=unstable_if action=reinterpret pc=0x00007fce9d6779f8 method=com.android.dx.rop.code.Insn.getLocalAssignment()Lcom/android/dx/rop/code/RegisterSpec; @ 9
Event: 39.929 Thread 0x00007fceac00a000 Uncommon trap: reason=unloaded action=reinterpret pc=0x00007fce9d4da500 method=com.android.dx.ssa.SsaRenamer$BlockRenamer.visitMoveInsn(Lcom/android/dx/ssa/NormalSsaInsn;)V @ 208

Internal exceptions (2 events):
Event: 0.269 Thread 0x00007fceac00a000 Exception <a 'java/lang/NoSuchMethodError': Method sun.misc.Unsafe.defineClass(Ljava/lang/String;[BII)Ljava/lang/Class; name or signature does not match> (0x00000000eab12a38) thrown at [/RE-WORK/workspace/8-2-build-linux-amd64/jdk8u45/3457/hotspot/src/sha
Event: 0.270 Thread 0x00007fceac00a000 Exception <a 'java/lang/NoSuchMethodError': Method sun.misc.Unsafe.prefetchRead(Ljava/lang/Object;J)V name or signature does not match> (0x00000000eab12cc8) thrown at [/RE-WORK/workspace/8-2-build-linux-amd64/jdk8u45/3457/hotspot/src/share/vm/prims/jni.cp

Events (10 events):
Event: 39.860 Thread 0x00007fceac00a000 Uncommon trap: trap_request=0xffffff65 fr.pc=0x00007fce9d616994
Event: 39.860 Thread 0x00007fceac00a000 DEOPT PACKING pc=0x00007fce9d616994 sp=0x00007fceb522eb50
Event: 39.860 Thread 0x00007fceac00a000 DEOPT UNPACKING pc=0x00007fce9d005229 sp=0x00007fceb522eae0 mode 2
Event: 39.860 Thread 0x00007fceac00a000 Uncommon trap: trap_request=0xffffff65 fr.pc=0x00007fce9d6779f8
Event: 39.860 Thread 0x00007fceac00a000 DEOPT PACKING pc=0x00007fce9d6779f8 sp=0x00007fceb522ee60
Event: 39.860 Thread 0x00007fceac00a000 DEOPT UNPACKING pc=0x00007fce9d005229 sp=0x00007fceb522edb0 mode 2
Event: 39.929 Thread 0x00007fceac00a000 Uncommon trap: trap_request=0x00000034 fr.pc=0x00007fce9d4da500
Event: 39.929 Thread 0x00007fceac00a000 DEOPT PACKING pc=0x00007fce9d4da500 sp=0x00007fceb522ea00
Event: 39.930 Thread 0x00007fceac00a000 DEOPT UNPACKING pc=0x00007fce9d005229 sp=0x00007fceb522e930 mode 2
Event: 40.076 Executing VM operation: ParallelGCFailedAllocation


Dynamic libraries:
00400000-00401000 r-xp 00000000 08:03 1572315                            /opt/java/jdk1.8.0_45/bin/java
00600000-00601000 rw-p 00000000 08:03 1572315                            /opt/java/jdk1.8.0_45/bin/java
021ea000-0220b000 rw-p 00000000 00:00 0                                  [heap]
c0000000-c2980000 rw-p 00000000 00:00 0 
c2980000-eab00000 ---p 00000000 00:00 0 
eab00000-ecf00000 rw-p 00000000 00:00 0 
ef800000-100000000 ---p 00000000 00:00 0 
100000000-1000a0000 rw-p 00000000 00:00 0 
1000a0000-140000000 ---p 00000000 00:00 0 
7fce60000000-7fce60021000 rw-p 00000000 00:00 0 
7fce60021000-7fce64000000 ---p 00000000 00:00 0 
7fce68000000-7fce689cf000 rw-p 00000000 00:00 0 
7fce689cf000-7fce6c000000 ---p 00000000 00:00 0 
7fce6c000000-7fce6c021000 rw-p 00000000 00:00 0 
7fce6c021000-7fce70000000 ---p 00000000 00:00 0 
7fce70000000-7fce70721000 rw-p 00000000 00:00 0 
7fce70721000-7fce74000000 ---p 00000000 00:00 0 
7fce74000000-7fce754ff000 rw-p 00000000 00:00 0 
7fce754ff000-7fce78000000 ---p 00000000 00:00 0 
7fce78000000-7fce78021000 rw-p 00000000 00:00 0 
7fce78021000-7fce7c000000 ---p 00000000 00:00 0 
7fce7c000000-7fce7c021000 rw-p 00000000 00:00 0 
7fce7c021000-7fce80000000 ---p 00000000 00:00 0 
7fce80000000-7fce8028a000 rw-p 00000000 00:00 0 
7fce8028a000-7fce84000000 ---p 00000000 00:00 0 
7fce84000000-7fce84021000 rw-p 00000000 00:00 0 
7fce84021000-7fce88000000 ---p 00000000 00:00 0 
7fce88000000-7fce88021000 rw-p 00000000 00:00 0 
7fce88021000-7fce8c000000 ---p 00000000 00:00 0 
7fce8c000000-7fce8c021000 rw-p 00000000 00:00 0 
7fce8c021000-7fce90000000 ---p 00000000 00:00 0 
7fce90000000-7fce90021000 rw-p 00000000 00:00 0 
7fce90021000-7fce94000000 ---p 00000000 00:00 0 
7fce95eff000-7fce95f00000 ---p 00000000 00:00 0 
7fce95f00000-7fce98000000 rw-p 00000000 00:00 0                          [stack:21117]
7fce98000000-7fce98021000 rw-p 00000000 00:00 0 
7fce98021000-7fce9c000000 ---p 00000000 00:00 0 
7fce9c02a000-7fce9c02d000 ---p 00000000 00:00 0 
7fce9c02d000-7fce9c12b000 rw-p 00000000 00:00 0                          [stack:21111]
7fce9c12b000-7fce9c12e000 ---p 00000000 00:00 0 
7fce9c12e000-7fce9c22c000 rw-p 00000000 00:00 0                          [stack:21108]
7fce9c22c000-7fce9c22f000 ---p 00000000 00:00 0 
7fce9c22f000-7fce9c32d000 rw-p 00000000 00:00 0                          [stack:21103]
7fce9c32d000-7fce9c330000 ---p 00000000 00:00 0 
7fce9c330000-7fce9c42e000 rw-p 00000000 00:00 0                          [stack:21099]
7fce9c42e000-7fce9c431000 ---p 00000000 00:00 0 
7fce9c431000-7fce9c52f000 rw-p 00000000 00:00 0                          [stack:21097]
7fce9c52f000-7fce9c7f8000 r--p 00000000 08:03 266989                     /usr/lib/locale/locale-archive
7fce9c7f8000-7fce9c7fb000 ---p 00000000 00:00 0 
7fce9c7fb000-7fce9c8f9000 rw-p 00000000 00:00 0                          [stack:21092]
7fce9c8f9000-7fce9c8fc000 ---p 00000000 00:00 0 
7fce9c8fc000-7fce9c9fa000 rw-p 00000000 00:00 0                          [stack:21087]
7fce9c9fa000-7fce9c9fb000 ---p 00000000 00:00 0 
7fce9c9fb000-7fce9d000000 rw-p 00000000 00:00 0                          [stack:21085]
7fce9d000000-7fce9d6a0000 rwxp 00000000 00:00 0 
7fce9d6a0000-7fceac000000 ---p 00000000 00:00 0 
7fceac000000-7fceac3a9000 rw-p 00000000 00:00 0 
7fceac3a9000-7fceb0000000 ---p 00000000 00:00 0 
7fceb009c000-7fceb00a8000 r--s 0005e000 00:19 11273350                   /home/mike/AndroidStudioProjects/Wordist/app/build/intermediates/exploded-aar/com.google.android.gms/play-services-drive/7.8.0/jars/classes.jar
7fceb00a8000-7fceb00b7000 r--s 000dd000 00:19 9438599                    /home/mike/Android/Sdk/build-tools/22.0.1/lib/dx.jar
7fceb00b7000-7fceb0b66000 rw-p 00000000 00:00 0 
7fceb0b66000-7fceb0d3f000 r--s 03d09000 08:03 1573810                    /opt/java/jdk1.8.0_45/jre/lib/rt.jar
7fceb0d3f000-7fceb1435000 rw-p 00000000 00:00 0 
7fceb1435000-7fceb15b5000 ---p 00000000 00:00 0 
7fceb15b5000-7fceb17b5000 rw-p 00000000 00:00 0 
7fceb17b5000-7fceb17b6000 ---p 00000000 00:00 0 
7fceb17b6000-7fceb18b6000 rw-p 00000000 00:00 0                          [stack:21078]
7fceb18b6000-7fceb18b7000 ---p 00000000 00:00 0 
7fceb18b7000-7fceb19b7000 rw-p 00000000 00:00 0                          [stack:21077]
7fceb19b7000-7fceb19b8000 ---p 00000000 00:00 0 
7fceb19b8000-7fceb1ab8000 rw-p 00000000 00:00 0                          [stack:21076]
7fceb1ab8000-7fceb1ab9000 ---p 00000000 00:00 0 
7fceb1ab9000-7fceb1bce000 rw-p 00000000 00:00 0                          [stack:21075]
7fceb1bce000-7fceb1d0f000 ---p 00000000 00:00 0 
7fceb1d0f000-7fceb1d24000 rw-p 00000000 00:00 0 
7fceb1d24000-7fceb1e64000 ---p 00000000 00:00 0 
7fceb1e64000-7fceb1e77000 rw-p 00000000 00:00 0 
7fceb1e77000-7fceb1f0f000 ---p 00000000 00:00 0 
7fceb1f0f000-7fceb1f2b000 rw-p 00000000 00:00 0 
7fceb1f2b000-7fceb22d0000 ---p 00000000 00:00 0 
7fceb22d0000-7fceb22ea000 r-xp 00000000 08:03 1574049                    /opt/java/jdk1.8.0_45/jre/lib/amd64/libzip.so
7fceb22ea000-7fceb24ea000 ---p 0001a000 08:03 1574049                    /opt/java/jdk1.8.0_45/jre/lib/amd64/libzip.so
7fceb24ea000-7fceb24eb000 rw-p 0001a000 08:03 1574049                    /opt/java/jdk1.8.0_45/jre/lib/amd64/libzip.so
7fceb24eb000-7fceb24f6000 r-xp 00000000 08:03 131807                     /lib/x86_64-linux-gnu/libnss_files-2.19.so
7fceb24f6000-7fceb26f5000 ---p 0000b000 08:03 131807                     /lib/x86_64-linux-gnu/libnss_files-2.19.so
7fceb26f5000-7fceb26f6000 r--p 0000a000 08:03 131807                     /lib/x86_64-linux-gnu/libnss_files-2.19.so
7fceb26f6000-7fceb26f7000 rw-p 0000b000 08:03 131807                     /lib/x86_64-linux-gnu/libnss_files-2.19.so
7fceb26f7000-7fceb2702000 r-xp 00000000 08:03 131871                     /lib/x86_64-linux-gnu/libnss_nis-2.19.so
7fceb2702000-7fceb2901000 ---p 0000b000 08:03 131871                     /lib/x86_64-linux-gnu/libnss_nis-2.19.so
7fceb2901000-7fceb2902000 r--p 0000a000 08:03 131871                     /lib/x86_64-linux-gnu/libnss_nis-2.19.so
7fceb2902000-7fceb2903000 rw-p 0000b000 08:03 131871                     /lib/x86_64-linux-gnu/libnss_nis-2.19.so
7fceb2903000-7fceb291a000 r-xp 00000000 08:03 131829                     /lib/x86_64-linux-gnu/libnsl-2.19.so
7fceb291a000-7fceb2b19000 ---p 00017000 08:03 131829                     /lib/x86_64-linux-gnu/libnsl-2.19.so
7fceb2b19000-7fceb2b1a000 r--p 00016000 08:03 131829                     /lib/x86_64-linux-gnu/libnsl-2.19.so
7fceb2b1a000-7fceb2b1b000 rw-p 00017000 08:03 131829                     /lib/x86_64-linux-gnu/libnsl-2.19.so
7fceb2b1b000-7fceb2b1d000 rw-p 00000000 00:00 0 
7fceb2b1d000-7fceb2b26000 r-xp 00000000 08:03 131828                     /lib/x86_64-linux-gnu/libnss_compat-2.19.so
7fceb2b26000-7fceb2d25000 ---p 00009000 08:03 131828                     /lib/x86_64-linux-gnu/libnss_compat-2.19.so
7fceb2d25000-7fceb2d26000 r--p 00008000 08:03 131828                     /lib/x86_64-linux-gnu/libnss_compat-2.19.so
7fceb2d26000-7fceb2d27000 rw-p 00009000 08:03 131828                     /lib/x86_64-linux-gnu/libnss_compat-2.19.so
7fceb2d27000-7fceb2d51000 r-xp 00000000 08:03 1574040                    /opt/java/jdk1.8.0_45/jre/lib/amd64/libjava.so
7fceb2d51000-7fceb2f51000 ---p 0002a000 08:03 1574040                    /opt/java/jdk1.8.0_45/jre/lib/amd64/libjava.so
7fceb2f51000-7fceb2f53000 rw-p 0002a000 08:03 1574040                    /opt/java/jdk1.8.0_45/jre/lib/amd64/libjava.so
7fceb2f53000-7fceb2f60000 r-xp 00000000 08:03 1574047                    /opt/java/jdk1.8.0_45/jre/lib/amd64/libverify.so
7fceb2f60000-7fceb3160000 ---p 0000d000 08:03 1574047                    /opt/java/jdk1.8.0_45/jre/lib/amd64/libverify.so
7fceb3160000-7fceb3162000 rw-p 0000d000 08:03 1574047                    /opt/java/jdk1.8.0_45/jre/lib/amd64/libverify.so
7fceb3162000-7fceb3169000 r-xp 00000000 08:03 131868                     /lib/x86_64-linux-gnu/librt-2.19.so
7fceb3169000-7fceb3368000 ---p 00007000 08:03 131868                     /lib/x86_64-linux-gnu/librt-2.19.so
7fceb3368000-7fceb3369000 r--p 00006000 08:03 131868                     /lib/x86_64-linux-gnu/librt-2.19.so
7fceb3369000-7fceb336a000 rw-p 00007000 08:03 131868                     /lib/x86_64-linux-gnu/librt-2.19.so
7fceb336a000-7fceb346f000 r-xp 00000000 08:03 131806                     /lib/x86_64-linux-gnu/libm-2.19.so
7fceb346f000-7fceb366e000 ---p 00105000 08:03 131806                     /lib/x86_64-linux-gnu/libm-2.19.so
7fceb366e000-7fceb366f000 r--p 00104000 08:03 131806                     /lib/x86_64-linux-gnu/libm-2.19.so
7fceb366f000-7fceb3670000 rw-p 00105000 08:03 131806                     /lib/x86_64-linux-gnu/libm-2.19.so
7fceb3670000-7fceb431e000 r-xp 00000000 08:03 1574060                    /opt/java/jdk1.8.0_45/jre/lib/amd64/server/libjvm.so
7fceb431e000-7fceb451d000 ---p 00cae000 08:03 1574060                    /opt/java/jdk1.8.0_45/jre/lib/amd64/server/libjvm.so
7fceb451d000-7fceb45f4000 rw-p 00cad000 08:03 1574060                    /opt/java/jdk1.8.0_45/jre/lib/amd64/server/libjvm.so
7fceb45f4000-7fceb4638000 rw-p 00000000 00:00 0 
7fceb4638000-7fceb47f3000 r-xp 00000000 08:03 131857                     /lib/x86_64-linux-gnu/libc-2.19.so
7fceb47f3000-7fceb49f2000 ---p 001bb000 08:03 131857                     /lib/x86_64-linux-gnu/libc-2.19.so
7fceb49f2000-7fceb49f6000 r--p 001ba000 08:03 131857                     /lib/x86_64-linux-gnu/libc-2.19.so
7fceb49f6000-7fceb49f8000 rw-p 001be000 08:03 131857                     /lib/x86_64-linux-gnu/libc-2.19.so
7fceb49f8000-7fceb49fd000 rw-p 00000000 00:00 0 
7fceb49fd000-7fceb4a00000 r-xp 00000000 08:03 131810                     /lib/x86_64-linux-gnu/libdl-2.19.so
7fceb4a00000-7fceb4bff000 ---p 00003000 08:03 131810                     /lib/x86_64-linux-gnu/libdl-2.19.so
7fceb4bff000-7fceb4c00000 r--p 00002000 08:03 131810                     /lib/x86_64-linux-gnu/libdl-2.19.so
7fceb4c00000-7fceb4c01000 rw-p 00003000 08:03 131810                     /lib/x86_64-linux-gnu/libdl-2.19.so
7fceb4c01000-7fceb4c16000 r-xp 00000000 08:03 1573749                    /opt/java/jdk1.8.0_45/lib/amd64/jli/libjli.so
7fceb4c16000-7fceb4e16000 ---p 00015000 08:03 1573749                    /opt/java/jdk1.8.0_45/lib/amd64/jli/libjli.so
7fceb4e16000-7fceb4e17000 rw-p 00015000 08:03 1573749                    /opt/java/jdk1.8.0_45/lib/amd64/jli/libjli.so
7fceb4e17000-7fceb4e30000 r-xp 00000000 08:03 131858                     /lib/x86_64-linux-gnu/libpthread-2.19.so
7fceb4e30000-7fceb502f000 ---p 00019000 08:03 131858                     /lib/x86_64-linux-gnu/libpthread-2.19.so
7fceb502f000-7fceb5030000 r--p 00018000 08:03 131858                     /lib/x86_64-linux-gnu/libpthread-2.19.so
7fceb5030000-7fceb5031000 rw-p 00019000 08:03 131858                     /lib/x86_64-linux-gnu/libpthread-2.19.so
7fceb5031000-7fceb5035000 rw-p 00000000 00:00 0 
7fceb5035000-7fceb5058000 r-xp 00000000 08:03 131833                     /lib/x86_64-linux-gnu/ld-2.19.so
7fceb505e000-7fceb5130000 rw-p 00000000 00:00 0 
7fceb5130000-7fceb5133000 ---p 00000000 00:00 0 
7fceb5133000-7fceb5236000 rw-p 00000000 00:00 0                          [stack:21063]
7fceb5236000-7fceb5237000 r--p 00000000 08:03 672594                     /usr/share/locale-langpack/en_GB/LC_MESSAGES/libc.mo
7fceb5237000-7fceb524b000 rw-p 00000000 00:00 0 
7fceb524b000-7fceb5253000 rw-s 00000000 08:03 1574115                    /tmp/hsperfdata_mike/21059
7fceb5253000-7fceb5254000 rw-p 00000000 00:00 0 
7fceb5254000-7fceb5255000 ---p 00000000 00:00 0 
7fceb5255000-7fceb5257000 rw-p 00000000 00:00 0 
7fceb5257000-7fceb5258000 r--p 00022000 08:03 131833                     /lib/x86_64-linux-gnu/ld-2.19.so
7fceb5258000-7fceb5259000 rw-p 00023000 08:03 131833                     /lib/x86_64-linux-gnu/ld-2.19.so
7fceb5259000-7fceb525a000 rw-p 00000000 00:00 0 
7fff30359000-7fff3037a000 rw-p 00000000 00:00 0                          [stack]
7fff30397000-7fff30399000 r-xp 00000000 00:00 0                          [vdso]
ffffffffff600000-ffffffffff601000 r-xp 00000000 00:00 0                  [vsyscall]

VM Arguments:
jvm_args: -Xmx1024M -Dfile.encoding=UTF-8 -Duser.country=GB -Duser.language=en -Duser.variant 
java_command: com.android.dx.command.Main --dex --output /home/mike/AndroidStudioProjects/Wordist/app/build/intermediates/pre-dexed/release/classes-4890ffed77ac15457f8bc2a48904e46764cd52c7.jar /home/mike/AndroidStudioProjects/Wordist/app/build/intermediates/exploded-aar/com.google.android.gms/play-services-drive/7.8.0/jars/classes.jar
java_class_path (initial): /home/mike/Android/Sdk/build-tools/22.0.1/lib/dx.jar
Launcher Type: SUN_STANDARD

Environment Variables:
PATH=/usr/local/sbin:/usr/local/bin:/usr/sbin:/usr/bin:/sbin:/bin:/usr/games:/usr/local/games
USERNAME=mike
LD_LIBRARY_PATH=/opt/android-studio/bin:
SHELL=/bin/bash
DISPLAY=:0

Signal Handlers:
SIGSEGV: [libjvm.so+0xaad1e0], sa_mask[0]=11111111011111111101111111111110, sa_flags=SA_RESTART|SA_SIGINFO
SIGBUS: [libjvm.so+0xaad1e0], sa_mask[0]=11111111011111111101111111111110, sa_flags=SA_RESTART|SA_SIGINFO
SIGFPE: [libjvm.so+0x90b450], sa_mask[0]=11111111011111111101111111111110, sa_flags=SA_RESTART|SA_SIGINFO
SIGPIPE: [libjvm.so+0x90b450], sa_mask[0]=11111111011111111101111111111110, sa_flags=SA_RESTART|SA_SIGINFO
SIGXFSZ: [libjvm.so+0x90b450], sa_mask[0]=11111111011111111101111111111110, sa_flags=SA_RESTART|SA_SIGINFO
SIGILL: [libjvm.so+0x90b450], sa_mask[0]=11111111011111111101111111111110, sa_flags=SA_RESTART|SA_SIGINFO
SIGUSR1: SIG_DFL, sa_mask[0]=00000000000000000000000000000000, sa_flags=none
SIGUSR2: [libjvm.so+0x90ca90], sa_mask[0]=00100000000000000000000000000000, sa_flags=SA_RESTART|SA_SIGINFO
SIGHUP: [libjvm.so+0x90dde0], sa_mask[0]=11111111011111111101111111111110, sa_flags=SA_RESTART|SA_SIGINFO
SIGINT: [libjvm.so+0x90dde0], sa_mask[0]=11111111011111111101111111111110, sa_flags=SA_RESTART|SA_SIGINFO
SIGTERM: [libjvm.so+0x90dde0], sa_mask[0]=11111111011111111101111111111110, sa_flags=SA_RESTART|SA_SIGINFO
SIGQUIT: [libjvm.so+0x90dde0], sa_mask[0]=11111111011111111101111111111110, sa_flags=SA_RESTART|SA_SIGINFO


---------------  S Y S T E M  ---------------

OS:DISTRIB_ID=LinuxMint
DISTRIB_RELEASE=17.2
DISTRIB_CODENAME=rafaela
DISTRIB_DESCRIPTION="Linux Mint 17.2 Rafaela"

uname:Linux 3.13.0-37-generic #64-Ubuntu SMP Mon Sep 22 21:28:38 UTC 2014 x86_64
libc:glibc 2.19 NPTL 2.19 
rlimit: STACK 8192k, CORE 0k, NPROC 30882, NOFILE 4096, AS infinity
load average:18.88 7.28 3.87

/proc/meminfo:
MemTotal:        4048044 kB
MemFree:           92552 kB
Buffers:             352 kB
Cached:            60252 kB
SwapCached:            0 kB
Active:          3521476 kB
Inactive:          58100 kB
Active(anon):    3521064 kB
Inactive(anon):    50684 kB
Active(file):        412 kB
Inactive(file):     7416 kB
Unevictable:          88 kB
Mlocked:              88 kB
SwapTotal:             0 kB
SwapFree:              0 kB
Dirty:                84 kB
Writeback:             0 kB
AnonPages:       3518872 kB
Mapped:           176772 kB
Shmem:             52964 kB
Slab:              76528 kB
SReclaimable:      23724 kB
SUnreclaim:        52804 kB
KernelStack:        5176 kB
PageTables:        32880 kB
NFS_Unstable:          0 kB
Bounce:                0 kB
WritebackTmp:          0 kB
CommitLimit:     2024020 kB
Committed_AS:    6191792 kB
VmallocTotal:   34359738367 kB
VmallocUsed:      305644 kB
VmallocChunk:   34359429988 kB
HardwareCorrupted:     0 kB
AnonHugePages:   1542144 kB
HugePages_Total:       0
HugePages_Free:        0
HugePages_Rsvd:        0
HugePages_Surp:        0
Hugepagesize:       2048 kB
DirectMap4k:      185920 kB
DirectMap2M:     2959360 kB
DirectMap1G:     1048576 kB


CPU:total 4 (4 cores per cpu, 1 threads per core) family 16 model 4 stepping 2, cmov, cx8, fxsr, mmx, sse, sse2, sse3, popcnt, mmxext, 3dnowpref, lzcnt, sse4a, tsc, tscinvbit, tscinv

/proc/cpuinfo:
processor	: 0
vendor_id	: AuthenticAMD
cpu family	: 16
model		: 4
model name	: AMD Phenom(tm) II X4 955 Processor
stepping	: 2
microcode	: 0x1000086
cpu MHz		: 3200.000
cache size	: 512 KB
physical id	: 0
siblings	: 4
core id		: 0
cpu cores	: 4
apicid		: 0
initial apicid	: 0
fpu		: yes
fpu_exception	: yes
cpuid level	: 5
wp		: yes
flags		: fpu vme de pse tsc msr pae mce cx8 apic sep mtrr pge mca cmov pat pse36 clflush mmx fxsr sse sse2 ht syscall nx mmxext fxsr_opt pdpe1gb rdtscp lm 3dnowext 3dnow constant_tsc rep_good nopl nonstop_tsc extd_apicid pni monitor cx16 popcnt lahf_lm cmp_legacy svm extapic cr8_legacy abm sse4a misalignsse 3dnowprefetch osvw ibs skinit wdt hw_pstate npt lbrv svm_lock nrip_save
bogomips	: 6399.91
TLB size	: 1024 4K pages
clflush size	: 64
cache_alignment	: 64
address sizes	: 48 bits physical, 48 bits virtual
power management: ts ttp tm stc 100mhzsteps hwpstate

processor	: 1
vendor_id	: AuthenticAMD
cpu family	: 16
model		: 4
model name	: AMD Phenom(tm) II X4 955 Processor
stepping	: 2
microcode	: 0x1000086
cpu MHz		: 2100.000
cache size	: 512 KB
physical id	: 0
siblings	: 4
core id		: 1
cpu cores	: 4
apicid		: 1
initial apicid	: 1
fpu		: yes
fpu_exception	: yes
cpuid level	: 5
wp		: yes
flags		: fpu vme de pse tsc msr pae mce cx8 apic sep mtrr pge mca cmov pat pse36 clflush mmx fxsr sse sse2 ht syscall nx mmxext fxsr_opt pdpe1gb rdtscp lm 3dnowext 3dnow constant_tsc rep_good nopl nonstop_tsc extd_apicid pni monitor cx16 popcnt lahf_lm cmp_legacy svm extapic cr8_legacy abm sse4a misalignsse 3dnowprefetch osvw ibs skinit wdt hw_pstate npt lbrv svm_lock nrip_save
bogomips	: 6399.91
TLB size	: 1024 4K pages
clflush size	: 64
cache_alignment	: 64
address sizes	: 48 bits physical, 48 bits virtual
power management: ts ttp tm stc 100mhzsteps hwpstate

processor	: 2
vendor_id	: AuthenticAMD
cpu family	: 16
model		: 4
model name	: AMD Phenom(tm) II X4 955 Processor
stepping	: 2
microcode	: 0x1000086
cpu MHz		: 800.000
cache size	: 512 KB
physical id	: 0
siblings	: 4
core id		: 2
cpu cores	: 4
apicid		: 2
initial apicid	: 2
fpu		: yes
fpu_exception	: yes
cpuid level	: 5
wp		: yes
flags		: fpu vme de pse tsc msr pae mce cx8 apic sep mtrr pge mca cmov pat pse36 clflush mmx fxsr sse sse2 ht syscall nx mmxext fxsr_opt pdpe1gb rdtscp lm 3dnowext 3dnow constant_tsc rep_good nopl nonstop_tsc extd_apicid pni monitor cx16 popcnt lahf_lm cmp_legacy svm extapic cr8_legacy abm sse4a misalignsse 3dnowprefetch osvw ibs skinit wdt hw_pstate npt lbrv svm_lock nrip_save
bogomips	: 6399.91
TLB size	: 1024 4K pages
clflush size	: 64
cache_alignment	: 64
address sizes	: 48 bits physical, 48 bits virtual
power management: ts ttp tm stc 100mhzsteps hwpstate

processor	: 3
vendor_id	: AuthenticAMD
cpu family	: 16
model		: 4
model name	: AMD Phenom(tm) II X4 955 Processor
stepping	: 2
microcode	: 0x1000086
cpu MHz		: 800.000
cache size	: 512 KB
physical id	: 0
siblings	: 4
core id		: 3
cpu cores	: 4
apicid		: 3
initial apicid	: 3
fpu		: yes
fpu_exception	: yes
cpuid level	: 5
wp		: yes
flags		: fpu vme de pse tsc msr pae mce cx8 apic sep mtrr pge mca cmov pat pse36 clflush mmx fxsr sse sse2 ht syscall nx mmxext fxsr_opt pdpe1gb rdtscp lm 3dnowext 3dnow constant_tsc rep_good nopl nonstop_tsc extd_apicid pni monitor cx16 popcnt lahf_lm cmp_legacy svm extapic cr8_legacy abm sse4a misalignsse 3dnowprefetch osvw ibs skinit wdt hw_pstate npt lbrv svm_lock nrip_save
bogomips	: 6399.91
TLB size	: 1024 4K pages
clflush size	: 64
cache_alignment	: 64
address sizes	: 48 bits physical, 48 bits virtual
power management: ts ttp tm stc 100mhzsteps hwpstate



Memory: 4k page, physical 4048044k(92304k free), swap 0k(0k free)

vm_info: Java HotSpot(TM) 64-Bit Server VM (25.45-b02) for linux-amd64 JRE (1.8.0_45-b14), built on Apr 10 2015 10:07:45 by "java_re" with gcc 4.3.0 20080428 (Red Hat 4.3.0-8)

time: Fri Aug 21 22:14:39 2015
elapsed time: 43 seconds (0d 0h 0m 43s)

