#
# There is insufficient memory for the Java Runtime Environment to continue.
# Native memory allocation (mmap) failed to map 48758784 bytes for committing reserved memory.
# Possible reasons:
#   The system is out of physical RAM or swap space
#   In 32 bit mode, the process size limit was hit
# Possible solutions:
#   Reduce memory load on the system
#   Increase physical memory or swap space
#   Check if swap backing store is full
#   Use 64 bit Java on a 64 bit OS
#   Decrease Java heap size (-Xmx/-Xms)
#   Decrease number of Java threads
#   Decrease Java thread stack sizes (-Xss)
#   Set larger code cache with -XX:ReservedCodeCacheSize=
# This output file may be truncated or incomplete.
#
#  Out of Memory Error (os_linux.cpp:2673), pid=15170, tid=140717085153024
#
# JRE version: Java(TM) SE Runtime Environment (8.0_45-b14) (build 1.8.0_45-b14)
# Java VM: Java HotSpot(TM) 64-Bit Server VM (25.45-b02 mixed mode linux-amd64 compressed oops)
# Failed to write core dump. Core dumps have been disabled. To enable core dumping, try "ulimit -c unlimited" before starting Java again
#

---------------  T H R E A D  ---------------

Current thread (0x00007ffb60077800):  VMThread [stack: 0x00007ffb3fcfd000,0x00007ffb3fdfe000] [id=15210]

Stack: [0x00007ffb3fcfd000,0x00007ffb3fdfe000],  sp=0x00007ffb3fdfc060,  free space=1020k
Native frames: (J=compiled Java code, j=interpreted, Vv=VM code, C=native code)
V  [libjvm.so+0xaac99a]  VMError::report_and_die()+0x2ba
V  [libjvm.so+0x4f333b]  report_vm_out_of_memory(char const*, int, unsigned long, VMErrorType, char const*)+0x8b
V  [libjvm.so+0x90e7c3]  os::Linux::commit_memory_impl(char*, unsigned long, bool)+0x103
V  [libjvm.so+0x90ed19]  os::pd_commit_memory(char*, unsigned long, unsigned long, bool)+0x29
V  [libjvm.so+0x90867a]  os::commit_memory(char*, unsigned long, unsigned long, bool)+0x2a
V  [libjvm.so+0x97bac3]  PSVirtualSpace::expand_by(unsigned long)+0x53
V  [libjvm.so+0x96c320]  PSOldGen::expand(unsigned long)+0x170
V  [libjvm.so+0x96c52b]  PSOldGen::resize(unsigned long)+0x1cb
V  [libjvm.so+0x974241]  PSParallelCompact::invoke_no_policy(bool)+0x9d1
V  [libjvm.so+0x979bed]  PSScavenge::invoke()+0x1ad
V  [libjvm.so+0x932050]  ParallelScavengeHeap::failed_mem_allocate(unsigned long)+0x70
V  [libjvm.so+0xaae1d7]  VM_ParallelGCFailedAllocation::doit()+0x97
V  [libjvm.so+0xab59c5]  VM_Operation::evaluate()+0x55
V  [libjvm.so+0xab3d9a]  VMThread::evaluate_operation(VM_Operation*)+0xba
V  [libjvm.so+0xab411e]  VMThread::loop()+0x1ce
V  [libjvm.so+0xab4590]  VMThread::run()+0x70
V  [libjvm.so+0x910de8]  java_start(Thread*)+0x108

VM_Operation (0x00007ffb66540a60): ParallelGCFailedAllocation, mode: safepoint, requested by thread 0x00007ffb6000a000


---------------  P R O C E S S  ---------------

Java Threads: ( => current thread )
  0x00007ffb600c2000 JavaThread "Service Thread" daemon [_thread_blocked, id=15239, stack(0x00007ffb3f32d000,0x00007ffb3f42e000)]
  0x00007ffb600bd000 JavaThread "C1 CompilerThread2" daemon [_thread_blocked, id=15238, stack(0x00007ffb3f42e000,0x00007ffb3f52f000)]
  0x00007ffb600bb800 JavaThread "C2 CompilerThread1" daemon [_thread_blocked, id=15237, stack(0x00007ffb3f52f000,0x00007ffb3f630000)]
  0x00007ffb600b8800 JavaThread "C2 CompilerThread0" daemon [_thread_blocked, id=15236, stack(0x00007ffb3f630000,0x00007ffb3f731000)]
  0x00007ffb600b7000 JavaThread "Signal Dispatcher" daemon [_thread_blocked, id=15235, stack(0x00007ffb3f731000,0x00007ffb3f832000)]
  0x00007ffb6007f000 JavaThread "Finalizer" daemon [_thread_blocked, id=15215, stack(0x00007ffb3fafb000,0x00007ffb3fbfc000)]
  0x00007ffb6007c800 JavaThread "Reference Handler" daemon [_thread_blocked, id=15213, stack(0x00007ffb3fbfc000,0x00007ffb3fcfd000)]
  0x00007ffb6000a000 JavaThread "main" [_thread_blocked, id=15171, stack(0x00007ffb66442000,0x00007ffb66543000)]

Other Threads:
=>0x00007ffb60077800 VMThread [stack: 0x00007ffb3fcfd000,0x00007ffb3fdfe000] [id=15210]
  0x00007ffb600c4800 WatcherThread [stack: 0x00007ffb3f22c000,0x00007ffb3f32d000] [id=15240]

VM state:at safepoint (normal execution)

VM Mutex/Monitor currently owned by a thread:  ([mutex/lock_event])
[0x00007ffb60005cd0] ExpandHeap_lock - owner thread: 0x00007ffb60077800
[0x00007ffb60006350] Threads_lock - owner thread: 0x00007ffb60077800
[0x00007ffb60006850] Heap_lock - owner thread: 0x00007ffb6000a000

Heap:
 PSYoungGen      total 276992K, used 0K [0x00000000eab00000, 0x0000000100000000, 0x0000000100000000)
  eden space 214528K, 0% used [0x00000000eab00000,0x00000000eab00000,0x00000000f7c80000)
  from space 62464K, 0% used [0x00000000f7c80000,0x00000000f7c80000,0x00000000fb980000)
  to   space 72192K, 0% used [0x00000000fb980000,0x00000000fb980000,0x0000000100000000)
 ParOldGen       total 179200K, used 139755K [0x00000000c0000000, 0x00000000caf00000, 0x00000000eab00000)
  object space 179200K, 77% used [0x00000000c0000000,0x00000000c887ac90,0x00000000caf00000)
 Metaspace       used 6038K, capacity 7152K, committed 7296K, reserved 1056768K
  class space    used 566K, capacity 616K, committed 640K, reserved 1048576K

Card table byte_map: [0x00007ffb4ffe8000,0x00007ffb501e9000] byte_map_base: 0x00007ffb4f9e8000

Marking Bits: (ParMarkBitMap*) 0x00007ffb6591f760
 Begin Bits: [0x00007ffb4da8e000, 0x00007ffb4ea8e000)
 End Bits:   [0x00007ffb4ea8e000, 0x00007ffb4fa8e000)

Polling page: 0x00007ffb66566000

CodeCache: size=245760Kb used=9771Kb max_used=9783Kb free=235988Kb
 bounds [0x00007ffb505a9000, 0x00007ffb50f49000, 0x00007ffb5f5a9000]
 total_blobs=2227 nmethods=1964 adapters=178
 compilation: enabled

Compilation events (10 events):
Event: 24.571 Thread 0x00007ffb600b8800 nmethod 1813 0x00007ffb50eb8a10 code [0x00007ffb50eb8b80, 0x00007ffb50eb8ff8]
Event: 24.571 Thread 0x00007ffb600b8800 1940       4       com.android.dx.cf.code.Frame::copy (26 bytes)
Event: 24.583 Thread 0x00007ffb600b8800 nmethod 1940 0x00007ffb50ed3d10 code [0x00007ffb50ed3ee0, 0x00007ffb50ed47b8]
Event: 24.583 Thread 0x00007ffb600b8800 1941       4       com.android.dx.cf.code.RopperMachine::hasRet (13 bytes)
Event: 24.584 Thread 0x00007ffb600b8800 nmethod 1941 0x00007ffb50e8f890 code [0x00007ffb50e8f9e0, 0x00007ffb50e8fa58]
Event: 24.584 Thread 0x00007ffb600b8800 1632       4       com.android.dx.dex.code.CodeAddress::<init> (11 bytes)
Event: 24.584 Thread 0x00007ffb600b8800 nmethod 1632 0x00007ffb50ed3a50 code [0x00007ffb50ed3ba0, 0x00007ffb50ed3c58]
Event: 24.584 Thread 0x00007ffb600b8800 1761       4       com.android.dx.cf.code.ByteOps::opInfo (6 bytes)
Event: 24.590 Thread 0x00007ffb600b8800 nmethod 1761 0x00007ffb50eb7990 code [0x00007ffb50eb7ae0, 0x00007ffb50eb7b58]
Event: 24.740 Thread 0x00007ffb600b8800 2058 % !   4       com.android.dx.cf.code.Ropper::doit @ 21 (126 bytes)

GC Heap History (10 events):
Event: 15.973 GC heap after
Heap after GC invocations=10 (full 1):
 PSYoungGen      total 261120K, used 40421K [0x00000000eab00000, 0x00000000fe680000, 0x0000000100000000)
  eden space 220672K, 0% used [0x00000000eab00000,0x00000000eab00000,0x00000000f8280000)
  from space 40448K, 99% used [0x00000000f9200000,0x00000000fb979428,0x00000000fb980000)
  to   space 46080K, 0% used [0x00000000fb980000,0x00000000fb980000,0x00000000fe680000)
 ParOldGen       total 121344K, used 75187K [0x00000000c0000000, 0x00000000c7680000, 0x00000000eab00000)
  object space 121344K, 61% used [0x00000000c0000000,0x00000000c496ced8,0x00000000c7680000)
 Metaspace       used 6038K, capacity 7152K, committed 7296K, reserved 1056768K
  class space    used 566K, capacity 616K, committed 640K, reserved 1048576K
}
Event: 18.095 GC heap before
{Heap before GC invocations=11 (full 1):
 PSYoungGen      total 261120K, used 261093K [0x00000000eab00000, 0x00000000fe680000, 0x0000000100000000)
  eden space 220672K, 100% used [0x00000000eab00000,0x00000000f8280000,0x00000000f8280000)
  from space 40448K, 99% used [0x00000000f9200000,0x00000000fb979428,0x00000000fb980000)
  to   space 46080K, 0% used [0x00000000fb980000,0x00000000fb980000,0x00000000fe680000)
 ParOldGen       total 121344K, used 75187K [0x00000000c0000000, 0x00000000c7680000, 0x00000000eab00000)
  object space 121344K, 61% used [0x00000000c0000000,0x00000000c496ced8,0x00000000c7680000)
 Metaspace       used 6038K, capacity 7152K, committed 7296K, reserved 1056768K
  class space    used 566K, capacity 616K, committed 640K, reserved 1048576K
Event: 18.502 GC heap after
Heap after GC invocations=11 (full 1):
 PSYoungGen      total 261120K, used 261093K [0x00000000eab00000, 0x00000000fe680000, 0x0000000100000000)
  eden space 220672K, 100% used [0x00000000eab00000,0x00000000f8280000,0x00000000f8280000)
  from space 40448K, 99% used [0x00000000f9200000,0x00000000fb979428,0x00000000fb980000)
  to   space 46080K, 99% used [0x00000000fb980000,0x00000000fe67a778,0x00000000fe680000)
 ParOldGen       total 153600K, used 152515K [0x00000000c0000000, 0x00000000c9600000, 0x00000000eab00000)
  object space 153600K, 99% used [0x00000000c0000000,0x00000000c94f0f88,0x00000000c9600000)
 Metaspace       used 6038K, capacity 7152K, committed 7296K, reserved 1056768K
  class space    used 566K, capacity 616K, committed 640K, reserved 1048576K
}
Event: 18.502 GC heap before
{Heap before GC invocations=12 (full 2):
 PSYoungGen      total 261120K, used 261093K [0x00000000eab00000, 0x00000000fe680000, 0x0000000100000000)
  eden space 220672K, 100% used [0x00000000eab00000,0x00000000f8280000,0x00000000f8280000)
  from space 40448K, 99% used [0x00000000f9200000,0x00000000fb979428,0x00000000fb980000)
  to   space 46080K, 99% used [0x00000000fb980000,0x00000000fe67a778,0x00000000fe680000)
 ParOldGen       total 153600K, used 152515K [0x00000000c0000000, 0x00000000c9600000, 0x00000000eab00000)
  object space 153600K, 99% used [0x00000000c0000000,0x00000000c94f0f88,0x00000000c9600000)
 Metaspace       used 6038K, capacity 7152K, committed 7296K, reserved 1056768K
  class space    used 566K, capacity 616K, committed 640K, reserved 1048576K
Event: 19.399 GC heap after
Heap after GC invocations=12 (full 2):
 PSYoungGen      total 261120K, used 0K [0x00000000eab00000, 0x00000000fe680000, 0x0000000100000000)
  eden space 220672K, 0% used [0x00000000eab00000,0x00000000eab00000,0x00000000f8280000)
  from space 40448K, 0% used [0x00000000f9200000,0x00000000f9200000,0x00000000fb980000)
  to   space 46080K, 0% used [0x00000000fb980000,0x00000000fb980000,0x00000000fe680000)
 ParOldGen       total 179200K, used 114188K [0x00000000c0000000, 0x00000000caf00000, 0x00000000eab00000)
  object space 179200K, 63% used [0x00000000c0000000,0x00000000c6f83010,0x00000000caf00000)
 Metaspace       used 6038K, capacity 7152K, committed 7296K, reserved 1056768K
  class space    used 566K, capacity 616K, committed 640K, reserved 1048576K
}
Event: 21.801 GC heap before
{Heap before GC invocations=13 (full 2):
 PSYoungGen      total 261120K, used 220672K [0x00000000eab00000, 0x00000000fe680000, 0x0000000100000000)
  eden space 220672K, 100% used [0x00000000eab00000,0x00000000f8280000,0x00000000f8280000)
  from space 40448K, 0% used [0x00000000f9200000,0x00000000f9200000,0x00000000fb980000)
  to   space 46080K, 0% used [0x00000000fb980000,0x00000000fb980000,0x00000000fe680000)
 ParOldGen       total 179200K, used 114188K [0x00000000c0000000, 0x00000000caf00000, 0x00000000eab00000)
  object space 179200K, 63% used [0x00000000c0000000,0x00000000c6f83010,0x00000000caf00000)
 Metaspace       used 6038K, capacity 7152K, committed 7296K, reserved 1056768K
  class space    used 566K, capacity 616K, committed 640K, reserved 1048576K
Event: 21.941 GC heap after
Heap after GC invocations=13 (full 2):
 PSYoungGen      total 260608K, used 46057K [0x00000000eab00000, 0x0000000100000000, 0x0000000100000000)
  eden space 214528K, 0% used [0x00000000eab00000,0x00000000eab00000,0x00000000f7c80000)
  from space 46080K, 99% used [0x00000000fb980000,0x00000000fe67a6e8,0x00000000fe680000)
  to   space 62464K, 0% used [0x00000000f7c80000,0x00000000f7c80000,0x00000000fb980000)
 ParOldGen       total 179200K, used 126653K [0x00000000c0000000, 0x00000000caf00000, 0x00000000eab00000)
  object space 179200K, 70% used [0x00000000c0000000,0x00000000c7baf658,0x00000000caf00000)
 Metaspace       used 6038K, capacity 7152K, committed 7296K, reserved 1056768K
  class space    used 566K, capacity 616K, committed 640K, reserved 1048576K
}
Event: 24.892 GC heap before
{Heap before GC invocations=14 (full 2):
 PSYoungGen      total 260608K, used 260585K [0x00000000eab00000, 0x0000000100000000, 0x0000000100000000)
  eden space 214528K, 100% used [0x00000000eab00000,0x00000000f7c80000,0x00000000f7c80000)
  from space 46080K, 99% used [0x00000000fb980000,0x00000000fe67a6e8,0x00000000fe680000)
  to   space 62464K, 0% used [0x00000000f7c80000,0x00000000f7c80000,0x00000000fb980000)
 ParOldGen       total 179200K, used 126653K [0x00000000c0000000, 0x00000000caf00000, 0x00000000eab00000)
  object space 179200K, 70% used [0x00000000c0000000,0x00000000c7baf658,0x00000000caf00000)
 Metaspace       used 6038K, capacity 7152K, committed 7296K, reserved 1056768K
  class space    used 566K, capacity 616K, committed 640K, reserved 1048576K
Event: 25.073 GC heap after
Heap after GC invocations=14 (full 2):
 PSYoungGen      total 276992K, used 62453K [0x00000000eab00000, 0x0000000100000000, 0x0000000100000000)
  eden space 214528K, 0% used [0x00000000eab00000,0x00000000eab00000,0x00000000f7c80000)
  from space 62464K, 99% used [0x00000000f7c80000,0x00000000fb97d700,0x00000000fb980000)
  to   space 72192K, 0% used [0x00000000fb980000,0x00000000fb980000,0x0000000100000000)
 ParOldGen       total 179200K, used 159982K [0x00000000c0000000, 0x00000000caf00000, 0x00000000eab00000)
  object space 179200K, 89% used [0x00000000c0000000,0x00000000c9c3b8a8,0x00000000caf00000)
 Metaspace       used 6038K, capacity 7152K, committed 7296K, reserved 1056768K
  class space    used 566K, capacity 616K, committed 640K, reserved 1048576K
}
Event: 25.073 GC heap before
{Heap before GC invocations=15 (full 3):
 PSYoungGen      total 276992K, used 62453K [0x00000000eab00000, 0x0000000100000000, 0x0000000100000000)
  eden space 214528K, 0% used [0x00000000eab00000,0x00000000eab00000,0x00000000f7c80000)
  from space 62464K, 99% used [0x00000000f7c80000,0x00000000fb97d700,0x00000000fb980000)
  to   space 72192K, 0% used [0x00000000fb980000,0x00000000fb980000,0x0000000100000000)
 ParOldGen       total 179200K, used 159982K [0x00000000c0000000, 0x00000000caf00000, 0x00000000eab00000)
  object space 179200K, 89% used [0x00000000c0000000,0x00000000c9c3b8a8,0x00000000caf00000)
 Metaspace       used 6038K, capacity 7152K, committed 7296K, reserved 1056768K
  class space    used 566K, capacity 616K, committed 640K, reserved 1048576K

Deoptimization events (10 events):
Event: 5.768 Thread 0x00007ffb6000a000 Uncommon trap: reason=bimorphic action=maybe_recompile pc=0x00007ffb50c7a6bc method=com.android.dx.cf.code.BytecodeArray.parseInstruction(ILcom/android/dx/cf/code/BytecodeArray$Visitor;)I @ 2135
Event: 5.768 Thread 0x00007ffb6000a000 Uncommon trap: reason=bimorphic action=maybe_recompile pc=0x00007ffb50c7a6bc method=com.android.dx.cf.code.BytecodeArray.parseInstruction(ILcom/android/dx/cf/code/BytecodeArray$Visitor;)I @ 2135
Event: 5.768 Thread 0x00007ffb6000a000 Uncommon trap: reason=bimorphic action=maybe_recompile pc=0x00007ffb50c7a6bc method=com.android.dx.cf.code.BytecodeArray.parseInstruction(ILcom/android/dx/cf/code/BytecodeArray$Visitor;)I @ 2135
Event: 5.950 Thread 0x00007ffb6000a000 Uncommon trap: reason=unstable_if action=reinterpret pc=0x00007ffb50c41d64 method=com.android.dx.ssa.LiteralOpUpgrader$1.visitNonMoveInsn(Lcom/android/dx/ssa/NormalSsaInsn;)V @ 55
Event: 7.986 Thread 0x00007ffb6000a000 Uncommon trap: reason=unstable_if action=reinterpret pc=0x00007ffb509af058 method=com.android.dx.ssa.SetFactory.makeLivenessSet(I)Lcom/android/dx/util/IntSet; @ 4
Event: 13.894 Thread 0x00007ffb6000a000 Uncommon trap: reason=null_check action=make_not_entrant pc=0x00007ffb50da0584 method=com.android.dx.cf.code.Ropper$CatchInfo.getSetup(Lcom/android/dx/rop/type/Type;)Lcom/android/dx/cf/code/Ropper$ExceptionHandlerSetup; @ 10
Event: 16.896 Thread 0x00007ffb6000a000 Uncommon trap: reason=class_check action=maybe_recompile pc=0x00007ffb50d1d590 method=com.android.dx.cf.code.RopperMachine.run(Lcom/android/dx/cf/code/Frame;II)V @ 1024
Event: 22.177 Thread 0x00007ffb6000a000 Uncommon trap: reason=unstable_if action=reinterpret pc=0x00007ffb50ed921c method=com.android.dx.cf.code.Simulator$SimVisitor.visitLocal(IIIILcom/android/dx/rop/type/Type;I)V @ 162
Event: 22.177 Thread 0x00007ffb6000a000 Uncommon trap: reason=unstable_if action=reinterpret pc=0x00007ffb509d6f24 method=com.android.dx.ssa.SsaRenamer$BlockRenamer.addMapping(ILcom/android/dx/rop/code/RegisterSpec;)V @ 120
Event: 22.178 Thread 0x00007ffb6000a000 Uncommon trap: reason=unstable_if action=reinterpret pc=0x00007ffb50e70510 method=com.android.dx.dex.code.RopTranslator$TranslationVisitor.visitPlainInsn(Lcom/android/dx/rop/code/PlainInsn;)V @ 11

Internal exceptions (7 events):
Event: 0.056 Thread 0x00007ffb6000a000 Exception <a 'java/lang/NoSuchMethodError': Method sun.misc.Unsafe.defineClass(Ljava/lang/String;[BII)Ljava/lang/Class; name or signature does not match> (0x00000000eab12a38) thrown at [/RE-WORK/workspace/8-2-build-linux-amd64/jdk8u45/3457/hotspot/src/sha
Event: 0.057 Thread 0x00007ffb6000a000 Exception <a 'java/lang/NoSuchMethodError': Method sun.misc.Unsafe.prefetchRead(Ljava/lang/Object;J)V name or signature does not match> (0x00000000eab12cc8) thrown at [/RE-WORK/workspace/8-2-build-linux-amd64/jdk8u45/3457/hotspot/src/share/vm/prims/jni.cp
Event: 1.450 Thread 0x00007ffb6000a000 Implicit null exception at 0x00007ffb508ef9e2 to 0x00007ffb508efa82
Event: 4.596 Thread 0x00007ffb6000a000 Exception <a 'java/lang/ArrayIndexOutOfBoundsException': 18> (0x00000000eb5cc690) thrown at [/RE-WORK/workspace/8-2-build-linux-amd64/jdk8u45/3457/hotspot/src/share/vm/interpreter/interpreterRuntime.cpp, line 366]
Event: 4.597 Thread 0x00007ffb6000a000 Exception <a 'java/lang/ArrayIndexOutOfBoundsException'> (0x00000000eb5ce160) thrown at [/RE-WORK/workspace/8-2-build-linux-amd64/jdk8u45/3457/hotspot/src/share/vm/runtime/sharedRuntime.cpp, line 605]
Event: 4.597 Thread 0x00007ffb6000a000 Exception <a 'java/lang/ArrayIndexOutOfBoundsException'> (0x00000000eb5cf398) thrown at [/RE-WORK/workspace/8-2-build-linux-amd64/jdk8u45/3457/hotspot/src/share/vm/runtime/sharedRuntime.cpp, line 605]
Event: 13.894 Thread 0x00007ffb6000a000 Implicit null exception at 0x00007ffb50d97cdc to 0x00007ffb50da053d

Events (10 events):
Event: 23.661 Thread 0x00007ffb6000a000 DEOPT UNPACKING pc=0x00007ffb505f0233 sp=0x00007ffb66540980 mode 0
Event: 23.731 Thread 0x00007ffb6000a000 DEOPT PACKING pc=0x00007ffb509f0a18 sp=0x00007ffb66540bb0
Event: 23.731 Thread 0x00007ffb6000a000 DEOPT UNPACKING pc=0x00007ffb505f0233 sp=0x00007ffb66540930 mode 0
Event: 23.794 Thread 0x00007ffb6000a000 DEOPT PACKING pc=0x00007ffb50a17da7 sp=0x00007ffb66540cd0
Event: 23.794 Thread 0x00007ffb6000a000 DEOPT UNPACKING pc=0x00007ffb505f0233 sp=0x00007ffb66540a48 mode 0
Event: 23.810 Thread 0x00007ffb6000a000 DEOPT PACKING pc=0x00007ffb50a25768 sp=0x00007ffb66540b60
Event: 23.810 Thread 0x00007ffb6000a000 DEOPT UNPACKING pc=0x00007ffb505f0233 sp=0x00007ffb66540910 mode 0
Event: 24.787 Thread 0x00007ffb6000a000 DEOPT PACKING pc=0x00007ffb50a3df2f sp=0x00007ffb66540ba0
Event: 24.787 Thread 0x00007ffb6000a000 DEOPT UNPACKING pc=0x00007ffb505f0233 sp=0x00007ffb665409a8 mode 0
Event: 24.892 Executing VM operation: ParallelGCFailedAllocation


Dynamic libraries:
00400000-00401000 r-xp 00000000 08:03 1572315                            /opt/java/jdk1.8.0_45/bin/java
00600000-00601000 rw-p 00000000 08:03 1572315                            /opt/java/jdk1.8.0_45/bin/java
02229000-0224a000 rw-p 00000000 00:00 0                                  [heap]
c0000000-caf00000 rw-p 00000000 00:00 0 
cdd80000-eab00000 ---p 00000000 00:00 0 
eab00000-100000000 rw-p 00000000 00:00 0 
100000000-1000a0000 rw-p 00000000 00:00 0 
1000a0000-140000000 ---p 00000000 00:00 0 
7ffb14000000-7ffb14021000 rw-p 00000000 00:00 0 
7ffb14021000-7ffb18000000 ---p 00000000 00:00 0 
7ffb18000000-7ffb18021000 rw-p 00000000 00:00 0 
7ffb18021000-7ffb1c000000 ---p 00000000 00:00 0 
7ffb1c000000-7ffb1da2f000 rw-p 00000000 00:00 0 
7ffb1da2f000-7ffb20000000 ---p 00000000 00:00 0 
7ffb20000000-7ffb20acd000 rw-p 00000000 00:00 0 
7ffb20acd000-7ffb24000000 ---p 00000000 00:00 0 
7ffb24000000-7ffb24021000 rw-p 00000000 00:00 0 
7ffb24021000-7ffb28000000 ---p 00000000 00:00 0 
7ffb28000000-7ffb29b48000 rw-p 00000000 00:00 0 
7ffb29b48000-7ffb2c000000 ---p 00000000 00:00 0 
7ffb2c000000-7ffb2c021000 rw-p 00000000 00:00 0 
7ffb2c021000-7ffb30000000 ---p 00000000 00:00 0 
7ffb30000000-7ffb30021000 rw-p 00000000 00:00 0 
7ffb30021000-7ffb34000000 ---p 00000000 00:00 0 
7ffb34000000-7ffb3429c000 rw-p 00000000 00:00 0 
7ffb3429c000-7ffb38000000 ---p 00000000 00:00 0 
7ffb38000000-7ffb38021000 rw-p 00000000 00:00 0 
7ffb38021000-7ffb3c000000 ---p 00000000 00:00 0 
7ffb3f22c000-7ffb3f22d000 ---p 00000000 00:00 0 
7ffb3f22d000-7ffb3f32d000 rw-p 00000000 00:00 0                          [stack:15240]
7ffb3f32d000-7ffb3f330000 ---p 00000000 00:00 0 
7ffb3f330000-7ffb3f42e000 rw-p 00000000 00:00 0                          [stack:15239]
7ffb3f42e000-7ffb3f431000 ---p 00000000 00:00 0 
7ffb3f431000-7ffb3f52f000 rw-p 00000000 00:00 0                          [stack:15238]
7ffb3f52f000-7ffb3f532000 ---p 00000000 00:00 0 
7ffb3f532000-7ffb3f630000 rw-p 00000000 00:00 0                          [stack:15237]
7ffb3f630000-7ffb3f633000 ---p 00000000 00:00 0 
7ffb3f633000-7ffb3f731000 rw-p 00000000 00:00 0                          [stack:15236]
7ffb3f731000-7ffb3f734000 ---p 00000000 00:00 0 
7ffb3f734000-7ffb3f832000 rw-p 00000000 00:00 0                          [stack:15235]
7ffb3f832000-7ffb3fafb000 r--p 00000000 08:03 266989                     /usr/lib/locale/locale-archive
7ffb3fafb000-7ffb3fafe000 ---p 00000000 00:00 0 
7ffb3fafe000-7ffb3fbfc000 rw-p 00000000 00:00 0                          [stack:15215]
7ffb3fbfc000-7ffb3fbff000 ---p 00000000 00:00 0 
7ffb3fbff000-7ffb3fcfd000 rw-p 00000000 00:00 0                          [stack:15213]
7ffb3fcfd000-7ffb3fcfe000 ---p 00000000 00:00 0 
7ffb3fcfe000-7ffb40000000 rw-p 00000000 00:00 0                          [stack:15210]
7ffb40000000-7ffb40021000 rw-p 00000000 00:00 0 
7ffb40021000-7ffb44000000 ---p 00000000 00:00 0 
7ffb44000000-7ffb44021000 rw-p 00000000 00:00 0 
7ffb44021000-7ffb48000000 ---p 00000000 00:00 0 
7ffb48000000-7ffb48023000 rw-p 00000000 00:00 0 
7ffb48023000-7ffb4c000000 ---p 00000000 00:00 0 
7ffb4c0a3000-7ffb4c0ae000 r--s 00079000 00:19 11273023                   /home/mike/AndroidStudioProjects/Wordist/app/build/intermediates/exploded-aar/com.google.android.gms/play-services-analytics/7.5.0/jars/classes.jar
7ffb4c0ae000-7ffb4ce3f000 rw-p 00000000 00:00 0 
7ffb4ce3f000-7ffb4d018000 r--s 03d09000 08:03 1573810                    /opt/java/jdk1.8.0_45/jre/lib/rt.jar
7ffb4d018000-7ffb4d70e000 rw-p 00000000 00:00 0 
7ffb4d70e000-7ffb4d88e000 ---p 00000000 00:00 0 
7ffb4d88e000-7ffb4fa8e000 rw-p 00000000 00:00 0 
7ffb4fa8e000-7ffb4fa8f000 ---p 00000000 00:00 0 
7ffb4fa8f000-7ffb4fb8f000 rw-p 00000000 00:00 0                          [stack:15202]
7ffb4fb8f000-7ffb4fb90000 ---p 00000000 00:00 0 
7ffb4fb90000-7ffb4fc90000 rw-p 00000000 00:00 0                          [stack:15201]
7ffb4fc90000-7ffb4fc91000 ---p 00000000 00:00 0 
7ffb4fc91000-7ffb4fd91000 rw-p 00000000 00:00 0                          [stack:15191]
7ffb4fd91000-7ffb4fd92000 ---p 00000000 00:00 0 
7ffb4fd92000-7ffb4feea000 rw-p 00000000 00:00 0                          [stack:15187]
7ffb4feea000-7ffb4ffe8000 ---p 00000000 00:00 0 
7ffb4ffe8000-7ffb50040000 rw-p 00000000 00:00 0 
7ffb50040000-7ffb5013d000 ---p 00000000 00:00 0 
7ffb5013d000-7ffb501e8000 rw-p 00000000 00:00 0 
7ffb501e8000-7ffb50210000 rw-p 00000000 00:00 0 
7ffb50210000-7ffb505a9000 ---p 00000000 00:00 0 
7ffb505a9000-7ffb50f49000 rwxp 00000000 00:00 0 
7ffb50f49000-7ffb5f5a9000 ---p 00000000 00:00 0 
7ffb5f5a9000-7ffb5f5c3000 r-xp 00000000 08:03 1574049                    /opt/java/jdk1.8.0_45/jre/lib/amd64/libzip.so
7ffb5f5c3000-7ffb5f7c3000 ---p 0001a000 08:03 1574049                    /opt/java/jdk1.8.0_45/jre/lib/amd64/libzip.so
7ffb5f7c3000-7ffb5f7c4000 rw-p 0001a000 08:03 1574049                    /opt/java/jdk1.8.0_45/jre/lib/amd64/libzip.so
7ffb5f7c4000-7ffb5f7cf000 r-xp 00000000 08:03 131807                     /lib/x86_64-linux-gnu/libnss_files-2.19.so
7ffb5f7cf000-7ffb5f9ce000 ---p 0000b000 08:03 131807                     /lib/x86_64-linux-gnu/libnss_files-2.19.so
7ffb5f9ce000-7ffb5f9cf000 r--p 0000a000 08:03 131807                     /lib/x86_64-linux-gnu/libnss_files-2.19.so
7ffb5f9cf000-7ffb5f9d0000 rw-p 0000b000 08:03 131807                     /lib/x86_64-linux-gnu/libnss_files-2.19.so
7ffb5f9d0000-7ffb5f9db000 r-xp 00000000 08:03 131871                     /lib/x86_64-linux-gnu/libnss_nis-2.19.so
7ffb5f9db000-7ffb5fbda000 ---p 0000b000 08:03 131871                     /lib/x86_64-linux-gnu/libnss_nis-2.19.so
7ffb5fbda000-7ffb5fbdb000 r--p 0000a000 08:03 131871                     /lib/x86_64-linux-gnu/libnss_nis-2.19.so
7ffb5fbdb000-7ffb5fbdc000 rw-p 0000b000 08:03 131871                     /lib/x86_64-linux-gnu/libnss_nis-2.19.so
7ffb5fbdc000-7ffb5fbf3000 r-xp 00000000 08:03 131829                     /lib/x86_64-linux-gnu/libnsl-2.19.so
7ffb5fbf3000-7ffb5fdf2000 ---p 00017000 08:03 131829                     /lib/x86_64-linux-gnu/libnsl-2.19.so
7ffb5fdf2000-7ffb5fdf3000 r--p 00016000 08:03 131829                     /lib/x86_64-linux-gnu/libnsl-2.19.so
7ffb5fdf3000-7ffb5fdf4000 rw-p 00017000 08:03 131829                     /lib/x86_64-linux-gnu/libnsl-2.19.so
7ffb5fdf4000-7ffb5fdf6000 rw-p 00000000 00:00 0 
7ffb5fdf6000-7ffb5fdff000 r-xp 00000000 08:03 131828                     /lib/x86_64-linux-gnu/libnss_compat-2.19.so
7ffb5fdff000-7ffb5fffe000 ---p 00009000 08:03 131828                     /lib/x86_64-linux-gnu/libnss_compat-2.19.so
7ffb5fffe000-7ffb5ffff000 r--p 00008000 08:03 131828                     /lib/x86_64-linux-gnu/libnss_compat-2.19.so
7ffb5ffff000-7ffb60000000 rw-p 00009000 08:03 131828                     /lib/x86_64-linux-gnu/libnss_compat-2.19.so
7ffb60000000-7ffb60388000 rw-p 00000000 00:00 0 
7ffb60388000-7ffb64000000 ---p 00000000 00:00 0 
7ffb64009000-7ffb64018000 r--s 000dd000 00:19 9438599                    /home/mike/Android/Sdk/build-tools/22.0.1/lib/dx.jar
7ffb64018000-7ffb64039000 rw-p 00000000 00:00 0 
7ffb64039000-7ffb64063000 r-xp 00000000 08:03 1574040                    /opt/java/jdk1.8.0_45/jre/lib/amd64/libjava.so
7ffb64063000-7ffb64263000 ---p 0002a000 08:03 1574040                    /opt/java/jdk1.8.0_45/jre/lib/amd64/libjava.so
7ffb64263000-7ffb64265000 rw-p 0002a000 08:03 1574040                    /opt/java/jdk1.8.0_45/jre/lib/amd64/libjava.so
7ffb64265000-7ffb64272000 r-xp 00000000 08:03 1574047                    /opt/java/jdk1.8.0_45/jre/lib/amd64/libverify.so
7ffb64272000-7ffb64472000 ---p 0000d000 08:03 1574047                    /opt/java/jdk1.8.0_45/jre/lib/amd64/libverify.so
7ffb64472000-7ffb64474000 rw-p 0000d000 08:03 1574047                    /opt/java/jdk1.8.0_45/jre/lib/amd64/libverify.so
7ffb64474000-7ffb6447b000 r-xp 00000000 08:03 131868                     /lib/x86_64-linux-gnu/librt-2.19.so
7ffb6447b000-7ffb6467a000 ---p 00007000 08:03 131868                     /lib/x86_64-linux-gnu/librt-2.19.so
7ffb6467a000-7ffb6467b000 r--p 00006000 08:03 131868                     /lib/x86_64-linux-gnu/librt-2.19.so
7ffb6467b000-7ffb6467c000 rw-p 00007000 08:03 131868                     /lib/x86_64-linux-gnu/librt-2.19.so
7ffb6467c000-7ffb64781000 r-xp 00000000 08:03 131806                     /lib/x86_64-linux-gnu/libm-2.19.so
7ffb64781000-7ffb64980000 ---p 00105000 08:03 131806                     /lib/x86_64-linux-gnu/libm-2.19.so
7ffb64980000-7ffb64981000 r--p 00104000 08:03 131806                     /lib/x86_64-linux-gnu/libm-2.19.so
7ffb64981000-7ffb64982000 rw-p 00105000 08:03 131806                     /lib/x86_64-linux-gnu/libm-2.19.so
7ffb64982000-7ffb65630000 r-xp 00000000 08:03 1574060                    /opt/java/jdk1.8.0_45/jre/lib/amd64/server/libjvm.so
7ffb65630000-7ffb6582f000 ---p 00cae000 08:03 1574060                    /opt/java/jdk1.8.0_45/jre/lib/amd64/server/libjvm.so
7ffb6582f000-7ffb65906000 rw-p 00cad000 08:03 1574060                    /opt/java/jdk1.8.0_45/jre/lib/amd64/server/libjvm.so
7ffb65906000-7ffb6594a000 rw-p 00000000 00:00 0 
7ffb6594a000-7ffb65b05000 r-xp 00000000 08:03 131857                     /lib/x86_64-linux-gnu/libc-2.19.so
7ffb65b05000-7ffb65d04000 ---p 001bb000 08:03 131857                     /lib/x86_64-linux-gnu/libc-2.19.so
7ffb65d04000-7ffb65d08000 r--p 001ba000 08:03 131857                     /lib/x86_64-linux-gnu/libc-2.19.so
7ffb65d08000-7ffb65d0a000 rw-p 001be000 08:03 131857                     /lib/x86_64-linux-gnu/libc-2.19.so
7ffb65d0a000-7ffb65d0f000 rw-p 00000000 00:00 0 
7ffb65d0f000-7ffb65d12000 r-xp 00000000 08:03 131810                     /lib/x86_64-linux-gnu/libdl-2.19.so
7ffb65d12000-7ffb65f11000 ---p 00003000 08:03 131810                     /lib/x86_64-linux-gnu/libdl-2.19.so
7ffb65f11000-7ffb65f12000 r--p 00002000 08:03 131810                     /lib/x86_64-linux-gnu/libdl-2.19.so
7ffb65f12000-7ffb65f13000 rw-p 00003000 08:03 131810                     /lib/x86_64-linux-gnu/libdl-2.19.so
7ffb65f13000-7ffb65f28000 r-xp 00000000 08:03 1573749                    /opt/java/jdk1.8.0_45/lib/amd64/jli/libjli.so
7ffb65f28000-7ffb66128000 ---p 00015000 08:03 1573749                    /opt/java/jdk1.8.0_45/lib/amd64/jli/libjli.so
7ffb66128000-7ffb66129000 rw-p 00015000 08:03 1573749                    /opt/java/jdk1.8.0_45/lib/amd64/jli/libjli.so
7ffb66129000-7ffb66142000 r-xp 00000000 08:03 131858                     /lib/x86_64-linux-gnu/libpthread-2.19.so
7ffb66142000-7ffb66341000 ---p 00019000 08:03 131858                     /lib/x86_64-linux-gnu/libpthread-2.19.so
7ffb66341000-7ffb66342000 r--p 00018000 08:03 131858                     /lib/x86_64-linux-gnu/libpthread-2.19.so
7ffb66342000-7ffb66343000 rw-p 00019000 08:03 131858                     /lib/x86_64-linux-gnu/libpthread-2.19.so
7ffb66343000-7ffb66347000 rw-p 00000000 00:00 0 
7ffb66347000-7ffb6636a000 r-xp 00000000 08:03 131833                     /lib/x86_64-linux-gnu/ld-2.19.so
7ffb66370000-7ffb66442000 rw-p 00000000 00:00 0 
7ffb66442000-7ffb66445000 ---p 00000000 00:00 0 
7ffb66445000-7ffb66548000 rw-p 00000000 00:00 0                          [stack:15171]
7ffb66548000-7ffb66549000 r--p 00000000 08:03 672594                     /usr/share/locale-langpack/en_GB/LC_MESSAGES/libc.mo
7ffb66549000-7ffb6655d000 rw-p 00000000 00:00 0 
7ffb6655d000-7ffb66565000 rw-s 00000000 08:03 1574187                    /tmp/hsperfdata_mike/15170
7ffb66565000-7ffb66566000 rw-p 00000000 00:00 0 
7ffb66566000-7ffb66567000 ---p 00000000 00:00 0 
7ffb66567000-7ffb66569000 rw-p 00000000 00:00 0 
7ffb66569000-7ffb6656a000 r--p 00022000 08:03 131833                     /lib/x86_64-linux-gnu/ld-2.19.so
7ffb6656a000-7ffb6656b000 rw-p 00023000 08:03 131833                     /lib/x86_64-linux-gnu/ld-2.19.so
7ffb6656b000-7ffb6656c000 rw-p 00000000 00:00 0 
7fffbac41000-7fffbac62000 rw-p 00000000 00:00 0                          [stack]
7fffbad67000-7fffbad69000 r-xp 00000000 00:00 0                          [vdso]
ffffffffff600000-ffffffffff601000 r-xp 00000000 00:00 0                  [vsyscall]

VM Arguments:
jvm_args: -Xmx1024M -Dfile.encoding=UTF-8 -Duser.country=GB -Duser.language=en -Duser.variant 
java_command: com.android.dx.command.Main --dex --output /home/mike/AndroidStudioProjects/Wordist/app/build/intermediates/pre-dexed/release/classes-5ae6288c7a2c285a1f5c65eee856b578a7e5ab4c.jar /home/mike/AndroidStudioProjects/Wordist/app/build/intermediates/exploded-aar/com.google.android.gms/play-services-analytics/7.5.0/jars/classes.jar
java_class_path (initial): /home/mike/Android/Sdk/build-tools/22.0.1/lib/dx.jar
Launcher Type: SUN_STANDARD

Environment Variables:
PATH=/usr/local/sbin:/usr/local/bin:/usr/sbin:/usr/bin:/sbin:/bin:/usr/games:/usr/local/games
USERNAME=mike
LD_LIBRARY_PATH=/opt/android-studio/bin:
SHELL=/bin/bash
DISPLAY=:0

Signal Handlers:
SIGSEGV: [libjvm.so+0xaad1e0], sa_mask[0]=11111111011111111101111111111110, sa_flags=SA_RESTART|SA_SIGINFO
SIGBUS: [libjvm.so+0xaad1e0], sa_mask[0]=11111111011111111101111111111110, sa_flags=SA_RESTART|SA_SIGINFO
SIGFPE: [libjvm.so+0x90b450], sa_mask[0]=11111111011111111101111111111110, sa_flags=SA_RESTART|SA_SIGINFO
SIGPIPE: [libjvm.so+0x90b450], sa_mask[0]=11111111011111111101111111111110, sa_flags=SA_RESTART|SA_SIGINFO
SIGXFSZ: [libjvm.so+0x90b450], sa_mask[0]=11111111011111111101111111111110, sa_flags=SA_RESTART|SA_SIGINFO
SIGILL: [libjvm.so+0x90b450], sa_mask[0]=11111111011111111101111111111110, sa_flags=SA_RESTART|SA_SIGINFO
SIGUSR1: SIG_DFL, sa_mask[0]=00000000000000000000000000000000, sa_flags=none
SIGUSR2: [libjvm.so+0x90ca90], sa_mask[0]=00100000000000000000000000000000, sa_flags=SA_RESTART|SA_SIGINFO
SIGHUP: [libjvm.so+0x90dde0], sa_mask[0]=11111111011111111101111111111110, sa_flags=SA_RESTART|SA_SIGINFO
SIGINT: [libjvm.so+0x90dde0], sa_mask[0]=11111111011111111101111111111110, sa_flags=SA_RESTART|SA_SIGINFO
SIGTERM: [libjvm.so+0x90dde0], sa_mask[0]=11111111011111111101111111111110, sa_flags=SA_RESTART|SA_SIGINFO
SIGQUIT: [libjvm.so+0x90dde0], sa_mask[0]=11111111011111111101111111111110, sa_flags=SA_RESTART|SA_SIGINFO


---------------  S Y S T E M  ---------------

OS:DISTRIB_ID=LinuxMint
DISTRIB_RELEASE=17.2
DISTRIB_CODENAME=rafaela
DISTRIB_DESCRIPTION="Linux Mint 17.2 Rafaela"

uname:Linux 3.13.0-37-generic #64-Ubuntu SMP Mon Sep 22 21:28:38 UTC 2014 x86_64
libc:glibc 2.19 NPTL 2.19 
rlimit: STACK 8192k, CORE 0k, NPROC 30882, NOFILE 4096, AS infinity
load average:6.24 4.52 2.80

/proc/meminfo:
MemTotal:        4048044 kB
MemFree:          109636 kB
Buffers:             208 kB
Cached:            32916 kB
SwapCached:            0 kB
Active:          3143828 kB
Inactive:          28404 kB
Active(anon):    3140956 kB
Inactive(anon):    21236 kB
Active(file):       2872 kB
Inactive(file):     7168 kB
Unevictable:          72 kB
Mlocked:              72 kB
SwapTotal:             0 kB
SwapFree:              0 kB
Dirty:               160 kB
Writeback:             0 kB
AnonPages:       3139960 kB
Mapped:           503620 kB
Shmem:             22308 kB
Slab:              67484 kB
SReclaimable:      22636 kB
SUnreclaim:        44848 kB
KernelStack:        4016 kB
PageTables:        25564 kB
NFS_Unstable:          0 kB
Bounce:                0 kB
WritebackTmp:          0 kB
CommitLimit:     2024020 kB
Committed_AS:    4436148 kB
VmallocTotal:   34359738367 kB
VmallocUsed:      305680 kB
VmallocChunk:   34359427560 kB
HardwareCorrupted:     0 kB
AnonHugePages:   1939456 kB
HugePages_Total:       0
HugePages_Free:        0
HugePages_Rsvd:        0
HugePages_Surp:        0
Hugepagesize:       2048 kB
DirectMap4k:      161344 kB
DirectMap2M:     2983936 kB
DirectMap1G:     1048576 kB


CPU:total 4 (4 cores per cpu, 1 threads per core) family 16 model 4 stepping 2, cmov, cx8, fxsr, mmx, sse, sse2, sse3, popcnt, mmxext, 3dnowpref, lzcnt, sse4a, tsc, tscinvbit, tscinv

/proc/cpuinfo:
processor	: 0
vendor_id	: AuthenticAMD
cpu family	: 16
model		: 4
model name	: AMD Phenom(tm) II X4 955 Processor
stepping	: 2
microcode	: 0x1000086
cpu MHz		: 3200.000
cache size	: 512 KB
physical id	: 0
siblings	: 4
core id		: 0
cpu cores	: 4
apicid		: 0
initial apicid	: 0
fpu		: yes
fpu_exception	: yes
cpuid level	: 5
wp		: yes
flags		: fpu vme de pse tsc msr pae mce cx8 apic sep mtrr pge mca cmov pat pse36 clflush mmx fxsr sse sse2 ht syscall nx mmxext fxsr_opt pdpe1gb rdtscp lm 3dnowext 3dnow constant_tsc rep_good nopl nonstop_tsc extd_apicid pni monitor cx16 popcnt lahf_lm cmp_legacy svm extapic cr8_legacy abm sse4a misalignsse 3dnowprefetch osvw ibs skinit wdt hw_pstate npt lbrv svm_lock nrip_save
bogomips	: 6399.94
TLB size	: 1024 4K pages
clflush size	: 64
cache_alignment	: 64
address sizes	: 48 bits physical, 48 bits virtual
power management: ts ttp tm stc 100mhzsteps hwpstate

processor	: 1
vendor_id	: AuthenticAMD
cpu family	: 16
model		: 4
model name	: AMD Phenom(tm) II X4 955 Processor
stepping	: 2
microcode	: 0x1000086
cpu MHz		: 2500.000
cache size	: 512 KB
physical id	: 0
siblings	: 4
core id		: 1
cpu cores	: 4
apicid		: 1
initial apicid	: 1
fpu		: yes
fpu_exception	: yes
cpuid level	: 5
wp		: yes
flags		: fpu vme de pse tsc msr pae mce cx8 apic sep mtrr pge mca cmov pat pse36 clflush mmx fxsr sse sse2 ht syscall nx mmxext fxsr_opt pdpe1gb rdtscp lm 3dnowext 3dnow constant_tsc rep_good nopl nonstop_tsc extd_apicid pni monitor cx16 popcnt lahf_lm cmp_legacy svm extapic cr8_legacy abm sse4a misalignsse 3dnowprefetch osvw ibs skinit wdt hw_pstate npt lbrv svm_lock nrip_save
bogomips	: 6399.94
TLB size	: 1024 4K pages
clflush size	: 64
cache_alignment	: 64
address sizes	: 48 bits physical, 48 bits virtual
power management: ts ttp tm stc 100mhzsteps hwpstate

processor	: 2
vendor_id	: AuthenticAMD
cpu family	: 16
model		: 4
model name	: AMD Phenom(tm) II X4 955 Processor
stepping	: 2
microcode	: 0x1000086
cpu MHz		: 3200.000
cache size	: 512 KB
physical id	: 0
siblings	: 4
core id		: 2
cpu cores	: 4
apicid		: 2
initial apicid	: 2
fpu		: yes
fpu_exception	: yes
cpuid level	: 5
wp		: yes
flags		: fpu vme de pse tsc msr pae mce cx8 apic sep mtrr pge mca cmov pat pse36 clflush mmx fxsr sse sse2 ht syscall nx mmxext fxsr_opt pdpe1gb rdtscp lm 3dnowext 3dnow constant_tsc rep_good nopl nonstop_tsc extd_apicid pni monitor cx16 popcnt lahf_lm cmp_legacy svm extapic cr8_legacy abm sse4a misalignsse 3dnowprefetch osvw ibs skinit wdt hw_pstate npt lbrv svm_lock nrip_save
bogomips	: 6399.94
TLB size	: 1024 4K pages
clflush size	: 64
cache_alignment	: 64
address sizes	: 48 bits physical, 48 bits virtual
power management: ts ttp tm stc 100mhzsteps hwpstate

processor	: 3
vendor_id	: AuthenticAMD
cpu family	: 16
model		: 4
model name	: AMD Phenom(tm) II X4 955 Processor
stepping	: 2
microcode	: 0x1000086
cpu MHz		: 3200.000
cache size	: 512 KB
physical id	: 0
siblings	: 4
core id		: 3
cpu cores	: 4
apicid		: 3
initial apicid	: 3
fpu		: yes
fpu_exception	: yes
cpuid level	: 5
wp		: yes
flags		: fpu vme de pse tsc msr pae mce cx8 apic sep mtrr pge mca cmov pat pse36 clflush mmx fxsr sse sse2 ht syscall nx mmxext fxsr_opt pdpe1gb rdtscp lm 3dnowext 3dnow constant_tsc rep_good nopl nonstop_tsc extd_apicid pni monitor cx16 popcnt lahf_lm cmp_legacy svm extapic cr8_legacy abm sse4a misalignsse 3dnowprefetch osvw ibs skinit wdt hw_pstate npt lbrv svm_lock nrip_save
bogomips	: 6399.94
TLB size	: 1024 4K pages
clflush size	: 64
cache_alignment	: 64
address sizes	: 48 bits physical, 48 bits virtual
power management: ts ttp tm stc 100mhzsteps hwpstate



Memory: 4k page, physical 4048044k(112888k free), swap 0k(0k free)

vm_info: Java HotSpot(TM) 64-Bit Server VM (25.45-b02) for linux-amd64 JRE (1.8.0_45-b14), built on Apr 10 2015 10:07:45 by "java_re" with gcc 4.3.0 20080428 (Red Hat 4.3.0-8)

time: Thu Aug 13 01:27:31 2015
elapsed time: 26 seconds (0d 0h 0m 26s)

