#
# There is insufficient memory for the Java Runtime Environment to continue.
# Native memory allocation (mmap) failed to map 32505856 bytes for committing reserved memory.
# Possible reasons:
#   The system is out of physical RAM or swap space
#   In 32 bit mode, the process size limit was hit
# Possible solutions:
#   Reduce memory load on the system
#   Increase physical memory or swap space
#   Check if swap backing store is full
#   Use 64 bit Java on a 64 bit OS
#   Decrease Java heap size (-Xmx/-Xms)
#   Decrease number of Java threads
#   Decrease Java thread stack sizes (-Xss)
#   Set larger code cache with -XX:ReservedCodeCacheSize=
# This output file may be truncated or incomplete.
#
#  Out of Memory Error (os_linux.cpp:2673), pid=10036, tid=140374437754624
#
# JRE version: Java(TM) SE Runtime Environment (8.0_45-b14) (build 1.8.0_45-b14)
# Java VM: Java HotSpot(TM) 64-Bit Server VM (25.45-b02 mixed mode linux-amd64 compressed oops)
# Failed to write core dump. Core dumps have been disabled. To enable core dumping, try "ulimit -c unlimited" before starting Java again
#

---------------  T H R E A D  ---------------

Current thread (0x00007fab88077800):  VMThread [stack: 0x00007fab786f7000,0x00007fab787f8000] [id=10072]

Stack: [0x00007fab786f7000,0x00007fab787f8000],  sp=0x00007fab787f62e0,  free space=1020k
Native frames: (J=compiled Java code, j=interpreted, Vv=VM code, C=native code)
V  [libjvm.so+0xaac99a]  VMError::report_and_die()+0x2ba
V  [libjvm.so+0x4f333b]  report_vm_out_of_memory(char const*, int, unsigned long, VMErrorType, char const*)+0x8b
V  [libjvm.so+0x90e7c3]  os::Linux::commit_memory_impl(char*, unsigned long, bool)+0x103
V  [libjvm.so+0x90ed19]  os::pd_commit_memory(char*, unsigned long, unsigned long, bool)+0x29
V  [libjvm.so+0x90867a]  os::commit_memory(char*, unsigned long, unsigned long, bool)+0x2a
V  [libjvm.so+0x97bac3]  PSVirtualSpace::expand_by(unsigned long)+0x53
V  [libjvm.so+0x97cec8]  PSYoungGen::resize_generation(unsigned long, unsigned long)+0xf8
V  [libjvm.so+0x97c022]  PSYoungGen::resize(unsigned long, unsigned long)+0x22
V  [libjvm.so+0x9792fb]  PSScavenge::invoke_no_policy()+0xf7b
V  [libjvm.so+0x979a81]  PSScavenge::invoke()+0x41
V  [libjvm.so+0x932050]  ParallelScavengeHeap::failed_mem_allocate(unsigned long)+0x70
V  [libjvm.so+0xaae1d7]  VM_ParallelGCFailedAllocation::doit()+0x97
V  [libjvm.so+0xab59c5]  VM_Operation::evaluate()+0x55
V  [libjvm.so+0xab3d9a]  VMThread::evaluate_operation(VM_Operation*)+0xba
V  [libjvm.so+0xab411e]  VMThread::loop()+0x1ce
V  [libjvm.so+0xab4590]  VMThread::run()+0x70
V  [libjvm.so+0x910de8]  java_start(Thread*)+0x108

VM_Operation (0x00007fab90e85900): ParallelGCFailedAllocation, mode: safepoint, requested by thread 0x00007fab8800a000


---------------  P R O C E S S  ---------------

Java Threads: ( => current thread )
  0x00007fab880ca800 JavaThread "Service Thread" daemon [_thread_blocked, id=10098, stack(0x00007fab71cfd000,0x00007fab71dfe000)]
  0x00007fab880bd000 JavaThread "C1 CompilerThread2" daemon [_thread_blocked, id=10094, stack(0x00007fab71dfe000,0x00007fab71eff000)]
  0x00007fab880bb800 JavaThread "C2 CompilerThread1" daemon [_thread_blocked, id=10092, stack(0x00007fab71eff000,0x00007fab72000000)]
  0x00007fab880b8800 JavaThread "C2 CompilerThread0" daemon [_thread_blocked, id=10086, stack(0x00007fab7802a000,0x00007fab7812b000)]
  0x00007fab880b7000 JavaThread "Signal Dispatcher" daemon [_thread_blocked, id=10084, stack(0x00007fab7812b000,0x00007fab7822c000)]
  0x00007fab8807f000 JavaThread "Finalizer" daemon [_thread_blocked, id=10080, stack(0x00007fab784f5000,0x00007fab785f6000)]
  0x00007fab8807c800 JavaThread "Reference Handler" daemon [_thread_blocked, id=10076, stack(0x00007fab785f6000,0x00007fab786f7000)]
  0x00007fab8800a000 JavaThread "main" [_thread_blocked, id=10051, stack(0x00007fab90d87000,0x00007fab90e88000)]

Other Threads:
=>0x00007fab88077800 VMThread [stack: 0x00007fab786f7000,0x00007fab787f8000] [id=10072]
  0x00007fab880cd000 WatcherThread [stack: 0x00007fab71bfc000,0x00007fab71cfd000] [id=10104]

VM state:at safepoint (normal execution)

VM Mutex/Monitor currently owned by a thread:  ([mutex/lock_event])
[0x00007fab88006370] Threads_lock - owner thread: 0x00007fab88077800
[0x00007fab88006870] Heap_lock - owner thread: 0x00007fab8800a000

Heap:
 PSYoungGen      total 34304K, used 2560K [0x00000000eab00000, 0x00000000ecf00000, 0x0000000100000000)
  eden space 31744K, 0% used [0x00000000eab00000,0x00000000eab00000,0x00000000eca00000)
  from space 2560K, 100% used [0x00000000eca00000,0x00000000ecc80000,0x00000000ecc80000)
  to   space 2560K, 0% used [0x00000000ecc80000,0x00000000ecc80000,0x00000000ecf00000)
 ParOldGen       total 42496K, used 8947K [0x00000000c0000000, 0x00000000c2980000, 0x00000000eab00000)
  object space 42496K, 21% used [0x00000000c0000000,0x00000000c08bce58,0x00000000c2980000)
 Metaspace       used 5840K, capacity 7088K, committed 7296K, reserved 1056768K
  class space    used 551K, capacity 616K, committed 640K, reserved 1048576K

Card table byte_map: [0x00007fab8d964000,0x00007fab8db65000] byte_map_base: 0x00007fab8d364000

Marking Bits: (ParMarkBitMap*) 0x00007fab90262760
 Begin Bits: [0x00007fab72000000, 0x00007fab73000000)
 End Bits:   [0x00007fab73000000, 0x00007fab74000000)

Polling page: 0x00007fab90ea9000

CodeCache: size=245760Kb used=6583Kb max_used=6595Kb free=239176Kb
 bounds [0x00007fab79000000, 0x00007fab79680000, 0x00007fab88000000]
 total_blobs=1789 nmethods=1526 adapters=178
 compilation: enabled

Compilation events (10 events):
Event: 3.670 Thread 0x00007fab880b8800 nmethod 1396 0x00007fab79666d10 code [0x00007fab79667360, 0x00007fab7966a240]
Event: 3.671 Thread 0x00007fab880b8800 1535       4       com.android.dx.ssa.SCCP::simulateBranch (666 bytes)
Event: 3.698 Thread 0x00007fab880bd000 1538       2       com.android.dx.cf.attrib.RawAttribute::byteLength (11 bytes)
Event: 3.698 Thread 0x00007fab880bd000 nmethod 1538 0x00007fab79634d90 code [0x00007fab79634ee0, 0x00007fab79635030]
Event: 3.754 Thread 0x00007fab880bd000 1539       2       com.android.dx.rop.annotation.NameValuePair::<init> (43 bytes)
Event: 3.754 Thread 0x00007fab880bd000 nmethod 1539 0x00007fab79666750 code [0x00007fab796668e0, 0x00007fab79666bb8]
Event: 3.754 Thread 0x00007fab880bd000 1540       2       com.android.dx.rop.annotation.Annotation::put (32 bytes)
Event: 3.754 Thread 0x00007fab880bd000 nmethod 1540 0x00007fab796660d0 code [0x00007fab79666260, 0x00007fab79666568]
Event: 3.770 Thread 0x00007fab880bb800 nmethod 1515 0x00007fab7966f350 code [0x00007fab7966f860, 0x00007fab79671b28]
Event: 3.771 Thread 0x00007fab880bb800 1520       4       com.android.dx.ssa.SsaMethod::getUseListCopy (56 bytes)

GC Heap History (5 events):
Event: 1.322 GC heap before
{Heap before GC invocations=1 (full 0):
 PSYoungGen      total 18432K, used 15872K [0x00000000eab00000, 0x00000000ebf80000, 0x0000000100000000)
  eden space 15872K, 100% used [0x00000000eab00000,0x00000000eba80000,0x00000000eba80000)
  from space 2560K, 0% used [0x00000000ebd00000,0x00000000ebd00000,0x00000000ebf80000)
  to   space 2560K, 0% used [0x00000000eba80000,0x00000000eba80000,0x00000000ebd00000)
 ParOldGen       total 42496K, used 0K [0x00000000c0000000, 0x00000000c2980000, 0x00000000eab00000)
  object space 42496K, 0% used [0x00000000c0000000,0x00000000c0000000,0x00000000c2980000)
 Metaspace       used 5476K, capacity 6768K, committed 7040K, reserved 1056768K
  class space    used 547K, capacity 616K, committed 640K, reserved 1048576K
Event: 1.346 GC heap after
Heap after GC invocations=1 (full 0):
 PSYoungGen      total 18432K, used 2551K [0x00000000eab00000, 0x00000000ecf00000, 0x0000000100000000)
  eden space 15872K, 0% used [0x00000000eab00000,0x00000000eab00000,0x00000000eba80000)
  from space 2560K, 99% used [0x00000000eba80000,0x00000000ebcfdc78,0x00000000ebd00000)
  to   space 2560K, 0% used [0x00000000ecc80000,0x00000000ecc80000,0x00000000ecf00000)
 ParOldGen       total 42496K, used 1552K [0x00000000c0000000, 0x00000000c2980000, 0x00000000eab00000)
  object space 42496K, 3% used [0x00000000c0000000,0x00000000c0184318,0x00000000c2980000)
 Metaspace       used 5476K, capacity 6768K, committed 7040K, reserved 1056768K
  class space    used 547K, capacity 616K, committed 640K, reserved 1048576K
}
Event: 2.411 GC heap before
{Heap before GC invocations=2 (full 0):
 PSYoungGen      total 18432K, used 18423K [0x00000000eab00000, 0x00000000ecf00000, 0x0000000100000000)
  eden space 15872K, 100% used [0x00000000eab00000,0x00000000eba80000,0x00000000eba80000)
  from space 2560K, 99% used [0x00000000eba80000,0x00000000ebcfdc78,0x00000000ebd00000)
  to   space 2560K, 0% used [0x00000000ecc80000,0x00000000ecc80000,0x00000000ecf00000)
 ParOldGen       total 42496K, used 1552K [0x00000000c0000000, 0x00000000c2980000, 0x00000000eab00000)
  object space 42496K, 3% used [0x00000000c0000000,0x00000000c0184318,0x00000000c2980000)
 Metaspace       used 5715K, capacity 6960K, committed 7040K, reserved 1056768K
  class space    used 550K, capacity 616K, committed 640K, reserved 1048576K
Event: 2.450 GC heap after
Heap after GC invocations=2 (full 0):
 PSYoungGen      total 34304K, used 2535K [0x00000000eab00000, 0x00000000ecf00000, 0x0000000100000000)
  eden space 31744K, 0% used [0x00000000eab00000,0x00000000eab00000,0x00000000eca00000)
  from space 2560K, 99% used [0x00000000ecc80000,0x00000000ecef9c78,0x00000000ecf00000)
  to   space 2560K, 0% used [0x00000000eca00000,0x00000000eca00000,0x00000000ecc80000)
 ParOldGen       total 42496K, used 3910K [0x00000000c0000000, 0x00000000c2980000, 0x00000000eab00000)
  object space 42496K, 9% used [0x00000000c0000000,0x00000000c03d1ab8,0x00000000c2980000)
 Metaspace       used 5715K, capacity 6960K, committed 7040K, reserved 1056768K
  class space    used 550K, capacity 616K, committed 640K, reserved 1048576K
}
Event: 3.786 GC heap before
{Heap before GC invocations=3 (full 0):
 PSYoungGen      total 34304K, used 34279K [0x00000000eab00000, 0x00000000ecf00000, 0x0000000100000000)
  eden space 31744K, 100% used [0x00000000eab00000,0x00000000eca00000,0x00000000eca00000)
  from space 2560K, 99% used [0x00000000ecc80000,0x00000000ecef9c78,0x00000000ecf00000)
  to   space 2560K, 0% used [0x00000000eca00000,0x00000000eca00000,0x00000000ecc80000)
 ParOldGen       total 42496K, used 3910K [0x00000000c0000000, 0x00000000c2980000, 0x00000000eab00000)
  object space 42496K, 9% used [0x00000000c0000000,0x00000000c03d1ab8,0x00000000c2980000)
 Metaspace       used 5840K, capacity 7088K, committed 7296K, reserved 1056768K
  class space    used 551K, capacity 616K, committed 640K, reserved 1048576K

Deoptimization events (9 events):
Event: 0.698 Thread 0x00007fab8800a000 Uncommon trap: reason=unstable_if action=reinterpret pc=0x00007fab791ff38c method=java.util.HashMap.getNode(ILjava/lang/Object;)Ljava/util/HashMap$Node; @ 62
Event: 1.026 Thread 0x00007fab8800a000 Uncommon trap: reason=unstable_if action=reinterpret pc=0x00007fab791c2f30 method=java.lang.String.replace(CC)Ljava/lang/String; @ 26
Event: 1.102 Thread 0x00007fab8800a000 Uncommon trap: reason=unstable_if action=reinterpret pc=0x00007fab792332ac method=java.util.BitSet.nextSetBit(I)I @ 87
Event: 1.497 Thread 0x00007fab8800a000 Uncommon trap: reason=unstable_if action=reinterpret pc=0x00007fab792818b8 method=java.util.BitSet.ensureCapacity(I)V @ 6
Event: 1.499 Thread 0x00007fab8800a000 Uncommon trap: reason=null_check action=make_not_entrant pc=0x00007fab793b2a14 method=com.android.dx.ssa.SsaRenamer.getLocalForNewReg(I)Lcom/android/dx/rop/code/LocalItem; @ 19
Event: 2.074 Thread 0x00007fab8800a000 Uncommon trap: reason=unstable_if action=reinterpret pc=0x00007fab7949e748 method=com.android.dx.rop.code.RegisterSpecSet.<init>(I)V @ 2
Event: 2.918 Thread 0x00007fab8800a000 Uncommon trap: reason=unstable_if action=reinterpret pc=0x00007fab7939a51c method=com.android.dx.rop.cst.Constant.compareTo(Lcom/android/dx/rop/cst/Constant;)I @ 12
Event: 3.455 Thread 0x00007fab8800a000 Uncommon trap: reason=class_check action=maybe_recompile pc=0x00007fab795e1b48 method=com.android.dx.rop.code.RegisterSpec.withSimpleType()Lcom/android/dx/rop/code/RegisterSpec; @ 21
Event: 3.692 Thread 0x00007fab8800a000 Uncommon trap: reason=unstable_if action=reinterpret pc=0x00007fab794f747c method=com.android.dx.ssa.SsaMethod.updateOneDefinition(Lcom/android/dx/ssa/SsaInsn;Lcom/android/dx/rop/code/RegisterSpec;)V @ 4

Internal exceptions (3 events):
Event: 0.106 Thread 0x00007fab8800a000 Exception <a 'java/lang/NoSuchMethodError': Method sun.misc.Unsafe.defineClass(Ljava/lang/String;[BII)Ljava/lang/Class; name or signature does not match> (0x00000000eab12a38) thrown at [/RE-WORK/workspace/8-2-build-linux-amd64/jdk8u45/3457/hotspot/src/sha
Event: 0.107 Thread 0x00007fab8800a000 Exception <a 'java/lang/NoSuchMethodError': Method sun.misc.Unsafe.prefetchRead(Ljava/lang/Object;J)V name or signature does not match> (0x00000000eab12cc8) thrown at [/RE-WORK/workspace/8-2-build-linux-amd64/jdk8u45/3457/hotspot/src/share/vm/prims/jni.cp
Event: 1.499 Thread 0x00007fab8800a000 Implicit null exception at 0x00007fab793b06ef to 0x00007fab793b29f1

Events (10 events):
Event: 2.918 Thread 0x00007fab8800a000 DEOPT UNPACKING pc=0x00007fab79005229 sp=0x00007fab90e85760 mode 2
Event: 3.455 Thread 0x00007fab8800a000 Uncommon trap: trap_request=0xffffffde fr.pc=0x00007fab795e1b48
Event: 3.455 Thread 0x00007fab8800a000 DEOPT PACKING pc=0x00007fab795e1b48 sp=0x00007fab90e85c50
Event: 3.455 Thread 0x00007fab8800a000 DEOPT UNPACKING pc=0x00007fab79005229 sp=0x00007fab90e85bb8 mode 2
Event: 3.684 loading class com/android/dx/rop/code/RegOps
Event: 3.685 loading class com/android/dx/rop/code/RegOps done
Event: 3.692 Thread 0x00007fab8800a000 Uncommon trap: trap_request=0xffffff65 fr.pc=0x00007fab794f747c
Event: 3.692 Thread 0x00007fab8800a000 DEOPT PACKING pc=0x00007fab794f747c sp=0x00007fab90e85970
Event: 3.692 Thread 0x00007fab8800a000 DEOPT UNPACKING pc=0x00007fab79005229 sp=0x00007fab90e85938 mode 2
Event: 3.783 Executing VM operation: ParallelGCFailedAllocation


Dynamic libraries:
00400000-00401000 r-xp 00000000 08:03 1572315                            /opt/java/jdk1.8.0_45/bin/java
00600000-00601000 rw-p 00000000 08:03 1572315                            /opt/java/jdk1.8.0_45/bin/java
01fce000-01fef000 rw-p 00000000 00:00 0                                  [heap]
c0000000-c2980000 rw-p 00000000 00:00 0 
c2980000-eab00000 ---p 00000000 00:00 0 
eab00000-ecf00000 rw-p 00000000 00:00 0 
eee00000-100000000 ---p 00000000 00:00 0 
100000000-1000a0000 rw-p 00000000 00:00 0 
1000a0000-140000000 ---p 00000000 00:00 0 
7fab3c000000-7fab3c021000 rw-p 00000000 00:00 0 
7fab3c021000-7fab40000000 ---p 00000000 00:00 0 
7fab44000000-7fab44ae7000 rw-p 00000000 00:00 0 
7fab44ae7000-7fab48000000 ---p 00000000 00:00 0 
7fab48000000-7fab48021000 rw-p 00000000 00:00 0 
7fab48021000-7fab4c000000 ---p 00000000 00:00 0 
7fab4c000000-7fab4c742000 rw-p 00000000 00:00 0 
7fab4c742000-7fab50000000 ---p 00000000 00:00 0 
7fab50000000-7fab5074e000 rw-p 00000000 00:00 0 
7fab5074e000-7fab54000000 ---p 00000000 00:00 0 
7fab54000000-7fab54021000 rw-p 00000000 00:00 0 
7fab54021000-7fab58000000 ---p 00000000 00:00 0 
7fab58000000-7fab58021000 rw-p 00000000 00:00 0 
7fab58021000-7fab5c000000 ---p 00000000 00:00 0 
7fab5c000000-7fab5c28a000 rw-p 00000000 00:00 0 
7fab5c28a000-7fab60000000 ---p 00000000 00:00 0 
7fab60000000-7fab60021000 rw-p 00000000 00:00 0 
7fab60021000-7fab64000000 ---p 00000000 00:00 0 
7fab64000000-7fab64021000 rw-p 00000000 00:00 0 
7fab64021000-7fab68000000 ---p 00000000 00:00 0 
7fab68000000-7fab68021000 rw-p 00000000 00:00 0 
7fab68021000-7fab6c000000 ---p 00000000 00:00 0 
7fab6c000000-7fab6c021000 rw-p 00000000 00:00 0 
7fab6c021000-7fab70000000 ---p 00000000 00:00 0 
7fab71bfc000-7fab71bfd000 ---p 00000000 00:00 0 
7fab71bfd000-7fab71cfd000 rw-p 00000000 00:00 0                          [stack:10104]
7fab71cfd000-7fab71d00000 ---p 00000000 00:00 0 
7fab71d00000-7fab71dfe000 rw-p 00000000 00:00 0                          [stack:10098]
7fab71dfe000-7fab71e01000 ---p 00000000 00:00 0 
7fab71e01000-7fab71eff000 rw-p 00000000 00:00 0                          [stack:10094]
7fab71eff000-7fab71f02000 ---p 00000000 00:00 0 
7fab71f02000-7fab74000000 rw-p 00000000 00:00 0                          [stack:10092]
7fab74000000-7fab74021000 rw-p 00000000 00:00 0 
7fab74021000-7fab78000000 ---p 00000000 00:00 0 
7fab78028000-7fab78029000 rw-p 00000000 00:00 0 
7fab78029000-7fab7802a000 r--p 00000000 08:03 672594                     /usr/share/locale-langpack/en_GB/LC_MESSAGES/libc.mo
7fab7802a000-7fab7802d000 ---p 00000000 00:00 0 
7fab7802d000-7fab7812b000 rw-p 00000000 00:00 0                          [stack:10086]
7fab7812b000-7fab7812e000 ---p 00000000 00:00 0 
7fab7812e000-7fab7822c000 rw-p 00000000 00:00 0                          [stack:10084]
7fab7822c000-7fab784f5000 r--p 00000000 08:03 266989                     /usr/lib/locale/locale-archive
7fab784f5000-7fab784f8000 ---p 00000000 00:00 0 
7fab784f8000-7fab785f6000 rw-p 00000000 00:00 0                          [stack:10080]
7fab785f6000-7fab785f9000 ---p 00000000 00:00 0 
7fab785f9000-7fab786f7000 rw-p 00000000 00:00 0                          [stack:10076]
7fab786f7000-7fab786f8000 ---p 00000000 00:00 0 
7fab786f8000-7fab79000000 rw-p 00000000 00:00 0                          [stack:10072]
7fab79000000-7fab79680000 rwxp 00000000 00:00 0 
7fab79680000-7fab88000000 ---p 00000000 00:00 0 
7fab88000000-7fab883a2000 rw-p 00000000 00:00 0 
7fab883a2000-7fab8c000000 ---p 00000000 00:00 0 
7fab8c000000-7fab8c00f000 r--s 000dd000 00:19 9438599                    /home/mike/Android/Sdk/build-tools/22.0.1/lib/dx.jar
7fab8c00f000-7fab8c7bb000 rw-p 00000000 00:00 0 
7fab8c7bb000-7fab8c994000 r--s 03d09000 08:03 1573810                    /opt/java/jdk1.8.0_45/jre/lib/rt.jar
7fab8c994000-7fab8d08a000 rw-p 00000000 00:00 0 
7fab8d08a000-7fab8d20a000 ---p 00000000 00:00 0 
7fab8d20a000-7fab8d40a000 rw-p 00000000 00:00 0 
7fab8d40a000-7fab8d40b000 ---p 00000000 00:00 0 
7fab8d40b000-7fab8d50b000 rw-p 00000000 00:00 0                          [stack:10060]
7fab8d50b000-7fab8d50c000 ---p 00000000 00:00 0 
7fab8d50c000-7fab8d60c000 rw-p 00000000 00:00 0                          [stack:10058]
7fab8d60c000-7fab8d60d000 ---p 00000000 00:00 0 
7fab8d60d000-7fab8d70d000 rw-p 00000000 00:00 0                          [stack:10057]
7fab8d70d000-7fab8d70e000 ---p 00000000 00:00 0 
7fab8d70e000-7fab8d823000 rw-p 00000000 00:00 0                          [stack:10055]
7fab8d823000-7fab8d964000 ---p 00000000 00:00 0 
7fab8d964000-7fab8d979000 rw-p 00000000 00:00 0 
7fab8d979000-7fab8dab9000 ---p 00000000 00:00 0 
7fab8dab9000-7fab8dacc000 rw-p 00000000 00:00 0 
7fab8dacc000-7fab8db64000 ---p 00000000 00:00 0 
7fab8db64000-7fab8db7f000 rw-p 00000000 00:00 0 
7fab8db7f000-7fab8df25000 ---p 00000000 00:00 0 
7fab8df25000-7fab8df3f000 r-xp 00000000 08:03 1574049                    /opt/java/jdk1.8.0_45/jre/lib/amd64/libzip.so
7fab8df3f000-7fab8e13f000 ---p 0001a000 08:03 1574049                    /opt/java/jdk1.8.0_45/jre/lib/amd64/libzip.so
7fab8e13f000-7fab8e140000 rw-p 0001a000 08:03 1574049                    /opt/java/jdk1.8.0_45/jre/lib/amd64/libzip.so
7fab8e140000-7fab8e14b000 r-xp 00000000 08:03 131807                     /lib/x86_64-linux-gnu/libnss_files-2.19.so
7fab8e14b000-7fab8e34a000 ---p 0000b000 08:03 131807                     /lib/x86_64-linux-gnu/libnss_files-2.19.so
7fab8e34a000-7fab8e34b000 r--p 0000a000 08:03 131807                     /lib/x86_64-linux-gnu/libnss_files-2.19.so
7fab8e34b000-7fab8e34c000 rw-p 0000b000 08:03 131807                     /lib/x86_64-linux-gnu/libnss_files-2.19.so
7fab8e34c000-7fab8e357000 r-xp 00000000 08:03 131871                     /lib/x86_64-linux-gnu/libnss_nis-2.19.so
7fab8e357000-7fab8e556000 ---p 0000b000 08:03 131871                     /lib/x86_64-linux-gnu/libnss_nis-2.19.so
7fab8e556000-7fab8e557000 r--p 0000a000 08:03 131871                     /lib/x86_64-linux-gnu/libnss_nis-2.19.so
7fab8e557000-7fab8e558000 rw-p 0000b000 08:03 131871                     /lib/x86_64-linux-gnu/libnss_nis-2.19.so
7fab8e558000-7fab8e56f000 r-xp 00000000 08:03 131829                     /lib/x86_64-linux-gnu/libnsl-2.19.so
7fab8e56f000-7fab8e76e000 ---p 00017000 08:03 131829                     /lib/x86_64-linux-gnu/libnsl-2.19.so
7fab8e76e000-7fab8e76f000 r--p 00016000 08:03 131829                     /lib/x86_64-linux-gnu/libnsl-2.19.so
7fab8e76f000-7fab8e770000 rw-p 00017000 08:03 131829                     /lib/x86_64-linux-gnu/libnsl-2.19.so
7fab8e770000-7fab8e772000 rw-p 00000000 00:00 0 
7fab8e772000-7fab8e77b000 r-xp 00000000 08:03 131828                     /lib/x86_64-linux-gnu/libnss_compat-2.19.so
7fab8e77b000-7fab8e97a000 ---p 00009000 08:03 131828                     /lib/x86_64-linux-gnu/libnss_compat-2.19.so
7fab8e97a000-7fab8e97b000 r--p 00008000 08:03 131828                     /lib/x86_64-linux-gnu/libnss_compat-2.19.so
7fab8e97b000-7fab8e97c000 rw-p 00009000 08:03 131828                     /lib/x86_64-linux-gnu/libnss_compat-2.19.so
7fab8e97c000-7fab8e9a6000 r-xp 00000000 08:03 1574040                    /opt/java/jdk1.8.0_45/jre/lib/amd64/libjava.so
7fab8e9a6000-7fab8eba6000 ---p 0002a000 08:03 1574040                    /opt/java/jdk1.8.0_45/jre/lib/amd64/libjava.so
7fab8eba6000-7fab8eba8000 rw-p 0002a000 08:03 1574040                    /opt/java/jdk1.8.0_45/jre/lib/amd64/libjava.so
7fab8eba8000-7fab8ebb5000 r-xp 00000000 08:03 1574047                    /opt/java/jdk1.8.0_45/jre/lib/amd64/libverify.so
7fab8ebb5000-7fab8edb5000 ---p 0000d000 08:03 1574047                    /opt/java/jdk1.8.0_45/jre/lib/amd64/libverify.so
7fab8edb5000-7fab8edb7000 rw-p 0000d000 08:03 1574047                    /opt/java/jdk1.8.0_45/jre/lib/amd64/libverify.so
7fab8edb7000-7fab8edbe000 r-xp 00000000 08:03 131868                     /lib/x86_64-linux-gnu/librt-2.19.so
7fab8edbe000-7fab8efbd000 ---p 00007000 08:03 131868                     /lib/x86_64-linux-gnu/librt-2.19.so
7fab8efbd000-7fab8efbe000 r--p 00006000 08:03 131868                     /lib/x86_64-linux-gnu/librt-2.19.so
7fab8efbe000-7fab8efbf000 rw-p 00007000 08:03 131868                     /lib/x86_64-linux-gnu/librt-2.19.so
7fab8efbf000-7fab8f0c4000 r-xp 00000000 08:03 131806                     /lib/x86_64-linux-gnu/libm-2.19.so
7fab8f0c4000-7fab8f2c3000 ---p 00105000 08:03 131806                     /lib/x86_64-linux-gnu/libm-2.19.so
7fab8f2c3000-7fab8f2c4000 r--p 00104000 08:03 131806                     /lib/x86_64-linux-gnu/libm-2.19.so
7fab8f2c4000-7fab8f2c5000 rw-p 00105000 08:03 131806                     /lib/x86_64-linux-gnu/libm-2.19.so
7fab8f2c5000-7fab8ff73000 r-xp 00000000 08:03 1574060                    /opt/java/jdk1.8.0_45/jre/lib/amd64/server/libjvm.so
7fab8ff73000-7fab90172000 ---p 00cae000 08:03 1574060                    /opt/java/jdk1.8.0_45/jre/lib/amd64/server/libjvm.so
7fab90172000-7fab90249000 rw-p 00cad000 08:03 1574060                    /opt/java/jdk1.8.0_45/jre/lib/amd64/server/libjvm.so
7fab90249000-7fab9028d000 rw-p 00000000 00:00 0 
7fab9028d000-7fab90448000 r-xp 00000000 08:03 131857                     /lib/x86_64-linux-gnu/libc-2.19.so
7fab90448000-7fab90647000 ---p 001bb000 08:03 131857                     /lib/x86_64-linux-gnu/libc-2.19.so
7fab90647000-7fab9064b000 r--p 001ba000 08:03 131857                     /lib/x86_64-linux-gnu/libc-2.19.so
7fab9064b000-7fab9064d000 rw-p 001be000 08:03 131857                     /lib/x86_64-linux-gnu/libc-2.19.so
7fab9064d000-7fab90652000 rw-p 00000000 00:00 0 
7fab90652000-7fab90655000 r-xp 00000000 08:03 131810                     /lib/x86_64-linux-gnu/libdl-2.19.so
7fab90655000-7fab90854000 ---p 00003000 08:03 131810                     /lib/x86_64-linux-gnu/libdl-2.19.so
7fab90854000-7fab90855000 r--p 00002000 08:03 131810                     /lib/x86_64-linux-gnu/libdl-2.19.so
7fab90855000-7fab90856000 rw-p 00003000 08:03 131810                     /lib/x86_64-linux-gnu/libdl-2.19.so
7fab90856000-7fab9086b000 r-xp 00000000 08:03 1573749                    /opt/java/jdk1.8.0_45/lib/amd64/jli/libjli.so
7fab9086b000-7fab90a6b000 ---p 00015000 08:03 1573749                    /opt/java/jdk1.8.0_45/lib/amd64/jli/libjli.so
7fab90a6b000-7fab90a6c000 rw-p 00015000 08:03 1573749                    /opt/java/jdk1.8.0_45/lib/amd64/jli/libjli.so
7fab90a6c000-7fab90a85000 r-xp 00000000 08:03 131858                     /lib/x86_64-linux-gnu/libpthread-2.19.so
7fab90a85000-7fab90c84000 ---p 00019000 08:03 131858                     /lib/x86_64-linux-gnu/libpthread-2.19.so
7fab90c84000-7fab90c85000 r--p 00018000 08:03 131858                     /lib/x86_64-linux-gnu/libpthread-2.19.so
7fab90c85000-7fab90c86000 rw-p 00019000 08:03 131858                     /lib/x86_64-linux-gnu/libpthread-2.19.so
7fab90c86000-7fab90c8a000 rw-p 00000000 00:00 0 
7fab90c8a000-7fab90cad000 r-xp 00000000 08:03 131833                     /lib/x86_64-linux-gnu/ld-2.19.so
7fab90cad000-7fab90cb5000 r--s 00036000 00:19 11272984                   /home/mike/AndroidStudioProjects/Wordist/app/build/intermediates/exploded-aar/com.android.support/support-v4/22.1.1/jars/libs/internal_impl-22.1.1.jar
7fab90cb5000-7fab90d87000 rw-p 00000000 00:00 0 
7fab90d87000-7fab90d8a000 ---p 00000000 00:00 0 
7fab90d8a000-7fab90ea0000 rw-p 00000000 00:00 0                          [stack:10051]
7fab90ea0000-7fab90ea8000 rw-s 00000000 08:03 1574141                    /tmp/hsperfdata_mike/10036
7fab90ea8000-7fab90ea9000 rw-p 00000000 00:00 0 
7fab90ea9000-7fab90eaa000 ---p 00000000 00:00 0 
7fab90eaa000-7fab90eac000 rw-p 00000000 00:00 0 
7fab90eac000-7fab90ead000 r--p 00022000 08:03 131833                     /lib/x86_64-linux-gnu/ld-2.19.so
7fab90ead000-7fab90eae000 rw-p 00023000 08:03 131833                     /lib/x86_64-linux-gnu/ld-2.19.so
7fab90eae000-7fab90eaf000 rw-p 00000000 00:00 0 
7fff452b3000-7fff452d4000 rw-p 00000000 00:00 0                          [stack]
7fff453fe000-7fff45400000 r-xp 00000000 00:00 0                          [vdso]
ffffffffff600000-ffffffffff601000 r-xp 00000000 00:00 0                  [vsyscall]

VM Arguments:
jvm_args: -Xmx1024M -Dfile.encoding=UTF-8 -Duser.country=GB -Duser.language=en -Duser.variant 
java_command: com.android.dx.command.Main --dex --output /home/mike/AndroidStudioProjects/Wordist/app/build/intermediates/pre-dexed/debug/internal_impl-22.1.1-ee2a7a015fad6832a1403213ae0a0bdf16032d23.jar /home/mike/AndroidStudioProjects/Wordist/app/build/intermediates/exploded-aar/com.android.support/support-v4/22.1.1/jars/libs/internal_impl-22.1.1.jar
java_class_path (initial): /home/mike/Android/Sdk/build-tools/22.0.1/lib/dx.jar
Launcher Type: SUN_STANDARD

Environment Variables:
PATH=/usr/local/sbin:/usr/local/bin:/usr/sbin:/usr/bin:/sbin:/bin:/usr/games:/usr/local/games
USERNAME=mike
LD_LIBRARY_PATH=/opt/android-studio/bin:
SHELL=/bin/bash
DISPLAY=:0

Signal Handlers:
SIGSEGV: [libjvm.so+0xaad1e0], sa_mask[0]=11111111011111111101111111111110, sa_flags=SA_RESTART|SA_SIGINFO
SIGBUS: [libjvm.so+0xaad1e0], sa_mask[0]=11111111011111111101111111111110, sa_flags=SA_RESTART|SA_SIGINFO
SIGFPE: [libjvm.so+0x90b450], sa_mask[0]=11111111011111111101111111111110, sa_flags=SA_RESTART|SA_SIGINFO
SIGPIPE: [libjvm.so+0x90b450], sa_mask[0]=11111111011111111101111111111110, sa_flags=SA_RESTART|SA_SIGINFO
SIGXFSZ: [libjvm.so+0x90b450], sa_mask[0]=11111111011111111101111111111110, sa_flags=SA_RESTART|SA_SIGINFO
SIGILL: [libjvm.so+0x90b450], sa_mask[0]=11111111011111111101111111111110, sa_flags=SA_RESTART|SA_SIGINFO
SIGUSR1: SIG_DFL, sa_mask[0]=00000000000000000000000000000000, sa_flags=none
SIGUSR2: [libjvm.so+0x90ca90], sa_mask[0]=00100000000000000000000000000000, sa_flags=SA_RESTART|SA_SIGINFO
SIGHUP: [libjvm.so+0x90dde0], sa_mask[0]=11111111011111111101111111111110, sa_flags=SA_RESTART|SA_SIGINFO
SIGINT: [libjvm.so+0x90dde0], sa_mask[0]=11111111011111111101111111111110, sa_flags=SA_RESTART|SA_SIGINFO
SIGTERM: [libjvm.so+0x90dde0], sa_mask[0]=11111111011111111101111111111110, sa_flags=SA_RESTART|SA_SIGINFO
SIGQUIT: [libjvm.so+0x90dde0], sa_mask[0]=11111111011111111101111111111110, sa_flags=SA_RESTART|SA_SIGINFO


---------------  S Y S T E M  ---------------

OS:DISTRIB_ID=LinuxMint
DISTRIB_RELEASE=17.1
DISTRIB_CODENAME=rebecca
DISTRIB_DESCRIPTION="Linux Mint 17.1 Rebecca"

uname:Linux 3.13.0-37-generic #64-Ubuntu SMP Mon Sep 22 21:28:38 UTC 2014 x86_64
libc:glibc 2.19 NPTL 2.19 
rlimit: STACK 8192k, CORE 0k, NPROC 30866, NOFILE 4096, AS infinity
load average:1.82 2.01 1.22

/proc/meminfo:
MemTotal:        4048044 kB
MemFree:           93224 kB
Buffers:             408 kB
Cached:            47152 kB
SwapCached:            0 kB
Active:          3729592 kB
Inactive:          40056 kB
Active(anon):    3723928 kB
Inactive(anon):    32036 kB
Active(file):       5664 kB
Inactive(file):     8020 kB
Unevictable:         136 kB
Mlocked:             136 kB
SwapTotal:             0 kB
SwapFree:              0 kB
Dirty:               688 kB
Writeback:             0 kB
AnonPages:       3722992 kB
Mapped:            40248 kB
Shmem:             33128 kB
Slab:              58624 kB
SReclaimable:      20856 kB
SUnreclaim:        37768 kB
KernelStack:        4416 kB
PageTables:        26932 kB
NFS_Unstable:          0 kB
Bounce:                0 kB
WritebackTmp:          0 kB
CommitLimit:     2024020 kB
Committed_AS:    5549288 kB
VmallocTotal:   34359738367 kB
VmallocUsed:      310676 kB
VmallocChunk:   34359413752 kB
HardwareCorrupted:     0 kB
AnonHugePages:   2486272 kB
HugePages_Total:       0
HugePages_Free:        0
HugePages_Rsvd:        0
HugePages_Surp:        0
Hugepagesize:       2048 kB
DirectMap4k:       93760 kB
DirectMap2M:     4100096 kB
DirectMap1G:           0 kB


CPU:total 4 (4 cores per cpu, 1 threads per core) family 16 model 4 stepping 2, cmov, cx8, fxsr, mmx, sse, sse2, sse3, popcnt, mmxext, 3dnowpref, lzcnt, sse4a, tsc, tscinvbit, tscinv

/proc/cpuinfo:
processor	: 0
vendor_id	: AuthenticAMD
cpu family	: 16
model		: 4
model name	: AMD Phenom(tm) II X4 955 Processor
stepping	: 2
microcode	: 0x1000086
cpu MHz		: 2100.000
cache size	: 512 KB
physical id	: 0
siblings	: 4
core id		: 0
cpu cores	: 4
apicid		: 0
initial apicid	: 0
fpu		: yes
fpu_exception	: yes
cpuid level	: 5
wp		: yes
flags		: fpu vme de pse tsc msr pae mce cx8 apic sep mtrr pge mca cmov pat pse36 clflush mmx fxsr sse sse2 ht syscall nx mmxext fxsr_opt pdpe1gb rdtscp lm 3dnowext 3dnow constant_tsc rep_good nopl nonstop_tsc extd_apicid pni monitor cx16 popcnt lahf_lm cmp_legacy svm extapic cr8_legacy abm sse4a misalignsse 3dnowprefetch osvw ibs skinit wdt hw_pstate npt lbrv svm_lock nrip_save
bogomips	: 6399.96
TLB size	: 1024 4K pages
clflush size	: 64
cache_alignment	: 64
address sizes	: 48 bits physical, 48 bits virtual
power management: ts ttp tm stc 100mhzsteps hwpstate

processor	: 1
vendor_id	: AuthenticAMD
cpu family	: 16
model		: 4
model name	: AMD Phenom(tm) II X4 955 Processor
stepping	: 2
microcode	: 0x1000086
cpu MHz		: 2100.000
cache size	: 512 KB
physical id	: 0
siblings	: 4
core id		: 1
cpu cores	: 4
apicid		: 1
initial apicid	: 1
fpu		: yes
fpu_exception	: yes
cpuid level	: 5
wp		: yes
flags		: fpu vme de pse tsc msr pae mce cx8 apic sep mtrr pge mca cmov pat pse36 clflush mmx fxsr sse sse2 ht syscall nx mmxext fxsr_opt pdpe1gb rdtscp lm 3dnowext 3dnow constant_tsc rep_good nopl nonstop_tsc extd_apicid pni monitor cx16 popcnt lahf_lm cmp_legacy svm extapic cr8_legacy abm sse4a misalignsse 3dnowprefetch osvw ibs skinit wdt hw_pstate npt lbrv svm_lock nrip_save
bogomips	: 6399.96
TLB size	: 1024 4K pages
clflush size	: 64
cache_alignment	: 64
address sizes	: 48 bits physical, 48 bits virtual
power management: ts ttp tm stc 100mhzsteps hwpstate

processor	: 2
vendor_id	: AuthenticAMD
cpu family	: 16
model		: 4
model name	: AMD Phenom(tm) II X4 955 Processor
stepping	: 2
microcode	: 0x1000086
cpu MHz		: 800.000
cache size	: 512 KB
physical id	: 0
siblings	: 4
core id		: 2
cpu cores	: 4
apicid		: 2
initial apicid	: 2
fpu		: yes
fpu_exception	: yes
cpuid level	: 5
wp		: yes
flags		: fpu vme de pse tsc msr pae mce cx8 apic sep mtrr pge mca cmov pat pse36 clflush mmx fxsr sse sse2 ht syscall nx mmxext fxsr_opt pdpe1gb rdtscp lm 3dnowext 3dnow constant_tsc rep_good nopl nonstop_tsc extd_apicid pni monitor cx16 popcnt lahf_lm cmp_legacy svm extapic cr8_legacy abm sse4a misalignsse 3dnowprefetch osvw ibs skinit wdt hw_pstate npt lbrv svm_lock nrip_save
bogomips	: 6399.96
TLB size	: 1024 4K pages
clflush size	: 64
cache_alignment	: 64
address sizes	: 48 bits physical, 48 bits virtual
power management: ts ttp tm stc 100mhzsteps hwpstate

processor	: 3
vendor_id	: AuthenticAMD
cpu family	: 16
model		: 4
model name	: AMD Phenom(tm) II X4 955 Processor
stepping	: 2
microcode	: 0x1000086
cpu MHz		: 3200.000
cache size	: 512 KB
physical id	: 0
siblings	: 4
core id		: 3
cpu cores	: 4
apicid		: 3
initial apicid	: 3
fpu		: yes
fpu_exception	: yes
cpuid level	: 5
wp		: yes
flags		: fpu vme de pse tsc msr pae mce cx8 apic sep mtrr pge mca cmov pat pse36 clflush mmx fxsr sse sse2 ht syscall nx mmxext fxsr_opt pdpe1gb rdtscp lm 3dnowext 3dnow constant_tsc rep_good nopl nonstop_tsc extd_apicid pni monitor cx16 popcnt lahf_lm cmp_legacy svm extapic cr8_legacy abm sse4a misalignsse 3dnowprefetch osvw ibs skinit wdt hw_pstate npt lbrv svm_lock nrip_save
bogomips	: 6399.96
TLB size	: 1024 4K pages
clflush size	: 64
cache_alignment	: 64
address sizes	: 48 bits physical, 48 bits virtual
power management: ts ttp tm stc 100mhzsteps hwpstate



Memory: 4k page, physical 4048044k(92480k free), swap 0k(0k free)

vm_info: Java HotSpot(TM) 64-Bit Server VM (25.45-b02) for linux-amd64 JRE (1.8.0_45-b14), built on Apr 10 2015 10:07:45 by "java_re" with gcc 4.3.0 20080428 (Red Hat 4.3.0-8)

time: Mon Jun 22 19:54:57 2015
elapsed time: 4 seconds (0d 0h 0m 4s)

