#
# There is insufficient memory for the Java Runtime Environment to continue.
# Native memory allocation (mmap) failed to map 62914560 bytes for committing reserved memory.
# Possible reasons:
#   The system is out of physical RAM or swap space
#   In 32 bit mode, the process size limit was hit
# Possible solutions:
#   Reduce memory load on the system
#   Increase physical memory or swap space
#   Check if swap backing store is full
#   Use 64 bit Java on a 64 bit OS
#   Decrease Java heap size (-Xmx/-Xms)
#   Decrease number of Java threads
#   Decrease Java thread stack sizes (-Xss)
#   Set larger code cache with -XX:ReservedCodeCacheSize=
# This output file may be truncated or incomplete.
#
#  Out of Memory Error (os_linux.cpp:2673), pid=6210, tid=139994538686208
#
# JRE version: Java(TM) SE Runtime Environment (8.0_45-b14) (build 1.8.0_45-b14)
# Java VM: Java HotSpot(TM) 64-Bit Server VM (25.45-b02 mixed mode linux-amd64 compressed oops)
# Failed to write core dump. Core dumps have been disabled. To enable core dumping, try "ulimit -c unlimited" before starting Java again
#

---------------  T H R E A D  ---------------

Current thread (0x00007f5314079800):  VMThread [stack: 0x00007f5304afb000,0x00007f5304bfc000] [id=6220]

Stack: [0x00007f5304afb000,0x00007f5304bfc000],  sp=0x00007f5304bf9fe0,  free space=1019k
Native frames: (J=compiled Java code, j=interpreted, Vv=VM code, C=native code)
V  [libjvm.so+0xaac99a]  VMError::report_and_die()+0x2ba
V  [libjvm.so+0x4f333b]  report_vm_out_of_memory(char const*, int, unsigned long, VMErrorType, char const*)+0x8b
V  [libjvm.so+0x90e7c3]  os::Linux::commit_memory_impl(char*, unsigned long, bool)+0x103
V  [libjvm.so+0x90ed19]  os::pd_commit_memory(char*, unsigned long, unsigned long, bool)+0x29
V  [libjvm.so+0x90867a]  os::commit_memory(char*, unsigned long, unsigned long, bool)+0x2a
V  [libjvm.so+0x97bac3]  PSVirtualSpace::expand_by(unsigned long)+0x53
V  [libjvm.so+0x97cec8]  PSYoungGen::resize_generation(unsigned long, unsigned long)+0xf8
V  [libjvm.so+0x97c022]  PSYoungGen::resize(unsigned long, unsigned long)+0x22
V  [libjvm.so+0x9792fb]  PSScavenge::invoke_no_policy()+0xf7b
V  [libjvm.so+0x979a81]  PSScavenge::invoke()+0x41
V  [libjvm.so+0x932050]  ParallelScavengeHeap::failed_mem_allocate(unsigned long)+0x70
V  [libjvm.so+0xaae1d7]  VM_ParallelGCFailedAllocation::doit()+0x97
V  [libjvm.so+0xab59c5]  VM_Operation::evaluate()+0x55
V  [libjvm.so+0xab3d9a]  VMThread::evaluate_operation(VM_Operation*)+0xba
V  [libjvm.so+0xab411e]  VMThread::loop()+0x1ce
V  [libjvm.so+0xab4590]  VMThread::run()+0x70
V  [libjvm.so+0x910de8]  java_start(Thread*)+0x108

VM_Operation (0x00007f531d2d3000): ParallelGCFailedAllocation, mode: safepoint, requested by thread 0x00007f531400b800


---------------  P R O C E S S  ---------------

Java Threads: ( => current thread )
  0x00007f53140c4000 JavaThread "Service Thread" daemon [_thread_blocked, id=6227, stack(0x00007f530412b000,0x00007f530422c000)]
  0x00007f53140bf000 JavaThread "C1 CompilerThread2" daemon [_thread_blocked, id=6226, stack(0x00007f530422c000,0x00007f530432d000)]
  0x00007f53140bd000 JavaThread "C2 CompilerThread1" daemon [_thread_blocked, id=6225, stack(0x00007f530432d000,0x00007f530442e000)]
  0x00007f53140ba800 JavaThread "C2 CompilerThread0" daemon [_thread_blocked, id=6224, stack(0x00007f530442e000,0x00007f530452f000)]
  0x00007f53140b9000 JavaThread "Signal Dispatcher" daemon [_thread_blocked, id=6223, stack(0x00007f530452f000,0x00007f5304630000)]
  0x00007f5314080800 JavaThread "Finalizer" daemon [_thread_blocked, id=6222, stack(0x00007f53048f9000,0x00007f53049fa000)]
  0x00007f531407e800 JavaThread "Reference Handler" daemon [_thread_blocked, id=6221, stack(0x00007f53049fa000,0x00007f5304afb000)]
  0x00007f531400b800 JavaThread "main" [_thread_blocked, id=6215, stack(0x00007f531d1d4000,0x00007f531d2d5000)]

Other Threads:
=>0x00007f5314079800 VMThread [stack: 0x00007f5304afb000,0x00007f5304bfc000] [id=6220]
  0x00007f53140c6800 WatcherThread [stack: 0x00007f530402a000,0x00007f530412b000] [id=6228]

VM state:at safepoint (normal execution)

VM Mutex/Monitor currently owned by a thread:  ([mutex/lock_event])
[0x00007f5314008010] Threads_lock - owner thread: 0x00007f5314079800
[0x00007f5314008510] Heap_lock - owner thread: 0x00007f531400b800

Heap:
 PSYoungGen      total 71680K, used 5429K [0x00000000eab00000, 0x00000000efa00000, 0x0000000100000000)
  eden space 62976K, 0% used [0x00000000eab00000,0x00000000eab00000,0x00000000ee880000)
  from space 8704K, 62% used [0x00000000ee880000,0x00000000eedcd440,0x00000000ef100000)
  to   space 8192K, 0% used [0x00000000ef100000,0x00000000ef100000,0x00000000ef900000)
 ParOldGen       total 42496K, used 18747K [0x00000000c0000000, 0x00000000c2980000, 0x00000000eab00000)
  object space 42496K, 44% used [0x00000000c0000000,0x00000000c124ed68,0x00000000c2980000)
 Metaspace       used 7717K, capacity 7966K, committed 8320K, reserved 1056768K
  class space    used 754K, capacity 785K, committed 896K, reserved 1048576K

Card table byte_map: [0x00007f5319db3000,0x00007f5319fb4000] byte_map_base: 0x00007f53197b3000

Marking Bits: (ParMarkBitMap*) 0x00007f531c6b1760
 Begin Bits: [0x00007f52fe000000, 0x00007f52ff000000)
 End Bits:   [0x00007f52ff000000, 0x00007f5300000000)

Polling page: 0x00007f531d2f8000

CodeCache: size=245760Kb used=8468Kb max_used=8468Kb free=237291Kb
 bounds [0x00007f5305000000, 0x00007f5305850000, 0x00007f5314000000]
 total_blobs=2705 nmethods=2410 adapters=210
 compilation: enabled

Compilation events (10 events):
Event: 3.064 Thread 0x00007f53140bf000 2421       2       java.util.regex.ASCII::isType (15 bytes)
Event: 3.064 Thread 0x00007f53140bf000 nmethod 2421 0x00007f530584a3d0 code [0x00007f530584a540, 0x00007f530584a6d0]
Event: 3.064 Thread 0x00007f53140bf000 2422       2       java.util.regex.ASCII::getType (17 bytes)
Event: 3.064 Thread 0x00007f53140bf000 nmethod 2422 0x00007f530584a010 code [0x00007f530584a180, 0x00007f530584a2f0]
Event: 3.064 Thread 0x00007f53140bf000 2423       2       java.util.regex.Matcher::start (22 bytes)
Event: 3.064 Thread 0x00007f53140bf000 nmethod 2423 0x00007f5305849b90 code [0x00007f5305849d00, 0x00007f5305849f08]
Event: 3.064 Thread 0x00007f53140bf000 2426       1       java.util.Formatter$FixedString::index (3 bytes)
Event: 3.064 Thread 0x00007f53140bf000 nmethod 2426 0x00007f53058498d0 code [0x00007f5305849a20, 0x00007f5305849b30]
Event: 3.064 Thread 0x00007f53140bf000 2427       1       java.util.Formatter$FormatSpecifier::index (5 bytes)
Event: 3.065 Thread 0x00007f53140bf000 nmethod 2427 0x00007f5305849610 code [0x00007f5305849760, 0x00007f5305849870]

GC Heap History (10 events):
Event: 1.449 GC heap after
Heap after GC invocations=2 (full 0):
 PSYoungGen      total 18432K, used 2550K [0x00000000eab00000, 0x00000000ecf00000, 0x0000000100000000)
  eden space 15872K, 0% used [0x00000000eab00000,0x00000000eab00000,0x00000000eba80000)
  from space 2560K, 99% used [0x00000000ebd00000,0x00000000ebf7da78,0x00000000ebf80000)
  to   space 2560K, 0% used [0x00000000eba80000,0x00000000eba80000,0x00000000ebd00000)
 ParOldGen       total 42496K, used 5827K [0x00000000c0000000, 0x00000000c2980000, 0x00000000eab00000)
  object space 42496K, 13% used [0x00000000c0000000,0x00000000c05b0fb0,0x00000000c2980000)
 Metaspace       used 5501K, capacity 6832K, committed 7040K, reserved 1056768K
  class space    used 539K, capacity 616K, committed 640K, reserved 1048576K
}
Event: 1.661 GC heap before
{Heap before GC invocations=3 (full 0):
 PSYoungGen      total 18432K, used 18387K [0x00000000eab00000, 0x00000000ecf00000, 0x0000000100000000)
  eden space 15872K, 99% used [0x00000000eab00000,0x00000000eba77580,0x00000000eba80000)
  from space 2560K, 99% used [0x00000000ebd00000,0x00000000ebf7da78,0x00000000ebf80000)
  to   space 2560K, 0% used [0x00000000eba80000,0x00000000eba80000,0x00000000ebd00000)
 ParOldGen       total 42496K, used 5827K [0x00000000c0000000, 0x00000000c2980000, 0x00000000eab00000)
  object space 42496K, 13% used [0x00000000c0000000,0x00000000c05b0fb0,0x00000000c2980000)
 Metaspace       used 5561K, capacity 6896K, committed 7040K, reserved 1056768K
  class space    used 541K, capacity 616K, committed 640K, reserved 1048576K
Event: 1.672 GC heap after
Heap after GC invocations=3 (full 0):
 PSYoungGen      total 18432K, used 2552K [0x00000000eab00000, 0x00000000ecf00000, 0x0000000100000000)
  eden space 15872K, 0% used [0x00000000eab00000,0x00000000eab00000,0x00000000eba80000)
  from space 2560K, 99% used [0x00000000eba80000,0x00000000ebcfe120,0x00000000ebd00000)
  to   space 2560K, 0% used [0x00000000ecc80000,0x00000000ecc80000,0x00000000ecf00000)
 ParOldGen       total 42496K, used 10063K [0x00000000c0000000, 0x00000000c2980000, 0x00000000eab00000)
  object space 42496K, 23% used [0x00000000c0000000,0x00000000c09d3f30,0x00000000c2980000)
 Metaspace       used 5561K, capacity 6896K, committed 7040K, reserved 1056768K
  class space    used 541K, capacity 616K, committed 640K, reserved 1048576K
}
Event: 1.920 GC heap before
{Heap before GC invocations=4 (full 0):
 PSYoungGen      total 18432K, used 18424K [0x00000000eab00000, 0x00000000ecf00000, 0x0000000100000000)
  eden space 15872K, 100% used [0x00000000eab00000,0x00000000eba80000,0x00000000eba80000)
  from space 2560K, 99% used [0x00000000eba80000,0x00000000ebcfe120,0x00000000ebd00000)
  to   space 2560K, 0% used [0x00000000ecc80000,0x00000000ecc80000,0x00000000ecf00000)
 ParOldGen       total 42496K, used 10063K [0x00000000c0000000, 0x00000000c2980000, 0x00000000eab00000)
  object space 42496K, 23% used [0x00000000c0000000,0x00000000c09d3f30,0x00000000c2980000)
 Metaspace       used 5884K, capacity 7088K, committed 7296K, reserved 1056768K
  class space    used 562K, capacity 616K, committed 640K, reserved 1048576K
Event: 2.155 GC heap after
Heap after GC invocations=4 (full 0):
 PSYoungGen      total 34304K, used 2532K [0x00000000eab00000, 0x00000000ecf00000, 0x0000000100000000)
  eden space 31744K, 0% used [0x00000000eab00000,0x00000000eab00000,0x00000000eca00000)
  from space 2560K, 98% used [0x00000000ecc80000,0x00000000ecef91f8,0x00000000ecf00000)
  to   space 2560K, 0% used [0x00000000eca00000,0x00000000eca00000,0x00000000ecc80000)
 ParOldGen       total 42496K, used 14624K [0x00000000c0000000, 0x00000000c2980000, 0x00000000eab00000)
  object space 42496K, 34% used [0x00000000c0000000,0x00000000c0e483c8,0x00000000c2980000)
 Metaspace       used 5884K, capacity 7088K, committed 7296K, reserved 1056768K
  class space    used 562K, capacity 616K, committed 640K, reserved 1048576K
}
Event: 2.745 GC heap before
{Heap before GC invocations=5 (full 0):
 PSYoungGen      total 34304K, used 34276K [0x00000000eab00000, 0x00000000ecf00000, 0x0000000100000000)
  eden space 31744K, 100% used [0x00000000eab00000,0x00000000eca00000,0x00000000eca00000)
  from space 2560K, 98% used [0x00000000ecc80000,0x00000000ecef91f8,0x00000000ecf00000)
  to   space 2560K, 0% used [0x00000000eca00000,0x00000000eca00000,0x00000000ecc80000)
 ParOldGen       total 42496K, used 14624K [0x00000000c0000000, 0x00000000c2980000, 0x00000000eab00000)
  object space 42496K, 34% used [0x00000000c0000000,0x00000000c0e483c8,0x00000000c2980000)
 Metaspace       used 7584K, capacity 7864K, committed 7936K, reserved 1056768K
  class space    used 744K, capacity 752K, committed 768K, reserved 1048576K
Event: 2.756 GC heap after
Heap after GC invocations=5 (full 0):
 PSYoungGen      total 34304K, used 2546K [0x00000000eab00000, 0x00000000ef900000, 0x0000000100000000)
  eden space 31744K, 0% used [0x00000000eab00000,0x00000000eab00000,0x00000000eca00000)
  from space 2560K, 99% used [0x00000000eca00000,0x00000000ecc7c8b0,0x00000000ecc80000)
  to   space 8192K, 0% used [0x00000000ef100000,0x00000000ef100000,0x00000000ef900000)
 ParOldGen       total 42496K, used 16707K [0x00000000c0000000, 0x00000000c2980000, 0x00000000eab00000)
  object space 42496K, 39% used [0x00000000c0000000,0x00000000c1050e88,0x00000000c2980000)
 Metaspace       used 7584K, capacity 7864K, committed 7936K, reserved 1056768K
  class space    used 744K, capacity 752K, committed 768K, reserved 1048576K
}
Event: 2.865 GC heap before
{Heap before GC invocations=6 (full 0):
 PSYoungGen      total 34304K, used 34290K [0x00000000eab00000, 0x00000000ef900000, 0x0000000100000000)
  eden space 31744K, 100% used [0x00000000eab00000,0x00000000eca00000,0x00000000eca00000)
  from space 2560K, 99% used [0x00000000eca00000,0x00000000ecc7c8b0,0x00000000ecc80000)
  to   space 8192K, 0% used [0x00000000ef100000,0x00000000ef100000,0x00000000ef900000)
 ParOldGen       total 42496K, used 16707K [0x00000000c0000000, 0x00000000c2980000, 0x00000000eab00000)
  object space 42496K, 39% used [0x00000000c0000000,0x00000000c1050e88,0x00000000c2980000)
 Metaspace       used 7607K, capacity 7928K, committed 8192K, reserved 1056768K
  class space    used 745K, capacity 752K, committed 768K, reserved 1048576K
Event: 2.880 GC heap after
Heap after GC invocations=6 (full 0):
 PSYoungGen      total 71168K, used 3865K [0x00000000eab00000, 0x00000000efa00000, 0x0000000100000000)
  eden space 62976K, 0% used [0x00000000eab00000,0x00000000eab00000,0x00000000ee880000)
  from space 8192K, 47% used [0x00000000ef100000,0x00000000ef4c6608,0x00000000ef900000)
  to   space 8704K, 0% used [0x00000000ee880000,0x00000000ee880000,0x00000000ef100000)
 ParOldGen       total 42496K, used 16715K [0x00000000c0000000, 0x00000000c2980000, 0x00000000eab00000)
  object space 42496K, 39% used [0x00000000c0000000,0x00000000c1052e88,0x00000000c2980000)
 Metaspace       used 7607K, capacity 7928K, committed 8192K, reserved 1056768K
  class space    used 745K, capacity 752K, committed 768K, reserved 1048576K
}
Event: 3.201 GC heap before
{Heap before GC invocations=7 (full 0):
 PSYoungGen      total 71168K, used 66841K [0x00000000eab00000, 0x00000000efa00000, 0x0000000100000000)
  eden space 62976K, 100% used [0x00000000eab00000,0x00000000ee880000,0x00000000ee880000)
  from space 8192K, 47% used [0x00000000ef100000,0x00000000ef4c6608,0x00000000ef900000)
  to   space 8704K, 0% used [0x00000000ee880000,0x00000000ee880000,0x00000000ef100000)
 ParOldGen       total 42496K, used 16715K [0x00000000c0000000, 0x00000000c2980000, 0x00000000eab00000)
  object space 42496K, 39% used [0x00000000c0000000,0x00000000c1052e88,0x00000000c2980000)
 Metaspace       used 7717K, capacity 7966K, committed 8320K, reserved 1056768K
  class space    used 754K, capacity 785K, committed 896K, reserved 1048576K

Deoptimization events (10 events):
Event: 2.352 Thread 0x00007f531400b800 Uncommon trap: reason=class_check action=maybe_recompile pc=0x00007f53055ad510 method=java.util.HashMap.putVal(ILjava/lang/Object;Ljava/lang/Object;ZZ)Ljava/lang/Object; @ 56
Event: 2.433 Thread 0x00007f531400b800 Uncommon trap: reason=unstable_if action=reinterpret pc=0x00007f530566ffac method=java.util.HashMap.putVal(ILjava/lang/Object;Ljava/lang/Object;ZZ)Ljava/lang/Object; @ 162
Event: 2.445 Thread 0x00007f531400b800 Uncommon trap: reason=unstable_if action=reinterpret pc=0x00007f5305574454 method=java.util.HashMap.getNode(ILjava/lang/Object;)Ljava/util/HashMap$Node; @ 84
Event: 2.490 Thread 0x00007f531400b800 Uncommon trap: reason=unstable_if action=reinterpret pc=0x00007f530550fd2c method=java.util.HashMap.getNode(ILjava/lang/Object;)Ljava/util/HashMap$Node; @ 84
Event: 2.543 Thread 0x00007f531400b800 Uncommon trap: reason=unstable_if action=reinterpret pc=0x00007f530567cd78 method=sun.misc.MetaIndex.mayContain(Ljava/lang/String;)Z @ 13
Event: 2.546 Thread 0x00007f531400b800 Uncommon trap: reason=class_check action=maybe_recompile pc=0x00007f5305556de8 method=java.util.ArrayList.<init>(Ljava/util/Collection;)V @ 6
Event: 2.554 Thread 0x00007f531400b800 Uncommon trap: reason=class_check action=maybe_recompile pc=0x00007f5305556de8 method=java.util.ArrayList.<init>(Ljava/util/Collection;)V @ 6
Event: 2.581 Thread 0x00007f531400b800 Uncommon trap: reason=predicate action=maybe_recompile pc=0x00007f5305719758 method=com.android.dex.Leb128.readUnsignedLeb128(Lcom/android/dex/util/ByteInput;)I @ 41
Event: 2.648 Thread 0x00007f531400b800 Uncommon trap: reason=unstable_if action=reinterpret pc=0x00007f5305744460 method=com.android.dex.FieldId.compareTo(Lcom/android/dex/FieldId;)I @ 8
Event: 2.696 Thread 0x00007f531400b800 Uncommon trap: reason=unstable_if action=reinterpret pc=0x00007f5305743ad4 method=com.android.dex.FieldId.compareTo(Lcom/android/dex/FieldId;)I @ 8

Internal exceptions (7 events):
Event: 0.163 Thread 0x00007f531400b800 Exception <a 'java/lang/NoSuchMethodError': Method sun.misc.Unsafe.defineClass(Ljava/lang/String;[BII)Ljava/lang/Class; name or signature does not match> (0x00000000eab12a38) thrown at [/RE-WORK/workspace/8-2-build-linux-amd64/jdk8u45/3457/hotspot/src/sha
Event: 0.163 Thread 0x00007f531400b800 Exception <a 'java/lang/NoSuchMethodError': Method sun.misc.Unsafe.prefetchRead(Ljava/lang/Object;J)V name or signature does not match> (0x00000000eab12cc8) thrown at [/RE-WORK/workspace/8-2-build-linux-amd64/jdk8u45/3457/hotspot/src/share/vm/prims/jni.cp
Event: 1.512 Thread 0x00007f531400b800 Implicit null exception at 0x00007f53054cd3a2 to 0x00007f53054cd442
Event: 2.543 Thread 0x00007f531400b800 Exception <a 'java/security/PrivilegedActionException'> (0x00000000eb041678) thrown at [/RE-WORK/workspace/8-2-build-linux-amd64/jdk8u45/3457/hotspot/src/share/vm/prims/jvm.cpp, line 1382]
Event: 2.543 Thread 0x00007f531400b800 Exception <a 'java/security/PrivilegedActionException'> (0x00000000eb0419c0) thrown at [/RE-WORK/workspace/8-2-build-linux-amd64/jdk8u45/3457/hotspot/src/share/vm/prims/jvm.cpp, line 1382]
Event: 2.544 Thread 0x00007f531400b800 Exception <a 'java/security/PrivilegedActionException'> (0x00000000eb043e70) thrown at [/RE-WORK/workspace/8-2-build-linux-amd64/jdk8u45/3457/hotspot/src/share/vm/prims/jvm.cpp, line 1382]
Event: 2.544 Thread 0x00007f531400b800 Exception <a 'java/security/PrivilegedActionException'> (0x00000000eb0441b8) thrown at [/RE-WORK/workspace/8-2-build-linux-amd64/jdk8u45/3457/hotspot/src/share/vm/prims/jvm.cpp, line 1382]

Events (10 events):
Event: 2.930 loading class sun/reflect/ClassDefiner done
Event: 2.930 loading class sun/reflect/ClassDefiner$1
Event: 2.930 loading class sun/reflect/ClassDefiner$1 done
Event: 2.930 loading class sun/reflect/BootstrapConstructorAccessorImpl
Event: 2.930 loading class sun/reflect/BootstrapConstructorAccessorImpl done
Event: 2.932 Thread 0x00007f531400b800 DEOPT PACKING pc=0x00007f53057a57c6 sp=0x00007f531d2d3390
Event: 2.932 Thread 0x00007f531400b800 DEOPT UNPACKING pc=0x00007f5305047233 sp=0x00007f531d2d30d0 mode 0
Event: 2.935 Thread 0x00007f531400b800 DEOPT PACKING pc=0x00007f53057a57c6 sp=0x00007f531d2d3390
Event: 2.935 Thread 0x00007f531400b800 DEOPT UNPACKING pc=0x00007f5305047233 sp=0x00007f531d2d30d0 mode 0
Event: 3.201 Executing VM operation: ParallelGCFailedAllocation


Dynamic libraries:
00400000-00401000 r-xp 00000000 08:03 1572315                            /opt/java/jdk1.8.0_45/bin/java
00600000-00601000 rw-p 00000000 08:03 1572315                            /opt/java/jdk1.8.0_45/bin/java
024e6000-02507000 rw-p 00000000 00:00 0                                  [heap]
c0000000-c2980000 rw-p 00000000 00:00 0 
c2980000-eab00000 ---p 00000000 00:00 0 
eab00000-efa00000 rw-p 00000000 00:00 0 
f3600000-100000000 ---p 00000000 00:00 0 
100000000-1000e0000 rw-p 00000000 00:00 0 
1000e0000-140000000 ---p 00000000 00:00 0 
7f52c8000000-7f52c8021000 rw-p 00000000 00:00 0 
7f52c8021000-7f52cc000000 ---p 00000000 00:00 0 
7f52cc000000-7f52cc021000 rw-p 00000000 00:00 0 
7f52cc021000-7f52d0000000 ---p 00000000 00:00 0 
7f52d0000000-7f52d0cae000 rw-p 00000000 00:00 0 
7f52d0cae000-7f52d4000000 ---p 00000000 00:00 0 
7f52d4000000-7f52d472e000 rw-p 00000000 00:00 0 
7f52d472e000-7f52d8000000 ---p 00000000 00:00 0 
7f52d8000000-7f52d8021000 rw-p 00000000 00:00 0 
7f52d8021000-7f52dc000000 ---p 00000000 00:00 0 
7f52dc000000-7f52dc86f000 rw-p 00000000 00:00 0 
7f52dc86f000-7f52e0000000 ---p 00000000 00:00 0 
7f52e0000000-7f52e0021000 rw-p 00000000 00:00 0 
7f52e0021000-7f52e4000000 ---p 00000000 00:00 0 
7f52e4000000-7f52e4021000 rw-p 00000000 00:00 0 
7f52e4021000-7f52e8000000 ---p 00000000 00:00 0 
7f52e8000000-7f52e8021000 rw-p 00000000 00:00 0 
7f52e8021000-7f52ec000000 ---p 00000000 00:00 0 
7f52ec000000-7f52ec28a000 rw-p 00000000 00:00 0 
7f52ec28a000-7f52f0000000 ---p 00000000 00:00 0 
7f52f0000000-7f52f0021000 rw-p 00000000 00:00 0 
7f52f0021000-7f52f4000000 ---p 00000000 00:00 0 
7f52f8000000-7f52f8021000 rw-p 00000000 00:00 0 
7f52f8021000-7f52fc000000 ---p 00000000 00:00 0 
7f52fe000000-7f5300000000 rw-p 00000000 00:00 0 
7f5300000000-7f5300021000 rw-p 00000000 00:00 0 
7f5300021000-7f5304000000 ---p 00000000 00:00 0 
7f530402a000-7f530402b000 ---p 00000000 00:00 0 
7f530402b000-7f530412b000 rw-p 00000000 00:00 0                          [stack:6228]
7f530412b000-7f530412e000 ---p 00000000 00:00 0 
7f530412e000-7f530422c000 rw-p 00000000 00:00 0                          [stack:6227]
7f530422c000-7f530422f000 ---p 00000000 00:00 0 
7f530422f000-7f530432d000 rw-p 00000000 00:00 0                          [stack:6226]
7f530432d000-7f5304330000 ---p 00000000 00:00 0 
7f5304330000-7f530442e000 rw-p 00000000 00:00 0                          [stack:6225]
7f530442e000-7f5304431000 ---p 00000000 00:00 0 
7f5304431000-7f530452f000 rw-p 00000000 00:00 0                          [stack:6224]
7f530452f000-7f5304532000 ---p 00000000 00:00 0 
7f5304532000-7f5304630000 rw-p 00000000 00:00 0                          [stack:6223]
7f5304630000-7f53048f9000 r--p 00000000 08:03 266989                     /usr/lib/locale/locale-archive
7f53048f9000-7f53048fc000 ---p 00000000 00:00 0 
7f53048fc000-7f53049fa000 rw-p 00000000 00:00 0                          [stack:6222]
7f53049fa000-7f53049fd000 ---p 00000000 00:00 0 
7f53049fd000-7f5304afb000 rw-p 00000000 00:00 0                          [stack:6221]
7f5304afb000-7f5304afc000 ---p 00000000 00:00 0 
7f5304afc000-7f5305000000 rw-p 00000000 00:00 0                          [stack:6220]
7f5305000000-7f5305850000 rwxp 00000000 00:00 0 
7f5305850000-7f5314000000 ---p 00000000 00:00 0 
7f5314000000-7f53143c2000 rw-p 00000000 00:00 0 
7f53143c2000-7f5318000000 ---p 00000000 00:00 0 
7f5318024000-7f531802f000 r--s 00116000 08:03 1574017                    /opt/java/jdk1.8.0_45/jre/lib/ext/localedata.jar
7f531802f000-7f531804b000 r--s 00393000 08:03 1574015                    /opt/java/jdk1.8.0_45/jre/lib/ext/cldrdata.jar
7f531804b000-7f531805a000 r--s 000dd000 00:19 9438599                    /home/mike/Android/Sdk/build-tools/22.0.1/lib/dx.jar
7f531805a000-7f5318c0a000 rw-p 00000000 00:00 0 
7f5318c0a000-7f5318de3000 r--s 03d09000 08:03 1573810                    /opt/java/jdk1.8.0_45/jre/lib/rt.jar
7f5318de3000-7f5319599000 rw-p 00000000 00:00 0 
7f5319599000-7f5319659000 ---p 00000000 00:00 0 
7f5319659000-7f5319859000 rw-p 00000000 00:00 0 
7f5319859000-7f531985a000 ---p 00000000 00:00 0 
7f531985a000-7f531995a000 rw-p 00000000 00:00 0                          [stack:6219]
7f531995a000-7f531995b000 ---p 00000000 00:00 0 
7f531995b000-7f5319a5b000 rw-p 00000000 00:00 0                          [stack:6218]
7f5319a5b000-7f5319a5c000 ---p 00000000 00:00 0 
7f5319a5c000-7f5319b5c000 rw-p 00000000 00:00 0                          [stack:6217]
7f5319b5c000-7f5319b5d000 ---p 00000000 00:00 0 
7f5319b5d000-7f5319c72000 rw-p 00000000 00:00 0                          [stack:6216]
7f5319c72000-7f5319db3000 ---p 00000000 00:00 0 
7f5319db3000-7f5319dc8000 rw-p 00000000 00:00 0 
7f5319dc8000-7f5319f08000 ---p 00000000 00:00 0 
7f5319f08000-7f5319f30000 rw-p 00000000 00:00 0 
7f5319f30000-7f5319fb3000 ---p 00000000 00:00 0 
7f5319fb3000-7f5319fd6000 rw-p 00000000 00:00 0 
7f5319fd6000-7f531a374000 ---p 00000000 00:00 0 
7f531a374000-7f531a38e000 r-xp 00000000 08:03 1574049                    /opt/java/jdk1.8.0_45/jre/lib/amd64/libzip.so
7f531a38e000-7f531a58e000 ---p 0001a000 08:03 1574049                    /opt/java/jdk1.8.0_45/jre/lib/amd64/libzip.so
7f531a58e000-7f531a58f000 rw-p 0001a000 08:03 1574049                    /opt/java/jdk1.8.0_45/jre/lib/amd64/libzip.so
7f531a58f000-7f531a59a000 r-xp 00000000 08:03 131807                     /lib/x86_64-linux-gnu/libnss_files-2.19.so
7f531a59a000-7f531a799000 ---p 0000b000 08:03 131807                     /lib/x86_64-linux-gnu/libnss_files-2.19.so
7f531a799000-7f531a79a000 r--p 0000a000 08:03 131807                     /lib/x86_64-linux-gnu/libnss_files-2.19.so
7f531a79a000-7f531a79b000 rw-p 0000b000 08:03 131807                     /lib/x86_64-linux-gnu/libnss_files-2.19.so
7f531a79b000-7f531a7a6000 r-xp 00000000 08:03 131871                     /lib/x86_64-linux-gnu/libnss_nis-2.19.so
7f531a7a6000-7f531a9a5000 ---p 0000b000 08:03 131871                     /lib/x86_64-linux-gnu/libnss_nis-2.19.so
7f531a9a5000-7f531a9a6000 r--p 0000a000 08:03 131871                     /lib/x86_64-linux-gnu/libnss_nis-2.19.so
7f531a9a6000-7f531a9a7000 rw-p 0000b000 08:03 131871                     /lib/x86_64-linux-gnu/libnss_nis-2.19.so
7f531a9a7000-7f531a9be000 r-xp 00000000 08:03 131829                     /lib/x86_64-linux-gnu/libnsl-2.19.so
7f531a9be000-7f531abbd000 ---p 00017000 08:03 131829                     /lib/x86_64-linux-gnu/libnsl-2.19.so
7f531abbd000-7f531abbe000 r--p 00016000 08:03 131829                     /lib/x86_64-linux-gnu/libnsl-2.19.so
7f531abbe000-7f531abbf000 rw-p 00017000 08:03 131829                     /lib/x86_64-linux-gnu/libnsl-2.19.so
7f531abbf000-7f531abc1000 rw-p 00000000 00:00 0 
7f531abc1000-7f531abca000 r-xp 00000000 08:03 131828                     /lib/x86_64-linux-gnu/libnss_compat-2.19.so
7f531abca000-7f531adc9000 ---p 00009000 08:03 131828                     /lib/x86_64-linux-gnu/libnss_compat-2.19.so
7f531adc9000-7f531adca000 r--p 00008000 08:03 131828                     /lib/x86_64-linux-gnu/libnss_compat-2.19.so
7f531adca000-7f531adcb000 rw-p 00009000 08:03 131828                     /lib/x86_64-linux-gnu/libnss_compat-2.19.so
7f531adcb000-7f531adf5000 r-xp 00000000 08:03 1574040                    /opt/java/jdk1.8.0_45/jre/lib/amd64/libjava.so
7f531adf5000-7f531aff5000 ---p 0002a000 08:03 1574040                    /opt/java/jdk1.8.0_45/jre/lib/amd64/libjava.so
7f531aff5000-7f531aff7000 rw-p 0002a000 08:03 1574040                    /opt/java/jdk1.8.0_45/jre/lib/amd64/libjava.so
7f531aff7000-7f531b004000 r-xp 00000000 08:03 1574047                    /opt/java/jdk1.8.0_45/jre/lib/amd64/libverify.so
7f531b004000-7f531b204000 ---p 0000d000 08:03 1574047                    /opt/java/jdk1.8.0_45/jre/lib/amd64/libverify.so
7f531b204000-7f531b206000 rw-p 0000d000 08:03 1574047                    /opt/java/jdk1.8.0_45/jre/lib/amd64/libverify.so
7f531b206000-7f531b20d000 r-xp 00000000 08:03 131868                     /lib/x86_64-linux-gnu/librt-2.19.so
7f531b20d000-7f531b40c000 ---p 00007000 08:03 131868                     /lib/x86_64-linux-gnu/librt-2.19.so
7f531b40c000-7f531b40d000 r--p 00006000 08:03 131868                     /lib/x86_64-linux-gnu/librt-2.19.so
7f531b40d000-7f531b40e000 rw-p 00007000 08:03 131868                     /lib/x86_64-linux-gnu/librt-2.19.so
7f531b40e000-7f531b513000 r-xp 00000000 08:03 131806                     /lib/x86_64-linux-gnu/libm-2.19.so
7f531b513000-7f531b712000 ---p 00105000 08:03 131806                     /lib/x86_64-linux-gnu/libm-2.19.so
7f531b712000-7f531b713000 r--p 00104000 08:03 131806                     /lib/x86_64-linux-gnu/libm-2.19.so
7f531b713000-7f531b714000 rw-p 00105000 08:03 131806                     /lib/x86_64-linux-gnu/libm-2.19.so
7f531b714000-7f531c3c2000 r-xp 00000000 08:03 1574060                    /opt/java/jdk1.8.0_45/jre/lib/amd64/server/libjvm.so
7f531c3c2000-7f531c5c1000 ---p 00cae000 08:03 1574060                    /opt/java/jdk1.8.0_45/jre/lib/amd64/server/libjvm.so
7f531c5c1000-7f531c698000 rw-p 00cad000 08:03 1574060                    /opt/java/jdk1.8.0_45/jre/lib/amd64/server/libjvm.so
7f531c698000-7f531c6dc000 rw-p 00000000 00:00 0 
7f531c6dc000-7f531c897000 r-xp 00000000 08:03 131857                     /lib/x86_64-linux-gnu/libc-2.19.so
7f531c897000-7f531ca96000 ---p 001bb000 08:03 131857                     /lib/x86_64-linux-gnu/libc-2.19.so
7f531ca96000-7f531ca9a000 r--p 001ba000 08:03 131857                     /lib/x86_64-linux-gnu/libc-2.19.so
7f531ca9a000-7f531ca9c000 rw-p 001be000 08:03 131857                     /lib/x86_64-linux-gnu/libc-2.19.so
7f531ca9c000-7f531caa1000 rw-p 00000000 00:00 0 
7f531caa1000-7f531caa4000 r-xp 00000000 08:03 131810                     /lib/x86_64-linux-gnu/libdl-2.19.so
7f531caa4000-7f531cca3000 ---p 00003000 08:03 131810                     /lib/x86_64-linux-gnu/libdl-2.19.so
7f531cca3000-7f531cca4000 r--p 00002000 08:03 131810                     /lib/x86_64-linux-gnu/libdl-2.19.so
7f531cca4000-7f531cca5000 rw-p 00003000 08:03 131810                     /lib/x86_64-linux-gnu/libdl-2.19.so
7f531cca5000-7f531ccba000 r-xp 00000000 08:03 1573749                    /opt/java/jdk1.8.0_45/lib/amd64/jli/libjli.so
7f531ccba000-7f531ceba000 ---p 00015000 08:03 1573749                    /opt/java/jdk1.8.0_45/lib/amd64/jli/libjli.so
7f531ceba000-7f531cebb000 rw-p 00015000 08:03 1573749                    /opt/java/jdk1.8.0_45/lib/amd64/jli/libjli.so
7f531cebb000-7f531ced4000 r-xp 00000000 08:03 131858                     /lib/x86_64-linux-gnu/libpthread-2.19.so
7f531ced4000-7f531d0d3000 ---p 00019000 08:03 131858                     /lib/x86_64-linux-gnu/libpthread-2.19.so
7f531d0d3000-7f531d0d4000 r--p 00018000 08:03 131858                     /lib/x86_64-linux-gnu/libpthread-2.19.so
7f531d0d4000-7f531d0d5000 rw-p 00019000 08:03 131858                     /lib/x86_64-linux-gnu/libpthread-2.19.so
7f531d0d5000-7f531d0d9000 rw-p 00000000 00:00 0 
7f531d0d9000-7f531d0fc000 r-xp 00000000 08:03 131833                     /lib/x86_64-linux-gnu/ld-2.19.so
7f531d0fd000-7f531d102000 r--s 00094000 08:03 1573828                    /opt/java/jdk1.8.0_45/jre/lib/jsse.jar
7f531d102000-7f531d1d4000 rw-p 00000000 00:00 0 
7f531d1d4000-7f531d1d7000 ---p 00000000 00:00 0 
7f531d1d7000-7f531d2da000 rw-p 00000000 00:00 0                          [stack:6215]
7f531d2da000-7f531d2db000 r--p 00000000 08:03 672594                     /usr/share/locale-langpack/en_GB/LC_MESSAGES/libc.mo
7f531d2db000-7f531d2ef000 rw-p 00000000 00:00 0 
7f531d2ef000-7f531d2f7000 rw-s 00000000 08:03 1574175                    /tmp/hsperfdata_mike/6210
7f531d2f7000-7f531d2f8000 rw-p 00000000 00:00 0 
7f531d2f8000-7f531d2f9000 ---p 00000000 00:00 0 
7f531d2f9000-7f531d2fb000 rw-p 00000000 00:00 0 
7f531d2fb000-7f531d2fc000 r--p 00022000 08:03 131833                     /lib/x86_64-linux-gnu/ld-2.19.so
7f531d2fc000-7f531d2fd000 rw-p 00023000 08:03 131833                     /lib/x86_64-linux-gnu/ld-2.19.so
7f531d2fd000-7f531d2fe000 rw-p 00000000 00:00 0 
7fffbf51a000-7fffbf53c000 rw-p 00000000 00:00 0                          [stack]
7fffbf545000-7fffbf547000 r-xp 00000000 00:00 0                          [vdso]
ffffffffff600000-ffffffffff601000 r-xp 00000000 00:00 0                  [vsyscall]

VM Arguments:
jvm_args: -Xmx1024M -Dfile.encoding=UTF-8 -Duser.country=GB -Duser.language=en -Duser.variant 
java_command: com.android.dx.command.Main --dex --output /home/mike/AndroidStudioProjects/Wordist/app/build/intermediates/dex/debug /home/mike/AndroidStudioProjects/Wordist/app/build/intermediates/classes/debug /home/mike/AndroidStudioProjects/Wordist/app/build/intermediates/pre-dexed/debug/support-annotations-22.2.0-bfa71d602cc0e11fce5350ed544c9f5e4d4a05e4.jar /home/mike/AndroidStudioProjects/Wordist/app/build/intermediates/pre-dexed/debug/classes-e01224f4b848d2f70fe036e6ffd03fad8e49b557.jar /home/mike/AndroidStudioProjects/Wordist/app/build/intermediates/pre-dexed/debug/classes-2ab3d19bd8375c4756f92f9df195e4252f17cf71.jar /home/mike/AndroidStudioProjects/Wordist/app/build/intermediates/pre-dexed/debug/classes-674e81071699e5047dc949309e33eaff0b6cf792.jar /home/mike/AndroidStudioProjects/Wordist/app/build/intermediates/pre-dexed/debug/classes-becf46f026f107f6ad7542c9b7c8b1bd96840546.jar /home/mike/AndroidStudioProjects/Wordist/app/build/intermediates/pre-dexed/debug/internal_impl-22.0.0-badf73acff408b2f94e3947ab7ebff932b700965.jar /home/mike/AndroidStudioProjects/Wordist/app/build/intermediates/pre-dexed/debug/classes-b97a6c1cf7fbeb04f196fcf80c57d4257edcc6dd.jar /home/mike/AndroidStudioProjects/Wordist/app/build/intermediates/pre-dexed/debug/classes-d24eb526a194db96263c3f6685649fd0fe6c44d5.jar /home/mike/AndroidStudioProjects/Wordist/app/build/intermediates/pre-dexed/debug/classes-d336082364352f264572be55a9b357e5ff0d11af.jar /home/mike/AndroidStudioProjects/Wordist/app/build/intermediates/pre-dexed/debug/classes-7a28f4ba4fb32a581ec7923ddf90ef95697adfea.jar /home/mike/AndroidStudioProjects/Wordist/app/build/intermediates/pre-dexed/debug/classes-2fffb6f7a97d395100aaf3eefa7e7444903a76be.jar /home/mike/AndroidStudioProjects/Wordist/app/build/intermediates/pre-dexed/debug/classes-cc0797b316f66372a2b35e75e646f3b4068a1b62.jar /home/mike/AndroidStudioProjects/Wordist/app/build/intermediates/pre-dexed/debug/classes-ba694547ab3fc3fe5bc8d34ae51866c6cab4beda.jar /home/mike/An
java_class_path (initial): /home/mike/Android/Sdk/build-tools/22.0.1/lib/dx.jar
Launcher Type: SUN_STANDARD

Environment Variables:
PATH=/usr/local/sbin:/usr/local/bin:/usr/sbin:/usr/bin:/sbin:/bin:/usr/games:/usr/local/games
USERNAME=mike
LD_LIBRARY_PATH=/opt/android-studio/bin:
SHELL=/bin/bash
DISPLAY=:0

Signal Handlers:
SIGSEGV: [libjvm.so+0xaad1e0], sa_mask[0]=11111111011111111101111111111110, sa_flags=SA_RESTART|SA_SIGINFO
SIGBUS: [libjvm.so+0xaad1e0], sa_mask[0]=11111111011111111101111111111110, sa_flags=SA_RESTART|SA_SIGINFO
SIGFPE: [libjvm.so+0x90b450], sa_mask[0]=11111111011111111101111111111110, sa_flags=SA_RESTART|SA_SIGINFO
SIGPIPE: [libjvm.so+0x90b450], sa_mask[0]=11111111011111111101111111111110, sa_flags=SA_RESTART|SA_SIGINFO
SIGXFSZ: [libjvm.so+0x90b450], sa_mask[0]=11111111011111111101111111111110, sa_flags=SA_RESTART|SA_SIGINFO
SIGILL: [libjvm.so+0x90b450], sa_mask[0]=11111111011111111101111111111110, sa_flags=SA_RESTART|SA_SIGINFO
SIGUSR1: SIG_DFL, sa_mask[0]=00000000000000000000000000000000, sa_flags=none
SIGUSR2: [libjvm.so+0x90ca90], sa_mask[0]=00100000000000000000000000000000, sa_flags=SA_RESTART|SA_SIGINFO
SIGHUP: [libjvm.so+0x90dde0], sa_mask[0]=11111111011111111101111111111110, sa_flags=SA_RESTART|SA_SIGINFO
SIGINT: [libjvm.so+0x90dde0], sa_mask[0]=11111111011111111101111111111110, sa_flags=SA_RESTART|SA_SIGINFO
SIGTERM: [libjvm.so+0x90dde0], sa_mask[0]=11111111011111111101111111111110, sa_flags=SA_RESTART|SA_SIGINFO
SIGQUIT: [libjvm.so+0x90dde0], sa_mask[0]=11111111011111111101111111111110, sa_flags=SA_RESTART|SA_SIGINFO


---------------  S Y S T E M  ---------------

OS:DISTRIB_ID=LinuxMint
DISTRIB_RELEASE=17.2
DISTRIB_CODENAME=rafaela
DISTRIB_DESCRIPTION="Linux Mint 17.2 Rafaela"

uname:Linux 3.13.0-37-generic #64-Ubuntu SMP Mon Sep 22 21:28:38 UTC 2014 x86_64
libc:glibc 2.19 NPTL 2.19 
rlimit: STACK 8192k, CORE 0k, NPROC 30882, NOFILE 4096, AS infinity
load average:1.58 1.15 0.97

/proc/meminfo:
MemTotal:        4048044 kB
MemFree:           94608 kB
Buffers:            1844 kB
Cached:           141824 kB
SwapCached:            0 kB
Active:          3442164 kB
Inactive:         118104 kB
Active(anon):    3418036 kB
Inactive(anon):    94208 kB
Active(file):      24128 kB
Inactive(file):    23896 kB
Unevictable:          88 kB
Mlocked:              88 kB
SwapTotal:             0 kB
SwapFree:              0 kB
Dirty:              2268 kB
Writeback:             0 kB
AnonPages:       3417060 kB
Mapped:           258208 kB
Shmem:             95308 kB
Slab:              79848 kB
SReclaimable:      33004 kB
SUnreclaim:        46844 kB
KernelStack:        4736 kB
PageTables:        35176 kB
NFS_Unstable:          0 kB
Bounce:                0 kB
WritebackTmp:          0 kB
CommitLimit:     2024020 kB
Committed_AS:    6196756 kB
VmallocTotal:   34359738367 kB
VmallocUsed:      305680 kB
VmallocChunk:   34359427560 kB
HardwareCorrupted:     0 kB
AnonHugePages:   1384448 kB
HugePages_Total:       0
HugePages_Free:        0
HugePages_Rsvd:        0
HugePages_Surp:        0
Hugepagesize:       2048 kB
DirectMap4k:      161344 kB
DirectMap2M:     2983936 kB
DirectMap1G:     1048576 kB


CPU:total 4 (4 cores per cpu, 1 threads per core) family 16 model 4 stepping 2, cmov, cx8, fxsr, mmx, sse, sse2, sse3, popcnt, mmxext, 3dnowpref, lzcnt, sse4a, tsc, tscinvbit, tscinv

/proc/cpuinfo:
processor	: 0
vendor_id	: AuthenticAMD
cpu family	: 16
model		: 4
model name	: AMD Phenom(tm) II X4 955 Processor
stepping	: 2
microcode	: 0x1000086
cpu MHz		: 800.000
cache size	: 512 KB
physical id	: 0
siblings	: 4
core id		: 0
cpu cores	: 4
apicid		: 0
initial apicid	: 0
fpu		: yes
fpu_exception	: yes
cpuid level	: 5
wp		: yes
flags		: fpu vme de pse tsc msr pae mce cx8 apic sep mtrr pge mca cmov pat pse36 clflush mmx fxsr sse sse2 ht syscall nx mmxext fxsr_opt pdpe1gb rdtscp lm 3dnowext 3dnow constant_tsc rep_good nopl nonstop_tsc extd_apicid pni monitor cx16 popcnt lahf_lm cmp_legacy svm extapic cr8_legacy abm sse4a misalignsse 3dnowprefetch osvw ibs skinit wdt hw_pstate npt lbrv svm_lock nrip_save
bogomips	: 6399.94
TLB size	: 1024 4K pages
clflush size	: 64
cache_alignment	: 64
address sizes	: 48 bits physical, 48 bits virtual
power management: ts ttp tm stc 100mhzsteps hwpstate

processor	: 1
vendor_id	: AuthenticAMD
cpu family	: 16
model		: 4
model name	: AMD Phenom(tm) II X4 955 Processor
stepping	: 2
microcode	: 0x1000086
cpu MHz		: 800.000
cache size	: 512 KB
physical id	: 0
siblings	: 4
core id		: 1
cpu cores	: 4
apicid		: 1
initial apicid	: 1
fpu		: yes
fpu_exception	: yes
cpuid level	: 5
wp		: yes
flags		: fpu vme de pse tsc msr pae mce cx8 apic sep mtrr pge mca cmov pat pse36 clflush mmx fxsr sse sse2 ht syscall nx mmxext fxsr_opt pdpe1gb rdtscp lm 3dnowext 3dnow constant_tsc rep_good nopl nonstop_tsc extd_apicid pni monitor cx16 popcnt lahf_lm cmp_legacy svm extapic cr8_legacy abm sse4a misalignsse 3dnowprefetch osvw ibs skinit wdt hw_pstate npt lbrv svm_lock nrip_save
bogomips	: 6399.94
TLB size	: 1024 4K pages
clflush size	: 64
cache_alignment	: 64
address sizes	: 48 bits physical, 48 bits virtual
power management: ts ttp tm stc 100mhzsteps hwpstate

processor	: 2
vendor_id	: AuthenticAMD
cpu family	: 16
model		: 4
model name	: AMD Phenom(tm) II X4 955 Processor
stepping	: 2
microcode	: 0x1000086
cpu MHz		: 800.000
cache size	: 512 KB
physical id	: 0
siblings	: 4
core id		: 2
cpu cores	: 4
apicid		: 2
initial apicid	: 2
fpu		: yes
fpu_exception	: yes
cpuid level	: 5
wp		: yes
flags		: fpu vme de pse tsc msr pae mce cx8 apic sep mtrr pge mca cmov pat pse36 clflush mmx fxsr sse sse2 ht syscall nx mmxext fxsr_opt pdpe1gb rdtscp lm 3dnowext 3dnow constant_tsc rep_good nopl nonstop_tsc extd_apicid pni monitor cx16 popcnt lahf_lm cmp_legacy svm extapic cr8_legacy abm sse4a misalignsse 3dnowprefetch osvw ibs skinit wdt hw_pstate npt lbrv svm_lock nrip_save
bogomips	: 6399.94
TLB size	: 1024 4K pages
clflush size	: 64
cache_alignment	: 64
address sizes	: 48 bits physical, 48 bits virtual
power management: ts ttp tm stc 100mhzsteps hwpstate

processor	: 3
vendor_id	: AuthenticAMD
cpu family	: 16
model		: 4
model name	: AMD Phenom(tm) II X4 955 Processor
stepping	: 2
microcode	: 0x1000086
cpu MHz		: 2100.000
cache size	: 512 KB
physical id	: 0
siblings	: 4
core id		: 3
cpu cores	: 4
apicid		: 3
initial apicid	: 3
fpu		: yes
fpu_exception	: yes
cpuid level	: 5
wp		: yes
flags		: fpu vme de pse tsc msr pae mce cx8 apic sep mtrr pge mca cmov pat pse36 clflush mmx fxsr sse sse2 ht syscall nx mmxext fxsr_opt pdpe1gb rdtscp lm 3dnowext 3dnow constant_tsc rep_good nopl nonstop_tsc extd_apicid pni monitor cx16 popcnt lahf_lm cmp_legacy svm extapic cr8_legacy abm sse4a misalignsse 3dnowprefetch osvw ibs skinit wdt hw_pstate npt lbrv svm_lock nrip_save
bogomips	: 6399.94
TLB size	: 1024 4K pages
clflush size	: 64
cache_alignment	: 64
address sizes	: 48 bits physical, 48 bits virtual
power management: ts ttp tm stc 100mhzsteps hwpstate



Memory: 4k page, physical 4048044k(94608k free), swap 0k(0k free)

vm_info: Java HotSpot(TM) 64-Bit Server VM (25.45-b02) for linux-amd64 JRE (1.8.0_45-b14), built on Apr 10 2015 10:07:45 by "java_re" with gcc 4.3.0 20080428 (Red Hat 4.3.0-8)

time: Thu Aug 13 01:09:26 2015
elapsed time: 3 seconds (0d 0h 0m 3s)

