#
# There is insufficient memory for the Java Runtime Environment to continue.
# Native memory allocation (mmap) failed to map 76021760 bytes for committing reserved memory.
# Possible reasons:
#   The system is out of physical RAM or swap space
#   In 32 bit mode, the process size limit was hit
# Possible solutions:
#   Reduce memory load on the system
#   Increase physical memory or swap space
#   Check if swap backing store is full
#   Use 64 bit Java on a 64 bit OS
#   Decrease Java heap size (-Xmx/-Xms)
#   Decrease number of Java threads
#   Decrease Java thread stack sizes (-Xss)
#   Set larger code cache with -XX:ReservedCodeCacheSize=
# This output file may be truncated or incomplete.
#
#  Out of Memory Error (os_linux.cpp:2673), pid=6161, tid=140392700503808
#
# JRE version: Java(TM) SE Runtime Environment (8.0_45-b14) (build 1.8.0_45-b14)
# Java VM: Java HotSpot(TM) 64-Bit Server VM (25.45-b02 mixed mode linux-amd64 compressed oops)
# Failed to write core dump. Core dumps have been disabled. To enable core dumping, try "ulimit -c unlimited" before starting Java again
#

---------------  T H R E A D  ---------------

Current thread (0x00007fafd0079800):  VMThread [stack: 0x00007fafb8fae000,0x00007fafb90af000] [id=6171]

Stack: [0x00007fafb8fae000,0x00007fafb90af000],  sp=0x00007fafb90ad060,  free space=1020k
Native frames: (J=compiled Java code, j=interpreted, Vv=VM code, C=native code)
V  [libjvm.so+0xaac99a]  VMError::report_and_die()+0x2ba
V  [libjvm.so+0x4f333b]  report_vm_out_of_memory(char const*, int, unsigned long, VMErrorType, char const*)+0x8b
V  [libjvm.so+0x90e7c3]  os::Linux::commit_memory_impl(char*, unsigned long, bool)+0x103
V  [libjvm.so+0x90ed19]  os::pd_commit_memory(char*, unsigned long, unsigned long, bool)+0x29
V  [libjvm.so+0x90867a]  os::commit_memory(char*, unsigned long, unsigned long, bool)+0x2a
V  [libjvm.so+0x97bac3]  PSVirtualSpace::expand_by(unsigned long)+0x53
V  [libjvm.so+0x97cec8]  PSYoungGen::resize_generation(unsigned long, unsigned long)+0xf8
V  [libjvm.so+0x97c022]  PSYoungGen::resize(unsigned long, unsigned long)+0x22
V  [libjvm.so+0x9792fb]  PSScavenge::invoke_no_policy()+0xf7b
V  [libjvm.so+0x979a81]  PSScavenge::invoke()+0x41
V  [libjvm.so+0x932050]  ParallelScavengeHeap::failed_mem_allocate(unsigned long)+0x70
V  [libjvm.so+0xaae1d7]  VM_ParallelGCFailedAllocation::doit()+0x97
V  [libjvm.so+0xab59c5]  VM_Operation::evaluate()+0x55
V  [libjvm.so+0xab3d9a]  VMThread::evaluate_operation(VM_Operation*)+0xba
V  [libjvm.so+0xab411e]  VMThread::loop()+0x1ce
V  [libjvm.so+0xab4590]  VMThread::run()+0x70
V  [libjvm.so+0x910de8]  java_start(Thread*)+0x108

VM_Operation (0x00007fafd772f440): ParallelGCFailedAllocation, mode: safepoint, requested by thread 0x00007fafd000c000


---------------  P R O C E S S  ---------------

Java Threads: ( => current thread )
  0x00007fafd00c4000 JavaThread "Service Thread" daemon [_thread_blocked, id=6178, stack(0x00007fafb85de000,0x00007fafb86df000)]
  0x00007fafd00bf000 JavaThread "C1 CompilerThread2" daemon [_thread_blocked, id=6177, stack(0x00007fafb86df000,0x00007fafb87e0000)]
  0x00007fafd00bd000 JavaThread "C2 CompilerThread1" daemon [_thread_blocked, id=6176, stack(0x00007fafb87e0000,0x00007fafb88e1000)]
  0x00007fafd00ba800 JavaThread "C2 CompilerThread0" daemon [_thread_blocked, id=6175, stack(0x00007fafb88e1000,0x00007fafb89e2000)]
  0x00007fafd00b9000 JavaThread "Signal Dispatcher" daemon [_thread_blocked, id=6174, stack(0x00007fafb89e2000,0x00007fafb8ae3000)]
  0x00007fafd0080800 JavaThread "Finalizer" daemon [_thread_blocked, id=6173, stack(0x00007fafb8dac000,0x00007fafb8ead000)]
  0x00007fafd007e800 JavaThread "Reference Handler" daemon [_thread_blocked, id=6172, stack(0x00007fafb8ead000,0x00007fafb8fae000)]
  0x00007fafd000c000 JavaThread "main" [_thread_blocked, id=6166, stack(0x00007fafd7630000,0x00007fafd7731000)]

Other Threads:
=>0x00007fafd0079800 VMThread [stack: 0x00007fafb8fae000,0x00007fafb90af000] [id=6171]
  0x00007fafd00c6800 WatcherThread [stack: 0x00007fafb84dd000,0x00007fafb85de000] [id=6179]

VM state:at safepoint (normal execution)

VM Mutex/Monitor currently owned by a thread:  ([mutex/lock_event])
[0x00007fafd0008070] Threads_lock - owner thread: 0x00007fafd0079800
[0x00007fafd0008570] Heap_lock - owner thread: 0x00007fafd000c000

Heap:
 PSYoungGen      total 246272K, used 12078K [0x00000000eab00000, 0x00000000fb780000, 0x0000000100000000)
  eden space 233472K, 0% used [0x00000000eab00000,0x00000000eab00000,0x00000000f8f00000)
  from space 12800K, 94% used [0x00000000f9e80000,0x00000000faa4bbe8,0x00000000fab00000)
  to   space 8704K, 0% used [0x00000000faf00000,0x00000000faf00000,0x00000000fb780000)
 ParOldGen       total 51712K, used 21047K [0x00000000c0000000, 0x00000000c3280000, 0x00000000eab00000)
  object space 51712K, 40% used [0x00000000c0000000,0x00000000c148ddd8,0x00000000c3280000)
 Metaspace       used 7791K, capacity 8030K, committed 8320K, reserved 1056768K
  class space    used 754K, capacity 785K, committed 896K, reserved 1048576K

Card table byte_map: [0x00007fafd420f000,0x00007fafd4410000] byte_map_base: 0x00007fafd3c0f000

Marking Bits: (ParMarkBitMap*) 0x00007fafd6b0d760
 Begin Bits: [0x00007fafba000000, 0x00007fafbb000000)
 End Bits:   [0x00007fafbb000000, 0x00007fafbc000000)

Polling page: 0x00007fafd7754000

CodeCache: size=245760Kb used=9526Kb max_used=9548Kb free=236233Kb
 bounds [0x00007fafc1000000, 0x00007fafc1970000, 0x00007fafd0000000]
 total_blobs=2940 nmethods=2644 adapters=210
 compilation: enabled

Compilation events (10 events):
Event: 4.274 Thread 0x00007fafd00ba800 nmethod 2666 0x00007fafc1923710 code [0x00007fafc1923860, 0x00007fafc1923918]
Event: 4.274 Thread 0x00007fafd00ba800 2667       4       com.android.dx.io.instructions.InstructionCodec$16::decode (58 bytes)
Event: 4.277 Thread 0x00007fafd00ba800 nmethod 2667 0x00007fafc1952ad0 code [0x00007fafc1952c40, 0x00007fafc1952e98]
Event: 4.277 Thread 0x00007fafd00ba800 2643       4       com.android.dex.Dex$Section::readAnnotation (51 bytes)
Event: 4.370 Thread 0x00007fafd00ba800 nmethod 2643 0x00007fafc1950ad0 code [0x00007fafc1950ca0, 0x00007fafc19513c8]
Event: 4.370 Thread 0x00007fafd00ba800 2669       4       java.nio.Buffer::hasRemaining (17 bytes)
Event: 4.372 Thread 0x00007fafd00ba800 nmethod 2669 0x00007fafc194e510 code [0x00007fafc194e660, 0x00007fafc194e6d8]
Event: 4.372 Thread 0x00007fafd00ba800 2644       4       com.android.dx.merge.IndexMap::adjust (53 bytes)
Event: 4.434 Thread 0x00007fafd00bd000 nmethod 2642 0x00007fafc19590d0 code [0x00007fafc1959460, 0x00007fafc195bea0]
Event: 4.435 Thread 0x00007fafd00bd000 2646       4       com.android.dx.merge.DexMerger$7::updateIndex (16 bytes)

GC Heap History (10 events):
Event: 2.647 GC heap after
Heap after GC invocations=5 (full 0):
 PSYoungGen      total 66048K, used 2558K [0x00000000eab00000, 0x00000000f4100000, 0x0000000100000000)
  eden space 63488K, 0% used [0x00000000eab00000,0x00000000eab00000,0x00000000ee900000)
  from space 2560K, 99% used [0x00000000ee900000,0x00000000eeb7f9e8,0x00000000eeb80000)
  to   space 13312K, 0% used [0x00000000f3400000,0x00000000f3400000,0x00000000f4100000)
 ParOldGen       total 42496K, used 29776K [0x00000000c0000000, 0x00000000c2980000, 0x00000000eab00000)
  object space 42496K, 70% used [0x00000000c0000000,0x00000000c1d14380,0x00000000c2980000)
 Metaspace       used 7757K, capacity 8030K, committed 8320K, reserved 1056768K
  class space    used 754K, capacity 785K, committed 896K, reserved 1048576K
}
Event: 2.801 GC heap before
{Heap before GC invocations=6 (full 0):
 PSYoungGen      total 66048K, used 65283K [0x00000000eab00000, 0x00000000f4100000, 0x0000000100000000)
  eden space 63488K, 98% used [0x00000000eab00000,0x00000000ee8415f0,0x00000000ee900000)
  from space 2560K, 99% used [0x00000000ee900000,0x00000000eeb7f9e8,0x00000000eeb80000)
  to   space 13312K, 0% used [0x00000000f3400000,0x00000000f3400000,0x00000000f4100000)
 ParOldGen       total 42496K, used 29776K [0x00000000c0000000, 0x00000000c2980000, 0x00000000eab00000)
  object space 42496K, 70% used [0x00000000c0000000,0x00000000c1d14380,0x00000000c2980000)
 Metaspace       used 7772K, capacity 8030K, committed 8320K, reserved 1056768K
  class space    used 754K, capacity 785K, committed 896K, reserved 1048576K
Event: 2.814 GC heap after
Heap after GC invocations=6 (full 0):
 PSYoungGen      total 139776K, used 4392K [0x00000000eab00000, 0x00000000f4200000, 0x0000000100000000)
  eden space 126464K, 0% used [0x00000000eab00000,0x00000000eab00000,0x00000000f2680000)
  from space 13312K, 32% used [0x00000000f3400000,0x00000000f384a388,0x00000000f4100000)
  to   space 13824K, 0% used [0x00000000f2680000,0x00000000f2680000,0x00000000f3400000)
 ParOldGen       total 42496K, used 29784K [0x00000000c0000000, 0x00000000c2980000, 0x00000000eab00000)
  object space 42496K, 70% used [0x00000000c0000000,0x00000000c1d16380,0x00000000c2980000)
 Metaspace       used 7772K, capacity 8030K, committed 8320K, reserved 1056768K
  class space    used 754K, capacity 785K, committed 896K, reserved 1048576K
}
Event: 3.373 GC heap before
{Heap before GC invocations=7 (full 0):
 PSYoungGen      total 139776K, used 130856K [0x00000000eab00000, 0x00000000f4200000, 0x0000000100000000)
  eden space 126464K, 100% used [0x00000000eab00000,0x00000000f2680000,0x00000000f2680000)
  from space 13312K, 32% used [0x00000000f3400000,0x00000000f384a388,0x00000000f4100000)
  to   space 13824K, 0% used [0x00000000f2680000,0x00000000f2680000,0x00000000f3400000)
 ParOldGen       total 42496K, used 29784K [0x00000000c0000000, 0x00000000c2980000, 0x00000000eab00000)
  object space 42496K, 70% used [0x00000000c0000000,0x00000000c1d16380,0x00000000c2980000)
 Metaspace       used 7779K, capacity 8030K, committed 8320K, reserved 1056768K
  class space    used 754K, capacity 785K, committed 896K, reserved 1048576K
Event: 3.407 GC heap after
Heap after GC invocations=7 (full 0):
 PSYoungGen      total 140288K, used 6885K [0x00000000eab00000, 0x00000000fbc00000, 0x0000000100000000)
  eden space 126464K, 0% used [0x00000000eab00000,0x00000000eab00000,0x00000000f2680000)
  from space 13824K, 49% used [0x00000000f2680000,0x00000000f2d396d8,0x00000000f3400000)
  to   space 13312K, 0% used [0x00000000faf00000,0x00000000faf00000,0x00000000fbc00000)
 ParOldGen       total 42496K, used 31864K [0x00000000c0000000, 0x00000000c2980000, 0x00000000eab00000)
  object space 42496K, 74% used [0x00000000c0000000,0x00000000c1f1e020,0x00000000c2980000)
 Metaspace       used 7779K, capacity 8030K, committed 8320K, reserved 1056768K
  class space    used 754K, capacity 785K, committed 896K, reserved 1048576K
}
Event: 3.407 GC heap before
{Heap before GC invocations=8 (full 1):
 PSYoungGen      total 140288K, used 6885K [0x00000000eab00000, 0x00000000fbc00000, 0x0000000100000000)
  eden space 126464K, 0% used [0x00000000eab00000,0x00000000eab00000,0x00000000f2680000)
  from space 13824K, 49% used [0x00000000f2680000,0x00000000f2d396d8,0x00000000f3400000)
  to   space 13312K, 0% used [0x00000000faf00000,0x00000000faf00000,0x00000000fbc00000)
 ParOldGen       total 42496K, used 31864K [0x00000000c0000000, 0x00000000c2980000, 0x00000000eab00000)
  object space 42496K, 74% used [0x00000000c0000000,0x00000000c1f1e020,0x00000000c2980000)
 Metaspace       used 7779K, capacity 8030K, committed 8320K, reserved 1056768K
  class space    used 754K, capacity 785K, committed 896K, reserved 1048576K
Event: 3.464 GC heap after
Heap after GC invocations=8 (full 1):
 PSYoungGen      total 140288K, used 0K [0x00000000eab00000, 0x00000000fbc00000, 0x0000000100000000)
  eden space 126464K, 0% used [0x00000000eab00000,0x00000000eab00000,0x00000000f2680000)
  from space 13824K, 0% used [0x00000000f2680000,0x00000000f2680000,0x00000000f3400000)
  to   space 13312K, 0% used [0x00000000faf00000,0x00000000faf00000,0x00000000fbc00000)
 ParOldGen       total 51712K, used 21047K [0x00000000c0000000, 0x00000000c3280000, 0x00000000eab00000)
  object space 51712K, 40% used [0x00000000c0000000,0x00000000c148ddd8,0x00000000c3280000)
 Metaspace       used 7779K, capacity 8030K, committed 8320K, reserved 1056768K
  class space    used 754K, capacity 785K, committed 896K, reserved 1048576K
}
Event: 3.727 GC heap before
{Heap before GC invocations=9 (full 1):
 PSYoungGen      total 140288K, used 124374K [0x00000000eab00000, 0x00000000fbc00000, 0x0000000100000000)
  eden space 126464K, 98% used [0x00000000eab00000,0x00000000f24759c0,0x00000000f2680000)
  from space 13824K, 0% used [0x00000000f2680000,0x00000000f2680000,0x00000000f3400000)
  to   space 13312K, 0% used [0x00000000faf00000,0x00000000faf00000,0x00000000fbc00000)
 ParOldGen       total 51712K, used 21047K [0x00000000c0000000, 0x00000000c3280000, 0x00000000eab00000)
  object space 51712K, 40% used [0x00000000c0000000,0x00000000c148ddd8,0x00000000c3280000)
 Metaspace       used 7787K, capacity 8030K, committed 8320K, reserved 1056768K
  class space    used 754K, capacity 785K, committed 896K, reserved 1048576K
Event: 3.795 GC heap after
Heap after GC invocations=9 (full 1):
 PSYoungGen      total 242176K, used 8304K [0x00000000eab00000, 0x00000000fb780000, 0x0000000100000000)
  eden space 233472K, 0% used [0x00000000eab00000,0x00000000eab00000,0x00000000f8f00000)
  from space 8704K, 95% used [0x00000000faf00000,0x00000000fb71c070,0x00000000fb780000)
  to   space 12800K, 0% used [0x00000000f9e80000,0x00000000f9e80000,0x00000000fab00000)
 ParOldGen       total 51712K, used 21047K [0x00000000c0000000, 0x00000000c3280000, 0x00000000eab00000)
  object space 51712K, 40% used [0x00000000c0000000,0x00000000c148ddd8,0x00000000c3280000)
 Metaspace       used 7787K, capacity 8030K, committed 8320K, reserved 1056768K
  class space    used 754K, capacity 785K, committed 896K, reserved 1048576K
}
Event: 4.535 GC heap before
{Heap before GC invocations=10 (full 1):
 PSYoungGen      total 242176K, used 241776K [0x00000000eab00000, 0x00000000fb780000, 0x0000000100000000)
  eden space 233472K, 100% used [0x00000000eab00000,0x00000000f8f00000,0x00000000f8f00000)
  from space 8704K, 95% used [0x00000000faf00000,0x00000000fb71c070,0x00000000fb780000)
  to   space 12800K, 0% used [0x00000000f9e80000,0x00000000f9e80000,0x00000000fab00000)
 ParOldGen       total 51712K, used 21047K [0x00000000c0000000, 0x00000000c3280000, 0x00000000eab00000)
  object space 51712K, 40% used [0x00000000c0000000,0x00000000c148ddd8,0x00000000c3280000)
 Metaspace       used 7791K, capacity 8030K, committed 8320K, reserved 1056768K
  class space    used 754K, capacity 785K, committed 896K, reserved 1048576K

Deoptimization events (10 events):
Event: 2.014 Thread 0x00007fafd000c000 Uncommon trap: reason=unstable_if action=reinterpret pc=0x00007fafc16e8938 method=sun.misc.MetaIndex.mayContain(Ljava/lang/String;)Z @ 13
Event: 2.017 Thread 0x00007fafd000c000 Uncommon trap: reason=class_check action=maybe_recompile pc=0x00007fafc1504828 method=java.util.ArrayList.<init>(Ljava/util/Collection;)V @ 6
Event: 2.021 Thread 0x00007fafd000c000 Uncommon trap: reason=class_check action=maybe_recompile pc=0x00007fafc1504828 method=java.util.ArrayList.<init>(Ljava/util/Collection;)V @ 6
Event: 2.065 Thread 0x00007fafd000c000 Uncommon trap: reason=predicate action=maybe_recompile pc=0x00007fafc17841f0 method=com.android.dex.Leb128.readUnsignedLeb128(Lcom/android/dex/util/ByteInput;)I @ 41
Event: 2.072 Thread 0x00007fafd000c000 Uncommon trap: reason=unstable_if action=reinterpret pc=0x00007fafc15e80d4 method=java.util.HashMap.getNode(ILjava/lang/Object;)Ljava/util/HashMap$Node; @ 84
Event: 2.072 Thread 0x00007fafd000c000 Uncommon trap: reason=unstable_if action=reinterpret pc=0x00007fafc15ac86c method=java.util.HashMap.getNode(ILjava/lang/Object;)Ljava/util/HashMap$Node; @ 84
Event: 2.151 Thread 0x00007fafd000c000 Uncommon trap: reason=unstable_if action=reinterpret pc=0x00007fafc1729ea0 method=com.android.dex.FieldId.compareTo(Lcom/android/dex/FieldId;)I @ 8
Event: 2.174 Thread 0x00007fafd000c000 Uncommon trap: reason=unstable_if action=reinterpret pc=0x00007fafc1729bd4 method=com.android.dex.FieldId.compareTo(Lcom/android/dex/FieldId;)I @ 8
Event: 2.410 Thread 0x00007fafd000c000 Uncommon trap: reason=unstable_if action=reinterpret pc=0x00007fafc18555e8 method=com.android.dex.EncodedValueCodec.readUnsignedInt(Lcom/android/dex/util/ByteInput;IZ)I @ 3
Event: 3.331 Thread 0x00007fafd000c000 Uncommon trap: reason=unstable_if action=reinterpret pc=0x00007fafc185f3e4 method=java.util.HashMap$TreeNode.balanceInsertion(Ljava/util/HashMap$TreeNode;Ljava/util/HashMap$TreeNode;)Ljava/util/HashMap$TreeNode; @ 189

Internal exceptions (8 events):
Event: 0.195 Thread 0x00007fafd000c000 Exception <a 'java/lang/NoSuchMethodError': Method sun.misc.Unsafe.defineClass(Ljava/lang/String;[BII)Ljava/lang/Class; name or signature does not match> (0x00000000eab12a38) thrown at [/RE-WORK/workspace/8-2-build-linux-amd64/jdk8u45/3457/hotspot/src/sha
Event: 0.195 Thread 0x00007fafd000c000 Exception <a 'java/lang/NoSuchMethodError': Method sun.misc.Unsafe.prefetchRead(Ljava/lang/Object;J)V name or signature does not match> (0x00000000eab12cc8) thrown at [/RE-WORK/workspace/8-2-build-linux-amd64/jdk8u45/3457/hotspot/src/share/vm/prims/jni.cp
Event: 0.781 Thread 0x00007fafd000c000 Implicit null exception at 0x00007fafc127a1c2 to 0x00007fafc127a58d
Event: 1.455 Thread 0x00007fafd000c000 Implicit null exception at 0x00007fafc15648e2 to 0x00007fafc1564982
Event: 2.015 Thread 0x00007fafd000c000 Exception <a 'java/security/PrivilegedActionException'> (0x00000000eb3c1208) thrown at [/RE-WORK/workspace/8-2-build-linux-amd64/jdk8u45/3457/hotspot/src/share/vm/prims/jvm.cpp, line 1382]
Event: 2.015 Thread 0x00007fafd000c000 Exception <a 'java/security/PrivilegedActionException'> (0x00000000eb3c1550) thrown at [/RE-WORK/workspace/8-2-build-linux-amd64/jdk8u45/3457/hotspot/src/share/vm/prims/jvm.cpp, line 1382]
Event: 2.016 Thread 0x00007fafd000c000 Exception <a 'java/security/PrivilegedActionException'> (0x00000000eb3c3a00) thrown at [/RE-WORK/workspace/8-2-build-linux-amd64/jdk8u45/3457/hotspot/src/share/vm/prims/jvm.cpp, line 1382]
Event: 2.016 Thread 0x00007fafd000c000 Exception <a 'java/security/PrivilegedActionException'> (0x00000000eb3c3d48) thrown at [/RE-WORK/workspace/8-2-build-linux-amd64/jdk8u45/3457/hotspot/src/share/vm/prims/jvm.cpp, line 1382]

Events (10 events):
Event: 3.331 Thread 0x00007fafd000c000 DEOPT UNPACKING pc=0x00007fafc1005229 sp=0x00007fafd772f188 mode 2
Event: 3.373 Executing VM operation: ParallelGCFailedAllocation
Event: 3.464 Executing VM operation: ParallelGCFailedAllocation done
Event: 3.727 Executing VM operation: ParallelGCFailedAllocation
Event: 3.795 Executing VM operation: ParallelGCFailedAllocation done
Event: 3.999 Thread 0x00007fafd000c000 DEOPT PACKING pc=0x00007fafc18e2688 sp=0x00007fafd772f3c0
Event: 3.999 Thread 0x00007fafd000c000 DEOPT UNPACKING pc=0x00007fafc1047233 sp=0x00007fafd772f198 mode 0
Event: 4.249 Executing VM operation: EnableBiasedLocking
Event: 4.250 Executing VM operation: EnableBiasedLocking done
Event: 4.495 Executing VM operation: ParallelGCFailedAllocation


Dynamic libraries:
00400000-00401000 r-xp 00000000 08:03 1572315                            /opt/java/jdk1.8.0_45/bin/java
00600000-00601000 rw-p 00000000 08:03 1572315                            /opt/java/jdk1.8.0_45/bin/java
0227e000-0229f000 rw-p 00000000 00:00 0                                  [heap]
c0000000-c3280000 rw-p 00000000 00:00 0 
c3280000-eab00000 ---p 00000000 00:00 0 
eab00000-fb780000 rw-p 00000000 00:00 0 
100000000-1000e0000 rw-p 00000000 00:00 0 
1000e0000-140000000 ---p 00000000 00:00 0 
7faf84000000-7faf84021000 rw-p 00000000 00:00 0 
7faf84021000-7faf88000000 ---p 00000000 00:00 0 
7faf88000000-7faf88021000 rw-p 00000000 00:00 0 
7faf88021000-7faf8c000000 ---p 00000000 00:00 0 
7faf8c000000-7faf8cd72000 rw-p 00000000 00:00 0 
7faf8cd72000-7faf90000000 ---p 00000000 00:00 0 
7faf90000000-7faf907c6000 rw-p 00000000 00:00 0 
7faf907c6000-7faf94000000 ---p 00000000 00:00 0 
7faf94000000-7faf94021000 rw-p 00000000 00:00 0 
7faf94021000-7faf98000000 ---p 00000000 00:00 0 
7faf98000000-7faf9968b000 rw-p 00000000 00:00 0 
7faf9968b000-7faf9c000000 ---p 00000000 00:00 0 
7faf9c000000-7faf9c021000 rw-p 00000000 00:00 0 
7faf9c021000-7fafa0000000 ---p 00000000 00:00 0 
7fafa0000000-7fafa0021000 rw-p 00000000 00:00 0 
7fafa0021000-7fafa4000000 ---p 00000000 00:00 0 
7fafa4000000-7fafa4021000 rw-p 00000000 00:00 0 
7fafa4021000-7fafa8000000 ---p 00000000 00:00 0 
7fafa8000000-7fafa828b000 rw-p 00000000 00:00 0 
7fafa828b000-7fafac000000 ---p 00000000 00:00 0 
7fafac000000-7fafac021000 rw-p 00000000 00:00 0 
7fafac021000-7fafb0000000 ---p 00000000 00:00 0 
7fafb4000000-7fafb4021000 rw-p 00000000 00:00 0 
7fafb4021000-7fafb8000000 ---p 00000000 00:00 0 
7fafb84a7000-7fafb84b2000 r--s 00116000 08:03 1574017                    /opt/java/jdk1.8.0_45/jre/lib/ext/localedata.jar
7fafb84b2000-7fafb84ce000 r--s 00393000 08:03 1574015                    /opt/java/jdk1.8.0_45/jre/lib/ext/cldrdata.jar
7fafb84ce000-7fafb84dd000 r--s 000dd000 00:19 9438599                    /home/mike/Android/Sdk/build-tools/22.0.1/lib/dx.jar
7fafb84dd000-7fafb84de000 ---p 00000000 00:00 0 
7fafb84de000-7fafb85de000 rw-p 00000000 00:00 0                          [stack:6179]
7fafb85de000-7fafb85e1000 ---p 00000000 00:00 0 
7fafb85e1000-7fafb86df000 rw-p 00000000 00:00 0                          [stack:6178]
7fafb86df000-7fafb86e2000 ---p 00000000 00:00 0 
7fafb86e2000-7fafb87e0000 rw-p 00000000 00:00 0                          [stack:6177]
7fafb87e0000-7fafb87e3000 ---p 00000000 00:00 0 
7fafb87e3000-7fafb88e1000 rw-p 00000000 00:00 0                          [stack:6176]
7fafb88e1000-7fafb88e4000 ---p 00000000 00:00 0 
7fafb88e4000-7fafb89e2000 rw-p 00000000 00:00 0                          [stack:6175]
7fafb89e2000-7fafb89e5000 ---p 00000000 00:00 0 
7fafb89e5000-7fafb8ae3000 rw-p 00000000 00:00 0                          [stack:6174]
7fafb8ae3000-7fafb8dac000 r--p 00000000 08:03 266989                     /usr/lib/locale/locale-archive
7fafb8dac000-7fafb8daf000 ---p 00000000 00:00 0 
7fafb8daf000-7fafb8ead000 rw-p 00000000 00:00 0                          [stack:6173]
7fafb8ead000-7fafb8eb0000 ---p 00000000 00:00 0 
7fafb8eb0000-7fafb8fae000 rw-p 00000000 00:00 0                          [stack:6172]
7fafb8fae000-7fafb8faf000 ---p 00000000 00:00 0 
7fafb8faf000-7fafbc000000 rw-p 00000000 00:00 0                          [stack:6171]
7fafbc000000-7fafbc021000 rw-p 00000000 00:00 0 
7fafbc021000-7fafc0000000 ---p 00000000 00:00 0 
7fafc0002000-7fafc0023000 rw-p 00000000 00:00 0 
7fafc0023000-7fafc01fc000 r--s 03d09000 08:03 1573810                    /opt/java/jdk1.8.0_45/jre/lib/rt.jar
7fafc01fc000-7fafc093c000 rw-p 00000000 00:00 0 
7fafc093c000-7fafc09fc000 ---p 00000000 00:00 0 
7fafc09fc000-7fafc0bfc000 rw-p 00000000 00:00 0 
7fafc0bfc000-7fafc0bfd000 ---p 00000000 00:00 0 
7fafc0bfd000-7fafc0cfd000 rw-p 00000000 00:00 0                          [stack:6170]
7fafc0cfd000-7fafc0cfe000 ---p 00000000 00:00 0 
7fafc0cfe000-7fafc0dfe000 rw-p 00000000 00:00 0                          [stack:6169]
7fafc0dfe000-7fafc0dff000 ---p 00000000 00:00 0 
7fafc0dff000-7fafc0eff000 rw-p 00000000 00:00 0                          [stack:6168]
7fafc0eff000-7fafc0f00000 ---p 00000000 00:00 0 
7fafc0f00000-7fafc1000000 rw-p 00000000 00:00 0                          [stack:6167]
7fafc1000000-7fafc1970000 rwxp 00000000 00:00 0 
7fafc1970000-7fafd0000000 ---p 00000000 00:00 0 
7fafd0000000-7fafd03a6000 rw-p 00000000 00:00 0 
7fafd03a6000-7fafd4000000 ---p 00000000 00:00 0 
7fafd4001000-7fafd40d3000 rw-p 00000000 00:00 0 
7fafd40d3000-7fafd420f000 ---p 00000000 00:00 0 
7fafd420f000-7fafd4229000 rw-p 00000000 00:00 0 
7fafd4229000-7fafd4364000 ---p 00000000 00:00 0 
7fafd4364000-7fafd43eb000 rw-p 00000000 00:00 0 
7fafd43eb000-7fafd440f000 ---p 00000000 00:00 0 
7fafd440f000-7fafd4436000 rw-p 00000000 00:00 0 
7fafd4436000-7fafd47d0000 ---p 00000000 00:00 0 
7fafd47d0000-7fafd47ea000 r-xp 00000000 08:03 1574049                    /opt/java/jdk1.8.0_45/jre/lib/amd64/libzip.so
7fafd47ea000-7fafd49ea000 ---p 0001a000 08:03 1574049                    /opt/java/jdk1.8.0_45/jre/lib/amd64/libzip.so
7fafd49ea000-7fafd49eb000 rw-p 0001a000 08:03 1574049                    /opt/java/jdk1.8.0_45/jre/lib/amd64/libzip.so
7fafd49eb000-7fafd49f6000 r-xp 00000000 08:03 131807                     /lib/x86_64-linux-gnu/libnss_files-2.19.so
7fafd49f6000-7fafd4bf5000 ---p 0000b000 08:03 131807                     /lib/x86_64-linux-gnu/libnss_files-2.19.so
7fafd4bf5000-7fafd4bf6000 r--p 0000a000 08:03 131807                     /lib/x86_64-linux-gnu/libnss_files-2.19.so
7fafd4bf6000-7fafd4bf7000 rw-p 0000b000 08:03 131807                     /lib/x86_64-linux-gnu/libnss_files-2.19.so
7fafd4bf7000-7fafd4c02000 r-xp 00000000 08:03 131871                     /lib/x86_64-linux-gnu/libnss_nis-2.19.so
7fafd4c02000-7fafd4e01000 ---p 0000b000 08:03 131871                     /lib/x86_64-linux-gnu/libnss_nis-2.19.so
7fafd4e01000-7fafd4e02000 r--p 0000a000 08:03 131871                     /lib/x86_64-linux-gnu/libnss_nis-2.19.so
7fafd4e02000-7fafd4e03000 rw-p 0000b000 08:03 131871                     /lib/x86_64-linux-gnu/libnss_nis-2.19.so
7fafd4e03000-7fafd4e1a000 r-xp 00000000 08:03 131829                     /lib/x86_64-linux-gnu/libnsl-2.19.so
7fafd4e1a000-7fafd5019000 ---p 00017000 08:03 131829                     /lib/x86_64-linux-gnu/libnsl-2.19.so
7fafd5019000-7fafd501a000 r--p 00016000 08:03 131829                     /lib/x86_64-linux-gnu/libnsl-2.19.so
7fafd501a000-7fafd501b000 rw-p 00017000 08:03 131829                     /lib/x86_64-linux-gnu/libnsl-2.19.so
7fafd501b000-7fafd501d000 rw-p 00000000 00:00 0 
7fafd501d000-7fafd5026000 r-xp 00000000 08:03 131828                     /lib/x86_64-linux-gnu/libnss_compat-2.19.so
7fafd5026000-7fafd5225000 ---p 00009000 08:03 131828                     /lib/x86_64-linux-gnu/libnss_compat-2.19.so
7fafd5225000-7fafd5226000 r--p 00008000 08:03 131828                     /lib/x86_64-linux-gnu/libnss_compat-2.19.so
7fafd5226000-7fafd5227000 rw-p 00009000 08:03 131828                     /lib/x86_64-linux-gnu/libnss_compat-2.19.so
7fafd5227000-7fafd5251000 r-xp 00000000 08:03 1574040                    /opt/java/jdk1.8.0_45/jre/lib/amd64/libjava.so
7fafd5251000-7fafd5451000 ---p 0002a000 08:03 1574040                    /opt/java/jdk1.8.0_45/jre/lib/amd64/libjava.so
7fafd5451000-7fafd5453000 rw-p 0002a000 08:03 1574040                    /opt/java/jdk1.8.0_45/jre/lib/amd64/libjava.so
7fafd5453000-7fafd5460000 r-xp 00000000 08:03 1574047                    /opt/java/jdk1.8.0_45/jre/lib/amd64/libverify.so
7fafd5460000-7fafd5660000 ---p 0000d000 08:03 1574047                    /opt/java/jdk1.8.0_45/jre/lib/amd64/libverify.so
7fafd5660000-7fafd5662000 rw-p 0000d000 08:03 1574047                    /opt/java/jdk1.8.0_45/jre/lib/amd64/libverify.so
7fafd5662000-7fafd5669000 r-xp 00000000 08:03 131868                     /lib/x86_64-linux-gnu/librt-2.19.so
7fafd5669000-7fafd5868000 ---p 00007000 08:03 131868                     /lib/x86_64-linux-gnu/librt-2.19.so
7fafd5868000-7fafd5869000 r--p 00006000 08:03 131868                     /lib/x86_64-linux-gnu/librt-2.19.so
7fafd5869000-7fafd586a000 rw-p 00007000 08:03 131868                     /lib/x86_64-linux-gnu/librt-2.19.so
7fafd586a000-7fafd596f000 r-xp 00000000 08:03 131806                     /lib/x86_64-linux-gnu/libm-2.19.so
7fafd596f000-7fafd5b6e000 ---p 00105000 08:03 131806                     /lib/x86_64-linux-gnu/libm-2.19.so
7fafd5b6e000-7fafd5b6f000 r--p 00104000 08:03 131806                     /lib/x86_64-linux-gnu/libm-2.19.so
7fafd5b6f000-7fafd5b70000 rw-p 00105000 08:03 131806                     /lib/x86_64-linux-gnu/libm-2.19.so
7fafd5b70000-7fafd681e000 r-xp 00000000 08:03 1574060                    /opt/java/jdk1.8.0_45/jre/lib/amd64/server/libjvm.so
7fafd681e000-7fafd6a1d000 ---p 00cae000 08:03 1574060                    /opt/java/jdk1.8.0_45/jre/lib/amd64/server/libjvm.so
7fafd6a1d000-7fafd6af4000 rw-p 00cad000 08:03 1574060                    /opt/java/jdk1.8.0_45/jre/lib/amd64/server/libjvm.so
7fafd6af4000-7fafd6b38000 rw-p 00000000 00:00 0 
7fafd6b38000-7fafd6cf3000 r-xp 00000000 08:03 131857                     /lib/x86_64-linux-gnu/libc-2.19.so
7fafd6cf3000-7fafd6ef2000 ---p 001bb000 08:03 131857                     /lib/x86_64-linux-gnu/libc-2.19.so
7fafd6ef2000-7fafd6ef6000 r--p 001ba000 08:03 131857                     /lib/x86_64-linux-gnu/libc-2.19.so
7fafd6ef6000-7fafd6ef8000 rw-p 001be000 08:03 131857                     /lib/x86_64-linux-gnu/libc-2.19.so
7fafd6ef8000-7fafd6efd000 rw-p 00000000 00:00 0 
7fafd6efd000-7fafd6f00000 r-xp 00000000 08:03 131810                     /lib/x86_64-linux-gnu/libdl-2.19.so
7fafd6f00000-7fafd70ff000 ---p 00003000 08:03 131810                     /lib/x86_64-linux-gnu/libdl-2.19.so
7fafd70ff000-7fafd7100000 r--p 00002000 08:03 131810                     /lib/x86_64-linux-gnu/libdl-2.19.so
7fafd7100000-7fafd7101000 rw-p 00003000 08:03 131810                     /lib/x86_64-linux-gnu/libdl-2.19.so
7fafd7101000-7fafd7116000 r-xp 00000000 08:03 1573749                    /opt/java/jdk1.8.0_45/lib/amd64/jli/libjli.so
7fafd7116000-7fafd7316000 ---p 00015000 08:03 1573749                    /opt/java/jdk1.8.0_45/lib/amd64/jli/libjli.so
7fafd7316000-7fafd7317000 rw-p 00015000 08:03 1573749                    /opt/java/jdk1.8.0_45/lib/amd64/jli/libjli.so
7fafd7317000-7fafd7330000 r-xp 00000000 08:03 131858                     /lib/x86_64-linux-gnu/libpthread-2.19.so
7fafd7330000-7fafd752f000 ---p 00019000 08:03 131858                     /lib/x86_64-linux-gnu/libpthread-2.19.so
7fafd752f000-7fafd7530000 r--p 00018000 08:03 131858                     /lib/x86_64-linux-gnu/libpthread-2.19.so
7fafd7530000-7fafd7531000 rw-p 00019000 08:03 131858                     /lib/x86_64-linux-gnu/libpthread-2.19.so
7fafd7531000-7fafd7535000 rw-p 00000000 00:00 0 
7fafd7535000-7fafd7558000 r-xp 00000000 08:03 131833                     /lib/x86_64-linux-gnu/ld-2.19.so
7fafd7559000-7fafd755e000 r--s 00094000 08:03 1573828                    /opt/java/jdk1.8.0_45/jre/lib/jsse.jar
7fafd755e000-7fafd7630000 rw-p 00000000 00:00 0 
7fafd7630000-7fafd7633000 ---p 00000000 00:00 0 
7fafd7633000-7fafd7736000 rw-p 00000000 00:00 0                          [stack:6166]
7fafd7736000-7fafd7737000 r--p 00000000 08:03 672594                     /usr/share/locale-langpack/en_GB/LC_MESSAGES/libc.mo
7fafd7737000-7fafd774b000 rw-p 00000000 00:00 0 
7fafd774b000-7fafd7753000 rw-s 00000000 08:03 1574101                    /tmp/hsperfdata_mike/6161
7fafd7753000-7fafd7754000 rw-p 00000000 00:00 0 
7fafd7754000-7fafd7755000 ---p 00000000 00:00 0 
7fafd7755000-7fafd7757000 rw-p 00000000 00:00 0 
7fafd7757000-7fafd7758000 r--p 00022000 08:03 131833                     /lib/x86_64-linux-gnu/ld-2.19.so
7fafd7758000-7fafd7759000 rw-p 00023000 08:03 131833                     /lib/x86_64-linux-gnu/ld-2.19.so
7fafd7759000-7fafd775a000 rw-p 00000000 00:00 0 
7fff544c2000-7fff544e4000 rw-p 00000000 00:00 0                          [stack]
7fff54524000-7fff54526000 r-xp 00000000 00:00 0                          [vdso]
ffffffffff600000-ffffffffff601000 r-xp 00000000 00:00 0                  [vsyscall]

VM Arguments:
jvm_args: -Xmx1024M -Dfile.encoding=UTF-8 -Duser.country=GB -Duser.language=en -Duser.variant 
java_command: com.android.dx.command.Main --dex --output /home/mike/AndroidStudioProjects/Wordist/app/build/intermediates/dex/release /home/mike/AndroidStudioProjects/Wordist/app/build/intermediates/classes/release /home/mike/AndroidStudioProjects/Wordist/app/build/intermediates/pre-dexed/release/support-annotations-22.2.0-bfa71d602cc0e11fce5350ed544c9f5e4d4a05e4.jar /home/mike/AndroidStudioProjects/Wordist/app/build/intermediates/pre-dexed/release/classes-9c4e5ca92c4ea70961d67c0a97ababefe673fb81.jar /home/mike/AndroidStudioProjects/Wordist/app/build/intermediates/pre-dexed/release/classes-d226535b7952fda3a9a980a1f601e8b29e9ef482.jar /home/mike/AndroidStudioProjects/Wordist/app/build/intermediates/pre-dexed/release/internal_impl-22.2.0-58158417214e4227ac1350c0dac59685c0c93f77.jar /home/mike/AndroidStudioProjects/Wordist/app/build/intermediates/pre-dexed/release/classes-5eb43b55c91741188ff70cdae235c4b65d0c0b31.jar /home/mike/AndroidStudioProjects/Wordist/app/build/intermediates/pre-dexed/release/classes-c010f5be654112ca44ad36a367fc44f8f0029d43.jar /home/mike/AndroidStudioProjects/Wordist/app/build/intermediates/pre-dexed/release/classes-64c8f94603d816a86cc9355c0552637c9213ad18.jar /home/mike/AndroidStudioProjects/Wordist/app/build/intermediates/pre-dexed/release/classes-d336082364352f264572be55a9b357e5ff0d11af.jar /home/mike/AndroidStudioProjects/Wordist/app/build/intermediates/pre-dexed/release/classes-d00afa822cc6c9fe9c1bdedef3b617547c852166.jar /home/mike/AndroidStudioProjects/Wordist/app/build/intermediates/pre-dexed/release/classes-0a544f5234ef674ea11f5b20103f0ce9191e08b7.jar /home/mike/AndroidStudioProjects/Wordist/app/build/intermediates/pre-dexed/release/classes-e77b49a04defe40ece13be738a2c3293c88f74d5.jar /home/mike/AndroidStudioProjects/Wordist/app/build/intermediates/pre-dexed/release/classes-4fe46cb4cff6871994b7baaaa48ab6f79ed71187.jar /home/mike/AndroidStudioProjects/Wordist/app/build/intermediates/pre-dexed/release/classes-9ee79aa81796d4fbd6cad990af31
java_class_path (initial): /home/mike/Android/Sdk/build-tools/22.0.1/lib/dx.jar
Launcher Type: SUN_STANDARD

Environment Variables:
PATH=/usr/local/sbin:/usr/local/bin:/usr/sbin:/usr/bin:/sbin:/bin:/usr/games:/usr/local/games
USERNAME=mike
LD_LIBRARY_PATH=/opt/android-studio/bin:
SHELL=/bin/bash
DISPLAY=:0

Signal Handlers:
SIGSEGV: [libjvm.so+0xaad1e0], sa_mask[0]=11111111011111111101111111111110, sa_flags=SA_RESTART|SA_SIGINFO
SIGBUS: [libjvm.so+0xaad1e0], sa_mask[0]=11111111011111111101111111111110, sa_flags=SA_RESTART|SA_SIGINFO
SIGFPE: [libjvm.so+0x90b450], sa_mask[0]=11111111011111111101111111111110, sa_flags=SA_RESTART|SA_SIGINFO
SIGPIPE: [libjvm.so+0x90b450], sa_mask[0]=11111111011111111101111111111110, sa_flags=SA_RESTART|SA_SIGINFO
SIGXFSZ: [libjvm.so+0x90b450], sa_mask[0]=11111111011111111101111111111110, sa_flags=SA_RESTART|SA_SIGINFO
SIGILL: [libjvm.so+0x90b450], sa_mask[0]=11111111011111111101111111111110, sa_flags=SA_RESTART|SA_SIGINFO
SIGUSR1: SIG_DFL, sa_mask[0]=00000000000000000000000000000000, sa_flags=none
SIGUSR2: [libjvm.so+0x90ca90], sa_mask[0]=00100000000000000000000000000000, sa_flags=SA_RESTART|SA_SIGINFO
SIGHUP: [libjvm.so+0x90dde0], sa_mask[0]=11111111011111111101111111111110, sa_flags=SA_RESTART|SA_SIGINFO
SIGINT: [libjvm.so+0x90dde0], sa_mask[0]=11111111011111111101111111111110, sa_flags=SA_RESTART|SA_SIGINFO
SIGTERM: [libjvm.so+0x90dde0], sa_mask[0]=11111111011111111101111111111110, sa_flags=SA_RESTART|SA_SIGINFO
SIGQUIT: [libjvm.so+0x90dde0], sa_mask[0]=11111111011111111101111111111110, sa_flags=SA_RESTART|SA_SIGINFO


---------------  S Y S T E M  ---------------

OS:DISTRIB_ID=LinuxMint
DISTRIB_RELEASE=17.2
DISTRIB_CODENAME=rafaela
DISTRIB_DESCRIPTION="Linux Mint 17.2 Rafaela"

uname:Linux 3.13.0-37-generic #64-Ubuntu SMP Mon Sep 22 21:28:38 UTC 2014 x86_64
libc:glibc 2.19 NPTL 2.19 
rlimit: STACK 8192k, CORE 0k, NPROC 30882, NOFILE 4096, AS infinity
load average:2.74 2.30 1.52

/proc/meminfo:
MemTotal:        4048044 kB
MemFree:          118208 kB
Buffers:             424 kB
Cached:            85248 kB
SwapCached:            0 kB
Active:          3488092 kB
Inactive:          74672 kB
Active(anon):    3479384 kB
Inactive(anon):    61712 kB
Active(file):       8708 kB
Inactive(file):    12960 kB
Unevictable:         232 kB
Mlocked:             232 kB
SwapTotal:             0 kB
SwapFree:              0 kB
Dirty:                72 kB
Writeback:             0 kB
AnonPages:       3477344 kB
Mapped:           187364 kB
Shmem:             63992 kB
Slab:              79168 kB
SReclaimable:      28724 kB
SUnreclaim:        50444 kB
KernelStack:        4512 kB
PageTables:        33448 kB
NFS_Unstable:          0 kB
Bounce:                0 kB
WritebackTmp:          0 kB
CommitLimit:     2024020 kB
Committed_AS:    5989588 kB
VmallocTotal:   34359738367 kB
VmallocUsed:      305680 kB
VmallocChunk:   34359429372 kB
HardwareCorrupted:     0 kB
AnonHugePages:   1220608 kB
HugePages_Total:       0
HugePages_Free:        0
HugePages_Rsvd:        0
HugePages_Surp:        0
Hugepagesize:       2048 kB
DirectMap4k:      149056 kB
DirectMap2M:     2996224 kB
DirectMap1G:     1048576 kB


CPU:total 4 (4 cores per cpu, 1 threads per core) family 16 model 4 stepping 2, cmov, cx8, fxsr, mmx, sse, sse2, sse3, popcnt, mmxext, 3dnowpref, lzcnt, sse4a, tsc, tscinvbit, tscinv

/proc/cpuinfo:
processor	: 0
vendor_id	: AuthenticAMD
cpu family	: 16
model		: 4
model name	: AMD Phenom(tm) II X4 955 Processor
stepping	: 2
microcode	: 0x1000086
cpu MHz		: 800.000
cache size	: 512 KB
physical id	: 0
siblings	: 4
core id		: 0
cpu cores	: 4
apicid		: 0
initial apicid	: 0
fpu		: yes
fpu_exception	: yes
cpuid level	: 5
wp		: yes
flags		: fpu vme de pse tsc msr pae mce cx8 apic sep mtrr pge mca cmov pat pse36 clflush mmx fxsr sse sse2 ht syscall nx mmxext fxsr_opt pdpe1gb rdtscp lm 3dnowext 3dnow constant_tsc rep_good nopl nonstop_tsc extd_apicid pni monitor cx16 popcnt lahf_lm cmp_legacy svm extapic cr8_legacy abm sse4a misalignsse 3dnowprefetch osvw ibs skinit wdt hw_pstate npt lbrv svm_lock nrip_save
bogomips	: 6399.92
TLB size	: 1024 4K pages
clflush size	: 64
cache_alignment	: 64
address sizes	: 48 bits physical, 48 bits virtual
power management: ts ttp tm stc 100mhzsteps hwpstate

processor	: 1
vendor_id	: AuthenticAMD
cpu family	: 16
model		: 4
model name	: AMD Phenom(tm) II X4 955 Processor
stepping	: 2
microcode	: 0x1000086
cpu MHz		: 800.000
cache size	: 512 KB
physical id	: 0
siblings	: 4
core id		: 1
cpu cores	: 4
apicid		: 1
initial apicid	: 1
fpu		: yes
fpu_exception	: yes
cpuid level	: 5
wp		: yes
flags		: fpu vme de pse tsc msr pae mce cx8 apic sep mtrr pge mca cmov pat pse36 clflush mmx fxsr sse sse2 ht syscall nx mmxext fxsr_opt pdpe1gb rdtscp lm 3dnowext 3dnow constant_tsc rep_good nopl nonstop_tsc extd_apicid pni monitor cx16 popcnt lahf_lm cmp_legacy svm extapic cr8_legacy abm sse4a misalignsse 3dnowprefetch osvw ibs skinit wdt hw_pstate npt lbrv svm_lock nrip_save
bogomips	: 6399.92
TLB size	: 1024 4K pages
clflush size	: 64
cache_alignment	: 64
address sizes	: 48 bits physical, 48 bits virtual
power management: ts ttp tm stc 100mhzsteps hwpstate

processor	: 2
vendor_id	: AuthenticAMD
cpu family	: 16
model		: 4
model name	: AMD Phenom(tm) II X4 955 Processor
stepping	: 2
microcode	: 0x1000086
cpu MHz		: 800.000
cache size	: 512 KB
physical id	: 0
siblings	: 4
core id		: 2
cpu cores	: 4
apicid		: 2
initial apicid	: 2
fpu		: yes
fpu_exception	: yes
cpuid level	: 5
wp		: yes
flags		: fpu vme de pse tsc msr pae mce cx8 apic sep mtrr pge mca cmov pat pse36 clflush mmx fxsr sse sse2 ht syscall nx mmxext fxsr_opt pdpe1gb rdtscp lm 3dnowext 3dnow constant_tsc rep_good nopl nonstop_tsc extd_apicid pni monitor cx16 popcnt lahf_lm cmp_legacy svm extapic cr8_legacy abm sse4a misalignsse 3dnowprefetch osvw ibs skinit wdt hw_pstate npt lbrv svm_lock nrip_save
bogomips	: 6399.92
TLB size	: 1024 4K pages
clflush size	: 64
cache_alignment	: 64
address sizes	: 48 bits physical, 48 bits virtual
power management: ts ttp tm stc 100mhzsteps hwpstate

processor	: 3
vendor_id	: AuthenticAMD
cpu family	: 16
model		: 4
model name	: AMD Phenom(tm) II X4 955 Processor
stepping	: 2
microcode	: 0x1000086
cpu MHz		: 800.000
cache size	: 512 KB
physical id	: 0
siblings	: 4
core id		: 3
cpu cores	: 4
apicid		: 3
initial apicid	: 3
fpu		: yes
fpu_exception	: yes
cpuid level	: 5
wp		: yes
flags		: fpu vme de pse tsc msr pae mce cx8 apic sep mtrr pge mca cmov pat pse36 clflush mmx fxsr sse sse2 ht syscall nx mmxext fxsr_opt pdpe1gb rdtscp lm 3dnowext 3dnow constant_tsc rep_good nopl nonstop_tsc extd_apicid pni monitor cx16 popcnt lahf_lm cmp_legacy svm extapic cr8_legacy abm sse4a misalignsse 3dnowprefetch osvw ibs skinit wdt hw_pstate npt lbrv svm_lock nrip_save
bogomips	: 6399.92
TLB size	: 1024 4K pages
clflush size	: 64
cache_alignment	: 64
address sizes	: 48 bits physical, 48 bits virtual
power management: ts ttp tm stc 100mhzsteps hwpstate



Memory: 4k page, physical 4048044k(118208k free), swap 0k(0k free)

vm_info: Java HotSpot(TM) 64-Bit Server VM (25.45-b02) for linux-amd64 JRE (1.8.0_45-b14), built on Apr 10 2015 10:07:45 by "java_re" with gcc 4.3.0 20080428 (Red Hat 4.3.0-8)

time: Mon Aug 24 06:44:44 2015
elapsed time: 5 seconds (0d 0h 0m 5s)

