#
# There is insufficient memory for the Java Runtime Environment to continue.
# Native memory allocation (mmap) failed to map 39845888 bytes for committing reserved memory.
# Possible reasons:
#   The system is out of physical RAM or swap space
#   In 32 bit mode, the process size limit was hit
# Possible solutions:
#   Reduce memory load on the system
#   Increase physical memory or swap space
#   Check if swap backing store is full
#   Use 64 bit Java on a 64 bit OS
#   Decrease Java heap size (-Xmx/-Xms)
#   Decrease number of Java threads
#   Decrease Java thread stack sizes (-Xss)
#   Set larger code cache with -XX:ReservedCodeCacheSize=
# This output file may be truncated or incomplete.
#
#  Out of Memory Error (os_linux.cpp:2673), pid=9681, tid=140468878776064
#
# JRE version: Java(TM) SE Runtime Environment (8.0_45-b14) (build 1.8.0_45-b14)
# Java VM: Java HotSpot(TM) 64-Bit Server VM (25.45-b02 mixed mode linux-amd64 compressed oops)
# Failed to write core dump. Core dumps have been disabled. To enable core dumping, try "ulimit -c unlimited" before starting Java again
#

---------------  T H R E A D  ---------------

Current thread (0x00007fc188077800):  VMThread [stack: 0x00007fc1758f1000,0x00007fc1759f2000] [id=9690]

Stack: [0x00007fc1758f1000,0x00007fc1759f2000],  sp=0x00007fc1759f0060,  free space=1020k
Native frames: (J=compiled Java code, j=interpreted, Vv=VM code, C=native code)
V  [libjvm.so+0xaac99a]  VMError::report_and_die()+0x2ba
V  [libjvm.so+0x4f333b]  report_vm_out_of_memory(char const*, int, unsigned long, VMErrorType, char const*)+0x8b
V  [libjvm.so+0x90e7c3]  os::Linux::commit_memory_impl(char*, unsigned long, bool)+0x103
V  [libjvm.so+0x90ed19]  os::pd_commit_memory(char*, unsigned long, unsigned long, bool)+0x29
V  [libjvm.so+0x90867a]  os::commit_memory(char*, unsigned long, unsigned long, bool)+0x2a
V  [libjvm.so+0x97bac3]  PSVirtualSpace::expand_by(unsigned long)+0x53
V  [libjvm.so+0x97cec8]  PSYoungGen::resize_generation(unsigned long, unsigned long)+0xf8
V  [libjvm.so+0x97c022]  PSYoungGen::resize(unsigned long, unsigned long)+0x22
V  [libjvm.so+0x9792fb]  PSScavenge::invoke_no_policy()+0xf7b
V  [libjvm.so+0x979a81]  PSScavenge::invoke()+0x41
V  [libjvm.so+0x932050]  ParallelScavengeHeap::failed_mem_allocate(unsigned long)+0x70
V  [libjvm.so+0xaae1d7]  VM_ParallelGCFailedAllocation::doit()+0x97
V  [libjvm.so+0xab59c5]  VM_Operation::evaluate()+0x55
V  [libjvm.so+0xab3d9a]  VMThread::evaluate_operation(VM_Operation*)+0xba
V  [libjvm.so+0xab411e]  VMThread::loop()+0x1ce
V  [libjvm.so+0xab4590]  VMThread::run()+0x70
V  [libjvm.so+0x910de8]  java_start(Thread*)+0x108

VM_Operation (0x00007fc190090a40): ParallelGCFailedAllocation, mode: safepoint, requested by thread 0x00007fc18800a000


---------------  P R O C E S S  ---------------

Java Threads: ( => current thread )
  0x00007fc1880c2000 JavaThread "Service Thread" daemon [_thread_blocked, id=9697, stack(0x00007fc174f21000,0x00007fc175022000)]
  0x00007fc1880bd000 JavaThread "C1 CompilerThread2" daemon [_thread_blocked, id=9696, stack(0x00007fc175022000,0x00007fc175123000)]
  0x00007fc1880bb800 JavaThread "C2 CompilerThread1" daemon [_thread_in_native, id=9695, stack(0x00007fc175123000,0x00007fc175224000)]
  0x00007fc1880b8800 JavaThread "C2 CompilerThread0" daemon [_thread_in_native, id=9694, stack(0x00007fc175224000,0x00007fc175325000)]
  0x00007fc1880b7000 JavaThread "Signal Dispatcher" daemon [_thread_blocked, id=9693, stack(0x00007fc175325000,0x00007fc175426000)]
  0x00007fc18807f000 JavaThread "Finalizer" daemon [_thread_blocked, id=9692, stack(0x00007fc1756ef000,0x00007fc1757f0000)]
  0x00007fc18807c800 JavaThread "Reference Handler" daemon [_thread_blocked, id=9691, stack(0x00007fc1757f0000,0x00007fc1758f1000)]
  0x00007fc18800a000 JavaThread "main" [_thread_blocked, id=9682, stack(0x00007fc18ff92000,0x00007fc190093000)]

Other Threads:
=>0x00007fc188077800 VMThread [stack: 0x00007fc1758f1000,0x00007fc1759f2000] [id=9690]
  0x00007fc1880c4800 WatcherThread [stack: 0x00007fc174e20000,0x00007fc174f21000] [id=9698]

VM state:at safepoint (normal execution)

VM Mutex/Monitor currently owned by a thread:  ([mutex/lock_event])
[0x00007fc188006350] Threads_lock - owner thread: 0x00007fc188077800
[0x00007fc188006850] Heap_lock - owner thread: 0x00007fc18800a000

Heap:
 PSYoungGen      total 34304K, used 2535K [0x00000000eab00000, 0x00000000ecf00000, 0x0000000100000000)
  eden space 31744K, 0% used [0x00000000eab00000,0x00000000eab00000,0x00000000eca00000)
  from space 2560K, 99% used [0x00000000eca00000,0x00000000ecc79ff0,0x00000000ecc80000)
  to   space 2560K, 0% used [0x00000000ecc80000,0x00000000ecc80000,0x00000000ecf00000)
 ParOldGen       total 42496K, used 12150K [0x00000000c0000000, 0x00000000c2980000, 0x00000000eab00000)
  object space 42496K, 28% used [0x00000000c0000000,0x00000000c0bdd948,0x00000000c2980000)
 Metaspace       used 5787K, capacity 7024K, committed 7296K, reserved 1056768K
  class space    used 546K, capacity 616K, committed 640K, reserved 1048576K

Card table byte_map: [0x00007fc18cb6f000,0x00007fc18cd70000] byte_map_base: 0x00007fc18c56f000

Marking Bits: (ParMarkBitMap*) 0x00007fc18f46d760
 Begin Bits: [0x00007fc177000000, 0x00007fc178000000)
 End Bits:   [0x00007fc178000000, 0x00007fc179000000)

Polling page: 0x00007fc1900b4000

CodeCache: size=245760Kb used=6016Kb max_used=6016Kb free=239743Kb
 bounds [0x00007fc179000000, 0x00007fc1795f0000, 0x00007fc188000000]
 total_blobs=1767 nmethods=1504 adapters=178
 compilation: enabled

Compilation events (10 events):
Event: 3.524 Thread 0x00007fc1880bd000 1524       2       com.android.dx.dex.code.RopTranslator::translateAndGetResult (48 bytes)
Event: 3.524 Thread 0x00007fc1880bd000 nmethod 1524 0x00007fc1795de190 code [0x00007fc1795de340, 0x00007fc1795de6d8]
Event: 3.524 Thread 0x00007fc1880bd000 1525       2       com.android.dx.dex.code.OutputCollector::appendSuffixToOutput (45 bytes)
Event: 3.525 Thread 0x00007fc1880bd000 nmethod 1525 0x00007fc1795dd590 code [0x00007fc1795dd740, 0x00007fc1795ddbf8]
Event: 3.551 Thread 0x00007fc1880bd000 1526       2       com.android.dx.cf.code.SwitchList::getTarget (9 bytes)
Event: 3.551 Thread 0x00007fc1880bd000 nmethod 1526 0x00007fc1795dd1d0 code [0x00007fc1795dd340, 0x00007fc1795dd4a8]
Event: 3.567 Thread 0x00007fc1880bd000 1530       1       com.android.dx.rop.cst.CstType::getType (4 bytes)
Event: 3.567 Thread 0x00007fc1880bd000 nmethod 1530 0x00007fc1795dcf10 code [0x00007fc1795dd060, 0x00007fc1795dd170]
Event: 3.624 Thread 0x00007fc1880bd000 1532       2       com.android.dx.rop.annotation.Annotations::add (75 bytes)
Event: 3.625 Thread 0x00007fc1880bd000 nmethod 1532 0x00007fc1795e3990 code [0x00007fc1795e3ba0, 0x00007fc1795e41c8]

GC Heap History (9 events):
Event: 1.863 GC heap before
{Heap before GC invocations=1 (full 0):
 PSYoungGen      total 18432K, used 15872K [0x00000000eab00000, 0x00000000ebf80000, 0x0000000100000000)
  eden space 15872K, 100% used [0x00000000eab00000,0x00000000eba80000,0x00000000eba80000)
  from space 2560K, 0% used [0x00000000ebd00000,0x00000000ebd00000,0x00000000ebf80000)
  to   space 2560K, 0% used [0x00000000eba80000,0x00000000eba80000,0x00000000ebd00000)
 ParOldGen       total 42496K, used 0K [0x00000000c0000000, 0x00000000c2980000, 0x00000000eab00000)
  object space 42496K, 0% used [0x00000000c0000000,0x00000000c0000000,0x00000000c2980000)
 Metaspace       used 5442K, capacity 6704K, committed 6784K, reserved 1056768K
  class space    used 545K, capacity 616K, committed 640K, reserved 1048576K
Event: 1.881 GC heap after
Heap after GC invocations=1 (full 0):
 PSYoungGen      total 18432K, used 2535K [0x00000000eab00000, 0x00000000ebf80000, 0x0000000100000000)
  eden space 15872K, 0% used [0x00000000eab00000,0x00000000eab00000,0x00000000eba80000)
  from space 2560K, 99% used [0x00000000eba80000,0x00000000ebcf9c88,0x00000000ebd00000)
  to   space 2560K, 0% used [0x00000000ebd00000,0x00000000ebd00000,0x00000000ebf80000)
 ParOldGen       total 42496K, used 1771K [0x00000000c0000000, 0x00000000c2980000, 0x00000000eab00000)
  object space 42496K, 4% used [0x00000000c0000000,0x00000000c01baff0,0x00000000c2980000)
 Metaspace       used 5442K, capacity 6704K, committed 6784K, reserved 1056768K
  class space    used 545K, capacity 616K, committed 640K, reserved 1048576K
}
Event: 2.568 GC heap before
{Heap before GC invocations=2 (full 0):
 PSYoungGen      total 18432K, used 18407K [0x00000000eab00000, 0x00000000ebf80000, 0x0000000100000000)
  eden space 15872K, 100% used [0x00000000eab00000,0x00000000eba80000,0x00000000eba80000)
  from space 2560K, 99% used [0x00000000eba80000,0x00000000ebcf9c88,0x00000000ebd00000)
  to   space 2560K, 0% used [0x00000000ebd00000,0x00000000ebd00000,0x00000000ebf80000)
 ParOldGen       total 42496K, used 1771K [0x00000000c0000000, 0x00000000c2980000, 0x00000000eab00000)
  object space 42496K, 4% used [0x00000000c0000000,0x00000000c01baff0,0x00000000c2980000)
 Metaspace       used 5678K, capacity 6960K, committed 7040K, reserved 1056768K
  class space    used 546K, capacity 616K, committed 640K, reserved 1048576K
Event: 2.589 GC heap after
Heap after GC invocations=2 (full 0):
 PSYoungGen      total 18432K, used 2528K [0x00000000eab00000, 0x00000000ecf00000, 0x0000000100000000)
  eden space 15872K, 0% used [0x00000000eab00000,0x00000000eab00000,0x00000000eba80000)
  from space 2560K, 98% used [0x00000000ebd00000,0x00000000ebf78028,0x00000000ebf80000)
  to   space 2560K, 0% used [0x00000000eba80000,0x00000000eba80000,0x00000000ebd00000)
 ParOldGen       total 42496K, used 4041K [0x00000000c0000000, 0x00000000c2980000, 0x00000000eab00000)
  object space 42496K, 9% used [0x00000000c0000000,0x00000000c03f2510,0x00000000c2980000)
 Metaspace       used 5678K, capacity 6960K, committed 7040K, reserved 1056768K
  class space    used 546K, capacity 616K, committed 640K, reserved 1048576K
}
Event: 2.771 GC heap before
{Heap before GC invocations=3 (full 0):
 PSYoungGen      total 18432K, used 18400K [0x00000000eab00000, 0x00000000ecf00000, 0x0000000100000000)
  eden space 15872K, 100% used [0x00000000eab00000,0x00000000eba80000,0x00000000eba80000)
  from space 2560K, 98% used [0x00000000ebd00000,0x00000000ebf78028,0x00000000ebf80000)
  to   space 2560K, 0% used [0x00000000eba80000,0x00000000eba80000,0x00000000ebd00000)
 ParOldGen       total 42496K, used 4041K [0x00000000c0000000, 0x00000000c2980000, 0x00000000eab00000)
  object space 42496K, 9% used [0x00000000c0000000,0x00000000c03f2510,0x00000000c2980000)
 Metaspace       used 5700K, capacity 6960K, committed 7040K, reserved 1056768K
  class space    used 546K, capacity 616K, committed 640K, reserved 1048576K
Event: 2.794 GC heap after
Heap after GC invocations=3 (full 0):
 PSYoungGen      total 18432K, used 2528K [0x00000000eab00000, 0x00000000ecf00000, 0x0000000100000000)
  eden space 15872K, 0% used [0x00000000eab00000,0x00000000eab00000,0x00000000eba80000)
  from space 2560K, 98% used [0x00000000eba80000,0x00000000ebcf8028,0x00000000ebd00000)
  to   space 2560K, 0% used [0x00000000ecc80000,0x00000000ecc80000,0x00000000ecf00000)
 ParOldGen       total 42496K, used 6299K [0x00000000c0000000, 0x00000000c2980000, 0x00000000eab00000)
  object space 42496K, 14% used [0x00000000c0000000,0x00000000c0626e60,0x00000000c2980000)
 Metaspace       used 5700K, capacity 6960K, committed 7040K, reserved 1056768K
  class space    used 546K, capacity 616K, committed 640K, reserved 1048576K
}
Event: 2.944 GC heap before
{Heap before GC invocations=4 (full 0):
 PSYoungGen      total 18432K, used 18400K [0x00000000eab00000, 0x00000000ecf00000, 0x0000000100000000)
  eden space 15872K, 100% used [0x00000000eab00000,0x00000000eba80000,0x00000000eba80000)
  from space 2560K, 98% used [0x00000000eba80000,0x00000000ebcf8028,0x00000000ebd00000)
  to   space 2560K, 0% used [0x00000000ecc80000,0x00000000ecc80000,0x00000000ecf00000)
 ParOldGen       total 42496K, used 6299K [0x00000000c0000000, 0x00000000c2980000, 0x00000000eab00000)
  object space 42496K, 14% used [0x00000000c0000000,0x00000000c0626e60,0x00000000c2980000)
 Metaspace       used 5751K, capacity 7024K, committed 7296K, reserved 1056768K
  class space    used 546K, capacity 616K, committed 640K, reserved 1048576K
Event: 2.968 GC heap after
Heap after GC invocations=4 (full 0):
 PSYoungGen      total 34304K, used 2528K [0x00000000eab00000, 0x00000000ecf00000, 0x0000000100000000)
  eden space 31744K, 0% used [0x00000000eab00000,0x00000000eab00000,0x00000000eca00000)
  from space 2560K, 98% used [0x00000000ecc80000,0x00000000ecef8028,0x00000000ecf00000)
  to   space 2560K, 0% used [0x00000000eca00000,0x00000000eca00000,0x00000000ecc80000)
 ParOldGen       total 42496K, used 8830K [0x00000000c0000000, 0x00000000c2980000, 0x00000000eab00000)
  object space 42496K, 20% used [0x00000000c0000000,0x00000000c089f998,0x00000000c2980000)
 Metaspace       used 5751K, capacity 7024K, committed 7296K, reserved 1056768K
  class space    used 546K, capacity 616K, committed 640K, reserved 1048576K
}
Event: 3.641 GC heap before
{Heap before GC invocations=5 (full 0):
 PSYoungGen      total 34304K, used 34272K [0x00000000eab00000, 0x00000000ecf00000, 0x0000000100000000)
  eden space 31744K, 100% used [0x00000000eab00000,0x00000000eca00000,0x00000000eca00000)
  from space 2560K, 98% used [0x00000000ecc80000,0x00000000ecef8028,0x00000000ecf00000)
  to   space 2560K, 0% used [0x00000000eca00000,0x00000000eca00000,0x00000000ecc80000)
 ParOldGen       total 42496K, used 8830K [0x00000000c0000000, 0x00000000c2980000, 0x00000000eab00000)
  object space 42496K, 20% used [0x00000000c0000000,0x00000000c089f998,0x00000000c2980000)
 Metaspace       used 5787K, capacity 7024K, committed 7296K, reserved 1056768K
  class space    used 546K, capacity 616K, committed 640K, reserved 1048576K

Deoptimization events (10 events):
Event: 1.611 Thread 0x00007fc18800a000 Uncommon trap: reason=unstable_if action=reinterpret pc=0x00007fc1792e7a08 method=com.android.dx.rop.code.RegisterSpec.equals(ILcom/android/dx/rop/type/TypeBearer;Lcom/android/dx/rop/code/LocalItem;)Z @ 16
Event: 1.723 Thread 0x00007fc18800a000 Uncommon trap: reason=unstable_if action=reinterpret pc=0x00007fc17930e15c method=com.android.dx.rop.cst.Constant.compareTo(Lcom/android/dx/rop/cst/Constant;)I @ 12
Event: 2.010 Thread 0x00007fc18800a000 Uncommon trap: reason=unstable_if action=reinterpret pc=0x00007fc17938fa18 method=com.android.dx.rop.code.RegisterSpecSet.put(Lcom/android/dx/rop/code/RegisterSpec;)V @ 77
Event: 2.393 Thread 0x00007fc18800a000 Uncommon trap: reason=unstable_if action=reinterpret pc=0x00007fc17946e27c method=com.android.dx.ssa.SsaMethod.updateOneDefinition(Lcom/android/dx/ssa/SsaInsn;Lcom/android/dx/rop/code/RegisterSpec;)V @ 4
Event: 2.498 Thread 0x00007fc18800a000 Uncommon trap: reason=unstable_if action=reinterpret pc=0x00007fc17947f5c4 method=com.android.dx.util.IntList.binarysearch(I)I @ 105
Event: 2.504 Thread 0x00007fc18800a000 Uncommon trap: reason=null_check action=make_not_entrant pc=0x00007fc179310c10 method=com.android.dx.rop.type.Type.equals(Ljava/lang/Object;)Z @ 8
Event: 3.166 Thread 0x00007fc18800a000 Uncommon trap: reason=unstable_if action=reinterpret pc=0x00007fc179260840 method=java.util.HashMap.getNode(ILjava/lang/Object;)Ljava/util/HashMap$Node; @ 62
Event: 3.166 Thread 0x00007fc18800a000 Uncommon trap: reason=class_check action=maybe_recompile pc=0x00007fc17952dce0 method=java.util.HashMap.putVal(ILjava/lang/Object;Ljava/lang/Object;ZZ)Ljava/lang/Object; @ 203
Event: 3.167 Thread 0x00007fc18800a000 Uncommon trap: reason=bimorphic action=maybe_recompile pc=0x00007fc1794541d4 method=java.util.HashMap.getNode(ILjava/lang/Object;)Ljava/util/HashMap$Node; @ 126
Event: 3.167 Thread 0x00007fc18800a000 Uncommon trap: reason=bimorphic action=maybe_recompile pc=0x00007fc1794541d4 method=java.util.HashMap.getNode(ILjava/lang/Object;)Ljava/util/HashMap$Node; @ 126

Internal exceptions (3 events):
Event: 0.143 Thread 0x00007fc18800a000 Exception <a 'java/lang/NoSuchMethodError': Method sun.misc.Unsafe.defineClass(Ljava/lang/String;[BII)Ljava/lang/Class; name or signature does not match> (0x00000000eab12a38) thrown at [/RE-WORK/workspace/8-2-build-linux-amd64/jdk8u45/3457/hotspot/src/sha
Event: 0.143 Thread 0x00007fc18800a000 Exception <a 'java/lang/NoSuchMethodError': Method sun.misc.Unsafe.prefetchRead(Ljava/lang/Object;J)V name or signature does not match> (0x00000000eab12cc8) thrown at [/RE-WORK/workspace/8-2-build-linux-amd64/jdk8u45/3457/hotspot/src/share/vm/prims/jni.cp
Event: 2.504 Thread 0x00007fc18800a000 Implicit null exception at 0x00007fc179310b62 to 0x00007fc179310c02

Events (10 events):
Event: 3.166 Thread 0x00007fc18800a000 Uncommon trap: trap_request=0xffffffde fr.pc=0x00007fc17952dce0
Event: 3.166 Thread 0x00007fc18800a000 DEOPT PACKING pc=0x00007fc17952dce0 sp=0x00007fc190090b80
Event: 3.166 Thread 0x00007fc18800a000 DEOPT UNPACKING pc=0x00007fc179005229 sp=0x00007fc190090b18 mode 2
Event: 3.167 Thread 0x00007fc18800a000 Uncommon trap: trap_request=0xffffffc6 fr.pc=0x00007fc1794541d4
Event: 3.167 Thread 0x00007fc18800a000 DEOPT PACKING pc=0x00007fc1794541d4 sp=0x00007fc1900909d0
Event: 3.167 Thread 0x00007fc18800a000 DEOPT UNPACKING pc=0x00007fc179005229 sp=0x00007fc190090988 mode 2
Event: 3.167 Thread 0x00007fc18800a000 Uncommon trap: trap_request=0xffffffc6 fr.pc=0x00007fc1794541d4
Event: 3.167 Thread 0x00007fc18800a000 DEOPT PACKING pc=0x00007fc1794541d4 sp=0x00007fc1900909d0
Event: 3.167 Thread 0x00007fc18800a000 DEOPT UNPACKING pc=0x00007fc179005229 sp=0x00007fc190090988 mode 2
Event: 3.636 Executing VM operation: ParallelGCFailedAllocation


Dynamic libraries:
00400000-00401000 r-xp 00000000 08:03 1572315                            /opt/java/jdk1.8.0_45/bin/java
00600000-00601000 rw-p 00000000 08:03 1572315                            /opt/java/jdk1.8.0_45/bin/java
0237d000-0239e000 rw-p 00000000 00:00 0                                  [heap]
c0000000-c2980000 rw-p 00000000 00:00 0 
c2980000-eab00000 ---p 00000000 00:00 0 
eab00000-ecf00000 rw-p 00000000 00:00 0 
ef500000-100000000 ---p 00000000 00:00 0 
100000000-1000a0000 rw-p 00000000 00:00 0 
1000a0000-140000000 ---p 00000000 00:00 0 
7fc140000000-7fc140021000 rw-p 00000000 00:00 0 
7fc140021000-7fc144000000 ---p 00000000 00:00 0 
7fc144000000-7fc144021000 rw-p 00000000 00:00 0 
7fc144021000-7fc148000000 ---p 00000000 00:00 0 
7fc148000000-7fc1487d2000 rw-p 00000000 00:00 0 
7fc1487d2000-7fc14c000000 ---p 00000000 00:00 0 
7fc14c000000-7fc14c92b000 rw-p 00000000 00:00 0 
7fc14c92b000-7fc150000000 ---p 00000000 00:00 0 
7fc150000000-7fc150021000 rw-p 00000000 00:00 0 
7fc150021000-7fc154000000 ---p 00000000 00:00 0 
7fc154000000-7fc154cc9000 rw-p 00000000 00:00 0 
7fc154cc9000-7fc158000000 ---p 00000000 00:00 0 
7fc158000000-7fc158021000 rw-p 00000000 00:00 0 
7fc158021000-7fc15c000000 ---p 00000000 00:00 0 
7fc15c000000-7fc15c021000 rw-p 00000000 00:00 0 
7fc15c021000-7fc160000000 ---p 00000000 00:00 0 
7fc160000000-7fc160021000 rw-p 00000000 00:00 0 
7fc160021000-7fc164000000 ---p 00000000 00:00 0 
7fc164000000-7fc16428a000 rw-p 00000000 00:00 0 
7fc16428a000-7fc168000000 ---p 00000000 00:00 0 
7fc168000000-7fc168021000 rw-p 00000000 00:00 0 
7fc168021000-7fc16c000000 ---p 00000000 00:00 0 
7fc16c000000-7fc16c021000 rw-p 00000000 00:00 0 
7fc16c021000-7fc170000000 ---p 00000000 00:00 0 
7fc170000000-7fc170021000 rw-p 00000000 00:00 0 
7fc170021000-7fc174000000 ---p 00000000 00:00 0 
7fc174e20000-7fc174e21000 ---p 00000000 00:00 0 
7fc174e21000-7fc174f21000 rw-p 00000000 00:00 0                          [stack:9698]
7fc174f21000-7fc174f24000 ---p 00000000 00:00 0 
7fc174f24000-7fc175022000 rw-p 00000000 00:00 0                          [stack:9697]
7fc175022000-7fc175025000 ---p 00000000 00:00 0 
7fc175025000-7fc175123000 rw-p 00000000 00:00 0                          [stack:9696]
7fc175123000-7fc175126000 ---p 00000000 00:00 0 
7fc175126000-7fc175224000 rw-p 00000000 00:00 0                          [stack:9695]
7fc175224000-7fc175227000 ---p 00000000 00:00 0 
7fc175227000-7fc175325000 rw-p 00000000 00:00 0                          [stack:9694]
7fc175325000-7fc175328000 ---p 00000000 00:00 0 
7fc175328000-7fc175426000 rw-p 00000000 00:00 0                          [stack:9693]
7fc175426000-7fc1756ef000 r--p 00000000 08:03 266989                     /usr/lib/locale/locale-archive
7fc1756ef000-7fc1756f2000 ---p 00000000 00:00 0 
7fc1756f2000-7fc1757f0000 rw-p 00000000 00:00 0                          [stack:9692]
7fc1757f0000-7fc1757f3000 ---p 00000000 00:00 0 
7fc1757f3000-7fc1758f1000 rw-p 00000000 00:00 0                          [stack:9691]
7fc1758f1000-7fc1758f2000 ---p 00000000 00:00 0 
7fc1758f2000-7fc176e80000 rw-p 00000000 00:00 0                          [stack:9690]
7fc176e80000-7fc177000000 ---p 00000000 00:00 0 
7fc177000000-7fc179000000 rw-p 00000000 00:00 0 
7fc179000000-7fc1795f0000 rwxp 00000000 00:00 0 
7fc1795f0000-7fc188000000 ---p 00000000 00:00 0 
7fc188000000-7fc188388000 rw-p 00000000 00:00 0 
7fc188388000-7fc18c000000 ---p 00000000 00:00 0 
7fc18c011000-7fc18c020000 r--s 000dd000 00:19 9438599                    /home/mike/Android/Sdk/build-tools/22.0.1/lib/dx.jar
7fc18c020000-7fc18c1c6000 rw-p 00000000 00:00 0 
7fc18c1c6000-7fc18c39f000 r--s 03d09000 08:03 1573810                    /opt/java/jdk1.8.0_45/jre/lib/rt.jar
7fc18c39f000-7fc18c615000 rw-p 00000000 00:00 0 
7fc18c615000-7fc18c616000 ---p 00000000 00:00 0 
7fc18c616000-7fc18c716000 rw-p 00000000 00:00 0                          [stack:9689]
7fc18c716000-7fc18c717000 ---p 00000000 00:00 0 
7fc18c717000-7fc18c817000 rw-p 00000000 00:00 0                          [stack:9688]
7fc18c817000-7fc18c818000 ---p 00000000 00:00 0 
7fc18c818000-7fc18c918000 rw-p 00000000 00:00 0                          [stack:9687]
7fc18c918000-7fc18c919000 ---p 00000000 00:00 0 
7fc18c919000-7fc18ca2e000 rw-p 00000000 00:00 0                          [stack:9686]
7fc18ca2e000-7fc18cb6f000 ---p 00000000 00:00 0 
7fc18cb6f000-7fc18cb84000 rw-p 00000000 00:00 0 
7fc18cb84000-7fc18ccc4000 ---p 00000000 00:00 0 
7fc18ccc4000-7fc18ccd7000 rw-p 00000000 00:00 0 
7fc18ccd7000-7fc18cd6f000 ---p 00000000 00:00 0 
7fc18cd6f000-7fc18cd88000 rw-p 00000000 00:00 0 
7fc18cd88000-7fc18d130000 ---p 00000000 00:00 0 
7fc18d130000-7fc18d14a000 r-xp 00000000 08:03 1574049                    /opt/java/jdk1.8.0_45/jre/lib/amd64/libzip.so
7fc18d14a000-7fc18d34a000 ---p 0001a000 08:03 1574049                    /opt/java/jdk1.8.0_45/jre/lib/amd64/libzip.so
7fc18d34a000-7fc18d34b000 rw-p 0001a000 08:03 1574049                    /opt/java/jdk1.8.0_45/jre/lib/amd64/libzip.so
7fc18d34b000-7fc18d356000 r-xp 00000000 08:03 131807                     /lib/x86_64-linux-gnu/libnss_files-2.19.so
7fc18d356000-7fc18d555000 ---p 0000b000 08:03 131807                     /lib/x86_64-linux-gnu/libnss_files-2.19.so
7fc18d555000-7fc18d556000 r--p 0000a000 08:03 131807                     /lib/x86_64-linux-gnu/libnss_files-2.19.so
7fc18d556000-7fc18d557000 rw-p 0000b000 08:03 131807                     /lib/x86_64-linux-gnu/libnss_files-2.19.so
7fc18d557000-7fc18d562000 r-xp 00000000 08:03 131871                     /lib/x86_64-linux-gnu/libnss_nis-2.19.so
7fc18d562000-7fc18d761000 ---p 0000b000 08:03 131871                     /lib/x86_64-linux-gnu/libnss_nis-2.19.so
7fc18d761000-7fc18d762000 r--p 0000a000 08:03 131871                     /lib/x86_64-linux-gnu/libnss_nis-2.19.so
7fc18d762000-7fc18d763000 rw-p 0000b000 08:03 131871                     /lib/x86_64-linux-gnu/libnss_nis-2.19.so
7fc18d763000-7fc18d77a000 r-xp 00000000 08:03 131829                     /lib/x86_64-linux-gnu/libnsl-2.19.so
7fc18d77a000-7fc18d979000 ---p 00017000 08:03 131829                     /lib/x86_64-linux-gnu/libnsl-2.19.so
7fc18d979000-7fc18d97a000 r--p 00016000 08:03 131829                     /lib/x86_64-linux-gnu/libnsl-2.19.so
7fc18d97a000-7fc18d97b000 rw-p 00017000 08:03 131829                     /lib/x86_64-linux-gnu/libnsl-2.19.so
7fc18d97b000-7fc18d97d000 rw-p 00000000 00:00 0 
7fc18d97d000-7fc18d986000 r-xp 00000000 08:03 131828                     /lib/x86_64-linux-gnu/libnss_compat-2.19.so
7fc18d986000-7fc18db85000 ---p 00009000 08:03 131828                     /lib/x86_64-linux-gnu/libnss_compat-2.19.so
7fc18db85000-7fc18db86000 r--p 00008000 08:03 131828                     /lib/x86_64-linux-gnu/libnss_compat-2.19.so
7fc18db86000-7fc18db87000 rw-p 00009000 08:03 131828                     /lib/x86_64-linux-gnu/libnss_compat-2.19.so
7fc18db87000-7fc18dbb1000 r-xp 00000000 08:03 1574040                    /opt/java/jdk1.8.0_45/jre/lib/amd64/libjava.so
7fc18dbb1000-7fc18ddb1000 ---p 0002a000 08:03 1574040                    /opt/java/jdk1.8.0_45/jre/lib/amd64/libjava.so
7fc18ddb1000-7fc18ddb3000 rw-p 0002a000 08:03 1574040                    /opt/java/jdk1.8.0_45/jre/lib/amd64/libjava.so
7fc18ddb3000-7fc18ddc0000 r-xp 00000000 08:03 1574047                    /opt/java/jdk1.8.0_45/jre/lib/amd64/libverify.so
7fc18ddc0000-7fc18dfc0000 ---p 0000d000 08:03 1574047                    /opt/java/jdk1.8.0_45/jre/lib/amd64/libverify.so
7fc18dfc0000-7fc18dfc2000 rw-p 0000d000 08:03 1574047                    /opt/java/jdk1.8.0_45/jre/lib/amd64/libverify.so
7fc18dfc2000-7fc18dfc9000 r-xp 00000000 08:03 131868                     /lib/x86_64-linux-gnu/librt-2.19.so
7fc18dfc9000-7fc18e1c8000 ---p 00007000 08:03 131868                     /lib/x86_64-linux-gnu/librt-2.19.so
7fc18e1c8000-7fc18e1c9000 r--p 00006000 08:03 131868                     /lib/x86_64-linux-gnu/librt-2.19.so
7fc18e1c9000-7fc18e1ca000 rw-p 00007000 08:03 131868                     /lib/x86_64-linux-gnu/librt-2.19.so
7fc18e1ca000-7fc18e2cf000 r-xp 00000000 08:03 131806                     /lib/x86_64-linux-gnu/libm-2.19.so
7fc18e2cf000-7fc18e4ce000 ---p 00105000 08:03 131806                     /lib/x86_64-linux-gnu/libm-2.19.so
7fc18e4ce000-7fc18e4cf000 r--p 00104000 08:03 131806                     /lib/x86_64-linux-gnu/libm-2.19.so
7fc18e4cf000-7fc18e4d0000 rw-p 00105000 08:03 131806                     /lib/x86_64-linux-gnu/libm-2.19.so
7fc18e4d0000-7fc18f17e000 r-xp 00000000 08:03 1574060                    /opt/java/jdk1.8.0_45/jre/lib/amd64/server/libjvm.so
7fc18f17e000-7fc18f37d000 ---p 00cae000 08:03 1574060                    /opt/java/jdk1.8.0_45/jre/lib/amd64/server/libjvm.so
7fc18f37d000-7fc18f454000 rw-p 00cad000 08:03 1574060                    /opt/java/jdk1.8.0_45/jre/lib/amd64/server/libjvm.so
7fc18f454000-7fc18f498000 rw-p 00000000 00:00 0 
7fc18f498000-7fc18f653000 r-xp 00000000 08:03 131857                     /lib/x86_64-linux-gnu/libc-2.19.so
7fc18f653000-7fc18f852000 ---p 001bb000 08:03 131857                     /lib/x86_64-linux-gnu/libc-2.19.so
7fc18f852000-7fc18f856000 r--p 001ba000 08:03 131857                     /lib/x86_64-linux-gnu/libc-2.19.so
7fc18f856000-7fc18f858000 rw-p 001be000 08:03 131857                     /lib/x86_64-linux-gnu/libc-2.19.so
7fc18f858000-7fc18f85d000 rw-p 00000000 00:00 0 
7fc18f85d000-7fc18f860000 r-xp 00000000 08:03 131810                     /lib/x86_64-linux-gnu/libdl-2.19.so
7fc18f860000-7fc18fa5f000 ---p 00003000 08:03 131810                     /lib/x86_64-linux-gnu/libdl-2.19.so
7fc18fa5f000-7fc18fa60000 r--p 00002000 08:03 131810                     /lib/x86_64-linux-gnu/libdl-2.19.so
7fc18fa60000-7fc18fa61000 rw-p 00003000 08:03 131810                     /lib/x86_64-linux-gnu/libdl-2.19.so
7fc18fa61000-7fc18fa76000 r-xp 00000000 08:03 1573749                    /opt/java/jdk1.8.0_45/lib/amd64/jli/libjli.so
7fc18fa76000-7fc18fc76000 ---p 00015000 08:03 1573749                    /opt/java/jdk1.8.0_45/lib/amd64/jli/libjli.so
7fc18fc76000-7fc18fc77000 rw-p 00015000 08:03 1573749                    /opt/java/jdk1.8.0_45/lib/amd64/jli/libjli.so
7fc18fc77000-7fc18fc90000 r-xp 00000000 08:03 131858                     /lib/x86_64-linux-gnu/libpthread-2.19.so
7fc18fc90000-7fc18fe8f000 ---p 00019000 08:03 131858                     /lib/x86_64-linux-gnu/libpthread-2.19.so
7fc18fe8f000-7fc18fe90000 r--p 00018000 08:03 131858                     /lib/x86_64-linux-gnu/libpthread-2.19.so
7fc18fe90000-7fc18fe91000 rw-p 00019000 08:03 131858                     /lib/x86_64-linux-gnu/libpthread-2.19.so
7fc18fe91000-7fc18fe95000 rw-p 00000000 00:00 0 
7fc18fe95000-7fc18feb8000 r-xp 00000000 08:03 131833                     /lib/x86_64-linux-gnu/ld-2.19.so
7fc18feba000-7fc18febb000 rw-p 00000000 00:00 0 
7fc18febb000-7fc18febc000 r--p 00000000 08:03 672594                     /usr/share/locale-langpack/en_GB/LC_MESSAGES/libc.mo
7fc18febc000-7fc18fec0000 r--s 0001e000 00:19 11273445                   /home/mike/AndroidStudioProjects/Wordist/app/build/intermediates/exploded-aar/com.google.android.gms/play-services-plus/7.5.0/jars/classes.jar
7fc18fec0000-7fc18ff92000 rw-p 00000000 00:00 0 
7fc18ff92000-7fc18ff95000 ---p 00000000 00:00 0 
7fc18ff95000-7fc1900ab000 rw-p 00000000 00:00 0                          [stack:9682]
7fc1900ab000-7fc1900b3000 rw-s 00000000 08:03 1574137                    /tmp/hsperfdata_mike/9681
7fc1900b3000-7fc1900b4000 rw-p 00000000 00:00 0 
7fc1900b4000-7fc1900b5000 ---p 00000000 00:00 0 
7fc1900b5000-7fc1900b7000 rw-p 00000000 00:00 0 
7fc1900b7000-7fc1900b8000 r--p 00022000 08:03 131833                     /lib/x86_64-linux-gnu/ld-2.19.so
7fc1900b8000-7fc1900b9000 rw-p 00023000 08:03 131833                     /lib/x86_64-linux-gnu/ld-2.19.so
7fc1900b9000-7fc1900ba000 rw-p 00000000 00:00 0 
7fff8e680000-7fff8e6a1000 rw-p 00000000 00:00 0                          [stack]
7fff8e7d2000-7fff8e7d4000 r-xp 00000000 00:00 0                          [vdso]
ffffffffff600000-ffffffffff601000 r-xp 00000000 00:00 0                  [vsyscall]

VM Arguments:
jvm_args: -Xmx1024M -Dfile.encoding=UTF-8 -Duser.country=GB -Duser.language=en -Duser.variant 
java_command: com.android.dx.command.Main --dex --output /home/mike/AndroidStudioProjects/Wordist/app/build/intermediates/pre-dexed/debug/classes-137b98b536e4a331a4b67052cd2264e1af3633e9.jar /home/mike/AndroidStudioProjects/Wordist/app/build/intermediates/exploded-aar/com.google.android.gms/play-services-plus/7.5.0/jars/classes.jar
java_class_path (initial): /home/mike/Android/Sdk/build-tools/22.0.1/lib/dx.jar
Launcher Type: SUN_STANDARD

Environment Variables:
PATH=/usr/local/sbin:/usr/local/bin:/usr/sbin:/usr/bin:/sbin:/bin:/usr/games:/usr/local/games
USERNAME=mike
LD_LIBRARY_PATH=/opt/android-studio/bin:
SHELL=/bin/bash
DISPLAY=:0

Signal Handlers:
SIGSEGV: [libjvm.so+0xaad1e0], sa_mask[0]=11111111011111111101111111111110, sa_flags=SA_RESTART|SA_SIGINFO
SIGBUS: [libjvm.so+0xaad1e0], sa_mask[0]=11111111011111111101111111111110, sa_flags=SA_RESTART|SA_SIGINFO
SIGFPE: [libjvm.so+0x90b450], sa_mask[0]=11111111011111111101111111111110, sa_flags=SA_RESTART|SA_SIGINFO
SIGPIPE: [libjvm.so+0x90b450], sa_mask[0]=11111111011111111101111111111110, sa_flags=SA_RESTART|SA_SIGINFO
SIGXFSZ: [libjvm.so+0x90b450], sa_mask[0]=11111111011111111101111111111110, sa_flags=SA_RESTART|SA_SIGINFO
SIGILL: [libjvm.so+0x90b450], sa_mask[0]=11111111011111111101111111111110, sa_flags=SA_RESTART|SA_SIGINFO
SIGUSR1: SIG_DFL, sa_mask[0]=00000000000000000000000000000000, sa_flags=none
SIGUSR2: [libjvm.so+0x90ca90], sa_mask[0]=00100000000000000000000000000000, sa_flags=SA_RESTART|SA_SIGINFO
SIGHUP: [libjvm.so+0x90dde0], sa_mask[0]=11111111011111111101111111111110, sa_flags=SA_RESTART|SA_SIGINFO
SIGINT: [libjvm.so+0x90dde0], sa_mask[0]=11111111011111111101111111111110, sa_flags=SA_RESTART|SA_SIGINFO
SIGTERM: [libjvm.so+0x90dde0], sa_mask[0]=11111111011111111101111111111110, sa_flags=SA_RESTART|SA_SIGINFO
SIGQUIT: [libjvm.so+0x90dde0], sa_mask[0]=11111111011111111101111111111110, sa_flags=SA_RESTART|SA_SIGINFO


---------------  S Y S T E M  ---------------

OS:DISTRIB_ID=LinuxMint
DISTRIB_RELEASE=17.1
DISTRIB_CODENAME=rebecca
DISTRIB_DESCRIPTION="Linux Mint 17.1 Rebecca"

uname:Linux 3.13.0-37-generic #64-Ubuntu SMP Mon Sep 22 21:28:38 UTC 2014 x86_64
libc:glibc 2.19 NPTL 2.19 
rlimit: STACK 8192k, CORE 0k, NPROC 30866, NOFILE 4096, AS infinity
load average:5.38 1.74 0.99

/proc/meminfo:
MemTotal:        4048044 kB
MemFree:          112208 kB
Buffers:             236 kB
Cached:            44260 kB
SwapCached:            0 kB
Active:          3708200 kB
Inactive:          43048 kB
Active(anon):    3707604 kB
Inactive(anon):    32036 kB
Active(file):        596 kB
Inactive(file):    11012 kB
Unevictable:         136 kB
Mlocked:             136 kB
SwapTotal:             0 kB
SwapFree:              0 kB
Dirty:               144 kB
Writeback:             0 kB
AnonPages:       3706712 kB
Mapped:            34980 kB
Shmem:             33128 kB
Slab:              58112 kB
SReclaimable:      20700 kB
SUnreclaim:        37412 kB
KernelStack:        4480 kB
PageTables:        26836 kB
NFS_Unstable:          0 kB
Bounce:                0 kB
WritebackTmp:          0 kB
CommitLimit:     2024020 kB
Committed_AS:    5609688 kB
VmallocTotal:   34359738367 kB
VmallocUsed:      310676 kB
VmallocChunk:   34359413752 kB
HardwareCorrupted:     0 kB
AnonHugePages:   2519040 kB
HugePages_Total:       0
HugePages_Free:        0
HugePages_Rsvd:        0
HugePages_Surp:        0
Hugepagesize:       2048 kB
DirectMap4k:       93760 kB
DirectMap2M:     4100096 kB
DirectMap1G:           0 kB


CPU:total 4 (4 cores per cpu, 1 threads per core) family 16 model 4 stepping 2, cmov, cx8, fxsr, mmx, sse, sse2, sse3, popcnt, mmxext, 3dnowpref, lzcnt, sse4a, tsc, tscinvbit, tscinv

/proc/cpuinfo:
processor	: 0
vendor_id	: AuthenticAMD
cpu family	: 16
model		: 4
model name	: AMD Phenom(tm) II X4 955 Processor
stepping	: 2
microcode	: 0x1000086
cpu MHz		: 3200.000
cache size	: 512 KB
physical id	: 0
siblings	: 4
core id		: 0
cpu cores	: 4
apicid		: 0
initial apicid	: 0
fpu		: yes
fpu_exception	: yes
cpuid level	: 5
wp		: yes
flags		: fpu vme de pse tsc msr pae mce cx8 apic sep mtrr pge mca cmov pat pse36 clflush mmx fxsr sse sse2 ht syscall nx mmxext fxsr_opt pdpe1gb rdtscp lm 3dnowext 3dnow constant_tsc rep_good nopl nonstop_tsc extd_apicid pni monitor cx16 popcnt lahf_lm cmp_legacy svm extapic cr8_legacy abm sse4a misalignsse 3dnowprefetch osvw ibs skinit wdt hw_pstate npt lbrv svm_lock nrip_save
bogomips	: 6399.96
TLB size	: 1024 4K pages
clflush size	: 64
cache_alignment	: 64
address sizes	: 48 bits physical, 48 bits virtual
power management: ts ttp tm stc 100mhzsteps hwpstate

processor	: 1
vendor_id	: AuthenticAMD
cpu family	: 16
model		: 4
model name	: AMD Phenom(tm) II X4 955 Processor
stepping	: 2
microcode	: 0x1000086
cpu MHz		: 3200.000
cache size	: 512 KB
physical id	: 0
siblings	: 4
core id		: 1
cpu cores	: 4
apicid		: 1
initial apicid	: 1
fpu		: yes
fpu_exception	: yes
cpuid level	: 5
wp		: yes
flags		: fpu vme de pse tsc msr pae mce cx8 apic sep mtrr pge mca cmov pat pse36 clflush mmx fxsr sse sse2 ht syscall nx mmxext fxsr_opt pdpe1gb rdtscp lm 3dnowext 3dnow constant_tsc rep_good nopl nonstop_tsc extd_apicid pni monitor cx16 popcnt lahf_lm cmp_legacy svm extapic cr8_legacy abm sse4a misalignsse 3dnowprefetch osvw ibs skinit wdt hw_pstate npt lbrv svm_lock nrip_save
bogomips	: 6399.96
TLB size	: 1024 4K pages
clflush size	: 64
cache_alignment	: 64
address sizes	: 48 bits physical, 48 bits virtual
power management: ts ttp tm stc 100mhzsteps hwpstate

processor	: 2
vendor_id	: AuthenticAMD
cpu family	: 16
model		: 4
model name	: AMD Phenom(tm) II X4 955 Processor
stepping	: 2
microcode	: 0x1000086
cpu MHz		: 3200.000
cache size	: 512 KB
physical id	: 0
siblings	: 4
core id		: 2
cpu cores	: 4
apicid		: 2
initial apicid	: 2
fpu		: yes
fpu_exception	: yes
cpuid level	: 5
wp		: yes
flags		: fpu vme de pse tsc msr pae mce cx8 apic sep mtrr pge mca cmov pat pse36 clflush mmx fxsr sse sse2 ht syscall nx mmxext fxsr_opt pdpe1gb rdtscp lm 3dnowext 3dnow constant_tsc rep_good nopl nonstop_tsc extd_apicid pni monitor cx16 popcnt lahf_lm cmp_legacy svm extapic cr8_legacy abm sse4a misalignsse 3dnowprefetch osvw ibs skinit wdt hw_pstate npt lbrv svm_lock nrip_save
bogomips	: 6399.96
TLB size	: 1024 4K pages
clflush size	: 64
cache_alignment	: 64
address sizes	: 48 bits physical, 48 bits virtual
power management: ts ttp tm stc 100mhzsteps hwpstate

processor	: 3
vendor_id	: AuthenticAMD
cpu family	: 16
model		: 4
model name	: AMD Phenom(tm) II X4 955 Processor
stepping	: 2
microcode	: 0x1000086
cpu MHz		: 3200.000
cache size	: 512 KB
physical id	: 0
siblings	: 4
core id		: 3
cpu cores	: 4
apicid		: 3
initial apicid	: 3
fpu		: yes
fpu_exception	: yes
cpuid level	: 5
wp		: yes
flags		: fpu vme de pse tsc msr pae mce cx8 apic sep mtrr pge mca cmov pat pse36 clflush mmx fxsr sse sse2 ht syscall nx mmxext fxsr_opt pdpe1gb rdtscp lm 3dnowext 3dnow constant_tsc rep_good nopl nonstop_tsc extd_apicid pni monitor cx16 popcnt lahf_lm cmp_legacy svm extapic cr8_legacy abm sse4a misalignsse 3dnowprefetch osvw ibs skinit wdt hw_pstate npt lbrv svm_lock nrip_save
bogomips	: 6399.96
TLB size	: 1024 4K pages
clflush size	: 64
cache_alignment	: 64
address sizes	: 48 bits physical, 48 bits virtual
power management: ts ttp tm stc 100mhzsteps hwpstate



Memory: 4k page, physical 4048044k(109232k free), swap 0k(0k free)

vm_info: Java HotSpot(TM) 64-Bit Server VM (25.45-b02) for linux-amd64 JRE (1.8.0_45-b14), built on Apr 10 2015 10:07:45 by "java_re" with gcc 4.3.0 20080428 (Red Hat 4.3.0-8)

time: Mon Jun 22 19:52:54 2015
elapsed time: 4 seconds (0d 0h 0m 4s)

