#
# There is insufficient memory for the Java Runtime Environment to continue.
# Native memory allocation (mmap) failed to map 41943040 bytes for committing reserved memory.
# Possible reasons:
#   The system is out of physical RAM or swap space
#   In 32 bit mode, the process size limit was hit
# Possible solutions:
#   Reduce memory load on the system
#   Increase physical memory or swap space
#   Check if swap backing store is full
#   Use 64 bit Java on a 64 bit OS
#   Decrease Java heap size (-Xmx/-Xms)
#   Decrease number of Java threads
#   Decrease Java thread stack sizes (-Xss)
#   Set larger code cache with -XX:ReservedCodeCacheSize=
# This output file may be truncated or incomplete.
#
#  Out of Memory Error (os_linux.cpp:2673), pid=12091, tid=140289665640192
#
# JRE version: Java(TM) SE Runtime Environment (8.0_45-b14) (build 1.8.0_45-b14)
# Java VM: Java HotSpot(TM) 64-Bit Server VM (25.45-b02 mixed mode linux-amd64 compressed oops)
# Failed to write core dump. Core dumps have been disabled. To enable core dumping, try "ulimit -c unlimited" before starting Java again
#

---------------  T H R E A D  ---------------

Current thread (0x00007f97dc077800):  VMThread [stack: 0x00007f97bb9fa000,0x00007f97bbafb000] [id=12116]

Stack: [0x00007f97bb9fa000,0x00007f97bbafb000],  sp=0x00007f97bbaf8f60,  free space=1019k
Native frames: (J=compiled Java code, j=interpreted, Vv=VM code, C=native code)
V  [libjvm.so+0xaac99a]  VMError::report_and_die()+0x2ba
V  [libjvm.so+0x4f333b]  report_vm_out_of_memory(char const*, int, unsigned long, VMErrorType, char const*)+0x8b
V  [libjvm.so+0x90e7c3]  os::Linux::commit_memory_impl(char*, unsigned long, bool)+0x103
V  [libjvm.so+0x90ed19]  os::pd_commit_memory(char*, unsigned long, unsigned long, bool)+0x29
V  [libjvm.so+0x90867a]  os::commit_memory(char*, unsigned long, unsigned long, bool)+0x2a
V  [libjvm.so+0x97bac3]  PSVirtualSpace::expand_by(unsigned long)+0x53
V  [libjvm.so+0x97cec8]  PSYoungGen::resize_generation(unsigned long, unsigned long)+0xf8
V  [libjvm.so+0x97c022]  PSYoungGen::resize(unsigned long, unsigned long)+0x22
V  [libjvm.so+0x9792fb]  PSScavenge::invoke_no_policy()+0xf7b
V  [libjvm.so+0x979a81]  PSScavenge::invoke()+0x41
V  [libjvm.so+0x932050]  ParallelScavengeHeap::failed_mem_allocate(unsigned long)+0x70
V  [libjvm.so+0xaae1d7]  VM_ParallelGCFailedAllocation::doit()+0x97
V  [libjvm.so+0xab59c5]  VM_Operation::evaluate()+0x55
V  [libjvm.so+0xab3d9a]  VMThread::evaluate_operation(VM_Operation*)+0xba
V  [libjvm.so+0xab411e]  VMThread::loop()+0x1ce
V  [libjvm.so+0xab4590]  VMThread::run()+0x70
V  [libjvm.so+0x910de8]  java_start(Thread*)+0x108

VM_Operation (0x00007f97e2245700): ParallelGCFailedAllocation, mode: safepoint, requested by thread 0x00007f97dc00a000


---------------  P R O C E S S  ---------------

Java Threads: ( => current thread )
  0x00007f97dc0c2000 JavaThread "Service Thread" daemon [_thread_blocked, id=12140, stack(0x00007f97bb02a000,0x00007f97bb12b000)]
  0x00007f97dc0bd000 JavaThread "C1 CompilerThread2" daemon [_thread_blocked, id=12139, stack(0x00007f97bb12b000,0x00007f97bb22c000)]
  0x00007f97dc0bb800 JavaThread "C2 CompilerThread1" daemon [_thread_in_native, id=12138, stack(0x00007f97bb22c000,0x00007f97bb32d000)]
  0x00007f97dc0b8800 JavaThread "C2 CompilerThread0" daemon [_thread_blocked, id=12135, stack(0x00007f97bb32d000,0x00007f97bb42e000)]
  0x00007f97dc0b7000 JavaThread "Signal Dispatcher" daemon [_thread_blocked, id=12134, stack(0x00007f97bb42e000,0x00007f97bb52f000)]
  0x00007f97dc07f000 JavaThread "Finalizer" daemon [_thread_blocked, id=12120, stack(0x00007f97bb7f8000,0x00007f97bb8f9000)]
  0x00007f97dc07c800 JavaThread "Reference Handler" daemon [_thread_blocked, id=12119, stack(0x00007f97bb8f9000,0x00007f97bb9fa000)]
  0x00007f97dc00a000 JavaThread "main" [_thread_blocked, id=12095, stack(0x00007f97e2147000,0x00007f97e2248000)]

Other Threads:
=>0x00007f97dc077800 VMThread [stack: 0x00007f97bb9fa000,0x00007f97bbafb000] [id=12116]
  0x00007f97dc0c4800 WatcherThread [stack: 0x00007f97baf29000,0x00007f97bb02a000] [id=12141]

VM state:at safepoint (normal execution)

VM Mutex/Monitor currently owned by a thread:  ([mutex/lock_event])
[0x00007f97dc006350] Threads_lock - owner thread: 0x00007f97dc077800
[0x00007f97dc006850] Heap_lock - owner thread: 0x00007f97dc00a000

Heap:
 PSYoungGen      total 34304K, used 2560K [0x00000000eab00000, 0x00000000ecf00000, 0x0000000100000000)
  eden space 31744K, 0% used [0x00000000eab00000,0x00000000eab00000,0x00000000eca00000)
  from space 2560K, 100% used [0x00000000eca00000,0x00000000ecc80000,0x00000000ecc80000)
  to   space 2560K, 0% used [0x00000000ecc80000,0x00000000ecc80000,0x00000000ecf00000)
 ParOldGen       total 42496K, used 12733K [0x00000000c0000000, 0x00000000c2980000, 0x00000000eab00000)
  object space 42496K, 29% used [0x00000000c0000000,0x00000000c0c6f798,0x00000000c2980000)
 Metaspace       used 5869K, capacity 7088K, committed 7296K, reserved 1056768K
  class space    used 546K, capacity 616K, committed 640K, reserved 1048576K

Card table byte_map: [0x00007f97cbbad000,0x00007f97cbdae000] byte_map_base: 0x00007f97cb5ad000

Marking Bits: (ParMarkBitMap*) 0x00007f97e1624760
 Begin Bits: [0x00007f97c97a9000, 0x00007f97ca7a9000)
 End Bits:   [0x00007f97ca7a9000, 0x00007f97cb7a9000)

Polling page: 0x00007f97e226b000

CodeCache: size=245760Kb used=6473Kb max_used=6473Kb free=239286Kb
 bounds [0x00007f97cc16e000, 0x00007f97cc7ce000, 0x00007f97db16e000]
 total_blobs=1857 nmethods=1592 adapters=178
 compilation: enabled

Compilation events (10 events):
Event: 7.847 Thread 0x00007f97dc0bd000 1618       2       com.android.dx.dex.code.RopTranslator$TranslationVisitor::visitThrowingInsn (118 bytes)
Event: 7.848 Thread 0x00007f97dc0bd000 nmethod 1618 0x00007f97cc7bbd10 code [0x00007f97cc7bbf60, 0x00007f97cc7bc6c8]
Event: 7.854 Thread 0x00007f97dc0bd000 1619       1       java.util.HashMap$Node::getKey (5 bytes)
Event: 7.854 Thread 0x00007f97dc0bd000 nmethod 1619 0x00007f97cc7bcfd0 code [0x00007f97cc7bd120, 0x00007f97cc7bd230]
Event: 8.082 Thread 0x00007f97dc0bd000 1621       2       com.android.dx.cf.attrib.InnerClassList::set (19 bytes)
Event: 8.082 Thread 0x00007f97dc0bd000 nmethod 1621 0x00007f97cc7bd290 code [0x00007f97cc7bd460, 0x00007f97cc7bd978]
Event: 8.083 Thread 0x00007f97dc0bd000 1622       2       com.android.dx.cf.attrib.InnerClassList::get (9 bytes)
Event: 8.083 Thread 0x00007f97dc0bd000 nmethod 1622 0x00007f97cc7bdf50 code [0x00007f97cc7be0c0, 0x00007f97cc7be268]
Event: 8.083 Thread 0x00007f97dc0bd000 1623       2       com.android.dx.dex.file.AnnotationSetItem::<init> (83 bytes)
Event: 8.084 Thread 0x00007f97dc0bd000 nmethod 1623 0x00007f97cc7be310 code [0x00007f97cc7be500, 0x00007f97cc7bed08]

GC Heap History (9 events):
Event: 3.731 GC heap before
{Heap before GC invocations=1 (full 0):
 PSYoungGen      total 18432K, used 15872K [0x00000000eab00000, 0x00000000ebf80000, 0x0000000100000000)
  eden space 15872K, 100% used [0x00000000eab00000,0x00000000eba80000,0x00000000eba80000)
  from space 2560K, 0% used [0x00000000ebd00000,0x00000000ebd00000,0x00000000ebf80000)
  to   space 2560K, 0% used [0x00000000eba80000,0x00000000eba80000,0x00000000ebd00000)
 ParOldGen       total 42496K, used 0K [0x00000000c0000000, 0x00000000c2980000, 0x00000000eab00000)
  object space 42496K, 0% used [0x00000000c0000000,0x00000000c0000000,0x00000000c2980000)
 Metaspace       used 5487K, capacity 6768K, committed 7040K, reserved 1056768K
  class space    used 544K, capacity 616K, committed 640K, reserved 1048576K
Event: 3.758 GC heap after
Heap after GC invocations=1 (full 0):
 PSYoungGen      total 18432K, used 2540K [0x00000000eab00000, 0x00000000ebf80000, 0x0000000100000000)
  eden space 15872K, 0% used [0x00000000eab00000,0x00000000eab00000,0x00000000eba80000)
  from space 2560K, 99% used [0x00000000eba80000,0x00000000ebcfb160,0x00000000ebd00000)
  to   space 2560K, 0% used [0x00000000ebd00000,0x00000000ebd00000,0x00000000ebf80000)
 ParOldGen       total 42496K, used 1480K [0x00000000c0000000, 0x00000000c2980000, 0x00000000eab00000)
  object space 42496K, 3% used [0x00000000c0000000,0x00000000c0172078,0x00000000c2980000)
 Metaspace       used 5487K, capacity 6768K, committed 7040K, reserved 1056768K
  class space    used 544K, capacity 616K, committed 640K, reserved 1048576K
}
Event: 5.272 GC heap before
{Heap before GC invocations=2 (full 0):
 PSYoungGen      total 18432K, used 18412K [0x00000000eab00000, 0x00000000ebf80000, 0x0000000100000000)
  eden space 15872K, 100% used [0x00000000eab00000,0x00000000eba80000,0x00000000eba80000)
  from space 2560K, 99% used [0x00000000eba80000,0x00000000ebcfb160,0x00000000ebd00000)
  to   space 2560K, 0% used [0x00000000ebd00000,0x00000000ebd00000,0x00000000ebf80000)
 ParOldGen       total 42496K, used 1480K [0x00000000c0000000, 0x00000000c2980000, 0x00000000eab00000)
  object space 42496K, 3% used [0x00000000c0000000,0x00000000c0172078,0x00000000c2980000)
 Metaspace       used 5712K, capacity 6960K, committed 7040K, reserved 1056768K
  class space    used 544K, capacity 616K, committed 640K, reserved 1048576K
Event: 5.298 GC heap after
Heap after GC invocations=2 (full 0):
 PSYoungGen      total 18432K, used 2551K [0x00000000eab00000, 0x00000000ecf00000, 0x0000000100000000)
  eden space 15872K, 0% used [0x00000000eab00000,0x00000000eab00000,0x00000000eba80000)
  from space 2560K, 99% used [0x00000000ebd00000,0x00000000ebf7dc78,0x00000000ebf80000)
  to   space 2560K, 0% used [0x00000000eba80000,0x00000000eba80000,0x00000000ebd00000)
 ParOldGen       total 42496K, used 3574K [0x00000000c0000000, 0x00000000c2980000, 0x00000000eab00000)
  object space 42496K, 8% used [0x00000000c0000000,0x00000000c037db50,0x00000000c2980000)
 Metaspace       used 5712K, capacity 6960K, committed 7040K, reserved 1056768K
  class space    used 544K, capacity 616K, committed 640K, reserved 1048576K
}
Event: 5.963 GC heap before
{Heap before GC invocations=3 (full 0):
 PSYoungGen      total 18432K, used 18423K [0x00000000eab00000, 0x00000000ecf00000, 0x0000000100000000)
  eden space 15872K, 100% used [0x00000000eab00000,0x00000000eba80000,0x00000000eba80000)
  from space 2560K, 99% used [0x00000000ebd00000,0x00000000ebf7dc78,0x00000000ebf80000)
  to   space 2560K, 0% used [0x00000000eba80000,0x00000000eba80000,0x00000000ebd00000)
 ParOldGen       total 42496K, used 3574K [0x00000000c0000000, 0x00000000c2980000, 0x00000000eab00000)
  object space 42496K, 8% used [0x00000000c0000000,0x00000000c037db50,0x00000000c2980000)
 Metaspace       used 5812K, capacity 7024K, committed 7296K, reserved 1056768K
  class space    used 545K, capacity 616K, committed 640K, reserved 1048576K
Event: 5.984 GC heap after
Heap after GC invocations=3 (full 0):
 PSYoungGen      total 18432K, used 2528K [0x00000000eab00000, 0x00000000ecf00000, 0x0000000100000000)
  eden space 15872K, 0% used [0x00000000eab00000,0x00000000eab00000,0x00000000eba80000)
  from space 2560K, 98% used [0x00000000eba80000,0x00000000ebcf8028,0x00000000ebd00000)
  to   space 2560K, 0% used [0x00000000ecc80000,0x00000000ecc80000,0x00000000ecf00000)
 ParOldGen       total 42496K, used 5909K [0x00000000c0000000, 0x00000000c2980000, 0x00000000eab00000)
  object space 42496K, 13% used [0x00000000c0000000,0x00000000c05c5658,0x00000000c2980000)
 Metaspace       used 5812K, capacity 7024K, committed 7296K, reserved 1056768K
  class space    used 545K, capacity 616K, committed 640K, reserved 1048576K
}
Event: 6.821 GC heap before
{Heap before GC invocations=4 (full 0):
 PSYoungGen      total 18432K, used 18400K [0x00000000eab00000, 0x00000000ecf00000, 0x0000000100000000)
  eden space 15872K, 100% used [0x00000000eab00000,0x00000000eba80000,0x00000000eba80000)
  from space 2560K, 98% used [0x00000000eba80000,0x00000000ebcf8028,0x00000000ebd00000)
  to   space 2560K, 0% used [0x00000000ecc80000,0x00000000ecc80000,0x00000000ecf00000)
 ParOldGen       total 42496K, used 5909K [0x00000000c0000000, 0x00000000c2980000, 0x00000000eab00000)
  object space 42496K, 13% used [0x00000000c0000000,0x00000000c05c5658,0x00000000c2980000)
 Metaspace       used 5832K, capacity 7024K, committed 7296K, reserved 1056768K
  class space    used 546K, capacity 616K, committed 640K, reserved 1048576K
Event: 6.845 GC heap after
Heap after GC invocations=4 (full 0):
 PSYoungGen      total 34304K, used 2560K [0x00000000eab00000, 0x00000000ecf00000, 0x0000000100000000)
  eden space 31744K, 0% used [0x00000000eab00000,0x00000000eab00000,0x00000000eca00000)
  from space 2560K, 100% used [0x00000000ecc80000,0x00000000ecf00000,0x00000000ecf00000)
  to   space 2560K, 0% used [0x00000000eca00000,0x00000000eca00000,0x00000000ecc80000)
 ParOldGen       total 42496K, used 8202K [0x00000000c0000000, 0x00000000c2980000, 0x00000000eab00000)
  object space 42496K, 19% used [0x00000000c0000000,0x00000000c0802ba8,0x00000000c2980000)
 Metaspace       used 5832K, capacity 7024K, committed 7296K, reserved 1056768K
  class space    used 546K, capacity 616K, committed 640K, reserved 1048576K
}
Event: 8.220 GC heap before
{Heap before GC invocations=5 (full 0):
 PSYoungGen      total 34304K, used 34304K [0x00000000eab00000, 0x00000000ecf00000, 0x0000000100000000)
  eden space 31744K, 100% used [0x00000000eab00000,0x00000000eca00000,0x00000000eca00000)
  from space 2560K, 100% used [0x00000000ecc80000,0x00000000ecf00000,0x00000000ecf00000)
  to   space 2560K, 0% used [0x00000000eca00000,0x00000000eca00000,0x00000000ecc80000)
 ParOldGen       total 42496K, used 8202K [0x00000000c0000000, 0x00000000c2980000, 0x00000000eab00000)
  object space 42496K, 19% used [0x00000000c0000000,0x00000000c0802ba8,0x00000000c2980000)
 Metaspace       used 5869K, capacity 7088K, committed 7296K, reserved 1056768K
  class space    used 546K, capacity 616K, committed 640K, reserved 1048576K

Deoptimization events (10 events):
Event: 5.778 Thread 0x00007f97dc00a000 Uncommon trap: reason=bimorphic action=maybe_recompile pc=0x00007f97cc406a08 method=java.util.HashMap.getNode(ILjava/lang/Object;)Ljava/util/HashMap$Node; @ 126
Event: 5.778 Thread 0x00007f97dc00a000 Uncommon trap: reason=bimorphic action=maybe_recompile pc=0x00007f97cc3a230c method=java.util.HashMap.getNode(ILjava/lang/Object;)Ljava/util/HashMap$Node; @ 126
Event: 5.785 Thread 0x00007f97dc00a000 Uncommon trap: reason=class_check action=maybe_recompile pc=0x00007f97cc66a340 method=java.util.HashMap.putVal(ILjava/lang/Object;Ljava/lang/Object;ZZ)Ljava/lang/Object; @ 203
Event: 6.472 Thread 0x00007f97dc00a000 Uncommon trap: reason=class_check action=maybe_recompile pc=0x00007f97cc65a4b0 method=com.android.dx.ssa.NormalSsaInsn.accept(Lcom/android/dx/ssa/SsaInsn$Visitor;)V @ 9
Event: 6.472 Thread 0x00007f97dc00a000 Uncommon trap: reason=class_check action=maybe_recompile pc=0x00007f97cc65a4b0 method=com.android.dx.ssa.NormalSsaInsn.accept(Lcom/android/dx/ssa/SsaInsn$Visitor;)V @ 9
Event: 6.472 Thread 0x00007f97dc00a000 Uncommon trap: reason=class_check action=maybe_recompile pc=0x00007f97cc65a4b0 method=com.android.dx.ssa.NormalSsaInsn.accept(Lcom/android/dx/ssa/SsaInsn$Visitor;)V @ 9
Event: 6.472 Thread 0x00007f97dc00a000 Uncommon trap: reason=class_check action=maybe_recompile pc=0x00007f97cc65a4b0 method=com.android.dx.ssa.NormalSsaInsn.accept(Lcom/android/dx/ssa/SsaInsn$Visitor;)V @ 9
Event: 7.066 Thread 0x00007f97dc00a000 Uncommon trap: reason=unstable_if action=reinterpret pc=0x00007f97cc5b7c7c method=com.android.dx.ssa.SsaMethod.updateOneDefinition(Lcom/android/dx/ssa/SsaInsn;Lcom/android/dx/rop/code/RegisterSpec;)V @ 4
Event: 7.339 Thread 0x00007f97dc00a000 Uncommon trap: reason=bimorphic action=maybe_recompile pc=0x00007f97cc7a1ed8 method=com.android.dx.ssa.SCCP.simulatePhi(Lcom/android/dx/ssa/PhiInsn;)V @ 124
Event: 7.395 Thread 0x00007f97dc00a000 Uncommon trap: reason=unstable_if action=reinterpret pc=0x00007f97cc752388 method=com.android.dx.ssa.SCCP.simulateBranch(Lcom/android/dx/ssa/SsaInsn;)V @ 64

Internal exceptions (2 events):
Event: 0.206 Thread 0x00007f97dc00a000 Exception <a 'java/lang/NoSuchMethodError': Method sun.misc.Unsafe.defineClass(Ljava/lang/String;[BII)Ljava/lang/Class; name or signature does not match> (0x00000000eab12a38) thrown at [/RE-WORK/workspace/8-2-build-linux-amd64/jdk8u45/3457/hotspot/src/sha
Event: 0.206 Thread 0x00007f97dc00a000 Exception <a 'java/lang/NoSuchMethodError': Method sun.misc.Unsafe.prefetchRead(Ljava/lang/Object;J)V name or signature does not match> (0x00000000eab12cc8) thrown at [/RE-WORK/workspace/8-2-build-linux-amd64/jdk8u45/3457/hotspot/src/share/vm/prims/jni.cp

Events (10 events):
Event: 7.066 Thread 0x00007f97dc00a000 DEOPT UNPACKING pc=0x00007f97cc173229 sp=0x00007f97e2245878 mode 2
Event: 7.339 Thread 0x00007f97dc00a000 Uncommon trap: trap_request=0xffffffc6 fr.pc=0x00007f97cc7a1ed8
Event: 7.339 Thread 0x00007f97dc00a000 DEOPT PACKING pc=0x00007f97cc7a1ed8 sp=0x00007f97e2245b20
Event: 7.340 Thread 0x00007f97dc00a000 DEOPT UNPACKING pc=0x00007f97cc173229 sp=0x00007f97e2245af8 mode 2
Event: 7.395 Thread 0x00007f97dc00a000 Uncommon trap: trap_request=0xffffff65 fr.pc=0x00007f97cc752388
Event: 7.395 Thread 0x00007f97dc00a000 DEOPT PACKING pc=0x00007f97cc752388 sp=0x00007f97e2245a40
Event: 7.395 Thread 0x00007f97dc00a000 DEOPT UNPACKING pc=0x00007f97cc173229 sp=0x00007f97e2245a10 mode 2
Event: 7.395 loading class com/android/dx/rop/code/RegOps
Event: 7.395 loading class com/android/dx/rop/code/RegOps done
Event: 8.209 Executing VM operation: ParallelGCFailedAllocation


Dynamic libraries:
00400000-00401000 r-xp 00000000 08:03 1572315                            /opt/java/jdk1.8.0_45/bin/java
00600000-00601000 rw-p 00000000 08:03 1572315                            /opt/java/jdk1.8.0_45/bin/java
00dec000-00e0d000 rw-p 00000000 00:00 0                                  [heap]
c0000000-c2980000 rw-p 00000000 00:00 0 
c2980000-eab00000 ---p 00000000 00:00 0 
eab00000-ecf00000 rw-p 00000000 00:00 0 
ef700000-100000000 ---p 00000000 00:00 0 
100000000-1000a0000 rw-p 00000000 00:00 0 
1000a0000-140000000 ---p 00000000 00:00 0 
7f9790000000-7f9790021000 rw-p 00000000 00:00 0 
7f9790021000-7f9794000000 ---p 00000000 00:00 0 
7f9794000000-7f9794021000 rw-p 00000000 00:00 0 
7f9794021000-7f9798000000 ---p 00000000 00:00 0 
7f9798000000-7f9798c1f000 rw-p 00000000 00:00 0 
7f9798c1f000-7f979c000000 ---p 00000000 00:00 0 
7f979c000000-7f979c9bf000 rw-p 00000000 00:00 0 
7f979c9bf000-7f97a0000000 ---p 00000000 00:00 0 
7f97a0000000-7f97a0021000 rw-p 00000000 00:00 0 
7f97a0021000-7f97a4000000 ---p 00000000 00:00 0 
7f97a4000000-7f97a48f1000 rw-p 00000000 00:00 0 
7f97a48f1000-7f97a8000000 ---p 00000000 00:00 0 
7f97a8000000-7f97a8021000 rw-p 00000000 00:00 0 
7f97a8021000-7f97ac000000 ---p 00000000 00:00 0 
7f97ac000000-7f97ac021000 rw-p 00000000 00:00 0 
7f97ac021000-7f97b0000000 ---p 00000000 00:00 0 
7f97b0000000-7f97b028a000 rw-p 00000000 00:00 0 
7f97b028a000-7f97b4000000 ---p 00000000 00:00 0 
7f97b4000000-7f97b4021000 rw-p 00000000 00:00 0 
7f97b4021000-7f97b8000000 ---p 00000000 00:00 0 
7f97baf29000-7f97baf2a000 ---p 00000000 00:00 0 
7f97baf2a000-7f97bb02a000 rw-p 00000000 00:00 0                          [stack:12141]
7f97bb02a000-7f97bb02d000 ---p 00000000 00:00 0 
7f97bb02d000-7f97bb12b000 rw-p 00000000 00:00 0                          [stack:12140]
7f97bb12b000-7f97bb12e000 ---p 00000000 00:00 0 
7f97bb12e000-7f97bb22c000 rw-p 00000000 00:00 0                          [stack:12139]
7f97bb22c000-7f97bb22f000 ---p 00000000 00:00 0 
7f97bb22f000-7f97bb32d000 rw-p 00000000 00:00 0                          [stack:12138]
7f97bb32d000-7f97bb330000 ---p 00000000 00:00 0 
7f97bb330000-7f97bb42e000 rw-p 00000000 00:00 0                          [stack:12135]
7f97bb42e000-7f97bb431000 ---p 00000000 00:00 0 
7f97bb431000-7f97bb52f000 rw-p 00000000 00:00 0                          [stack:12134]
7f97bb52f000-7f97bb7f8000 r--p 00000000 08:03 266989                     /usr/lib/locale/locale-archive
7f97bb7f8000-7f97bb7fb000 ---p 00000000 00:00 0 
7f97bb7fb000-7f97bb8f9000 rw-p 00000000 00:00 0                          [stack:12120]
7f97bb8f9000-7f97bb8fc000 ---p 00000000 00:00 0 
7f97bb8fc000-7f97bb9fa000 rw-p 00000000 00:00 0                          [stack:12119]
7f97bb9fa000-7f97bb9fb000 ---p 00000000 00:00 0 
7f97bb9fb000-7f97bc000000 rw-p 00000000 00:00 0                          [stack:12116]
7f97bc000000-7f97bc021000 rw-p 00000000 00:00 0 
7f97bc021000-7f97c0000000 ---p 00000000 00:00 0 
7f97c0000000-7f97c0021000 rw-p 00000000 00:00 0 
7f97c0021000-7f97c4000000 ---p 00000000 00:00 0 
7f97c4000000-7f97c4021000 rw-p 00000000 00:00 0 
7f97c4021000-7f97c8000000 ---p 00000000 00:00 0 
7f97c80b5000-7f97c80bd000 r--s 0003d000 00:19 11273422                   /home/mike/AndroidStudioProjects/Wordist/app/build/intermediates/exploded-aar/com.google.android.gms/play-services-maps/7.5.0/jars/classes.jar
7f97c80bd000-7f97c80cc000 r--s 000dd000 00:19 9438599                    /home/mike/Android/Sdk/build-tools/22.0.1/lib/dx.jar
7f97c80cc000-7f97c8b5a000 rw-p 00000000 00:00 0 
7f97c8b5a000-7f97c8d33000 r--s 03d09000 08:03 1573810                    /opt/java/jdk1.8.0_45/jre/lib/rt.jar
7f97c8d33000-7f97c9429000 rw-p 00000000 00:00 0 
7f97c9429000-7f97c95a9000 ---p 00000000 00:00 0 
7f97c95a9000-7f97cb7a9000 rw-p 00000000 00:00 0 
7f97cb7a9000-7f97cb7aa000 ---p 00000000 00:00 0 
7f97cb7aa000-7f97cb8aa000 rw-p 00000000 00:00 0                          [stack:12113]
7f97cb8aa000-7f97cb8ab000 ---p 00000000 00:00 0 
7f97cb8ab000-7f97cb9ab000 rw-p 00000000 00:00 0                          [stack:12108]
7f97cb9ab000-7f97cb9ac000 ---p 00000000 00:00 0 
7f97cb9ac000-7f97cbaac000 rw-p 00000000 00:00 0                          [stack:12105]
7f97cbaac000-7f97cbaad000 ---p 00000000 00:00 0 
7f97cbaad000-7f97cbbc2000 rw-p 00000000 00:00 0                          [stack:12104]
7f97cbbc2000-7f97cbd02000 ---p 00000000 00:00 0 
7f97cbd02000-7f97cbd15000 rw-p 00000000 00:00 0 
7f97cbd15000-7f97cbdad000 ---p 00000000 00:00 0 
7f97cbdad000-7f97cbdc8000 rw-p 00000000 00:00 0 
7f97cbdc8000-7f97cc16e000 ---p 00000000 00:00 0 
7f97cc16e000-7f97cc7ce000 rwxp 00000000 00:00 0 
7f97cc7ce000-7f97db16e000 ---p 00000000 00:00 0 
7f97db16e000-7f97db188000 r-xp 00000000 08:03 1574049                    /opt/java/jdk1.8.0_45/jre/lib/amd64/libzip.so
7f97db188000-7f97db388000 ---p 0001a000 08:03 1574049                    /opt/java/jdk1.8.0_45/jre/lib/amd64/libzip.so
7f97db388000-7f97db389000 rw-p 0001a000 08:03 1574049                    /opt/java/jdk1.8.0_45/jre/lib/amd64/libzip.so
7f97db389000-7f97db394000 r-xp 00000000 08:03 131807                     /lib/x86_64-linux-gnu/libnss_files-2.19.so
7f97db394000-7f97db593000 ---p 0000b000 08:03 131807                     /lib/x86_64-linux-gnu/libnss_files-2.19.so
7f97db593000-7f97db594000 r--p 0000a000 08:03 131807                     /lib/x86_64-linux-gnu/libnss_files-2.19.so
7f97db594000-7f97db595000 rw-p 0000b000 08:03 131807                     /lib/x86_64-linux-gnu/libnss_files-2.19.so
7f97db595000-7f97db5a0000 r-xp 00000000 08:03 131871                     /lib/x86_64-linux-gnu/libnss_nis-2.19.so
7f97db5a0000-7f97db79f000 ---p 0000b000 08:03 131871                     /lib/x86_64-linux-gnu/libnss_nis-2.19.so
7f97db79f000-7f97db7a0000 r--p 0000a000 08:03 131871                     /lib/x86_64-linux-gnu/libnss_nis-2.19.so
7f97db7a0000-7f97db7a1000 rw-p 0000b000 08:03 131871                     /lib/x86_64-linux-gnu/libnss_nis-2.19.so
7f97db7a1000-7f97db7b8000 r-xp 00000000 08:03 131829                     /lib/x86_64-linux-gnu/libnsl-2.19.so
7f97db7b8000-7f97db9b7000 ---p 00017000 08:03 131829                     /lib/x86_64-linux-gnu/libnsl-2.19.so
7f97db9b7000-7f97db9b8000 r--p 00016000 08:03 131829                     /lib/x86_64-linux-gnu/libnsl-2.19.so
7f97db9b8000-7f97db9b9000 rw-p 00017000 08:03 131829                     /lib/x86_64-linux-gnu/libnsl-2.19.so
7f97db9b9000-7f97db9bb000 rw-p 00000000 00:00 0 
7f97db9bb000-7f97db9c4000 r-xp 00000000 08:03 131828                     /lib/x86_64-linux-gnu/libnss_compat-2.19.so
7f97db9c4000-7f97dbbc3000 ---p 00009000 08:03 131828                     /lib/x86_64-linux-gnu/libnss_compat-2.19.so
7f97dbbc3000-7f97dbbc4000 r--p 00008000 08:03 131828                     /lib/x86_64-linux-gnu/libnss_compat-2.19.so
7f97dbbc4000-7f97dbbc5000 rw-p 00009000 08:03 131828                     /lib/x86_64-linux-gnu/libnss_compat-2.19.so
7f97dbbc5000-7f97dbbef000 r-xp 00000000 08:03 1574040                    /opt/java/jdk1.8.0_45/jre/lib/amd64/libjava.so
7f97dbbef000-7f97dbdef000 ---p 0002a000 08:03 1574040                    /opt/java/jdk1.8.0_45/jre/lib/amd64/libjava.so
7f97dbdef000-7f97dbdf1000 rw-p 0002a000 08:03 1574040                    /opt/java/jdk1.8.0_45/jre/lib/amd64/libjava.so
7f97dbdf1000-7f97dbdfe000 r-xp 00000000 08:03 1574047                    /opt/java/jdk1.8.0_45/jre/lib/amd64/libverify.so
7f97dbdfe000-7f97dbffe000 ---p 0000d000 08:03 1574047                    /opt/java/jdk1.8.0_45/jre/lib/amd64/libverify.so
7f97dbffe000-7f97dc000000 rw-p 0000d000 08:03 1574047                    /opt/java/jdk1.8.0_45/jre/lib/amd64/libverify.so
7f97dc000000-7f97dc388000 rw-p 00000000 00:00 0 
7f97dc388000-7f97e0000000 ---p 00000000 00:00 0 
7f97e0002000-7f97e0038000 rw-p 00000000 00:00 0 
7f97e0038000-7f97e0179000 ---p 00000000 00:00 0 
7f97e0179000-7f97e0180000 r-xp 00000000 08:03 131868                     /lib/x86_64-linux-gnu/librt-2.19.so
7f97e0180000-7f97e037f000 ---p 00007000 08:03 131868                     /lib/x86_64-linux-gnu/librt-2.19.so
7f97e037f000-7f97e0380000 r--p 00006000 08:03 131868                     /lib/x86_64-linux-gnu/librt-2.19.so
7f97e0380000-7f97e0381000 rw-p 00007000 08:03 131868                     /lib/x86_64-linux-gnu/librt-2.19.so
7f97e0381000-7f97e0486000 r-xp 00000000 08:03 131806                     /lib/x86_64-linux-gnu/libm-2.19.so
7f97e0486000-7f97e0685000 ---p 00105000 08:03 131806                     /lib/x86_64-linux-gnu/libm-2.19.so
7f97e0685000-7f97e0686000 r--p 00104000 08:03 131806                     /lib/x86_64-linux-gnu/libm-2.19.so
7f97e0686000-7f97e0687000 rw-p 00105000 08:03 131806                     /lib/x86_64-linux-gnu/libm-2.19.so
7f97e0687000-7f97e1335000 r-xp 00000000 08:03 1574060                    /opt/java/jdk1.8.0_45/jre/lib/amd64/server/libjvm.so
7f97e1335000-7f97e1534000 ---p 00cae000 08:03 1574060                    /opt/java/jdk1.8.0_45/jre/lib/amd64/server/libjvm.so
7f97e1534000-7f97e160b000 rw-p 00cad000 08:03 1574060                    /opt/java/jdk1.8.0_45/jre/lib/amd64/server/libjvm.so
7f97e160b000-7f97e164f000 rw-p 00000000 00:00 0 
7f97e164f000-7f97e180a000 r-xp 00000000 08:03 131857                     /lib/x86_64-linux-gnu/libc-2.19.so
7f97e180a000-7f97e1a09000 ---p 001bb000 08:03 131857                     /lib/x86_64-linux-gnu/libc-2.19.so
7f97e1a09000-7f97e1a0d000 r--p 001ba000 08:03 131857                     /lib/x86_64-linux-gnu/libc-2.19.so
7f97e1a0d000-7f97e1a0f000 rw-p 001be000 08:03 131857                     /lib/x86_64-linux-gnu/libc-2.19.so
7f97e1a0f000-7f97e1a14000 rw-p 00000000 00:00 0 
7f97e1a14000-7f97e1a17000 r-xp 00000000 08:03 131810                     /lib/x86_64-linux-gnu/libdl-2.19.so
7f97e1a17000-7f97e1c16000 ---p 00003000 08:03 131810                     /lib/x86_64-linux-gnu/libdl-2.19.so
7f97e1c16000-7f97e1c17000 r--p 00002000 08:03 131810                     /lib/x86_64-linux-gnu/libdl-2.19.so
7f97e1c17000-7f97e1c18000 rw-p 00003000 08:03 131810                     /lib/x86_64-linux-gnu/libdl-2.19.so
7f97e1c18000-7f97e1c2d000 r-xp 00000000 08:03 1573749                    /opt/java/jdk1.8.0_45/lib/amd64/jli/libjli.so
7f97e1c2d000-7f97e1e2d000 ---p 00015000 08:03 1573749                    /opt/java/jdk1.8.0_45/lib/amd64/jli/libjli.so
7f97e1e2d000-7f97e1e2e000 rw-p 00015000 08:03 1573749                    /opt/java/jdk1.8.0_45/lib/amd64/jli/libjli.so
7f97e1e2e000-7f97e1e47000 r-xp 00000000 08:03 131858                     /lib/x86_64-linux-gnu/libpthread-2.19.so
7f97e1e47000-7f97e2046000 ---p 00019000 08:03 131858                     /lib/x86_64-linux-gnu/libpthread-2.19.so
7f97e2046000-7f97e2047000 r--p 00018000 08:03 131858                     /lib/x86_64-linux-gnu/libpthread-2.19.so
7f97e2047000-7f97e2048000 rw-p 00019000 08:03 131858                     /lib/x86_64-linux-gnu/libpthread-2.19.so
7f97e2048000-7f97e204c000 rw-p 00000000 00:00 0 
7f97e204c000-7f97e206f000 r-xp 00000000 08:03 131833                     /lib/x86_64-linux-gnu/ld-2.19.so
7f97e2075000-7f97e2147000 rw-p 00000000 00:00 0 
7f97e2147000-7f97e214a000 ---p 00000000 00:00 0 
7f97e214a000-7f97e224d000 rw-p 00000000 00:00 0                          [stack:12095]
7f97e224d000-7f97e224e000 r--p 00000000 08:03 672594                     /usr/share/locale-langpack/en_GB/LC_MESSAGES/libc.mo
7f97e224e000-7f97e2262000 rw-p 00000000 00:00 0 
7f97e2262000-7f97e226a000 rw-s 00000000 08:03 1574117                    /tmp/hsperfdata_mike/12091
7f97e226a000-7f97e226b000 rw-p 00000000 00:00 0 
7f97e226b000-7f97e226c000 ---p 00000000 00:00 0 
7f97e226c000-7f97e226e000 rw-p 00000000 00:00 0 
7f97e226e000-7f97e226f000 r--p 00022000 08:03 131833                     /lib/x86_64-linux-gnu/ld-2.19.so
7f97e226f000-7f97e2270000 rw-p 00023000 08:03 131833                     /lib/x86_64-linux-gnu/ld-2.19.so
7f97e2270000-7f97e2271000 rw-p 00000000 00:00 0 
7fff01a00000-7fff01a21000 rw-p 00000000 00:00 0                          [stack]
7fff01ab1000-7fff01ab3000 r-xp 00000000 00:00 0                          [vdso]
ffffffffff600000-ffffffffff601000 r-xp 00000000 00:00 0                  [vsyscall]

VM Arguments:
jvm_args: -Xmx1024M -Dfile.encoding=UTF-8 -Duser.country=GB -Duser.language=en -Duser.variant 
java_command: com.android.dx.command.Main --dex --output /home/mike/AndroidStudioProjects/Wordist/app/build/intermediates/pre-dexed/debug/classes-58b29387257cd5a83056a0617fb8c89094f81493.jar /home/mike/AndroidStudioProjects/Wordist/app/build/intermediates/exploded-aar/com.google.android.gms/play-services-maps/7.5.0/jars/classes.jar
java_class_path (initial): /home/mike/Android/Sdk/build-tools/22.0.1/lib/dx.jar
Launcher Type: SUN_STANDARD

Environment Variables:
PATH=/usr/local/sbin:/usr/local/bin:/usr/sbin:/usr/bin:/sbin:/bin:/usr/games:/usr/local/games
USERNAME=mike
LD_LIBRARY_PATH=/opt/android-studio/bin:
SHELL=/bin/bash
DISPLAY=:0

Signal Handlers:
SIGSEGV: [libjvm.so+0xaad1e0], sa_mask[0]=11111111011111111101111111111110, sa_flags=SA_RESTART|SA_SIGINFO
SIGBUS: [libjvm.so+0xaad1e0], sa_mask[0]=11111111011111111101111111111110, sa_flags=SA_RESTART|SA_SIGINFO
SIGFPE: [libjvm.so+0x90b450], sa_mask[0]=11111111011111111101111111111110, sa_flags=SA_RESTART|SA_SIGINFO
SIGPIPE: [libjvm.so+0x90b450], sa_mask[0]=11111111011111111101111111111110, sa_flags=SA_RESTART|SA_SIGINFO
SIGXFSZ: [libjvm.so+0x90b450], sa_mask[0]=11111111011111111101111111111110, sa_flags=SA_RESTART|SA_SIGINFO
SIGILL: [libjvm.so+0x90b450], sa_mask[0]=11111111011111111101111111111110, sa_flags=SA_RESTART|SA_SIGINFO
SIGUSR1: SIG_DFL, sa_mask[0]=00000000000000000000000000000000, sa_flags=none
SIGUSR2: [libjvm.so+0x90ca90], sa_mask[0]=00100000000000000000000000000000, sa_flags=SA_RESTART|SA_SIGINFO
SIGHUP: [libjvm.so+0x90dde0], sa_mask[0]=11111111011111111101111111111110, sa_flags=SA_RESTART|SA_SIGINFO
SIGINT: [libjvm.so+0x90dde0], sa_mask[0]=11111111011111111101111111111110, sa_flags=SA_RESTART|SA_SIGINFO
SIGTERM: [libjvm.so+0x90dde0], sa_mask[0]=11111111011111111101111111111110, sa_flags=SA_RESTART|SA_SIGINFO
SIGQUIT: [libjvm.so+0x90dde0], sa_mask[0]=11111111011111111101111111111110, sa_flags=SA_RESTART|SA_SIGINFO


---------------  S Y S T E M  ---------------

OS:DISTRIB_ID=LinuxMint
DISTRIB_RELEASE=17.2
DISTRIB_CODENAME=rafaela
DISTRIB_DESCRIPTION="Linux Mint 17.2 Rafaela"

uname:Linux 3.13.0-37-generic #64-Ubuntu SMP Mon Sep 22 21:28:38 UTC 2014 x86_64
libc:glibc 2.19 NPTL 2.19 
rlimit: STACK 8192k, CORE 0k, NPROC 30882, NOFILE 4096, AS infinity
load average:11.52 4.60 3.04

/proc/meminfo:
MemTotal:        4048044 kB
MemFree:          123512 kB
Buffers:             292 kB
Cached:            61728 kB
SwapCached:            0 kB
Active:          3526088 kB
Inactive:          52804 kB
Active(anon):    3519504 kB
Inactive(anon):    48536 kB
Active(file):       6584 kB
Inactive(file):     4268 kB
Unevictable:         232 kB
Mlocked:             232 kB
SwapTotal:             0 kB
SwapFree:              0 kB
Dirty:               564 kB
Writeback:             0 kB
AnonPages:       3518556 kB
Mapped:           174136 kB
Shmem:             49756 kB
Slab:              75048 kB
SReclaimable:      24844 kB
SUnreclaim:        50204 kB
KernelStack:        5488 kB
PageTables:        34092 kB
NFS_Unstable:          0 kB
Bounce:                0 kB
WritebackTmp:          0 kB
CommitLimit:     2024020 kB
Committed_AS:    6303436 kB
VmallocTotal:   34359738367 kB
VmallocUsed:      305680 kB
VmallocChunk:   34359428348 kB
HardwareCorrupted:     0 kB
AnonHugePages:   1894400 kB
HugePages_Total:       0
HugePages_Free:        0
HugePages_Rsvd:        0
HugePages_Surp:        0
Hugepagesize:       2048 kB
DirectMap4k:      163392 kB
DirectMap2M:     2981888 kB
DirectMap1G:     1048576 kB


CPU:total 4 (4 cores per cpu, 1 threads per core) family 16 model 4 stepping 2, cmov, cx8, fxsr, mmx, sse, sse2, sse3, popcnt, mmxext, 3dnowpref, lzcnt, sse4a, tsc, tscinvbit, tscinv

/proc/cpuinfo:
processor	: 0
vendor_id	: AuthenticAMD
cpu family	: 16
model		: 4
model name	: AMD Phenom(tm) II X4 955 Processor
stepping	: 2
microcode	: 0x1000086
cpu MHz		: 3200.000
cache size	: 512 KB
physical id	: 0
siblings	: 4
core id		: 0
cpu cores	: 4
apicid		: 0
initial apicid	: 0
fpu		: yes
fpu_exception	: yes
cpuid level	: 5
wp		: yes
flags		: fpu vme de pse tsc msr pae mce cx8 apic sep mtrr pge mca cmov pat pse36 clflush mmx fxsr sse sse2 ht syscall nx mmxext fxsr_opt pdpe1gb rdtscp lm 3dnowext 3dnow constant_tsc rep_good nopl nonstop_tsc extd_apicid pni monitor cx16 popcnt lahf_lm cmp_legacy svm extapic cr8_legacy abm sse4a misalignsse 3dnowprefetch osvw ibs skinit wdt hw_pstate npt lbrv svm_lock nrip_save
bogomips	: 6400.02
TLB size	: 1024 4K pages
clflush size	: 64
cache_alignment	: 64
address sizes	: 48 bits physical, 48 bits virtual
power management: ts ttp tm stc 100mhzsteps hwpstate

processor	: 1
vendor_id	: AuthenticAMD
cpu family	: 16
model		: 4
model name	: AMD Phenom(tm) II X4 955 Processor
stepping	: 2
microcode	: 0x1000086
cpu MHz		: 3200.000
cache size	: 512 KB
physical id	: 0
siblings	: 4
core id		: 1
cpu cores	: 4
apicid		: 1
initial apicid	: 1
fpu		: yes
fpu_exception	: yes
cpuid level	: 5
wp		: yes
flags		: fpu vme de pse tsc msr pae mce cx8 apic sep mtrr pge mca cmov pat pse36 clflush mmx fxsr sse sse2 ht syscall nx mmxext fxsr_opt pdpe1gb rdtscp lm 3dnowext 3dnow constant_tsc rep_good nopl nonstop_tsc extd_apicid pni monitor cx16 popcnt lahf_lm cmp_legacy svm extapic cr8_legacy abm sse4a misalignsse 3dnowprefetch osvw ibs skinit wdt hw_pstate npt lbrv svm_lock nrip_save
bogomips	: 6400.02
TLB size	: 1024 4K pages
clflush size	: 64
cache_alignment	: 64
address sizes	: 48 bits physical, 48 bits virtual
power management: ts ttp tm stc 100mhzsteps hwpstate

processor	: 2
vendor_id	: AuthenticAMD
cpu family	: 16
model		: 4
model name	: AMD Phenom(tm) II X4 955 Processor
stepping	: 2
microcode	: 0x1000086
cpu MHz		: 3200.000
cache size	: 512 KB
physical id	: 0
siblings	: 4
core id		: 2
cpu cores	: 4
apicid		: 2
initial apicid	: 2
fpu		: yes
fpu_exception	: yes
cpuid level	: 5
wp		: yes
flags		: fpu vme de pse tsc msr pae mce cx8 apic sep mtrr pge mca cmov pat pse36 clflush mmx fxsr sse sse2 ht syscall nx mmxext fxsr_opt pdpe1gb rdtscp lm 3dnowext 3dnow constant_tsc rep_good nopl nonstop_tsc extd_apicid pni monitor cx16 popcnt lahf_lm cmp_legacy svm extapic cr8_legacy abm sse4a misalignsse 3dnowprefetch osvw ibs skinit wdt hw_pstate npt lbrv svm_lock nrip_save
bogomips	: 6400.02
TLB size	: 1024 4K pages
clflush size	: 64
cache_alignment	: 64
address sizes	: 48 bits physical, 48 bits virtual
power management: ts ttp tm stc 100mhzsteps hwpstate

processor	: 3
vendor_id	: AuthenticAMD
cpu family	: 16
model		: 4
model name	: AMD Phenom(tm) II X4 955 Processor
stepping	: 2
microcode	: 0x1000086
cpu MHz		: 3200.000
cache size	: 512 KB
physical id	: 0
siblings	: 4
core id		: 3
cpu cores	: 4
apicid		: 3
initial apicid	: 3
fpu		: yes
fpu_exception	: yes
cpuid level	: 5
wp		: yes
flags		: fpu vme de pse tsc msr pae mce cx8 apic sep mtrr pge mca cmov pat pse36 clflush mmx fxsr sse sse2 ht syscall nx mmxext fxsr_opt pdpe1gb rdtscp lm 3dnowext 3dnow constant_tsc rep_good nopl nonstop_tsc extd_apicid pni monitor cx16 popcnt lahf_lm cmp_legacy svm extapic cr8_legacy abm sse4a misalignsse 3dnowprefetch osvw ibs skinit wdt hw_pstate npt lbrv svm_lock nrip_save
bogomips	: 6400.02
TLB size	: 1024 4K pages
clflush size	: 64
cache_alignment	: 64
address sizes	: 48 bits physical, 48 bits virtual
power management: ts ttp tm stc 100mhzsteps hwpstate



Memory: 4k page, physical 4048044k(121280k free), swap 0k(0k free)

vm_info: Java HotSpot(TM) 64-Bit Server VM (25.45-b02) for linux-amd64 JRE (1.8.0_45-b14), built on Apr 10 2015 10:07:45 by "java_re" with gcc 4.3.0 20080428 (Red Hat 4.3.0-8)

time: Thu Aug  6 16:52:51 2015
elapsed time: 8 seconds (0d 0h 0m 8s)

