#
# There is insufficient memory for the Java Runtime Environment to continue.
# Native memory allocation (mmap) failed to map 145752064 bytes for committing reserved memory.
# Possible reasons:
#   The system is out of physical RAM or swap space
#   In 32 bit mode, the process size limit was hit
# Possible solutions:
#   Reduce memory load on the system
#   Increase physical memory or swap space
#   Check if swap backing store is full
#   Use 64 bit Java on a 64 bit OS
#   Decrease Java heap size (-Xmx/-Xms)
#   Decrease number of Java threads
#   Decrease Java thread stack sizes (-Xss)
#   Set larger code cache with -XX:ReservedCodeCacheSize=
# This output file may be truncated or incomplete.
#
#  Out of Memory Error (os_linux.cpp:2673), pid=6443, tid=139673676535552
#
# JRE version: Java(TM) SE Runtime Environment (8.0_45-b14) (build 1.8.0_45-b14)
# Java VM: Java HotSpot(TM) 64-Bit Server VM (25.45-b02 mixed mode linux-amd64 compressed oops)
# Failed to write core dump. Core dumps have been disabled. To enable core dumping, try "ulimit -c unlimited" before starting Java again
#

---------------  T H R E A D  ---------------

Current thread (0x00007f0868077800):  VMThread [stack: 0x00007f084fcfd000,0x00007f084fdfe000] [id=6481]

Stack: [0x00007f084fcfd000,0x00007f084fdfe000],  sp=0x00007f084fdfbf60,  free space=1019k
Native frames: (J=compiled Java code, j=interpreted, Vv=VM code, C=native code)
V  [libjvm.so+0xaac99a]  VMError::report_and_die()+0x2ba
V  [libjvm.so+0x4f333b]  report_vm_out_of_memory(char const*, int, unsigned long, VMErrorType, char const*)+0x8b
V  [libjvm.so+0x90e7c3]  os::Linux::commit_memory_impl(char*, unsigned long, bool)+0x103
V  [libjvm.so+0x90ed19]  os::pd_commit_memory(char*, unsigned long, unsigned long, bool)+0x29
V  [libjvm.so+0x90867a]  os::commit_memory(char*, unsigned long, unsigned long, bool)+0x2a
V  [libjvm.so+0x97bac3]  PSVirtualSpace::expand_by(unsigned long)+0x53
V  [libjvm.so+0x97cec8]  PSYoungGen::resize_generation(unsigned long, unsigned long)+0xf8
V  [libjvm.so+0x97c022]  PSYoungGen::resize(unsigned long, unsigned long)+0x22
V  [libjvm.so+0x9792fb]  PSScavenge::invoke_no_policy()+0xf7b
V  [libjvm.so+0x979a81]  PSScavenge::invoke()+0x41
V  [libjvm.so+0x932050]  ParallelScavengeHeap::failed_mem_allocate(unsigned long)+0x70
V  [libjvm.so+0xaae1d7]  VM_ParallelGCFailedAllocation::doit()+0x97
V  [libjvm.so+0xab59c5]  VM_Operation::evaluate()+0x55
V  [libjvm.so+0xab3d9a]  VMThread::evaluate_operation(VM_Operation*)+0xba
V  [libjvm.so+0xab411e]  VMThread::loop()+0x1ce
V  [libjvm.so+0xab4590]  VMThread::run()+0x70
V  [libjvm.so+0x910de8]  java_start(Thread*)+0x108

VM_Operation (0x00007f086e504a70): ParallelGCFailedAllocation, mode: safepoint, requested by thread 0x00007f086800a000


---------------  P R O C E S S  ---------------

Java Threads: ( => current thread )
  0x00007f08680c2000 JavaThread "Service Thread" daemon [_thread_blocked, id=6514, stack(0x00007f084f32d000,0x00007f084f42e000)]
  0x00007f08680bd000 JavaThread "C1 CompilerThread2" daemon [_thread_blocked, id=6508, stack(0x00007f084f42e000,0x00007f084f52f000)]
  0x00007f08680bb800 JavaThread "C2 CompilerThread1" daemon [_thread_blocked, id=6504, stack(0x00007f084f52f000,0x00007f084f630000)]
  0x00007f08680b8800 JavaThread "C2 CompilerThread0" daemon [_thread_blocked, id=6497, stack(0x00007f084f630000,0x00007f084f731000)]
  0x00007f08680b7000 JavaThread "Signal Dispatcher" daemon [_thread_blocked, id=6494, stack(0x00007f084f731000,0x00007f084f832000)]
  0x00007f086807f000 JavaThread "Finalizer" daemon [_thread_blocked, id=6491, stack(0x00007f084fafb000,0x00007f084fbfc000)]
  0x00007f086807c800 JavaThread "Reference Handler" daemon [_thread_blocked, id=6490, stack(0x00007f084fbfc000,0x00007f084fcfd000)]
  0x00007f086800a000 JavaThread "main" [_thread_blocked, id=6447, stack(0x00007f086e406000,0x00007f086e507000)]

Other Threads:
=>0x00007f0868077800 VMThread [stack: 0x00007f084fcfd000,0x00007f084fdfe000] [id=6481]
  0x00007f08680c4800 WatcherThread [stack: 0x00007f084f22c000,0x00007f084f32d000] [id=6515]

VM state:at safepoint (normal execution)

VM Mutex/Monitor currently owned by a thread:  ([mutex/lock_event])
[0x00007f0868006370] Threads_lock - owner thread: 0x00007f0868077800
[0x00007f0868006870] Heap_lock - owner thread: 0x00007f086800a000

Heap:
 PSYoungGen      total 139264K, used 14827K [0x00000000eab00000, 0x00000000f4400000, 0x0000000100000000)
  eden space 124416K, 0% used [0x00000000eab00000,0x00000000eab00000,0x00000000f2480000)
  from space 14848K, 99% used [0x00000000f2480000,0x00000000f32fad00,0x00000000f3300000)
  to   space 12288K, 0% used [0x00000000f3300000,0x00000000f3300000,0x00000000f3f00000)
 ParOldGen       total 42496K, used 39260K [0x00000000c0000000, 0x00000000c2980000, 0x00000000eab00000)
  object space 42496K, 92% used [0x00000000c0000000,0x00000000c26571a8,0x00000000c2980000)
 Metaspace       used 6043K, capacity 7152K, committed 7296K, reserved 1056768K
  class space    used 571K, capacity 616K, committed 640K, reserved 1048576K

Card table byte_map: [0x00007f0857fc6000,0x00007f08581c7000] byte_map_base: 0x00007f08579c6000

Marking Bits: (ParMarkBitMap*) 0x00007f086d8e1760
 Begin Bits: [0x00007f0855a6c000, 0x00007f0856a6c000)
 End Bits:   [0x00007f0856a6c000, 0x00007f0857a6c000)

Polling page: 0x00007f086e528000

CodeCache: size=245760Kb used=8307Kb max_used=8349Kb free=237452Kb
 bounds [0x00007f0858587000, 0x00007f0858db7000, 0x00007f0867587000]
 total_blobs=2108 nmethods=1844 adapters=178
 compilation: enabled

Compilation events (10 events):
Event: 7.306 Thread 0x00007f08680bd000 1894       2       com.android.dx.rop.type.Type::getArrayType (50 bytes)
Event: 7.306 Thread 0x00007f08680bd000 nmethod 1894 0x00007f0858d7fe50 code [0x00007f0858d80000, 0x00007f0858d80468]
Event: 7.394 Thread 0x00007f08680bd000 1896       2       com.android.dx.ssa.back.FirstFitLocalCombiningAllocator::ssaSetToSpecs (57 bytes)
Event: 7.395 Thread 0x00007f08680bd000 nmethod 1896 0x00007f0858d8cc10 code [0x00007f0858d8ce20, 0x00007f0858d8d618]
Event: 7.478 Thread 0x00007f08680bd000 1897       2       com.android.dx.dex.file.ClassDataItem::<init> (96 bytes)
Event: 7.479 Thread 0x00007f08680bd000 nmethod 1897 0x00007f0858d99690 code [0x00007f0858d99880, 0x00007f0858d99de8]
Event: 7.513 Thread 0x00007f08680bb800 nmethod 1760 0x00007f0858d9a050 code [0x00007f0858d9ade0, 0x00007f0858da5938]
Event: 7.513 Thread 0x00007f08680bb800 1893       4       com.android.dx.cf.code.BaseMachine::storeResults (90 bytes)
Event: 7.535 Thread 0x00007f08680bb800 nmethod 1893 0x00007f0858d94d90 code [0x00007f0858d94fa0, 0x00007f0858d95828]
Event: 7.536 Thread 0x00007f08680bb800 1895       4       com.android.dx.ssa.LiteralOpUpgrader$1::visitNonMoveInsn (203 bytes)

GC Heap History (10 events):
Event: 2.008 GC heap after
Heap after GC invocations=2 (full 0):
 PSYoungGen      total 34304K, used 2554K [0x00000000eab00000, 0x00000000ecf00000, 0x0000000100000000)
  eden space 31744K, 0% used [0x00000000eab00000,0x00000000eab00000,0x00000000eca00000)
  from space 2560K, 99% used [0x00000000ecc80000,0x00000000ecefeac8,0x00000000ecf00000)
  to   space 2560K, 0% used [0x00000000eca00000,0x00000000eca00000,0x00000000ecc80000)
 ParOldGen       total 42496K, used 3987K [0x00000000c0000000, 0x00000000c2980000, 0x00000000eab00000)
  object space 42496K, 9% used [0x00000000c0000000,0x00000000c03e4e40,0x00000000c2980000)
 Metaspace       used 5654K, capacity 6896K, committed 7040K, reserved 1056768K
  class space    used 546K, capacity 616K, committed 640K, reserved 1048576K
}
Event: 2.967 GC heap before
{Heap before GC invocations=3 (full 0):
 PSYoungGen      total 34304K, used 34298K [0x00000000eab00000, 0x00000000ecf00000, 0x0000000100000000)
  eden space 31744K, 100% used [0x00000000eab00000,0x00000000eca00000,0x00000000eca00000)
  from space 2560K, 99% used [0x00000000ecc80000,0x00000000ecefeac8,0x00000000ecf00000)
  to   space 2560K, 0% used [0x00000000eca00000,0x00000000eca00000,0x00000000ecc80000)
 ParOldGen       total 42496K, used 3987K [0x00000000c0000000, 0x00000000c2980000, 0x00000000eab00000)
  object space 42496K, 9% used [0x00000000c0000000,0x00000000c03e4e40,0x00000000c2980000)
 Metaspace       used 5778K, capacity 7024K, committed 7296K, reserved 1056768K
  class space    used 546K, capacity 616K, committed 640K, reserved 1048576K
Event: 3.019 GC heap after
Heap after GC invocations=3 (full 0):
 PSYoungGen      total 34304K, used 2528K [0x00000000eab00000, 0x00000000eee00000, 0x0000000100000000)
  eden space 31744K, 0% used [0x00000000eab00000,0x00000000eab00000,0x00000000eca00000)
  from space 2560K, 98% used [0x00000000eca00000,0x00000000ecc78038,0x00000000ecc80000)
  to   space 2560K, 0% used [0x00000000eeb80000,0x00000000eeb80000,0x00000000eee00000)
 ParOldGen       total 42496K, used 8833K [0x00000000c0000000, 0x00000000c2980000, 0x00000000eab00000)
  object space 42496K, 20% used [0x00000000c0000000,0x00000000c08a0518,0x00000000c2980000)
 Metaspace       used 5778K, capacity 7024K, committed 7296K, reserved 1056768K
  class space    used 546K, capacity 616K, committed 640K, reserved 1048576K
}
Event: 3.838 GC heap before
{Heap before GC invocations=4 (full 0):
 PSYoungGen      total 34304K, used 34272K [0x00000000eab00000, 0x00000000eee00000, 0x0000000100000000)
  eden space 31744K, 100% used [0x00000000eab00000,0x00000000eca00000,0x00000000eca00000)
  from space 2560K, 98% used [0x00000000eca00000,0x00000000ecc78038,0x00000000ecc80000)
  to   space 2560K, 0% used [0x00000000eeb80000,0x00000000eeb80000,0x00000000eee00000)
 ParOldGen       total 42496K, used 8833K [0x00000000c0000000, 0x00000000c2980000, 0x00000000eab00000)
  object space 42496K, 20% used [0x00000000c0000000,0x00000000c08a0518,0x00000000c2980000)
 Metaspace       used 5872K, capacity 7088K, committed 7296K, reserved 1056768K
  class space    used 552K, capacity 616K, committed 640K, reserved 1048576K
Event: 3.880 GC heap after
Heap after GC invocations=4 (full 0):
 PSYoungGen      total 66048K, used 2535K [0x00000000eab00000, 0x00000000eee00000, 0x0000000100000000)
  eden space 63488K, 0% used [0x00000000eab00000,0x00000000eab00000,0x00000000ee900000)
  from space 2560K, 99% used [0x00000000eeb80000,0x00000000eedf9c58,0x00000000eee00000)
  to   space 2560K, 0% used [0x00000000ee900000,0x00000000ee900000,0x00000000eeb80000)
 ParOldGen       total 42496K, used 13917K [0x00000000c0000000, 0x00000000c2980000, 0x00000000eab00000)
  object space 42496K, 32% used [0x00000000c0000000,0x00000000c0d97578,0x00000000c2980000)
 Metaspace       used 5872K, capacity 7088K, committed 7296K, reserved 1056768K
  class space    used 552K, capacity 616K, committed 640K, reserved 1048576K
}
Event: 4.936 GC heap before
{Heap before GC invocations=5 (full 0):
 PSYoungGen      total 66048K, used 66023K [0x00000000eab00000, 0x00000000eee00000, 0x0000000100000000)
  eden space 63488K, 100% used [0x00000000eab00000,0x00000000ee900000,0x00000000ee900000)
  from space 2560K, 99% used [0x00000000eeb80000,0x00000000eedf9c58,0x00000000eee00000)
  to   space 2560K, 0% used [0x00000000ee900000,0x00000000ee900000,0x00000000eeb80000)
 ParOldGen       total 42496K, used 13917K [0x00000000c0000000, 0x00000000c2980000, 0x00000000eab00000)
  object space 42496K, 32% used [0x00000000c0000000,0x00000000c0d97578,0x00000000c2980000)
 Metaspace       used 5979K, capacity 7088K, committed 7296K, reserved 1056768K
  class space    used 571K, capacity 616K, committed 640K, reserved 1048576K
Event: 4.978 GC heap after
Heap after GC invocations=5 (full 0):
 PSYoungGen      total 66048K, used 2530K [0x00000000eab00000, 0x00000000f3f00000, 0x0000000100000000)
  eden space 63488K, 0% used [0x00000000eab00000,0x00000000eab00000,0x00000000ee900000)
  from space 2560K, 98% used [0x00000000ee900000,0x00000000eeb78ac8,0x00000000eeb80000)
  to   space 12288K, 0% used [0x00000000f3300000,0x00000000f3300000,0x00000000f3f00000)
 ParOldGen       total 42496K, used 22851K [0x00000000c0000000, 0x00000000c2980000, 0x00000000eab00000)
  object space 42496K, 53% used [0x00000000c0000000,0x00000000c1650d20,0x00000000c2980000)
 Metaspace       used 5979K, capacity 7088K, committed 7296K, reserved 1056768K
  class space    used 571K, capacity 616K, committed 640K, reserved 1048576K
}
Event: 5.765 GC heap before
{Heap before GC invocations=6 (full 0):
 PSYoungGen      total 66048K, used 66018K [0x00000000eab00000, 0x00000000f3f00000, 0x0000000100000000)
  eden space 63488K, 100% used [0x00000000eab00000,0x00000000ee900000,0x00000000ee900000)
  from space 2560K, 98% used [0x00000000ee900000,0x00000000eeb78ac8,0x00000000eeb80000)
  to   space 12288K, 0% used [0x00000000f3300000,0x00000000f3300000,0x00000000f3f00000)
 ParOldGen       total 42496K, used 22851K [0x00000000c0000000, 0x00000000c2980000, 0x00000000eab00000)
  object space 42496K, 53% used [0x00000000c0000000,0x00000000c1650d20,0x00000000c2980000)
 Metaspace       used 6025K, capacity 7152K, committed 7296K, reserved 1056768K
  class space    used 571K, capacity 616K, committed 640K, reserved 1048576K
Event: 5.826 GC heap after
Heap after GC invocations=6 (full 0):
 PSYoungGen      total 136704K, used 12287K [0x00000000eab00000, 0x00000000f4400000, 0x0000000100000000)
  eden space 124416K, 0% used [0x00000000eab00000,0x00000000eab00000,0x00000000f2480000)
  from space 12288K, 99% used [0x00000000f3300000,0x00000000f3effcf8,0x00000000f3f00000)
  to   space 14848K, 0% used [0x00000000f2480000,0x00000000f2480000,0x00000000f3300000)
 ParOldGen       total 42496K, used 23723K [0x00000000c0000000, 0x00000000c2980000, 0x00000000eab00000)
  object space 42496K, 55% used [0x00000000c0000000,0x00000000c172ac98,0x00000000c2980000)
 Metaspace       used 6025K, capacity 7152K, committed 7296K, reserved 1056768K
  class space    used 571K, capacity 616K, committed 640K, reserved 1048576K
}
Event: 7.591 GC heap before
{Heap before GC invocations=7 (full 0):
 PSYoungGen      total 136704K, used 136703K [0x00000000eab00000, 0x00000000f4400000, 0x0000000100000000)
  eden space 124416K, 100% used [0x00000000eab00000,0x00000000f2480000,0x00000000f2480000)
  from space 12288K, 99% used [0x00000000f3300000,0x00000000f3effcf8,0x00000000f3f00000)
  to   space 14848K, 0% used [0x00000000f2480000,0x00000000f2480000,0x00000000f3300000)
 ParOldGen       total 42496K, used 23723K [0x00000000c0000000, 0x00000000c2980000, 0x00000000eab00000)
  object space 42496K, 55% used [0x00000000c0000000,0x00000000c172ac98,0x00000000c2980000)
 Metaspace       used 6043K, capacity 7152K, committed 7296K, reserved 1056768K
  class space    used 571K, capacity 616K, committed 640K, reserved 1048576K

Deoptimization events (10 events):
Event: 4.740 Thread 0x00007f086800a000 Uncommon trap: reason=unstable_if action=reinterpret pc=0x00007f0858c6f448 method=com.android.dx.cf.code.BytecodeArray.parseInstruction(ILcom/android/dx/cf/code/BytecodeArray$Visitor;)I @ 1198
Event: 4.809 Thread 0x00007f086800a000 Uncommon trap: reason=unstable_if action=reinterpret pc=0x00007f0858c47440 method=java.util.HashMap.putVal(ILjava/lang/Object;Ljava/lang/Object;ZZ)Ljava/lang/Object; @ 94
Event: 5.616 Thread 0x00007f086800a000 Uncommon trap: reason=unstable_if action=reinterpret pc=0x00007f0858c9b438 method=java.util.HashMap.resize()[Ljava/util/HashMap$Node; @ 206
Event: 7.014 Thread 0x00007f086800a000 Uncommon trap: reason=unstable_if action=reinterpret pc=0x00007f0858bbf6c0 method=com.android.dx.ssa.MoveParamCombiner$1.visitNonMoveInsn(Lcom/android/dx/ssa/NormalSsaInsn;)V @ 27
Event: 7.075 Thread 0x00007f086800a000 Uncommon trap: reason=class_check action=maybe_recompile pc=0x00007f0858cea924 method=com.android.dx.cf.code.OneLocalsArray.set(ILcom/android/dx/rop/type/TypeBearer;)V @ 85
Event: 7.075 Thread 0x00007f086800a000 Uncommon trap: reason=class_check action=maybe_recompile pc=0x00007f0858cea924 method=com.android.dx.cf.code.OneLocalsArray.set(ILcom/android/dx/rop/type/TypeBearer;)V @ 85
Event: 7.090 Thread 0x00007f086800a000 Uncommon trap: reason=class_check action=maybe_recompile pc=0x00007f0858cea924 method=com.android.dx.cf.code.OneLocalsArray.set(ILcom/android/dx/rop/type/TypeBearer;)V @ 85
Event: 7.090 Thread 0x00007f086800a000 Uncommon trap: reason=class_check action=maybe_recompile pc=0x00007f0858cea924 method=com.android.dx.cf.code.OneLocalsArray.set(ILcom/android/dx/rop/type/TypeBearer;)V @ 85
Event: 7.266 Thread 0x00007f086800a000 Uncommon trap: reason=bimorphic action=maybe_recompile pc=0x00007f0858c67be8 method=com.android.dx.ssa.LiteralOpUpgrader.tryReplacingWithConstant(Lcom/android/dx/ssa/NormalSsaInsn;)Z @ 62
Event: 7.276 Thread 0x00007f086800a000 Uncommon trap: reason=bimorphic action=maybe_recompile pc=0x00007f0858c67be8 method=com.android.dx.ssa.LiteralOpUpgrader.tryReplacingWithConstant(Lcom/android/dx/ssa/NormalSsaInsn;)Z @ 62

Internal exceptions (6 events):
Event: 0.071 Thread 0x00007f086800a000 Exception <a 'java/lang/NoSuchMethodError': Method sun.misc.Unsafe.defineClass(Ljava/lang/String;[BII)Ljava/lang/Class; name or signature does not match> (0x00000000eab129c8) thrown at [/RE-WORK/workspace/8-2-build-linux-amd64/jdk8u45/3457/hotspot/src/sha
Event: 0.071 Thread 0x00007f086800a000 Exception <a 'java/lang/NoSuchMethodError': Method sun.misc.Unsafe.prefetchRead(Ljava/lang/Object;J)V name or signature does not match> (0x00000000eab12c58) thrown at [/RE-WORK/workspace/8-2-build-linux-amd64/jdk8u45/3457/hotspot/src/share/vm/prims/jni.cp
Event: 2.768 Thread 0x00007f086800a000 Implicit null exception at 0x00007f0858953922 to 0x00007f08589539c2
Event: 3.925 Thread 0x00007f086800a000 Exception <a 'java/lang/ArrayIndexOutOfBoundsException': 18> (0x00000000eae0fca0) thrown at [/RE-WORK/workspace/8-2-build-linux-amd64/jdk8u45/3457/hotspot/src/share/vm/interpreter/interpreterRuntime.cpp, line 366]
Event: 4.319 Thread 0x00007f086800a000 Exception <a 'java/lang/ArrayIndexOutOfBoundsException'> (0x00000000ec4cd740) thrown at [/RE-WORK/workspace/8-2-build-linux-amd64/jdk8u45/3457/hotspot/src/share/vm/runtime/sharedRuntime.cpp, line 605]
Event: 4.320 Thread 0x00007f086800a000 Exception <a 'java/lang/ArrayIndexOutOfBoundsException'> (0x00000000ec4ce978) thrown at [/RE-WORK/workspace/8-2-build-linux-amd64/jdk8u45/3457/hotspot/src/share/vm/runtime/sharedRuntime.cpp, line 605]

Events (10 events):
Event: 7.090 Thread 0x00007f086800a000 DEOPT UNPACKING pc=0x00007f085858c229 sp=0x00007f086e504228 mode 2
Event: 7.266 Thread 0x00007f086800a000 Uncommon trap: trap_request=0xffffffc6 fr.pc=0x00007f0858c67be8
Event: 7.266 Thread 0x00007f086800a000 DEOPT PACKING pc=0x00007f0858c67be8 sp=0x00007f086e504b90
Event: 7.266 Thread 0x00007f086800a000 DEOPT UNPACKING pc=0x00007f085858c229 sp=0x00007f086e504a88 mode 2
Event: 7.269 Thread 0x00007f086800a000 DEOPT PACKING pc=0x00007f0858c225d8 sp=0x00007f086e504a10
Event: 7.269 Thread 0x00007f086800a000 DEOPT UNPACKING pc=0x00007f08585ce233 sp=0x00007f086e5047b0 mode 0
Event: 7.276 Thread 0x00007f086800a000 Uncommon trap: trap_request=0xffffffc6 fr.pc=0x00007f0858c67be8
Event: 7.276 Thread 0x00007f086800a000 DEOPT PACKING pc=0x00007f0858c67be8 sp=0x00007f086e504ae0
Event: 7.276 Thread 0x00007f086800a000 DEOPT UNPACKING pc=0x00007f085858c229 sp=0x00007f086e5049d8 mode 2
Event: 7.591 Executing VM operation: ParallelGCFailedAllocation


Dynamic libraries:
00400000-00401000 r-xp 00000000 08:03 1572315                            /opt/java/jdk1.8.0_45/bin/java
00600000-00601000 rw-p 00000000 08:03 1572315                            /opt/java/jdk1.8.0_45/bin/java
00965000-00986000 rw-p 00000000 00:00 0                                  [heap]
c0000000-c2980000 rw-p 00000000 00:00 0 
c2980000-eab00000 ---p 00000000 00:00 0 
eab00000-f4400000 rw-p 00000000 00:00 0 
fcf00000-100000000 ---p 00000000 00:00 0 
100000000-1000a0000 rw-p 00000000 00:00 0 
1000a0000-140000000 ---p 00000000 00:00 0 
7f0818000000-7f0818021000 rw-p 00000000 00:00 0 
7f0818021000-7f081c000000 ---p 00000000 00:00 0 
7f0820000000-7f0820021000 rw-p 00000000 00:00 0 
7f0820021000-7f0824000000 ---p 00000000 00:00 0 
7f0824000000-7f082498e000 rw-p 00000000 00:00 0 
7f082498e000-7f0828000000 ---p 00000000 00:00 0 
7f0828000000-7f0828fc4000 rw-p 00000000 00:00 0 
7f0828fc4000-7f082c000000 ---p 00000000 00:00 0 
7f082c000000-7f082dbc6000 rw-p 00000000 00:00 0 
7f082dbc6000-7f0830000000 ---p 00000000 00:00 0 
7f0830000000-7f0830021000 rw-p 00000000 00:00 0 
7f0830021000-7f0834000000 ---p 00000000 00:00 0 
7f0834000000-7f0834021000 rw-p 00000000 00:00 0 
7f0834021000-7f0838000000 ---p 00000000 00:00 0 
7f0838000000-7f083828a000 rw-p 00000000 00:00 0 
7f083828a000-7f083c000000 ---p 00000000 00:00 0 
7f083c000000-7f083c021000 rw-p 00000000 00:00 0 
7f083c021000-7f0840000000 ---p 00000000 00:00 0 
7f0840000000-7f0840021000 rw-p 00000000 00:00 0 
7f0840021000-7f0844000000 ---p 00000000 00:00 0 
7f0844000000-7f0844021000 rw-p 00000000 00:00 0 
7f0844021000-7f0848000000 ---p 00000000 00:00 0 
7f0848000000-7f0848021000 rw-p 00000000 00:00 0 
7f0848021000-7f084c000000 ---p 00000000 00:00 0 
7f084f22c000-7f084f22d000 ---p 00000000 00:00 0 
7f084f22d000-7f084f32d000 rw-p 00000000 00:00 0                          [stack:6515]
7f084f32d000-7f084f330000 ---p 00000000 00:00 0 
7f084f330000-7f084f42e000 rw-p 00000000 00:00 0                          [stack:6514]
7f084f42e000-7f084f431000 ---p 00000000 00:00 0 
7f084f431000-7f084f52f000 rw-p 00000000 00:00 0                          [stack:6508]
7f084f52f000-7f084f532000 ---p 00000000 00:00 0 
7f084f532000-7f084f630000 rw-p 00000000 00:00 0                          [stack:6504]
7f084f630000-7f084f633000 ---p 00000000 00:00 0 
7f084f633000-7f084f731000 rw-p 00000000 00:00 0                          [stack:6497]
7f084f731000-7f084f734000 ---p 00000000 00:00 0 
7f084f734000-7f084f832000 rw-p 00000000 00:00 0                          [stack:6494]
7f084f832000-7f084fafb000 r--p 00000000 08:03 266989                     /usr/lib/locale/locale-archive
7f084fafb000-7f084fafe000 ---p 00000000 00:00 0 
7f084fafe000-7f084fbfc000 rw-p 00000000 00:00 0                          [stack:6491]
7f084fbfc000-7f084fbff000 ---p 00000000 00:00 0 
7f084fbff000-7f084fcfd000 rw-p 00000000 00:00 0                          [stack:6490]
7f084fcfd000-7f084fcfe000 ---p 00000000 00:00 0 
7f084fcfe000-7f0850000000 rw-p 00000000 00:00 0                          [stack:6481]
7f0850000000-7f0850021000 rw-p 00000000 00:00 0 
7f0850021000-7f0854000000 ---p 00000000 00:00 0 
7f0854059000-7f085406b000 r--s 000c6000 00:19 11534486                   /home/mike/AndroidStudioProjects/Settinguptheactionbar/app/build/intermediates/exploded-aar/com.android.support/support-v4/22.1.1/jars/classes.jar
7f085406b000-7f0854e1d000 rw-p 00000000 00:00 0 
7f0854e1d000-7f0854ff6000 r--s 03d09000 08:03 1573810                    /opt/java/jdk1.8.0_45/jre/lib/rt.jar
7f0854ff6000-7f08556ec000 rw-p 00000000 00:00 0 
7f08556ec000-7f085586c000 ---p 00000000 00:00 0 
7f085586c000-7f0857a6c000 rw-p 00000000 00:00 0 
7f0857a6c000-7f0857a6d000 ---p 00000000 00:00 0 
7f0857a6d000-7f0857b6d000 rw-p 00000000 00:00 0                          [stack:6456]
7f0857b6d000-7f0857b6e000 ---p 00000000 00:00 0 
7f0857b6e000-7f0857c6e000 rw-p 00000000 00:00 0                          [stack:6455]
7f0857c6e000-7f0857c6f000 ---p 00000000 00:00 0 
7f0857c6f000-7f0857d6f000 rw-p 00000000 00:00 0                          [stack:6454]
7f0857d6f000-7f0857d70000 ---p 00000000 00:00 0 
7f0857d70000-7f0857e85000 rw-p 00000000 00:00 0                          [stack:6453]
7f0857e85000-7f0857fc6000 ---p 00000000 00:00 0 
7f0857fc6000-7f0857fdb000 rw-p 00000000 00:00 0 
7f0857fdb000-7f085811b000 ---p 00000000 00:00 0 
7f085811b000-7f0858168000 rw-p 00000000 00:00 0 
7f0858168000-7f08581c6000 ---p 00000000 00:00 0 
7f08581c6000-7f08581e8000 rw-p 00000000 00:00 0 
7f08581e8000-7f0858587000 ---p 00000000 00:00 0 
7f0858587000-7f0858db7000 rwxp 00000000 00:00 0 
7f0858db7000-7f0867587000 ---p 00000000 00:00 0 
7f0867587000-7f08675a1000 r-xp 00000000 08:03 1574049                    /opt/java/jdk1.8.0_45/jre/lib/amd64/libzip.so
7f08675a1000-7f08677a1000 ---p 0001a000 08:03 1574049                    /opt/java/jdk1.8.0_45/jre/lib/amd64/libzip.so
7f08677a1000-7f08677a2000 rw-p 0001a000 08:03 1574049                    /opt/java/jdk1.8.0_45/jre/lib/amd64/libzip.so
7f08677a2000-7f08677ad000 r-xp 00000000 08:03 131807                     /lib/x86_64-linux-gnu/libnss_files-2.19.so
7f08677ad000-7f08679ac000 ---p 0000b000 08:03 131807                     /lib/x86_64-linux-gnu/libnss_files-2.19.so
7f08679ac000-7f08679ad000 r--p 0000a000 08:03 131807                     /lib/x86_64-linux-gnu/libnss_files-2.19.so
7f08679ad000-7f08679ae000 rw-p 0000b000 08:03 131807                     /lib/x86_64-linux-gnu/libnss_files-2.19.so
7f08679ae000-7f08679b9000 r-xp 00000000 08:03 131871                     /lib/x86_64-linux-gnu/libnss_nis-2.19.so
7f08679b9000-7f0867bb8000 ---p 0000b000 08:03 131871                     /lib/x86_64-linux-gnu/libnss_nis-2.19.so
7f0867bb8000-7f0867bb9000 r--p 0000a000 08:03 131871                     /lib/x86_64-linux-gnu/libnss_nis-2.19.so
7f0867bb9000-7f0867bba000 rw-p 0000b000 08:03 131871                     /lib/x86_64-linux-gnu/libnss_nis-2.19.so
7f0867bba000-7f0867bd1000 r-xp 00000000 08:03 131829                     /lib/x86_64-linux-gnu/libnsl-2.19.so
7f0867bd1000-7f0867dd0000 ---p 00017000 08:03 131829                     /lib/x86_64-linux-gnu/libnsl-2.19.so
7f0867dd0000-7f0867dd1000 r--p 00016000 08:03 131829                     /lib/x86_64-linux-gnu/libnsl-2.19.so
7f0867dd1000-7f0867dd2000 rw-p 00017000 08:03 131829                     /lib/x86_64-linux-gnu/libnsl-2.19.so
7f0867dd2000-7f0867dd4000 rw-p 00000000 00:00 0 
7f0867dd4000-7f0867dfe000 r-xp 00000000 08:03 1574040                    /opt/java/jdk1.8.0_45/jre/lib/amd64/libjava.so
7f0867dfe000-7f0867ffe000 ---p 0002a000 08:03 1574040                    /opt/java/jdk1.8.0_45/jre/lib/amd64/libjava.so
7f0867ffe000-7f0868000000 rw-p 0002a000 08:03 1574040                    /opt/java/jdk1.8.0_45/jre/lib/amd64/libjava.so
7f0868000000-7f0868389000 rw-p 00000000 00:00 0 
7f0868389000-7f086c000000 ---p 00000000 00:00 0 
7f086c00e000-7f086c01d000 r--s 000dd000 00:19 9438599                    /home/mike/Android/Sdk/build-tools/22.0.1/lib/dx.jar
7f086c01d000-7f086c026000 r-xp 00000000 08:03 131828                     /lib/x86_64-linux-gnu/libnss_compat-2.19.so
7f086c026000-7f086c225000 ---p 00009000 08:03 131828                     /lib/x86_64-linux-gnu/libnss_compat-2.19.so
7f086c225000-7f086c226000 r--p 00008000 08:03 131828                     /lib/x86_64-linux-gnu/libnss_compat-2.19.so
7f086c226000-7f086c227000 rw-p 00009000 08:03 131828                     /lib/x86_64-linux-gnu/libnss_compat-2.19.so
7f086c227000-7f086c234000 r-xp 00000000 08:03 1574047                    /opt/java/jdk1.8.0_45/jre/lib/amd64/libverify.so
7f086c234000-7f086c434000 ---p 0000d000 08:03 1574047                    /opt/java/jdk1.8.0_45/jre/lib/amd64/libverify.so
7f086c434000-7f086c436000 rw-p 0000d000 08:03 1574047                    /opt/java/jdk1.8.0_45/jre/lib/amd64/libverify.so
7f086c436000-7f086c43d000 r-xp 00000000 08:03 131868                     /lib/x86_64-linux-gnu/librt-2.19.so
7f086c43d000-7f086c63c000 ---p 00007000 08:03 131868                     /lib/x86_64-linux-gnu/librt-2.19.so
7f086c63c000-7f086c63d000 r--p 00006000 08:03 131868                     /lib/x86_64-linux-gnu/librt-2.19.so
7f086c63d000-7f086c63e000 rw-p 00007000 08:03 131868                     /lib/x86_64-linux-gnu/librt-2.19.so
7f086c63e000-7f086c743000 r-xp 00000000 08:03 131806                     /lib/x86_64-linux-gnu/libm-2.19.so
7f086c743000-7f086c942000 ---p 00105000 08:03 131806                     /lib/x86_64-linux-gnu/libm-2.19.so
7f086c942000-7f086c943000 r--p 00104000 08:03 131806                     /lib/x86_64-linux-gnu/libm-2.19.so
7f086c943000-7f086c944000 rw-p 00105000 08:03 131806                     /lib/x86_64-linux-gnu/libm-2.19.so
7f086c944000-7f086d5f2000 r-xp 00000000 08:03 1574060                    /opt/java/jdk1.8.0_45/jre/lib/amd64/server/libjvm.so
7f086d5f2000-7f086d7f1000 ---p 00cae000 08:03 1574060                    /opt/java/jdk1.8.0_45/jre/lib/amd64/server/libjvm.so
7f086d7f1000-7f086d8c8000 rw-p 00cad000 08:03 1574060                    /opt/java/jdk1.8.0_45/jre/lib/amd64/server/libjvm.so
7f086d8c8000-7f086d90c000 rw-p 00000000 00:00 0 
7f086d90c000-7f086dac7000 r-xp 00000000 08:03 131857                     /lib/x86_64-linux-gnu/libc-2.19.so
7f086dac7000-7f086dcc6000 ---p 001bb000 08:03 131857                     /lib/x86_64-linux-gnu/libc-2.19.so
7f086dcc6000-7f086dcca000 r--p 001ba000 08:03 131857                     /lib/x86_64-linux-gnu/libc-2.19.so
7f086dcca000-7f086dccc000 rw-p 001be000 08:03 131857                     /lib/x86_64-linux-gnu/libc-2.19.so
7f086dccc000-7f086dcd1000 rw-p 00000000 00:00 0 
7f086dcd1000-7f086dcd4000 r-xp 00000000 08:03 131810                     /lib/x86_64-linux-gnu/libdl-2.19.so
7f086dcd4000-7f086ded3000 ---p 00003000 08:03 131810                     /lib/x86_64-linux-gnu/libdl-2.19.so
7f086ded3000-7f086ded4000 r--p 00002000 08:03 131810                     /lib/x86_64-linux-gnu/libdl-2.19.so
7f086ded4000-7f086ded5000 rw-p 00003000 08:03 131810                     /lib/x86_64-linux-gnu/libdl-2.19.so
7f086ded5000-7f086deea000 r-xp 00000000 08:03 1573749                    /opt/java/jdk1.8.0_45/lib/amd64/jli/libjli.so
7f086deea000-7f086e0ea000 ---p 00015000 08:03 1573749                    /opt/java/jdk1.8.0_45/lib/amd64/jli/libjli.so
7f086e0ea000-7f086e0eb000 rw-p 00015000 08:03 1573749                    /opt/java/jdk1.8.0_45/lib/amd64/jli/libjli.so
7f086e0eb000-7f086e104000 r-xp 00000000 08:03 131858                     /lib/x86_64-linux-gnu/libpthread-2.19.so
7f086e104000-7f086e303000 ---p 00019000 08:03 131858                     /lib/x86_64-linux-gnu/libpthread-2.19.so
7f086e303000-7f086e304000 r--p 00018000 08:03 131858                     /lib/x86_64-linux-gnu/libpthread-2.19.so
7f086e304000-7f086e305000 rw-p 00019000 08:03 131858                     /lib/x86_64-linux-gnu/libpthread-2.19.so
7f086e305000-7f086e309000 rw-p 00000000 00:00 0 
7f086e309000-7f086e32c000 r-xp 00000000 08:03 131833                     /lib/x86_64-linux-gnu/ld-2.19.so
7f086e332000-7f086e333000 rw-p 00000000 00:00 0 
7f086e333000-7f086e334000 r--p 00000000 08:03 672594                     /usr/share/locale-langpack/en_GB/LC_MESSAGES/libc.mo
7f086e334000-7f086e406000 rw-p 00000000 00:00 0 
7f086e406000-7f086e409000 ---p 00000000 00:00 0 
7f086e409000-7f086e51f000 rw-p 00000000 00:00 0                          [stack:6447]
7f086e51f000-7f086e527000 rw-s 00000000 08:03 1574142                    /tmp/hsperfdata_mike/6443
7f086e527000-7f086e528000 rw-p 00000000 00:00 0 
7f086e528000-7f086e529000 ---p 00000000 00:00 0 
7f086e529000-7f086e52b000 rw-p 00000000 00:00 0 
7f086e52b000-7f086e52c000 r--p 00022000 08:03 131833                     /lib/x86_64-linux-gnu/ld-2.19.so
7f086e52c000-7f086e52d000 rw-p 00023000 08:03 131833                     /lib/x86_64-linux-gnu/ld-2.19.so
7f086e52d000-7f086e52e000 rw-p 00000000 00:00 0 
7fff8e7b4000-7fff8e7d5000 rw-p 00000000 00:00 0                          [stack]
7fff8e7fe000-7fff8e800000 r-xp 00000000 00:00 0                          [vdso]
ffffffffff600000-ffffffffff601000 r-xp 00000000 00:00 0                  [vsyscall]

VM Arguments:
jvm_args: -Xmx1024M -Dfile.encoding=UTF-8 -Duser.country=GB -Duser.language=en -Duser.variant 
java_command: com.android.dx.command.Main --dex --output /home/mike/AndroidStudioProjects/Settinguptheactionbar/app/build/intermediates/pre-dexed/debug/classes-e13df7d850d58c67f06b1ec4f3197e1aeb350c14.jar /home/mike/AndroidStudioProjects/Settinguptheactionbar/app/build/intermediates/exploded-aar/com.android.support/support-v4/22.1.1/jars/classes.jar
java_class_path (initial): /home/mike/Android/Sdk/build-tools/22.0.1/lib/dx.jar
Launcher Type: SUN_STANDARD

Environment Variables:
PATH=/usr/local/sbin:/usr/local/bin:/usr/sbin:/usr/bin:/sbin:/bin:/usr/games:/usr/local/games
USERNAME=mike
LD_LIBRARY_PATH=/opt/android-studio/bin:
SHELL=/bin/bash
DISPLAY=:0

Signal Handlers:
SIGSEGV: [libjvm.so+0xaad1e0], sa_mask[0]=11111111011111111101111111111110, sa_flags=SA_RESTART|SA_SIGINFO
SIGBUS: [libjvm.so+0xaad1e0], sa_mask[0]=11111111011111111101111111111110, sa_flags=SA_RESTART|SA_SIGINFO
SIGFPE: [libjvm.so+0x90b450], sa_mask[0]=11111111011111111101111111111110, sa_flags=SA_RESTART|SA_SIGINFO
SIGPIPE: [libjvm.so+0x90b450], sa_mask[0]=11111111011111111101111111111110, sa_flags=SA_RESTART|SA_SIGINFO
SIGXFSZ: [libjvm.so+0x90b450], sa_mask[0]=11111111011111111101111111111110, sa_flags=SA_RESTART|SA_SIGINFO
SIGILL: [libjvm.so+0x90b450], sa_mask[0]=11111111011111111101111111111110, sa_flags=SA_RESTART|SA_SIGINFO
SIGUSR1: SIG_DFL, sa_mask[0]=00000000000000000000000000000000, sa_flags=none
SIGUSR2: [libjvm.so+0x90ca90], sa_mask[0]=00100000000000000000000000000000, sa_flags=SA_RESTART|SA_SIGINFO
SIGHUP: [libjvm.so+0x90dde0], sa_mask[0]=11111111011111111101111111111110, sa_flags=SA_RESTART|SA_SIGINFO
SIGINT: [libjvm.so+0x90dde0], sa_mask[0]=11111111011111111101111111111110, sa_flags=SA_RESTART|SA_SIGINFO
SIGTERM: [libjvm.so+0x90dde0], sa_mask[0]=11111111011111111101111111111110, sa_flags=SA_RESTART|SA_SIGINFO
SIGQUIT: [libjvm.so+0x90dde0], sa_mask[0]=11111111011111111101111111111110, sa_flags=SA_RESTART|SA_SIGINFO


---------------  S Y S T E M  ---------------

OS:DISTRIB_ID=LinuxMint
DISTRIB_RELEASE=17.1
DISTRIB_CODENAME=rebecca
DISTRIB_DESCRIPTION="Linux Mint 17.1 Rebecca"

uname:Linux 3.13.0-37-generic #64-Ubuntu SMP Mon Sep 22 21:28:38 UTC 2014 x86_64
libc:glibc 2.19 NPTL 2.19 
rlimit: STACK 8192k, CORE 0k, NPROC 30866, NOFILE 4096, AS infinity
load average:6.09 2.12 1.36

/proc/meminfo:
MemTotal:        4048044 kB
MemFree:          114888 kB
Buffers:             220 kB
Cached:           126444 kB
SwapCached:            0 kB
Active:          3593716 kB
Inactive:         116272 kB
Active(anon):    3588336 kB
Inactive(anon):   111500 kB
Active(file):       5380 kB
Inactive(file):     4772 kB
Unevictable:         152 kB
Mlocked:             152 kB
SwapTotal:             0 kB
SwapFree:              0 kB
Dirty:               200 kB
Writeback:             0 kB
AnonPages:       3584496 kB
Mapped:           120756 kB
Shmem:            115492 kB
Slab:              82336 kB
SReclaimable:      32132 kB
SUnreclaim:        50204 kB
KernelStack:        6352 kB
PageTables:        43236 kB
NFS_Unstable:          0 kB
Bounce:                0 kB
WritebackTmp:          0 kB
CommitLimit:     2024020 kB
Committed_AS:    7740424 kB
VmallocTotal:   34359738367 kB
VmallocUsed:      310692 kB
VmallocChunk:   34359376040 kB
HardwareCorrupted:     0 kB
AnonHugePages:   1114112 kB
HugePages_Total:       0
HugePages_Free:        0
HugePages_Rsvd:        0
HugePages_Surp:        0
Hugepagesize:       2048 kB
DirectMap4k:       83520 kB
DirectMap2M:     3061760 kB
DirectMap1G:     1048576 kB


CPU:total 4 (4 cores per cpu, 1 threads per core) family 16 model 4 stepping 2, cmov, cx8, fxsr, mmx, sse, sse2, sse3, popcnt, mmxext, 3dnowpref, lzcnt, sse4a, tsc, tscinvbit, tscinv

/proc/cpuinfo:
processor	: 0
vendor_id	: AuthenticAMD
cpu family	: 16
model		: 4
model name	: AMD Phenom(tm) II X4 955 Processor
stepping	: 2
microcode	: 0x1000086
cpu MHz		: 2100.000
cache size	: 512 KB
physical id	: 0
siblings	: 4
core id		: 0
cpu cores	: 4
apicid		: 0
initial apicid	: 0
fpu		: yes
fpu_exception	: yes
cpuid level	: 5
wp		: yes
flags		: fpu vme de pse tsc msr pae mce cx8 apic sep mtrr pge mca cmov pat pse36 clflush mmx fxsr sse sse2 ht syscall nx mmxext fxsr_opt pdpe1gb rdtscp lm 3dnowext 3dnow constant_tsc rep_good nopl nonstop_tsc extd_apicid pni monitor cx16 popcnt lahf_lm cmp_legacy svm extapic cr8_legacy abm sse4a misalignsse 3dnowprefetch osvw ibs skinit wdt hw_pstate npt lbrv svm_lock nrip_save
bogomips	: 6400.02
TLB size	: 1024 4K pages
clflush size	: 64
cache_alignment	: 64
address sizes	: 48 bits physical, 48 bits virtual
power management: ts ttp tm stc 100mhzsteps hwpstate

processor	: 1
vendor_id	: AuthenticAMD
cpu family	: 16
model		: 4
model name	: AMD Phenom(tm) II X4 955 Processor
stepping	: 2
microcode	: 0x1000086
cpu MHz		: 800.000
cache size	: 512 KB
physical id	: 0
siblings	: 4
core id		: 1
cpu cores	: 4
apicid		: 1
initial apicid	: 1
fpu		: yes
fpu_exception	: yes
cpuid level	: 5
wp		: yes
flags		: fpu vme de pse tsc msr pae mce cx8 apic sep mtrr pge mca cmov pat pse36 clflush mmx fxsr sse sse2 ht syscall nx mmxext fxsr_opt pdpe1gb rdtscp lm 3dnowext 3dnow constant_tsc rep_good nopl nonstop_tsc extd_apicid pni monitor cx16 popcnt lahf_lm cmp_legacy svm extapic cr8_legacy abm sse4a misalignsse 3dnowprefetch osvw ibs skinit wdt hw_pstate npt lbrv svm_lock nrip_save
bogomips	: 6400.02
TLB size	: 1024 4K pages
clflush size	: 64
cache_alignment	: 64
address sizes	: 48 bits physical, 48 bits virtual
power management: ts ttp tm stc 100mhzsteps hwpstate

processor	: 2
vendor_id	: AuthenticAMD
cpu family	: 16
model		: 4
model name	: AMD Phenom(tm) II X4 955 Processor
stepping	: 2
microcode	: 0x1000086
cpu MHz		: 3200.000
cache size	: 512 KB
physical id	: 0
siblings	: 4
core id		: 2
cpu cores	: 4
apicid		: 2
initial apicid	: 2
fpu		: yes
fpu_exception	: yes
cpuid level	: 5
wp		: yes
flags		: fpu vme de pse tsc msr pae mce cx8 apic sep mtrr pge mca cmov pat pse36 clflush mmx fxsr sse sse2 ht syscall nx mmxext fxsr_opt pdpe1gb rdtscp lm 3dnowext 3dnow constant_tsc rep_good nopl nonstop_tsc extd_apicid pni monitor cx16 popcnt lahf_lm cmp_legacy svm extapic cr8_legacy abm sse4a misalignsse 3dnowprefetch osvw ibs skinit wdt hw_pstate npt lbrv svm_lock nrip_save
bogomips	: 6400.02
TLB size	: 1024 4K pages
clflush size	: 64
cache_alignment	: 64
address sizes	: 48 bits physical, 48 bits virtual
power management: ts ttp tm stc 100mhzsteps hwpstate

processor	: 3
vendor_id	: AuthenticAMD
cpu family	: 16
model		: 4
model name	: AMD Phenom(tm) II X4 955 Processor
stepping	: 2
microcode	: 0x1000086
cpu MHz		: 800.000
cache size	: 512 KB
physical id	: 0
siblings	: 4
core id		: 3
cpu cores	: 4
apicid		: 3
initial apicid	: 3
fpu		: yes
fpu_exception	: yes
cpuid level	: 5
wp		: yes
flags		: fpu vme de pse tsc msr pae mce cx8 apic sep mtrr pge mca cmov pat pse36 clflush mmx fxsr sse sse2 ht syscall nx mmxext fxsr_opt pdpe1gb rdtscp lm 3dnowext 3dnow constant_tsc rep_good nopl nonstop_tsc extd_apicid pni monitor cx16 popcnt lahf_lm cmp_legacy svm extapic cr8_legacy abm sse4a misalignsse 3dnowprefetch osvw ibs skinit wdt hw_pstate npt lbrv svm_lock nrip_save
bogomips	: 6400.02
TLB size	: 1024 4K pages
clflush size	: 64
cache_alignment	: 64
address sizes	: 48 bits physical, 48 bits virtual
power management: ts ttp tm stc 100mhzsteps hwpstate



Memory: 4k page, physical 4048044k(119852k free), swap 0k(0k free)

vm_info: Java HotSpot(TM) 64-Bit Server VM (25.45-b02) for linux-amd64 JRE (1.8.0_45-b14), built on Apr 10 2015 10:07:45 by "java_re" with gcc 4.3.0 20080428 (Red Hat 4.3.0-8)

time: Sat May 30 14:35:38 2015
elapsed time: 12 seconds (0d 0h 0m 12s)

