#
# There is insufficient memory for the Java Runtime Environment to continue.
# Native memory allocation (mmap) failed to map 128974848 bytes for committing reserved memory.
# Possible reasons:
#   The system is out of physical RAM or swap space
#   In 32 bit mode, the process size limit was hit
# Possible solutions:
#   Reduce memory load on the system
#   Increase physical memory or swap space
#   Check if swap backing store is full
#   Use 64 bit Java on a 64 bit OS
#   Decrease Java heap size (-Xmx/-Xms)
#   Decrease number of Java threads
#   Decrease Java thread stack sizes (-Xss)
#   Set larger code cache with -XX:ReservedCodeCacheSize=
# This output file may be truncated or incomplete.
#
#  Out of Memory Error (os_linux.cpp:2673), pid=26910, tid=140425447859968
#
# JRE version: Java(TM) SE Runtime Environment (8.0_45-b14) (build 1.8.0_45-b14)
# Java VM: Java HotSpot(TM) 64-Bit Server VM (25.45-b02 mixed mode linux-amd64 compressed oops)
# Failed to write core dump. Core dumps have been disabled. To enable core dumping, try "ulimit -c unlimited" before starting Java again
#

---------------  T H R E A D  ---------------

Current thread (0x00007fb768079800):  VMThread [stack: 0x00007fb758dfe000,0x00007fb758eff000] [id=26920]

Stack: [0x00007fb758dfe000,0x00007fb758eff000],  sp=0x00007fb758efd1e0,  free space=1020k
Native frames: (J=compiled Java code, j=interpreted, Vv=VM code, C=native code)
V  [libjvm.so+0xaac99a]  VMError::report_and_die()+0x2ba
V  [libjvm.so+0x4f333b]  report_vm_out_of_memory(char const*, int, unsigned long, VMErrorType, char const*)+0x8b
V  [libjvm.so+0x90e7c3]  os::Linux::commit_memory_impl(char*, unsigned long, bool)+0x103
V  [libjvm.so+0x90ed19]  os::pd_commit_memory(char*, unsigned long, unsigned long, bool)+0x29
V  [libjvm.so+0x90867a]  os::commit_memory(char*, unsigned long, unsigned long, bool)+0x2a
V  [libjvm.so+0x97bac3]  PSVirtualSpace::expand_by(unsigned long)+0x53
V  [libjvm.so+0x97cec8]  PSYoungGen::resize_generation(unsigned long, unsigned long)+0xf8
V  [libjvm.so+0x97c022]  PSYoungGen::resize(unsigned long, unsigned long)+0x22
V  [libjvm.so+0x9792fb]  PSScavenge::invoke_no_policy()+0xf7b
V  [libjvm.so+0x979a81]  PSScavenge::invoke()+0x41
V  [libjvm.so+0x932050]  ParallelScavengeHeap::failed_mem_allocate(unsigned long)+0x70
V  [libjvm.so+0xaae1d7]  VM_ParallelGCFailedAllocation::doit()+0x97
V  [libjvm.so+0xab59c5]  VM_Operation::evaluate()+0x55
V  [libjvm.so+0xab3d9a]  VMThread::evaluate_operation(VM_Operation*)+0xba
V  [libjvm.so+0xab411e]  VMThread::loop()+0x1ce
V  [libjvm.so+0xab4590]  VMThread::run()+0x70
V  [libjvm.so+0x910de8]  java_start(Thread*)+0x108

VM_Operation (0x00007fb771628090): ParallelGCFailedAllocation, mode: safepoint, requested by thread 0x00007fb76800b800


---------------  P R O C E S S  ---------------

Java Threads: ( => current thread )
  0x00007fb7680ea000 JavaThread "Service Thread" daemon [_thread_blocked, id=26927, stack(0x00007fb75842e000,0x00007fb75852f000)]
  0x00007fb7680bc800 JavaThread "C1 CompilerThread2" daemon [_thread_blocked, id=26926, stack(0x00007fb75852f000,0x00007fb758630000)]
  0x00007fb7680bb000 JavaThread "C2 CompilerThread1" daemon [_thread_blocked, id=26925, stack(0x00007fb758630000,0x00007fb758731000)]
  0x00007fb7680b8000 JavaThread "C2 CompilerThread0" daemon [_thread_blocked, id=26924, stack(0x00007fb758731000,0x00007fb758832000)]
  0x00007fb7680b6800 JavaThread "Signal Dispatcher" daemon [_thread_blocked, id=26923, stack(0x00007fb758832000,0x00007fb758933000)]
  0x00007fb768080800 JavaThread "Finalizer" daemon [_thread_blocked, id=26922, stack(0x00007fb758bfc000,0x00007fb758cfd000)]
  0x00007fb76807e800 JavaThread "Reference Handler" daemon [_thread_blocked, id=26921, stack(0x00007fb758cfd000,0x00007fb758dfe000)]
  0x00007fb76800b800 JavaThread "main" [_thread_blocked, id=26915, stack(0x00007fb771529000,0x00007fb77162a000)]

Other Threads:
=>0x00007fb768079800 VMThread [stack: 0x00007fb758dfe000,0x00007fb758eff000] [id=26920]
  0x00007fb7680ec800 WatcherThread [stack: 0x00007fb75832d000,0x00007fb75842e000] [id=26928]

VM state:at safepoint (normal execution)

VM Mutex/Monitor currently owned by a thread:  ([mutex/lock_event])
[0x00007fb768007df0] Threads_lock - owner thread: 0x00007fb768079800
[0x00007fb7680082f0] Heap_lock - owner thread: 0x00007fb76800b800

Heap:
 PSYoungGen      total 138240K, used 6562K [0x00000000eab00000, 0x00000000f3d00000, 0x0000000100000000)
  eden space 126976K, 0% used [0x00000000eab00000,0x00000000eab00000,0x00000000f2700000)
  from space 11264K, 58% used [0x00000000f2700000,0x00000000f2d68860,0x00000000f3200000)
  to   space 11264K, 0% used [0x00000000f3200000,0x00000000f3200000,0x00000000f3d00000)
 ParOldGen       total 42496K, used 22444K [0x00000000c0000000, 0x00000000c2980000, 0x00000000eab00000)
  object space 42496K, 52% used [0x00000000c0000000,0x00000000c15eb1e8,0x00000000c2980000)
 Metaspace       used 7766K, capacity 7966K, committed 8320K, reserved 1056768K
  class space    used 754K, capacity 785K, committed 896K, reserved 1048576K

Card table byte_map: [0x00007fb76e108000,0x00007fb76e309000] byte_map_base: 0x00007fb76db08000

Marking Bits: (ParMarkBitMap*) 0x00007fb770a06760
 Begin Bits: [0x00007fb752000000, 0x00007fb753000000)
 End Bits:   [0x00007fb753000000, 0x00007fb754000000)

Polling page: 0x00007fb77164d000

CodeCache: size=245760Kb used=8666Kb max_used=8666Kb free=237093Kb
 bounds [0x00007fb759000000, 0x00007fb759880000, 0x00007fb768000000]
 total_blobs=2763 nmethods=2467 adapters=210
 compilation: enabled

Compilation events (10 events):
Event: 2.160 Thread 0x00007fb7680bc800 2492       2       com.android.dx.merge.IndexMap::putAnnotationSetRefListOffset (33 bytes)
Event: 2.161 Thread 0x00007fb7680bc800 nmethod 2492 0x00007fb759862610 code [0x00007fb7598627c0, 0x00007fb759862bc8]
Event: 2.217 Thread 0x00007fb7680bc800 2497       2       java.util.regex.Pattern$Curly::match0 (174 bytes)
Event: 2.219 Thread 0x00007fb7680bc800 nmethod 2497 0x00007fb759878890 code [0x00007fb759878a60, 0x00007fb759878ef8]
Event: 2.219 Thread 0x00007fb7680bc800 2499       2       sun.nio.cs.UTF_8$Encoder::encodeArrayLoop (489 bytes)
Event: 2.318 Thread 0x00007fb7680bc800 nmethod 2499 0x00007fb759879150 code [0x00007fb759879560, 0x00007fb75987a888]
Event: 2.318 Thread 0x00007fb7680bc800 2498       2       java.util.Locale::hashCode (41 bytes)
Event: 2.319 Thread 0x00007fb7680bc800 nmethod 2498 0x00007fb75987c610 code [0x00007fb75987c780, 0x00007fb75987c978]
Event: 2.339 Thread 0x00007fb7680bc800 2501       3       java.util.HashMap::putVal (300 bytes)
Event: 2.357 Thread 0x00007fb7680bc800 nmethod 2501 0x00007fb75987ca90 code [0x00007fb75987cd00, 0x00007fb75987df98]

GC Heap History (10 events):
Event: 0.921 GC heap after
Heap after GC invocations=2 (full 0):
 PSYoungGen      total 34304K, used 2548K [0x00000000eab00000, 0x00000000ecf00000, 0x0000000100000000)
  eden space 31744K, 0% used [0x00000000eab00000,0x00000000eab00000,0x00000000eca00000)
  from space 2560K, 99% used [0x00000000ecc80000,0x00000000ecefd1c0,0x00000000ecf00000)
  to   space 2560K, 0% used [0x00000000eca00000,0x00000000eca00000,0x00000000ecc80000)
 ParOldGen       total 42496K, used 5792K [0x00000000c0000000, 0x00000000c2980000, 0x00000000eab00000)
  object space 42496K, 13% used [0x00000000c0000000,0x00000000c05a80d8,0x00000000c2980000)
 Metaspace       used 5568K, capacity 6896K, committed 7040K, reserved 1056768K
  class space    used 539K, capacity 616K, committed 640K, reserved 1048576K
}
Event: 1.287 GC heap before
{Heap before GC invocations=3 (full 0):
 PSYoungGen      total 34304K, used 34292K [0x00000000eab00000, 0x00000000ecf00000, 0x0000000100000000)
  eden space 31744K, 100% used [0x00000000eab00000,0x00000000eca00000,0x00000000eca00000)
  from space 2560K, 99% used [0x00000000ecc80000,0x00000000ecefd1c0,0x00000000ecf00000)
  to   space 2560K, 0% used [0x00000000eca00000,0x00000000eca00000,0x00000000ecc80000)
 ParOldGen       total 42496K, used 5792K [0x00000000c0000000, 0x00000000c2980000, 0x00000000eab00000)
  object space 42496K, 13% used [0x00000000c0000000,0x00000000c05a80d8,0x00000000c2980000)
 Metaspace       used 6583K, capacity 7440K, committed 7680K, reserved 1056768K
  class space    used 624K, capacity 648K, committed 768K, reserved 1048576K
Event: 1.306 GC heap after
Heap after GC invocations=3 (full 0):
 PSYoungGen      total 34304K, used 2547K [0x00000000eab00000, 0x00000000eee00000, 0x0000000100000000)
  eden space 31744K, 0% used [0x00000000eab00000,0x00000000eab00000,0x00000000eca00000)
  from space 2560K, 99% used [0x00000000eca00000,0x00000000ecc7cf10,0x00000000ecc80000)
  to   space 2560K, 0% used [0x00000000eeb80000,0x00000000eeb80000,0x00000000eee00000)
 ParOldGen       total 42496K, used 13692K [0x00000000c0000000, 0x00000000c2980000, 0x00000000eab00000)
  object space 42496K, 32% used [0x00000000c0000000,0x00000000c0d5f088,0x00000000c2980000)
 Metaspace       used 6583K, capacity 7440K, committed 7680K, reserved 1056768K
  class space    used 624K, capacity 648K, committed 768K, reserved 1048576K
}
Event: 1.554 GC heap before
{Heap before GC invocations=4 (full 0):
 PSYoungGen      total 34304K, used 34291K [0x00000000eab00000, 0x00000000eee00000, 0x0000000100000000)
  eden space 31744K, 100% used [0x00000000eab00000,0x00000000eca00000,0x00000000eca00000)
  from space 2560K, 99% used [0x00000000eca00000,0x00000000ecc7cf10,0x00000000ecc80000)
  to   space 2560K, 0% used [0x00000000eeb80000,0x00000000eeb80000,0x00000000eee00000)
 ParOldGen       total 42496K, used 13692K [0x00000000c0000000, 0x00000000c2980000, 0x00000000eab00000)
  object space 42496K, 32% used [0x00000000c0000000,0x00000000c0d5f088,0x00000000c2980000)
 Metaspace       used 7623K, capacity 7928K, committed 8192K, reserved 1056768K
  class space    used 744K, capacity 752K, committed 768K, reserved 1048576K
Event: 1.565 GC heap after
Heap after GC invocations=4 (full 0):
 PSYoungGen      total 66048K, used 2535K [0x00000000eab00000, 0x00000000eee00000, 0x0000000100000000)
  eden space 63488K, 0% used [0x00000000eab00000,0x00000000eab00000,0x00000000ee900000)
  from space 2560K, 99% used [0x00000000eeb80000,0x00000000eedf9c50,0x00000000eee00000)
  to   space 2560K, 0% used [0x00000000ee900000,0x00000000ee900000,0x00000000eeb80000)
 ParOldGen       total 42496K, used 15491K [0x00000000c0000000, 0x00000000c2980000, 0x00000000eab00000)
  object space 42496K, 36% used [0x00000000c0000000,0x00000000c0f20cc0,0x00000000c2980000)
 Metaspace       used 7623K, capacity 7928K, committed 8192K, reserved 1056768K
  class space    used 744K, capacity 752K, committed 768K, reserved 1048576K
}
Event: 1.764 GC heap before
{Heap before GC invocations=5 (full 0):
 PSYoungGen      total 66048K, used 66023K [0x00000000eab00000, 0x00000000eee00000, 0x0000000100000000)
  eden space 63488K, 100% used [0x00000000eab00000,0x00000000ee900000,0x00000000ee900000)
  from space 2560K, 99% used [0x00000000eeb80000,0x00000000eedf9c50,0x00000000eee00000)
  to   space 2560K, 0% used [0x00000000ee900000,0x00000000ee900000,0x00000000eeb80000)
 ParOldGen       total 42496K, used 15491K [0x00000000c0000000, 0x00000000c2980000, 0x00000000eab00000)
  object space 42496K, 36% used [0x00000000c0000000,0x00000000c0f20cc0,0x00000000c2980000)
 Metaspace       used 7751K, capacity 7966K, committed 8320K, reserved 1056768K
  class space    used 754K, capacity 785K, committed 896K, reserved 1048576K
Event: 1.777 GC heap after
Heap after GC invocations=5 (full 0):
 PSYoungGen      total 66048K, used 2554K [0x00000000eab00000, 0x00000000f3d00000, 0x0000000100000000)
  eden space 63488K, 0% used [0x00000000eab00000,0x00000000eab00000,0x00000000ee900000)
  from space 2560K, 99% used [0x00000000ee900000,0x00000000eeb7ebf8,0x00000000eeb80000)
  to   space 11264K, 0% used [0x00000000f3200000,0x00000000f3200000,0x00000000f3d00000)
 ParOldGen       total 42496K, used 20478K [0x00000000c0000000, 0x00000000c2980000, 0x00000000eab00000)
  object space 42496K, 48% used [0x00000000c0000000,0x00000000c13ff9a8,0x00000000c2980000)
 Metaspace       used 7751K, capacity 7966K, committed 8320K, reserved 1056768K
  class space    used 754K, capacity 785K, committed 896K, reserved 1048576K
}
Event: 1.936 GC heap before
{Heap before GC invocations=6 (full 0):
 PSYoungGen      total 66048K, used 66042K [0x00000000eab00000, 0x00000000f3d00000, 0x0000000100000000)
  eden space 63488K, 100% used [0x00000000eab00000,0x00000000ee900000,0x00000000ee900000)
  from space 2560K, 99% used [0x00000000ee900000,0x00000000eeb7ebf8,0x00000000eeb80000)
  to   space 11264K, 0% used [0x00000000f3200000,0x00000000f3200000,0x00000000f3d00000)
 ParOldGen       total 42496K, used 20478K [0x00000000c0000000, 0x00000000c2980000, 0x00000000eab00000)
  object space 42496K, 48% used [0x00000000c0000000,0x00000000c13ff9a8,0x00000000c2980000)
 Metaspace       used 7759K, capacity 7966K, committed 8320K, reserved 1056768K
  class space    used 754K, capacity 785K, committed 896K, reserved 1048576K
Event: 1.949 GC heap after
Heap after GC invocations=6 (full 0):
 PSYoungGen      total 138240K, used 8361K [0x00000000eab00000, 0x00000000f3d00000, 0x0000000100000000)
  eden space 126976K, 0% used [0x00000000eab00000,0x00000000eab00000,0x00000000f2700000)
  from space 11264K, 74% used [0x00000000f3200000,0x00000000f3a2a5a0,0x00000000f3d00000)
  to   space 11264K, 0% used [0x00000000f2700000,0x00000000f2700000,0x00000000f3200000)
 ParOldGen       total 42496K, used 20486K [0x00000000c0000000, 0x00000000c2980000, 0x00000000eab00000)
  object space 42496K, 48% used [0x00000000c0000000,0x00000000c14019a8,0x00000000c2980000)
 Metaspace       used 7759K, capacity 7966K, committed 8320K, reserved 1056768K
  class space    used 754K, capacity 785K, committed 896K, reserved 1048576K
}
Event: 2.384 GC heap before
{Heap before GC invocations=7 (full 0):
 PSYoungGen      total 138240K, used 135337K [0x00000000eab00000, 0x00000000f3d00000, 0x0000000100000000)
  eden space 126976K, 100% used [0x00000000eab00000,0x00000000f2700000,0x00000000f2700000)
  from space 11264K, 74% used [0x00000000f3200000,0x00000000f3a2a5a0,0x00000000f3d00000)
  to   space 11264K, 0% used [0x00000000f2700000,0x00000000f2700000,0x00000000f3200000)
 ParOldGen       total 42496K, used 20486K [0x00000000c0000000, 0x00000000c2980000, 0x00000000eab00000)
  object space 42496K, 48% used [0x00000000c0000000,0x00000000c14019a8,0x00000000c2980000)
 Metaspace       used 7766K, capacity 7966K, committed 8320K, reserved 1056768K
  class space    used 754K, capacity 785K, committed 896K, reserved 1048576K

Deoptimization events (10 events):
Event: 1.316 Thread 0x00007fb76800b800 Uncommon trap: reason=unstable_if action=reinterpret pc=0x00007fb7596815a4 method=java.util.HashMap.putVal(ILjava/lang/Object;Ljava/lang/Object;ZZ)Ljava/lang/Object; @ 162
Event: 1.383 Thread 0x00007fb76800b800 Uncommon trap: reason=unstable_if action=reinterpret pc=0x00007fb7596957b8 method=sun.misc.MetaIndex.mayContain(Ljava/lang/String;)Z @ 13
Event: 1.405 Thread 0x00007fb76800b800 Uncommon trap: reason=predicate action=maybe_recompile pc=0x00007fb75971df7c method=com.android.dex.Leb128.readUnsignedLeb128(Lcom/android/dex/util/ByteInput;)I @ 41
Event: 1.411 Thread 0x00007fb76800b800 Uncommon trap: reason=unstable_if action=reinterpret pc=0x00007fb75959be54 method=java.util.HashMap.getNode(ILjava/lang/Object;)Ljava/util/HashMap$Node; @ 84
Event: 1.411 Thread 0x00007fb76800b800 Uncommon trap: reason=unstable_if action=reinterpret pc=0x00007fb759591bb8 method=java.util.HashMap.getNode(ILjava/lang/Object;)Ljava/util/HashMap$Node; @ 84
Event: 1.419 Thread 0x00007fb76800b800 Uncommon trap: reason=unstable_if action=reinterpret pc=0x00007fb75972b994 method=com.android.dx.merge.IndexMap.adjustString(I)I @ 2
Event: 1.453 Thread 0x00007fb76800b800 Uncommon trap: reason=unstable_if action=reinterpret pc=0x00007fb759741260 method=com.android.dex.FieldId.compareTo(Lcom/android/dex/FieldId;)I @ 8
Event: 1.496 Thread 0x00007fb76800b800 Uncommon trap: reason=unstable_if action=reinterpret pc=0x00007fb75973f714 method=com.android.dex.FieldId.compareTo(Lcom/android/dex/FieldId;)I @ 8
Event: 1.832 Thread 0x00007fb76800b800 Uncommon trap: reason=unstable_if action=reinterpret pc=0x00007fb7597e7628 method=com.android.dex.EncodedValueCodec.readUnsignedInt(Lcom/android/dex/util/ByteInput;IZ)I @ 3
Event: 2.062 Thread 0x00007fb76800b800 Uncommon trap: reason=unstable_if action=reinterpret pc=0x00007fb759816e28 method=java.util.HashMap$TreeNode.balanceInsertion(Ljava/util/HashMap$TreeNode;Ljava/util/HashMap$TreeNode;)Ljava/util/HashMap$TreeNode; @ 189

Internal exceptions (7 events):
Event: 0.064 Thread 0x00007fb76800b800 Exception <a 'java/lang/NoSuchMethodError': Method sun.misc.Unsafe.defineClass(Ljava/lang/String;[BII)Ljava/lang/Class; name or signature does not match> (0x00000000eab12830) thrown at [/RE-WORK/workspace/8-2-build-linux-amd64/jdk8u45/3457/hotspot/src/sha
Event: 0.064 Thread 0x00007fb76800b800 Exception <a 'java/lang/NoSuchMethodError': Method sun.misc.Unsafe.prefetchRead(Ljava/lang/Object;J)V name or signature does not match> (0x00000000eab12ac0) thrown at [/RE-WORK/workspace/8-2-build-linux-amd64/jdk8u45/3457/hotspot/src/share/vm/prims/jni.cp
Event: 0.931 Thread 0x00007fb76800b800 Implicit null exception at 0x00007fb7595247e2 to 0x00007fb759524882
Event: 1.383 Thread 0x00007fb76800b800 Exception <a 'java/security/PrivilegedActionException'> (0x00000000ead7b9b8) thrown at [/RE-WORK/workspace/8-2-build-linux-amd64/jdk8u45/3457/hotspot/src/share/vm/prims/jvm.cpp, line 1382]
Event: 1.383 Thread 0x00007fb76800b800 Exception <a 'java/security/PrivilegedActionException'> (0x00000000ead7bd00) thrown at [/RE-WORK/workspace/8-2-build-linux-amd64/jdk8u45/3457/hotspot/src/share/vm/prims/jvm.cpp, line 1382]
Event: 1.384 Thread 0x00007fb76800b800 Exception <a 'java/security/PrivilegedActionException'> (0x00000000ead7e1b0) thrown at [/RE-WORK/workspace/8-2-build-linux-amd64/jdk8u45/3457/hotspot/src/share/vm/prims/jvm.cpp, line 1382]
Event: 1.384 Thread 0x00007fb76800b800 Exception <a 'java/security/PrivilegedActionException'> (0x00000000ead7e4f8) thrown at [/RE-WORK/workspace/8-2-build-linux-amd64/jdk8u45/3457/hotspot/src/share/vm/prims/jvm.cpp, line 1382]

Events (10 events):
Event: 1.832 Thread 0x00007fb76800b800 DEOPT PACKING pc=0x00007fb7597e7628 sp=0x00007fb7716282a0
Event: 1.832 Thread 0x00007fb76800b800 DEOPT UNPACKING pc=0x00007fb759005229 sp=0x00007fb771628278 mode 2
Event: 1.936 Executing VM operation: ParallelGCFailedAllocation
Event: 1.949 Executing VM operation: ParallelGCFailedAllocation done
Event: 2.009 Thread 0x00007fb76800b800 DEOPT PACKING pc=0x00007fb75976f108 sp=0x00007fb7716283b0
Event: 2.009 Thread 0x00007fb76800b800 DEOPT UNPACKING pc=0x00007fb759047233 sp=0x00007fb7716280c8 mode 0
Event: 2.062 Thread 0x00007fb76800b800 Uncommon trap: trap_request=0xffffff65 fr.pc=0x00007fb759816e28
Event: 2.062 Thread 0x00007fb76800b800 DEOPT PACKING pc=0x00007fb759816e28 sp=0x00007fb771628390
Event: 2.062 Thread 0x00007fb76800b800 DEOPT UNPACKING pc=0x00007fb759005229 sp=0x00007fb771628188 mode 2
Event: 2.384 Executing VM operation: ParallelGCFailedAllocation


Dynamic libraries:
00400000-00401000 r-xp 00000000 08:03 1572315                            /opt/java/jdk1.8.0_45/bin/java
00600000-00601000 rw-p 00000000 08:03 1572315                            /opt/java/jdk1.8.0_45/bin/java
00892000-008b3000 rw-p 00000000 00:00 0                                  [heap]
c0000000-c2980000 rw-p 00000000 00:00 0 
c2980000-eab00000 ---p 00000000 00:00 0 
eab00000-f3d00000 rw-p 00000000 00:00 0 
fb800000-100000000 ---p 00000000 00:00 0 
100000000-1000e0000 rw-p 00000000 00:00 0 
1000e0000-140000000 ---p 00000000 00:00 0 
7fb720000000-7fb720021000 rw-p 00000000 00:00 0 
7fb720021000-7fb724000000 ---p 00000000 00:00 0 
7fb724000000-7fb724021000 rw-p 00000000 00:00 0 
7fb724021000-7fb728000000 ---p 00000000 00:00 0 
7fb728000000-7fb7291bb000 rw-p 00000000 00:00 0 
7fb7291bb000-7fb72c000000 ---p 00000000 00:00 0 
7fb72c000000-7fb72c763000 rw-p 00000000 00:00 0 
7fb72c763000-7fb730000000 ---p 00000000 00:00 0 
7fb730000000-7fb730021000 rw-p 00000000 00:00 0 
7fb730021000-7fb734000000 ---p 00000000 00:00 0 
7fb734000000-7fb734c6e000 rw-p 00000000 00:00 0 
7fb734c6e000-7fb738000000 ---p 00000000 00:00 0 
7fb738000000-7fb738021000 rw-p 00000000 00:00 0 
7fb738021000-7fb73c000000 ---p 00000000 00:00 0 
7fb73c000000-7fb73c021000 rw-p 00000000 00:00 0 
7fb73c021000-7fb740000000 ---p 00000000 00:00 0 
7fb740000000-7fb740021000 rw-p 00000000 00:00 0 
7fb740021000-7fb744000000 ---p 00000000 00:00 0 
7fb744000000-7fb74428a000 rw-p 00000000 00:00 0 
7fb74428a000-7fb748000000 ---p 00000000 00:00 0 
7fb748000000-7fb748021000 rw-p 00000000 00:00 0 
7fb748021000-7fb74c000000 ---p 00000000 00:00 0 
7fb74c000000-7fb74c021000 rw-p 00000000 00:00 0 
7fb74c021000-7fb750000000 ---p 00000000 00:00 0 
7fb752000000-7fb754000000 rw-p 00000000 00:00 0 
7fb754000000-7fb754021000 rw-p 00000000 00:00 0 
7fb754021000-7fb758000000 ---p 00000000 00:00 0 
7fb75832d000-7fb75832e000 ---p 00000000 00:00 0 
7fb75832e000-7fb75842e000 rw-p 00000000 00:00 0                          [stack:26928]
7fb75842e000-7fb758431000 ---p 00000000 00:00 0 
7fb758431000-7fb75852f000 rw-p 00000000 00:00 0                          [stack:26927]
7fb75852f000-7fb758532000 ---p 00000000 00:00 0 
7fb758532000-7fb758630000 rw-p 00000000 00:00 0                          [stack:26926]
7fb758630000-7fb758633000 ---p 00000000 00:00 0 
7fb758633000-7fb758731000 rw-p 00000000 00:00 0                          [stack:26925]
7fb758731000-7fb758734000 ---p 00000000 00:00 0 
7fb758734000-7fb758832000 rw-p 00000000 00:00 0                          [stack:26924]
7fb758832000-7fb758835000 ---p 00000000 00:00 0 
7fb758835000-7fb758933000 rw-p 00000000 00:00 0                          [stack:26923]
7fb758933000-7fb758bfc000 r--p 00000000 08:03 266989                     /usr/lib/locale/locale-archive
7fb758bfc000-7fb758bff000 ---p 00000000 00:00 0 
7fb758bff000-7fb758cfd000 rw-p 00000000 00:00 0                          [stack:26922]
7fb758cfd000-7fb758d00000 ---p 00000000 00:00 0 
7fb758d00000-7fb758dfe000 rw-p 00000000 00:00 0                          [stack:26921]
7fb758dfe000-7fb758dff000 ---p 00000000 00:00 0 
7fb758dff000-7fb759000000 rw-p 00000000 00:00 0                          [stack:26920]
7fb759000000-7fb759880000 rwxp 00000000 00:00 0 
7fb759880000-7fb768000000 ---p 00000000 00:00 0 
7fb768000000-7fb768400000 rw-p 00000000 00:00 0 
7fb768400000-7fb76c000000 ---p 00000000 00:00 0 
7fb76c076000-7fb76c081000 r--s 00116000 08:03 1574017                    /opt/java/jdk1.8.0_45/jre/lib/ext/localedata.jar
7fb76c081000-7fb76c09d000 r--s 00393000 08:03 1574015                    /opt/java/jdk1.8.0_45/jre/lib/ext/cldrdata.jar
7fb76c09d000-7fb76c0ac000 r--s 000dd000 00:1a 9438599                    /home/mike/Android/Sdk/build-tools/22.0.1/lib/dx.jar
7fb76c0ac000-7fb76cf5f000 rw-p 00000000 00:00 0 
7fb76cf5f000-7fb76d138000 r--s 03d09000 08:03 1573810                    /opt/java/jdk1.8.0_45/jre/lib/rt.jar
7fb76d138000-7fb76d8ee000 rw-p 00000000 00:00 0 
7fb76d8ee000-7fb76d9ae000 ---p 00000000 00:00 0 
7fb76d9ae000-7fb76dbae000 rw-p 00000000 00:00 0 
7fb76dbae000-7fb76dbaf000 ---p 00000000 00:00 0 
7fb76dbaf000-7fb76dcaf000 rw-p 00000000 00:00 0                          [stack:26919]
7fb76dcaf000-7fb76dcb0000 ---p 00000000 00:00 0 
7fb76dcb0000-7fb76ddb0000 rw-p 00000000 00:00 0                          [stack:26918]
7fb76ddb0000-7fb76ddb1000 ---p 00000000 00:00 0 
7fb76ddb1000-7fb76deb1000 rw-p 00000000 00:00 0                          [stack:26917]
7fb76deb1000-7fb76deb2000 ---p 00000000 00:00 0 
7fb76deb2000-7fb76dfc7000 rw-p 00000000 00:00 0                          [stack:26916]
7fb76dfc7000-7fb76e108000 ---p 00000000 00:00 0 
7fb76e108000-7fb76e11d000 rw-p 00000000 00:00 0 
7fb76e11d000-7fb76e25d000 ---p 00000000 00:00 0 
7fb76e25d000-7fb76e2a7000 rw-p 00000000 00:00 0 
7fb76e2a7000-7fb76e308000 ---p 00000000 00:00 0 
7fb76e308000-7fb76e32b000 rw-p 00000000 00:00 0 
7fb76e32b000-7fb76e6c9000 ---p 00000000 00:00 0 
7fb76e6c9000-7fb76e6e3000 r-xp 00000000 08:03 1574049                    /opt/java/jdk1.8.0_45/jre/lib/amd64/libzip.so
7fb76e6e3000-7fb76e8e3000 ---p 0001a000 08:03 1574049                    /opt/java/jdk1.8.0_45/jre/lib/amd64/libzip.so
7fb76e8e3000-7fb76e8e4000 rw-p 0001a000 08:03 1574049                    /opt/java/jdk1.8.0_45/jre/lib/amd64/libzip.so
7fb76e8e4000-7fb76e8ef000 r-xp 00000000 08:03 131807                     /lib/x86_64-linux-gnu/libnss_files-2.19.so
7fb76e8ef000-7fb76eaee000 ---p 0000b000 08:03 131807                     /lib/x86_64-linux-gnu/libnss_files-2.19.so
7fb76eaee000-7fb76eaef000 r--p 0000a000 08:03 131807                     /lib/x86_64-linux-gnu/libnss_files-2.19.so
7fb76eaef000-7fb76eaf0000 rw-p 0000b000 08:03 131807                     /lib/x86_64-linux-gnu/libnss_files-2.19.so
7fb76eaf0000-7fb76eafb000 r-xp 00000000 08:03 131871                     /lib/x86_64-linux-gnu/libnss_nis-2.19.so
7fb76eafb000-7fb76ecfa000 ---p 0000b000 08:03 131871                     /lib/x86_64-linux-gnu/libnss_nis-2.19.so
7fb76ecfa000-7fb76ecfb000 r--p 0000a000 08:03 131871                     /lib/x86_64-linux-gnu/libnss_nis-2.19.so
7fb76ecfb000-7fb76ecfc000 rw-p 0000b000 08:03 131871                     /lib/x86_64-linux-gnu/libnss_nis-2.19.so
7fb76ecfc000-7fb76ed13000 r-xp 00000000 08:03 131829                     /lib/x86_64-linux-gnu/libnsl-2.19.so
7fb76ed13000-7fb76ef12000 ---p 00017000 08:03 131829                     /lib/x86_64-linux-gnu/libnsl-2.19.so
7fb76ef12000-7fb76ef13000 r--p 00016000 08:03 131829                     /lib/x86_64-linux-gnu/libnsl-2.19.so
7fb76ef13000-7fb76ef14000 rw-p 00017000 08:03 131829                     /lib/x86_64-linux-gnu/libnsl-2.19.so
7fb76ef14000-7fb76ef16000 rw-p 00000000 00:00 0 
7fb76ef16000-7fb76ef1f000 r-xp 00000000 08:03 131828                     /lib/x86_64-linux-gnu/libnss_compat-2.19.so
7fb76ef1f000-7fb76f11e000 ---p 00009000 08:03 131828                     /lib/x86_64-linux-gnu/libnss_compat-2.19.so
7fb76f11e000-7fb76f11f000 r--p 00008000 08:03 131828                     /lib/x86_64-linux-gnu/libnss_compat-2.19.so
7fb76f11f000-7fb76f120000 rw-p 00009000 08:03 131828                     /lib/x86_64-linux-gnu/libnss_compat-2.19.so
7fb76f120000-7fb76f14a000 r-xp 00000000 08:03 1574040                    /opt/java/jdk1.8.0_45/jre/lib/amd64/libjava.so
7fb76f14a000-7fb76f34a000 ---p 0002a000 08:03 1574040                    /opt/java/jdk1.8.0_45/jre/lib/amd64/libjava.so
7fb76f34a000-7fb76f34c000 rw-p 0002a000 08:03 1574040                    /opt/java/jdk1.8.0_45/jre/lib/amd64/libjava.so
7fb76f34c000-7fb76f359000 r-xp 00000000 08:03 1574047                    /opt/java/jdk1.8.0_45/jre/lib/amd64/libverify.so
7fb76f359000-7fb76f559000 ---p 0000d000 08:03 1574047                    /opt/java/jdk1.8.0_45/jre/lib/amd64/libverify.so
7fb76f559000-7fb76f55b000 rw-p 0000d000 08:03 1574047                    /opt/java/jdk1.8.0_45/jre/lib/amd64/libverify.so
7fb76f55b000-7fb76f562000 r-xp 00000000 08:03 131868                     /lib/x86_64-linux-gnu/librt-2.19.so
7fb76f562000-7fb76f761000 ---p 00007000 08:03 131868                     /lib/x86_64-linux-gnu/librt-2.19.so
7fb76f761000-7fb76f762000 r--p 00006000 08:03 131868                     /lib/x86_64-linux-gnu/librt-2.19.so
7fb76f762000-7fb76f763000 rw-p 00007000 08:03 131868                     /lib/x86_64-linux-gnu/librt-2.19.so
7fb76f763000-7fb76f868000 r-xp 00000000 08:03 131806                     /lib/x86_64-linux-gnu/libm-2.19.so
7fb76f868000-7fb76fa67000 ---p 00105000 08:03 131806                     /lib/x86_64-linux-gnu/libm-2.19.so
7fb76fa67000-7fb76fa68000 r--p 00104000 08:03 131806                     /lib/x86_64-linux-gnu/libm-2.19.so
7fb76fa68000-7fb76fa69000 rw-p 00105000 08:03 131806                     /lib/x86_64-linux-gnu/libm-2.19.so
7fb76fa69000-7fb770717000 r-xp 00000000 08:03 1574060                    /opt/java/jdk1.8.0_45/jre/lib/amd64/server/libjvm.so
7fb770717000-7fb770916000 ---p 00cae000 08:03 1574060                    /opt/java/jdk1.8.0_45/jre/lib/amd64/server/libjvm.so
7fb770916000-7fb7709ed000 rw-p 00cad000 08:03 1574060                    /opt/java/jdk1.8.0_45/jre/lib/amd64/server/libjvm.so
7fb7709ed000-7fb770a31000 rw-p 00000000 00:00 0 
7fb770a31000-7fb770bec000 r-xp 00000000 08:03 131857                     /lib/x86_64-linux-gnu/libc-2.19.so
7fb770bec000-7fb770deb000 ---p 001bb000 08:03 131857                     /lib/x86_64-linux-gnu/libc-2.19.so
7fb770deb000-7fb770def000 r--p 001ba000 08:03 131857                     /lib/x86_64-linux-gnu/libc-2.19.so
7fb770def000-7fb770df1000 rw-p 001be000 08:03 131857                     /lib/x86_64-linux-gnu/libc-2.19.so
7fb770df1000-7fb770df6000 rw-p 00000000 00:00 0 
7fb770df6000-7fb770df9000 r-xp 00000000 08:03 131810                     /lib/x86_64-linux-gnu/libdl-2.19.so
7fb770df9000-7fb770ff8000 ---p 00003000 08:03 131810                     /lib/x86_64-linux-gnu/libdl-2.19.so
7fb770ff8000-7fb770ff9000 r--p 00002000 08:03 131810                     /lib/x86_64-linux-gnu/libdl-2.19.so
7fb770ff9000-7fb770ffa000 rw-p 00003000 08:03 131810                     /lib/x86_64-linux-gnu/libdl-2.19.so
7fb770ffa000-7fb77100f000 r-xp 00000000 08:03 1573749                    /opt/java/jdk1.8.0_45/lib/amd64/jli/libjli.so
7fb77100f000-7fb77120f000 ---p 00015000 08:03 1573749                    /opt/java/jdk1.8.0_45/lib/amd64/jli/libjli.so
7fb77120f000-7fb771210000 rw-p 00015000 08:03 1573749                    /opt/java/jdk1.8.0_45/lib/amd64/jli/libjli.so
7fb771210000-7fb771229000 r-xp 00000000 08:03 131858                     /lib/x86_64-linux-gnu/libpthread-2.19.so
7fb771229000-7fb771428000 ---p 00019000 08:03 131858                     /lib/x86_64-linux-gnu/libpthread-2.19.so
7fb771428000-7fb771429000 r--p 00018000 08:03 131858                     /lib/x86_64-linux-gnu/libpthread-2.19.so
7fb771429000-7fb77142a000 rw-p 00019000 08:03 131858                     /lib/x86_64-linux-gnu/libpthread-2.19.so
7fb77142a000-7fb77142e000 rw-p 00000000 00:00 0 
7fb77142e000-7fb771451000 r-xp 00000000 08:03 131833                     /lib/x86_64-linux-gnu/ld-2.19.so
7fb771452000-7fb771457000 r--s 00094000 08:03 1573828                    /opt/java/jdk1.8.0_45/jre/lib/jsse.jar
7fb771457000-7fb771529000 rw-p 00000000 00:00 0 
7fb771529000-7fb77152c000 ---p 00000000 00:00 0 
7fb77152c000-7fb77162f000 rw-p 00000000 00:00 0                          [stack:26915]
7fb77162f000-7fb771630000 r--p 00000000 08:03 672594                     /usr/share/locale-langpack/en_GB/LC_MESSAGES/libc.mo
7fb771630000-7fb771644000 rw-p 00000000 00:00 0 
7fb771644000-7fb77164c000 rw-s 00000000 08:03 1574163                    /tmp/hsperfdata_mike/26910
7fb77164c000-7fb77164d000 rw-p 00000000 00:00 0 
7fb77164d000-7fb77164e000 ---p 00000000 00:00 0 
7fb77164e000-7fb771650000 rw-p 00000000 00:00 0 
7fb771650000-7fb771651000 r--p 00022000 08:03 131833                     /lib/x86_64-linux-gnu/ld-2.19.so
7fb771651000-7fb771652000 rw-p 00023000 08:03 131833                     /lib/x86_64-linux-gnu/ld-2.19.so
7fb771652000-7fb771653000 rw-p 00000000 00:00 0 
7fffd9f1f000-7fffd9f41000 rw-p 00000000 00:00 0                          [stack]
7fffd9ffe000-7fffda000000 r-xp 00000000 00:00 0                          [vdso]
ffffffffff600000-ffffffffff601000 r-xp 00000000 00:00 0                  [vsyscall]

VM Arguments:
jvm_args: -Xmx1024M -Dfile.encoding=UTF-8 -Duser.country=GB -Duser.language=en -Duser.variant 
java_command: com.android.dx.command.Main --dex --output /home/mike/AndroidStudioProjects/Wordist/app/build/intermediates/dex/debug /home/mike/AndroidStudioProjects/Wordist/app/build/intermediates/classes/debug /home/mike/AndroidStudioProjects/Wordist/app/build/intermediates/pre-dexed/debug/support-annotations-22.2.0-bfa71d602cc0e11fce5350ed544c9f5e4d4a05e4.jar /home/mike/AndroidStudioProjects/Wordist/app/build/intermediates/pre-dexed/debug/classes-e01224f4b848d2f70fe036e6ffd03fad8e49b557.jar /home/mike/AndroidStudioProjects/Wordist/app/build/intermediates/pre-dexed/debug/classes-2ab3d19bd8375c4756f92f9df195e4252f17cf71.jar /home/mike/AndroidStudioProjects/Wordist/app/build/intermediates/pre-dexed/debug/classes-674e81071699e5047dc949309e33eaff0b6cf792.jar /home/mike/AndroidStudioProjects/Wordist/app/build/intermediates/pre-dexed/debug/internal_impl-22.0.0-badf73acff408b2f94e3947ab7ebff932b700965.jar /home/mike/AndroidStudioProjects/Wordist/app/build/intermediates/pre-dexed/debug/classes-b97a6c1cf7fbeb04f196fcf80c57d4257edcc6dd.jar /home/mike/AndroidStudioProjects/Wordist/app/build/intermediates/pre-dexed/debug/classes-d24eb526a194db96263c3f6685649fd0fe6c44d5.jar /home/mike/AndroidStudioProjects/Wordist/app/build/intermediates/pre-dexed/debug/classes-7a28f4ba4fb32a581ec7923ddf90ef95697adfea.jar /home/mike/AndroidStudioProjects/Wordist/app/build/intermediates/pre-dexed/debug/classes-2fffb6f7a97d395100aaf3eefa7e7444903a76be.jar /home/mike/AndroidStudioProjects/Wordist/app/build/intermediates/pre-dexed/debug/classes-cc0797b316f66372a2b35e75e646f3b4068a1b62.jar /home/mike/AndroidStudioProjects/Wordist/app/build/intermediates/pre-dexed/debug/classes-ba694547ab3fc3fe5bc8d34ae51866c6cab4beda.jar /home/mike/AndroidStudioProjects/Wordist/app/build/intermediates/pre-dexed/debug/classes-137b98b536e4a331a4b67052cd2264e1af3633e9.jar /home/mike/AndroidStudioProjects/Wordist/app/build/intermediates/pre-dexed/debug/classes-d59b62fbaf9b5683c1ab50b0492d3f2097297188.jar /home/mike/An
java_class_path (initial): /home/mike/Android/Sdk/build-tools/22.0.1/lib/dx.jar
Launcher Type: SUN_STANDARD

Environment Variables:
PATH=/usr/local/sbin:/usr/local/bin:/usr/sbin:/usr/bin:/sbin:/bin:/usr/games:/usr/local/games
USERNAME=mike
LD_LIBRARY_PATH=/opt/android-studio/bin:
SHELL=/bin/bash
DISPLAY=:0

Signal Handlers:
SIGSEGV: [libjvm.so+0xaad1e0], sa_mask[0]=11111111011111111101111111111110, sa_flags=SA_RESTART|SA_SIGINFO
SIGBUS: [libjvm.so+0xaad1e0], sa_mask[0]=11111111011111111101111111111110, sa_flags=SA_RESTART|SA_SIGINFO
SIGFPE: [libjvm.so+0x90b450], sa_mask[0]=11111111011111111101111111111110, sa_flags=SA_RESTART|SA_SIGINFO
SIGPIPE: [libjvm.so+0x90b450], sa_mask[0]=11111111011111111101111111111110, sa_flags=SA_RESTART|SA_SIGINFO
SIGXFSZ: [libjvm.so+0x90b450], sa_mask[0]=11111111011111111101111111111110, sa_flags=SA_RESTART|SA_SIGINFO
SIGILL: [libjvm.so+0x90b450], sa_mask[0]=11111111011111111101111111111110, sa_flags=SA_RESTART|SA_SIGINFO
SIGUSR1: SIG_DFL, sa_mask[0]=00000000000000000000000000000000, sa_flags=none
SIGUSR2: [libjvm.so+0x90ca90], sa_mask[0]=00100000000000000000000000000000, sa_flags=SA_RESTART|SA_SIGINFO
SIGHUP: [libjvm.so+0x90dde0], sa_mask[0]=11111111011111111101111111111110, sa_flags=SA_RESTART|SA_SIGINFO
SIGINT: [libjvm.so+0x90dde0], sa_mask[0]=11111111011111111101111111111110, sa_flags=SA_RESTART|SA_SIGINFO
SIGTERM: [libjvm.so+0x90dde0], sa_mask[0]=11111111011111111101111111111110, sa_flags=SA_RESTART|SA_SIGINFO
SIGQUIT: [libjvm.so+0x90dde0], sa_mask[0]=11111111011111111101111111111110, sa_flags=SA_RESTART|SA_SIGINFO


---------------  S Y S T E M  ---------------

OS:DISTRIB_ID=LinuxMint
DISTRIB_RELEASE=17.2
DISTRIB_CODENAME=rafaela
DISTRIB_DESCRIPTION="Linux Mint 17.2 Rafaela"

uname:Linux 3.13.0-37-generic #64-Ubuntu SMP Mon Sep 22 21:28:38 UTC 2014 x86_64
libc:glibc 2.19 NPTL 2.19 
rlimit: STACK 8192k, CORE 0k, NPROC 30882, NOFILE 4096, AS infinity
load average:1.44 0.83 0.88

/proc/meminfo:
MemTotal:        4048044 kB
MemFree:          148748 kB
Buffers:             348 kB
Cached:            36528 kB
SwapCached:            0 kB
Active:          3367800 kB
Inactive:          25768 kB
Active(anon):    3358656 kB
Inactive(anon):    16092 kB
Active(file):       9144 kB
Inactive(file):     9676 kB
Unevictable:          72 kB
Mlocked:              72 kB
SwapTotal:             0 kB
SwapFree:              0 kB
Dirty:              1372 kB
Writeback:             0 kB
AnonPages:       3357004 kB
Mapped:           201844 kB
Shmem:             17872 kB
Slab:              65156 kB
SReclaimable:      23156 kB
SUnreclaim:        42000 kB
KernelStack:        4256 kB
PageTables:        31040 kB
NFS_Unstable:          0 kB
Bounce:                0 kB
WritebackTmp:          0 kB
CommitLimit:     2024020 kB
Committed_AS:    4923816 kB
VmallocTotal:   34359738367 kB
VmallocUsed:      305680 kB
VmallocChunk:   34359429372 kB
HardwareCorrupted:     0 kB
AnonHugePages:   2295808 kB
HugePages_Total:       0
HugePages_Free:        0
HugePages_Rsvd:        0
HugePages_Surp:        0
Hugepagesize:       2048 kB
DirectMap4k:      280128 kB
DirectMap2M:     3913728 kB
DirectMap1G:           0 kB


CPU:total 4 (4 cores per cpu, 1 threads per core) family 16 model 4 stepping 2, cmov, cx8, fxsr, mmx, sse, sse2, sse3, popcnt, mmxext, 3dnowpref, lzcnt, sse4a, tsc, tscinvbit, tscinv

/proc/cpuinfo:
processor	: 0
vendor_id	: AuthenticAMD
cpu family	: 16
model		: 4
model name	: AMD Phenom(tm) II X4 955 Processor
stepping	: 2
microcode	: 0x1000086
cpu MHz		: 800.000
cache size	: 512 KB
physical id	: 0
siblings	: 4
core id		: 0
cpu cores	: 4
apicid		: 0
initial apicid	: 0
fpu		: yes
fpu_exception	: yes
cpuid level	: 5
wp		: yes
flags		: fpu vme de pse tsc msr pae mce cx8 apic sep mtrr pge mca cmov pat pse36 clflush mmx fxsr sse sse2 ht syscall nx mmxext fxsr_opt pdpe1gb rdtscp lm 3dnowext 3dnow constant_tsc rep_good nopl nonstop_tsc extd_apicid pni monitor cx16 popcnt lahf_lm cmp_legacy svm extapic cr8_legacy abm sse4a misalignsse 3dnowprefetch osvw ibs skinit wdt hw_pstate npt lbrv svm_lock nrip_save
bogomips	: 6399.67
TLB size	: 1024 4K pages
clflush size	: 64
cache_alignment	: 64
address sizes	: 48 bits physical, 48 bits virtual
power management: ts ttp tm stc 100mhzsteps hwpstate

processor	: 1
vendor_id	: AuthenticAMD
cpu family	: 16
model		: 4
model name	: AMD Phenom(tm) II X4 955 Processor
stepping	: 2
microcode	: 0x1000086
cpu MHz		: 2100.000
cache size	: 512 KB
physical id	: 0
siblings	: 4
core id		: 1
cpu cores	: 4
apicid		: 1
initial apicid	: 1
fpu		: yes
fpu_exception	: yes
cpuid level	: 5
wp		: yes
flags		: fpu vme de pse tsc msr pae mce cx8 apic sep mtrr pge mca cmov pat pse36 clflush mmx fxsr sse sse2 ht syscall nx mmxext fxsr_opt pdpe1gb rdtscp lm 3dnowext 3dnow constant_tsc rep_good nopl nonstop_tsc extd_apicid pni monitor cx16 popcnt lahf_lm cmp_legacy svm extapic cr8_legacy abm sse4a misalignsse 3dnowprefetch osvw ibs skinit wdt hw_pstate npt lbrv svm_lock nrip_save
bogomips	: 6399.67
TLB size	: 1024 4K pages
clflush size	: 64
cache_alignment	: 64
address sizes	: 48 bits physical, 48 bits virtual
power management: ts ttp tm stc 100mhzsteps hwpstate

processor	: 2
vendor_id	: AuthenticAMD
cpu family	: 16
model		: 4
model name	: AMD Phenom(tm) II X4 955 Processor
stepping	: 2
microcode	: 0x1000086
cpu MHz		: 2500.000
cache size	: 512 KB
physical id	: 0
siblings	: 4
core id		: 2
cpu cores	: 4
apicid		: 2
initial apicid	: 2
fpu		: yes
fpu_exception	: yes
cpuid level	: 5
wp		: yes
flags		: fpu vme de pse tsc msr pae mce cx8 apic sep mtrr pge mca cmov pat pse36 clflush mmx fxsr sse sse2 ht syscall nx mmxext fxsr_opt pdpe1gb rdtscp lm 3dnowext 3dnow constant_tsc rep_good nopl nonstop_tsc extd_apicid pni monitor cx16 popcnt lahf_lm cmp_legacy svm extapic cr8_legacy abm sse4a misalignsse 3dnowprefetch osvw ibs skinit wdt hw_pstate npt lbrv svm_lock nrip_save
bogomips	: 6399.67
TLB size	: 1024 4K pages
clflush size	: 64
cache_alignment	: 64
address sizes	: 48 bits physical, 48 bits virtual
power management: ts ttp tm stc 100mhzsteps hwpstate

processor	: 3
vendor_id	: AuthenticAMD
cpu family	: 16
model		: 4
model name	: AMD Phenom(tm) II X4 955 Processor
stepping	: 2
microcode	: 0x1000086
cpu MHz		: 800.000
cache size	: 512 KB
physical id	: 0
siblings	: 4
core id		: 3
cpu cores	: 4
apicid		: 3
initial apicid	: 3
fpu		: yes
fpu_exception	: yes
cpuid level	: 5
wp		: yes
flags		: fpu vme de pse tsc msr pae mce cx8 apic sep mtrr pge mca cmov pat pse36 clflush mmx fxsr sse sse2 ht syscall nx mmxext fxsr_opt pdpe1gb rdtscp lm 3dnowext 3dnow constant_tsc rep_good nopl nonstop_tsc extd_apicid pni monitor cx16 popcnt lahf_lm cmp_legacy svm extapic cr8_legacy abm sse4a misalignsse 3dnowprefetch osvw ibs skinit wdt hw_pstate npt lbrv svm_lock nrip_save
bogomips	: 6399.67
TLB size	: 1024 4K pages
clflush size	: 64
cache_alignment	: 64
address sizes	: 48 bits physical, 48 bits virtual
power management: ts ttp tm stc 100mhzsteps hwpstate



Memory: 4k page, physical 4048044k(148232k free), swap 0k(0k free)

vm_info: Java HotSpot(TM) 64-Bit Server VM (25.45-b02) for linux-amd64 JRE (1.8.0_45-b14), built on Apr 10 2015 10:07:45 by "java_re" with gcc 4.3.0 20080428 (Red Hat 4.3.0-8)

time: Sun Jul 19 22:25:33 2015
elapsed time: 2 seconds (0d 0h 0m 2s)

