#
# There is insufficient memory for the Java Runtime Environment to continue.
# Native memory allocation (mmap) failed to map 65536 bytes for committing reserved memory.
# Possible reasons:
#   The system is out of physical RAM or swap space
#   In 32 bit mode, the process size limit was hit
# Possible solutions:
#   Reduce memory load on the system
#   Increase physical memory or swap space
#   Check if swap backing store is full
#   Use 64 bit Java on a 64 bit OS
#   Decrease Java heap size (-Xmx/-Xms)
#   Decrease number of Java threads
#   Decrease Java thread stack sizes (-Xss)
#   Set larger code cache with -XX:ReservedCodeCacheSize=
# This output file may be truncated or incomplete.
#
#  Out of Memory Error (os_linux.cpp:2673), pid=31999, tid=140323285313280
#
# JRE version: Java(TM) SE Runtime Environment (8.0_45-b14) (build 1.8.0_45-b14)
# Java VM: Java HotSpot(TM) 64-Bit Server VM (25.45-b02 mixed mode linux-amd64 compressed oops)
# Failed to write core dump. Core dumps have been disabled. To enable core dumping, try "ulimit -c unlimited" before starting Java again
#

---------------  T H R E A D  ---------------

Current thread (0x00007f9fa80bd000):  JavaThread "C1 CompilerThread2" daemon [_thread_in_vm, id=32015, stack(0x00007f9f8f832000,0x00007f9f8f933000)]

Stack: [0x00007f9f8f832000,0x00007f9f8f933000],  sp=0x00007f9f8f930bd0,  free space=1018k
Native frames: (J=compiled Java code, j=interpreted, Vv=VM code, C=native code)
V  [libjvm.so+0xaac99a]  VMError::report_and_die()+0x2ba
V  [libjvm.so+0x4f333b]  report_vm_out_of_memory(char const*, int, unsigned long, VMErrorType, char const*)+0x8b
V  [libjvm.so+0x90e7c3]  os::Linux::commit_memory_impl(char*, unsigned long, bool)+0x103
V  [libjvm.so+0x90ed19]  os::pd_commit_memory(char*, unsigned long, unsigned long, bool)+0x29
V  [libjvm.so+0x90867a]  os::commit_memory(char*, unsigned long, unsigned long, bool)+0x2a
V  [libjvm.so+0xaa8649]  VirtualSpace::expand_by(unsigned long, bool)+0x1c9
V  [libjvm.so+0x60d59c]  CodeHeap::expand_by(unsigned long)+0x8c
V  [libjvm.so+0x479430]  CodeCache::allocate(int, bool)+0x60
V  [libjvm.so+0x8d683c]  nmethod::new_nmethod(methodHandle, int, int, CodeOffsets*, int, DebugInformationRecorder*, Dependencies*, CodeBuffer*, int, OopMapSet*, ExceptionHandlerTable*, ImplicitExceptionTable*, AbstractCompiler*, int)+0x1fc
V  [libjvm.so+0x40f36b]  ciEnv::register_method(ciMethod*, int, CodeOffsets*, int, CodeBuffer*, int, OopMapSet*, ExceptionHandlerTable*, ImplicitExceptionTable*, AbstractCompiler*, int, bool, bool, RTMState)+0x42b
V  [libjvm.so+0x3532f9]  Compilation::install_code(int)+0xc9
V  [libjvm.so+0x3547ec]  Compilation::compile_method()+0xec
V  [libjvm.so+0x354abe]  Compilation::Compilation(AbstractCompiler*, ciEnv*, ciMethod*, int, BufferBlob*)+0x25e
V  [libjvm.so+0x355869]  Compiler::compile_method(ciEnv*, ciMethod*, int)+0xa9
V  [libjvm.so+0x4a843a]  CompileBroker::invoke_compiler_on_method(CompileTask*)+0xc9a
V  [libjvm.so+0x4a93e6]  CompileBroker::compiler_thread_loop()+0x5d6
V  [libjvm.so+0xa5c86f]  JavaThread::thread_main_inner()+0xdf
V  [libjvm.so+0xa5c99c]  JavaThread::run()+0x11c
V  [libjvm.so+0x910de8]  java_start(Thread*)+0x108
C  [libpthread.so.0+0x8182]  start_thread+0xc2


Current CompileTask:
C1:   7058 1366       3       com.android.dx.cf.code.Ropper::addSetupBlocks (535 bytes)


---------------  P R O C E S S  ---------------

Java Threads: ( => current thread )
  0x00007f9fa80c2000 JavaThread "Service Thread" daemon [_thread_blocked, id=32016, stack(0x00007f9f8f731000,0x00007f9f8f832000)]
=>0x00007f9fa80bd000 JavaThread "C1 CompilerThread2" daemon [_thread_in_vm, id=32015, stack(0x00007f9f8f832000,0x00007f9f8f933000)]
  0x00007f9fa80bb800 JavaThread "C2 CompilerThread1" daemon [_thread_in_native, id=32014, stack(0x00007f9f8f933000,0x00007f9f8fa34000)]
  0x00007f9fa80b8800 JavaThread "C2 CompilerThread0" daemon [_thread_blocked, id=32013, stack(0x00007f9f8fa34000,0x00007f9f8fb35000)]
  0x00007f9fa80b7000 JavaThread "Signal Dispatcher" daemon [_thread_blocked, id=32012, stack(0x00007f9f8fb35000,0x00007f9f8fc36000)]
  0x00007f9fa807f000 JavaThread "Finalizer" daemon [_thread_blocked, id=32011, stack(0x00007f9f8feff000,0x00007f9f90000000)]
  0x00007f9fa807c800 JavaThread "Reference Handler" daemon [_thread_blocked, id=32010, stack(0x00007f9f9404c000,0x00007f9f9414d000)]
  0x00007f9fa800a000 JavaThread "main" [_thread_blocked, id=32001, stack(0x00007f9fae7d3000,0x00007f9fae8d4000)]

Other Threads:
  0x00007f9fa8077800 VMThread [stack: 0x00007f9f9414d000,0x00007f9f9424e000] [id=32009]
  0x00007f9fa80c4800 WatcherThread [stack: 0x00007f9f8f630000,0x00007f9f8f731000] [id=32017]

VM state:synchronizing (normal execution)

VM Mutex/Monitor currently owned by a thread:  ([mutex/lock_event])
[0x00007f9fa80056f0] CodeCache_lock - owner thread: 0x00007f9fa80bd000
[0x00007f9fa8006370] Threads_lock - owner thread: 0x00007f9fa8077800
[0x00007f9fa8006d70] Compile_lock - owner thread: 0x00007f9fa80bd000
[0x00007f9fa8006e70] MethodCompileQueue_lock - owner thread: 0x00007f9fa80bd000

Heap:
 PSYoungGen      total 34304K, used 4407K [0x00000000eab00000, 0x00000000ecf00000, 0x0000000100000000)
  eden space 31744K, 5% used [0x00000000eab00000,0x00000000eacd5c28,0x00000000eca00000)
  from space 2560K, 98% used [0x00000000ecc80000,0x00000000ecef8028,0x00000000ecf00000)
  to   space 2560K, 0% used [0x00000000eca00000,0x00000000eca00000,0x00000000ecc80000)
 ParOldGen       total 42496K, used 3907K [0x00000000c0000000, 0x00000000c2980000, 0x00000000eab00000)
  object space 42496K, 9% used [0x00000000c0000000,0x00000000c03d0e58,0x00000000c2980000)
 Metaspace       used 5752K, capacity 6960K, committed 7040K, reserved 1056768K
  class space    used 550K, capacity 616K, committed 640K, reserved 1048576K

Card table byte_map: [0x00007f9f981f2000,0x00007f9f983f3000] byte_map_base: 0x00007f9f97bf2000

Marking Bits: (ParMarkBitMap*) 0x00007f9fadcb0760
 Begin Bits: [0x00007f9f95dee000, 0x00007f9f96dee000)
 End Bits:   [0x00007f9f96dee000, 0x00007f9f97dee000)

Polling page: 0x00007f9fae8f7000

CodeCache: size=245760Kb used=5707Kb max_used=5707Kb free=240052Kb
 bounds [0x00007f9f987b3000, 0x00007f9f98d53000, 0x00007f9fa77b3000]
 total_blobs=1627 nmethods=1363 adapters=178
 compilation: enabled

Compilation events (10 events):
Event: 3.343 Thread 0x00007f9fa80b8800 nmethod 1352 0x00007f9f98d2e150 code [0x00007f9f98d2e2a0, 0x00007f9f98d2e338]
Event: 3.343 Thread 0x00007f9fa80b8800 1353       4       java.util.ArrayList$SubList::<init> (46 bytes)
Event: 3.343 Thread 0x00007f9fa80b8800 nmethod 1353 0x00007f9f98d39e90 code [0x00007f9f98d39fe0, 0x00007f9f98d3a098]
Event: 3.343 Thread 0x00007f9fa80b8800 1354       4       com.android.dx.ssa.SCCP::simulateStmt (481 bytes)
Event: 3.344 Thread 0x00007f9fa80bd000 nmethod 1364 0x00007f9f98d3e110 code [0x00007f9f98d3e640, 0x00007f9f98d41e48]
Event: 3.344 Thread 0x00007f9fa80bd000 1365       3       com.android.dx.cf.code.Ropper::addSynchExceptionHandlerBlock (206 bytes)
Event: 3.350 Thread 0x00007f9fa80bd000 nmethod 1365 0x00007f9f98d44c10 code [0x00007f9f98d451c0, 0x00007f9f98d48e98]
Event: 3.350 Thread 0x00007f9fa80bd000 1367       3       com.android.dx.cf.code.Frame::initializeWithParameters (49 bytes)
Event: 3.350 Thread 0x00007f9fa80bd000 nmethod 1367 0x00007f9f98d3c250 code [0x00007f9f98d3c400, 0x00007f9f98d3cb28]
Event: 3.350 Thread 0x00007f9fa80bd000 1366       3       com.android.dx.cf.code.Ropper::addSetupBlocks (535 bytes)

GC Heap History (4 events):
Event: 2.158 GC heap before
{Heap before GC invocations=1 (full 0):
 PSYoungGen      total 18432K, used 15872K [0x00000000eab00000, 0x00000000ebf80000, 0x0000000100000000)
  eden space 15872K, 100% used [0x00000000eab00000,0x00000000eba80000,0x00000000eba80000)
  from space 2560K, 0% used [0x00000000ebd00000,0x00000000ebd00000,0x00000000ebf80000)
  to   space 2560K, 0% used [0x00000000eba80000,0x00000000eba80000,0x00000000ebd00000)
 ParOldGen       total 42496K, used 0K [0x00000000c0000000, 0x00000000c2980000, 0x00000000eab00000)
  object space 42496K, 0% used [0x00000000c0000000,0x00000000c0000000,0x00000000c2980000)
 Metaspace       used 5516K, capacity 6768K, committed 7040K, reserved 1056768K
  class space    used 549K, capacity 616K, committed 640K, reserved 1048576K
Event: 2.182 GC heap after
Heap after GC invocations=1 (full 0):
 PSYoungGen      total 18432K, used 2551K [0x00000000eab00000, 0x00000000ecf00000, 0x0000000100000000)
  eden space 15872K, 0% used [0x00000000eab00000,0x00000000eab00000,0x00000000eba80000)
  from space 2560K, 99% used [0x00000000eba80000,0x00000000ebcfdc78,0x00000000ebd00000)
  to   space 2560K, 0% used [0x00000000ecc80000,0x00000000ecc80000,0x00000000ecf00000)
 ParOldGen       total 42496K, used 1499K [0x00000000c0000000, 0x00000000c2980000, 0x00000000eab00000)
  object space 42496K, 3% used [0x00000000c0000000,0x00000000c0176fa8,0x00000000c2980000)
 Metaspace       used 5516K, capacity 6768K, committed 7040K, reserved 1056768K
  class space    used 549K, capacity 616K, committed 640K, reserved 1048576K
}
Event: 3.196 GC heap before
{Heap before GC invocations=2 (full 0):
 PSYoungGen      total 18432K, used 18423K [0x00000000eab00000, 0x00000000ecf00000, 0x0000000100000000)
  eden space 15872K, 100% used [0x00000000eab00000,0x00000000eba80000,0x00000000eba80000)
  from space 2560K, 99% used [0x00000000eba80000,0x00000000ebcfdc78,0x00000000ebd00000)
  to   space 2560K, 0% used [0x00000000ecc80000,0x00000000ecc80000,0x00000000ecf00000)
 ParOldGen       total 42496K, used 1499K [0x00000000c0000000, 0x00000000c2980000, 0x00000000eab00000)
  object space 42496K, 3% used [0x00000000c0000000,0x00000000c0176fa8,0x00000000c2980000)
 Metaspace       used 5751K, capacity 6960K, committed 7040K, reserved 1056768K
  class space    used 550K, capacity 616K, committed 640K, reserved 1048576K
Event: 3.336 GC heap after
Heap after GC invocations=2 (full 0):
 PSYoungGen      total 34304K, used 2528K [0x00000000eab00000, 0x00000000ecf00000, 0x0000000100000000)
  eden space 31744K, 0% used [0x00000000eab00000,0x00000000eab00000,0x00000000eca00000)
  from space 2560K, 98% used [0x00000000ecc80000,0x00000000ecef8028,0x00000000ecf00000)
  to   space 2560K, 0% used [0x00000000eca00000,0x00000000eca00000,0x00000000ecc80000)
 ParOldGen       total 42496K, used 3907K [0x00000000c0000000, 0x00000000c2980000, 0x00000000eab00000)
  object space 42496K, 9% used [0x00000000c0000000,0x00000000c03d0e58,0x00000000c2980000)
 Metaspace       used 5751K, capacity 6960K, committed 7040K, reserved 1056768K
  class space    used 550K, capacity 616K, committed 640K, reserved 1048576K
}

Deoptimization events (10 events):
Event: 1.377 Thread 0x00007f9fa800a000 Uncommon trap: reason=class_check action=maybe_recompile pc=0x00007f9f98a45750 method=com.android.dx.ssa.NormalSsaInsn.accept(Lcom/android/dx/ssa/SsaInsn$Visitor;)V @ 9
Event: 1.377 Thread 0x00007f9fa800a000 Uncommon trap: reason=class_check action=maybe_recompile pc=0x00007f9f98a45750 method=com.android.dx.ssa.NormalSsaInsn.accept(Lcom/android/dx/ssa/SsaInsn$Visitor;)V @ 9
Event: 1.378 Thread 0x00007f9fa800a000 Uncommon trap: reason=class_check action=maybe_recompile pc=0x00007f9f98a45750 method=com.android.dx.ssa.NormalSsaInsn.accept(Lcom/android/dx/ssa/SsaInsn$Visitor;)V @ 9
Event: 1.378 Thread 0x00007f9fa800a000 Uncommon trap: reason=class_check action=maybe_recompile pc=0x00007f9f98a45750 method=com.android.dx.ssa.NormalSsaInsn.accept(Lcom/android/dx/ssa/SsaInsn$Visitor;)V @ 9
Event: 1.388 Thread 0x00007f9fa800a000 Uncommon trap: reason=unstable_if action=reinterpret pc=0x00007f9f989f65ec method=java.util.BitSet.nextSetBit(I)I @ 87
Event: 2.538 Thread 0x00007f9fa800a000 Uncommon trap: reason=unstable_if action=reinterpret pc=0x00007f9f98b1f108 method=com.android.dx.rop.code.LocalItem.hashCode()I @ 25
Event: 2.538 Thread 0x00007f9fa800a000 Uncommon trap: reason=unstable_if action=reinterpret pc=0x00007f9f98af59dc method=com.android.dx.rop.code.LocalItem.hashCode()I @ 25
Event: 2.581 Thread 0x00007f9fa800a000 Uncommon trap: reason=unstable_if action=reinterpret pc=0x00007f9f98a48138 method=java.util.BitSet.ensureCapacity(I)V @ 6
Event: 2.625 Thread 0x00007f9fa800a000 Uncommon trap: reason=null_check action=make_not_entrant pc=0x00007f9f98b54610 method=com.android.dx.rop.type.Type.equals(Ljava/lang/Object;)Z @ 8
Event: 2.626 Thread 0x00007f9fa800a000 Uncommon trap: reason=null_check action=make_not_entrant pc=0x00007f9f98b78128 method=com.android.dx.ssa.SsaRenamer.getLocalForNewReg(I)Lcom/android/dx/rop/code/LocalItem; @ 19

Internal exceptions (4 events):
Event: 0.123 Thread 0x00007f9fa800a000 Exception <a 'java/lang/NoSuchMethodError': Method sun.misc.Unsafe.defineClass(Ljava/lang/String;[BII)Ljava/lang/Class; name or signature does not match> (0x00000000eab12a38) thrown at [/RE-WORK/workspace/8-2-build-linux-amd64/jdk8u45/3457/hotspot/src/sha
Event: 0.123 Thread 0x00007f9fa800a000 Exception <a 'java/lang/NoSuchMethodError': Method sun.misc.Unsafe.prefetchRead(Ljava/lang/Object;J)V name or signature does not match> (0x00000000eab12cc8) thrown at [/RE-WORK/workspace/8-2-build-linux-amd64/jdk8u45/3457/hotspot/src/share/vm/prims/jni.cp
Event: 2.625 Thread 0x00007f9fa800a000 Implicit null exception at 0x00007f9f98b54562 to 0x00007f9f98b54602
Event: 2.626 Thread 0x00007f9fa800a000 Implicit null exception at 0x00007f9f98b75ddc to 0x00007f9f98b78105

Events (10 events):
Event: 2.581 Thread 0x00007f9fa800a000 DEOPT PACKING pc=0x00007f9f98a48138 sp=0x00007f9fae8d1d40
Event: 2.581 Thread 0x00007f9fa800a000 DEOPT UNPACKING pc=0x00007f9f987b8229 sp=0x00007f9fae8d1c48 mode 2
Event: 2.625 Thread 0x00007f9fa800a000 Uncommon trap: trap_request=0xfffffff4 fr.pc=0x00007f9f98b54610
Event: 2.625 Thread 0x00007f9fa800a000 DEOPT PACKING pc=0x00007f9f98b54610 sp=0x00007f9fae8d18f0
Event: 2.625 Thread 0x00007f9fa800a000 DEOPT UNPACKING pc=0x00007f9f987b8229 sp=0x00007f9fae8d1898 mode 2
Event: 2.626 Thread 0x00007f9fa800a000 Uncommon trap: trap_request=0xfffffff4 fr.pc=0x00007f9f98b78128
Event: 2.626 Thread 0x00007f9fa800a000 DEOPT PACKING pc=0x00007f9f98b78128 sp=0x00007f9fae8d1b80
Event: 2.626 Thread 0x00007f9fa800a000 DEOPT UNPACKING pc=0x00007f9f987b8229 sp=0x00007f9fae8d19c8 mode 2
Event: 3.195 Executing VM operation: ParallelGCFailedAllocation
Event: 3.336 Executing VM operation: ParallelGCFailedAllocation done


Dynamic libraries:
00400000-00401000 r-xp 00000000 08:03 1572315                            /opt/java/jdk1.8.0_45/bin/java
00600000-00601000 rw-p 00000000 08:03 1572315                            /opt/java/jdk1.8.0_45/bin/java
0229c000-022bd000 rw-p 00000000 00:00 0                                  [heap]
c0000000-c2980000 rw-p 00000000 00:00 0 
c2980000-eab00000 ---p 00000000 00:00 0 
eab00000-ecf00000 rw-p 00000000 00:00 0 
ecf00000-100000000 ---p 00000000 00:00 0 
100000000-1000a0000 rw-p 00000000 00:00 0 
1000a0000-140000000 ---p 00000000 00:00 0 
7f9f58000000-7f9f58021000 rw-p 00000000 00:00 0 
7f9f58021000-7f9f5c000000 ---p 00000000 00:00 0 
7f9f5c000000-7f9f5c021000 rw-p 00000000 00:00 0 
7f9f5c021000-7f9f60000000 ---p 00000000 00:00 0 
7f9f60000000-7f9f606c1000 rw-p 00000000 00:00 0 
7f9f606c1000-7f9f64000000 ---p 00000000 00:00 0 
7f9f64000000-7f9f648c9000 rw-p 00000000 00:00 0 
7f9f648c9000-7f9f68000000 ---p 00000000 00:00 0 
7f9f68000000-7f9f68021000 rw-p 00000000 00:00 0 
7f9f68021000-7f9f6c000000 ---p 00000000 00:00 0 
7f9f6c000000-7f9f6c48a000 rw-p 00000000 00:00 0 
7f9f6c48a000-7f9f70000000 ---p 00000000 00:00 0 
7f9f70000000-7f9f70021000 rw-p 00000000 00:00 0 
7f9f70021000-7f9f74000000 ---p 00000000 00:00 0 
7f9f74000000-7f9f74021000 rw-p 00000000 00:00 0 
7f9f74021000-7f9f78000000 ---p 00000000 00:00 0 
7f9f78000000-7f9f78021000 rw-p 00000000 00:00 0 
7f9f78021000-7f9f7c000000 ---p 00000000 00:00 0 
7f9f7c000000-7f9f7c021000 rw-p 00000000 00:00 0 
7f9f7c021000-7f9f80000000 ---p 00000000 00:00 0 
7f9f80000000-7f9f80021000 rw-p 00000000 00:00 0 
7f9f80021000-7f9f84000000 ---p 00000000 00:00 0 
7f9f88000000-7f9f88021000 rw-p 00000000 00:00 0 
7f9f88021000-7f9f8c000000 ---p 00000000 00:00 0 
7f9f8f630000-7f9f8f631000 ---p 00000000 00:00 0 
7f9f8f631000-7f9f8f731000 rw-p 00000000 00:00 0                          [stack:32017]
7f9f8f731000-7f9f8f734000 ---p 00000000 00:00 0 
7f9f8f734000-7f9f8f832000 rw-p 00000000 00:00 0                          [stack:32016]
7f9f8f832000-7f9f8f835000 ---p 00000000 00:00 0 
7f9f8f835000-7f9f8f933000 rw-p 00000000 00:00 0                          [stack:32015]
7f9f8f933000-7f9f8f936000 ---p 00000000 00:00 0 
7f9f8f936000-7f9f8fa34000 rw-p 00000000 00:00 0                          [stack:32014]
7f9f8fa34000-7f9f8fa37000 ---p 00000000 00:00 0 
7f9f8fa37000-7f9f8fb35000 rw-p 00000000 00:00 0                          [stack:32013]
7f9f8fb35000-7f9f8fb38000 ---p 00000000 00:00 0 
7f9f8fb38000-7f9f8fc36000 rw-p 00000000 00:00 0                          [stack:32012]
7f9f8fc36000-7f9f8feff000 r--p 00000000 08:03 266989                     /usr/lib/locale/locale-archive
7f9f8feff000-7f9f8ff02000 ---p 00000000 00:00 0 
7f9f8ff02000-7f9f90000000 rw-p 00000000 00:00 0                          [stack:32011]
7f9f90000000-7f9f90021000 rw-p 00000000 00:00 0 
7f9f90021000-7f9f94000000 ---p 00000000 00:00 0 
7f9f94034000-7f9f9403d000 r--s 00039000 00:19 11272987                   /home/mike/AndroidStudioProjects/Wordist/app/build/intermediates/exploded-aar/com.android.support/support-v4/22.2.0/jars/libs/internal_impl-22.2.0.jar
7f9f9403d000-7f9f9404c000 r--s 000dd000 00:19 9438599                    /home/mike/Android/Sdk/build-tools/22.0.1/lib/dx.jar
7f9f9404c000-7f9f9404f000 ---p 00000000 00:00 0 
7f9f9404f000-7f9f9414d000 rw-p 00000000 00:00 0                          [stack:32010]
7f9f9414d000-7f9f9414e000 ---p 00000000 00:00 0 
7f9f9414e000-7f9f9519f000 rw-p 00000000 00:00 0                          [stack:32009]
7f9f9519f000-7f9f95378000 r--s 03d09000 08:03 1573810                    /opt/java/jdk1.8.0_45/jre/lib/rt.jar
7f9f95378000-7f9f95a2e000 rw-p 00000000 00:00 0 
7f9f95a2e000-7f9f95bee000 ---p 00000000 00:00 0 
7f9f95bee000-7f9f97dee000 rw-p 00000000 00:00 0 
7f9f97dee000-7f9f97def000 ---p 00000000 00:00 0 
7f9f97def000-7f9f97eef000 rw-p 00000000 00:00 0                          [stack:32008]
7f9f97eef000-7f9f97ef0000 ---p 00000000 00:00 0 
7f9f97ef0000-7f9f97ff0000 rw-p 00000000 00:00 0                          [stack:32007]
7f9f97ff0000-7f9f97ff1000 ---p 00000000 00:00 0 
7f9f97ff1000-7f9f980f1000 rw-p 00000000 00:00 0                          [stack:32006]
7f9f980f1000-7f9f980f2000 ---p 00000000 00:00 0 
7f9f980f2000-7f9f98207000 rw-p 00000000 00:00 0                          [stack:32005]
7f9f98207000-7f9f98347000 ---p 00000000 00:00 0 
7f9f98347000-7f9f9835a000 rw-p 00000000 00:00 0 
7f9f9835a000-7f9f983f2000 ---p 00000000 00:00 0 
7f9f983f2000-7f9f9840a000 rw-p 00000000 00:00 0 
7f9f9840a000-7f9f987b3000 ---p 00000000 00:00 0 
7f9f987b3000-7f9f98d53000 rwxp 00000000 00:00 0 
7f9f98d63000-7f9fa77b3000 ---p 00000000 00:00 0 
7f9fa77b3000-7f9fa77cd000 r-xp 00000000 08:03 1574049                    /opt/java/jdk1.8.0_45/jre/lib/amd64/libzip.so
7f9fa77cd000-7f9fa79cd000 ---p 0001a000 08:03 1574049                    /opt/java/jdk1.8.0_45/jre/lib/amd64/libzip.so
7f9fa79cd000-7f9fa79ce000 rw-p 0001a000 08:03 1574049                    /opt/java/jdk1.8.0_45/jre/lib/amd64/libzip.so
7f9fa79ce000-7f9fa79d9000 r-xp 00000000 08:03 131807                     /lib/x86_64-linux-gnu/libnss_files-2.19.so
7f9fa79d9000-7f9fa7bd8000 ---p 0000b000 08:03 131807                     /lib/x86_64-linux-gnu/libnss_files-2.19.so
7f9fa7bd8000-7f9fa7bd9000 r--p 0000a000 08:03 131807                     /lib/x86_64-linux-gnu/libnss_files-2.19.so
7f9fa7bd9000-7f9fa7bda000 rw-p 0000b000 08:03 131807                     /lib/x86_64-linux-gnu/libnss_files-2.19.so
7f9fa7bda000-7f9fa7be5000 r-xp 00000000 08:03 131871                     /lib/x86_64-linux-gnu/libnss_nis-2.19.so
7f9fa7be5000-7f9fa7de4000 ---p 0000b000 08:03 131871                     /lib/x86_64-linux-gnu/libnss_nis-2.19.so
7f9fa7de4000-7f9fa7de5000 r--p 0000a000 08:03 131871                     /lib/x86_64-linux-gnu/libnss_nis-2.19.so
7f9fa7de5000-7f9fa7de6000 rw-p 0000b000 08:03 131871                     /lib/x86_64-linux-gnu/libnss_nis-2.19.so
7f9fa7de6000-7f9fa7dfd000 r-xp 00000000 08:03 131829                     /lib/x86_64-linux-gnu/libnsl-2.19.so
7f9fa7dfd000-7f9fa7ffc000 ---p 00017000 08:03 131829                     /lib/x86_64-linux-gnu/libnsl-2.19.so
7f9fa7ffc000-7f9fa7ffd000 r--p 00016000 08:03 131829                     /lib/x86_64-linux-gnu/libnsl-2.19.so
7f9fa7ffd000-7f9fa7ffe000 rw-p 00017000 08:03 131829                     /lib/x86_64-linux-gnu/libnsl-2.19.so
7f9fa7ffe000-7f9fa8000000 rw-p 00000000 00:00 0 
7f9fa8000000-7f9fa8388000 rw-p 00000000 00:00 0 
7f9fa8388000-7f9fac000000 ---p 00000000 00:00 0 
7f9fac007000-7f9fac07f000 rw-p 00000000 00:00 0 
7f9fac07f000-7f9fac1c0000 ---p 00000000 00:00 0 
7f9fac1c0000-7f9fac1c9000 r-xp 00000000 08:03 131828                     /lib/x86_64-linux-gnu/libnss_compat-2.19.so
7f9fac1c9000-7f9fac3c8000 ---p 00009000 08:03 131828                     /lib/x86_64-linux-gnu/libnss_compat-2.19.so
7f9fac3c8000-7f9fac3c9000 r--p 00008000 08:03 131828                     /lib/x86_64-linux-gnu/libnss_compat-2.19.so
7f9fac3c9000-7f9fac3ca000 rw-p 00009000 08:03 131828                     /lib/x86_64-linux-gnu/libnss_compat-2.19.so
7f9fac3ca000-7f9fac3f4000 r-xp 00000000 08:03 1574040                    /opt/java/jdk1.8.0_45/jre/lib/amd64/libjava.so
7f9fac3f4000-7f9fac5f4000 ---p 0002a000 08:03 1574040                    /opt/java/jdk1.8.0_45/jre/lib/amd64/libjava.so
7f9fac5f4000-7f9fac5f6000 rw-p 0002a000 08:03 1574040                    /opt/java/jdk1.8.0_45/jre/lib/amd64/libjava.so
7f9fac5f6000-7f9fac603000 r-xp 00000000 08:03 1574047                    /opt/java/jdk1.8.0_45/jre/lib/amd64/libverify.so
7f9fac603000-7f9fac803000 ---p 0000d000 08:03 1574047                    /opt/java/jdk1.8.0_45/jre/lib/amd64/libverify.so
7f9fac803000-7f9fac805000 rw-p 0000d000 08:03 1574047                    /opt/java/jdk1.8.0_45/jre/lib/amd64/libverify.so
7f9fac805000-7f9fac80c000 r-xp 00000000 08:03 131868                     /lib/x86_64-linux-gnu/librt-2.19.so
7f9fac80c000-7f9faca0b000 ---p 00007000 08:03 131868                     /lib/x86_64-linux-gnu/librt-2.19.so
7f9faca0b000-7f9faca0c000 r--p 00006000 08:03 131868                     /lib/x86_64-linux-gnu/librt-2.19.so
7f9faca0c000-7f9faca0d000 rw-p 00007000 08:03 131868                     /lib/x86_64-linux-gnu/librt-2.19.so
7f9faca0d000-7f9facb12000 r-xp 00000000 08:03 131806                     /lib/x86_64-linux-gnu/libm-2.19.so
7f9facb12000-7f9facd11000 ---p 00105000 08:03 131806                     /lib/x86_64-linux-gnu/libm-2.19.so
7f9facd11000-7f9facd12000 r--p 00104000 08:03 131806                     /lib/x86_64-linux-gnu/libm-2.19.so
7f9facd12000-7f9facd13000 rw-p 00105000 08:03 131806                     /lib/x86_64-linux-gnu/libm-2.19.so
7f9facd13000-7f9fad9c1000 r-xp 00000000 08:03 1574060                    /opt/java/jdk1.8.0_45/jre/lib/amd64/server/libjvm.so
7f9fad9c1000-7f9fadbc0000 ---p 00cae000 08:03 1574060                    /opt/java/jdk1.8.0_45/jre/lib/amd64/server/libjvm.so
7f9fadbc0000-7f9fadc97000 rw-p 00cad000 08:03 1574060                    /opt/java/jdk1.8.0_45/jre/lib/amd64/server/libjvm.so
7f9fadc97000-7f9fadcdb000 rw-p 00000000 00:00 0 
7f9fadcdb000-7f9fade96000 r-xp 00000000 08:03 131857                     /lib/x86_64-linux-gnu/libc-2.19.so
7f9fade96000-7f9fae095000 ---p 001bb000 08:03 131857                     /lib/x86_64-linux-gnu/libc-2.19.so
7f9fae095000-7f9fae099000 r--p 001ba000 08:03 131857                     /lib/x86_64-linux-gnu/libc-2.19.so
7f9fae099000-7f9fae09b000 rw-p 001be000 08:03 131857                     /lib/x86_64-linux-gnu/libc-2.19.so
7f9fae09b000-7f9fae0a0000 rw-p 00000000 00:00 0 
7f9fae0a0000-7f9fae0a3000 r-xp 00000000 08:03 131810                     /lib/x86_64-linux-gnu/libdl-2.19.so
7f9fae0a3000-7f9fae2a2000 ---p 00003000 08:03 131810                     /lib/x86_64-linux-gnu/libdl-2.19.so
7f9fae2a2000-7f9fae2a3000 r--p 00002000 08:03 131810                     /lib/x86_64-linux-gnu/libdl-2.19.so
7f9fae2a3000-7f9fae2a4000 rw-p 00003000 08:03 131810                     /lib/x86_64-linux-gnu/libdl-2.19.so
7f9fae2a4000-7f9fae2b9000 r-xp 00000000 08:03 1573749                    /opt/java/jdk1.8.0_45/lib/amd64/jli/libjli.so
7f9fae2b9000-7f9fae4b9000 ---p 00015000 08:03 1573749                    /opt/java/jdk1.8.0_45/lib/amd64/jli/libjli.so
7f9fae4b9000-7f9fae4ba000 rw-p 00015000 08:03 1573749                    /opt/java/jdk1.8.0_45/lib/amd64/jli/libjli.so
7f9fae4ba000-7f9fae4d3000 r-xp 00000000 08:03 131858                     /lib/x86_64-linux-gnu/libpthread-2.19.so
7f9fae4d3000-7f9fae6d2000 ---p 00019000 08:03 131858                     /lib/x86_64-linux-gnu/libpthread-2.19.so
7f9fae6d2000-7f9fae6d3000 r--p 00018000 08:03 131858                     /lib/x86_64-linux-gnu/libpthread-2.19.so
7f9fae6d3000-7f9fae6d4000 rw-p 00019000 08:03 131858                     /lib/x86_64-linux-gnu/libpthread-2.19.so
7f9fae6d4000-7f9fae6d8000 rw-p 00000000 00:00 0 
7f9fae6d8000-7f9fae6fb000 r-xp 00000000 08:03 131833                     /lib/x86_64-linux-gnu/ld-2.19.so
7f9fae701000-7f9fae7d3000 rw-p 00000000 00:00 0 
7f9fae7d3000-7f9fae7d6000 ---p 00000000 00:00 0 
7f9fae7d6000-7f9fae8d9000 rw-p 00000000 00:00 0                          [stack:32001]
7f9fae8d9000-7f9fae8da000 r--p 00000000 08:03 672594                     /usr/share/locale-langpack/en_GB/LC_MESSAGES/libc.mo
7f9fae8da000-7f9fae8ee000 rw-p 00000000 00:00 0 
7f9fae8ee000-7f9fae8f6000 rw-s 00000000 08:03 1574164                    /tmp/hsperfdata_mike/31999
7f9fae8f6000-7f9fae8f7000 rw-p 00000000 00:00 0 
7f9fae8f7000-7f9fae8f8000 ---p 00000000 00:00 0 
7f9fae8f8000-7f9fae8fa000 rw-p 00000000 00:00 0 
7f9fae8fa000-7f9fae8fb000 r--p 00022000 08:03 131833                     /lib/x86_64-linux-gnu/ld-2.19.so
7f9fae8fb000-7f9fae8fc000 rw-p 00023000 08:03 131833                     /lib/x86_64-linux-gnu/ld-2.19.so
7f9fae8fc000-7f9fae8fd000 rw-p 00000000 00:00 0 
7fff4940a000-7fff4942b000 rw-p 00000000 00:00 0                          [stack]
7fff494ca000-7fff494cc000 r-xp 00000000 00:00 0                          [vdso]
ffffffffff600000-ffffffffff601000 r-xp 00000000 00:00 0                  [vsyscall]

VM Arguments:
jvm_args: -Xmx1024M -Dfile.encoding=UTF-8 -Duser.country=GB -Duser.language=en -Duser.variant 
java_command: com.android.dx.command.Main --dex --output /home/mike/AndroidStudioProjects/Wordist/app/build/intermediates/pre-dexed/debug/internal_impl-22.2.0-c8c46e24e37da01469d5ce9c5c457a591856a426.jar /home/mike/AndroidStudioProjects/Wordist/app/build/intermediates/exploded-aar/com.android.support/support-v4/22.2.0/jars/libs/internal_impl-22.2.0.jar
java_class_path (initial): /home/mike/Android/Sdk/build-tools/22.0.1/lib/dx.jar
Launcher Type: SUN_STANDARD

Environment Variables:
PATH=/usr/local/sbin:/usr/local/bin:/usr/sbin:/usr/bin:/sbin:/bin:/usr/games:/usr/local/games
USERNAME=mike
LD_LIBRARY_PATH=/opt/android-studio/bin:
SHELL=/bin/bash
DISPLAY=:0

Signal Handlers:
SIGSEGV: [libjvm.so+0xaad1e0], sa_mask[0]=11111111011111111101111111111110, sa_flags=SA_RESTART|SA_SIGINFO
SIGBUS: [libjvm.so+0xaad1e0], sa_mask[0]=11111111011111111101111111111110, sa_flags=SA_RESTART|SA_SIGINFO
SIGFPE: [libjvm.so+0x90b450], sa_mask[0]=11111111011111111101111111111110, sa_flags=SA_RESTART|SA_SIGINFO
SIGPIPE: [libjvm.so+0x90b450], sa_mask[0]=11111111011111111101111111111110, sa_flags=SA_RESTART|SA_SIGINFO
SIGXFSZ: [libjvm.so+0x90b450], sa_mask[0]=11111111011111111101111111111110, sa_flags=SA_RESTART|SA_SIGINFO
SIGILL: [libjvm.so+0x90b450], sa_mask[0]=11111111011111111101111111111110, sa_flags=SA_RESTART|SA_SIGINFO
SIGUSR1: SIG_DFL, sa_mask[0]=00000000000000000000000000000000, sa_flags=none
SIGUSR2: [libjvm.so+0x90ca90], sa_mask[0]=00100000000000000000000000000000, sa_flags=SA_RESTART|SA_SIGINFO
SIGHUP: [libjvm.so+0x90dde0], sa_mask[0]=11111111011111111101111111111110, sa_flags=SA_RESTART|SA_SIGINFO
SIGINT: [libjvm.so+0x90dde0], sa_mask[0]=11111111011111111101111111111110, sa_flags=SA_RESTART|SA_SIGINFO
SIGTERM: [libjvm.so+0x90dde0], sa_mask[0]=11111111011111111101111111111110, sa_flags=SA_RESTART|SA_SIGINFO
SIGQUIT: [libjvm.so+0x90dde0], sa_mask[0]=11111111011111111101111111111110, sa_flags=SA_RESTART|SA_SIGINFO


---------------  S Y S T E M  ---------------

OS:DISTRIB_ID=LinuxMint
DISTRIB_RELEASE=17.2
DISTRIB_CODENAME=rafaela
DISTRIB_DESCRIPTION="Linux Mint 17.2 Rafaela"

uname:Linux 3.13.0-37-generic #64-Ubuntu SMP Mon Sep 22 21:28:38 UTC 2014 x86_64
libc:glibc 2.19 NPTL 2.19 
rlimit: STACK 8192k, CORE 0k, NPROC 30882, NOFILE 4096, AS infinity
load average:7.28 3.87 3.10

/proc/meminfo:
MemTotal:        4048044 kB
MemFree:         1146316 kB
Buffers:             632 kB
Cached:            33020 kB
SwapCached:            0 kB
Active:          2414352 kB
Inactive:          31232 kB
Active(anon):    2413340 kB
Inactive(anon):    18020 kB
Active(file):       1012 kB
Inactive(file):    13212 kB
Unevictable:          72 kB
Mlocked:              72 kB
SwapTotal:             0 kB
SwapFree:              0 kB
Dirty:               104 kB
Writeback:             0 kB
AnonPages:       2412356 kB
Mapped:           141944 kB
Shmem:             19104 kB
Slab:              77508 kB
SReclaimable:      22428 kB
SUnreclaim:        55080 kB
KernelStack:        3688 kB
PageTables:        23060 kB
NFS_Unstable:          0 kB
Bounce:                0 kB
WritebackTmp:          0 kB
CommitLimit:     2024020 kB
Committed_AS:    3812844 kB
VmallocTotal:   34359738367 kB
VmallocUsed:      305648 kB
VmallocChunk:   34359427560 kB
HardwareCorrupted:     0 kB
AnonHugePages:    921600 kB
HugePages_Total:       0
HugePages_Free:        0
HugePages_Rsvd:        0
HugePages_Surp:        0
Hugepagesize:       2048 kB
DirectMap4k:      161344 kB
DirectMap2M:     2983936 kB
DirectMap1G:     1048576 kB


CPU:total 4 (4 cores per cpu, 1 threads per core) family 16 model 4 stepping 2, cmov, cx8, fxsr, mmx, sse, sse2, sse3, popcnt, mmxext, 3dnowpref, lzcnt, sse4a, tsc, tscinvbit, tscinv

/proc/cpuinfo:
processor	: 0
vendor_id	: AuthenticAMD
cpu family	: 16
model		: 4
model name	: AMD Phenom(tm) II X4 955 Processor
stepping	: 2
microcode	: 0x1000086
cpu MHz		: 3200.000
cache size	: 512 KB
physical id	: 0
siblings	: 4
core id		: 0
cpu cores	: 4
apicid		: 0
initial apicid	: 0
fpu		: yes
fpu_exception	: yes
cpuid level	: 5
wp		: yes
flags		: fpu vme de pse tsc msr pae mce cx8 apic sep mtrr pge mca cmov pat pse36 clflush mmx fxsr sse sse2 ht syscall nx mmxext fxsr_opt pdpe1gb rdtscp lm 3dnowext 3dnow constant_tsc rep_good nopl nonstop_tsc extd_apicid pni monitor cx16 popcnt lahf_lm cmp_legacy svm extapic cr8_legacy abm sse4a misalignsse 3dnowprefetch osvw ibs skinit wdt hw_pstate npt lbrv svm_lock nrip_save
bogomips	: 6399.95
TLB size	: 1024 4K pages
clflush size	: 64
cache_alignment	: 64
address sizes	: 48 bits physical, 48 bits virtual
power management: ts ttp tm stc 100mhzsteps hwpstate

processor	: 1
vendor_id	: AuthenticAMD
cpu family	: 16
model		: 4
model name	: AMD Phenom(tm) II X4 955 Processor
stepping	: 2
microcode	: 0x1000086
cpu MHz		: 3200.000
cache size	: 512 KB
physical id	: 0
siblings	: 4
core id		: 1
cpu cores	: 4
apicid		: 1
initial apicid	: 1
fpu		: yes
fpu_exception	: yes
cpuid level	: 5
wp		: yes
flags		: fpu vme de pse tsc msr pae mce cx8 apic sep mtrr pge mca cmov pat pse36 clflush mmx fxsr sse sse2 ht syscall nx mmxext fxsr_opt pdpe1gb rdtscp lm 3dnowext 3dnow constant_tsc rep_good nopl nonstop_tsc extd_apicid pni monitor cx16 popcnt lahf_lm cmp_legacy svm extapic cr8_legacy abm sse4a misalignsse 3dnowprefetch osvw ibs skinit wdt hw_pstate npt lbrv svm_lock nrip_save
bogomips	: 6399.95
TLB size	: 1024 4K pages
clflush size	: 64
cache_alignment	: 64
address sizes	: 48 bits physical, 48 bits virtual
power management: ts ttp tm stc 100mhzsteps hwpstate

processor	: 2
vendor_id	: AuthenticAMD
cpu family	: 16
model		: 4
model name	: AMD Phenom(tm) II X4 955 Processor
stepping	: 2
microcode	: 0x1000086
cpu MHz		: 3200.000
cache size	: 512 KB
physical id	: 0
siblings	: 4
core id		: 2
cpu cores	: 4
apicid		: 2
initial apicid	: 2
fpu		: yes
fpu_exception	: yes
cpuid level	: 5
wp		: yes
flags		: fpu vme de pse tsc msr pae mce cx8 apic sep mtrr pge mca cmov pat pse36 clflush mmx fxsr sse sse2 ht syscall nx mmxext fxsr_opt pdpe1gb rdtscp lm 3dnowext 3dnow constant_tsc rep_good nopl nonstop_tsc extd_apicid pni monitor cx16 popcnt lahf_lm cmp_legacy svm extapic cr8_legacy abm sse4a misalignsse 3dnowprefetch osvw ibs skinit wdt hw_pstate npt lbrv svm_lock nrip_save
bogomips	: 6399.95
TLB size	: 1024 4K pages
clflush size	: 64
cache_alignment	: 64
address sizes	: 48 bits physical, 48 bits virtual
power management: ts ttp tm stc 100mhzsteps hwpstate

processor	: 3
vendor_id	: AuthenticAMD
cpu family	: 16
model		: 4
model name	: AMD Phenom(tm) II X4 955 Processor
stepping	: 2
microcode	: 0x1000086
cpu MHz		: 3200.000
cache size	: 512 KB
physical id	: 0
siblings	: 4
core id		: 3
cpu cores	: 4
apicid		: 3
initial apicid	: 3
fpu		: yes
fpu_exception	: yes
cpuid level	: 5
wp		: yes
flags		: fpu vme de pse tsc msr pae mce cx8 apic sep mtrr pge mca cmov pat pse36 clflush mmx fxsr sse sse2 ht syscall nx mmxext fxsr_opt pdpe1gb rdtscp lm 3dnowext 3dnow constant_tsc rep_good nopl nonstop_tsc extd_apicid pni monitor cx16 popcnt lahf_lm cmp_legacy svm extapic cr8_legacy abm sse4a misalignsse 3dnowprefetch osvw ibs skinit wdt hw_pstate npt lbrv svm_lock nrip_save
bogomips	: 6399.95
TLB size	: 1024 4K pages
clflush size	: 64
cache_alignment	: 64
address sizes	: 48 bits physical, 48 bits virtual
power management: ts ttp tm stc 100mhzsteps hwpstate



Memory: 4k page, physical 4048044k(1146316k free), swap 0k(0k free)

vm_info: Java HotSpot(TM) 64-Bit Server VM (25.45-b02) for linux-amd64 JRE (1.8.0_45-b14), built on Apr 10 2015 10:07:45 by "java_re" with gcc 4.3.0 20080428 (Red Hat 4.3.0-8)

time: Thu Aug 13 00:02:44 2015
elapsed time: 7 seconds (0d 0h 0m 7s)

