#
# There is insufficient memory for the Java Runtime Environment to continue.
# Native memory allocation (mmap) failed to map 130023424 bytes for committing reserved memory.
# Possible reasons:
#   The system is out of physical RAM or swap space
#   In 32 bit mode, the process size limit was hit
# Possible solutions:
#   Reduce memory load on the system
#   Increase physical memory or swap space
#   Check if swap backing store is full
#   Use 64 bit Java on a 64 bit OS
#   Decrease Java heap size (-Xmx/-Xms)
#   Decrease number of Java threads
#   Decrease Java thread stack sizes (-Xss)
#   Set larger code cache with -XX:ReservedCodeCacheSize=
# This output file may be truncated or incomplete.
#
#  Out of Memory Error (os_linux.cpp:2673), pid=26882, tid=140087962580736
#
# JRE version: Java(TM) SE Runtime Environment (8.0_45-b14) (build 1.8.0_45-b14)
# Java VM: Java HotSpot(TM) 64-Bit Server VM (25.45-b02 mixed mode linux-amd64 compressed oops)
# Failed to write core dump. Core dumps have been disabled. To enable core dumping, try "ulimit -c unlimited" before starting Java again
#

---------------  T H R E A D  ---------------

Current thread (0x00007f68dc079800):  VMThread [stack: 0x00007f68c52f3000,0x00007f68c53f4000] [id=26892]

Stack: [0x00007f68c52f3000,0x00007f68c53f4000],  sp=0x00007f68c53f1fe0,  free space=1019k
Native frames: (J=compiled Java code, j=interpreted, Vv=VM code, C=native code)
V  [libjvm.so+0xaac99a]  VMError::report_and_die()+0x2ba
V  [libjvm.so+0x4f333b]  report_vm_out_of_memory(char const*, int, unsigned long, VMErrorType, char const*)+0x8b
V  [libjvm.so+0x90e7c3]  os::Linux::commit_memory_impl(char*, unsigned long, bool)+0x103
V  [libjvm.so+0x90ed19]  os::pd_commit_memory(char*, unsigned long, unsigned long, bool)+0x29
V  [libjvm.so+0x90867a]  os::commit_memory(char*, unsigned long, unsigned long, bool)+0x2a
V  [libjvm.so+0x97bac3]  PSVirtualSpace::expand_by(unsigned long)+0x53
V  [libjvm.so+0x97cec8]  PSYoungGen::resize_generation(unsigned long, unsigned long)+0xf8
V  [libjvm.so+0x97c022]  PSYoungGen::resize(unsigned long, unsigned long)+0x22
V  [libjvm.so+0x9792fb]  PSScavenge::invoke_no_policy()+0xf7b
V  [libjvm.so+0x979a81]  PSScavenge::invoke()+0x41
V  [libjvm.so+0x932050]  ParallelScavengeHeap::failed_mem_allocate(unsigned long)+0x70
V  [libjvm.so+0xaae1d7]  VM_ParallelGCFailedAllocation::doit()+0x97
V  [libjvm.so+0xab59c5]  VM_Operation::evaluate()+0x55
V  [libjvm.so+0xab3d9a]  VMThread::evaluate_operation(VM_Operation*)+0xba
V  [libjvm.so+0xab411e]  VMThread::loop()+0x1ce
V  [libjvm.so+0xab4590]  VMThread::run()+0x70
V  [libjvm.so+0x910de8]  java_start(Thread*)+0x108

VM_Operation (0x00007f68e3a94110): ParallelGCFailedAllocation, mode: safepoint, requested by thread 0x00007f68dc00b800


---------------  P R O C E S S  ---------------

Java Threads: ( => current thread )
  0x00007f68dc0e2000 JavaThread "Service Thread" daemon [_thread_blocked, id=26899, stack(0x00007f68c4923000,0x00007f68c4a24000)]
  0x00007f68dc0bc800 JavaThread "C1 CompilerThread2" daemon [_thread_blocked, id=26898, stack(0x00007f68c4a24000,0x00007f68c4b25000)]
  0x00007f68dc0bb000 JavaThread "C2 CompilerThread1" daemon [_thread_blocked, id=26897, stack(0x00007f68c4b25000,0x00007f68c4c26000)]
  0x00007f68dc0b8000 JavaThread "C2 CompilerThread0" daemon [_thread_blocked, id=26896, stack(0x00007f68c4c26000,0x00007f68c4d27000)]
  0x00007f68dc0b6800 JavaThread "Signal Dispatcher" daemon [_thread_blocked, id=26895, stack(0x00007f68c4d27000,0x00007f68c4e28000)]
  0x00007f68dc080800 JavaThread "Finalizer" daemon [_thread_blocked, id=26894, stack(0x00007f68c50f1000,0x00007f68c51f2000)]
  0x00007f68dc07e800 JavaThread "Reference Handler" daemon [_thread_blocked, id=26893, stack(0x00007f68c51f2000,0x00007f68c52f3000)]
  0x00007f68dc00b800 JavaThread "main" [_thread_blocked, id=26887, stack(0x00007f68e3995000,0x00007f68e3a96000)]

Other Threads:
=>0x00007f68dc079800 VMThread [stack: 0x00007f68c52f3000,0x00007f68c53f4000] [id=26892]
  0x00007f68dc0e4800 WatcherThread [stack: 0x00007f68c4822000,0x00007f68c4923000] [id=26900]

VM state:at safepoint (normal execution)

VM Mutex/Monitor currently owned by a thread:  ([mutex/lock_event])
[0x00007f68dc007df0] Threads_lock - owner thread: 0x00007f68dc079800
[0x00007f68dc0082f0] Heap_lock - owner thread: 0x00007f68dc00b800

Heap:
 PSYoungGen      total 137728K, used 10898K [0x00000000eab00000, 0x00000000f3f00000, 0x0000000100000000)
  eden space 125440K, 0% used [0x00000000eab00000,0x00000000eab00000,0x00000000f2580000)
  from space 12288K, 88% used [0x00000000f2580000,0x00000000f3024ab0,0x00000000f3180000)
  to   space 10752K, 0% used [0x00000000f3180000,0x00000000f3180000,0x00000000f3c00000)
 ParOldGen       total 42496K, used 21848K [0x00000000c0000000, 0x00000000c2980000, 0x00000000eab00000)
  object space 42496K, 51% used [0x00000000c0000000,0x00000000c15560b8,0x00000000c2980000)
 Metaspace       used 7751K, capacity 7966K, committed 8320K, reserved 1056768K
  class space    used 754K, capacity 785K, committed 896K, reserved 1048576K

Card table byte_map: [0x00007f68e0574000,0x00007f68e0775000] byte_map_base: 0x00007f68dff74000

Marking Bits: (ParMarkBitMap*) 0x00007f68e2e72760
 Begin Bits: [0x00007f68c6000000, 0x00007f68c7000000)
 End Bits:   [0x00007f68c7000000, 0x00007f68c8000000)

Polling page: 0x00007f68e3ab9000

CodeCache: size=245760Kb used=8914Kb max_used=8932Kb free=236846Kb
 bounds [0x00007f68cd000000, 0x00007f68cd8d0000, 0x00007f68dc000000]
 total_blobs=2866 nmethods=2570 adapters=210
 compilation: enabled

Compilation events (10 events):
Event: 2.415 Thread 0x00007f68dc0bc800 2581       3       com.android.dx.io.instructions.InstructionCodec$14::decode (53 bytes)
Event: 2.415 Thread 0x00007f68dc0b8000 nmethod 2577% 0x00007f68cd8b8c50 code [0x00007f68cd8b8e00, 0x00007f68cd8b9100]
Event: 2.415 Thread 0x00007f68dc0b8000 2579       4       java.util.TimSort::countRunAndMakeAscending (128 bytes)
Event: 2.418 Thread 0x00007f68dc0bc800 nmethod 2581 0x00007f68cd8bd510 code [0x00007f68cd8bd700, 0x00007f68cd8be018]
Event: 2.420 Thread 0x00007f68dc0b8000 nmethod 2579 0x00007f68cd8c1690 code [0x00007f68cd8c1820, 0x00007f68cd8c1c08]
Event: 2.420 Thread 0x00007f68dc0b8000 2576       4       com.android.dx.merge.SortableType::<init> (20 bytes)
Event: 2.420 Thread 0x00007f68dc0b8000 nmethod 2576 0x00007f68cd8ab2d0 code [0x00007f68cd8ab420, 0x00007f68cd8ab4b8]
Event: 2.420 Thread 0x00007f68dc0bb000 nmethod 2574% 0x00007f68cd8be990 code [0x00007f68cd8beba0, 0x00007f68cd8bf628]
Event: 2.424 Thread 0x00007f68dc0bc800 2583       3       com.android.dx.io.instructions.InstructionCodec$16::encode (37 bytes)
Event: 2.425 Thread 0x00007f68dc0b8000 2584       4       com.android.dx.io.instructions.InstructionCodec$34::decode (314 bytes)

GC Heap History (10 events):
Event: 0.927 GC heap after
Heap after GC invocations=2 (full 0):
 PSYoungGen      total 34304K, used 2532K [0x00000000eab00000, 0x00000000ecf00000, 0x0000000100000000)
  eden space 31744K, 0% used [0x00000000eab00000,0x00000000eab00000,0x00000000eca00000)
  from space 2560K, 98% used [0x00000000ecc80000,0x00000000ecef91d0,0x00000000ecf00000)
  to   space 2560K, 0% used [0x00000000eca00000,0x00000000eca00000,0x00000000ecc80000)
 ParOldGen       total 42496K, used 5816K [0x00000000c0000000, 0x00000000c2980000, 0x00000000eab00000)
  object space 42496K, 13% used [0x00000000c0000000,0x00000000c05ae3d8,0x00000000c2980000)
 Metaspace       used 5562K, capacity 6896K, committed 7040K, reserved 1056768K
  class space    used 539K, capacity 616K, committed 640K, reserved 1048576K
}
Event: 1.289 GC heap before
{Heap before GC invocations=3 (full 0):
 PSYoungGen      total 34304K, used 34276K [0x00000000eab00000, 0x00000000ecf00000, 0x0000000100000000)
  eden space 31744K, 100% used [0x00000000eab00000,0x00000000eca00000,0x00000000eca00000)
  from space 2560K, 98% used [0x00000000ecc80000,0x00000000ecef91d0,0x00000000ecf00000)
  to   space 2560K, 0% used [0x00000000eca00000,0x00000000eca00000,0x00000000ecc80000)
 ParOldGen       total 42496K, used 5816K [0x00000000c0000000, 0x00000000c2980000, 0x00000000eab00000)
  object space 42496K, 13% used [0x00000000c0000000,0x00000000c05ae3d8,0x00000000c2980000)
 Metaspace       used 6576K, capacity 7440K, committed 7680K, reserved 1056768K
  class space    used 625K, capacity 648K, committed 768K, reserved 1048576K
Event: 1.300 GC heap after
Heap after GC invocations=3 (full 0):
 PSYoungGen      total 34304K, used 2534K [0x00000000eab00000, 0x00000000eee00000, 0x0000000100000000)
  eden space 31744K, 0% used [0x00000000eab00000,0x00000000eab00000,0x00000000eca00000)
  from space 2560K, 99% used [0x00000000eca00000,0x00000000ecc79a40,0x00000000ecc80000)
  to   space 2560K, 0% used [0x00000000eeb80000,0x00000000eeb80000,0x00000000eee00000)
 ParOldGen       total 42496K, used 13790K [0x00000000c0000000, 0x00000000c2980000, 0x00000000eab00000)
  object space 42496K, 32% used [0x00000000c0000000,0x00000000c0d77ad0,0x00000000c2980000)
 Metaspace       used 6576K, capacity 7440K, committed 7680K, reserved 1056768K
  class space    used 625K, capacity 648K, committed 768K, reserved 1048576K
}
Event: 1.553 GC heap before
{Heap before GC invocations=4 (full 0):
 PSYoungGen      total 34304K, used 34278K [0x00000000eab00000, 0x00000000eee00000, 0x0000000100000000)
  eden space 31744K, 100% used [0x00000000eab00000,0x00000000eca00000,0x00000000eca00000)
  from space 2560K, 99% used [0x00000000eca00000,0x00000000ecc79a40,0x00000000ecc80000)
  to   space 2560K, 0% used [0x00000000eeb80000,0x00000000eeb80000,0x00000000eee00000)
 ParOldGen       total 42496K, used 13790K [0x00000000c0000000, 0x00000000c2980000, 0x00000000eab00000)
  object space 42496K, 32% used [0x00000000c0000000,0x00000000c0d77ad0,0x00000000c2980000)
 Metaspace       used 7608K, capacity 7928K, committed 8192K, reserved 1056768K
  class space    used 744K, capacity 752K, committed 768K, reserved 1048576K
Event: 1.565 GC heap after
Heap after GC invocations=4 (full 0):
 PSYoungGen      total 66048K, used 2550K [0x00000000eab00000, 0x00000000eee00000, 0x0000000100000000)
  eden space 63488K, 0% used [0x00000000eab00000,0x00000000eab00000,0x00000000ee900000)
  from space 2560K, 99% used [0x00000000eeb80000,0x00000000eedfd990,0x00000000eee00000)
  to   space 2560K, 0% used [0x00000000ee900000,0x00000000ee900000,0x00000000eeb80000)
 ParOldGen       total 42496K, used 15551K [0x00000000c0000000, 0x00000000c2980000, 0x00000000eab00000)
  object space 42496K, 36% used [0x00000000c0000000,0x00000000c0f2fe70,0x00000000c2980000)
 Metaspace       used 7608K, capacity 7928K, committed 8192K, reserved 1056768K
  class space    used 744K, capacity 752K, committed 768K, reserved 1048576K
}
Event: 1.759 GC heap before
{Heap before GC invocations=5 (full 0):
 PSYoungGen      total 66048K, used 64226K [0x00000000eab00000, 0x00000000eee00000, 0x0000000100000000)
  eden space 63488K, 97% used [0x00000000eab00000,0x00000000ee73afe8,0x00000000ee900000)
  from space 2560K, 99% used [0x00000000eeb80000,0x00000000eedfd990,0x00000000eee00000)
  to   space 2560K, 0% used [0x00000000ee900000,0x00000000ee900000,0x00000000eeb80000)
 ParOldGen       total 42496K, used 15551K [0x00000000c0000000, 0x00000000c2980000, 0x00000000eab00000)
  object space 42496K, 36% used [0x00000000c0000000,0x00000000c0f2fe70,0x00000000c2980000)
 Metaspace       used 7734K, capacity 7966K, committed 8320K, reserved 1056768K
  class space    used 754K, capacity 785K, committed 896K, reserved 1048576K
Event: 1.986 GC heap after
Heap after GC invocations=5 (full 0):
 PSYoungGen      total 66048K, used 2532K [0x00000000eab00000, 0x00000000f3c00000, 0x0000000100000000)
  eden space 63488K, 0% used [0x00000000eab00000,0x00000000eab00000,0x00000000ee900000)
  from space 2560K, 98% used [0x00000000ee900000,0x00000000eeb792e8,0x00000000eeb80000)
  to   space 10752K, 0% used [0x00000000f3180000,0x00000000f3180000,0x00000000f3c00000)
 ParOldGen       total 42496K, used 18043K [0x00000000c0000000, 0x00000000c2980000, 0x00000000eab00000)
  object space 42496K, 42% used [0x00000000c0000000,0x00000000c119eda0,0x00000000c2980000)
 Metaspace       used 7734K, capacity 7966K, committed 8320K, reserved 1056768K
  class space    used 754K, capacity 785K, committed 896K, reserved 1048576K
}
Event: 2.133 GC heap before
{Heap before GC invocations=6 (full 0):
 PSYoungGen      total 66048K, used 66020K [0x00000000eab00000, 0x00000000f3c00000, 0x0000000100000000)
  eden space 63488K, 100% used [0x00000000eab00000,0x00000000ee900000,0x00000000ee900000)
  from space 2560K, 98% used [0x00000000ee900000,0x00000000eeb792e8,0x00000000eeb80000)
  to   space 10752K, 0% used [0x00000000f3180000,0x00000000f3180000,0x00000000f3c00000)
 ParOldGen       total 42496K, used 18043K [0x00000000c0000000, 0x00000000c2980000, 0x00000000eab00000)
  object space 42496K, 42% used [0x00000000c0000000,0x00000000c119eda0,0x00000000c2980000)
 Metaspace       used 7744K, capacity 7966K, committed 8320K, reserved 1056768K
  class space    used 754K, capacity 785K, committed 896K, reserved 1048576K
Event: 2.141 GC heap after
Heap after GC invocations=6 (full 0):
 PSYoungGen      total 136192K, used 10396K [0x00000000eab00000, 0x00000000f3f00000, 0x0000000100000000)
  eden space 125440K, 0% used [0x00000000eab00000,0x00000000eab00000,0x00000000f2580000)
  from space 10752K, 96% used [0x00000000f3180000,0x00000000f3ba7328,0x00000000f3c00000)
  to   space 12288K, 0% used [0x00000000f2580000,0x00000000f2580000,0x00000000f3180000)
 ParOldGen       total 42496K, used 19768K [0x00000000c0000000, 0x00000000c2980000, 0x00000000eab00000)
  object space 42496K, 46% used [0x00000000c0000000,0x00000000c134e170,0x00000000c2980000)
 Metaspace       used 7744K, capacity 7966K, committed 8320K, reserved 1056768K
  class space    used 754K, capacity 785K, committed 896K, reserved 1048576K
}
Event: 2.425 GC heap before
{Heap before GC invocations=7 (full 0):
 PSYoungGen      total 136192K, used 135836K [0x00000000eab00000, 0x00000000f3f00000, 0x0000000100000000)
  eden space 125440K, 100% used [0x00000000eab00000,0x00000000f2580000,0x00000000f2580000)
  from space 10752K, 96% used [0x00000000f3180000,0x00000000f3ba7328,0x00000000f3c00000)
  to   space 12288K, 0% used [0x00000000f2580000,0x00000000f2580000,0x00000000f3180000)
 ParOldGen       total 42496K, used 19768K [0x00000000c0000000, 0x00000000c2980000, 0x00000000eab00000)
  object space 42496K, 46% used [0x00000000c0000000,0x00000000c134e170,0x00000000c2980000)
 Metaspace       used 7751K, capacity 7966K, committed 8320K, reserved 1056768K
  class space    used 754K, capacity 785K, committed 896K, reserved 1048576K

Deoptimization events (10 events):
Event: 1.204 Thread 0x00007f68dc00b800 Uncommon trap: reason=unstable_if action=reinterpret pc=0x00007f68cd62aa2c method=com.android.dx.util.ByteArrayAnnotatedOutput.writeUleb128(I)I @ 4
Event: 1.204 Thread 0x00007f68dc00b800 Uncommon trap: reason=unstable_if action=reinterpret pc=0x00007f68cd615e34 method=com.android.dx.util.ByteArrayAnnotatedOutput.writeByte(I)V @ 13
Event: 1.221 Thread 0x00007f68dc00b800 Uncommon trap: reason=unstable_if action=reinterpret pc=0x00007f68cd3977d4 method=java.util.Arrays.copyOf([Ljava/lang/Object;ILjava/lang/Class;)[Ljava/lang/Object; @ 3
Event: 1.307 Thread 0x00007f68dc00b800 Uncommon trap: reason=unstable_if action=reinterpret pc=0x00007f68cd65cff8 method=java.util.HashMap.putVal(ILjava/lang/Object;Ljava/lang/Object;ZZ)Ljava/lang/Object; @ 162
Event: 1.374 Thread 0x00007f68dc00b800 Uncommon trap: reason=unstable_if action=reinterpret pc=0x00007f68cd6712b8 method=sun.misc.MetaIndex.mayContain(Ljava/lang/String;)Z @ 13
Event: 1.399 Thread 0x00007f68dc00b800 Uncommon trap: reason=predicate action=maybe_recompile pc=0x00007f68cd6f5b98 method=com.android.dex.Leb128.readUnsignedLeb128(Lcom/android/dex/util/ByteInput;)I @ 41
Event: 1.405 Thread 0x00007f68dc00b800 Uncommon trap: reason=unstable_if action=reinterpret pc=0x00007f68cd5858e0 method=java.util.HashMap.getNode(ILjava/lang/Object;)Ljava/util/HashMap$Node; @ 84
Event: 1.405 Thread 0x00007f68dc00b800 Uncommon trap: reason=unstable_if action=reinterpret pc=0x00007f68cd57f480 method=java.util.HashMap.getNode(ILjava/lang/Object;)Ljava/util/HashMap$Node; @ 84
Event: 2.043 Thread 0x00007f68dc00b800 Uncommon trap: reason=unstable_if action=reinterpret pc=0x00007f68cd7c5568 method=com.android.dex.EncodedValueCodec.readUnsignedInt(Lcom/android/dex/util/ByteInput;IZ)I @ 3
Event: 2.353 Thread 0x00007f68dc00b800 Uncommon trap: reason=unstable_if action=reinterpret pc=0x00007f68cd7a84d4 method=com.android.dx.merge.IndexMap.adjustString(I)I @ 2

Internal exceptions (7 events):
Event: 0.075 Thread 0x00007f68dc00b800 Exception <a 'java/lang/NoSuchMethodError': Method sun.misc.Unsafe.defineClass(Ljava/lang/String;[BII)Ljava/lang/Class; name or signature does not match> (0x00000000eab12830) thrown at [/RE-WORK/workspace/8-2-build-linux-amd64/jdk8u45/3457/hotspot/src/sha
Event: 0.075 Thread 0x00007f68dc00b800 Exception <a 'java/lang/NoSuchMethodError': Method sun.misc.Unsafe.prefetchRead(Ljava/lang/Object;J)V name or signature does not match> (0x00000000eab12ac0) thrown at [/RE-WORK/workspace/8-2-build-linux-amd64/jdk8u45/3457/hotspot/src/share/vm/prims/jni.cp
Event: 0.938 Thread 0x00007f68dc00b800 Implicit null exception at 0x00007f68cd5296a2 to 0x00007f68cd529742
Event: 1.375 Thread 0x00007f68dc00b800 Exception <a 'java/security/PrivilegedActionException'> (0x00000000ead6de10) thrown at [/RE-WORK/workspace/8-2-build-linux-amd64/jdk8u45/3457/hotspot/src/share/vm/prims/jvm.cpp, line 1382]
Event: 1.375 Thread 0x00007f68dc00b800 Exception <a 'java/security/PrivilegedActionException'> (0x00000000ead6e158) thrown at [/RE-WORK/workspace/8-2-build-linux-amd64/jdk8u45/3457/hotspot/src/share/vm/prims/jvm.cpp, line 1382]
Event: 1.375 Thread 0x00007f68dc00b800 Exception <a 'java/security/PrivilegedActionException'> (0x00000000ead70608) thrown at [/RE-WORK/workspace/8-2-build-linux-amd64/jdk8u45/3457/hotspot/src/share/vm/prims/jvm.cpp, line 1382]
Event: 1.375 Thread 0x00007f68dc00b800 Exception <a 'java/security/PrivilegedActionException'> (0x00000000ead70950) thrown at [/RE-WORK/workspace/8-2-build-linux-amd64/jdk8u45/3457/hotspot/src/share/vm/prims/jvm.cpp, line 1382]

Events (10 events):
Event: 2.043 Thread 0x00007f68dc00b800 DEOPT PACKING pc=0x00007f68cd7c5568 sp=0x00007f68e3a942a0
Event: 2.043 Thread 0x00007f68dc00b800 DEOPT UNPACKING pc=0x00007f68cd005229 sp=0x00007f68e3a94278 mode 2
Event: 2.133 Executing VM operation: ParallelGCFailedAllocation
Event: 2.141 Executing VM operation: ParallelGCFailedAllocation done
Event: 2.338 Thread 0x00007f68dc00b800 DEOPT PACKING pc=0x00007f68cd759d49 sp=0x00007f68e3a94180
Event: 2.338 Thread 0x00007f68dc00b800 DEOPT UNPACKING pc=0x00007f68cd047233 sp=0x00007f68e3a93ed0 mode 0
Event: 2.353 Thread 0x00007f68dc00b800 Uncommon trap: trap_request=0xffffff65 fr.pc=0x00007f68cd7a84d4
Event: 2.353 Thread 0x00007f68dc00b800 DEOPT PACKING pc=0x00007f68cd7a84d4 sp=0x00007f68e3a94490
Event: 2.353 Thread 0x00007f68dc00b800 DEOPT UNPACKING pc=0x00007f68cd005229 sp=0x00007f68e3a94450 mode 2
Event: 2.425 Executing VM operation: ParallelGCFailedAllocation


Dynamic libraries:
00400000-00401000 r-xp 00000000 08:03 1572315                            /opt/java/jdk1.8.0_45/bin/java
00600000-00601000 rw-p 00000000 08:03 1572315                            /opt/java/jdk1.8.0_45/bin/java
00c80000-00ca1000 rw-p 00000000 00:00 0                                  [heap]
c0000000-c2980000 rw-p 00000000 00:00 0 
c2980000-eab00000 ---p 00000000 00:00 0 
eab00000-f3f00000 rw-p 00000000 00:00 0 
fbb00000-100000000 ---p 00000000 00:00 0 
100000000-1000e0000 rw-p 00000000 00:00 0 
1000e0000-140000000 ---p 00000000 00:00 0 
7f6890000000-7f6890021000 rw-p 00000000 00:00 0 
7f6890021000-7f6894000000 ---p 00000000 00:00 0 
7f6894000000-7f6894021000 rw-p 00000000 00:00 0 
7f6894021000-7f6898000000 ---p 00000000 00:00 0 
7f6898000000-7f6898a85000 rw-p 00000000 00:00 0 
7f6898a85000-7f689c000000 ---p 00000000 00:00 0 
7f689c000000-7f689c788000 rw-p 00000000 00:00 0 
7f689c788000-7f68a0000000 ---p 00000000 00:00 0 
7f68a0000000-7f68a0021000 rw-p 00000000 00:00 0 
7f68a0021000-7f68a4000000 ---p 00000000 00:00 0 
7f68a4000000-7f68a46b2000 rw-p 00000000 00:00 0 
7f68a46b2000-7f68a8000000 ---p 00000000 00:00 0 
7f68a8000000-7f68a8021000 rw-p 00000000 00:00 0 
7f68a8021000-7f68ac000000 ---p 00000000 00:00 0 
7f68ac000000-7f68ac021000 rw-p 00000000 00:00 0 
7f68ac021000-7f68b0000000 ---p 00000000 00:00 0 
7f68b0000000-7f68b0021000 rw-p 00000000 00:00 0 
7f68b0021000-7f68b4000000 ---p 00000000 00:00 0 
7f68b4000000-7f68b428a000 rw-p 00000000 00:00 0 
7f68b428a000-7f68b8000000 ---p 00000000 00:00 0 
7f68b8000000-7f68b8021000 rw-p 00000000 00:00 0 
7f68b8021000-7f68bc000000 ---p 00000000 00:00 0 
7f68c0000000-7f68c0021000 rw-p 00000000 00:00 0 
7f68c0021000-7f68c4000000 ---p 00000000 00:00 0 
7f68c4806000-7f68c4822000 r--s 00393000 08:03 1574015                    /opt/java/jdk1.8.0_45/jre/lib/ext/cldrdata.jar
7f68c4822000-7f68c4823000 ---p 00000000 00:00 0 
7f68c4823000-7f68c4923000 rw-p 00000000 00:00 0                          [stack:26900]
7f68c4923000-7f68c4926000 ---p 00000000 00:00 0 
7f68c4926000-7f68c4a24000 rw-p 00000000 00:00 0                          [stack:26899]
7f68c4a24000-7f68c4a27000 ---p 00000000 00:00 0 
7f68c4a27000-7f68c4b25000 rw-p 00000000 00:00 0                          [stack:26898]
7f68c4b25000-7f68c4b28000 ---p 00000000 00:00 0 
7f68c4b28000-7f68c4c26000 rw-p 00000000 00:00 0                          [stack:26897]
7f68c4c26000-7f68c4c29000 ---p 00000000 00:00 0 
7f68c4c29000-7f68c4d27000 rw-p 00000000 00:00 0                          [stack:26896]
7f68c4d27000-7f68c4d2a000 ---p 00000000 00:00 0 
7f68c4d2a000-7f68c4e28000 rw-p 00000000 00:00 0                          [stack:26895]
7f68c4e28000-7f68c50f1000 r--p 00000000 08:03 266989                     /usr/lib/locale/locale-archive
7f68c50f1000-7f68c50f4000 ---p 00000000 00:00 0 
7f68c50f4000-7f68c51f2000 rw-p 00000000 00:00 0                          [stack:26894]
7f68c51f2000-7f68c51f5000 ---p 00000000 00:00 0 
7f68c51f5000-7f68c52f3000 rw-p 00000000 00:00 0                          [stack:26893]
7f68c52f3000-7f68c52f4000 ---p 00000000 00:00 0 
7f68c52f4000-7f68c8000000 rw-p 00000000 00:00 0                          [stack:26892]
7f68c8000000-7f68c8021000 rw-p 00000000 00:00 0 
7f68c8021000-7f68cc000000 ---p 00000000 00:00 0 
7f68cc009000-7f68cc3b1000 rw-p 00000000 00:00 0 
7f68cc3b1000-7f68cc58a000 r--s 03d09000 08:03 1573810                    /opt/java/jdk1.8.0_45/jre/lib/rt.jar
7f68cc58a000-7f68ccd40000 rw-p 00000000 00:00 0 
7f68ccd40000-7f68cce00000 ---p 00000000 00:00 0 
7f68cce00000-7f68cd000000 rw-p 00000000 00:00 0 
7f68cd000000-7f68cd8d0000 rwxp 00000000 00:00 0 
7f68cd8d0000-7f68dc000000 ---p 00000000 00:00 0 
7f68dc000000-7f68dc3c0000 rw-p 00000000 00:00 0 
7f68dc3c0000-7f68e0000000 ---p 00000000 00:00 0 
7f68e0000000-7f68e000b000 r--s 00116000 08:03 1574017                    /opt/java/jdk1.8.0_45/jre/lib/ext/localedata.jar
7f68e000b000-7f68e001a000 r--s 000dd000 00:1a 9438599                    /home/mike/Android/Sdk/build-tools/22.0.1/lib/dx.jar
7f68e001a000-7f68e001b000 ---p 00000000 00:00 0 
7f68e001b000-7f68e011b000 rw-p 00000000 00:00 0                          [stack:26891]
7f68e011b000-7f68e011c000 ---p 00000000 00:00 0 
7f68e011c000-7f68e021c000 rw-p 00000000 00:00 0                          [stack:26890]
7f68e021c000-7f68e021d000 ---p 00000000 00:00 0 
7f68e021d000-7f68e031d000 rw-p 00000000 00:00 0                          [stack:26889]
7f68e031d000-7f68e031e000 ---p 00000000 00:00 0 
7f68e031e000-7f68e0433000 rw-p 00000000 00:00 0                          [stack:26888]
7f68e0433000-7f68e0574000 ---p 00000000 00:00 0 
7f68e0574000-7f68e0589000 rw-p 00000000 00:00 0 
7f68e0589000-7f68e06c9000 ---p 00000000 00:00 0 
7f68e06c9000-7f68e0714000 rw-p 00000000 00:00 0 
7f68e0714000-7f68e0774000 ---p 00000000 00:00 0 
7f68e0774000-7f68e0799000 rw-p 00000000 00:00 0 
7f68e0799000-7f68e0b35000 ---p 00000000 00:00 0 
7f68e0b35000-7f68e0b4f000 r-xp 00000000 08:03 1574049                    /opt/java/jdk1.8.0_45/jre/lib/amd64/libzip.so
7f68e0b4f000-7f68e0d4f000 ---p 0001a000 08:03 1574049                    /opt/java/jdk1.8.0_45/jre/lib/amd64/libzip.so
7f68e0d4f000-7f68e0d50000 rw-p 0001a000 08:03 1574049                    /opt/java/jdk1.8.0_45/jre/lib/amd64/libzip.so
7f68e0d50000-7f68e0d5b000 r-xp 00000000 08:03 131807                     /lib/x86_64-linux-gnu/libnss_files-2.19.so
7f68e0d5b000-7f68e0f5a000 ---p 0000b000 08:03 131807                     /lib/x86_64-linux-gnu/libnss_files-2.19.so
7f68e0f5a000-7f68e0f5b000 r--p 0000a000 08:03 131807                     /lib/x86_64-linux-gnu/libnss_files-2.19.so
7f68e0f5b000-7f68e0f5c000 rw-p 0000b000 08:03 131807                     /lib/x86_64-linux-gnu/libnss_files-2.19.so
7f68e0f5c000-7f68e0f67000 r-xp 00000000 08:03 131871                     /lib/x86_64-linux-gnu/libnss_nis-2.19.so
7f68e0f67000-7f68e1166000 ---p 0000b000 08:03 131871                     /lib/x86_64-linux-gnu/libnss_nis-2.19.so
7f68e1166000-7f68e1167000 r--p 0000a000 08:03 131871                     /lib/x86_64-linux-gnu/libnss_nis-2.19.so
7f68e1167000-7f68e1168000 rw-p 0000b000 08:03 131871                     /lib/x86_64-linux-gnu/libnss_nis-2.19.so
7f68e1168000-7f68e117f000 r-xp 00000000 08:03 131829                     /lib/x86_64-linux-gnu/libnsl-2.19.so
7f68e117f000-7f68e137e000 ---p 00017000 08:03 131829                     /lib/x86_64-linux-gnu/libnsl-2.19.so
7f68e137e000-7f68e137f000 r--p 00016000 08:03 131829                     /lib/x86_64-linux-gnu/libnsl-2.19.so
7f68e137f000-7f68e1380000 rw-p 00017000 08:03 131829                     /lib/x86_64-linux-gnu/libnsl-2.19.so
7f68e1380000-7f68e1382000 rw-p 00000000 00:00 0 
7f68e1382000-7f68e138b000 r-xp 00000000 08:03 131828                     /lib/x86_64-linux-gnu/libnss_compat-2.19.so
7f68e138b000-7f68e158a000 ---p 00009000 08:03 131828                     /lib/x86_64-linux-gnu/libnss_compat-2.19.so
7f68e158a000-7f68e158b000 r--p 00008000 08:03 131828                     /lib/x86_64-linux-gnu/libnss_compat-2.19.so
7f68e158b000-7f68e158c000 rw-p 00009000 08:03 131828                     /lib/x86_64-linux-gnu/libnss_compat-2.19.so
7f68e158c000-7f68e15b6000 r-xp 00000000 08:03 1574040                    /opt/java/jdk1.8.0_45/jre/lib/amd64/libjava.so
7f68e15b6000-7f68e17b6000 ---p 0002a000 08:03 1574040                    /opt/java/jdk1.8.0_45/jre/lib/amd64/libjava.so
7f68e17b6000-7f68e17b8000 rw-p 0002a000 08:03 1574040                    /opt/java/jdk1.8.0_45/jre/lib/amd64/libjava.so
7f68e17b8000-7f68e17c5000 r-xp 00000000 08:03 1574047                    /opt/java/jdk1.8.0_45/jre/lib/amd64/libverify.so
7f68e17c5000-7f68e19c5000 ---p 0000d000 08:03 1574047                    /opt/java/jdk1.8.0_45/jre/lib/amd64/libverify.so
7f68e19c5000-7f68e19c7000 rw-p 0000d000 08:03 1574047                    /opt/java/jdk1.8.0_45/jre/lib/amd64/libverify.so
7f68e19c7000-7f68e19ce000 r-xp 00000000 08:03 131868                     /lib/x86_64-linux-gnu/librt-2.19.so
7f68e19ce000-7f68e1bcd000 ---p 00007000 08:03 131868                     /lib/x86_64-linux-gnu/librt-2.19.so
7f68e1bcd000-7f68e1bce000 r--p 00006000 08:03 131868                     /lib/x86_64-linux-gnu/librt-2.19.so
7f68e1bce000-7f68e1bcf000 rw-p 00007000 08:03 131868                     /lib/x86_64-linux-gnu/librt-2.19.so
7f68e1bcf000-7f68e1cd4000 r-xp 00000000 08:03 131806                     /lib/x86_64-linux-gnu/libm-2.19.so
7f68e1cd4000-7f68e1ed3000 ---p 00105000 08:03 131806                     /lib/x86_64-linux-gnu/libm-2.19.so
7f68e1ed3000-7f68e1ed4000 r--p 00104000 08:03 131806                     /lib/x86_64-linux-gnu/libm-2.19.so
7f68e1ed4000-7f68e1ed5000 rw-p 00105000 08:03 131806                     /lib/x86_64-linux-gnu/libm-2.19.so
7f68e1ed5000-7f68e2b83000 r-xp 00000000 08:03 1574060                    /opt/java/jdk1.8.0_45/jre/lib/amd64/server/libjvm.so
7f68e2b83000-7f68e2d82000 ---p 00cae000 08:03 1574060                    /opt/java/jdk1.8.0_45/jre/lib/amd64/server/libjvm.so
7f68e2d82000-7f68e2e59000 rw-p 00cad000 08:03 1574060                    /opt/java/jdk1.8.0_45/jre/lib/amd64/server/libjvm.so
7f68e2e59000-7f68e2e9d000 rw-p 00000000 00:00 0 
7f68e2e9d000-7f68e3058000 r-xp 00000000 08:03 131857                     /lib/x86_64-linux-gnu/libc-2.19.so
7f68e3058000-7f68e3257000 ---p 001bb000 08:03 131857                     /lib/x86_64-linux-gnu/libc-2.19.so
7f68e3257000-7f68e325b000 r--p 001ba000 08:03 131857                     /lib/x86_64-linux-gnu/libc-2.19.so
7f68e325b000-7f68e325d000 rw-p 001be000 08:03 131857                     /lib/x86_64-linux-gnu/libc-2.19.so
7f68e325d000-7f68e3262000 rw-p 00000000 00:00 0 
7f68e3262000-7f68e3265000 r-xp 00000000 08:03 131810                     /lib/x86_64-linux-gnu/libdl-2.19.so
7f68e3265000-7f68e3464000 ---p 00003000 08:03 131810                     /lib/x86_64-linux-gnu/libdl-2.19.so
7f68e3464000-7f68e3465000 r--p 00002000 08:03 131810                     /lib/x86_64-linux-gnu/libdl-2.19.so
7f68e3465000-7f68e3466000 rw-p 00003000 08:03 131810                     /lib/x86_64-linux-gnu/libdl-2.19.so
7f68e3466000-7f68e347b000 r-xp 00000000 08:03 1573749                    /opt/java/jdk1.8.0_45/lib/amd64/jli/libjli.so
7f68e347b000-7f68e367b000 ---p 00015000 08:03 1573749                    /opt/java/jdk1.8.0_45/lib/amd64/jli/libjli.so
7f68e367b000-7f68e367c000 rw-p 00015000 08:03 1573749                    /opt/java/jdk1.8.0_45/lib/amd64/jli/libjli.so
7f68e367c000-7f68e3695000 r-xp 00000000 08:03 131858                     /lib/x86_64-linux-gnu/libpthread-2.19.so
7f68e3695000-7f68e3894000 ---p 00019000 08:03 131858                     /lib/x86_64-linux-gnu/libpthread-2.19.so
7f68e3894000-7f68e3895000 r--p 00018000 08:03 131858                     /lib/x86_64-linux-gnu/libpthread-2.19.so
7f68e3895000-7f68e3896000 rw-p 00019000 08:03 131858                     /lib/x86_64-linux-gnu/libpthread-2.19.so
7f68e3896000-7f68e389a000 rw-p 00000000 00:00 0 
7f68e389a000-7f68e38bd000 r-xp 00000000 08:03 131833                     /lib/x86_64-linux-gnu/ld-2.19.so
7f68e38be000-7f68e38c3000 r--s 00094000 08:03 1573828                    /opt/java/jdk1.8.0_45/jre/lib/jsse.jar
7f68e38c3000-7f68e3995000 rw-p 00000000 00:00 0 
7f68e3995000-7f68e3998000 ---p 00000000 00:00 0 
7f68e3998000-7f68e3a9b000 rw-p 00000000 00:00 0                          [stack:26887]
7f68e3a9b000-7f68e3a9c000 r--p 00000000 08:03 672594                     /usr/share/locale-langpack/en_GB/LC_MESSAGES/libc.mo
7f68e3a9c000-7f68e3ab0000 rw-p 00000000 00:00 0 
7f68e3ab0000-7f68e3ab8000 rw-s 00000000 08:03 1574162                    /tmp/hsperfdata_mike/26882
7f68e3ab8000-7f68e3ab9000 rw-p 00000000 00:00 0 
7f68e3ab9000-7f68e3aba000 ---p 00000000 00:00 0 
7f68e3aba000-7f68e3abc000 rw-p 00000000 00:00 0 
7f68e3abc000-7f68e3abd000 r--p 00022000 08:03 131833                     /lib/x86_64-linux-gnu/ld-2.19.so
7f68e3abd000-7f68e3abe000 rw-p 00023000 08:03 131833                     /lib/x86_64-linux-gnu/ld-2.19.so
7f68e3abe000-7f68e3abf000 rw-p 00000000 00:00 0 
7fff5c152000-7fff5c174000 rw-p 00000000 00:00 0                          [stack]
7fff5c1fe000-7fff5c200000 r-xp 00000000 00:00 0                          [vdso]
ffffffffff600000-ffffffffff601000 r-xp 00000000 00:00 0                  [vsyscall]

VM Arguments:
jvm_args: -Xmx1024M -Dfile.encoding=UTF-8 -Duser.country=GB -Duser.language=en -Duser.variant 
java_command: com.android.dx.command.Main --dex --output /home/mike/AndroidStudioProjects/Wordist/app/build/intermediates/dex/debug /home/mike/AndroidStudioProjects/Wordist/app/build/intermediates/classes/debug /home/mike/AndroidStudioProjects/Wordist/app/build/intermediates/pre-dexed/debug/support-annotations-22.2.0-bfa71d602cc0e11fce5350ed544c9f5e4d4a05e4.jar /home/mike/AndroidStudioProjects/Wordist/app/build/intermediates/pre-dexed/debug/classes-e01224f4b848d2f70fe036e6ffd03fad8e49b557.jar /home/mike/AndroidStudioProjects/Wordist/app/build/intermediates/pre-dexed/debug/classes-2ab3d19bd8375c4756f92f9df195e4252f17cf71.jar /home/mike/AndroidStudioProjects/Wordist/app/build/intermediates/pre-dexed/debug/classes-674e81071699e5047dc949309e33eaff0b6cf792.jar /home/mike/AndroidStudioProjects/Wordist/app/build/intermediates/pre-dexed/debug/internal_impl-22.0.0-badf73acff408b2f94e3947ab7ebff932b700965.jar /home/mike/AndroidStudioProjects/Wordist/app/build/intermediates/pre-dexed/debug/classes-b97a6c1cf7fbeb04f196fcf80c57d4257edcc6dd.jar /home/mike/AndroidStudioProjects/Wordist/app/build/intermediates/pre-dexed/debug/classes-d24eb526a194db96263c3f6685649fd0fe6c44d5.jar /home/mike/AndroidStudioProjects/Wordist/app/build/intermediates/pre-dexed/debug/classes-7a28f4ba4fb32a581ec7923ddf90ef95697adfea.jar /home/mike/AndroidStudioProjects/Wordist/app/build/intermediates/pre-dexed/debug/classes-2fffb6f7a97d395100aaf3eefa7e7444903a76be.jar /home/mike/AndroidStudioProjects/Wordist/app/build/intermediates/pre-dexed/debug/classes-cc0797b316f66372a2b35e75e646f3b4068a1b62.jar /home/mike/AndroidStudioProjects/Wordist/app/build/intermediates/pre-dexed/debug/classes-ba694547ab3fc3fe5bc8d34ae51866c6cab4beda.jar /home/mike/AndroidStudioProjects/Wordist/app/build/intermediates/pre-dexed/debug/classes-137b98b536e4a331a4b67052cd2264e1af3633e9.jar /home/mike/AndroidStudioProjects/Wordist/app/build/intermediates/pre-dexed/debug/classes-d59b62fbaf9b5683c1ab50b0492d3f2097297188.jar /home/mike/An
java_class_path (initial): /home/mike/Android/Sdk/build-tools/22.0.1/lib/dx.jar
Launcher Type: SUN_STANDARD

Environment Variables:
PATH=/usr/local/sbin:/usr/local/bin:/usr/sbin:/usr/bin:/sbin:/bin:/usr/games:/usr/local/games
USERNAME=mike
LD_LIBRARY_PATH=/opt/android-studio/bin:
SHELL=/bin/bash
DISPLAY=:0

Signal Handlers:
SIGSEGV: [libjvm.so+0xaad1e0], sa_mask[0]=11111111011111111101111111111110, sa_flags=SA_RESTART|SA_SIGINFO
SIGBUS: [libjvm.so+0xaad1e0], sa_mask[0]=11111111011111111101111111111110, sa_flags=SA_RESTART|SA_SIGINFO
SIGFPE: [libjvm.so+0x90b450], sa_mask[0]=11111111011111111101111111111110, sa_flags=SA_RESTART|SA_SIGINFO
SIGPIPE: [libjvm.so+0x90b450], sa_mask[0]=11111111011111111101111111111110, sa_flags=SA_RESTART|SA_SIGINFO
SIGXFSZ: [libjvm.so+0x90b450], sa_mask[0]=11111111011111111101111111111110, sa_flags=SA_RESTART|SA_SIGINFO
SIGILL: [libjvm.so+0x90b450], sa_mask[0]=11111111011111111101111111111110, sa_flags=SA_RESTART|SA_SIGINFO
SIGUSR1: SIG_DFL, sa_mask[0]=00000000000000000000000000000000, sa_flags=none
SIGUSR2: [libjvm.so+0x90ca90], sa_mask[0]=00100000000000000000000000000000, sa_flags=SA_RESTART|SA_SIGINFO
SIGHUP: [libjvm.so+0x90dde0], sa_mask[0]=11111111011111111101111111111110, sa_flags=SA_RESTART|SA_SIGINFO
SIGINT: [libjvm.so+0x90dde0], sa_mask[0]=11111111011111111101111111111110, sa_flags=SA_RESTART|SA_SIGINFO
SIGTERM: [libjvm.so+0x90dde0], sa_mask[0]=11111111011111111101111111111110, sa_flags=SA_RESTART|SA_SIGINFO
SIGQUIT: [libjvm.so+0x90dde0], sa_mask[0]=11111111011111111101111111111110, sa_flags=SA_RESTART|SA_SIGINFO


---------------  S Y S T E M  ---------------

OS:DISTRIB_ID=LinuxMint
DISTRIB_RELEASE=17.2
DISTRIB_CODENAME=rafaela
DISTRIB_DESCRIPTION="Linux Mint 17.2 Rafaela"

uname:Linux 3.13.0-37-generic #64-Ubuntu SMP Mon Sep 22 21:28:38 UTC 2014 x86_64
libc:glibc 2.19 NPTL 2.19 
rlimit: STACK 8192k, CORE 0k, NPROC 30882, NOFILE 4096, AS infinity
load average:1.42 0.81 0.87

/proc/meminfo:
MemTotal:        4048044 kB
MemFree:          144364 kB
Buffers:            3676 kB
Cached:            64420 kB
SwapCached:            0 kB
Active:          3355628 kB
Inactive:          39296 kB
Active(anon):    3328676 kB
Inactive(anon):    16092 kB
Active(file):      26952 kB
Inactive(file):    23204 kB
Unevictable:          72 kB
Mlocked:              72 kB
SwapTotal:             0 kB
SwapFree:              0 kB
Dirty:               124 kB
Writeback:             0 kB
AnonPages:       3326844 kB
Mapped:           219616 kB
Shmem:             17872 kB
Slab:              67528 kB
SReclaimable:      24272 kB
SUnreclaim:        43256 kB
KernelStack:        4256 kB
PageTables:        30984 kB
NFS_Unstable:          0 kB
Bounce:                0 kB
WritebackTmp:          0 kB
CommitLimit:     2024020 kB
Committed_AS:    4897260 kB
VmallocTotal:   34359738367 kB
VmallocUsed:      305680 kB
VmallocChunk:   34359429372 kB
HardwareCorrupted:     0 kB
AnonHugePages:   2248704 kB
HugePages_Total:       0
HugePages_Free:        0
HugePages_Rsvd:        0
HugePages_Surp:        0
Hugepagesize:       2048 kB
DirectMap4k:      280128 kB
DirectMap2M:     3913728 kB
DirectMap1G:           0 kB


CPU:total 4 (4 cores per cpu, 1 threads per core) family 16 model 4 stepping 2, cmov, cx8, fxsr, mmx, sse, sse2, sse3, popcnt, mmxext, 3dnowpref, lzcnt, sse4a, tsc, tscinvbit, tscinv

/proc/cpuinfo:
processor	: 0
vendor_id	: AuthenticAMD
cpu family	: 16
model		: 4
model name	: AMD Phenom(tm) II X4 955 Processor
stepping	: 2
microcode	: 0x1000086
cpu MHz		: 800.000
cache size	: 512 KB
physical id	: 0
siblings	: 4
core id		: 0
cpu cores	: 4
apicid		: 0
initial apicid	: 0
fpu		: yes
fpu_exception	: yes
cpuid level	: 5
wp		: yes
flags		: fpu vme de pse tsc msr pae mce cx8 apic sep mtrr pge mca cmov pat pse36 clflush mmx fxsr sse sse2 ht syscall nx mmxext fxsr_opt pdpe1gb rdtscp lm 3dnowext 3dnow constant_tsc rep_good nopl nonstop_tsc extd_apicid pni monitor cx16 popcnt lahf_lm cmp_legacy svm extapic cr8_legacy abm sse4a misalignsse 3dnowprefetch osvw ibs skinit wdt hw_pstate npt lbrv svm_lock nrip_save
bogomips	: 6399.67
TLB size	: 1024 4K pages
clflush size	: 64
cache_alignment	: 64
address sizes	: 48 bits physical, 48 bits virtual
power management: ts ttp tm stc 100mhzsteps hwpstate

processor	: 1
vendor_id	: AuthenticAMD
cpu family	: 16
model		: 4
model name	: AMD Phenom(tm) II X4 955 Processor
stepping	: 2
microcode	: 0x1000086
cpu MHz		: 800.000
cache size	: 512 KB
physical id	: 0
siblings	: 4
core id		: 1
cpu cores	: 4
apicid		: 1
initial apicid	: 1
fpu		: yes
fpu_exception	: yes
cpuid level	: 5
wp		: yes
flags		: fpu vme de pse tsc msr pae mce cx8 apic sep mtrr pge mca cmov pat pse36 clflush mmx fxsr sse sse2 ht syscall nx mmxext fxsr_opt pdpe1gb rdtscp lm 3dnowext 3dnow constant_tsc rep_good nopl nonstop_tsc extd_apicid pni monitor cx16 popcnt lahf_lm cmp_legacy svm extapic cr8_legacy abm sse4a misalignsse 3dnowprefetch osvw ibs skinit wdt hw_pstate npt lbrv svm_lock nrip_save
bogomips	: 6399.67
TLB size	: 1024 4K pages
clflush size	: 64
cache_alignment	: 64
address sizes	: 48 bits physical, 48 bits virtual
power management: ts ttp tm stc 100mhzsteps hwpstate

processor	: 2
vendor_id	: AuthenticAMD
cpu family	: 16
model		: 4
model name	: AMD Phenom(tm) II X4 955 Processor
stepping	: 2
microcode	: 0x1000086
cpu MHz		: 800.000
cache size	: 512 KB
physical id	: 0
siblings	: 4
core id		: 2
cpu cores	: 4
apicid		: 2
initial apicid	: 2
fpu		: yes
fpu_exception	: yes
cpuid level	: 5
wp		: yes
flags		: fpu vme de pse tsc msr pae mce cx8 apic sep mtrr pge mca cmov pat pse36 clflush mmx fxsr sse sse2 ht syscall nx mmxext fxsr_opt pdpe1gb rdtscp lm 3dnowext 3dnow constant_tsc rep_good nopl nonstop_tsc extd_apicid pni monitor cx16 popcnt lahf_lm cmp_legacy svm extapic cr8_legacy abm sse4a misalignsse 3dnowprefetch osvw ibs skinit wdt hw_pstate npt lbrv svm_lock nrip_save
bogomips	: 6399.67
TLB size	: 1024 4K pages
clflush size	: 64
cache_alignment	: 64
address sizes	: 48 bits physical, 48 bits virtual
power management: ts ttp tm stc 100mhzsteps hwpstate

processor	: 3
vendor_id	: AuthenticAMD
cpu family	: 16
model		: 4
model name	: AMD Phenom(tm) II X4 955 Processor
stepping	: 2
microcode	: 0x1000086
cpu MHz		: 3200.000
cache size	: 512 KB
physical id	: 0
siblings	: 4
core id		: 3
cpu cores	: 4
apicid		: 3
initial apicid	: 3
fpu		: yes
fpu_exception	: yes
cpuid level	: 5
wp		: yes
flags		: fpu vme de pse tsc msr pae mce cx8 apic sep mtrr pge mca cmov pat pse36 clflush mmx fxsr sse sse2 ht syscall nx mmxext fxsr_opt pdpe1gb rdtscp lm 3dnowext 3dnow constant_tsc rep_good nopl nonstop_tsc extd_apicid pni monitor cx16 popcnt lahf_lm cmp_legacy svm extapic cr8_legacy abm sse4a misalignsse 3dnowprefetch osvw ibs skinit wdt hw_pstate npt lbrv svm_lock nrip_save
bogomips	: 6399.67
TLB size	: 1024 4K pages
clflush size	: 64
cache_alignment	: 64
address sizes	: 48 bits physical, 48 bits virtual
power management: ts ttp tm stc 100mhzsteps hwpstate



Memory: 4k page, physical 4048044k(144364k free), swap 0k(0k free)

vm_info: Java HotSpot(TM) 64-Bit Server VM (25.45-b02) for linux-amd64 JRE (1.8.0_45-b14), built on Apr 10 2015 10:07:45 by "java_re" with gcc 4.3.0 20080428 (Red Hat 4.3.0-8)

time: Sun Jul 19 22:25:23 2015
elapsed time: 2 seconds (0d 0h 0m 2s)

