#
# There is insufficient memory for the Java Runtime Environment to continue.
# Native memory allocation (mmap) failed to map 29884416 bytes for committing reserved memory.
# Possible reasons:
#   The system is out of physical RAM or swap space
#   In 32 bit mode, the process size limit was hit
# Possible solutions:
#   Reduce memory load on the system
#   Increase physical memory or swap space
#   Check if swap backing store is full
#   Use 64 bit Java on a 64 bit OS
#   Decrease Java heap size (-Xmx/-Xms)
#   Decrease number of Java threads
#   Decrease Java thread stack sizes (-Xss)
#   Set larger code cache with -XX:ReservedCodeCacheSize=
# This output file may be truncated or incomplete.
#
#  Out of Memory Error (os_linux.cpp:2673), pid=14111, tid=139774880425728
#
# JRE version: Java(TM) SE Runtime Environment (8.0_45-b14) (build 1.8.0_45-b14)
# Java VM: Java HotSpot(TM) 64-Bit Server VM (25.45-b02 mixed mode linux-amd64 compressed oops)
# Failed to write core dump. Core dumps have been disabled. To enable core dumping, try "ulimit -c unlimited" before starting Java again
#

---------------  T H R E A D  ---------------

Current thread (0x00007f1fdc077800):  VMThread [stack: 0x00007f1fe008a000,0x00007f1fe018b000] [id=14120]

Stack: [0x00007f1fe008a000,0x00007f1fe018b000],  sp=0x00007f1fe0189160,  free space=1020k
Native frames: (J=compiled Java code, j=interpreted, Vv=VM code, C=native code)
V  [libjvm.so+0xaac99a]  VMError::report_and_die()+0x2ba
V  [libjvm.so+0x4f333b]  report_vm_out_of_memory(char const*, int, unsigned long, VMErrorType, char const*)+0x8b
V  [libjvm.so+0x90e7c3]  os::Linux::commit_memory_impl(char*, unsigned long, bool)+0x103
V  [libjvm.so+0x90ed19]  os::pd_commit_memory(char*, unsigned long, unsigned long, bool)+0x29
V  [libjvm.so+0x90867a]  os::commit_memory(char*, unsigned long, unsigned long, bool)+0x2a
V  [libjvm.so+0x97bac3]  PSVirtualSpace::expand_by(unsigned long)+0x53
V  [libjvm.so+0x97cec8]  PSYoungGen::resize_generation(unsigned long, unsigned long)+0xf8
V  [libjvm.so+0x97c022]  PSYoungGen::resize(unsigned long, unsigned long)+0x22
V  [libjvm.so+0x9792fb]  PSScavenge::invoke_no_policy()+0xf7b
V  [libjvm.so+0x979a81]  PSScavenge::invoke()+0x41
V  [libjvm.so+0x932050]  ParallelScavengeHeap::failed_mem_allocate(unsigned long)+0x70
V  [libjvm.so+0xaae1d7]  VM_ParallelGCFailedAllocation::doit()+0x97
V  [libjvm.so+0xab59c5]  VM_Operation::evaluate()+0x55
V  [libjvm.so+0xab3d9a]  VMThread::evaluate_operation(VM_Operation*)+0xba
V  [libjvm.so+0xab411e]  VMThread::loop()+0x1ce
V  [libjvm.so+0xab4590]  VMThread::run()+0x70
V  [libjvm.so+0x910de8]  java_start(Thread*)+0x108

VM_Operation (0x00007f1fe5807ad0): ParallelGCFailedAllocation, mode: safepoint, requested by thread 0x00007f1fdc00a000


---------------  P R O C E S S  ---------------

Java Threads: ( => current thread )
  0x00007f1fdc0c0800 JavaThread "Service Thread" daemon [_thread_blocked, id=14127, stack(0x00007f1fcc630000,0x00007f1fcc731000)]
  0x00007f1fdc0bb000 JavaThread "C1 CompilerThread2" daemon [_thread_blocked, id=14126, stack(0x00007f1fcc731000,0x00007f1fcc832000)]
  0x00007f1fdc0b9800 JavaThread "C2 CompilerThread1" daemon [_thread_blocked, id=14125, stack(0x00007f1fcc832000,0x00007f1fcc933000)]
  0x00007f1fdc0b6800 JavaThread "C2 CompilerThread0" daemon [_thread_in_native, id=14124, stack(0x00007f1fcc933000,0x00007f1fcca34000)]
  0x00007f1fdc0b5000 JavaThread "Signal Dispatcher" daemon [_thread_blocked, id=14123, stack(0x00007f1fcca34000,0x00007f1fccb35000)]
  0x00007f1fdc07f000 JavaThread "Finalizer" daemon [_thread_blocked, id=14122, stack(0x00007f1fccdfe000,0x00007f1fcceff000)]
  0x00007f1fdc07c800 JavaThread "Reference Handler" daemon [_thread_blocked, id=14121, stack(0x00007f1fcceff000,0x00007f1fcd000000)]
  0x00007f1fdc00a000 JavaThread "main" [_thread_blocked, id=14115, stack(0x00007f1fe5709000,0x00007f1fe580a000)]

Other Threads:
=>0x00007f1fdc077800 VMThread [stack: 0x00007f1fe008a000,0x00007f1fe018b000] [id=14120]
  0x00007f1fdc0c2800 WatcherThread [stack: 0x00007f1fcc52f000,0x00007f1fcc630000] [id=14128]

VM state:at safepoint (normal execution)

VM Mutex/Monitor currently owned by a thread:  ([mutex/lock_event])
[0x00007f1fdc006350] Threads_lock - owner thread: 0x00007f1fdc077800
[0x00007f1fdc006850] Heap_lock - owner thread: 0x00007f1fdc00a000

Heap:
 PSYoungGen      total 66048K, used 23019K [0x00000000eab00000, 0x00000000f0800000, 0x0000000100000000)
  eden space 43008K, 0% used [0x00000000eab00000,0x00000000eab00000,0x00000000ed500000)
  from space 23040K, 99% used [0x00000000ef180000,0x00000000f07fafc8,0x00000000f0800000)
  to   space 23040K, 0% used [0x00000000ed500000,0x00000000ed500000,0x00000000eeb80000)
 ParOldGen       total 94208K, used 59152K [0x00000000c0000000, 0x00000000c5c00000, 0x00000000eab00000)
  object space 94208K, 62% used [0x00000000c0000000,0x00000000c39c43d8,0x00000000c5c00000)
 Metaspace       used 5687K, capacity 6960K, committed 7040K, reserved 1056768K
  class space    used 544K, capacity 616K, committed 640K, reserved 1048576K

Card table byte_map: [0x00007f1fe22e8000,0x00007f1fe24e9000] byte_map_base: 0x00007f1fe1ce8000

Marking Bits: (ParMarkBitMap*) 0x00007f1fe4be6760
 Begin Bits: [0x00007f1fc6000000, 0x00007f1fc7000000)
 End Bits:   [0x00007f1fc7000000, 0x00007f1fc8000000)

Polling page: 0x00007f1fe582d000

CodeCache: size=245760Kb used=6027Kb max_used=6027Kb free=239732Kb
 bounds [0x00007f1fcd000000, 0x00007f1fcd5f0000, 0x00007f1fdc000000]
 total_blobs=1642 nmethods=1379 adapters=178
 compilation: enabled

Compilation events (10 events):
Event: 14.354 Thread 0x00007f1fdc0bb000 1472       1       com.android.dx.util.Bits::makeBitSet (11 bytes)
Event: 14.354 Thread 0x00007f1fdc0bb000 nmethod 1472 0x00007f1fcd5e1010 code [0x00007f1fcd5e1160, 0x00007f1fcd5e12d0]
Event: 14.375 Thread 0x00007f1fdc0bb000 1473 %     3       com.android.dx.cf.code.BasicBlocker::getBlockList @ 21 (208 bytes)
Event: 14.377 Thread 0x00007f1fdc0bb000 nmethod 1473% 0x00007f1fcd5e1350 code [0x00007f1fcd5e15e0, 0x00007f1fcd5e28c8]
Event: 14.377 Thread 0x00007f1fdc0bb000 1474       3       com.android.dx.cf.code.BasicBlocker::getBlockList (208 bytes)
Event: 14.379 Thread 0x00007f1fdc0bb000 nmethod 1474 0x00007f1fcd5e3450 code [0x00007f1fcd5e36e0, 0x00007f1fcd5e4908]
Event: 15.608 Thread 0x00007f1fdc0bb000 1475       2       com.android.dx.rop.code.Rops::opOr (21 bytes)
Event: 15.609 Thread 0x00007f1fdc0bb000 nmethod 1475 0x00007f1fcd5e5390 code [0x00007f1fcd5e5500, 0x00007f1fcd5e56a8]
Event: 15.858 Thread 0x00007f1fdc0bb000 1476 %     3       com.android.dx.ssa.SsaMethod::convertRopToSsaBlocks @ 27 (103 bytes)
Event: 15.861 Thread 0x00007f1fdc0bb000 nmethod 1476% 0x00007f1fcd5e5750 code [0x00007f1fcd5e59c0, 0x00007f1fcd5e6c28]

GC Heap History (10 events):
Event: 11.938 GC heap after
Heap after GC invocations=5 (full 1):
 PSYoungGen      total 34304K, used 0K [0x00000000eab00000, 0x00000000ecf00000, 0x0000000100000000)
  eden space 31744K, 0% used [0x00000000eab00000,0x00000000eab00000,0x00000000eca00000)
  from space 2560K, 0% used [0x00000000ecc80000,0x00000000ecc80000,0x00000000ecf00000)
  to   space 2560K, 0% used [0x00000000eca00000,0x00000000eca00000,0x00000000ecc80000)
 ParOldGen       total 54272K, used 21483K [0x00000000c0000000, 0x00000000c3500000, 0x00000000eab00000)
  object space 54272K, 39% used [0x00000000c0000000,0x00000000c14faf78,0x00000000c3500000)
 Metaspace       used 5533K, capacity 6768K, committed 7040K, reserved 1056768K
  class space    used 542K, capacity 616K, committed 640K, reserved 1048576K
}
Event: 11.968 GC heap before
{Heap before GC invocations=6 (full 1):
 PSYoungGen      total 34304K, used 31744K [0x00000000eab00000, 0x00000000ecf00000, 0x0000000100000000)
  eden space 31744K, 100% used [0x00000000eab00000,0x00000000eca00000,0x00000000eca00000)
  from space 2560K, 0% used [0x00000000ecc80000,0x00000000ecc80000,0x00000000ecf00000)
  to   space 2560K, 0% used [0x00000000eca00000,0x00000000eca00000,0x00000000ecc80000)
 ParOldGen       total 54272K, used 21483K [0x00000000c0000000, 0x00000000c3500000, 0x00000000eab00000)
  object space 54272K, 39% used [0x00000000c0000000,0x00000000c14faf78,0x00000000c3500000)
 Metaspace       used 5536K, capacity 6832K, committed 7040K, reserved 1056768K
  class space    used 542K, capacity 616K, committed 640K, reserved 1048576K
Event: 12.016 GC heap after
Heap after GC invocations=6 (full 1):
 PSYoungGen      total 34304K, used 2560K [0x00000000eab00000, 0x00000000f1300000, 0x0000000100000000)
  eden space 31744K, 0% used [0x00000000eab00000,0x00000000eab00000,0x00000000eca00000)
  from space 2560K, 100% used [0x00000000eca00000,0x00000000ecc80000,0x00000000ecc80000)
  to   space 23040K, 0% used [0x00000000efc80000,0x00000000efc80000,0x00000000f1300000)
 ParOldGen       total 54272K, used 39667K [0x00000000c0000000, 0x00000000c3500000, 0x00000000eab00000)
  object space 54272K, 73% used [0x00000000c0000000,0x00000000c26bcf78,0x00000000c3500000)
 Metaspace       used 5536K, capacity 6832K, committed 7040K, reserved 1056768K
  class space    used 542K, capacity 616K, committed 640K, reserved 1048576K
}
Event: 12.016 GC heap before
{Heap before GC invocations=7 (full 2):
 PSYoungGen      total 34304K, used 2560K [0x00000000eab00000, 0x00000000f1300000, 0x0000000100000000)
  eden space 31744K, 0% used [0x00000000eab00000,0x00000000eab00000,0x00000000eca00000)
  from space 2560K, 100% used [0x00000000eca00000,0x00000000ecc80000,0x00000000ecc80000)
  to   space 23040K, 0% used [0x00000000efc80000,0x00000000efc80000,0x00000000f1300000)
 ParOldGen       total 54272K, used 39667K [0x00000000c0000000, 0x00000000c3500000, 0x00000000eab00000)
  object space 54272K, 73% used [0x00000000c0000000,0x00000000c26bcf78,0x00000000c3500000)
 Metaspace       used 5536K, capacity 6832K, committed 7040K, reserved 1056768K
  class space    used 542K, capacity 616K, committed 640K, reserved 1048576K
Event: 12.105 GC heap after
Heap after GC invocations=7 (full 2):
 PSYoungGen      total 34304K, used 0K [0x00000000eab00000, 0x00000000f1300000, 0x0000000100000000)
  eden space 31744K, 0% used [0x00000000eab00000,0x00000000eab00000,0x00000000eca00000)
  from space 2560K, 0% used [0x00000000eca00000,0x00000000eca00000,0x00000000ecc80000)
  to   space 23040K, 0% used [0x00000000efc80000,0x00000000efc80000,0x00000000f1300000)
 ParOldGen       total 94208K, used 41272K [0x00000000c0000000, 0x00000000c5c00000, 0x00000000eab00000)
  object space 94208K, 43% used [0x00000000c0000000,0x00000000c284e3a0,0x00000000c5c00000)
 Metaspace       used 5536K, capacity 6832K, committed 7040K, reserved 1056768K
  class space    used 542K, capacity 616K, committed 640K, reserved 1048576K
}
Event: 12.845 GC heap before
{Heap before GC invocations=8 (full 2):
 PSYoungGen      total 34304K, used 31744K [0x00000000eab00000, 0x00000000f1300000, 0x0000000100000000)
  eden space 31744K, 100% used [0x00000000eab00000,0x00000000eca00000,0x00000000eca00000)
  from space 2560K, 0% used [0x00000000eca00000,0x00000000eca00000,0x00000000ecc80000)
  to   space 23040K, 0% used [0x00000000efc80000,0x00000000efc80000,0x00000000f1300000)
 ParOldGen       total 94208K, used 41272K [0x00000000c0000000, 0x00000000c5c00000, 0x00000000eab00000)
  object space 94208K, 43% used [0x00000000c0000000,0x00000000c284e3a0,0x00000000c5c00000)
 Metaspace       used 5574K, capacity 6832K, committed 7040K, reserved 1056768K
  class space    used 544K, capacity 616K, committed 640K, reserved 1048576K
Event: 12.864 GC heap after
Heap after GC invocations=8 (full 2):
 PSYoungGen      total 45056K, used 5590K [0x00000000eab00000, 0x00000000f0200000, 0x0000000100000000)
  eden space 39424K, 0% used [0x00000000eab00000,0x00000000eab00000,0x00000000ed180000)
  from space 5632K, 99% used [0x00000000efc80000,0x00000000f01f5950,0x00000000f0200000)
  to   space 23040K, 0% used [0x00000000ed500000,0x00000000ed500000,0x00000000eeb80000)
 ParOldGen       total 94208K, used 41280K [0x00000000c0000000, 0x00000000c5c00000, 0x00000000eab00000)
  object space 94208K, 43% used [0x00000000c0000000,0x00000000c28503a0,0x00000000c5c00000)
 Metaspace       used 5574K, capacity 6832K, committed 7040K, reserved 1056768K
  class space    used 544K, capacity 616K, committed 640K, reserved 1048576K
}
Event: 13.842 GC heap before
{Heap before GC invocations=9 (full 2):
 PSYoungGen      total 45056K, used 45014K [0x00000000eab00000, 0x00000000f0200000, 0x0000000100000000)
  eden space 39424K, 100% used [0x00000000eab00000,0x00000000ed180000,0x00000000ed180000)
  from space 5632K, 99% used [0x00000000efc80000,0x00000000f01f5950,0x00000000f0200000)
  to   space 23040K, 0% used [0x00000000ed500000,0x00000000ed500000,0x00000000eeb80000)
 ParOldGen       total 94208K, used 41280K [0x00000000c0000000, 0x00000000c5c00000, 0x00000000eab00000)
  object space 94208K, 43% used [0x00000000c0000000,0x00000000c28503a0,0x00000000c5c00000)
 Metaspace       used 5634K, capacity 6896K, committed 7040K, reserved 1056768K
  class space    used 544K, capacity 616K, committed 640K, reserved 1048576K
Event: 13.956 GC heap after
Heap after GC invocations=9 (full 2):
 PSYoungGen      total 66048K, used 14287K [0x00000000eab00000, 0x00000000f0800000, 0x0000000100000000)
  eden space 43008K, 0% used [0x00000000eab00000,0x00000000eab00000,0x00000000ed500000)
  from space 23040K, 62% used [0x00000000ed500000,0x00000000ee2f3d78,0x00000000eeb80000)
  to   space 23040K, 0% used [0x00000000ef180000,0x00000000ef180000,0x00000000f0800000)
 ParOldGen       total 94208K, used 41288K [0x00000000c0000000, 0x00000000c5c00000, 0x00000000eab00000)
  object space 94208K, 43% used [0x00000000c0000000,0x00000000c28523a0,0x00000000c5c00000)
 Metaspace       used 5634K, capacity 6896K, committed 7040K, reserved 1056768K
  class space    used 544K, capacity 616K, committed 640K, reserved 1048576K
}
Event: 15.889 GC heap before
{Heap before GC invocations=10 (full 2):
 PSYoungGen      total 66048K, used 57295K [0x00000000eab00000, 0x00000000f0800000, 0x0000000100000000)
  eden space 43008K, 100% used [0x00000000eab00000,0x00000000ed500000,0x00000000ed500000)
  from space 23040K, 62% used [0x00000000ed500000,0x00000000ee2f3d78,0x00000000eeb80000)
  to   space 23040K, 0% used [0x00000000ef180000,0x00000000ef180000,0x00000000f0800000)
 ParOldGen       total 94208K, used 41288K [0x00000000c0000000, 0x00000000c5c00000, 0x00000000eab00000)
  object space 94208K, 43% used [0x00000000c0000000,0x00000000c28523a0,0x00000000c5c00000)
 Metaspace       used 5687K, capacity 6960K, committed 7040K, reserved 1056768K
  class space    used 544K, capacity 616K, committed 640K, reserved 1048576K

Deoptimization events (10 events):
Event: 10.746 Thread 0x00007f1fdc00a000 Uncommon trap: reason=unstable_if action=reinterpret pc=0x00007f1fcd45b490 method=com.android.dx.cf.code.BasicBlocker.visitConstant(IIILcom/android/dx/rop/cst/Constant;I)V @ 20
Event: 10.793 Thread 0x00007f1fdc00a000 Uncommon trap: reason=unstable_if action=reinterpret pc=0x00007f1fcd4202bc method=com.android.dx.ssa.SsaMethod.updateOneDefinition(Lcom/android/dx/ssa/SsaInsn;Lcom/android/dx/rop/code/RegisterSpec;)V @ 4
Event: 10.808 Thread 0x00007f1fdc00a000 Uncommon trap: reason=class_check action=maybe_recompile pc=0x00007f1fcd2d7ad4 method=com.android.dx.ssa.NormalSsaInsn.accept(Lcom/android/dx/ssa/SsaInsn$Visitor;)V @ 9
Event: 10.809 Thread 0x00007f1fdc00a000 Uncommon trap: reason=null_check action=make_not_entrant pc=0x00007f1fcd30d490 method=com.android.dx.rop.type.Type.equals(Ljava/lang/Object;)Z @ 8
Event: 13.004 Thread 0x00007f1fdc00a000 Uncommon trap: reason=unstable_if action=reinterpret pc=0x00007f1fcd400048 method=com.android.dx.ssa.SetFactory.makeLivenessSet(I)Lcom/android/dx/util/IntSet; @ 4
Event: 13.705 Thread 0x00007f1fdc00a000 Uncommon trap: reason=unstable_if action=reinterpret pc=0x00007f1fcd4ace30 method=com.android.dx.ssa.SCCP.simulateStmt(Lcom/android/dx/ssa/SsaInsn;)V @ 418
Event: 13.744 Thread 0x00007f1fdc00a000 Uncommon trap: reason=bimorphic action=maybe_recompile pc=0x00007f1fcd525aa0 method=com.android.dx.cf.code.BytecodeArray.parseInstruction(ILcom/android/dx/cf/code/BytecodeArray$Visitor;)I @ 2135
Event: 13.744 Thread 0x00007f1fdc00a000 Uncommon trap: reason=bimorphic action=maybe_recompile pc=0x00007f1fcd525aa0 method=com.android.dx.cf.code.BytecodeArray.parseInstruction(ILcom/android/dx/cf/code/BytecodeArray$Visitor;)I @ 2135
Event: 13.744 Thread 0x00007f1fdc00a000 Uncommon trap: reason=bimorphic action=maybe_recompile pc=0x00007f1fcd525aa0 method=com.android.dx.cf.code.BytecodeArray.parseInstruction(ILcom/android/dx/cf/code/BytecodeArray$Visitor;)I @ 2135
Event: 13.744 Thread 0x00007f1fdc00a000 Uncommon trap: reason=bimorphic action=maybe_recompile pc=0x00007f1fcd525aa0 method=com.android.dx.cf.code.BytecodeArray.parseInstruction(ILcom/android/dx/cf/code/BytecodeArray$Visitor;)I @ 2135

Internal exceptions (3 events):
Event: 0.205 Thread 0x00007f1fdc00a000 Exception <a 'java/lang/NoSuchMethodError': Method sun.misc.Unsafe.defineClass(Ljava/lang/String;[BII)Ljava/lang/Class; name or signature does not match> (0x00000000eab12a38) thrown at [/RE-WORK/workspace/8-2-build-linux-amd64/jdk8u45/3457/hotspot/src/sha
Event: 0.205 Thread 0x00007f1fdc00a000 Exception <a 'java/lang/NoSuchMethodError': Method sun.misc.Unsafe.prefetchRead(Ljava/lang/Object;J)V name or signature does not match> (0x00000000eab12cc8) thrown at [/RE-WORK/workspace/8-2-build-linux-amd64/jdk8u45/3457/hotspot/src/share/vm/prims/jni.cp
Event: 10.809 Thread 0x00007f1fdc00a000 Implicit null exception at 0x00007f1fcd30d3e2 to 0x00007f1fcd30d482

Events (10 events):
Event: 14.197 Thread 0x00007f1fdc00a000 DEOPT UNPACKING pc=0x00007f1fcd047233 sp=0x00007f1fe5807c20 mode 0
Event: 14.231 Thread 0x00007f1fdc00a000 DEOPT PACKING pc=0x00007f1fcd2e22d9 sp=0x00007f1fe5807d20
Event: 14.231 Thread 0x00007f1fdc00a000 DEOPT UNPACKING pc=0x00007f1fcd047233 sp=0x00007f1fe5807ab0 mode 0
Event: 14.234 Thread 0x00007f1fdc00a000 DEOPT PACKING pc=0x00007f1fcd2ca80f sp=0x00007f1fe5807b60
Event: 14.234 Thread 0x00007f1fdc00a000 DEOPT UNPACKING pc=0x00007f1fcd047233 sp=0x00007f1fe5807960 mode 0
Event: 14.238 Thread 0x00007f1fdc00a000 DEOPT PACKING pc=0x00007f1fcd3c66b6 sp=0x00007f1fe5807ab0
Event: 14.238 Thread 0x00007f1fdc00a000 DEOPT UNPACKING pc=0x00007f1fcd047233 sp=0x00007f1fe58077f8 mode 0
Event: 14.379 Thread 0x00007f1fdc00a000 DEOPT PACKING pc=0x00007f1fcd571e30 sp=0x00007f1fe5807e30
Event: 14.379 Thread 0x00007f1fdc00a000 DEOPT UNPACKING pc=0x00007f1fcd047233 sp=0x00007f1fe5807be8 mode 0
Event: 15.885 Executing VM operation: ParallelGCFailedAllocation


Dynamic libraries:
00400000-00401000 r-xp 00000000 08:03 1572315                            /opt/java/jdk1.8.0_45/bin/java
00600000-00601000 rw-p 00000000 08:03 1572315                            /opt/java/jdk1.8.0_45/bin/java
007bf000-007e0000 rw-p 00000000 00:00 0                                  [heap]
c0000000-c5c00000 rw-p 00000000 00:00 0 
c5c00000-eab00000 ---p 00000000 00:00 0 
eab00000-f0800000 rw-p 00000000 00:00 0 
f2480000-100000000 ---p 00000000 00:00 0 
100000000-1000a0000 rw-p 00000000 00:00 0 
1000a0000-140000000 ---p 00000000 00:00 0 
7f1f90000000-7f1f90021000 rw-p 00000000 00:00 0 
7f1f90021000-7f1f94000000 ---p 00000000 00:00 0 
7f1f98000000-7f1f98a32000 rw-p 00000000 00:00 0 
7f1f98a32000-7f1f9c000000 ---p 00000000 00:00 0 
7f1f9c000000-7f1f9c021000 rw-p 00000000 00:00 0 
7f1f9c021000-7f1fa0000000 ---p 00000000 00:00 0 
7f1fa0000000-7f1fa1570000 rw-p 00000000 00:00 0 
7f1fa1570000-7f1fa4000000 ---p 00000000 00:00 0 
7f1fa4000000-7f1fa5296000 rw-p 00000000 00:00 0 
7f1fa5296000-7f1fa8000000 ---p 00000000 00:00 0 
7f1fa8000000-7f1fa8021000 rw-p 00000000 00:00 0 
7f1fa8021000-7f1fac000000 ---p 00000000 00:00 0 
7f1fac000000-7f1fac021000 rw-p 00000000 00:00 0 
7f1fac021000-7f1fb0000000 ---p 00000000 00:00 0 
7f1fb0000000-7f1fb0293000 rw-p 00000000 00:00 0 
7f1fb0293000-7f1fb4000000 ---p 00000000 00:00 0 
7f1fb4000000-7f1fb4021000 rw-p 00000000 00:00 0 
7f1fb4021000-7f1fb8000000 ---p 00000000 00:00 0 
7f1fb8000000-7f1fb8021000 rw-p 00000000 00:00 0 
7f1fb8021000-7f1fbc000000 ---p 00000000 00:00 0 
7f1fbc000000-7f1fbc021000 rw-p 00000000 00:00 0 
7f1fbc021000-7f1fc0000000 ---p 00000000 00:00 0 
7f1fc0000000-7f1fc0021000 rw-p 00000000 00:00 0 
7f1fc0021000-7f1fc4000000 ---p 00000000 00:00 0 
7f1fc6000000-7f1fc8000000 rw-p 00000000 00:00 0 
7f1fc8000000-7f1fc8021000 rw-p 00000000 00:00 0 
7f1fc8021000-7f1fcc000000 ---p 00000000 00:00 0 
7f1fcc52f000-7f1fcc530000 ---p 00000000 00:00 0 
7f1fcc530000-7f1fcc630000 rw-p 00000000 00:00 0                          [stack:14128]
7f1fcc630000-7f1fcc633000 ---p 00000000 00:00 0 
7f1fcc633000-7f1fcc731000 rw-p 00000000 00:00 0                          [stack:14127]
7f1fcc731000-7f1fcc734000 ---p 00000000 00:00 0 
7f1fcc734000-7f1fcc832000 rw-p 00000000 00:00 0                          [stack:14126]
7f1fcc832000-7f1fcc835000 ---p 00000000 00:00 0 
7f1fcc835000-7f1fcc933000 rw-p 00000000 00:00 0                          [stack:14125]
7f1fcc933000-7f1fcc936000 ---p 00000000 00:00 0 
7f1fcc936000-7f1fcca34000 rw-p 00000000 00:00 0                          [stack:14124]
7f1fcca34000-7f1fcca37000 ---p 00000000 00:00 0 
7f1fcca37000-7f1fccb35000 rw-p 00000000 00:00 0                          [stack:14123]
7f1fccb35000-7f1fccdfe000 r--p 00000000 08:03 266989                     /usr/lib/locale/locale-archive
7f1fccdfe000-7f1fcce01000 ---p 00000000 00:00 0 
7f1fcce01000-7f1fcceff000 rw-p 00000000 00:00 0                          [stack:14122]
7f1fcceff000-7f1fccf02000 ---p 00000000 00:00 0 
7f1fccf02000-7f1fcd000000 rw-p 00000000 00:00 0                          [stack:14121]
7f1fcd000000-7f1fcd5f0000 rwxp 00000000 00:00 0 
7f1fcd5f0000-7f1fdc000000 ---p 00000000 00:00 0 
7f1fdc000000-7f1fdc387000 rw-p 00000000 00:00 0 
7f1fdc387000-7f1fe0000000 ---p 00000000 00:00 0 
7f1fe0070000-7f1fe007b000 r--s 0007a000 00:19 11273023                   /home/mike/AndroidStudioProjects/Wordist/app/build/intermediates/exploded-aar/com.google.android.gms/play-services-analytics/7.8.0/jars/classes.jar
7f1fe007b000-7f1fe008a000 r--s 000dd000 00:19 9438599                    /home/mike/Android/Sdk/build-tools/22.0.1/lib/dx.jar
7f1fe008a000-7f1fe008b000 ---p 00000000 00:00 0 
7f1fe008b000-7f1fe113f000 rw-p 00000000 00:00 0                          [stack:14120]
7f1fe113f000-7f1fe1318000 r--s 03d09000 08:03 1573810                    /opt/java/jdk1.8.0_45/jre/lib/rt.jar
7f1fe1318000-7f1fe19ce000 rw-p 00000000 00:00 0 
7f1fe19ce000-7f1fe1b8e000 ---p 00000000 00:00 0 
7f1fe1b8e000-7f1fe1d8e000 rw-p 00000000 00:00 0 
7f1fe1d8e000-7f1fe1d8f000 ---p 00000000 00:00 0 
7f1fe1d8f000-7f1fe1e8f000 rw-p 00000000 00:00 0                          [stack:14119]
7f1fe1e8f000-7f1fe1e90000 ---p 00000000 00:00 0 
7f1fe1e90000-7f1fe1f90000 rw-p 00000000 00:00 0                          [stack:14118]
7f1fe1f90000-7f1fe1f91000 ---p 00000000 00:00 0 
7f1fe1f91000-7f1fe2091000 rw-p 00000000 00:00 0                          [stack:14117]
7f1fe2091000-7f1fe2092000 ---p 00000000 00:00 0 
7f1fe2092000-7f1fe21c0000 rw-p 00000000 00:00 0                          [stack:14116]
7f1fe21c0000-7f1fe22e8000 ---p 00000000 00:00 0 
7f1fe22e8000-7f1fe2316000 rw-p 00000000 00:00 0 
7f1fe2316000-7f1fe243d000 ---p 00000000 00:00 0 
7f1fe243d000-7f1fe246c000 rw-p 00000000 00:00 0 
7f1fe246c000-7f1fe24e8000 ---p 00000000 00:00 0 
7f1fe24e8000-7f1fe2501000 rw-p 00000000 00:00 0 
7f1fe2501000-7f1fe28a9000 ---p 00000000 00:00 0 
7f1fe28a9000-7f1fe28c3000 r-xp 00000000 08:03 1574049                    /opt/java/jdk1.8.0_45/jre/lib/amd64/libzip.so
7f1fe28c3000-7f1fe2ac3000 ---p 0001a000 08:03 1574049                    /opt/java/jdk1.8.0_45/jre/lib/amd64/libzip.so
7f1fe2ac3000-7f1fe2ac4000 rw-p 0001a000 08:03 1574049                    /opt/java/jdk1.8.0_45/jre/lib/amd64/libzip.so
7f1fe2ac4000-7f1fe2acf000 r-xp 00000000 08:03 131807                     /lib/x86_64-linux-gnu/libnss_files-2.19.so
7f1fe2acf000-7f1fe2cce000 ---p 0000b000 08:03 131807                     /lib/x86_64-linux-gnu/libnss_files-2.19.so
7f1fe2cce000-7f1fe2ccf000 r--p 0000a000 08:03 131807                     /lib/x86_64-linux-gnu/libnss_files-2.19.so
7f1fe2ccf000-7f1fe2cd0000 rw-p 0000b000 08:03 131807                     /lib/x86_64-linux-gnu/libnss_files-2.19.so
7f1fe2cd0000-7f1fe2cdb000 r-xp 00000000 08:03 131871                     /lib/x86_64-linux-gnu/libnss_nis-2.19.so
7f1fe2cdb000-7f1fe2eda000 ---p 0000b000 08:03 131871                     /lib/x86_64-linux-gnu/libnss_nis-2.19.so
7f1fe2eda000-7f1fe2edb000 r--p 0000a000 08:03 131871                     /lib/x86_64-linux-gnu/libnss_nis-2.19.so
7f1fe2edb000-7f1fe2edc000 rw-p 0000b000 08:03 131871                     /lib/x86_64-linux-gnu/libnss_nis-2.19.so
7f1fe2edc000-7f1fe2ef3000 r-xp 00000000 08:03 131829                     /lib/x86_64-linux-gnu/libnsl-2.19.so
7f1fe2ef3000-7f1fe30f2000 ---p 00017000 08:03 131829                     /lib/x86_64-linux-gnu/libnsl-2.19.so
7f1fe30f2000-7f1fe30f3000 r--p 00016000 08:03 131829                     /lib/x86_64-linux-gnu/libnsl-2.19.so
7f1fe30f3000-7f1fe30f4000 rw-p 00017000 08:03 131829                     /lib/x86_64-linux-gnu/libnsl-2.19.so
7f1fe30f4000-7f1fe30f6000 rw-p 00000000 00:00 0 
7f1fe30f6000-7f1fe30ff000 r-xp 00000000 08:03 131828                     /lib/x86_64-linux-gnu/libnss_compat-2.19.so
7f1fe30ff000-7f1fe32fe000 ---p 00009000 08:03 131828                     /lib/x86_64-linux-gnu/libnss_compat-2.19.so
7f1fe32fe000-7f1fe32ff000 r--p 00008000 08:03 131828                     /lib/x86_64-linux-gnu/libnss_compat-2.19.so
7f1fe32ff000-7f1fe3300000 rw-p 00009000 08:03 131828                     /lib/x86_64-linux-gnu/libnss_compat-2.19.so
7f1fe3300000-7f1fe332a000 r-xp 00000000 08:03 1574040                    /opt/java/jdk1.8.0_45/jre/lib/amd64/libjava.so
7f1fe332a000-7f1fe352a000 ---p 0002a000 08:03 1574040                    /opt/java/jdk1.8.0_45/jre/lib/amd64/libjava.so
7f1fe352a000-7f1fe352c000 rw-p 0002a000 08:03 1574040                    /opt/java/jdk1.8.0_45/jre/lib/amd64/libjava.so
7f1fe352c000-7f1fe3539000 r-xp 00000000 08:03 1574047                    /opt/java/jdk1.8.0_45/jre/lib/amd64/libverify.so
7f1fe3539000-7f1fe3739000 ---p 0000d000 08:03 1574047                    /opt/java/jdk1.8.0_45/jre/lib/amd64/libverify.so
7f1fe3739000-7f1fe373b000 rw-p 0000d000 08:03 1574047                    /opt/java/jdk1.8.0_45/jre/lib/amd64/libverify.so
7f1fe373b000-7f1fe3742000 r-xp 00000000 08:03 131868                     /lib/x86_64-linux-gnu/librt-2.19.so
7f1fe3742000-7f1fe3941000 ---p 00007000 08:03 131868                     /lib/x86_64-linux-gnu/librt-2.19.so
7f1fe3941000-7f1fe3942000 r--p 00006000 08:03 131868                     /lib/x86_64-linux-gnu/librt-2.19.so
7f1fe3942000-7f1fe3943000 rw-p 00007000 08:03 131868                     /lib/x86_64-linux-gnu/librt-2.19.so
7f1fe3943000-7f1fe3a48000 r-xp 00000000 08:03 131806                     /lib/x86_64-linux-gnu/libm-2.19.so
7f1fe3a48000-7f1fe3c47000 ---p 00105000 08:03 131806                     /lib/x86_64-linux-gnu/libm-2.19.so
7f1fe3c47000-7f1fe3c48000 r--p 00104000 08:03 131806                     /lib/x86_64-linux-gnu/libm-2.19.so
7f1fe3c48000-7f1fe3c49000 rw-p 00105000 08:03 131806                     /lib/x86_64-linux-gnu/libm-2.19.so
7f1fe3c49000-7f1fe48f7000 r-xp 00000000 08:03 1574060                    /opt/java/jdk1.8.0_45/jre/lib/amd64/server/libjvm.so
7f1fe48f7000-7f1fe4af6000 ---p 00cae000 08:03 1574060                    /opt/java/jdk1.8.0_45/jre/lib/amd64/server/libjvm.so
7f1fe4af6000-7f1fe4bcd000 rw-p 00cad000 08:03 1574060                    /opt/java/jdk1.8.0_45/jre/lib/amd64/server/libjvm.so
7f1fe4bcd000-7f1fe4c11000 rw-p 00000000 00:00 0 
7f1fe4c11000-7f1fe4dcc000 r-xp 00000000 08:03 131857                     /lib/x86_64-linux-gnu/libc-2.19.so
7f1fe4dcc000-7f1fe4fcb000 ---p 001bb000 08:03 131857                     /lib/x86_64-linux-gnu/libc-2.19.so
7f1fe4fcb000-7f1fe4fcf000 r--p 001ba000 08:03 131857                     /lib/x86_64-linux-gnu/libc-2.19.so
7f1fe4fcf000-7f1fe4fd1000 rw-p 001be000 08:03 131857                     /lib/x86_64-linux-gnu/libc-2.19.so
7f1fe4fd1000-7f1fe4fd6000 rw-p 00000000 00:00 0 
7f1fe4fd6000-7f1fe4fd9000 r-xp 00000000 08:03 131810                     /lib/x86_64-linux-gnu/libdl-2.19.so
7f1fe4fd9000-7f1fe51d8000 ---p 00003000 08:03 131810                     /lib/x86_64-linux-gnu/libdl-2.19.so
7f1fe51d8000-7f1fe51d9000 r--p 00002000 08:03 131810                     /lib/x86_64-linux-gnu/libdl-2.19.so
7f1fe51d9000-7f1fe51da000 rw-p 00003000 08:03 131810                     /lib/x86_64-linux-gnu/libdl-2.19.so
7f1fe51da000-7f1fe51ef000 r-xp 00000000 08:03 1573749                    /opt/java/jdk1.8.0_45/lib/amd64/jli/libjli.so
7f1fe51ef000-7f1fe53ef000 ---p 00015000 08:03 1573749                    /opt/java/jdk1.8.0_45/lib/amd64/jli/libjli.so
7f1fe53ef000-7f1fe53f0000 rw-p 00015000 08:03 1573749                    /opt/java/jdk1.8.0_45/lib/amd64/jli/libjli.so
7f1fe53f0000-7f1fe5409000 r-xp 00000000 08:03 131858                     /lib/x86_64-linux-gnu/libpthread-2.19.so
7f1fe5409000-7f1fe5608000 ---p 00019000 08:03 131858                     /lib/x86_64-linux-gnu/libpthread-2.19.so
7f1fe5608000-7f1fe5609000 r--p 00018000 08:03 131858                     /lib/x86_64-linux-gnu/libpthread-2.19.so
7f1fe5609000-7f1fe560a000 rw-p 00019000 08:03 131858                     /lib/x86_64-linux-gnu/libpthread-2.19.so
7f1fe560a000-7f1fe560e000 rw-p 00000000 00:00 0 
7f1fe560e000-7f1fe5631000 r-xp 00000000 08:03 131833                     /lib/x86_64-linux-gnu/ld-2.19.so
7f1fe5637000-7f1fe5709000 rw-p 00000000 00:00 0 
7f1fe5709000-7f1fe570c000 ---p 00000000 00:00 0 
7f1fe570c000-7f1fe580f000 rw-p 00000000 00:00 0                          [stack:14115]
7f1fe580f000-7f1fe5810000 r--p 00000000 08:03 672594                     /usr/share/locale-langpack/en_GB/LC_MESSAGES/libc.mo
7f1fe5810000-7f1fe5824000 rw-p 00000000 00:00 0 
7f1fe5824000-7f1fe582c000 rw-s 00000000 08:03 1574111                    /tmp/hsperfdata_mike/14111
7f1fe582c000-7f1fe582d000 rw-p 00000000 00:00 0 
7f1fe582d000-7f1fe582e000 ---p 00000000 00:00 0 
7f1fe582e000-7f1fe5830000 rw-p 00000000 00:00 0 
7f1fe5830000-7f1fe5831000 r--p 00022000 08:03 131833                     /lib/x86_64-linux-gnu/ld-2.19.so
7f1fe5831000-7f1fe5832000 rw-p 00023000 08:03 131833                     /lib/x86_64-linux-gnu/ld-2.19.so
7f1fe5832000-7f1fe5833000 rw-p 00000000 00:00 0 
7fff85e86000-7fff85ea7000 rw-p 00000000 00:00 0                          [stack]
7fff85ffe000-7fff86000000 r-xp 00000000 00:00 0                          [vdso]
ffffffffff600000-ffffffffff601000 r-xp 00000000 00:00 0                  [vsyscall]

VM Arguments:
jvm_args: -Xmx1024M -Dfile.encoding=UTF-8 -Duser.country=GB -Duser.language=en -Duser.variant 
java_command: com.android.dx.command.Main --dex --output /home/mike/AndroidStudioProjects/Wordist/app/build/intermediates/pre-dexed/release/classes-b28cd91679d02c5c71b6f5edd60ce65ec934bb4c.jar /home/mike/AndroidStudioProjects/Wordist/app/build/intermediates/exploded-aar/com.google.android.gms/play-services-analytics/7.8.0/jars/classes.jar
java_class_path (initial): /home/mike/Android/Sdk/build-tools/22.0.1/lib/dx.jar
Launcher Type: SUN_STANDARD

Environment Variables:
PATH=/usr/local/sbin:/usr/local/bin:/usr/sbin:/usr/bin:/sbin:/bin:/usr/games:/usr/local/games
USERNAME=mike
LD_LIBRARY_PATH=/opt/android-studio/bin:
SHELL=/bin/bash
DISPLAY=:0

Signal Handlers:
SIGSEGV: [libjvm.so+0xaad1e0], sa_mask[0]=11111111011111111101111111111110, sa_flags=SA_RESTART|SA_SIGINFO
SIGBUS: [libjvm.so+0xaad1e0], sa_mask[0]=11111111011111111101111111111110, sa_flags=SA_RESTART|SA_SIGINFO
SIGFPE: [libjvm.so+0x90b450], sa_mask[0]=11111111011111111101111111111110, sa_flags=SA_RESTART|SA_SIGINFO
SIGPIPE: [libjvm.so+0x90b450], sa_mask[0]=11111111011111111101111111111110, sa_flags=SA_RESTART|SA_SIGINFO
SIGXFSZ: [libjvm.so+0x90b450], sa_mask[0]=11111111011111111101111111111110, sa_flags=SA_RESTART|SA_SIGINFO
SIGILL: [libjvm.so+0x90b450], sa_mask[0]=11111111011111111101111111111110, sa_flags=SA_RESTART|SA_SIGINFO
SIGUSR1: SIG_DFL, sa_mask[0]=00000000000000000000000000000000, sa_flags=none
SIGUSR2: [libjvm.so+0x90ca90], sa_mask[0]=00100000000000000000000000000000, sa_flags=SA_RESTART|SA_SIGINFO
SIGHUP: [libjvm.so+0x90dde0], sa_mask[0]=11111111011111111101111111111110, sa_flags=SA_RESTART|SA_SIGINFO
SIGINT: [libjvm.so+0x90dde0], sa_mask[0]=11111111011111111101111111111110, sa_flags=SA_RESTART|SA_SIGINFO
SIGTERM: [libjvm.so+0x90dde0], sa_mask[0]=11111111011111111101111111111110, sa_flags=SA_RESTART|SA_SIGINFO
SIGQUIT: [libjvm.so+0x90dde0], sa_mask[0]=11111111011111111101111111111110, sa_flags=SA_RESTART|SA_SIGINFO


---------------  S Y S T E M  ---------------

OS:DISTRIB_ID=LinuxMint
DISTRIB_RELEASE=17.2
DISTRIB_CODENAME=rafaela
DISTRIB_DESCRIPTION="Linux Mint 17.2 Rafaela"

uname:Linux 3.13.0-37-generic #64-Ubuntu SMP Mon Sep 22 21:28:38 UTC 2014 x86_64
libc:glibc 2.19 NPTL 2.19 
rlimit: STACK 8192k, CORE 0k, NPROC 30882, NOFILE 4096, AS infinity
load average:7.00 3.52 2.33

/proc/meminfo:
MemTotal:        4048044 kB
MemFree:          112448 kB
Buffers:             688 kB
Cached:            94904 kB
SwapCached:            0 kB
Active:          3471444 kB
Inactive:          92692 kB
Active(anon):    3471088 kB
Inactive(anon):    51700 kB
Active(file):        356 kB
Inactive(file):    40992 kB
Unevictable:          88 kB
Mlocked:              88 kB
SwapTotal:             0 kB
SwapFree:              0 kB
Dirty:                60 kB
Writeback:             0 kB
AnonPages:       3468896 kB
Mapped:           179108 kB
Shmem:             53980 kB
Slab:              78484 kB
SReclaimable:      25540 kB
SUnreclaim:        52944 kB
KernelStack:        5160 kB
PageTables:        33400 kB
NFS_Unstable:          0 kB
Bounce:                0 kB
WritebackTmp:          0 kB
CommitLimit:     2024020 kB
Committed_AS:    6056868 kB
VmallocTotal:   34359738367 kB
VmallocUsed:      305644 kB
VmallocChunk:   34359429988 kB
HardwareCorrupted:     0 kB
AnonHugePages:   1421312 kB
HugePages_Total:       0
HugePages_Free:        0
HugePages_Rsvd:        0
HugePages_Surp:        0
Hugepagesize:       2048 kB
DirectMap4k:      185920 kB
DirectMap2M:     2959360 kB
DirectMap1G:     1048576 kB


CPU:total 4 (4 cores per cpu, 1 threads per core) family 16 model 4 stepping 2, cmov, cx8, fxsr, mmx, sse, sse2, sse3, popcnt, mmxext, 3dnowpref, lzcnt, sse4a, tsc, tscinvbit, tscinv

/proc/cpuinfo:
processor	: 0
vendor_id	: AuthenticAMD
cpu family	: 16
model		: 4
model name	: AMD Phenom(tm) II X4 955 Processor
stepping	: 2
microcode	: 0x1000086
cpu MHz		: 3200.000
cache size	: 512 KB
physical id	: 0
siblings	: 4
core id		: 0
cpu cores	: 4
apicid		: 0
initial apicid	: 0
fpu		: yes
fpu_exception	: yes
cpuid level	: 5
wp		: yes
flags		: fpu vme de pse tsc msr pae mce cx8 apic sep mtrr pge mca cmov pat pse36 clflush mmx fxsr sse sse2 ht syscall nx mmxext fxsr_opt pdpe1gb rdtscp lm 3dnowext 3dnow constant_tsc rep_good nopl nonstop_tsc extd_apicid pni monitor cx16 popcnt lahf_lm cmp_legacy svm extapic cr8_legacy abm sse4a misalignsse 3dnowprefetch osvw ibs skinit wdt hw_pstate npt lbrv svm_lock nrip_save
bogomips	: 6399.91
TLB size	: 1024 4K pages
clflush size	: 64
cache_alignment	: 64
address sizes	: 48 bits physical, 48 bits virtual
power management: ts ttp tm stc 100mhzsteps hwpstate

processor	: 1
vendor_id	: AuthenticAMD
cpu family	: 16
model		: 4
model name	: AMD Phenom(tm) II X4 955 Processor
stepping	: 2
microcode	: 0x1000086
cpu MHz		: 3200.000
cache size	: 512 KB
physical id	: 0
siblings	: 4
core id		: 1
cpu cores	: 4
apicid		: 1
initial apicid	: 1
fpu		: yes
fpu_exception	: yes
cpuid level	: 5
wp		: yes
flags		: fpu vme de pse tsc msr pae mce cx8 apic sep mtrr pge mca cmov pat pse36 clflush mmx fxsr sse sse2 ht syscall nx mmxext fxsr_opt pdpe1gb rdtscp lm 3dnowext 3dnow constant_tsc rep_good nopl nonstop_tsc extd_apicid pni monitor cx16 popcnt lahf_lm cmp_legacy svm extapic cr8_legacy abm sse4a misalignsse 3dnowprefetch osvw ibs skinit wdt hw_pstate npt lbrv svm_lock nrip_save
bogomips	: 6399.91
TLB size	: 1024 4K pages
clflush size	: 64
cache_alignment	: 64
address sizes	: 48 bits physical, 48 bits virtual
power management: ts ttp tm stc 100mhzsteps hwpstate

processor	: 2
vendor_id	: AuthenticAMD
cpu family	: 16
model		: 4
model name	: AMD Phenom(tm) II X4 955 Processor
stepping	: 2
microcode	: 0x1000086
cpu MHz		: 3200.000
cache size	: 512 KB
physical id	: 0
siblings	: 4
core id		: 2
cpu cores	: 4
apicid		: 2
initial apicid	: 2
fpu		: yes
fpu_exception	: yes
cpuid level	: 5
wp		: yes
flags		: fpu vme de pse tsc msr pae mce cx8 apic sep mtrr pge mca cmov pat pse36 clflush mmx fxsr sse sse2 ht syscall nx mmxext fxsr_opt pdpe1gb rdtscp lm 3dnowext 3dnow constant_tsc rep_good nopl nonstop_tsc extd_apicid pni monitor cx16 popcnt lahf_lm cmp_legacy svm extapic cr8_legacy abm sse4a misalignsse 3dnowprefetch osvw ibs skinit wdt hw_pstate npt lbrv svm_lock nrip_save
bogomips	: 6399.91
TLB size	: 1024 4K pages
clflush size	: 64
cache_alignment	: 64
address sizes	: 48 bits physical, 48 bits virtual
power management: ts ttp tm stc 100mhzsteps hwpstate

processor	: 3
vendor_id	: AuthenticAMD
cpu family	: 16
model		: 4
model name	: AMD Phenom(tm) II X4 955 Processor
stepping	: 2
microcode	: 0x1000086
cpu MHz		: 3200.000
cache size	: 512 KB
physical id	: 0
siblings	: 4
core id		: 3
cpu cores	: 4
apicid		: 3
initial apicid	: 3
fpu		: yes
fpu_exception	: yes
cpuid level	: 5
wp		: yes
flags		: fpu vme de pse tsc msr pae mce cx8 apic sep mtrr pge mca cmov pat pse36 clflush mmx fxsr sse sse2 ht syscall nx mmxext fxsr_opt pdpe1gb rdtscp lm 3dnowext 3dnow constant_tsc rep_good nopl nonstop_tsc extd_apicid pni monitor cx16 popcnt lahf_lm cmp_legacy svm extapic cr8_legacy abm sse4a misalignsse 3dnowprefetch osvw ibs skinit wdt hw_pstate npt lbrv svm_lock nrip_save
bogomips	: 6399.91
TLB size	: 1024 4K pages
clflush size	: 64
cache_alignment	: 64
address sizes	: 48 bits physical, 48 bits virtual
power management: ts ttp tm stc 100mhzsteps hwpstate



Memory: 4k page, physical 4048044k(135508k free), swap 0k(0k free)

vm_info: Java HotSpot(TM) 64-Bit Server VM (25.45-b02) for linux-amd64 JRE (1.8.0_45-b14), built on Apr 10 2015 10:07:45 by "java_re" with gcc 4.3.0 20080428 (Red Hat 4.3.0-8)

time: Fri Aug 21 22:10:37 2015
elapsed time: 17 seconds (0d 0h 0m 17s)

