#
# There is insufficient memory for the Java Runtime Environment to continue.
# Native memory allocation (mmap) failed to map 84934656 bytes for committing reserved memory.
# Possible reasons:
#   The system is out of physical RAM or swap space
#   In 32 bit mode, the process size limit was hit
# Possible solutions:
#   Reduce memory load on the system
#   Increase physical memory or swap space
#   Check if swap backing store is full
#   Use 64 bit Java on a 64 bit OS
#   Decrease Java heap size (-Xmx/-Xms)
#   Decrease number of Java threads
#   Decrease Java thread stack sizes (-Xss)
#   Set larger code cache with -XX:ReservedCodeCacheSize=
# This output file may be truncated or incomplete.
#
#  Out of Memory Error (os_linux.cpp:2673), pid=15660, tid=140491884582656
#
# JRE version: Java(TM) SE Runtime Environment (8.0_45-b14) (build 1.8.0_45-b14)
# Java VM: Java HotSpot(TM) 64-Bit Server VM (25.45-b02 mixed mode linux-amd64 compressed oops)
# Failed to write core dump. Core dumps have been disabled. To enable core dumping, try "ulimit -c unlimited" before starting Java again
#

---------------  T H R E A D  ---------------

Current thread (0x00007fc6e0077800):  VMThread [stack: 0x00007fc6d0cfd000,0x00007fc6d0dfe000] [id=15669]

Stack: [0x00007fc6d0cfd000,0x00007fc6d0dfe000],  sp=0x00007fc6d0dfc2e0,  free space=1020k
Native frames: (J=compiled Java code, j=interpreted, Vv=VM code, C=native code)
V  [libjvm.so+0xaac99a]  VMError::report_and_die()+0x2ba
V  [libjvm.so+0x4f333b]  report_vm_out_of_memory(char const*, int, unsigned long, VMErrorType, char const*)+0x8b
V  [libjvm.so+0x90e7c3]  os::Linux::commit_memory_impl(char*, unsigned long, bool)+0x103
V  [libjvm.so+0x90ed19]  os::pd_commit_memory(char*, unsigned long, unsigned long, bool)+0x29
V  [libjvm.so+0x90867a]  os::commit_memory(char*, unsigned long, unsigned long, bool)+0x2a
V  [libjvm.so+0x97bac3]  PSVirtualSpace::expand_by(unsigned long)+0x53
V  [libjvm.so+0x97cec8]  PSYoungGen::resize_generation(unsigned long, unsigned long)+0xf8
V  [libjvm.so+0x97c022]  PSYoungGen::resize(unsigned long, unsigned long)+0x22
V  [libjvm.so+0x9792fb]  PSScavenge::invoke_no_policy()+0xf7b
V  [libjvm.so+0x979a81]  PSScavenge::invoke()+0x41
V  [libjvm.so+0x932050]  ParallelScavengeHeap::failed_mem_allocate(unsigned long)+0x70
V  [libjvm.so+0xaae1d7]  VM_ParallelGCFailedAllocation::doit()+0x97
V  [libjvm.so+0xab59c5]  VM_Operation::evaluate()+0x55
V  [libjvm.so+0xab3d9a]  VMThread::evaluate_operation(VM_Operation*)+0xba
V  [libjvm.so+0xab411e]  VMThread::loop()+0x1ce
V  [libjvm.so+0xab4590]  VMThread::run()+0x70
V  [libjvm.so+0x910de8]  java_start(Thread*)+0x108

VM_Operation (0x00007fc6e94e7770): ParallelGCFailedAllocation, mode: safepoint, requested by thread 0x00007fc6e000a000


---------------  P R O C E S S  ---------------

Java Threads: ( => current thread )
  0x00007fc6e00c2000 JavaThread "Service Thread" daemon [_thread_blocked, id=15676, stack(0x00007fc6d032d000,0x00007fc6d042e000)]
  0x00007fc6e00bd000 JavaThread "C1 CompilerThread2" daemon [_thread_blocked, id=15675, stack(0x00007fc6d042e000,0x00007fc6d052f000)]
  0x00007fc6e00bb800 JavaThread "C2 CompilerThread1" daemon [_thread_blocked, id=15674, stack(0x00007fc6d052f000,0x00007fc6d0630000)]
  0x00007fc6e00b8800 JavaThread "C2 CompilerThread0" daemon [_thread_in_native, id=15673, stack(0x00007fc6d0630000,0x00007fc6d0731000)]
  0x00007fc6e00b7000 JavaThread "Signal Dispatcher" daemon [_thread_blocked, id=15672, stack(0x00007fc6d0731000,0x00007fc6d0832000)]
  0x00007fc6e007f000 JavaThread "Finalizer" daemon [_thread_blocked, id=15671, stack(0x00007fc6d0afb000,0x00007fc6d0bfc000)]
  0x00007fc6e007c800 JavaThread "Reference Handler" daemon [_thread_blocked, id=15670, stack(0x00007fc6d0bfc000,0x00007fc6d0cfd000)]
  0x00007fc6e000a000 JavaThread "main" [_thread_blocked, id=15662, stack(0x00007fc6e93e9000,0x00007fc6e94ea000)]

Other Threads:
=>0x00007fc6e0077800 VMThread [stack: 0x00007fc6d0cfd000,0x00007fc6d0dfe000] [id=15669]
  0x00007fc6e00c4800 WatcherThread [stack: 0x00007fc6d022c000,0x00007fc6d032d000] [id=15677]

VM state:at safepoint (normal execution)

VM Mutex/Monitor currently owned by a thread:  ([mutex/lock_event])
[0x00007fc6e0006350] Threads_lock - owner thread: 0x00007fc6e0077800
[0x00007fc6e0006850] Heap_lock - owner thread: 0x00007fc6e000a000

Heap:
 PSYoungGen      total 137728K, used 16881K [0x00000000eab00000, 0x00000000f4600000, 0x0000000100000000)
  eden space 120832K, 0% used [0x00000000eab00000,0x00000000eab00000,0x00000000f2100000)
  from space 16896K, 99% used [0x00000000f2100000,0x00000000f317c4f8,0x00000000f3180000)
  to   space 12800K, 0% used [0x00000000f3180000,0x00000000f3180000,0x00000000f3e00000)
 ParOldGen       total 42496K, used 38798K [0x00000000c0000000, 0x00000000c2980000, 0x00000000eab00000)
  object space 42496K, 91% used [0x00000000c0000000,0x00000000c25e3be0,0x00000000c2980000)
 Metaspace       used 6050K, capacity 7152K, committed 7296K, reserved 1056768K
  class space    used 565K, capacity 616K, committed 640K, reserved 1048576K

Card table byte_map: [0x00007fc6e5fc8000,0x00007fc6e61c9000] byte_map_base: 0x00007fc6e59c8000

Marking Bits: (ParMarkBitMap*) 0x00007fc6e88c6760
 Begin Bits: [0x00007fc6ca000000, 0x00007fc6cb000000)
 End Bits:   [0x00007fc6cb000000, 0x00007fc6cc000000)

Polling page: 0x00007fc6e950d000

CodeCache: size=245760Kb used=7510Kb max_used=7510Kb free=238249Kb
 bounds [0x00007fc6d1000000, 0x00007fc6d1760000, 0x00007fc6e0000000]
 total_blobs=2059 nmethods=1796 adapters=178
 compilation: enabled

Compilation events (10 events):
Event: 9.903 Thread 0x00007fc6e00bd000 1860 %     3       com.android.dx.ssa.back.FirstFitLocalCombiningAllocator::processPhiInsn @ 88 (255 bytes)
Event: 9.906 Thread 0x00007fc6e00bd000 nmethod 1860% 0x00007fc6d1743790 code [0x00007fc6d1743b80, 0x00007fc6d1746178]
Event: 9.906 Thread 0x00007fc6e00bd000 1861       3       com.android.dx.ssa.back.FirstFitLocalCombiningAllocator::processPhiInsn (255 bytes)
Event: 9.908 Thread 0x00007fc6e00bd000 nmethod 1861 0x00007fc6d173f790 code [0x00007fc6d173fb80, 0x00007fc6d1741f78]
Event: 9.940 Thread 0x00007fc6e00bd000 1862       2       com.android.dx.rop.cst.CstLiteral32::getLongBits (6 bytes)
Event: 9.940 Thread 0x00007fc6e00bd000 nmethod 1862 0x00007fc6d171f510 code [0x00007fc6d171f660, 0x00007fc6d171f7b0]
Event: 9.976 Thread 0x00007fc6e00bd000 1863       2       com.android.dx.dex.file.AnnotationUtils::makeInnerClass (65 bytes)
Event: 9.976 Thread 0x00007fc6e00bd000 nmethod 1863 0x00007fc6d173ec10 code [0x00007fc6d173ee00, 0x00007fc6d173f318]
Event: 10.021 Thread 0x00007fc6e00bd000 1864       2       com.android.dx.ssa.back.FirstFitLocalCombiningAllocator::fitPlanForRange (250 bytes)
Event: 10.023 Thread 0x00007fc6e00bd000 nmethod 1864 0x00007fc6d173ce90 code [0x00007fc6d173d120, 0x00007fc6d173db78]

GC Heap History (10 events):
Event: 3.784 GC heap after
Heap after GC invocations=4 (full 0):
 PSYoungGen      total 34304K, used 2528K [0x00000000eab00000, 0x00000000ecf00000, 0x0000000100000000)
  eden space 31744K, 0% used [0x00000000eab00000,0x00000000eab00000,0x00000000eca00000)
  from space 2560K, 98% used [0x00000000ecc80000,0x00000000ecef8028,0x00000000ecf00000)
  to   space 2560K, 0% used [0x00000000eca00000,0x00000000eca00000,0x00000000ecc80000)
 ParOldGen       total 42496K, used 9575K [0x00000000c0000000, 0x00000000c2980000, 0x00000000eab00000)
  object space 42496K, 22% used [0x00000000c0000000,0x00000000c0959f90,0x00000000c2980000)
 Metaspace       used 5841K, capacity 7024K, committed 7296K, reserved 1056768K
  class space    used 546K, capacity 616K, committed 640K, reserved 1048576K
}
Event: 4.732 GC heap before
{Heap before GC invocations=5 (full 0):
 PSYoungGen      total 34304K, used 34272K [0x00000000eab00000, 0x00000000ecf00000, 0x0000000100000000)
  eden space 31744K, 100% used [0x00000000eab00000,0x00000000eca00000,0x00000000eca00000)
  from space 2560K, 98% used [0x00000000ecc80000,0x00000000ecef8028,0x00000000ecf00000)
  to   space 2560K, 0% used [0x00000000eca00000,0x00000000eca00000,0x00000000ecc80000)
 ParOldGen       total 42496K, used 9575K [0x00000000c0000000, 0x00000000c2980000, 0x00000000eab00000)
  object space 42496K, 22% used [0x00000000c0000000,0x00000000c0959f90,0x00000000c2980000)
 Metaspace       used 5875K, capacity 7088K, committed 7296K, reserved 1056768K
  class space    used 547K, capacity 616K, committed 640K, reserved 1048576K
Event: 4.774 GC heap after
Heap after GC invocations=5 (full 0):
 PSYoungGen      total 34304K, used 2528K [0x00000000eab00000, 0x00000000ef700000, 0x0000000100000000)
  eden space 31744K, 0% used [0x00000000eab00000,0x00000000eab00000,0x00000000eca00000)
  from space 2560K, 98% used [0x00000000eca00000,0x00000000ecc78028,0x00000000ecc80000)
  to   space 7168K, 0% used [0x00000000ef000000,0x00000000ef000000,0x00000000ef700000)
 ParOldGen       total 42496K, used 14141K [0x00000000c0000000, 0x00000000c2980000, 0x00000000eab00000)
  object space 42496K, 33% used [0x00000000c0000000,0x00000000c0dcf610,0x00000000c2980000)
 Metaspace       used 5875K, capacity 7088K, committed 7296K, reserved 1056768K
  class space    used 547K, capacity 616K, committed 640K, reserved 1048576K
}
Event: 5.268 GC heap before
{Heap before GC invocations=6 (full 0):
 PSYoungGen      total 34304K, used 34272K [0x00000000eab00000, 0x00000000ef700000, 0x0000000100000000)
  eden space 31744K, 100% used [0x00000000eab00000,0x00000000eca00000,0x00000000eca00000)
  from space 2560K, 98% used [0x00000000eca00000,0x00000000ecc78028,0x00000000ecc80000)
  to   space 7168K, 0% used [0x00000000ef000000,0x00000000ef000000,0x00000000ef700000)
 ParOldGen       total 42496K, used 14141K [0x00000000c0000000, 0x00000000c2980000, 0x00000000eab00000)
  object space 42496K, 33% used [0x00000000c0000000,0x00000000c0dcf610,0x00000000c2980000)
 Metaspace       used 5896K, capacity 7088K, committed 7296K, reserved 1056768K
  class space    used 547K, capacity 616K, committed 640K, reserved 1048576K
Event: 5.315 GC heap after
Heap after GC invocations=6 (full 0):
 PSYoungGen      total 69632K, used 7136K [0x00000000eab00000, 0x00000000ef900000, 0x0000000100000000)
  eden space 62464K, 0% used [0x00000000eab00000,0x00000000eab00000,0x00000000ee800000)
  from space 7168K, 99% used [0x00000000ef000000,0x00000000ef6f8028,0x00000000ef700000)
  to   space 8192K, 0% used [0x00000000ee800000,0x00000000ee800000,0x00000000ef000000)
 ParOldGen       total 42496K, used 14388K [0x00000000c0000000, 0x00000000c2980000, 0x00000000eab00000)
  object space 42496K, 33% used [0x00000000c0000000,0x00000000c0e0d260,0x00000000c2980000)
 Metaspace       used 5896K, capacity 7088K, committed 7296K, reserved 1056768K
  class space    used 547K, capacity 616K, committed 640K, reserved 1048576K
}
Event: 6.701 GC heap before
{Heap before GC invocations=7 (full 0):
 PSYoungGen      total 69632K, used 69600K [0x00000000eab00000, 0x00000000ef900000, 0x0000000100000000)
  eden space 62464K, 100% used [0x00000000eab00000,0x00000000ee800000,0x00000000ee800000)
  from space 7168K, 99% used [0x00000000ef000000,0x00000000ef6f8028,0x00000000ef700000)
  to   space 8192K, 0% used [0x00000000ee800000,0x00000000ee800000,0x00000000ef000000)
 ParOldGen       total 42496K, used 14388K [0x00000000c0000000, 0x00000000c2980000, 0x00000000eab00000)
  object space 42496K, 33% used [0x00000000c0000000,0x00000000c0e0d260,0x00000000c2980000)
 Metaspace       used 6025K, capacity 7152K, committed 7296K, reserved 1056768K
  class space    used 565K, capacity 616K, committed 640K, reserved 1048576K
Event: 6.792 GC heap after
Heap after GC invocations=7 (full 0):
 PSYoungGen      total 70656K, used 8160K [0x00000000eab00000, 0x00000000f3e00000, 0x0000000100000000)
  eden space 62464K, 0% used [0x00000000eab00000,0x00000000eab00000,0x00000000ee800000)
  from space 8192K, 99% used [0x00000000ee800000,0x00000000eeff81f8,0x00000000ef000000)
  to   space 12800K, 0% used [0x00000000f3180000,0x00000000f3180000,0x00000000f3e00000)
 ParOldGen       total 42496K, used 21974K [0x00000000c0000000, 0x00000000c2980000, 0x00000000eab00000)
  object space 42496K, 51% used [0x00000000c0000000,0x00000000c1575a30,0x00000000c2980000)
 Metaspace       used 6025K, capacity 7152K, committed 7296K, reserved 1056768K
  class space    used 565K, capacity 616K, committed 640K, reserved 1048576K
}
Event: 7.863 GC heap before
{Heap before GC invocations=8 (full 0):
 PSYoungGen      total 70656K, used 70624K [0x00000000eab00000, 0x00000000f3e00000, 0x0000000100000000)
  eden space 62464K, 100% used [0x00000000eab00000,0x00000000ee800000,0x00000000ee800000)
  from space 8192K, 99% used [0x00000000ee800000,0x00000000eeff81f8,0x00000000ef000000)
  to   space 12800K, 0% used [0x00000000f3180000,0x00000000f3180000,0x00000000f3e00000)
 ParOldGen       total 42496K, used 21974K [0x00000000c0000000, 0x00000000c2980000, 0x00000000eab00000)
  object space 42496K, 51% used [0x00000000c0000000,0x00000000c1575a30,0x00000000c2980000)
 Metaspace       used 6046K, capacity 7152K, committed 7296K, reserved 1056768K
  class space    used 565K, capacity 616K, committed 640K, reserved 1048576K
Event: 7.941 GC heap after
Heap after GC invocations=8 (full 0):
 PSYoungGen      total 133632K, used 12769K [0x00000000eab00000, 0x00000000f4600000, 0x0000000100000000)
  eden space 120832K, 0% used [0x00000000eab00000,0x00000000eab00000,0x00000000f2100000)
  from space 12800K, 99% used [0x00000000f3180000,0x00000000f3df8508,0x00000000f3e00000)
  to   space 16896K, 0% used [0x00000000f2100000,0x00000000f2100000,0x00000000f3180000)
 ParOldGen       total 42496K, used 26446K [0x00000000c0000000, 0x00000000c2980000, 0x00000000eab00000)
  object space 42496K, 62% used [0x00000000c0000000,0x00000000c19d3ac8,0x00000000c2980000)
 Metaspace       used 6046K, capacity 7152K, committed 7296K, reserved 1056768K
  class space    used 565K, capacity 616K, committed 640K, reserved 1048576K
}
Event: 10.088 GC heap before
{Heap before GC invocations=9 (full 0):
 PSYoungGen      total 133632K, used 133601K [0x00000000eab00000, 0x00000000f4600000, 0x0000000100000000)
  eden space 120832K, 100% used [0x00000000eab00000,0x00000000f2100000,0x00000000f2100000)
  from space 12800K, 99% used [0x00000000f3180000,0x00000000f3df8508,0x00000000f3e00000)
  to   space 16896K, 0% used [0x00000000f2100000,0x00000000f2100000,0x00000000f3180000)
 ParOldGen       total 42496K, used 26446K [0x00000000c0000000, 0x00000000c2980000, 0x00000000eab00000)
  object space 42496K, 62% used [0x00000000c0000000,0x00000000c19d3ac8,0x00000000c2980000)
 Metaspace       used 6050K, capacity 7152K, committed 7296K, reserved 1056768K
  class space    used 565K, capacity 616K, committed 640K, reserved 1048576K

Deoptimization events (10 events):
Event: 5.836 Thread 0x00007fc6e000a000 Uncommon trap: reason=class_check action=maybe_recompile pc=0x00007fc6d14af9e8 method=java.util.HashMap.putVal(ILjava/lang/Object;Ljava/lang/Object;ZZ)Ljava/lang/Object; @ 203
Event: 5.864 Thread 0x00007fc6e000a000 Uncommon trap: reason=bimorphic action=maybe_recompile pc=0x00007fc6d1292ec8 method=java.util.HashMap.getNode(ILjava/lang/Object;)Ljava/util/HashMap$Node; @ 126
Event: 6.488 Thread 0x00007fc6e000a000 Uncommon trap: reason=unstable_if action=reinterpret pc=0x00007fc6d13625b0 method=java.util.HashMap.putVal(ILjava/lang/Object;Ljava/lang/Object;ZZ)Ljava/lang/Object; @ 162
Event: 6.505 Thread 0x00007fc6e000a000 Uncommon trap: reason=unstable_if action=reinterpret pc=0x00007fc6d1691210 method=java.util.HashMap.getNode(ILjava/lang/Object;)Ljava/util/HashMap$Node; @ 84
Event: 6.677 Thread 0x00007fc6e000a000 Uncommon trap: reason=unstable_if action=reinterpret pc=0x00007fc6d168f3d0 method=java.util.HashMap.putVal(ILjava/lang/Object;Ljava/lang/Object;ZZ)Ljava/lang/Object; @ 162
Event: 7.217 Thread 0x00007fc6e000a000 Uncommon trap: reason=bimorphic action=maybe_recompile pc=0x00007fc6d16c6418 method=com.android.dx.cf.code.BytecodeArray.parseInstruction(ILcom/android/dx/cf/code/BytecodeArray$Visitor;)I @ 923
Event: 7.217 Thread 0x00007fc6e000a000 Uncommon trap: reason=bimorphic action=maybe_recompile pc=0x00007fc6d16c6418 method=com.android.dx.cf.code.BytecodeArray.parseInstruction(ILcom/android/dx/cf/code/BytecodeArray$Visitor;)I @ 923
Event: 7.433 Thread 0x00007fc6e000a000 Uncommon trap: reason=bimorphic action=maybe_recompile pc=0x00007fc6d16c58e0 method=com.android.dx.cf.code.BytecodeArray.parseInstruction(ILcom/android/dx/cf/code/BytecodeArray$Visitor;)I @ 2281
Event: 7.433 Thread 0x00007fc6e000a000 Uncommon trap: reason=bimorphic action=maybe_recompile pc=0x00007fc6d16c58e0 method=com.android.dx.cf.code.BytecodeArray.parseInstruction(ILcom/android/dx/cf/code/BytecodeArray$Visitor;)I @ 2281
Event: 8.004 Thread 0x00007fc6e000a000 Uncommon trap: reason=unstable_if action=reinterpret pc=0x00007fc6d158e254 method=com.android.dx.ssa.SCCP.simulateStmt(Lcom/android/dx/ssa/SsaInsn;)V @ 59

Internal exceptions (5 events):
Event: 0.147 Thread 0x00007fc6e000a000 Exception <a 'java/lang/NoSuchMethodError': Method sun.misc.Unsafe.defineClass(Ljava/lang/String;[BII)Ljava/lang/Class; name or signature does not match> (0x00000000eab12a38) thrown at [/RE-WORK/workspace/8-2-build-linux-amd64/jdk8u45/3457/hotspot/src/sha
Event: 0.147 Thread 0x00007fc6e000a000 Exception <a 'java/lang/NoSuchMethodError': Method sun.misc.Unsafe.prefetchRead(Ljava/lang/Object;J)V name or signature does not match> (0x00000000eab12cc8) thrown at [/RE-WORK/workspace/8-2-build-linux-amd64/jdk8u45/3457/hotspot/src/share/vm/prims/jni.cp
Event: 6.502 Thread 0x00007fc6e000a000 Exception <a 'java/lang/ArrayIndexOutOfBoundsException': 18> (0x00000000ee0d9930) thrown at [/RE-WORK/workspace/8-2-build-linux-amd64/jdk8u45/3457/hotspot/src/share/vm/interpreter/interpreterRuntime.cpp, line 366]
Event: 6.502 Thread 0x00007fc6e000a000 Exception <a 'java/lang/ArrayIndexOutOfBoundsException': 145> (0x00000000ee0db400) thrown at [/RE-WORK/workspace/8-2-build-linux-amd64/jdk8u45/3457/hotspot/src/share/vm/interpreter/interpreterRuntime.cpp, line 366]
Event: 6.504 Thread 0x00007fc6e000a000 Exception <a 'java/lang/ArrayIndexOutOfBoundsException'> (0x00000000ee0dc638) thrown at [/RE-WORK/workspace/8-2-build-linux-amd64/jdk8u45/3457/hotspot/src/share/vm/runtime/sharedRuntime.cpp, line 605]

Events (10 events):
Event: 8.004 Thread 0x00007fc6e000a000 DEOPT UNPACKING pc=0x00007fc6d1005229 sp=0x00007fc6e94e7aa8 mode 2
Event: 8.687 Thread 0x00007fc6e000a000 DEOPT PACKING pc=0x00007fc6d15b4a82 sp=0x00007fc6e94e7840
Event: 8.687 Thread 0x00007fc6e000a000 DEOPT UNPACKING pc=0x00007fc6d1047233 sp=0x00007fc6e94e7590 mode 0
Event: 8.746 Thread 0x00007fc6e000a000 DEOPT PACKING pc=0x00007fc6d161050a sp=0x00007fc6e94e7a00
Event: 8.746 Thread 0x00007fc6e000a000 DEOPT UNPACKING pc=0x00007fc6d1047233 sp=0x00007fc6e94e77a8 mode 0
Event: 9.691 Thread 0x00007fc6e000a000 DEOPT PACKING pc=0x00007fc6d167af88 sp=0x00007fc6e94e79e0
Event: 9.691 Thread 0x00007fc6e000a000 DEOPT UNPACKING pc=0x00007fc6d1047233 sp=0x00007fc6e94e7708 mode 0
Event: 9.908 Thread 0x00007fc6e000a000 DEOPT PACKING pc=0x00007fc6d161d46b sp=0x00007fc6e94e7930
Event: 9.908 Thread 0x00007fc6e000a000 DEOPT UNPACKING pc=0x00007fc6d1047233 sp=0x00007fc6e94e76e0 mode 0
Event: 10.088 Executing VM operation: ParallelGCFailedAllocation


Dynamic libraries:
00400000-00401000 r-xp 00000000 08:03 1572315                            /opt/java/jdk1.8.0_45/bin/java
00600000-00601000 rw-p 00000000 08:03 1572315                            /opt/java/jdk1.8.0_45/bin/java
0183e000-0185f000 rw-p 00000000 00:00 0                                  [heap]
c0000000-c2980000 rw-p 00000000 00:00 0 
c2980000-eab00000 ---p 00000000 00:00 0 
eab00000-f4600000 rw-p 00000000 00:00 0 
f9700000-100000000 ---p 00000000 00:00 0 
100000000-1000a0000 rw-p 00000000 00:00 0 
1000a0000-140000000 ---p 00000000 00:00 0 
7fc694000000-7fc694021000 rw-p 00000000 00:00 0 
7fc694021000-7fc698000000 ---p 00000000 00:00 0 
7fc698000000-7fc698021000 rw-p 00000000 00:00 0 
7fc698021000-7fc69c000000 ---p 00000000 00:00 0 
7fc69c000000-7fc69d847000 rw-p 00000000 00:00 0 
7fc69d847000-7fc6a0000000 ---p 00000000 00:00 0 
7fc6a0000000-7fc6a0933000 rw-p 00000000 00:00 0 
7fc6a0933000-7fc6a4000000 ---p 00000000 00:00 0 
7fc6a4000000-7fc6a4021000 rw-p 00000000 00:00 0 
7fc6a4021000-7fc6a8000000 ---p 00000000 00:00 0 
7fc6a8000000-7fc6a9277000 rw-p 00000000 00:00 0 
7fc6a9277000-7fc6ac000000 ---p 00000000 00:00 0 
7fc6ac000000-7fc6ac021000 rw-p 00000000 00:00 0 
7fc6ac021000-7fc6b0000000 ---p 00000000 00:00 0 
7fc6b0000000-7fc6b0021000 rw-p 00000000 00:00 0 
7fc6b0021000-7fc6b4000000 ---p 00000000 00:00 0 
7fc6b4000000-7fc6b4021000 rw-p 00000000 00:00 0 
7fc6b4021000-7fc6b8000000 ---p 00000000 00:00 0 
7fc6b8000000-7fc6b828a000 rw-p 00000000 00:00 0 
7fc6b828a000-7fc6bc000000 ---p 00000000 00:00 0 
7fc6bc000000-7fc6bc021000 rw-p 00000000 00:00 0 
7fc6bc021000-7fc6c0000000 ---p 00000000 00:00 0 
7fc6c4000000-7fc6c4021000 rw-p 00000000 00:00 0 
7fc6c4021000-7fc6c8000000 ---p 00000000 00:00 0 
7fc6ca000000-7fc6cc000000 rw-p 00000000 00:00 0 
7fc6cc000000-7fc6cc021000 rw-p 00000000 00:00 0 
7fc6cc021000-7fc6d0000000 ---p 00000000 00:00 0 
7fc6d022c000-7fc6d022d000 ---p 00000000 00:00 0 
7fc6d022d000-7fc6d032d000 rw-p 00000000 00:00 0                          [stack:15677]
7fc6d032d000-7fc6d0330000 ---p 00000000 00:00 0 
7fc6d0330000-7fc6d042e000 rw-p 00000000 00:00 0                          [stack:15676]
7fc6d042e000-7fc6d0431000 ---p 00000000 00:00 0 
7fc6d0431000-7fc6d052f000 rw-p 00000000 00:00 0                          [stack:15675]
7fc6d052f000-7fc6d0532000 ---p 00000000 00:00 0 
7fc6d0532000-7fc6d0630000 rw-p 00000000 00:00 0                          [stack:15674]
7fc6d0630000-7fc6d0633000 ---p 00000000 00:00 0 
7fc6d0633000-7fc6d0731000 rw-p 00000000 00:00 0                          [stack:15673]
7fc6d0731000-7fc6d0734000 ---p 00000000 00:00 0 
7fc6d0734000-7fc6d0832000 rw-p 00000000 00:00 0                          [stack:15672]
7fc6d0832000-7fc6d0afb000 r--p 00000000 08:03 266989                     /usr/lib/locale/locale-archive
7fc6d0afb000-7fc6d0afe000 ---p 00000000 00:00 0 
7fc6d0afe000-7fc6d0bfc000 rw-p 00000000 00:00 0                          [stack:15671]
7fc6d0bfc000-7fc6d0bff000 ---p 00000000 00:00 0 
7fc6d0bff000-7fc6d0cfd000 rw-p 00000000 00:00 0                          [stack:15670]
7fc6d0cfd000-7fc6d0cfe000 ---p 00000000 00:00 0 
7fc6d0cfe000-7fc6d1000000 rw-p 00000000 00:00 0                          [stack:15669]
7fc6d1000000-7fc6d1760000 rwxp 00000000 00:00 0 
7fc6d1760000-7fc6e0000000 ---p 00000000 00:00 0 
7fc6e0000000-7fc6e0389000 rw-p 00000000 00:00 0 
7fc6e0389000-7fc6e4000000 ---p 00000000 00:00 0 
7fc6e404b000-7fc6e405e000 r--s 000ae000 00:19 11273011                   /home/mike/AndroidStudioProjects/Wordist/app/build/intermediates/exploded-aar/com.google.android.gms/play-services-ads/7.5.0/jars/classes.jar
7fc6e405e000-7fc6e406d000 r--s 000dd000 00:19 9438599                    /home/mike/Android/Sdk/build-tools/22.0.1/lib/dx.jar
7fc6e406d000-7fc6e4e1f000 rw-p 00000000 00:00 0 
7fc6e4e1f000-7fc6e4ff8000 r--s 03d09000 08:03 1573810                    /opt/java/jdk1.8.0_45/jre/lib/rt.jar
7fc6e4ff8000-7fc6e56ee000 rw-p 00000000 00:00 0 
7fc6e56ee000-7fc6e586e000 ---p 00000000 00:00 0 
7fc6e586e000-7fc6e5a6e000 rw-p 00000000 00:00 0 
7fc6e5a6e000-7fc6e5a6f000 ---p 00000000 00:00 0 
7fc6e5a6f000-7fc6e5b6f000 rw-p 00000000 00:00 0                          [stack:15668]
7fc6e5b6f000-7fc6e5b70000 ---p 00000000 00:00 0 
7fc6e5b70000-7fc6e5c70000 rw-p 00000000 00:00 0                          [stack:15667]
7fc6e5c70000-7fc6e5c71000 ---p 00000000 00:00 0 
7fc6e5c71000-7fc6e5d71000 rw-p 00000000 00:00 0                          [stack:15666]
7fc6e5d71000-7fc6e5d72000 ---p 00000000 00:00 0 
7fc6e5d72000-7fc6e5e87000 rw-p 00000000 00:00 0                          [stack:15665]
7fc6e5e87000-7fc6e5fc8000 ---p 00000000 00:00 0 
7fc6e5fc8000-7fc6e5fdd000 rw-p 00000000 00:00 0 
7fc6e5fdd000-7fc6e611d000 ---p 00000000 00:00 0 
7fc6e611d000-7fc6e616b000 rw-p 00000000 00:00 0 
7fc6e616b000-7fc6e61c8000 ---p 00000000 00:00 0 
7fc6e61c8000-7fc6e61e7000 rw-p 00000000 00:00 0 
7fc6e61e7000-7fc6e6589000 ---p 00000000 00:00 0 
7fc6e6589000-7fc6e65a3000 r-xp 00000000 08:03 1574049                    /opt/java/jdk1.8.0_45/jre/lib/amd64/libzip.so
7fc6e65a3000-7fc6e67a3000 ---p 0001a000 08:03 1574049                    /opt/java/jdk1.8.0_45/jre/lib/amd64/libzip.so
7fc6e67a3000-7fc6e67a4000 rw-p 0001a000 08:03 1574049                    /opt/java/jdk1.8.0_45/jre/lib/amd64/libzip.so
7fc6e67a4000-7fc6e67af000 r-xp 00000000 08:03 131807                     /lib/x86_64-linux-gnu/libnss_files-2.19.so
7fc6e67af000-7fc6e69ae000 ---p 0000b000 08:03 131807                     /lib/x86_64-linux-gnu/libnss_files-2.19.so
7fc6e69ae000-7fc6e69af000 r--p 0000a000 08:03 131807                     /lib/x86_64-linux-gnu/libnss_files-2.19.so
7fc6e69af000-7fc6e69b0000 rw-p 0000b000 08:03 131807                     /lib/x86_64-linux-gnu/libnss_files-2.19.so
7fc6e69b0000-7fc6e69bb000 r-xp 00000000 08:03 131871                     /lib/x86_64-linux-gnu/libnss_nis-2.19.so
7fc6e69bb000-7fc6e6bba000 ---p 0000b000 08:03 131871                     /lib/x86_64-linux-gnu/libnss_nis-2.19.so
7fc6e6bba000-7fc6e6bbb000 r--p 0000a000 08:03 131871                     /lib/x86_64-linux-gnu/libnss_nis-2.19.so
7fc6e6bbb000-7fc6e6bbc000 rw-p 0000b000 08:03 131871                     /lib/x86_64-linux-gnu/libnss_nis-2.19.so
7fc6e6bbc000-7fc6e6bd3000 r-xp 00000000 08:03 131829                     /lib/x86_64-linux-gnu/libnsl-2.19.so
7fc6e6bd3000-7fc6e6dd2000 ---p 00017000 08:03 131829                     /lib/x86_64-linux-gnu/libnsl-2.19.so
7fc6e6dd2000-7fc6e6dd3000 r--p 00016000 08:03 131829                     /lib/x86_64-linux-gnu/libnsl-2.19.so
7fc6e6dd3000-7fc6e6dd4000 rw-p 00017000 08:03 131829                     /lib/x86_64-linux-gnu/libnsl-2.19.so
7fc6e6dd4000-7fc6e6dd6000 rw-p 00000000 00:00 0 
7fc6e6dd6000-7fc6e6ddf000 r-xp 00000000 08:03 131828                     /lib/x86_64-linux-gnu/libnss_compat-2.19.so
7fc6e6ddf000-7fc6e6fde000 ---p 00009000 08:03 131828                     /lib/x86_64-linux-gnu/libnss_compat-2.19.so
7fc6e6fde000-7fc6e6fdf000 r--p 00008000 08:03 131828                     /lib/x86_64-linux-gnu/libnss_compat-2.19.so
7fc6e6fdf000-7fc6e6fe0000 rw-p 00009000 08:03 131828                     /lib/x86_64-linux-gnu/libnss_compat-2.19.so
7fc6e6fe0000-7fc6e700a000 r-xp 00000000 08:03 1574040                    /opt/java/jdk1.8.0_45/jre/lib/amd64/libjava.so
7fc6e700a000-7fc6e720a000 ---p 0002a000 08:03 1574040                    /opt/java/jdk1.8.0_45/jre/lib/amd64/libjava.so
7fc6e720a000-7fc6e720c000 rw-p 0002a000 08:03 1574040                    /opt/java/jdk1.8.0_45/jre/lib/amd64/libjava.so
7fc6e720c000-7fc6e7219000 r-xp 00000000 08:03 1574047                    /opt/java/jdk1.8.0_45/jre/lib/amd64/libverify.so
7fc6e7219000-7fc6e7419000 ---p 0000d000 08:03 1574047                    /opt/java/jdk1.8.0_45/jre/lib/amd64/libverify.so
7fc6e7419000-7fc6e741b000 rw-p 0000d000 08:03 1574047                    /opt/java/jdk1.8.0_45/jre/lib/amd64/libverify.so
7fc6e741b000-7fc6e7422000 r-xp 00000000 08:03 131868                     /lib/x86_64-linux-gnu/librt-2.19.so
7fc6e7422000-7fc6e7621000 ---p 00007000 08:03 131868                     /lib/x86_64-linux-gnu/librt-2.19.so
7fc6e7621000-7fc6e7622000 r--p 00006000 08:03 131868                     /lib/x86_64-linux-gnu/librt-2.19.so
7fc6e7622000-7fc6e7623000 rw-p 00007000 08:03 131868                     /lib/x86_64-linux-gnu/librt-2.19.so
7fc6e7623000-7fc6e7728000 r-xp 00000000 08:03 131806                     /lib/x86_64-linux-gnu/libm-2.19.so
7fc6e7728000-7fc6e7927000 ---p 00105000 08:03 131806                     /lib/x86_64-linux-gnu/libm-2.19.so
7fc6e7927000-7fc6e7928000 r--p 00104000 08:03 131806                     /lib/x86_64-linux-gnu/libm-2.19.so
7fc6e7928000-7fc6e7929000 rw-p 00105000 08:03 131806                     /lib/x86_64-linux-gnu/libm-2.19.so
7fc6e7929000-7fc6e85d7000 r-xp 00000000 08:03 1574060                    /opt/java/jdk1.8.0_45/jre/lib/amd64/server/libjvm.so
7fc6e85d7000-7fc6e87d6000 ---p 00cae000 08:03 1574060                    /opt/java/jdk1.8.0_45/jre/lib/amd64/server/libjvm.so
7fc6e87d6000-7fc6e88ad000 rw-p 00cad000 08:03 1574060                    /opt/java/jdk1.8.0_45/jre/lib/amd64/server/libjvm.so
7fc6e88ad000-7fc6e88f1000 rw-p 00000000 00:00 0 
7fc6e88f1000-7fc6e8aac000 r-xp 00000000 08:03 131857                     /lib/x86_64-linux-gnu/libc-2.19.so
7fc6e8aac000-7fc6e8cab000 ---p 001bb000 08:03 131857                     /lib/x86_64-linux-gnu/libc-2.19.so
7fc6e8cab000-7fc6e8caf000 r--p 001ba000 08:03 131857                     /lib/x86_64-linux-gnu/libc-2.19.so
7fc6e8caf000-7fc6e8cb1000 rw-p 001be000 08:03 131857                     /lib/x86_64-linux-gnu/libc-2.19.so
7fc6e8cb1000-7fc6e8cb6000 rw-p 00000000 00:00 0 
7fc6e8cb6000-7fc6e8cb9000 r-xp 00000000 08:03 131810                     /lib/x86_64-linux-gnu/libdl-2.19.so
7fc6e8cb9000-7fc6e8eb8000 ---p 00003000 08:03 131810                     /lib/x86_64-linux-gnu/libdl-2.19.so
7fc6e8eb8000-7fc6e8eb9000 r--p 00002000 08:03 131810                     /lib/x86_64-linux-gnu/libdl-2.19.so
7fc6e8eb9000-7fc6e8eba000 rw-p 00003000 08:03 131810                     /lib/x86_64-linux-gnu/libdl-2.19.so
7fc6e8eba000-7fc6e8ecf000 r-xp 00000000 08:03 1573749                    /opt/java/jdk1.8.0_45/lib/amd64/jli/libjli.so
7fc6e8ecf000-7fc6e90cf000 ---p 00015000 08:03 1573749                    /opt/java/jdk1.8.0_45/lib/amd64/jli/libjli.so
7fc6e90cf000-7fc6e90d0000 rw-p 00015000 08:03 1573749                    /opt/java/jdk1.8.0_45/lib/amd64/jli/libjli.so
7fc6e90d0000-7fc6e90e9000 r-xp 00000000 08:03 131858                     /lib/x86_64-linux-gnu/libpthread-2.19.so
7fc6e90e9000-7fc6e92e8000 ---p 00019000 08:03 131858                     /lib/x86_64-linux-gnu/libpthread-2.19.so
7fc6e92e8000-7fc6e92e9000 r--p 00018000 08:03 131858                     /lib/x86_64-linux-gnu/libpthread-2.19.so
7fc6e92e9000-7fc6e92ea000 rw-p 00019000 08:03 131858                     /lib/x86_64-linux-gnu/libpthread-2.19.so
7fc6e92ea000-7fc6e92ee000 rw-p 00000000 00:00 0 
7fc6e92ee000-7fc6e9311000 r-xp 00000000 08:03 131833                     /lib/x86_64-linux-gnu/ld-2.19.so
7fc6e9317000-7fc6e93e9000 rw-p 00000000 00:00 0 
7fc6e93e9000-7fc6e93ec000 ---p 00000000 00:00 0 
7fc6e93ec000-7fc6e94ef000 rw-p 00000000 00:00 0                          [stack:15662]
7fc6e94ef000-7fc6e94f0000 r--p 00000000 08:03 672594                     /usr/share/locale-langpack/en_GB/LC_MESSAGES/libc.mo
7fc6e94f0000-7fc6e9504000 rw-p 00000000 00:00 0 
7fc6e9504000-7fc6e950c000 rw-s 00000000 08:03 1574183                    /tmp/hsperfdata_mike/15660
7fc6e950c000-7fc6e950d000 rw-p 00000000 00:00 0 
7fc6e950d000-7fc6e950e000 ---p 00000000 00:00 0 
7fc6e950e000-7fc6e9510000 rw-p 00000000 00:00 0 
7fc6e9510000-7fc6e9511000 r--p 00022000 08:03 131833                     /lib/x86_64-linux-gnu/ld-2.19.so
7fc6e9511000-7fc6e9512000 rw-p 00023000 08:03 131833                     /lib/x86_64-linux-gnu/ld-2.19.so
7fc6e9512000-7fc6e9513000 rw-p 00000000 00:00 0 
7fff75cef000-7fff75d10000 rw-p 00000000 00:00 0                          [stack]
7fff75dfe000-7fff75e00000 r-xp 00000000 00:00 0                          [vdso]
ffffffffff600000-ffffffffff601000 r-xp 00000000 00:00 0                  [vsyscall]

VM Arguments:
jvm_args: -Xmx1024M -Dfile.encoding=UTF-8 -Duser.country=GB -Duser.language=en -Duser.variant 
java_command: com.android.dx.command.Main --dex --output /home/mike/AndroidStudioProjects/Wordist/app/build/intermediates/pre-dexed/release/classes-0d73b63bfecf8e061ebd2229b34a8a7681a3499b.jar /home/mike/AndroidStudioProjects/Wordist/app/build/intermediates/exploded-aar/com.google.android.gms/play-services-ads/7.5.0/jars/classes.jar
java_class_path (initial): /home/mike/Android/Sdk/build-tools/22.0.1/lib/dx.jar
Launcher Type: SUN_STANDARD

Environment Variables:
PATH=/usr/local/sbin:/usr/local/bin:/usr/sbin:/usr/bin:/sbin:/bin:/usr/games:/usr/local/games
USERNAME=mike
LD_LIBRARY_PATH=/opt/android-studio/bin:
SHELL=/bin/bash
DISPLAY=:0

Signal Handlers:
SIGSEGV: [libjvm.so+0xaad1e0], sa_mask[0]=11111111011111111101111111111110, sa_flags=SA_RESTART|SA_SIGINFO
SIGBUS: [libjvm.so+0xaad1e0], sa_mask[0]=11111111011111111101111111111110, sa_flags=SA_RESTART|SA_SIGINFO
SIGFPE: [libjvm.so+0x90b450], sa_mask[0]=11111111011111111101111111111110, sa_flags=SA_RESTART|SA_SIGINFO
SIGPIPE: [libjvm.so+0x90b450], sa_mask[0]=11111111011111111101111111111110, sa_flags=SA_RESTART|SA_SIGINFO
SIGXFSZ: [libjvm.so+0x90b450], sa_mask[0]=11111111011111111101111111111110, sa_flags=SA_RESTART|SA_SIGINFO
SIGILL: [libjvm.so+0x90b450], sa_mask[0]=11111111011111111101111111111110, sa_flags=SA_RESTART|SA_SIGINFO
SIGUSR1: SIG_DFL, sa_mask[0]=00000000000000000000000000000000, sa_flags=none
SIGUSR2: [libjvm.so+0x90ca90], sa_mask[0]=00100000000000000000000000000000, sa_flags=SA_RESTART|SA_SIGINFO
SIGHUP: [libjvm.so+0x90dde0], sa_mask[0]=11111111011111111101111111111110, sa_flags=SA_RESTART|SA_SIGINFO
SIGINT: [libjvm.so+0x90dde0], sa_mask[0]=11111111011111111101111111111110, sa_flags=SA_RESTART|SA_SIGINFO
SIGTERM: [libjvm.so+0x90dde0], sa_mask[0]=11111111011111111101111111111110, sa_flags=SA_RESTART|SA_SIGINFO
SIGQUIT: [libjvm.so+0x90dde0], sa_mask[0]=11111111011111111101111111111110, sa_flags=SA_RESTART|SA_SIGINFO


---------------  S Y S T E M  ---------------

OS:DISTRIB_ID=LinuxMint
DISTRIB_RELEASE=17.2
DISTRIB_CODENAME=rafaela
DISTRIB_DESCRIPTION="Linux Mint 17.2 Rafaela"

uname:Linux 3.13.0-37-generic #64-Ubuntu SMP Mon Sep 22 21:28:38 UTC 2014 x86_64
libc:glibc 2.19 NPTL 2.19 
rlimit: STACK 8192k, CORE 0k, NPROC 30882, NOFILE 4096, AS infinity
load average:7.72 4.94 2.96

/proc/meminfo:
MemTotal:        4048044 kB
MemFree:          102148 kB
Buffers:             620 kB
Cached:            47464 kB
SwapCached:            0 kB
Active:          3144812 kB
Inactive:          33416 kB
Active(anon):    3131544 kB
Inactive(anon):    21236 kB
Active(file):      13268 kB
Inactive(file):    12180 kB
Unevictable:          72 kB
Mlocked:              72 kB
SwapTotal:             0 kB
SwapFree:              0 kB
Dirty:              1128 kB
Writeback:             0 kB
AnonPages:       3130604 kB
Mapped:           516740 kB
Shmem:             22308 kB
Slab:              67884 kB
SReclaimable:      23168 kB
SUnreclaim:        44716 kB
KernelStack:        3976 kB
PageTables:        25472 kB
NFS_Unstable:          0 kB
Bounce:                0 kB
WritebackTmp:          0 kB
CommitLimit:     2024020 kB
Committed_AS:    4483688 kB
VmallocTotal:   34359738367 kB
VmallocUsed:      305680 kB
VmallocChunk:   34359427560 kB
HardwareCorrupted:     0 kB
AnonHugePages:   1943552 kB
HugePages_Total:       0
HugePages_Free:        0
HugePages_Rsvd:        0
HugePages_Surp:        0
Hugepagesize:       2048 kB
DirectMap4k:      161344 kB
DirectMap2M:     2983936 kB
DirectMap1G:     1048576 kB


CPU:total 4 (4 cores per cpu, 1 threads per core) family 16 model 4 stepping 2, cmov, cx8, fxsr, mmx, sse, sse2, sse3, popcnt, mmxext, 3dnowpref, lzcnt, sse4a, tsc, tscinvbit, tscinv

/proc/cpuinfo:
processor	: 0
vendor_id	: AuthenticAMD
cpu family	: 16
model		: 4
model name	: AMD Phenom(tm) II X4 955 Processor
stepping	: 2
microcode	: 0x1000086
cpu MHz		: 3200.000
cache size	: 512 KB
physical id	: 0
siblings	: 4
core id		: 0
cpu cores	: 4
apicid		: 0
initial apicid	: 0
fpu		: yes
fpu_exception	: yes
cpuid level	: 5
wp		: yes
flags		: fpu vme de pse tsc msr pae mce cx8 apic sep mtrr pge mca cmov pat pse36 clflush mmx fxsr sse sse2 ht syscall nx mmxext fxsr_opt pdpe1gb rdtscp lm 3dnowext 3dnow constant_tsc rep_good nopl nonstop_tsc extd_apicid pni monitor cx16 popcnt lahf_lm cmp_legacy svm extapic cr8_legacy abm sse4a misalignsse 3dnowprefetch osvw ibs skinit wdt hw_pstate npt lbrv svm_lock nrip_save
bogomips	: 6399.94
TLB size	: 1024 4K pages
clflush size	: 64
cache_alignment	: 64
address sizes	: 48 bits physical, 48 bits virtual
power management: ts ttp tm stc 100mhzsteps hwpstate

processor	: 1
vendor_id	: AuthenticAMD
cpu family	: 16
model		: 4
model name	: AMD Phenom(tm) II X4 955 Processor
stepping	: 2
microcode	: 0x1000086
cpu MHz		: 3200.000
cache size	: 512 KB
physical id	: 0
siblings	: 4
core id		: 1
cpu cores	: 4
apicid		: 1
initial apicid	: 1
fpu		: yes
fpu_exception	: yes
cpuid level	: 5
wp		: yes
flags		: fpu vme de pse tsc msr pae mce cx8 apic sep mtrr pge mca cmov pat pse36 clflush mmx fxsr sse sse2 ht syscall nx mmxext fxsr_opt pdpe1gb rdtscp lm 3dnowext 3dnow constant_tsc rep_good nopl nonstop_tsc extd_apicid pni monitor cx16 popcnt lahf_lm cmp_legacy svm extapic cr8_legacy abm sse4a misalignsse 3dnowprefetch osvw ibs skinit wdt hw_pstate npt lbrv svm_lock nrip_save
bogomips	: 6399.94
TLB size	: 1024 4K pages
clflush size	: 64
cache_alignment	: 64
address sizes	: 48 bits physical, 48 bits virtual
power management: ts ttp tm stc 100mhzsteps hwpstate

processor	: 2
vendor_id	: AuthenticAMD
cpu family	: 16
model		: 4
model name	: AMD Phenom(tm) II X4 955 Processor
stepping	: 2
microcode	: 0x1000086
cpu MHz		: 3200.000
cache size	: 512 KB
physical id	: 0
siblings	: 4
core id		: 2
cpu cores	: 4
apicid		: 2
initial apicid	: 2
fpu		: yes
fpu_exception	: yes
cpuid level	: 5
wp		: yes
flags		: fpu vme de pse tsc msr pae mce cx8 apic sep mtrr pge mca cmov pat pse36 clflush mmx fxsr sse sse2 ht syscall nx mmxext fxsr_opt pdpe1gb rdtscp lm 3dnowext 3dnow constant_tsc rep_good nopl nonstop_tsc extd_apicid pni monitor cx16 popcnt lahf_lm cmp_legacy svm extapic cr8_legacy abm sse4a misalignsse 3dnowprefetch osvw ibs skinit wdt hw_pstate npt lbrv svm_lock nrip_save
bogomips	: 6399.94
TLB size	: 1024 4K pages
clflush size	: 64
cache_alignment	: 64
address sizes	: 48 bits physical, 48 bits virtual
power management: ts ttp tm stc 100mhzsteps hwpstate

processor	: 3
vendor_id	: AuthenticAMD
cpu family	: 16
model		: 4
model name	: AMD Phenom(tm) II X4 955 Processor
stepping	: 2
microcode	: 0x1000086
cpu MHz		: 3200.000
cache size	: 512 KB
physical id	: 0
siblings	: 4
core id		: 3
cpu cores	: 4
apicid		: 3
initial apicid	: 3
fpu		: yes
fpu_exception	: yes
cpuid level	: 5
wp		: yes
flags		: fpu vme de pse tsc msr pae mce cx8 apic sep mtrr pge mca cmov pat pse36 clflush mmx fxsr sse sse2 ht syscall nx mmxext fxsr_opt pdpe1gb rdtscp lm 3dnowext 3dnow constant_tsc rep_good nopl nonstop_tsc extd_apicid pni monitor cx16 popcnt lahf_lm cmp_legacy svm extapic cr8_legacy abm sse4a misalignsse 3dnowprefetch osvw ibs skinit wdt hw_pstate npt lbrv svm_lock nrip_save
bogomips	: 6399.94
TLB size	: 1024 4K pages
clflush size	: 64
cache_alignment	: 64
address sizes	: 48 bits physical, 48 bits virtual
power management: ts ttp tm stc 100mhzsteps hwpstate



Memory: 4k page, physical 4048044k(102148k free), swap 0k(0k free)

vm_info: Java HotSpot(TM) 64-Bit Server VM (25.45-b02) for linux-amd64 JRE (1.8.0_45-b14), built on Apr 10 2015 10:07:45 by "java_re" with gcc 4.3.0 20080428 (Red Hat 4.3.0-8)

time: Thu Aug 13 01:27:44 2015
elapsed time: 10 seconds (0d 0h 0m 10s)

