#
# There is insufficient memory for the Java Runtime Environment to continue.
# Native memory allocation (mmap) failed to map 76546048 bytes for committing reserved memory.
# Possible reasons:
#   The system is out of physical RAM or swap space
#   In 32 bit mode, the process size limit was hit
# Possible solutions:
#   Reduce memory load on the system
#   Increase physical memory or swap space
#   Check if swap backing store is full
#   Use 64 bit Java on a 64 bit OS
#   Decrease Java heap size (-Xmx/-Xms)
#   Decrease number of Java threads
#   Decrease Java thread stack sizes (-Xss)
#   Set larger code cache with -XX:ReservedCodeCacheSize=
# This output file may be truncated or incomplete.
#
#  Out of Memory Error (os_linux.cpp:2673), pid=8570, tid=140610595514112
#
# JRE version: Java(TM) SE Runtime Environment (8.0_45-b14) (build 1.8.0_45-b14)
# Java VM: Java HotSpot(TM) 64-Bit Server VM (25.45-b02 mixed mode linux-amd64 compressed oops)
# Failed to write core dump. Core dumps have been disabled. To enable core dumping, try "ulimit -c unlimited" before starting Java again
#

---------------  T H R E A D  ---------------

Current thread (0x00007fe28c077800):  VMThread [stack: 0x00007fe27488e000,0x00007fe27498f000] [id=8610]

Stack: [0x00007fe27488e000,0x00007fe27498f000],  sp=0x00007fe27498cfe0,  free space=1019k
Native frames: (J=compiled Java code, j=interpreted, Vv=VM code, C=native code)
V  [libjvm.so+0xaac99a]  VMError::report_and_die()+0x2ba
V  [libjvm.so+0x4f333b]  report_vm_out_of_memory(char const*, int, unsigned long, VMErrorType, char const*)+0x8b
V  [libjvm.so+0x90e7c3]  os::Linux::commit_memory_impl(char*, unsigned long, bool)+0x103
V  [libjvm.so+0x90ed19]  os::pd_commit_memory(char*, unsigned long, unsigned long, bool)+0x29
V  [libjvm.so+0x90867a]  os::commit_memory(char*, unsigned long, unsigned long, bool)+0x2a
V  [libjvm.so+0x97bac3]  PSVirtualSpace::expand_by(unsigned long)+0x53
V  [libjvm.so+0x97cec8]  PSYoungGen::resize_generation(unsigned long, unsigned long)+0xf8
V  [libjvm.so+0x97c022]  PSYoungGen::resize(unsigned long, unsigned long)+0x22
V  [libjvm.so+0x9792fb]  PSScavenge::invoke_no_policy()+0xf7b
V  [libjvm.so+0x979a81]  PSScavenge::invoke()+0x41
V  [libjvm.so+0x932050]  ParallelScavengeHeap::failed_mem_allocate(unsigned long)+0x70
V  [libjvm.so+0xaae1d7]  VM_ParallelGCFailedAllocation::doit()+0x97
V  [libjvm.so+0xab59c5]  VM_Operation::evaluate()+0x55
V  [libjvm.so+0xab3d9a]  VMThread::evaluate_operation(VM_Operation*)+0xba
V  [libjvm.so+0xab411e]  VMThread::loop()+0x1ce
V  [libjvm.so+0xab4590]  VMThread::run()+0x70
V  [libjvm.so+0x910de8]  java_start(Thread*)+0x108

VM_Operation (0x00007fe2930346b0): ParallelGCFailedAllocation, mode: safepoint, requested by thread 0x00007fe28c00a000


---------------  P R O C E S S  ---------------

Java Threads: ( => current thread )
  0x00007fe28c0c2000 JavaThread "Service Thread" daemon [_thread_blocked, id=8639, stack(0x00007fe26fdfe000,0x00007fe26feff000)]
  0x00007fe28c0bd000 JavaThread "C1 CompilerThread2" daemon [_thread_blocked, id=8637, stack(0x00007fe26feff000,0x00007fe270000000)]
  0x00007fe28c0bb800 JavaThread "C2 CompilerThread1" daemon [_thread_blocked, id=8633, stack(0x00007fe2740c0000,0x00007fe2741c1000)]
  0x00007fe28c0b8800 JavaThread "C2 CompilerThread0" daemon [_thread_blocked, id=8629, stack(0x00007fe2741c1000,0x00007fe2742c2000)]
  0x00007fe28c0b7000 JavaThread "Signal Dispatcher" daemon [_thread_blocked, id=8627, stack(0x00007fe2742c2000,0x00007fe2743c3000)]
  0x00007fe28c07f000 JavaThread "Finalizer" daemon [_thread_blocked, id=8617, stack(0x00007fe27468c000,0x00007fe27478d000)]
  0x00007fe28c07c800 JavaThread "Reference Handler" daemon [_thread_blocked, id=8614, stack(0x00007fe27478d000,0x00007fe27488e000)]
  0x00007fe28c00a000 JavaThread "main" [_thread_blocked, id=8591, stack(0x00007fe292f36000,0x00007fe293037000)]

Other Threads:
=>0x00007fe28c077800 VMThread [stack: 0x00007fe27488e000,0x00007fe27498f000] [id=8610]
  0x00007fe28c0c4800 WatcherThread [stack: 0x00007fe26fcfd000,0x00007fe26fdfe000] [id=8641]

VM state:at safepoint (normal execution)

VM Mutex/Monitor currently owned by a thread:  ([mutex/lock_event])
[0x00007fe28c006350] Threads_lock - owner thread: 0x00007fe28c077800
[0x00007fe28c006850] Heap_lock - owner thread: 0x00007fe28c00a000

Heap:
 PSYoungGen      total 71168K, used 8192K [0x00000000eab00000, 0x00000000ef900000, 0x0000000100000000)
  eden space 62976K, 0% used [0x00000000eab00000,0x00000000eab00000,0x00000000ee880000)
  from space 8192K, 100% used [0x00000000ee880000,0x00000000ef080000,0x00000000ef080000)
  to   space 7680K, 0% used [0x00000000ef080000,0x00000000ef080000,0x00000000ef800000)
 ParOldGen       total 42496K, used 24599K [0x00000000c0000000, 0x00000000c2980000, 0x00000000eab00000)
  object space 42496K, 57% used [0x00000000c0000000,0x00000000c1805d68,0x00000000c2980000)
 Metaspace       used 5919K, capacity 7152K, committed 7296K, reserved 1056768K
  class space    used 546K, capacity 616K, committed 640K, reserved 1048576K

Card table byte_map: [0x00007fe27ca3f000,0x00007fe27cc40000] byte_map_base: 0x00007fe27c43f000

Marking Bits: (ParMarkBitMap*) 0x00007fe292413760
 Begin Bits: [0x00007fe276000000, 0x00007fe277000000)
 End Bits:   [0x00007fe277000000, 0x00007fe278000000)

Polling page: 0x00007fe29305a000

CodeCache: size=245760Kb used=7747Kb max_used=7768Kb free=238012Kb
 bounds [0x00007fe27d000000, 0x00007fe27d7a0000, 0x00007fe28c000000]
 total_blobs=2039 nmethods=1776 adapters=178
 compilation: enabled

Compilation events (10 events):
Event: 16.468 Thread 0x00007fe28c0bd000 1845       2       java.util.Vector::grow (57 bytes)
Event: 16.477 Thread 0x00007fe28c0bd000 nmethod 1845 0x00007fe27d787890 code [0x00007fe27d787a20, 0x00007fe27d787cb8]
Event: 16.499 Thread 0x00007fe28c0bd000 1846       2       com.android.dx.cf.code.LocalVariableList::get (9 bytes)
Event: 16.499 Thread 0x00007fe28c0bd000 nmethod 1846 0x00007fe27d7874d0 code [0x00007fe27d787640, 0x00007fe27d7877e8]
Event: 16.523 Thread 0x00007fe28c0bd000 1847       2       com.android.dx.rop.code.SwitchInsn::withNewRegisters (22 bytes)
Event: 16.524 Thread 0x00007fe28c0bd000 nmethod 1847 0x00007fe27d77bbd0 code [0x00007fe27d77bd40, 0x00007fe27d77bf28]
Event: 16.524 Thread 0x00007fe28c0bd000 1848       2       com.android.dx.rop.code.SwitchInsn::accept (8 bytes)
Event: 16.524 Thread 0x00007fe28c0bd000 nmethod 1848 0x00007fe27d77b850 code [0x00007fe27d77b9c0, 0x00007fe27d77bb48]
Event: 16.532 Thread 0x00007fe28c0bb800 nmethod 1831 0x00007fe27d797610 code [0x00007fe27d797960, 0x00007fe27d799e08]
Event: 16.532 Thread 0x00007fe28c0bb800 1834       4       com.android.dx.ssa.SsaMethod::mapRegisters (87 bytes)

GC Heap History (10 events):
Event: 3.153 GC heap after
Heap after GC invocations=2 (full 0):
 PSYoungGen      total 18432K, used 2554K [0x00000000eab00000, 0x00000000ecf00000, 0x0000000100000000)
  eden space 15872K, 0% used [0x00000000eab00000,0x00000000eab00000,0x00000000eba80000)
  from space 2560K, 99% used [0x00000000ebd00000,0x00000000ebf7eaa8,0x00000000ebf80000)
  to   space 2560K, 0% used [0x00000000eba80000,0x00000000eba80000,0x00000000ebd00000)
 ParOldGen       total 42496K, used 4137K [0x00000000c0000000, 0x00000000c2980000, 0x00000000eab00000)
  object space 42496K, 9% used [0x00000000c0000000,0x00000000c040a698,0x00000000c2980000)
 Metaspace       used 5740K, capacity 6960K, committed 7040K, reserved 1056768K
  class space    used 546K, capacity 616K, committed 640K, reserved 1048576K
}
Event: 3.932 GC heap before
{Heap before GC invocations=3 (full 0):
 PSYoungGen      total 18432K, used 18426K [0x00000000eab00000, 0x00000000ecf00000, 0x0000000100000000)
  eden space 15872K, 100% used [0x00000000eab00000,0x00000000eba80000,0x00000000eba80000)
  from space 2560K, 99% used [0x00000000ebd00000,0x00000000ebf7eaa8,0x00000000ebf80000)
  to   space 2560K, 0% used [0x00000000eba80000,0x00000000eba80000,0x00000000ebd00000)
 ParOldGen       total 42496K, used 4137K [0x00000000c0000000, 0x00000000c2980000, 0x00000000eab00000)
  object space 42496K, 9% used [0x00000000c0000000,0x00000000c040a698,0x00000000c2980000)
 Metaspace       used 5808K, capacity 7024K, committed 7296K, reserved 1056768K
  class space    used 546K, capacity 616K, committed 640K, reserved 1048576K
Event: 3.955 GC heap after
Heap after GC invocations=3 (full 0):
 PSYoungGen      total 18432K, used 2528K [0x00000000eab00000, 0x00000000ecf00000, 0x0000000100000000)
  eden space 15872K, 0% used [0x00000000eab00000,0x00000000eab00000,0x00000000eba80000)
  from space 2560K, 98% used [0x00000000eba80000,0x00000000ebcf8028,0x00000000ebd00000)
  to   space 2560K, 0% used [0x00000000ecc80000,0x00000000ecc80000,0x00000000ecf00000)
 ParOldGen       total 42496K, used 6756K [0x00000000c0000000, 0x00000000c2980000, 0x00000000eab00000)
  object space 42496K, 15% used [0x00000000c0000000,0x00000000c0699388,0x00000000c2980000)
 Metaspace       used 5808K, capacity 7024K, committed 7296K, reserved 1056768K
  class space    used 546K, capacity 616K, committed 640K, reserved 1048576K
}
Event: 14.357 GC heap before
{Heap before GC invocations=4 (full 0):
 PSYoungGen      total 18432K, used 18400K [0x00000000eab00000, 0x00000000ecf00000, 0x0000000100000000)
  eden space 15872K, 100% used [0x00000000eab00000,0x00000000eba80000,0x00000000eba80000)
  from space 2560K, 98% used [0x00000000eba80000,0x00000000ebcf8028,0x00000000ebd00000)
  to   space 2560K, 0% used [0x00000000ecc80000,0x00000000ecc80000,0x00000000ecf00000)
 ParOldGen       total 42496K, used 6756K [0x00000000c0000000, 0x00000000c2980000, 0x00000000eab00000)
  object space 42496K, 15% used [0x00000000c0000000,0x00000000c0699388,0x00000000c2980000)
 Metaspace       used 5837K, capacity 7088K, committed 7296K, reserved 1056768K
  class space    used 546K, capacity 616K, committed 640K, reserved 1048576K
Event: 14.390 GC heap after
Heap after GC invocations=4 (full 0):
 PSYoungGen      total 34304K, used 2560K [0x00000000eab00000, 0x00000000ecf00000, 0x0000000100000000)
  eden space 31744K, 0% used [0x00000000eab00000,0x00000000eab00000,0x00000000eca00000)
  from space 2560K, 100% used [0x00000000ecc80000,0x00000000ecf00000,0x00000000ecf00000)
  to   space 2560K, 0% used [0x00000000eca00000,0x00000000eca00000,0x00000000ecc80000)
 ParOldGen       total 42496K, used 9239K [0x00000000c0000000, 0x00000000c2980000, 0x00000000eab00000)
  object space 42496K, 21% used [0x00000000c0000000,0x00000000c0905c30,0x00000000c2980000)
 Metaspace       used 5837K, capacity 7088K, committed 7296K, reserved 1056768K
  class space    used 546K, capacity 616K, committed 640K, reserved 1048576K
}
Event: 15.035 GC heap before
{Heap before GC invocations=5 (full 0):
 PSYoungGen      total 34304K, used 34304K [0x00000000eab00000, 0x00000000ecf00000, 0x0000000100000000)
  eden space 31744K, 100% used [0x00000000eab00000,0x00000000eca00000,0x00000000eca00000)
  from space 2560K, 100% used [0x00000000ecc80000,0x00000000ecf00000,0x00000000ecf00000)
  to   space 2560K, 0% used [0x00000000eca00000,0x00000000eca00000,0x00000000ecc80000)
 ParOldGen       total 42496K, used 9239K [0x00000000c0000000, 0x00000000c2980000, 0x00000000eab00000)
  object space 42496K, 21% used [0x00000000c0000000,0x00000000c0905c30,0x00000000c2980000)
 Metaspace       used 5855K, capacity 7088K, committed 7296K, reserved 1056768K
  class space    used 546K, capacity 616K, committed 640K, reserved 1048576K
Event: 15.063 GC heap after
Heap after GC invocations=5 (full 0):
 PSYoungGen      total 34304K, used 2560K [0x00000000eab00000, 0x00000000ef800000, 0x0000000100000000)
  eden space 31744K, 0% used [0x00000000eab00000,0x00000000eab00000,0x00000000eca00000)
  from space 2560K, 100% used [0x00000000eca00000,0x00000000ecc80000,0x00000000ecc80000)
  to   space 7680K, 0% used [0x00000000ef080000,0x00000000ef080000,0x00000000ef800000)
 ParOldGen       total 42496K, used 14287K [0x00000000c0000000, 0x00000000c2980000, 0x00000000eab00000)
  object space 42496K, 33% used [0x00000000c0000000,0x00000000c0df3c10,0x00000000c2980000)
 Metaspace       used 5855K, capacity 7088K, committed 7296K, reserved 1056768K
  class space    used 546K, capacity 616K, committed 640K, reserved 1048576K
}
Event: 15.485 GC heap before
{Heap before GC invocations=6 (full 0):
 PSYoungGen      total 34304K, used 34304K [0x00000000eab00000, 0x00000000ef800000, 0x0000000100000000)
  eden space 31744K, 100% used [0x00000000eab00000,0x00000000eca00000,0x00000000eca00000)
  from space 2560K, 100% used [0x00000000eca00000,0x00000000ecc80000,0x00000000ecc80000)
  to   space 7680K, 0% used [0x00000000ef080000,0x00000000ef080000,0x00000000ef800000)
 ParOldGen       total 42496K, used 14287K [0x00000000c0000000, 0x00000000c2980000, 0x00000000eab00000)
  object space 42496K, 33% used [0x00000000c0000000,0x00000000c0df3c10,0x00000000c2980000)
 Metaspace       used 5876K, capacity 7088K, committed 7296K, reserved 1056768K
  class space    used 546K, capacity 616K, committed 640K, reserved 1048576K
Event: 15.513 GC heap after
Heap after GC invocations=6 (full 0):
 PSYoungGen      total 70656K, used 7392K [0x00000000eab00000, 0x00000000ef900000, 0x0000000100000000)
  eden space 62976K, 0% used [0x00000000eab00000,0x00000000eab00000,0x00000000ee880000)
  from space 7680K, 96% used [0x00000000ef080000,0x00000000ef7b8010,0x00000000ef800000)
  to   space 8192K, 0% used [0x00000000ee880000,0x00000000ee880000,0x00000000ef080000)
 ParOldGen       total 42496K, used 14295K [0x00000000c0000000, 0x00000000c2980000, 0x00000000eab00000)
  object space 42496K, 33% used [0x00000000c0000000,0x00000000c0df5c10,0x00000000c2980000)
 Metaspace       used 5876K, capacity 7088K, committed 7296K, reserved 1056768K
  class space    used 546K, capacity 616K, committed 640K, reserved 1048576K
}
Event: 16.603 GC heap before
{Heap before GC invocations=7 (full 0):
 PSYoungGen      total 70656K, used 70368K [0x00000000eab00000, 0x00000000ef900000, 0x0000000100000000)
  eden space 62976K, 100% used [0x00000000eab00000,0x00000000ee880000,0x00000000ee880000)
  from space 7680K, 96% used [0x00000000ef080000,0x00000000ef7b8010,0x00000000ef800000)
  to   space 8192K, 0% used [0x00000000ee880000,0x00000000ee880000,0x00000000ef080000)
 ParOldGen       total 42496K, used 14295K [0x00000000c0000000, 0x00000000c2980000, 0x00000000eab00000)
  object space 42496K, 33% used [0x00000000c0000000,0x00000000c0df5c10,0x00000000c2980000)
 Metaspace       used 5919K, capacity 7152K, committed 7296K, reserved 1056768K
  class space    used 546K, capacity 616K, committed 640K, reserved 1048576K

Deoptimization events (10 events):
Event: 15.304 Thread 0x00007fe28c00a000 Uncommon trap: reason=bimorphic action=maybe_recompile pc=0x00007fe27d6d5c60 method=com.android.dx.ssa.LiteralOpUpgrader.tryReplacingWithConstant(Lcom/android/dx/ssa/NormalSsaInsn;)Z @ 62
Event: 15.304 Thread 0x00007fe28c00a000 Uncommon trap: reason=bimorphic action=maybe_recompile pc=0x00007fe27d6d5c60 method=com.android.dx.ssa.LiteralOpUpgrader.tryReplacingWithConstant(Lcom/android/dx/ssa/NormalSsaInsn;)Z @ 62
Event: 15.312 Thread 0x00007fe28c00a000 Uncommon trap: reason=unstable_if action=reinterpret pc=0x00007fe27d6e5f54 method=com.android.dx.ssa.SsaMethod.isRegALocal(Lcom/android/dx/rop/code/RegisterSpec;)Z @ 80
Event: 15.327 Thread 0x00007fe28c00a000 Uncommon trap: reason=bimorphic action=maybe_recompile pc=0x00007fe27d426d34 method=java.util.HashMap.getNode(ILjava/lang/Object;)Ljava/util/HashMap$Node; @ 126
Event: 15.327 Thread 0x00007fe28c00a000 Uncommon trap: reason=bimorphic action=maybe_recompile pc=0x00007fe27d412d1c method=java.util.HashMap.getNode(ILjava/lang/Object;)Ljava/util/HashMap$Node; @ 126
Event: 15.350 Thread 0x00007fe28c00a000 Uncommon trap: reason=null_check action=make_not_entrant pc=0x00007fe27d4e750c method=com.android.dx.ssa.SsaRenamer.getLocalForNewReg(I)Lcom/android/dx/rop/code/LocalItem; @ 19
Event: 15.351 Thread 0x00007fe28c00a000 Uncommon trap: reason=unstable_if action=reinterpret pc=0x00007fe27d6aee44 method=com.android.dx.ssa.SsaInsn.getLocalAssignment()Lcom/android/dx/rop/code/RegisterSpec; @ 14
Event: 15.438 Thread 0x00007fe28c00a000 Uncommon trap: reason=unstable_if action=reinterpret pc=0x00007fe27d596308 method=com.android.dx.ssa.MoveParamCombiner$1.visitNonMoveInsn(Lcom/android/dx/ssa/NormalSsaInsn;)V @ 27
Event: 15.650 Thread 0x00007fe28c00a000 Uncommon trap: reason=class_check action=maybe_recompile pc=0x00007fe27d6cbc24 method=com.android.dx.rop.code.RegisterSpec.withSimpleType()Lcom/android/dx/rop/code/RegisterSpec; @ 6
Event: 16.467 Thread 0x00007fe28c00a000 Uncommon trap: reason=unstable_if action=reinterpret pc=0x00007fe27d6e3448 method=com.android.dx.util.BitIntSet.has(I)Z @ 8

Internal exceptions (5 events):
Event: 0.164 Thread 0x00007fe28c00a000 Exception <a 'java/lang/NoSuchMethodError': Method sun.misc.Unsafe.defineClass(Ljava/lang/String;[BII)Ljava/lang/Class; name or signature does not match> (0x00000000eab12a38) thrown at [/RE-WORK/workspace/8-2-build-linux-amd64/jdk8u45/3457/hotspot/src/sha
Event: 0.164 Thread 0x00007fe28c00a000 Exception <a 'java/lang/NoSuchMethodError': Method sun.misc.Unsafe.prefetchRead(Ljava/lang/Object;J)V name or signature does not match> (0x00000000eab12cc8) thrown at [/RE-WORK/workspace/8-2-build-linux-amd64/jdk8u45/3457/hotspot/src/share/vm/prims/jni.cp
Event: 1.808 Thread 0x00007fe28c00a000 Implicit null exception at 0x00007fe27d361762 to 0x00007fe27d361802
Event: 2.393 Thread 0x00007fe28c00a000 Implicit null exception at 0x00007fe27d3066f0 to 0x00007fe27d307545
Event: 15.350 Thread 0x00007fe28c00a000 Implicit null exception at 0x00007fe27d4e6abf to 0x00007fe27d4e74f1

Events (10 events):
Event: 15.438 Thread 0x00007fe28c00a000 DEOPT UNPACKING pc=0x00007fe27d005229 sp=0x00007fe293034a98 mode 2
Event: 15.485 Executing VM operation: ParallelGCFailedAllocation
Event: 15.513 Executing VM operation: ParallelGCFailedAllocation done
Event: 15.650 Thread 0x00007fe28c00a000 Uncommon trap: trap_request=0xffffffde fr.pc=0x00007fe27d6cbc24
Event: 15.650 Thread 0x00007fe28c00a000 DEOPT PACKING pc=0x00007fe27d6cbc24 sp=0x00007fe293034bf0
Event: 15.650 Thread 0x00007fe28c00a000 DEOPT UNPACKING pc=0x00007fe27d005229 sp=0x00007fe293034b58 mode 2
Event: 16.467 Thread 0x00007fe28c00a000 Uncommon trap: trap_request=0xffffff65 fr.pc=0x00007fe27d6e3448
Event: 16.467 Thread 0x00007fe28c00a000 DEOPT PACKING pc=0x00007fe27d6e3448 sp=0x00007fe293034880
Event: 16.467 Thread 0x00007fe28c00a000 DEOPT UNPACKING pc=0x00007fe27d005229 sp=0x00007fe2930347d8 mode 2
Event: 16.571 Executing VM operation: ParallelGCFailedAllocation


Dynamic libraries:
00400000-00401000 r-xp 00000000 08:03 1572315                            /opt/java/jdk1.8.0_45/bin/java
00600000-00601000 rw-p 00000000 08:03 1572315                            /opt/java/jdk1.8.0_45/bin/java
015e0000-01601000 rw-p 00000000 00:00 0                                  [heap]
c0000000-c2980000 rw-p 00000000 00:00 0 
c2980000-eab00000 ---p 00000000 00:00 0 
eab00000-ef900000 rw-p 00000000 00:00 0 
f4200000-100000000 ---p 00000000 00:00 0 
100000000-1000a0000 rw-p 00000000 00:00 0 
1000a0000-140000000 ---p 00000000 00:00 0 
7fe23c000000-7fe23c888000 rw-p 00000000 00:00 0 
7fe23c888000-7fe240000000 ---p 00000000 00:00 0 
7fe240000000-7fe240021000 rw-p 00000000 00:00 0 
7fe240021000-7fe244000000 ---p 00000000 00:00 0 
7fe248000000-7fe248b3d000 rw-p 00000000 00:00 0 
7fe248b3d000-7fe24c000000 ---p 00000000 00:00 0 
7fe24c000000-7fe24c021000 rw-p 00000000 00:00 0 
7fe24c021000-7fe250000000 ---p 00000000 00:00 0 
7fe250000000-7fe250021000 rw-p 00000000 00:00 0 
7fe250021000-7fe254000000 ---p 00000000 00:00 0 
7fe254000000-7fe2550d7000 rw-p 00000000 00:00 0 
7fe2550d7000-7fe258000000 ---p 00000000 00:00 0 
7fe258000000-7fe258021000 rw-p 00000000 00:00 0 
7fe258021000-7fe25c000000 ---p 00000000 00:00 0 
7fe25c000000-7fe25c021000 rw-p 00000000 00:00 0 
7fe25c021000-7fe260000000 ---p 00000000 00:00 0 
7fe260000000-7fe260021000 rw-p 00000000 00:00 0 
7fe260021000-7fe264000000 ---p 00000000 00:00 0 
7fe264000000-7fe26428a000 rw-p 00000000 00:00 0 
7fe26428a000-7fe268000000 ---p 00000000 00:00 0 
7fe268000000-7fe268021000 rw-p 00000000 00:00 0 
7fe268021000-7fe26c000000 ---p 00000000 00:00 0 
7fe26fcfd000-7fe26fcfe000 ---p 00000000 00:00 0 
7fe26fcfe000-7fe26fdfe000 rw-p 00000000 00:00 0                          [stack:8641]
7fe26fdfe000-7fe26fe01000 ---p 00000000 00:00 0 
7fe26fe01000-7fe26feff000 rw-p 00000000 00:00 0                          [stack:8639]
7fe26feff000-7fe26ff02000 ---p 00000000 00:00 0 
7fe26ff02000-7fe270000000 rw-p 00000000 00:00 0                          [stack:8637]
7fe270000000-7fe270021000 rw-p 00000000 00:00 0 
7fe270021000-7fe274000000 ---p 00000000 00:00 0 
7fe2740ab000-7fe2740c0000 r--s 000c0000 00:19 13240730                   /home/mike/AndroidStudioProjects/Wordist/app/build/intermediates/exploded-aar/com.google.android.gms/play-services-base/7.8.0/jars/classes.jar
7fe2740c0000-7fe2740c3000 ---p 00000000 00:00 0 
7fe2740c3000-7fe2741c1000 rw-p 00000000 00:00 0                          [stack:8633]
7fe2741c1000-7fe2741c4000 ---p 00000000 00:00 0 
7fe2741c4000-7fe2742c2000 rw-p 00000000 00:00 0                          [stack:8629]
7fe2742c2000-7fe2742c5000 ---p 00000000 00:00 0 
7fe2742c5000-7fe2743c3000 rw-p 00000000 00:00 0                          [stack:8627]
7fe2743c3000-7fe27468c000 r--p 00000000 08:03 266989                     /usr/lib/locale/locale-archive
7fe27468c000-7fe27468f000 ---p 00000000 00:00 0 
7fe27468f000-7fe27478d000 rw-p 00000000 00:00 0                          [stack:8617]
7fe27478d000-7fe274790000 ---p 00000000 00:00 0 
7fe274790000-7fe27488e000 rw-p 00000000 00:00 0                          [stack:8614]
7fe27488e000-7fe27488f000 ---p 00000000 00:00 0 
7fe27488f000-7fe275e80000 rw-p 00000000 00:00 0                          [stack:8610]
7fe275e80000-7fe276000000 ---p 00000000 00:00 0 
7fe276000000-7fe278000000 rw-p 00000000 00:00 0 
7fe278000000-7fe278021000 rw-p 00000000 00:00 0 
7fe278021000-7fe27c000000 ---p 00000000 00:00 0 
7fe27c00b000-7fe27c10c000 rw-p 00000000 00:00 0 
7fe27c10c000-7fe27c2e5000 r--s 03d09000 08:03 1573810                    /opt/java/jdk1.8.0_45/jre/lib/rt.jar
7fe27c2e5000-7fe27c4e5000 rw-p 00000000 00:00 0 
7fe27c4e5000-7fe27c4e6000 ---p 00000000 00:00 0 
7fe27c4e6000-7fe27c5e6000 rw-p 00000000 00:00 0                          [stack:8604]
7fe27c5e6000-7fe27c5e7000 ---p 00000000 00:00 0 
7fe27c5e7000-7fe27c6e7000 rw-p 00000000 00:00 0                          [stack:8603]
7fe27c6e7000-7fe27c6e8000 ---p 00000000 00:00 0 
7fe27c6e8000-7fe27c7e8000 rw-p 00000000 00:00 0                          [stack:8602]
7fe27c7e8000-7fe27c7e9000 ---p 00000000 00:00 0 
7fe27c7e9000-7fe27c8fe000 rw-p 00000000 00:00 0                          [stack:8601]
7fe27c8fe000-7fe27ca3f000 ---p 00000000 00:00 0 
7fe27ca3f000-7fe27ca54000 rw-p 00000000 00:00 0 
7fe27ca54000-7fe27cb94000 ---p 00000000 00:00 0 
7fe27cb94000-7fe27cbbc000 rw-p 00000000 00:00 0 
7fe27cbbc000-7fe27cc3f000 ---p 00000000 00:00 0 
7fe27cc3f000-7fe27cc5f000 rw-p 00000000 00:00 0 
7fe27cc5f000-7fe27d000000 ---p 00000000 00:00 0 
7fe27d000000-7fe27d7a0000 rwxp 00000000 00:00 0 
7fe27d7a0000-7fe28c000000 ---p 00000000 00:00 0 
7fe28c000000-7fe28c391000 rw-p 00000000 00:00 0 
7fe28c391000-7fe290000000 ---p 00000000 00:00 0 
7fe29000f000-7fe29001e000 r--s 000dd000 00:19 9438599                    /home/mike/Android/Sdk/build-tools/22.0.1/lib/dx.jar
7fe29001e000-7fe2900d6000 rw-p 00000000 00:00 0 
7fe2900d6000-7fe2900f0000 r-xp 00000000 08:03 1574049                    /opt/java/jdk1.8.0_45/jre/lib/amd64/libzip.so
7fe2900f0000-7fe2902f0000 ---p 0001a000 08:03 1574049                    /opt/java/jdk1.8.0_45/jre/lib/amd64/libzip.so
7fe2902f0000-7fe2902f1000 rw-p 0001a000 08:03 1574049                    /opt/java/jdk1.8.0_45/jre/lib/amd64/libzip.so
7fe2902f1000-7fe2902fc000 r-xp 00000000 08:03 131807                     /lib/x86_64-linux-gnu/libnss_files-2.19.so
7fe2902fc000-7fe2904fb000 ---p 0000b000 08:03 131807                     /lib/x86_64-linux-gnu/libnss_files-2.19.so
7fe2904fb000-7fe2904fc000 r--p 0000a000 08:03 131807                     /lib/x86_64-linux-gnu/libnss_files-2.19.so
7fe2904fc000-7fe2904fd000 rw-p 0000b000 08:03 131807                     /lib/x86_64-linux-gnu/libnss_files-2.19.so
7fe2904fd000-7fe290508000 r-xp 00000000 08:03 131871                     /lib/x86_64-linux-gnu/libnss_nis-2.19.so
7fe290508000-7fe290707000 ---p 0000b000 08:03 131871                     /lib/x86_64-linux-gnu/libnss_nis-2.19.so
7fe290707000-7fe290708000 r--p 0000a000 08:03 131871                     /lib/x86_64-linux-gnu/libnss_nis-2.19.so
7fe290708000-7fe290709000 rw-p 0000b000 08:03 131871                     /lib/x86_64-linux-gnu/libnss_nis-2.19.so
7fe290709000-7fe290720000 r-xp 00000000 08:03 131829                     /lib/x86_64-linux-gnu/libnsl-2.19.so
7fe290720000-7fe29091f000 ---p 00017000 08:03 131829                     /lib/x86_64-linux-gnu/libnsl-2.19.so
7fe29091f000-7fe290920000 r--p 00016000 08:03 131829                     /lib/x86_64-linux-gnu/libnsl-2.19.so
7fe290920000-7fe290921000 rw-p 00017000 08:03 131829                     /lib/x86_64-linux-gnu/libnsl-2.19.so
7fe290921000-7fe290923000 rw-p 00000000 00:00 0 
7fe290923000-7fe29092c000 r-xp 00000000 08:03 131828                     /lib/x86_64-linux-gnu/libnss_compat-2.19.so
7fe29092c000-7fe290b2b000 ---p 00009000 08:03 131828                     /lib/x86_64-linux-gnu/libnss_compat-2.19.so
7fe290b2b000-7fe290b2c000 r--p 00008000 08:03 131828                     /lib/x86_64-linux-gnu/libnss_compat-2.19.so
7fe290b2c000-7fe290b2d000 rw-p 00009000 08:03 131828                     /lib/x86_64-linux-gnu/libnss_compat-2.19.so
7fe290b2d000-7fe290b57000 r-xp 00000000 08:03 1574040                    /opt/java/jdk1.8.0_45/jre/lib/amd64/libjava.so
7fe290b57000-7fe290d57000 ---p 0002a000 08:03 1574040                    /opt/java/jdk1.8.0_45/jre/lib/amd64/libjava.so
7fe290d57000-7fe290d59000 rw-p 0002a000 08:03 1574040                    /opt/java/jdk1.8.0_45/jre/lib/amd64/libjava.so
7fe290d59000-7fe290d66000 r-xp 00000000 08:03 1574047                    /opt/java/jdk1.8.0_45/jre/lib/amd64/libverify.so
7fe290d66000-7fe290f66000 ---p 0000d000 08:03 1574047                    /opt/java/jdk1.8.0_45/jre/lib/amd64/libverify.so
7fe290f66000-7fe290f68000 rw-p 0000d000 08:03 1574047                    /opt/java/jdk1.8.0_45/jre/lib/amd64/libverify.so
7fe290f68000-7fe290f6f000 r-xp 00000000 08:03 131868                     /lib/x86_64-linux-gnu/librt-2.19.so
7fe290f6f000-7fe29116e000 ---p 00007000 08:03 131868                     /lib/x86_64-linux-gnu/librt-2.19.so
7fe29116e000-7fe29116f000 r--p 00006000 08:03 131868                     /lib/x86_64-linux-gnu/librt-2.19.so
7fe29116f000-7fe291170000 rw-p 00007000 08:03 131868                     /lib/x86_64-linux-gnu/librt-2.19.so
7fe291170000-7fe291275000 r-xp 00000000 08:03 131806                     /lib/x86_64-linux-gnu/libm-2.19.so
7fe291275000-7fe291474000 ---p 00105000 08:03 131806                     /lib/x86_64-linux-gnu/libm-2.19.so
7fe291474000-7fe291475000 r--p 00104000 08:03 131806                     /lib/x86_64-linux-gnu/libm-2.19.so
7fe291475000-7fe291476000 rw-p 00105000 08:03 131806                     /lib/x86_64-linux-gnu/libm-2.19.so
7fe291476000-7fe292124000 r-xp 00000000 08:03 1574060                    /opt/java/jdk1.8.0_45/jre/lib/amd64/server/libjvm.so
7fe292124000-7fe292323000 ---p 00cae000 08:03 1574060                    /opt/java/jdk1.8.0_45/jre/lib/amd64/server/libjvm.so
7fe292323000-7fe2923fa000 rw-p 00cad000 08:03 1574060                    /opt/java/jdk1.8.0_45/jre/lib/amd64/server/libjvm.so
7fe2923fa000-7fe29243e000 rw-p 00000000 00:00 0 
7fe29243e000-7fe2925f9000 r-xp 00000000 08:03 131857                     /lib/x86_64-linux-gnu/libc-2.19.so
7fe2925f9000-7fe2927f8000 ---p 001bb000 08:03 131857                     /lib/x86_64-linux-gnu/libc-2.19.so
7fe2927f8000-7fe2927fc000 r--p 001ba000 08:03 131857                     /lib/x86_64-linux-gnu/libc-2.19.so
7fe2927fc000-7fe2927fe000 rw-p 001be000 08:03 131857                     /lib/x86_64-linux-gnu/libc-2.19.so
7fe2927fe000-7fe292803000 rw-p 00000000 00:00 0 
7fe292803000-7fe292806000 r-xp 00000000 08:03 131810                     /lib/x86_64-linux-gnu/libdl-2.19.so
7fe292806000-7fe292a05000 ---p 00003000 08:03 131810                     /lib/x86_64-linux-gnu/libdl-2.19.so
7fe292a05000-7fe292a06000 r--p 00002000 08:03 131810                     /lib/x86_64-linux-gnu/libdl-2.19.so
7fe292a06000-7fe292a07000 rw-p 00003000 08:03 131810                     /lib/x86_64-linux-gnu/libdl-2.19.so
7fe292a07000-7fe292a1c000 r-xp 00000000 08:03 1573749                    /opt/java/jdk1.8.0_45/lib/amd64/jli/libjli.so
7fe292a1c000-7fe292c1c000 ---p 00015000 08:03 1573749                    /opt/java/jdk1.8.0_45/lib/amd64/jli/libjli.so
7fe292c1c000-7fe292c1d000 rw-p 00015000 08:03 1573749                    /opt/java/jdk1.8.0_45/lib/amd64/jli/libjli.so
7fe292c1d000-7fe292c36000 r-xp 00000000 08:03 131858                     /lib/x86_64-linux-gnu/libpthread-2.19.so
7fe292c36000-7fe292e35000 ---p 00019000 08:03 131858                     /lib/x86_64-linux-gnu/libpthread-2.19.so
7fe292e35000-7fe292e36000 r--p 00018000 08:03 131858                     /lib/x86_64-linux-gnu/libpthread-2.19.so
7fe292e36000-7fe292e37000 rw-p 00019000 08:03 131858                     /lib/x86_64-linux-gnu/libpthread-2.19.so
7fe292e37000-7fe292e3b000 rw-p 00000000 00:00 0 
7fe292e3b000-7fe292e5e000 r-xp 00000000 08:03 131833                     /lib/x86_64-linux-gnu/ld-2.19.so
7fe292e64000-7fe292f36000 rw-p 00000000 00:00 0 
7fe292f36000-7fe292f39000 ---p 00000000 00:00 0 
7fe292f39000-7fe29303c000 rw-p 00000000 00:00 0                          [stack:8591]
7fe29303c000-7fe29303d000 r--p 00000000 08:03 672594                     /usr/share/locale-langpack/en_GB/LC_MESSAGES/libc.mo
7fe29303d000-7fe293051000 rw-p 00000000 00:00 0 
7fe293051000-7fe293059000 rw-s 00000000 08:03 1574144                    /tmp/hsperfdata_mike/8570
7fe293059000-7fe29305a000 rw-p 00000000 00:00 0 
7fe29305a000-7fe29305b000 ---p 00000000 00:00 0 
7fe29305b000-7fe29305d000 rw-p 00000000 00:00 0 
7fe29305d000-7fe29305e000 r--p 00022000 08:03 131833                     /lib/x86_64-linux-gnu/ld-2.19.so
7fe29305e000-7fe29305f000 rw-p 00023000 08:03 131833                     /lib/x86_64-linux-gnu/ld-2.19.so
7fe29305f000-7fe293060000 rw-p 00000000 00:00 0 
7fff3c9a0000-7fff3c9c1000 rw-p 00000000 00:00 0                          [stack]
7fff3c9fe000-7fff3ca00000 r-xp 00000000 00:00 0                          [vdso]
ffffffffff600000-ffffffffff601000 r-xp 00000000 00:00 0                  [vsyscall]

VM Arguments:
jvm_args: -Xmx1024M -Dfile.encoding=UTF-8 -Duser.country=GB -Duser.language=en -Duser.variant 
java_command: com.android.dx.command.Main --dex --output /home/mike/AndroidStudioProjects/Wordist/app/build/intermediates/pre-dexed/debug/classes-358ba3f89d5292d339e644caec5ff2e603a615c6.jar /home/mike/AndroidStudioProjects/Wordist/app/build/intermediates/exploded-aar/com.google.android.gms/play-services-base/7.8.0/jars/classes.jar
java_class_path (initial): /home/mike/Android/Sdk/build-tools/22.0.1/lib/dx.jar
Launcher Type: SUN_STANDARD

Environment Variables:
PATH=/usr/local/sbin:/usr/local/bin:/usr/sbin:/usr/bin:/sbin:/bin:/usr/games:/usr/local/games
USERNAME=mike
LD_LIBRARY_PATH=/opt/android-studio/bin:
SHELL=/bin/bash
DISPLAY=:0

Signal Handlers:
SIGSEGV: [libjvm.so+0xaad1e0], sa_mask[0]=11111111011111111101111111111110, sa_flags=SA_RESTART|SA_SIGINFO
SIGBUS: [libjvm.so+0xaad1e0], sa_mask[0]=11111111011111111101111111111110, sa_flags=SA_RESTART|SA_SIGINFO
SIGFPE: [libjvm.so+0x90b450], sa_mask[0]=11111111011111111101111111111110, sa_flags=SA_RESTART|SA_SIGINFO
SIGPIPE: [libjvm.so+0x90b450], sa_mask[0]=11111111011111111101111111111110, sa_flags=SA_RESTART|SA_SIGINFO
SIGXFSZ: [libjvm.so+0x90b450], sa_mask[0]=11111111011111111101111111111110, sa_flags=SA_RESTART|SA_SIGINFO
SIGILL: [libjvm.so+0x90b450], sa_mask[0]=11111111011111111101111111111110, sa_flags=SA_RESTART|SA_SIGINFO
SIGUSR1: SIG_DFL, sa_mask[0]=00000000000000000000000000000000, sa_flags=none
SIGUSR2: [libjvm.so+0x90ca90], sa_mask[0]=00100000000000000000000000000000, sa_flags=SA_RESTART|SA_SIGINFO
SIGHUP: [libjvm.so+0x90dde0], sa_mask[0]=11111111011111111101111111111110, sa_flags=SA_RESTART|SA_SIGINFO
SIGINT: [libjvm.so+0x90dde0], sa_mask[0]=11111111011111111101111111111110, sa_flags=SA_RESTART|SA_SIGINFO
SIGTERM: [libjvm.so+0x90dde0], sa_mask[0]=11111111011111111101111111111110, sa_flags=SA_RESTART|SA_SIGINFO
SIGQUIT: [libjvm.so+0x90dde0], sa_mask[0]=11111111011111111101111111111110, sa_flags=SA_RESTART|SA_SIGINFO


---------------  S Y S T E M  ---------------

OS:DISTRIB_ID=LinuxMint
DISTRIB_RELEASE=17.2
DISTRIB_CODENAME=rafaela
DISTRIB_DESCRIPTION="Linux Mint 17.2 Rafaela"

uname:Linux 3.13.0-37-generic #64-Ubuntu SMP Mon Sep 22 21:28:38 UTC 2014 x86_64
libc:glibc 2.19 NPTL 2.19 
rlimit: STACK 8192k, CORE 0k, NPROC 30882, NOFILE 4096, AS infinity
load average:7.77 2.78 1.62

/proc/meminfo:
MemTotal:        4048044 kB
MemFree:           97896 kB
Buffers:             244 kB
Cached:            90572 kB
SwapCached:            0 kB
Active:          3447588 kB
Inactive:          85944 kB
Active(anon):    3446516 kB
Inactive(anon):    77796 kB
Active(file):       1072 kB
Inactive(file):     8148 kB
Unevictable:          88 kB
Mlocked:              88 kB
SwapTotal:             0 kB
SwapFree:              0 kB
Dirty:                 0 kB
Writeback:             0 kB
AnonPages:       3443616 kB
Mapped:           204896 kB
Shmem:             80784 kB
Slab:              78456 kB
SReclaimable:      25904 kB
SUnreclaim:        52552 kB
KernelStack:        5080 kB
PageTables:        37468 kB
NFS_Unstable:          0 kB
Bounce:                0 kB
WritebackTmp:          0 kB
CommitLimit:     2024020 kB
Committed_AS:    6572480 kB
VmallocTotal:   34359738367 kB
VmallocUsed:      305664 kB
VmallocChunk:   34359428860 kB
HardwareCorrupted:     0 kB
AnonHugePages:   1181696 kB
HugePages_Total:       0
HugePages_Free:        0
HugePages_Rsvd:        0
HugePages_Surp:        0
Hugepagesize:       2048 kB
DirectMap4k:      147008 kB
DirectMap2M:     2998272 kB
DirectMap1G:     1048576 kB


CPU:total 4 (4 cores per cpu, 1 threads per core) family 16 model 4 stepping 2, cmov, cx8, fxsr, mmx, sse, sse2, sse3, popcnt, mmxext, 3dnowpref, lzcnt, sse4a, tsc, tscinvbit, tscinv

/proc/cpuinfo:
processor	: 0
vendor_id	: AuthenticAMD
cpu family	: 16
model		: 4
model name	: AMD Phenom(tm) II X4 955 Processor
stepping	: 2
microcode	: 0x1000086
cpu MHz		: 800.000
cache size	: 512 KB
physical id	: 0
siblings	: 4
core id		: 0
cpu cores	: 4
apicid		: 0
initial apicid	: 0
fpu		: yes
fpu_exception	: yes
cpuid level	: 5
wp		: yes
flags		: fpu vme de pse tsc msr pae mce cx8 apic sep mtrr pge mca cmov pat pse36 clflush mmx fxsr sse sse2 ht syscall nx mmxext fxsr_opt pdpe1gb rdtscp lm 3dnowext 3dnow constant_tsc rep_good nopl nonstop_tsc extd_apicid pni monitor cx16 popcnt lahf_lm cmp_legacy svm extapic cr8_legacy abm sse4a misalignsse 3dnowprefetch osvw ibs skinit wdt hw_pstate npt lbrv svm_lock nrip_save
bogomips	: 6399.63
TLB size	: 1024 4K pages
clflush size	: 64
cache_alignment	: 64
address sizes	: 48 bits physical, 48 bits virtual
power management: ts ttp tm stc 100mhzsteps hwpstate

processor	: 1
vendor_id	: AuthenticAMD
cpu family	: 16
model		: 4
model name	: AMD Phenom(tm) II X4 955 Processor
stepping	: 2
microcode	: 0x1000086
cpu MHz		: 800.000
cache size	: 512 KB
physical id	: 0
siblings	: 4
core id		: 1
cpu cores	: 4
apicid		: 1
initial apicid	: 1
fpu		: yes
fpu_exception	: yes
cpuid level	: 5
wp		: yes
flags		: fpu vme de pse tsc msr pae mce cx8 apic sep mtrr pge mca cmov pat pse36 clflush mmx fxsr sse sse2 ht syscall nx mmxext fxsr_opt pdpe1gb rdtscp lm 3dnowext 3dnow constant_tsc rep_good nopl nonstop_tsc extd_apicid pni monitor cx16 popcnt lahf_lm cmp_legacy svm extapic cr8_legacy abm sse4a misalignsse 3dnowprefetch osvw ibs skinit wdt hw_pstate npt lbrv svm_lock nrip_save
bogomips	: 6399.63
TLB size	: 1024 4K pages
clflush size	: 64
cache_alignment	: 64
address sizes	: 48 bits physical, 48 bits virtual
power management: ts ttp tm stc 100mhzsteps hwpstate

processor	: 2
vendor_id	: AuthenticAMD
cpu family	: 16
model		: 4
model name	: AMD Phenom(tm) II X4 955 Processor
stepping	: 2
microcode	: 0x1000086
cpu MHz		: 800.000
cache size	: 512 KB
physical id	: 0
siblings	: 4
core id		: 2
cpu cores	: 4
apicid		: 2
initial apicid	: 2
fpu		: yes
fpu_exception	: yes
cpuid level	: 5
wp		: yes
flags		: fpu vme de pse tsc msr pae mce cx8 apic sep mtrr pge mca cmov pat pse36 clflush mmx fxsr sse sse2 ht syscall nx mmxext fxsr_opt pdpe1gb rdtscp lm 3dnowext 3dnow constant_tsc rep_good nopl nonstop_tsc extd_apicid pni monitor cx16 popcnt lahf_lm cmp_legacy svm extapic cr8_legacy abm sse4a misalignsse 3dnowprefetch osvw ibs skinit wdt hw_pstate npt lbrv svm_lock nrip_save
bogomips	: 6399.63
TLB size	: 1024 4K pages
clflush size	: 64
cache_alignment	: 64
address sizes	: 48 bits physical, 48 bits virtual
power management: ts ttp tm stc 100mhzsteps hwpstate

processor	: 3
vendor_id	: AuthenticAMD
cpu family	: 16
model		: 4
model name	: AMD Phenom(tm) II X4 955 Processor
stepping	: 2
microcode	: 0x1000086
cpu MHz		: 800.000
cache size	: 512 KB
physical id	: 0
siblings	: 4
core id		: 3
cpu cores	: 4
apicid		: 3
initial apicid	: 3
fpu		: yes
fpu_exception	: yes
cpuid level	: 5
wp		: yes
flags		: fpu vme de pse tsc msr pae mce cx8 apic sep mtrr pge mca cmov pat pse36 clflush mmx fxsr sse sse2 ht syscall nx mmxext fxsr_opt pdpe1gb rdtscp lm 3dnowext 3dnow constant_tsc rep_good nopl nonstop_tsc extd_apicid pni monitor cx16 popcnt lahf_lm cmp_legacy svm extapic cr8_legacy abm sse4a misalignsse 3dnowprefetch osvw ibs skinit wdt hw_pstate npt lbrv svm_lock nrip_save
bogomips	: 6399.63
TLB size	: 1024 4K pages
clflush size	: 64
cache_alignment	: 64
address sizes	: 48 bits physical, 48 bits virtual
power management: ts ttp tm stc 100mhzsteps hwpstate



Memory: 4k page, physical 4048044k(102428k free), swap 0k(0k free)

vm_info: Java HotSpot(TM) 64-Bit Server VM (25.45-b02) for linux-amd64 JRE (1.8.0_45-b14), built on Apr 10 2015 10:07:45 by "java_re" with gcc 4.3.0 20080428 (Red Hat 4.3.0-8)

time: Fri Aug 21 21:38:26 2015
elapsed time: 19 seconds (0d 0h 0m 19s)

