#
# There is insufficient memory for the Java Runtime Environment to continue.
# Native memory allocation (mmap) failed to map 16252928 bytes for committing reserved memory.
# Possible reasons:
#   The system is out of physical RAM or swap space
#   In 32 bit mode, the process size limit was hit
# Possible solutions:
#   Reduce memory load on the system
#   Increase physical memory or swap space
#   Check if swap backing store is full
#   Use 64 bit Java on a 64 bit OS
#   Decrease Java heap size (-Xmx/-Xms)
#   Decrease number of Java threads
#   Decrease Java thread stack sizes (-Xss)
#   Set larger code cache with -XX:ReservedCodeCacheSize=
# This output file may be truncated or incomplete.
#
#  Out of Memory Error (os_linux.cpp:2673), pid=4950, tid=140553290995456
#
# JRE version: Java(TM) SE Runtime Environment (8.0_45-b14) (build 1.8.0_45-b14)
# Java VM: Java HotSpot(TM) 64-Bit Server VM (25.45-b02 mixed mode linux-amd64 compressed oops)
# Failed to write core dump. Core dumps have been disabled. To enable core dumping, try "ulimit -c unlimited" before starting Java again
#

---------------  T H R E A D  ---------------

Current thread (0x00007fd534077800):  VMThread [stack: 0x00007fd51ceb5000,0x00007fd51cfb6000] [id=4985]

Stack: [0x00007fd51ceb5000,0x00007fd51cfb6000],  sp=0x00007fd51cfb41e0,  free space=1020k
Native frames: (J=compiled Java code, j=interpreted, Vv=VM code, C=native code)
V  [libjvm.so+0xaac99a]  VMError::report_and_die()+0x2ba
V  [libjvm.so+0x4f333b]  report_vm_out_of_memory(char const*, int, unsigned long, VMErrorType, char const*)+0x8b
V  [libjvm.so+0x90e7c3]  os::Linux::commit_memory_impl(char*, unsigned long, bool)+0x103
V  [libjvm.so+0x90ed19]  os::pd_commit_memory(char*, unsigned long, unsigned long, bool)+0x29
V  [libjvm.so+0x90867a]  os::commit_memory(char*, unsigned long, unsigned long, bool)+0x2a
V  [libjvm.so+0x97bac3]  PSVirtualSpace::expand_by(unsigned long)+0x53
V  [libjvm.so+0x97cec8]  PSYoungGen::resize_generation(unsigned long, unsigned long)+0xf8
V  [libjvm.so+0x97c022]  PSYoungGen::resize(unsigned long, unsigned long)+0x22
V  [libjvm.so+0x9792fb]  PSScavenge::invoke_no_policy()+0xf7b
V  [libjvm.so+0x979a81]  PSScavenge::invoke()+0x41
V  [libjvm.so+0x932050]  ParallelScavengeHeap::failed_mem_allocate(unsigned long)+0x70
V  [libjvm.so+0xaae1d7]  VM_ParallelGCFailedAllocation::doit()+0x97
V  [libjvm.so+0xab59c5]  VM_Operation::evaluate()+0x55
V  [libjvm.so+0xab3d9a]  VMThread::evaluate_operation(VM_Operation*)+0xba
V  [libjvm.so+0xab411e]  VMThread::loop()+0x1ce
V  [libjvm.so+0xab4590]  VMThread::run()+0x70
V  [libjvm.so+0x910de8]  java_start(Thread*)+0x108

VM_Operation (0x00007fd53b64bc40): ParallelGCFailedAllocation, mode: safepoint, requested by thread 0x00007fd53400a000


---------------  P R O C E S S  ---------------

Java Threads: ( => current thread )
  0x00007fd5340c2000 JavaThread "Service Thread" daemon [_thread_blocked, id=5007, stack(0x00007fd51c4e5000,0x00007fd51c5e6000)]
  0x00007fd5340bd000 JavaThread "C1 CompilerThread2" daemon [_thread_blocked, id=5002, stack(0x00007fd51c5e6000,0x00007fd51c6e7000)]
  0x00007fd5340bb800 JavaThread "C2 CompilerThread1" daemon [_thread_blocked, id=4997, stack(0x00007fd51c6e7000,0x00007fd51c7e8000)]
  0x00007fd5340b8800 JavaThread "C2 CompilerThread0" daemon [_thread_blocked, id=4996, stack(0x00007fd51c7e8000,0x00007fd51c8e9000)]
  0x00007fd5340b7000 JavaThread "Signal Dispatcher" daemon [_thread_blocked, id=4994, stack(0x00007fd51c8e9000,0x00007fd51c9ea000)]
  0x00007fd53407f000 JavaThread "Finalizer" daemon [_thread_blocked, id=4993, stack(0x00007fd51ccb3000,0x00007fd51cdb4000)]
  0x00007fd53407c800 JavaThread "Reference Handler" daemon [_thread_blocked, id=4990, stack(0x00007fd51cdb4000,0x00007fd51ceb5000)]
  0x00007fd53400a000 JavaThread "main" [_thread_blocked, id=4963, stack(0x00007fd53b54d000,0x00007fd53b64e000)]

Other Threads:
=>0x00007fd534077800 VMThread [stack: 0x00007fd51ceb5000,0x00007fd51cfb6000] [id=4985]
  0x00007fd5340c4800 WatcherThread [stack: 0x00007fd51c3e4000,0x00007fd51c4e5000] [id=5009]

VM state:at safepoint (normal execution)

VM Mutex/Monitor currently owned by a thread:  ([mutex/lock_event])
[0x00007fd534006370] Threads_lock - owner thread: 0x00007fd534077800
[0x00007fd534006870] Heap_lock - owner thread: 0x00007fd53400a000

Heap:
 PSYoungGen      total 18432K, used 2551K [0x00000000eab00000, 0x00000000ebf80000, 0x0000000100000000)
  eden space 15872K, 0% used [0x00000000eab00000,0x00000000eab00000,0x00000000eba80000)
  from space 2560K, 99% used [0x00000000ebd00000,0x00000000ebf7dc60,0x00000000ebf80000)
  to   space 2560K, 0% used [0x00000000eba80000,0x00000000eba80000,0x00000000ebd00000)
 ParOldGen       total 42496K, used 3861K [0x00000000c0000000, 0x00000000c2980000, 0x00000000eab00000)
  object space 42496K, 9% used [0x00000000c0000000,0x00000000c03c5528,0x00000000c2980000)
 Metaspace       used 5698K, capacity 6960K, committed 7040K, reserved 1056768K
  class space    used 550K, capacity 616K, committed 640K, reserved 1048576K

Card table byte_map: [0x00007fd53812a000,0x00007fd53832b000] byte_map_base: 0x00007fd537b2a000

Marking Bits: (ParMarkBitMap*) 0x00007fd53aa28760
 Begin Bits: [0x00007fd51e000000, 0x00007fd51f000000)
 End Bits:   [0x00007fd51f000000, 0x00007fd520000000)

Polling page: 0x00007fd53b66f000

CodeCache: size=245760Kb used=5282Kb max_used=5282Kb free=240477Kb
 bounds [0x00007fd525000000, 0x00007fd525530000, 0x00007fd534000000]
 total_blobs=1557 nmethods=1294 adapters=178
 compilation: enabled

Compilation events (10 events):
Event: 4.296 Thread 0x00007fd5340bb800 1305       4       com.android.dx.util.LabeledList::addLabelIndex (43 bytes)
Event: 4.304 Thread 0x00007fd5340bd000 1311       3       com.android.dx.cf.code.BasicBlocker::visitNoArgs (298 bytes)
Event: 4.305 Thread 0x00007fd5340bd000 nmethod 1311 0x00007fd525516110 code [0x00007fd525516380, 0x00007fd5255170d8]
Event: 4.305 Thread 0x00007fd5340bd000 1312       3       com.android.dx.cf.code.Simulator$SimVisitor::visitNoArgs (2108 bytes)
Event: 4.313 Thread 0x00007fd5340bd000 nmethod 1312 0x00007fd52551a290 code [0x00007fd52551b180, 0x00007fd525526be8]
Event: 4.313 Thread 0x00007fd5340bd000 1310       3       com.android.dx.cf.iface.StdMethod::<init> (40 bytes)
Event: 4.314 Thread 0x00007fd5340bd000 nmethod 1310 0x00007fd525503250 code [0x00007fd525503440, 0x00007fd525503e88]
Event: 4.314 Thread 0x00007fd5340bd000 1313       3       com.android.dx.cf.direct.DirectClassFile::getSourceFile (31 bytes)
Event: 4.314 Thread 0x00007fd5340bd000 nmethod 1313 0x00007fd525515810 code [0x00007fd5255159c0, 0x00007fd525515f58]
Event: 4.319 Thread 0x00007fd5340bd000 1314       3       com.android.dx.ssa.SsaMethod::makeNewGotoBlock (52 bytes)

GC Heap History (3 events):
Event: 1.929 GC heap before
{Heap before GC invocations=1 (full 0):
 PSYoungGen      total 18432K, used 15872K [0x00000000eab00000, 0x00000000ebf80000, 0x0000000100000000)
  eden space 15872K, 100% used [0x00000000eab00000,0x00000000eba80000,0x00000000eba80000)
  from space 2560K, 0% used [0x00000000ebd00000,0x00000000ebd00000,0x00000000ebf80000)
  to   space 2560K, 0% used [0x00000000eba80000,0x00000000eba80000,0x00000000ebd00000)
 ParOldGen       total 42496K, used 0K [0x00000000c0000000, 0x00000000c2980000, 0x00000000eab00000)
  object space 42496K, 0% used [0x00000000c0000000,0x00000000c0000000,0x00000000c2980000)
 Metaspace       used 5511K, capacity 6768K, committed 7040K, reserved 1056768K
  class space    used 547K, capacity 616K, committed 640K, reserved 1048576K
Event: 1.948 GC heap after
Heap after GC invocations=1 (full 0):
 PSYoungGen      total 18432K, used 2535K [0x00000000eab00000, 0x00000000ebf80000, 0x0000000100000000)
  eden space 15872K, 0% used [0x00000000eab00000,0x00000000eab00000,0x00000000eba80000)
  from space 2560K, 99% used [0x00000000eba80000,0x00000000ebcf9c68,0x00000000ebd00000)
  to   space 2560K, 0% used [0x00000000ebd00000,0x00000000ebd00000,0x00000000ebf80000)
 ParOldGen       total 42496K, used 1491K [0x00000000c0000000, 0x00000000c2980000, 0x00000000eab00000)
  object space 42496K, 3% used [0x00000000c0000000,0x00000000c0174c80,0x00000000c2980000)
 Metaspace       used 5511K, capacity 6768K, committed 7040K, reserved 1056768K
  class space    used 547K, capacity 616K, committed 640K, reserved 1048576K
}
Event: 4.416 GC heap before
{Heap before GC invocations=2 (full 0):
 PSYoungGen      total 18432K, used 18407K [0x00000000eab00000, 0x00000000ebf80000, 0x0000000100000000)
  eden space 15872K, 100% used [0x00000000eab00000,0x00000000eba80000,0x00000000eba80000)
  from space 2560K, 99% used [0x00000000eba80000,0x00000000ebcf9c68,0x00000000ebd00000)
  to   space 2560K, 0% used [0x00000000ebd00000,0x00000000ebd00000,0x00000000ebf80000)
 ParOldGen       total 42496K, used 1491K [0x00000000c0000000, 0x00000000c2980000, 0x00000000eab00000)
  object space 42496K, 3% used [0x00000000c0000000,0x00000000c0174c80,0x00000000c2980000)
 Metaspace       used 5698K, capacity 6960K, committed 7040K, reserved 1056768K
  class space    used 550K, capacity 616K, committed 640K, reserved 1048576K

Deoptimization events (10 events):
Event: 1.559 Thread 0x00007fd53400a000 Uncommon trap: reason=unstable_if action=reinterpret pc=0x00007fd5251bd530 method=java.lang.String.replace(CC)Ljava/lang/String; @ 26
Event: 1.680 Thread 0x00007fd53400a000 Uncommon trap: reason=unstable_if action=reinterpret pc=0x00007fd5252341ec method=java.util.BitSet.nextSetBit(I)I @ 87
Event: 1.980 Thread 0x00007fd53400a000 Uncommon trap: reason=unstable_if action=reinterpret pc=0x00007fd52539d8f8 method=com.android.dx.rop.code.LocalItem.hashCode()I @ 25
Event: 1.980 Thread 0x00007fd53400a000 Uncommon trap: reason=unstable_if action=reinterpret pc=0x00007fd5253154d8 method=com.android.dx.rop.code.LocalItem.hashCode()I @ 25
Event: 2.103 Thread 0x00007fd53400a000 Uncommon trap: reason=unstable_if action=reinterpret pc=0x00007fd5252886f8 method=java.util.BitSet.ensureCapacity(I)V @ 6
Event: 2.267 Thread 0x00007fd53400a000 Uncommon trap: reason=class_check action=maybe_recompile pc=0x00007fd5253011e8 method=com.android.dx.rop.type.Type.equals(Ljava/lang/Object;)Z @ 8
Event: 2.267 Thread 0x00007fd53400a000 Uncommon trap: reason=class_check action=maybe_recompile pc=0x00007fd5253011e8 method=com.android.dx.rop.type.Type.equals(Ljava/lang/Object;)Z @ 8
Event: 2.268 Thread 0x00007fd53400a000 Uncommon trap: reason=class_check action=maybe_recompile pc=0x00007fd5253011e8 method=com.android.dx.rop.type.Type.equals(Ljava/lang/Object;)Z @ 8
Event: 2.269 Thread 0x00007fd53400a000 Uncommon trap: reason=class_check action=maybe_recompile pc=0x00007fd5253011e8 method=com.android.dx.rop.type.Type.equals(Ljava/lang/Object;)Z @ 8
Event: 3.942 Thread 0x00007fd53400a000 Uncommon trap: reason=unstable_if action=reinterpret pc=0x00007fd525449408 method=com.android.dx.rop.code.RegisterSpecSet.<init>(I)V @ 2

Internal exceptions (2 events):
Event: 0.128 Thread 0x00007fd53400a000 Exception <a 'java/lang/NoSuchMethodError': Method sun.misc.Unsafe.defineClass(Ljava/lang/String;[BII)Ljava/lang/Class; name or signature does not match> (0x00000000eab12a38) thrown at [/RE-WORK/workspace/8-2-build-linux-amd64/jdk8u45/3457/hotspot/src/sha
Event: 0.128 Thread 0x00007fd53400a000 Exception <a 'java/lang/NoSuchMethodError': Method sun.misc.Unsafe.prefetchRead(Ljava/lang/Object;J)V name or signature does not match> (0x00000000eab12cc8) thrown at [/RE-WORK/workspace/8-2-build-linux-amd64/jdk8u45/3457/hotspot/src/share/vm/prims/jni.cp

Events (10 events):
Event: 2.269 Thread 0x00007fd53400a000 DEOPT PACKING pc=0x00007fd5253011e8 sp=0x00007fd53b64bb80
Event: 2.269 Thread 0x00007fd53400a000 DEOPT UNPACKING pc=0x00007fd525005229 sp=0x00007fd53b64b980 mode 2
Event: 2.932 loading class com/android/dx/dex/file/FieldAnnotationStruct
Event: 2.932 loading class com/android/dx/dex/file/FieldAnnotationStruct done
Event: 3.911 loading class com/android/dx/cf/attrib/AttExceptions
Event: 3.911 loading class com/android/dx/cf/attrib/AttExceptions done
Event: 3.942 Thread 0x00007fd53400a000 Uncommon trap: trap_request=0xffffff65 fr.pc=0x00007fd525449408
Event: 3.942 Thread 0x00007fd53400a000 DEOPT PACKING pc=0x00007fd525449408 sp=0x00007fd53b64be20
Event: 3.942 Thread 0x00007fd53400a000 DEOPT UNPACKING pc=0x00007fd525005229 sp=0x00007fd53b64bd70 mode 2
Event: 4.319 Executing VM operation: ParallelGCFailedAllocation


Dynamic libraries:
00400000-00401000 r-xp 00000000 08:03 1572315                            /opt/java/jdk1.8.0_45/bin/java
00600000-00601000 rw-p 00000000 08:03 1572315                            /opt/java/jdk1.8.0_45/bin/java
019c8000-019e9000 rw-p 00000000 00:00 0                                  [heap]
c0000000-c2980000 rw-p 00000000 00:00 0 
c2980000-eab00000 ---p 00000000 00:00 0 
eab00000-ebf80000 rw-p 00000000 00:00 0 
ecf00000-100000000 ---p 00000000 00:00 0 
100000000-1000a0000 rw-p 00000000 00:00 0 
1000a0000-140000000 ---p 00000000 00:00 0 
7fd4e8000000-7fd4e8021000 rw-p 00000000 00:00 0 
7fd4e8021000-7fd4ec000000 ---p 00000000 00:00 0 
7fd4f0000000-7fd4f030a000 rw-p 00000000 00:00 0 
7fd4f030a000-7fd4f4000000 ---p 00000000 00:00 0 
7fd4f4000000-7fd4f4021000 rw-p 00000000 00:00 0 
7fd4f4021000-7fd4f8000000 ---p 00000000 00:00 0 
7fd4f8000000-7fd4f86fb000 rw-p 00000000 00:00 0 
7fd4f86fb000-7fd4fc000000 ---p 00000000 00:00 0 
7fd4fc000000-7fd4fc4a4000 rw-p 00000000 00:00 0 
7fd4fc4a4000-7fd500000000 ---p 00000000 00:00 0 
7fd500000000-7fd500021000 rw-p 00000000 00:00 0 
7fd500021000-7fd504000000 ---p 00000000 00:00 0 
7fd504000000-7fd504021000 rw-p 00000000 00:00 0 
7fd504021000-7fd508000000 ---p 00000000 00:00 0 
7fd508000000-7fd50828a000 rw-p 00000000 00:00 0 
7fd50828a000-7fd50c000000 ---p 00000000 00:00 0 
7fd50c000000-7fd50c021000 rw-p 00000000 00:00 0 
7fd50c021000-7fd510000000 ---p 00000000 00:00 0 
7fd510000000-7fd510021000 rw-p 00000000 00:00 0 
7fd510021000-7fd514000000 ---p 00000000 00:00 0 
7fd514000000-7fd514021000 rw-p 00000000 00:00 0 
7fd514021000-7fd518000000 ---p 00000000 00:00 0 
7fd518000000-7fd518021000 rw-p 00000000 00:00 0 
7fd518021000-7fd51c000000 ---p 00000000 00:00 0 
7fd51c3e4000-7fd51c3e5000 ---p 00000000 00:00 0 
7fd51c3e5000-7fd51c4e5000 rw-p 00000000 00:00 0                          [stack:5009]
7fd51c4e5000-7fd51c4e8000 ---p 00000000 00:00 0 
7fd51c4e8000-7fd51c5e6000 rw-p 00000000 00:00 0                          [stack:5007]
7fd51c5e6000-7fd51c5e9000 ---p 00000000 00:00 0 
7fd51c5e9000-7fd51c6e7000 rw-p 00000000 00:00 0                          [stack:5002]
7fd51c6e7000-7fd51c6ea000 ---p 00000000 00:00 0 
7fd51c6ea000-7fd51c7e8000 rw-p 00000000 00:00 0                          [stack:4997]
7fd51c7e8000-7fd51c7eb000 ---p 00000000 00:00 0 
7fd51c7eb000-7fd51c8e9000 rw-p 00000000 00:00 0                          [stack:4996]
7fd51c8e9000-7fd51c8ec000 ---p 00000000 00:00 0 
7fd51c8ec000-7fd51c9ea000 rw-p 00000000 00:00 0                          [stack:4994]
7fd51c9ea000-7fd51ccb3000 r--p 00000000 08:03 266989                     /usr/lib/locale/locale-archive
7fd51ccb3000-7fd51ccb6000 ---p 00000000 00:00 0 
7fd51ccb6000-7fd51cdb4000 rw-p 00000000 00:00 0                          [stack:4993]
7fd51cdb4000-7fd51cdb7000 ---p 00000000 00:00 0 
7fd51cdb7000-7fd51ceb5000 rw-p 00000000 00:00 0                          [stack:4990]
7fd51ceb5000-7fd51ceb6000 ---p 00000000 00:00 0 
7fd51ceb6000-7fd51de27000 rw-p 00000000 00:00 0                          [stack:4985]
7fd51de27000-7fd51e000000 r--s 03d09000 08:03 1573810                    /opt/java/jdk1.8.0_45/jre/lib/rt.jar
7fd51e000000-7fd520000000 rw-p 00000000 00:00 0 
7fd520000000-7fd520021000 rw-p 00000000 00:00 0 
7fd520021000-7fd524000000 ---p 00000000 00:00 0 
7fd524000000-7fd52400f000 r--s 000dd000 00:19 9438599                    /home/mike/Android/Sdk/build-tools/22.0.1/lib/dx.jar
7fd52400f000-7fd5247e7000 rw-p 00000000 00:00 0 
7fd5247e7000-7fd5249a7000 ---p 00000000 00:00 0 
7fd5249a7000-7fd524ba7000 rw-p 00000000 00:00 0 
7fd524ba7000-7fd524ba8000 ---p 00000000 00:00 0 
7fd524ba8000-7fd524ca8000 rw-p 00000000 00:00 0                          [stack:4975]
7fd524ca8000-7fd524ca9000 ---p 00000000 00:00 0 
7fd524ca9000-7fd524da9000 rw-p 00000000 00:00 0                          [stack:4973]
7fd524da9000-7fd524daa000 ---p 00000000 00:00 0 
7fd524daa000-7fd524ebf000 rw-p 00000000 00:00 0                          [stack:4971]
7fd524ebf000-7fd525000000 ---p 00000000 00:00 0 
7fd525000000-7fd525530000 rwxp 00000000 00:00 0 
7fd525530000-7fd534000000 ---p 00000000 00:00 0 
7fd534000000-7fd534388000 rw-p 00000000 00:00 0 
7fd534388000-7fd538000000 ---p 00000000 00:00 0 
7fd538006000-7fd538007000 rw-p 00000000 00:00 0 
7fd538007000-7fd538008000 r--p 00000000 08:03 672594                     /usr/share/locale-langpack/en_GB/LC_MESSAGES/libc.mo
7fd538008000-7fd538029000 rw-p 00000000 00:00 0 
7fd538029000-7fd53802a000 ---p 00000000 00:00 0 
7fd53802a000-7fd53813f000 rw-p 00000000 00:00 0                          [stack:4969]
7fd53813f000-7fd53827f000 ---p 00000000 00:00 0 
7fd53827f000-7fd53828a000 rw-p 00000000 00:00 0 
7fd53828a000-7fd53832a000 ---p 00000000 00:00 0 
7fd53832a000-7fd538340000 rw-p 00000000 00:00 0 
7fd538340000-7fd5386eb000 ---p 00000000 00:00 0 
7fd5386eb000-7fd538705000 r-xp 00000000 08:03 1574049                    /opt/java/jdk1.8.0_45/jre/lib/amd64/libzip.so
7fd538705000-7fd538905000 ---p 0001a000 08:03 1574049                    /opt/java/jdk1.8.0_45/jre/lib/amd64/libzip.so
7fd538905000-7fd538906000 rw-p 0001a000 08:03 1574049                    /opt/java/jdk1.8.0_45/jre/lib/amd64/libzip.so
7fd538906000-7fd538911000 r-xp 00000000 08:03 131807                     /lib/x86_64-linux-gnu/libnss_files-2.19.so
7fd538911000-7fd538b10000 ---p 0000b000 08:03 131807                     /lib/x86_64-linux-gnu/libnss_files-2.19.so
7fd538b10000-7fd538b11000 r--p 0000a000 08:03 131807                     /lib/x86_64-linux-gnu/libnss_files-2.19.so
7fd538b11000-7fd538b12000 rw-p 0000b000 08:03 131807                     /lib/x86_64-linux-gnu/libnss_files-2.19.so
7fd538b12000-7fd538b1d000 r-xp 00000000 08:03 131871                     /lib/x86_64-linux-gnu/libnss_nis-2.19.so
7fd538b1d000-7fd538d1c000 ---p 0000b000 08:03 131871                     /lib/x86_64-linux-gnu/libnss_nis-2.19.so
7fd538d1c000-7fd538d1d000 r--p 0000a000 08:03 131871                     /lib/x86_64-linux-gnu/libnss_nis-2.19.so
7fd538d1d000-7fd538d1e000 rw-p 0000b000 08:03 131871                     /lib/x86_64-linux-gnu/libnss_nis-2.19.so
7fd538d1e000-7fd538d35000 r-xp 00000000 08:03 131829                     /lib/x86_64-linux-gnu/libnsl-2.19.so
7fd538d35000-7fd538f34000 ---p 00017000 08:03 131829                     /lib/x86_64-linux-gnu/libnsl-2.19.so
7fd538f34000-7fd538f35000 r--p 00016000 08:03 131829                     /lib/x86_64-linux-gnu/libnsl-2.19.so
7fd538f35000-7fd538f36000 rw-p 00017000 08:03 131829                     /lib/x86_64-linux-gnu/libnsl-2.19.so
7fd538f36000-7fd538f38000 rw-p 00000000 00:00 0 
7fd538f38000-7fd538f41000 r-xp 00000000 08:03 131828                     /lib/x86_64-linux-gnu/libnss_compat-2.19.so
7fd538f41000-7fd539140000 ---p 00009000 08:03 131828                     /lib/x86_64-linux-gnu/libnss_compat-2.19.so
7fd539140000-7fd539141000 r--p 00008000 08:03 131828                     /lib/x86_64-linux-gnu/libnss_compat-2.19.so
7fd539141000-7fd539142000 rw-p 00009000 08:03 131828                     /lib/x86_64-linux-gnu/libnss_compat-2.19.so
7fd539142000-7fd53916c000 r-xp 00000000 08:03 1574040                    /opt/java/jdk1.8.0_45/jre/lib/amd64/libjava.so
7fd53916c000-7fd53936c000 ---p 0002a000 08:03 1574040                    /opt/java/jdk1.8.0_45/jre/lib/amd64/libjava.so
7fd53936c000-7fd53936e000 rw-p 0002a000 08:03 1574040                    /opt/java/jdk1.8.0_45/jre/lib/amd64/libjava.so
7fd53936e000-7fd53937b000 r-xp 00000000 08:03 1574047                    /opt/java/jdk1.8.0_45/jre/lib/amd64/libverify.so
7fd53937b000-7fd53957b000 ---p 0000d000 08:03 1574047                    /opt/java/jdk1.8.0_45/jre/lib/amd64/libverify.so
7fd53957b000-7fd53957d000 rw-p 0000d000 08:03 1574047                    /opt/java/jdk1.8.0_45/jre/lib/amd64/libverify.so
7fd53957d000-7fd539584000 r-xp 00000000 08:03 131868                     /lib/x86_64-linux-gnu/librt-2.19.so
7fd539584000-7fd539783000 ---p 00007000 08:03 131868                     /lib/x86_64-linux-gnu/librt-2.19.so
7fd539783000-7fd539784000 r--p 00006000 08:03 131868                     /lib/x86_64-linux-gnu/librt-2.19.so
7fd539784000-7fd539785000 rw-p 00007000 08:03 131868                     /lib/x86_64-linux-gnu/librt-2.19.so
7fd539785000-7fd53988a000 r-xp 00000000 08:03 131806                     /lib/x86_64-linux-gnu/libm-2.19.so
7fd53988a000-7fd539a89000 ---p 00105000 08:03 131806                     /lib/x86_64-linux-gnu/libm-2.19.so
7fd539a89000-7fd539a8a000 r--p 00104000 08:03 131806                     /lib/x86_64-linux-gnu/libm-2.19.so
7fd539a8a000-7fd539a8b000 rw-p 00105000 08:03 131806                     /lib/x86_64-linux-gnu/libm-2.19.so
7fd539a8b000-7fd53a739000 r-xp 00000000 08:03 1574060                    /opt/java/jdk1.8.0_45/jre/lib/amd64/server/libjvm.so
7fd53a739000-7fd53a938000 ---p 00cae000 08:03 1574060                    /opt/java/jdk1.8.0_45/jre/lib/amd64/server/libjvm.so
7fd53a938000-7fd53aa0f000 rw-p 00cad000 08:03 1574060                    /opt/java/jdk1.8.0_45/jre/lib/amd64/server/libjvm.so
7fd53aa0f000-7fd53aa53000 rw-p 00000000 00:00 0 
7fd53aa53000-7fd53ac0e000 r-xp 00000000 08:03 131857                     /lib/x86_64-linux-gnu/libc-2.19.so
7fd53ac0e000-7fd53ae0d000 ---p 001bb000 08:03 131857                     /lib/x86_64-linux-gnu/libc-2.19.so
7fd53ae0d000-7fd53ae11000 r--p 001ba000 08:03 131857                     /lib/x86_64-linux-gnu/libc-2.19.so
7fd53ae11000-7fd53ae13000 rw-p 001be000 08:03 131857                     /lib/x86_64-linux-gnu/libc-2.19.so
7fd53ae13000-7fd53ae18000 rw-p 00000000 00:00 0 
7fd53ae18000-7fd53ae1b000 r-xp 00000000 08:03 131810                     /lib/x86_64-linux-gnu/libdl-2.19.so
7fd53ae1b000-7fd53b01a000 ---p 00003000 08:03 131810                     /lib/x86_64-linux-gnu/libdl-2.19.so
7fd53b01a000-7fd53b01b000 r--p 00002000 08:03 131810                     /lib/x86_64-linux-gnu/libdl-2.19.so
7fd53b01b000-7fd53b01c000 rw-p 00003000 08:03 131810                     /lib/x86_64-linux-gnu/libdl-2.19.so
7fd53b01c000-7fd53b031000 r-xp 00000000 08:03 1573749                    /opt/java/jdk1.8.0_45/lib/amd64/jli/libjli.so
7fd53b031000-7fd53b231000 ---p 00015000 08:03 1573749                    /opt/java/jdk1.8.0_45/lib/amd64/jli/libjli.so
7fd53b231000-7fd53b232000 rw-p 00015000 08:03 1573749                    /opt/java/jdk1.8.0_45/lib/amd64/jli/libjli.so
7fd53b232000-7fd53b24b000 r-xp 00000000 08:03 131858                     /lib/x86_64-linux-gnu/libpthread-2.19.so
7fd53b24b000-7fd53b44a000 ---p 00019000 08:03 131858                     /lib/x86_64-linux-gnu/libpthread-2.19.so
7fd53b44a000-7fd53b44b000 r--p 00018000 08:03 131858                     /lib/x86_64-linux-gnu/libpthread-2.19.so
7fd53b44b000-7fd53b44c000 rw-p 00019000 08:03 131858                     /lib/x86_64-linux-gnu/libpthread-2.19.so
7fd53b44c000-7fd53b450000 rw-p 00000000 00:00 0 
7fd53b450000-7fd53b473000 r-xp 00000000 08:03 131833                     /lib/x86_64-linux-gnu/ld-2.19.so
7fd53b473000-7fd53b47b000 r--s 00036000 00:19 11272984                   /home/mike/AndroidStudioProjects/Wordist/app/build/intermediates/exploded-aar/com.android.support/support-v4/22.1.1/jars/libs/internal_impl-22.1.1.jar
7fd53b47b000-7fd53b54d000 rw-p 00000000 00:00 0 
7fd53b54d000-7fd53b550000 ---p 00000000 00:00 0 
7fd53b550000-7fd53b666000 rw-p 00000000 00:00 0                          [stack:4963]
7fd53b666000-7fd53b66e000 rw-s 00000000 08:03 1574120                    /tmp/hsperfdata_mike/4950
7fd53b66e000-7fd53b66f000 rw-p 00000000 00:00 0 
7fd53b66f000-7fd53b670000 ---p 00000000 00:00 0 
7fd53b670000-7fd53b672000 rw-p 00000000 00:00 0 
7fd53b672000-7fd53b673000 r--p 00022000 08:03 131833                     /lib/x86_64-linux-gnu/ld-2.19.so
7fd53b673000-7fd53b674000 rw-p 00023000 08:03 131833                     /lib/x86_64-linux-gnu/ld-2.19.so
7fd53b674000-7fd53b675000 rw-p 00000000 00:00 0 
7fffe80aa000-7fffe80cb000 rw-p 00000000 00:00 0                          [stack]
7fffe80ef000-7fffe80f1000 r-xp 00000000 00:00 0                          [vdso]
ffffffffff600000-ffffffffff601000 r-xp 00000000 00:00 0                  [vsyscall]

VM Arguments:
jvm_args: -Xmx1024M -Dfile.encoding=UTF-8 -Duser.country=GB -Duser.language=en -Duser.variant 
java_command: com.android.dx.command.Main --dex --output /home/mike/AndroidStudioProjects/Wordist/app/build/intermediates/pre-dexed/debug/internal_impl-22.1.1-ee2a7a015fad6832a1403213ae0a0bdf16032d23.jar /home/mike/AndroidStudioProjects/Wordist/app/build/intermediates/exploded-aar/com.android.support/support-v4/22.1.1/jars/libs/internal_impl-22.1.1.jar
java_class_path (initial): /home/mike/Android/Sdk/build-tools/22.0.1/lib/dx.jar
Launcher Type: SUN_STANDARD

Environment Variables:
PATH=/usr/local/sbin:/usr/local/bin:/usr/sbin:/usr/bin:/sbin:/bin:/usr/games:/usr/local/games
USERNAME=mike
LD_LIBRARY_PATH=/opt/android-studio/bin:
SHELL=/bin/bash
DISPLAY=:0

Signal Handlers:
SIGSEGV: [libjvm.so+0xaad1e0], sa_mask[0]=11111111011111111101111111111110, sa_flags=SA_RESTART|SA_SIGINFO
SIGBUS: [libjvm.so+0xaad1e0], sa_mask[0]=11111111011111111101111111111110, sa_flags=SA_RESTART|SA_SIGINFO
SIGFPE: [libjvm.so+0x90b450], sa_mask[0]=11111111011111111101111111111110, sa_flags=SA_RESTART|SA_SIGINFO
SIGPIPE: [libjvm.so+0x90b450], sa_mask[0]=11111111011111111101111111111110, sa_flags=SA_RESTART|SA_SIGINFO
SIGXFSZ: [libjvm.so+0x90b450], sa_mask[0]=11111111011111111101111111111110, sa_flags=SA_RESTART|SA_SIGINFO
SIGILL: [libjvm.so+0x90b450], sa_mask[0]=11111111011111111101111111111110, sa_flags=SA_RESTART|SA_SIGINFO
SIGUSR1: SIG_DFL, sa_mask[0]=00000000000000000000000000000000, sa_flags=none
SIGUSR2: [libjvm.so+0x90ca90], sa_mask[0]=00100000000000000000000000000000, sa_flags=SA_RESTART|SA_SIGINFO
SIGHUP: [libjvm.so+0x90dde0], sa_mask[0]=11111111011111111101111111111110, sa_flags=SA_RESTART|SA_SIGINFO
SIGINT: [libjvm.so+0x90dde0], sa_mask[0]=11111111011111111101111111111110, sa_flags=SA_RESTART|SA_SIGINFO
SIGTERM: [libjvm.so+0x90dde0], sa_mask[0]=11111111011111111101111111111110, sa_flags=SA_RESTART|SA_SIGINFO
SIGQUIT: [libjvm.so+0x90dde0], sa_mask[0]=11111111011111111101111111111110, sa_flags=SA_RESTART|SA_SIGINFO


---------------  S Y S T E M  ---------------

OS:DISTRIB_ID=LinuxMint
DISTRIB_RELEASE=17.1
DISTRIB_CODENAME=rebecca
DISTRIB_DESCRIPTION="Linux Mint 17.1 Rebecca"

uname:Linux 3.13.0-37-generic #64-Ubuntu SMP Mon Sep 22 21:28:38 UTC 2014 x86_64
libc:glibc 2.19 NPTL 2.19 
rlimit: STACK 8192k, CORE 0k, NPROC 30866, NOFILE 4096, AS infinity
load average:4.00 1.64 0.95

/proc/meminfo:
MemTotal:        4048044 kB
MemFree:           92588 kB
Buffers:             172 kB
Cached:            93892 kB
SwapCached:            0 kB
Active:          3668980 kB
Inactive:          88952 kB
Active(anon):    3667708 kB
Inactive(anon):    75800 kB
Active(file):       1272 kB
Inactive(file):    13152 kB
Unevictable:         152 kB
Mlocked:             152 kB
SwapTotal:             0 kB
SwapFree:              0 kB
Dirty:                 0 kB
Writeback:             0 kB
AnonPages:       3664360 kB
Mapped:            79104 kB
Shmem:             79304 kB
Slab:              67336 kB
SReclaimable:      23760 kB
SUnreclaim:        43576 kB
KernelStack:        5272 kB
PageTables:        36392 kB
NFS_Unstable:          0 kB
Bounce:                0 kB
WritebackTmp:          0 kB
CommitLimit:     2024020 kB
Committed_AS:    7040128 kB
VmallocTotal:   34359738367 kB
VmallocUsed:      310676 kB
VmallocChunk:   34359413752 kB
HardwareCorrupted:     0 kB
AnonHugePages:   1695744 kB
HugePages_Total:       0
HugePages_Free:        0
HugePages_Rsvd:        0
HugePages_Surp:        0
Hugepagesize:       2048 kB
DirectMap4k:       93760 kB
DirectMap2M:     4100096 kB
DirectMap1G:           0 kB


CPU:total 4 (4 cores per cpu, 1 threads per core) family 16 model 4 stepping 2, cmov, cx8, fxsr, mmx, sse, sse2, sse3, popcnt, mmxext, 3dnowpref, lzcnt, sse4a, tsc, tscinvbit, tscinv

/proc/cpuinfo:
processor	: 0
vendor_id	: AuthenticAMD
cpu family	: 16
model		: 4
model name	: AMD Phenom(tm) II X4 955 Processor
stepping	: 2
microcode	: 0x1000086
cpu MHz		: 800.000
cache size	: 512 KB
physical id	: 0
siblings	: 4
core id		: 0
cpu cores	: 4
apicid		: 0
initial apicid	: 0
fpu		: yes
fpu_exception	: yes
cpuid level	: 5
wp		: yes
flags		: fpu vme de pse tsc msr pae mce cx8 apic sep mtrr pge mca cmov pat pse36 clflush mmx fxsr sse sse2 ht syscall nx mmxext fxsr_opt pdpe1gb rdtscp lm 3dnowext 3dnow constant_tsc rep_good nopl nonstop_tsc extd_apicid pni monitor cx16 popcnt lahf_lm cmp_legacy svm extapic cr8_legacy abm sse4a misalignsse 3dnowprefetch osvw ibs skinit wdt hw_pstate npt lbrv svm_lock nrip_save
bogomips	: 6399.96
TLB size	: 1024 4K pages
clflush size	: 64
cache_alignment	: 64
address sizes	: 48 bits physical, 48 bits virtual
power management: ts ttp tm stc 100mhzsteps hwpstate

processor	: 1
vendor_id	: AuthenticAMD
cpu family	: 16
model		: 4
model name	: AMD Phenom(tm) II X4 955 Processor
stepping	: 2
microcode	: 0x1000086
cpu MHz		: 3200.000
cache size	: 512 KB
physical id	: 0
siblings	: 4
core id		: 1
cpu cores	: 4
apicid		: 1
initial apicid	: 1
fpu		: yes
fpu_exception	: yes
cpuid level	: 5
wp		: yes
flags		: fpu vme de pse tsc msr pae mce cx8 apic sep mtrr pge mca cmov pat pse36 clflush mmx fxsr sse sse2 ht syscall nx mmxext fxsr_opt pdpe1gb rdtscp lm 3dnowext 3dnow constant_tsc rep_good nopl nonstop_tsc extd_apicid pni monitor cx16 popcnt lahf_lm cmp_legacy svm extapic cr8_legacy abm sse4a misalignsse 3dnowprefetch osvw ibs skinit wdt hw_pstate npt lbrv svm_lock nrip_save
bogomips	: 6399.96
TLB size	: 1024 4K pages
clflush size	: 64
cache_alignment	: 64
address sizes	: 48 bits physical, 48 bits virtual
power management: ts ttp tm stc 100mhzsteps hwpstate

processor	: 2
vendor_id	: AuthenticAMD
cpu family	: 16
model		: 4
model name	: AMD Phenom(tm) II X4 955 Processor
stepping	: 2
microcode	: 0x1000086
cpu MHz		: 2100.000
cache size	: 512 KB
physical id	: 0
siblings	: 4
core id		: 2
cpu cores	: 4
apicid		: 2
initial apicid	: 2
fpu		: yes
fpu_exception	: yes
cpuid level	: 5
wp		: yes
flags		: fpu vme de pse tsc msr pae mce cx8 apic sep mtrr pge mca cmov pat pse36 clflush mmx fxsr sse sse2 ht syscall nx mmxext fxsr_opt pdpe1gb rdtscp lm 3dnowext 3dnow constant_tsc rep_good nopl nonstop_tsc extd_apicid pni monitor cx16 popcnt lahf_lm cmp_legacy svm extapic cr8_legacy abm sse4a misalignsse 3dnowprefetch osvw ibs skinit wdt hw_pstate npt lbrv svm_lock nrip_save
bogomips	: 6399.96
TLB size	: 1024 4K pages
clflush size	: 64
cache_alignment	: 64
address sizes	: 48 bits physical, 48 bits virtual
power management: ts ttp tm stc 100mhzsteps hwpstate

processor	: 3
vendor_id	: AuthenticAMD
cpu family	: 16
model		: 4
model name	: AMD Phenom(tm) II X4 955 Processor
stepping	: 2
microcode	: 0x1000086
cpu MHz		: 3200.000
cache size	: 512 KB
physical id	: 0
siblings	: 4
core id		: 3
cpu cores	: 4
apicid		: 3
initial apicid	: 3
fpu		: yes
fpu_exception	: yes
cpuid level	: 5
wp		: yes
flags		: fpu vme de pse tsc msr pae mce cx8 apic sep mtrr pge mca cmov pat pse36 clflush mmx fxsr sse sse2 ht syscall nx mmxext fxsr_opt pdpe1gb rdtscp lm 3dnowext 3dnow constant_tsc rep_good nopl nonstop_tsc extd_apicid pni monitor cx16 popcnt lahf_lm cmp_legacy svm extapic cr8_legacy abm sse4a misalignsse 3dnowprefetch osvw ibs skinit wdt hw_pstate npt lbrv svm_lock nrip_save
bogomips	: 6399.96
TLB size	: 1024 4K pages
clflush size	: 64
cache_alignment	: 64
address sizes	: 48 bits physical, 48 bits virtual
power management: ts ttp tm stc 100mhzsteps hwpstate



Memory: 4k page, physical 4048044k(91100k free), swap 0k(0k free)

vm_info: Java HotSpot(TM) 64-Bit Server VM (25.45-b02) for linux-amd64 JRE (1.8.0_45-b14), built on Apr 10 2015 10:07:45 by "java_re" with gcc 4.3.0 20080428 (Red Hat 4.3.0-8)

time: Mon Jun 22 17:54:16 2015
elapsed time: 7 seconds (0d 0h 0m 7s)

