#
# There is insufficient memory for the Java Runtime Environment to continue.
# Native memory allocation (mmap) failed to map 32505856 bytes for committing reserved memory.
# Possible reasons:
#   The system is out of physical RAM or swap space
#   In 32 bit mode, the process size limit was hit
# Possible solutions:
#   Reduce memory load on the system
#   Increase physical memory or swap space
#   Check if swap backing store is full
#   Use 64 bit Java on a 64 bit OS
#   Decrease Java heap size (-Xmx/-Xms)
#   Decrease number of Java threads
#   Decrease Java thread stack sizes (-Xss)
#   Set larger code cache with -XX:ReservedCodeCacheSize=
# This output file may be truncated or incomplete.
#
#  Out of Memory Error (os_linux.cpp:2673), pid=9719, tid=139831724160768
#
# JRE version: Java(TM) SE Runtime Environment (8.0_45-b14) (build 1.8.0_45-b14)
# Java VM: Java HotSpot(TM) 64-Bit Server VM (25.45-b02 mixed mode linux-amd64 compressed oops)
# Failed to write core dump. Core dumps have been disabled. To enable core dumping, try "ulimit -c unlimited" before starting Java again
#

---------------  T H R E A D  ---------------

Current thread (0x00007f2d2c077800):  VMThread [stack: 0x00007f2d1c2f3000,0x00007f2d1c3f4000] [id=9728]

Stack: [0x00007f2d1c2f3000,0x00007f2d1c3f4000],  sp=0x00007f2d1c3f2160,  free space=1020k
Native frames: (J=compiled Java code, j=interpreted, Vv=VM code, C=native code)
V  [libjvm.so+0xaac99a]  VMError::report_and_die()+0x2ba
V  [libjvm.so+0x4f333b]  report_vm_out_of_memory(char const*, int, unsigned long, VMErrorType, char const*)+0x8b
V  [libjvm.so+0x90e7c3]  os::Linux::commit_memory_impl(char*, unsigned long, bool)+0x103
V  [libjvm.so+0x90ed19]  os::pd_commit_memory(char*, unsigned long, unsigned long, bool)+0x29
V  [libjvm.so+0x90867a]  os::commit_memory(char*, unsigned long, unsigned long, bool)+0x2a
V  [libjvm.so+0x97bac3]  PSVirtualSpace::expand_by(unsigned long)+0x53
V  [libjvm.so+0x97cec8]  PSYoungGen::resize_generation(unsigned long, unsigned long)+0xf8
V  [libjvm.so+0x97c022]  PSYoungGen::resize(unsigned long, unsigned long)+0x22
V  [libjvm.so+0x9792fb]  PSScavenge::invoke_no_policy()+0xf7b
V  [libjvm.so+0x979a81]  PSScavenge::invoke()+0x41
V  [libjvm.so+0x932050]  ParallelScavengeHeap::failed_mem_allocate(unsigned long)+0x70
V  [libjvm.so+0xaae1d7]  VM_ParallelGCFailedAllocation::doit()+0x97
V  [libjvm.so+0xab59c5]  VM_Operation::evaluate()+0x55
V  [libjvm.so+0xab3d9a]  VMThread::evaluate_operation(VM_Operation*)+0xba
V  [libjvm.so+0xab411e]  VMThread::loop()+0x1ce
V  [libjvm.so+0xab4590]  VMThread::run()+0x70
V  [libjvm.so+0x910de8]  java_start(Thread*)+0x108

VM_Operation (0x00007f2d34a7da20): ParallelGCFailedAllocation, mode: safepoint, requested by thread 0x00007f2d2c00a000


---------------  P R O C E S S  ---------------

Java Threads: ( => current thread )
  0x00007f2d2c0c0000 JavaThread "Service Thread" daemon [_thread_blocked, id=9735, stack(0x00007f2d17832000,0x00007f2d17933000)]
  0x00007f2d2c0bb000 JavaThread "C1 CompilerThread2" daemon [_thread_blocked, id=9734, stack(0x00007f2d17933000,0x00007f2d17a34000)]
  0x00007f2d2c0b9800 JavaThread "C2 CompilerThread1" daemon [_thread_blocked, id=9733, stack(0x00007f2d17a34000,0x00007f2d17b35000)]
  0x00007f2d2c0b6800 JavaThread "C2 CompilerThread0" daemon [_thread_blocked, id=9732, stack(0x00007f2d17b35000,0x00007f2d17c36000)]
  0x00007f2d2c0b5000 JavaThread "Signal Dispatcher" daemon [_thread_blocked, id=9731, stack(0x00007f2d17c36000,0x00007f2d17d37000)]
  0x00007f2d2c07f000 JavaThread "Finalizer" daemon [_thread_blocked, id=9730, stack(0x00007f2d1c0f1000,0x00007f2d1c1f2000)]
  0x00007f2d2c07c800 JavaThread "Reference Handler" daemon [_thread_blocked, id=9729, stack(0x00007f2d1c1f2000,0x00007f2d1c2f3000)]
  0x00007f2d2c00a000 JavaThread "main" [_thread_blocked, id=9721, stack(0x00007f2d3497f000,0x00007f2d34a80000)]

Other Threads:
=>0x00007f2d2c077800 VMThread [stack: 0x00007f2d1c2f3000,0x00007f2d1c3f4000] [id=9728]
  0x00007f2d2c0c2800 WatcherThread [stack: 0x00007f2d17731000,0x00007f2d17832000] [id=9736]

VM state:at safepoint (normal execution)

VM Mutex/Monitor currently owned by a thread:  ([mutex/lock_event])
[0x00007f2d2c006350] Threads_lock - owner thread: 0x00007f2d2c077800
[0x00007f2d2c006850] Heap_lock - owner thread: 0x00007f2d2c00a000

Heap:
 PSYoungGen      total 34304K, used 2535K [0x00000000eab00000, 0x00000000ecf00000, 0x0000000100000000)
  eden space 31744K, 0% used [0x00000000eab00000,0x00000000eab00000,0x00000000eca00000)
  from space 2560K, 99% used [0x00000000eca00000,0x00000000ecc79d30,0x00000000ecc80000)
  to   space 2560K, 0% used [0x00000000ecc80000,0x00000000ecc80000,0x00000000ecf00000)
 ParOldGen       total 42496K, used 9186K [0x00000000c0000000, 0x00000000c2980000, 0x00000000eab00000)
  object space 42496K, 21% used [0x00000000c0000000,0x00000000c08f8830,0x00000000c2980000)
 Metaspace       used 5818K, capacity 7024K, committed 7296K, reserved 1056768K
  class space    used 546K, capacity 616K, committed 640K, reserved 1048576K

Card table byte_map: [0x00007f2d3155c000,0x00007f2d3175d000] byte_map_base: 0x00007f2d30f5c000

Marking Bits: (ParMarkBitMap*) 0x00007f2d33e5a760
 Begin Bits: [0x00007f2d0b000000, 0x00007f2d0c000000)
 End Bits:   [0x00007f2d0c000000, 0x00007f2d0d000000)

Polling page: 0x00007f2d34aa1000

CodeCache: size=245760Kb used=6193Kb max_used=6193Kb free=239566Kb
 bounds [0x00007f2d1d000000, 0x00007f2d1d620000, 0x00007f2d2c000000]
 total_blobs=1745 nmethods=1482 adapters=178
 compilation: enabled

Compilation events (10 events):
Event: 3.857 Thread 0x00007f2d2c0bb000 1492       2       com.android.dx.cf.code.ExecutionStack::clear (40 bytes)
Event: 3.857 Thread 0x00007f2d2c0bb000 nmethod 1492 0x00007f2d1d60ea50 code [0x00007f2d1d60ebe0, 0x00007f2d1d60eec8]
Event: 3.857 Thread 0x00007f2d2c0bb000 1494       2       com.android.dx.cf.code.ByteCatchList$Item::getExceptionClass (18 bytes)
Event: 3.857 Thread 0x00007f2d2c0bb000 nmethod 1494 0x00007f2d1d60f110 code [0x00007f2d1d60f260, 0x00007f2d1d60f3d0]
Event: 3.857 Thread 0x00007f2d2c0bb000 1495       2       com.android.dx.ssa.NormalSsaInsn::clone (5 bytes)
Event: 3.858 Thread 0x00007f2d2c0bb000 nmethod 1495 0x00007f2d1d60f450 code [0x00007f2d1d60f5e0, 0x00007f2d1d60f878]
Event: 3.858 Thread 0x00007f2d2c0bb000 1496       2       com.android.dx.ssa.NormalSsaInsn::clone (8 bytes)
Event: 3.858 Thread 0x00007f2d2c0bb000 nmethod 1496 0x00007f2d1d60fa50 code [0x00007f2d1d60fbe0, 0x00007f2d1d60fe78]
Event: 3.858 Thread 0x00007f2d2c0bb000 1497       1       com.android.dx.cf.attrib.AttExceptions::getExceptions (5 bytes)
Event: 3.859 Thread 0x00007f2d2c0bb000 nmethod 1497 0x00007f2d1d610010 code [0x00007f2d1d610160, 0x00007f2d1d610270]

GC Heap History (5 events):
Event: 1.559 GC heap before
{Heap before GC invocations=1 (full 0):
 PSYoungGen      total 18432K, used 15872K [0x00000000eab00000, 0x00000000ebf80000, 0x0000000100000000)
  eden space 15872K, 100% used [0x00000000eab00000,0x00000000eba80000,0x00000000eba80000)
  from space 2560K, 0% used [0x00000000ebd00000,0x00000000ebd00000,0x00000000ebf80000)
  to   space 2560K, 0% used [0x00000000eba80000,0x00000000eba80000,0x00000000ebd00000)
 ParOldGen       total 42496K, used 0K [0x00000000c0000000, 0x00000000c2980000, 0x00000000eab00000)
  object space 42496K, 0% used [0x00000000c0000000,0x00000000c0000000,0x00000000c2980000)
 Metaspace       used 5461K, capacity 6704K, committed 6784K, reserved 1056768K
  class space    used 545K, capacity 616K, committed 640K, reserved 1048576K
Event: 1.603 GC heap after
Heap after GC invocations=1 (full 0):
 PSYoungGen      total 18432K, used 2535K [0x00000000eab00000, 0x00000000ecf00000, 0x0000000100000000)
  eden space 15872K, 0% used [0x00000000eab00000,0x00000000eab00000,0x00000000eba80000)
  from space 2560K, 99% used [0x00000000eba80000,0x00000000ebcf9c68,0x00000000ebd00000)
  to   space 2560K, 0% used [0x00000000ecc80000,0x00000000ecc80000,0x00000000ecf00000)
 ParOldGen       total 42496K, used 1629K [0x00000000c0000000, 0x00000000c2980000, 0x00000000eab00000)
  object space 42496K, 3% used [0x00000000c0000000,0x00000000c0197430,0x00000000c2980000)
 Metaspace       used 5461K, capacity 6704K, committed 6784K, reserved 1056768K
  class space    used 545K, capacity 616K, committed 640K, reserved 1048576K
}
Event: 2.712 GC heap before
{Heap before GC invocations=2 (full 0):
 PSYoungGen      total 18432K, used 18407K [0x00000000eab00000, 0x00000000ecf00000, 0x0000000100000000)
  eden space 15872K, 100% used [0x00000000eab00000,0x00000000eba80000,0x00000000eba80000)
  from space 2560K, 99% used [0x00000000eba80000,0x00000000ebcf9c68,0x00000000ebd00000)
  to   space 2560K, 0% used [0x00000000ecc80000,0x00000000ecc80000,0x00000000ecf00000)
 ParOldGen       total 42496K, used 1629K [0x00000000c0000000, 0x00000000c2980000, 0x00000000eab00000)
  object space 42496K, 3% used [0x00000000c0000000,0x00000000c0197430,0x00000000c2980000)
 Metaspace       used 5677K, capacity 6896K, committed 7040K, reserved 1056768K
  class space    used 545K, capacity 616K, committed 640K, reserved 1048576K
Event: 2.745 GC heap after
Heap after GC invocations=2 (full 0):
 PSYoungGen      total 34304K, used 2547K [0x00000000eab00000, 0x00000000ecf00000, 0x0000000100000000)
  eden space 31744K, 0% used [0x00000000eab00000,0x00000000eab00000,0x00000000eca00000)
  from space 2560K, 99% used [0x00000000ecc80000,0x00000000ecefce68,0x00000000ecf00000)
  to   space 2560K, 0% used [0x00000000eca00000,0x00000000eca00000,0x00000000ecc80000)
 ParOldGen       total 42496K, used 4170K [0x00000000c0000000, 0x00000000c2980000, 0x00000000eab00000)
  object space 42496K, 9% used [0x00000000c0000000,0x00000000c0412810,0x00000000c2980000)
 Metaspace       used 5677K, capacity 6896K, committed 7040K, reserved 1056768K
  class space    used 545K, capacity 616K, committed 640K, reserved 1048576K
}
Event: 3.912 GC heap before
{Heap before GC invocations=3 (full 0):
 PSYoungGen      total 34304K, used 34291K [0x00000000eab00000, 0x00000000ecf00000, 0x0000000100000000)
  eden space 31744K, 100% used [0x00000000eab00000,0x00000000eca00000,0x00000000eca00000)
  from space 2560K, 99% used [0x00000000ecc80000,0x00000000ecefce68,0x00000000ecf00000)
  to   space 2560K, 0% used [0x00000000eca00000,0x00000000eca00000,0x00000000ecc80000)
 ParOldGen       total 42496K, used 4170K [0x00000000c0000000, 0x00000000c2980000, 0x00000000eab00000)
  object space 42496K, 9% used [0x00000000c0000000,0x00000000c0412810,0x00000000c2980000)
 Metaspace       used 5818K, capacity 7024K, committed 7296K, reserved 1056768K
  class space    used 546K, capacity 616K, committed 640K, reserved 1048576K

Deoptimization events (5 events):
Event: 0.556 Thread 0x00007f2d2c00a000 Uncommon trap: reason=unstable_if action=reinterpret pc=0x00007f2d1d16bcc4 method=java.lang.String.indexOf(II)I @ 49
Event: 1.295 Thread 0x00007f2d2c00a000 Uncommon trap: reason=unstable_if action=reinterpret pc=0x00007f2d1d24e82c method=java.util.BitSet.nextSetBit(I)I @ 87
Event: 1.295 Thread 0x00007f2d2c00a000 Uncommon trap: reason=unstable_if action=reinterpret pc=0x00007f2d1d287238 method=java.util.BitSet.ensureCapacity(I)V @ 6
Event: 3.152 Thread 0x00007f2d2c00a000 Uncommon trap: reason=bimorphic action=maybe_recompile pc=0x00007f2d1d239410 method=java.util.HashMap.getNode(ILjava/lang/Object;)Ljava/util/HashMap$Node; @ 126
Event: 3.267 Thread 0x00007f2d2c00a000 Uncommon trap: reason=unstable_if action=reinterpret pc=0x00007f2d1d41123c method=com.android.dx.ssa.SsaMethod.updateOneDefinition(Lcom/android/dx/ssa/SsaInsn;Lcom/android/dx/rop/code/RegisterSpec;)V @ 4

Internal exceptions (2 events):
Event: 0.128 Thread 0x00007f2d2c00a000 Exception <a 'java/lang/NoSuchMethodError': Method sun.misc.Unsafe.defineClass(Ljava/lang/String;[BII)Ljava/lang/Class; name or signature does not match> (0x00000000eab12a38) thrown at [/RE-WORK/workspace/8-2-build-linux-amd64/jdk8u45/3457/hotspot/src/sha
Event: 0.128 Thread 0x00007f2d2c00a000 Exception <a 'java/lang/NoSuchMethodError': Method sun.misc.Unsafe.prefetchRead(Ljava/lang/Object;J)V name or signature does not match> (0x00000000eab12cc8) thrown at [/RE-WORK/workspace/8-2-build-linux-amd64/jdk8u45/3457/hotspot/src/share/vm/prims/jni.cp

Events (10 events):
Event: 3.332 Thread 0x00007f2d2c00a000 DEOPT UNPACKING pc=0x00007f2d1d047233 sp=0x00007f2d34a7d848 mode 0
Event: 3.447 Thread 0x00007f2d2c00a000 DEOPT PACKING pc=0x00007f2d1d3003f4 sp=0x00007f2d34a7da60
Event: 3.447 Thread 0x00007f2d2c00a000 DEOPT UNPACKING pc=0x00007f2d1d047233 sp=0x00007f2d34a7d848 mode 0
Event: 3.593 Thread 0x00007f2d2c00a000 DEOPT PACKING pc=0x00007f2d1d300422 sp=0x00007f2d34a7da60
Event: 3.593 Thread 0x00007f2d2c00a000 DEOPT UNPACKING pc=0x00007f2d1d047233 sp=0x00007f2d34a7d848 mode 0
Event: 3.778 Thread 0x00007f2d2c00a000 DEOPT PACKING pc=0x00007f2d1d300422 sp=0x00007f2d34a7db20
Event: 3.778 Thread 0x00007f2d2c00a000 DEOPT UNPACKING pc=0x00007f2d1d047233 sp=0x00007f2d34a7d908 mode 0
Event: 3.813 Thread 0x00007f2d2c00a000 DEOPT PACKING pc=0x00007f2d1d300139 sp=0x00007f2d34a7da60
Event: 3.813 Thread 0x00007f2d2c00a000 DEOPT UNPACKING pc=0x00007f2d1d047233 sp=0x00007f2d34a7d848 mode 0
Event: 3.905 Executing VM operation: ParallelGCFailedAllocation


Dynamic libraries:
00400000-00401000 r-xp 00000000 08:03 1572315                            /opt/java/jdk1.8.0_45/bin/java
00600000-00601000 rw-p 00000000 08:03 1572315                            /opt/java/jdk1.8.0_45/bin/java
02040000-02061000 rw-p 00000000 00:00 0                                  [heap]
c0000000-c2980000 rw-p 00000000 00:00 0 
c2980000-eab00000 ---p 00000000 00:00 0 
eab00000-ecf00000 rw-p 00000000 00:00 0 
eee00000-100000000 ---p 00000000 00:00 0 
100000000-1000a0000 rw-p 00000000 00:00 0 
1000a0000-140000000 ---p 00000000 00:00 0 
7f2cdc000000-7f2cdc021000 rw-p 00000000 00:00 0 
7f2cdc021000-7f2ce0000000 ---p 00000000 00:00 0 
7f2ce0000000-7f2ce0021000 rw-p 00000000 00:00 0 
7f2ce0021000-7f2ce4000000 ---p 00000000 00:00 0 
7f2ce4000000-7f2ce47f2000 rw-p 00000000 00:00 0 
7f2ce47f2000-7f2ce8000000 ---p 00000000 00:00 0 
7f2ce8000000-7f2ce894f000 rw-p 00000000 00:00 0 
7f2ce894f000-7f2cec000000 ---p 00000000 00:00 0 
7f2cec000000-7f2cec021000 rw-p 00000000 00:00 0 
7f2cec021000-7f2cf0000000 ---p 00000000 00:00 0 
7f2cf0000000-7f2cf0cee000 rw-p 00000000 00:00 0 
7f2cf0cee000-7f2cf4000000 ---p 00000000 00:00 0 
7f2cf4000000-7f2cf4021000 rw-p 00000000 00:00 0 
7f2cf4021000-7f2cf8000000 ---p 00000000 00:00 0 
7f2cf8000000-7f2cf8021000 rw-p 00000000 00:00 0 
7f2cf8021000-7f2cfc000000 ---p 00000000 00:00 0 
7f2cfc000000-7f2cfc021000 rw-p 00000000 00:00 0 
7f2cfc021000-7f2d00000000 ---p 00000000 00:00 0 
7f2d00000000-7f2d0028a000 rw-p 00000000 00:00 0 
7f2d0028a000-7f2d04000000 ---p 00000000 00:00 0 
7f2d04000000-7f2d04021000 rw-p 00000000 00:00 0 
7f2d04021000-7f2d08000000 ---p 00000000 00:00 0 
7f2d0b000000-7f2d0d000000 rw-p 00000000 00:00 0 
7f2d10000000-7f2d10021000 rw-p 00000000 00:00 0 
7f2d10021000-7f2d14000000 ---p 00000000 00:00 0 
7f2d17731000-7f2d17732000 ---p 00000000 00:00 0 
7f2d17732000-7f2d17832000 rw-p 00000000 00:00 0                          [stack:9736]
7f2d17832000-7f2d17835000 ---p 00000000 00:00 0 
7f2d17835000-7f2d17933000 rw-p 00000000 00:00 0                          [stack:9735]
7f2d17933000-7f2d17936000 ---p 00000000 00:00 0 
7f2d17936000-7f2d17a34000 rw-p 00000000 00:00 0                          [stack:9734]
7f2d17a34000-7f2d17a37000 ---p 00000000 00:00 0 
7f2d17a37000-7f2d17b35000 rw-p 00000000 00:00 0                          [stack:9733]
7f2d17b35000-7f2d17b38000 ---p 00000000 00:00 0 
7f2d17b38000-7f2d17c36000 rw-p 00000000 00:00 0                          [stack:9732]
7f2d17c36000-7f2d17c39000 ---p 00000000 00:00 0 
7f2d17c39000-7f2d17d37000 rw-p 00000000 00:00 0                          [stack:9731]
7f2d17d37000-7f2d18000000 r--p 00000000 08:03 266989                     /usr/lib/locale/locale-archive
7f2d18000000-7f2d18021000 rw-p 00000000 00:00 0 
7f2d18021000-7f2d1c000000 ---p 00000000 00:00 0 
7f2d1c0e2000-7f2d1c0f1000 r--s 000dd000 00:19 9438599                    /home/mike/Android/Sdk/build-tools/22.0.1/lib/dx.jar
7f2d1c0f1000-7f2d1c0f4000 ---p 00000000 00:00 0 
7f2d1c0f4000-7f2d1c1f2000 rw-p 00000000 00:00 0                          [stack:9730]
7f2d1c1f2000-7f2d1c1f5000 ---p 00000000 00:00 0 
7f2d1c1f5000-7f2d1c2f3000 rw-p 00000000 00:00 0                          [stack:9729]
7f2d1c2f3000-7f2d1c2f4000 ---p 00000000 00:00 0 
7f2d1c2f4000-7f2d1d000000 rw-p 00000000 00:00 0                          [stack:9728]
7f2d1d000000-7f2d1d620000 rwxp 00000000 00:00 0 
7f2d1d620000-7f2d2c000000 ---p 00000000 00:00 0 
7f2d2c000000-7f2d2c386000 rw-p 00000000 00:00 0 
7f2d2c386000-7f2d30000000 ---p 00000000 00:00 0 
7f2d3000a000-7f2d303b3000 rw-p 00000000 00:00 0 
7f2d303b3000-7f2d3058c000 r--s 03d09000 08:03 1573810                    /opt/java/jdk1.8.0_45/jre/lib/rt.jar
7f2d3058c000-7f2d30c82000 rw-p 00000000 00:00 0 
7f2d30c82000-7f2d30e02000 ---p 00000000 00:00 0 
7f2d30e02000-7f2d31002000 rw-p 00000000 00:00 0 
7f2d31002000-7f2d31003000 ---p 00000000 00:00 0 
7f2d31003000-7f2d31103000 rw-p 00000000 00:00 0                          [stack:9727]
7f2d31103000-7f2d31104000 ---p 00000000 00:00 0 
7f2d31104000-7f2d31204000 rw-p 00000000 00:00 0                          [stack:9726]
7f2d31204000-7f2d31205000 ---p 00000000 00:00 0 
7f2d31205000-7f2d31305000 rw-p 00000000 00:00 0                          [stack:9725]
7f2d31305000-7f2d31306000 ---p 00000000 00:00 0 
7f2d31306000-7f2d3141b000 rw-p 00000000 00:00 0                          [stack:9724]
7f2d3141b000-7f2d3155c000 ---p 00000000 00:00 0 
7f2d3155c000-7f2d31571000 rw-p 00000000 00:00 0 
7f2d31571000-7f2d316b1000 ---p 00000000 00:00 0 
7f2d316b1000-7f2d316c4000 rw-p 00000000 00:00 0 
7f2d316c4000-7f2d3175c000 ---p 00000000 00:00 0 
7f2d3175c000-7f2d31776000 rw-p 00000000 00:00 0 
7f2d31776000-7f2d31b1d000 ---p 00000000 00:00 0 
7f2d31b1d000-7f2d31b37000 r-xp 00000000 08:03 1574049                    /opt/java/jdk1.8.0_45/jre/lib/amd64/libzip.so
7f2d31b37000-7f2d31d37000 ---p 0001a000 08:03 1574049                    /opt/java/jdk1.8.0_45/jre/lib/amd64/libzip.so
7f2d31d37000-7f2d31d38000 rw-p 0001a000 08:03 1574049                    /opt/java/jdk1.8.0_45/jre/lib/amd64/libzip.so
7f2d31d38000-7f2d31d43000 r-xp 00000000 08:03 131807                     /lib/x86_64-linux-gnu/libnss_files-2.19.so
7f2d31d43000-7f2d31f42000 ---p 0000b000 08:03 131807                     /lib/x86_64-linux-gnu/libnss_files-2.19.so
7f2d31f42000-7f2d31f43000 r--p 0000a000 08:03 131807                     /lib/x86_64-linux-gnu/libnss_files-2.19.so
7f2d31f43000-7f2d31f44000 rw-p 0000b000 08:03 131807                     /lib/x86_64-linux-gnu/libnss_files-2.19.so
7f2d31f44000-7f2d31f4f000 r-xp 00000000 08:03 131871                     /lib/x86_64-linux-gnu/libnss_nis-2.19.so
7f2d31f4f000-7f2d3214e000 ---p 0000b000 08:03 131871                     /lib/x86_64-linux-gnu/libnss_nis-2.19.so
7f2d3214e000-7f2d3214f000 r--p 0000a000 08:03 131871                     /lib/x86_64-linux-gnu/libnss_nis-2.19.so
7f2d3214f000-7f2d32150000 rw-p 0000b000 08:03 131871                     /lib/x86_64-linux-gnu/libnss_nis-2.19.so
7f2d32150000-7f2d32167000 r-xp 00000000 08:03 131829                     /lib/x86_64-linux-gnu/libnsl-2.19.so
7f2d32167000-7f2d32366000 ---p 00017000 08:03 131829                     /lib/x86_64-linux-gnu/libnsl-2.19.so
7f2d32366000-7f2d32367000 r--p 00016000 08:03 131829                     /lib/x86_64-linux-gnu/libnsl-2.19.so
7f2d32367000-7f2d32368000 rw-p 00017000 08:03 131829                     /lib/x86_64-linux-gnu/libnsl-2.19.so
7f2d32368000-7f2d3236a000 rw-p 00000000 00:00 0 
7f2d3236a000-7f2d32373000 r-xp 00000000 08:03 131828                     /lib/x86_64-linux-gnu/libnss_compat-2.19.so
7f2d32373000-7f2d32572000 ---p 00009000 08:03 131828                     /lib/x86_64-linux-gnu/libnss_compat-2.19.so
7f2d32572000-7f2d32573000 r--p 00008000 08:03 131828                     /lib/x86_64-linux-gnu/libnss_compat-2.19.so
7f2d32573000-7f2d32574000 rw-p 00009000 08:03 131828                     /lib/x86_64-linux-gnu/libnss_compat-2.19.so
7f2d32574000-7f2d3259e000 r-xp 00000000 08:03 1574040                    /opt/java/jdk1.8.0_45/jre/lib/amd64/libjava.so
7f2d3259e000-7f2d3279e000 ---p 0002a000 08:03 1574040                    /opt/java/jdk1.8.0_45/jre/lib/amd64/libjava.so
7f2d3279e000-7f2d327a0000 rw-p 0002a000 08:03 1574040                    /opt/java/jdk1.8.0_45/jre/lib/amd64/libjava.so
7f2d327a0000-7f2d327ad000 r-xp 00000000 08:03 1574047                    /opt/java/jdk1.8.0_45/jre/lib/amd64/libverify.so
7f2d327ad000-7f2d329ad000 ---p 0000d000 08:03 1574047                    /opt/java/jdk1.8.0_45/jre/lib/amd64/libverify.so
7f2d329ad000-7f2d329af000 rw-p 0000d000 08:03 1574047                    /opt/java/jdk1.8.0_45/jre/lib/amd64/libverify.so
7f2d329af000-7f2d329b6000 r-xp 00000000 08:03 131868                     /lib/x86_64-linux-gnu/librt-2.19.so
7f2d329b6000-7f2d32bb5000 ---p 00007000 08:03 131868                     /lib/x86_64-linux-gnu/librt-2.19.so
7f2d32bb5000-7f2d32bb6000 r--p 00006000 08:03 131868                     /lib/x86_64-linux-gnu/librt-2.19.so
7f2d32bb6000-7f2d32bb7000 rw-p 00007000 08:03 131868                     /lib/x86_64-linux-gnu/librt-2.19.so
7f2d32bb7000-7f2d32cbc000 r-xp 00000000 08:03 131806                     /lib/x86_64-linux-gnu/libm-2.19.so
7f2d32cbc000-7f2d32ebb000 ---p 00105000 08:03 131806                     /lib/x86_64-linux-gnu/libm-2.19.so
7f2d32ebb000-7f2d32ebc000 r--p 00104000 08:03 131806                     /lib/x86_64-linux-gnu/libm-2.19.so
7f2d32ebc000-7f2d32ebd000 rw-p 00105000 08:03 131806                     /lib/x86_64-linux-gnu/libm-2.19.so
7f2d32ebd000-7f2d33b6b000 r-xp 00000000 08:03 1574060                    /opt/java/jdk1.8.0_45/jre/lib/amd64/server/libjvm.so
7f2d33b6b000-7f2d33d6a000 ---p 00cae000 08:03 1574060                    /opt/java/jdk1.8.0_45/jre/lib/amd64/server/libjvm.so
7f2d33d6a000-7f2d33e41000 rw-p 00cad000 08:03 1574060                    /opt/java/jdk1.8.0_45/jre/lib/amd64/server/libjvm.so
7f2d33e41000-7f2d33e85000 rw-p 00000000 00:00 0 
7f2d33e85000-7f2d34040000 r-xp 00000000 08:03 131857                     /lib/x86_64-linux-gnu/libc-2.19.so
7f2d34040000-7f2d3423f000 ---p 001bb000 08:03 131857                     /lib/x86_64-linux-gnu/libc-2.19.so
7f2d3423f000-7f2d34243000 r--p 001ba000 08:03 131857                     /lib/x86_64-linux-gnu/libc-2.19.so
7f2d34243000-7f2d34245000 rw-p 001be000 08:03 131857                     /lib/x86_64-linux-gnu/libc-2.19.so
7f2d34245000-7f2d3424a000 rw-p 00000000 00:00 0 
7f2d3424a000-7f2d3424d000 r-xp 00000000 08:03 131810                     /lib/x86_64-linux-gnu/libdl-2.19.so
7f2d3424d000-7f2d3444c000 ---p 00003000 08:03 131810                     /lib/x86_64-linux-gnu/libdl-2.19.so
7f2d3444c000-7f2d3444d000 r--p 00002000 08:03 131810                     /lib/x86_64-linux-gnu/libdl-2.19.so
7f2d3444d000-7f2d3444e000 rw-p 00003000 08:03 131810                     /lib/x86_64-linux-gnu/libdl-2.19.so
7f2d3444e000-7f2d34463000 r-xp 00000000 08:03 1573749                    /opt/java/jdk1.8.0_45/lib/amd64/jli/libjli.so
7f2d34463000-7f2d34663000 ---p 00015000 08:03 1573749                    /opt/java/jdk1.8.0_45/lib/amd64/jli/libjli.so
7f2d34663000-7f2d34664000 rw-p 00015000 08:03 1573749                    /opt/java/jdk1.8.0_45/lib/amd64/jli/libjli.so
7f2d34664000-7f2d3467d000 r-xp 00000000 08:03 131858                     /lib/x86_64-linux-gnu/libpthread-2.19.so
7f2d3467d000-7f2d3487c000 ---p 00019000 08:03 131858                     /lib/x86_64-linux-gnu/libpthread-2.19.so
7f2d3487c000-7f2d3487d000 r--p 00018000 08:03 131858                     /lib/x86_64-linux-gnu/libpthread-2.19.so
7f2d3487d000-7f2d3487e000 rw-p 00019000 08:03 131858                     /lib/x86_64-linux-gnu/libpthread-2.19.so
7f2d3487e000-7f2d34882000 rw-p 00000000 00:00 0 
7f2d34882000-7f2d348a5000 r-xp 00000000 08:03 131833                     /lib/x86_64-linux-gnu/ld-2.19.so
7f2d348a5000-7f2d348a6000 r--p 00000000 08:03 672594                     /usr/share/locale-langpack/en_GB/LC_MESSAGES/libc.mo
7f2d348a6000-7f2d348ad000 r--s 00034000 00:19 11273479                   /home/mike/AndroidStudioProjects/Wordist/app/build/intermediates/exploded-aar/com.google.android.gms/play-services-wearable/7.5.0/jars/classes.jar
7f2d348ad000-7f2d3497f000 rw-p 00000000 00:00 0 
7f2d3497f000-7f2d34982000 ---p 00000000 00:00 0 
7f2d34982000-7f2d34a98000 rw-p 00000000 00:00 0                          [stack:9721]
7f2d34a98000-7f2d34aa0000 rw-s 00000000 08:03 1574134                    /tmp/hsperfdata_mike/9719
7f2d34aa0000-7f2d34aa1000 rw-p 00000000 00:00 0 
7f2d34aa1000-7f2d34aa2000 ---p 00000000 00:00 0 
7f2d34aa2000-7f2d34aa4000 rw-p 00000000 00:00 0 
7f2d34aa4000-7f2d34aa5000 r--p 00022000 08:03 131833                     /lib/x86_64-linux-gnu/ld-2.19.so
7f2d34aa5000-7f2d34aa6000 rw-p 00023000 08:03 131833                     /lib/x86_64-linux-gnu/ld-2.19.so
7f2d34aa6000-7f2d34aa7000 rw-p 00000000 00:00 0 
7fffd4f42000-7fffd4f63000 rw-p 00000000 00:00 0                          [stack]
7fffd4ffe000-7fffd5000000 r-xp 00000000 00:00 0                          [vdso]
ffffffffff600000-ffffffffff601000 r-xp 00000000 00:00 0                  [vsyscall]

VM Arguments:
jvm_args: -Xmx1024M -Dfile.encoding=UTF-8 -Duser.country=GB -Duser.language=en -Duser.variant 
java_command: com.android.dx.command.Main --dex --output /home/mike/AndroidStudioProjects/Wordist/app/build/intermediates/pre-dexed/debug/classes-d94d1d2e7deef46e587b2f84112ce5c32cd1e154.jar /home/mike/AndroidStudioProjects/Wordist/app/build/intermediates/exploded-aar/com.google.android.gms/play-services-wearable/7.5.0/jars/classes.jar
java_class_path (initial): /home/mike/Android/Sdk/build-tools/22.0.1/lib/dx.jar
Launcher Type: SUN_STANDARD

Environment Variables:
PATH=/usr/local/sbin:/usr/local/bin:/usr/sbin:/usr/bin:/sbin:/bin:/usr/games:/usr/local/games
USERNAME=mike
LD_LIBRARY_PATH=/opt/android-studio/bin:
SHELL=/bin/bash
DISPLAY=:0

Signal Handlers:
SIGSEGV: [libjvm.so+0xaad1e0], sa_mask[0]=11111111011111111101111111111110, sa_flags=SA_RESTART|SA_SIGINFO
SIGBUS: [libjvm.so+0xaad1e0], sa_mask[0]=11111111011111111101111111111110, sa_flags=SA_RESTART|SA_SIGINFO
SIGFPE: [libjvm.so+0x90b450], sa_mask[0]=11111111011111111101111111111110, sa_flags=SA_RESTART|SA_SIGINFO
SIGPIPE: [libjvm.so+0x90b450], sa_mask[0]=11111111011111111101111111111110, sa_flags=SA_RESTART|SA_SIGINFO
SIGXFSZ: [libjvm.so+0x90b450], sa_mask[0]=11111111011111111101111111111110, sa_flags=SA_RESTART|SA_SIGINFO
SIGILL: [libjvm.so+0x90b450], sa_mask[0]=11111111011111111101111111111110, sa_flags=SA_RESTART|SA_SIGINFO
SIGUSR1: SIG_DFL, sa_mask[0]=00000000000000000000000000000000, sa_flags=none
SIGUSR2: [libjvm.so+0x90ca90], sa_mask[0]=00100000000000000000000000000000, sa_flags=SA_RESTART|SA_SIGINFO
SIGHUP: [libjvm.so+0x90dde0], sa_mask[0]=11111111011111111101111111111110, sa_flags=SA_RESTART|SA_SIGINFO
SIGINT: [libjvm.so+0x90dde0], sa_mask[0]=11111111011111111101111111111110, sa_flags=SA_RESTART|SA_SIGINFO
SIGTERM: [libjvm.so+0x90dde0], sa_mask[0]=11111111011111111101111111111110, sa_flags=SA_RESTART|SA_SIGINFO
SIGQUIT: [libjvm.so+0x90dde0], sa_mask[0]=11111111011111111101111111111110, sa_flags=SA_RESTART|SA_SIGINFO


---------------  S Y S T E M  ---------------

OS:DISTRIB_ID=LinuxMint
DISTRIB_RELEASE=17.1
DISTRIB_CODENAME=rebecca
DISTRIB_DESCRIPTION="Linux Mint 17.1 Rebecca"

uname:Linux 3.13.0-37-generic #64-Ubuntu SMP Mon Sep 22 21:28:38 UTC 2014 x86_64
libc:glibc 2.19 NPTL 2.19 
rlimit: STACK 8192k, CORE 0k, NPROC 30866, NOFILE 4096, AS infinity
load average:5.38 1.74 0.99

/proc/meminfo:
MemTotal:        4048044 kB
MemFree:           96752 kB
Buffers:             208 kB
Cached:            43608 kB
SwapCached:            0 kB
Active:          3726632 kB
Inactive:          40776 kB
Active(anon):    3725528 kB
Inactive(anon):    32036 kB
Active(file):       1104 kB
Inactive(file):     8740 kB
Unevictable:         136 kB
Mlocked:             136 kB
SwapTotal:             0 kB
SwapFree:              0 kB
Dirty:                24 kB
Writeback:            72 kB
AnonPages:       3724572 kB
Mapped:            33344 kB
Shmem:             33128 kB
Slab:              57408 kB
SReclaimable:      19940 kB
SUnreclaim:        37468 kB
KernelStack:        4480 kB
PageTables:        26952 kB
NFS_Unstable:          0 kB
Bounce:                0 kB
WritebackTmp:          0 kB
CommitLimit:     2024020 kB
Committed_AS:    5616856 kB
VmallocTotal:   34359738367 kB
VmallocUsed:      310676 kB
VmallocChunk:   34359413752 kB
HardwareCorrupted:     0 kB
AnonHugePages:   2519040 kB
HugePages_Total:       0
HugePages_Free:        0
HugePages_Rsvd:        0
HugePages_Surp:        0
Hugepagesize:       2048 kB
DirectMap4k:       93760 kB
DirectMap2M:     4100096 kB
DirectMap1G:           0 kB


CPU:total 4 (4 cores per cpu, 1 threads per core) family 16 model 4 stepping 2, cmov, cx8, fxsr, mmx, sse, sse2, sse3, popcnt, mmxext, 3dnowpref, lzcnt, sse4a, tsc, tscinvbit, tscinv

/proc/cpuinfo:
processor	: 0
vendor_id	: AuthenticAMD
cpu family	: 16
model		: 4
model name	: AMD Phenom(tm) II X4 955 Processor
stepping	: 2
microcode	: 0x1000086
cpu MHz		: 2100.000
cache size	: 512 KB
physical id	: 0
siblings	: 4
core id		: 0
cpu cores	: 4
apicid		: 0
initial apicid	: 0
fpu		: yes
fpu_exception	: yes
cpuid level	: 5
wp		: yes
flags		: fpu vme de pse tsc msr pae mce cx8 apic sep mtrr pge mca cmov pat pse36 clflush mmx fxsr sse sse2 ht syscall nx mmxext fxsr_opt pdpe1gb rdtscp lm 3dnowext 3dnow constant_tsc rep_good nopl nonstop_tsc extd_apicid pni monitor cx16 popcnt lahf_lm cmp_legacy svm extapic cr8_legacy abm sse4a misalignsse 3dnowprefetch osvw ibs skinit wdt hw_pstate npt lbrv svm_lock nrip_save
bogomips	: 6399.96
TLB size	: 1024 4K pages
clflush size	: 64
cache_alignment	: 64
address sizes	: 48 bits physical, 48 bits virtual
power management: ts ttp tm stc 100mhzsteps hwpstate

processor	: 1
vendor_id	: AuthenticAMD
cpu family	: 16
model		: 4
model name	: AMD Phenom(tm) II X4 955 Processor
stepping	: 2
microcode	: 0x1000086
cpu MHz		: 2100.000
cache size	: 512 KB
physical id	: 0
siblings	: 4
core id		: 1
cpu cores	: 4
apicid		: 1
initial apicid	: 1
fpu		: yes
fpu_exception	: yes
cpuid level	: 5
wp		: yes
flags		: fpu vme de pse tsc msr pae mce cx8 apic sep mtrr pge mca cmov pat pse36 clflush mmx fxsr sse sse2 ht syscall nx mmxext fxsr_opt pdpe1gb rdtscp lm 3dnowext 3dnow constant_tsc rep_good nopl nonstop_tsc extd_apicid pni monitor cx16 popcnt lahf_lm cmp_legacy svm extapic cr8_legacy abm sse4a misalignsse 3dnowprefetch osvw ibs skinit wdt hw_pstate npt lbrv svm_lock nrip_save
bogomips	: 6399.96
TLB size	: 1024 4K pages
clflush size	: 64
cache_alignment	: 64
address sizes	: 48 bits physical, 48 bits virtual
power management: ts ttp tm stc 100mhzsteps hwpstate

processor	: 2
vendor_id	: AuthenticAMD
cpu family	: 16
model		: 4
model name	: AMD Phenom(tm) II X4 955 Processor
stepping	: 2
microcode	: 0x1000086
cpu MHz		: 800.000
cache size	: 512 KB
physical id	: 0
siblings	: 4
core id		: 2
cpu cores	: 4
apicid		: 2
initial apicid	: 2
fpu		: yes
fpu_exception	: yes
cpuid level	: 5
wp		: yes
flags		: fpu vme de pse tsc msr pae mce cx8 apic sep mtrr pge mca cmov pat pse36 clflush mmx fxsr sse sse2 ht syscall nx mmxext fxsr_opt pdpe1gb rdtscp lm 3dnowext 3dnow constant_tsc rep_good nopl nonstop_tsc extd_apicid pni monitor cx16 popcnt lahf_lm cmp_legacy svm extapic cr8_legacy abm sse4a misalignsse 3dnowprefetch osvw ibs skinit wdt hw_pstate npt lbrv svm_lock nrip_save
bogomips	: 6399.96
TLB size	: 1024 4K pages
clflush size	: 64
cache_alignment	: 64
address sizes	: 48 bits physical, 48 bits virtual
power management: ts ttp tm stc 100mhzsteps hwpstate

processor	: 3
vendor_id	: AuthenticAMD
cpu family	: 16
model		: 4
model name	: AMD Phenom(tm) II X4 955 Processor
stepping	: 2
microcode	: 0x1000086
cpu MHz		: 800.000
cache size	: 512 KB
physical id	: 0
siblings	: 4
core id		: 3
cpu cores	: 4
apicid		: 3
initial apicid	: 3
fpu		: yes
fpu_exception	: yes
cpuid level	: 5
wp		: yes
flags		: fpu vme de pse tsc msr pae mce cx8 apic sep mtrr pge mca cmov pat pse36 clflush mmx fxsr sse sse2 ht syscall nx mmxext fxsr_opt pdpe1gb rdtscp lm 3dnowext 3dnow constant_tsc rep_good nopl nonstop_tsc extd_apicid pni monitor cx16 popcnt lahf_lm cmp_legacy svm extapic cr8_legacy abm sse4a misalignsse 3dnowprefetch osvw ibs skinit wdt hw_pstate npt lbrv svm_lock nrip_save
bogomips	: 6399.96
TLB size	: 1024 4K pages
clflush size	: 64
cache_alignment	: 64
address sizes	: 48 bits physical, 48 bits virtual
power management: ts ttp tm stc 100mhzsteps hwpstate



Memory: 4k page, physical 4048044k(95264k free), swap 0k(0k free)

vm_info: Java HotSpot(TM) 64-Bit Server VM (25.45-b02) for linux-amd64 JRE (1.8.0_45-b14), built on Apr 10 2015 10:07:45 by "java_re" with gcc 4.3.0 20080428 (Red Hat 4.3.0-8)

time: Mon Jun 22 19:52:57 2015
elapsed time: 5 seconds (0d 0h 0m 5s)

