#
# There is insufficient memory for the Java Runtime Environment to continue.
# Native memory allocation (mmap) failed to map 72351744 bytes for committing reserved memory.
# Possible reasons:
#   The system is out of physical RAM or swap space
#   In 32 bit mode, the process size limit was hit
# Possible solutions:
#   Reduce memory load on the system
#   Increase physical memory or swap space
#   Check if swap backing store is full
#   Use 64 bit Java on a 64 bit OS
#   Decrease Java heap size (-Xmx/-Xms)
#   Decrease number of Java threads
#   Decrease Java thread stack sizes (-Xss)
#   Set larger code cache with -XX:ReservedCodeCacheSize=
# This output file may be truncated or incomplete.
#
#  Out of Memory Error (os_linux.cpp:2673), pid=8008, tid=140273352922880
#
# JRE version: Java(TM) SE Runtime Environment (8.0_45-b14) (build 1.8.0_45-b14)
# Java VM: Java HotSpot(TM) 64-Bit Server VM (25.45-b02 mixed mode linux-amd64 compressed oops)
# Failed to write core dump. Core dumps have been disabled. To enable core dumping, try "ulimit -c unlimited" before starting Java again
#

---------------  T H R E A D  ---------------

Current thread (0x00007f9404077800):  VMThread [stack: 0x00007f93ef4f5000,0x00007f93ef5f6000] [id=8017]

Stack: [0x00007f93ef4f5000,0x00007f93ef5f6000],  sp=0x00007f93ef5f40e0,  free space=1020k
Native frames: (J=compiled Java code, j=interpreted, Vv=VM code, C=native code)
V  [libjvm.so+0xaac99a]  VMError::report_and_die()+0x2ba
V  [libjvm.so+0x4f333b]  report_vm_out_of_memory(char const*, int, unsigned long, VMErrorType, char const*)+0x8b
V  [libjvm.so+0x90e7c3]  os::Linux::commit_memory_impl(char*, unsigned long, bool)+0x103
V  [libjvm.so+0x90ed19]  os::pd_commit_memory(char*, unsigned long, unsigned long, bool)+0x29
V  [libjvm.so+0x90867a]  os::commit_memory(char*, unsigned long, unsigned long, bool)+0x2a
V  [libjvm.so+0x97bac3]  PSVirtualSpace::expand_by(unsigned long)+0x53
V  [libjvm.so+0x97cec8]  PSYoungGen::resize_generation(unsigned long, unsigned long)+0xf8
V  [libjvm.so+0x97c022]  PSYoungGen::resize(unsigned long, unsigned long)+0x22
V  [libjvm.so+0x9792fb]  PSScavenge::invoke_no_policy()+0xf7b
V  [libjvm.so+0x979a81]  PSScavenge::invoke()+0x41
V  [libjvm.so+0x932050]  ParallelScavengeHeap::failed_mem_allocate(unsigned long)+0x70
V  [libjvm.so+0xaae1d7]  VM_ParallelGCFailedAllocation::doit()+0x97
V  [libjvm.so+0xab59c5]  VM_Operation::evaluate()+0x55
V  [libjvm.so+0xab3d9a]  VMThread::evaluate_operation(VM_Operation*)+0xba
V  [libjvm.so+0xab411e]  VMThread::loop()+0x1ce
V  [libjvm.so+0xab4590]  VMThread::run()+0x70
V  [libjvm.so+0x910de8]  java_start(Thread*)+0x108

VM_Operation (0x00007f940dccc250): ParallelGCFailedAllocation, mode: safepoint, requested by thread 0x00007f940400a000


---------------  P R O C E S S  ---------------

Java Threads: ( => current thread )
  0x00007f94040c2000 JavaThread "Service Thread" daemon [_thread_blocked, id=8024, stack(0x00007f93eeb25000,0x00007f93eec26000)]
  0x00007f94040bd000 JavaThread "C1 CompilerThread2" daemon [_thread_blocked, id=8023, stack(0x00007f93eec26000,0x00007f93eed27000)]
  0x00007f94040bb800 JavaThread "C2 CompilerThread1" daemon [_thread_blocked, id=8022, stack(0x00007f93eed27000,0x00007f93eee28000)]
  0x00007f94040b8800 JavaThread "C2 CompilerThread0" daemon [_thread_blocked, id=8021, stack(0x00007f93eee28000,0x00007f93eef29000)]
  0x00007f94040b7000 JavaThread "Signal Dispatcher" daemon [_thread_blocked, id=8020, stack(0x00007f93eef29000,0x00007f93ef02a000)]
  0x00007f940407f000 JavaThread "Finalizer" daemon [_thread_blocked, id=8019, stack(0x00007f93ef2f3000,0x00007f93ef3f4000)]
  0x00007f940407c800 JavaThread "Reference Handler" daemon [_thread_blocked, id=8018, stack(0x00007f93ef3f4000,0x00007f93ef4f5000)]
  0x00007f940400a000 JavaThread "main" [_thread_blocked, id=8010, stack(0x00007f940dbce000,0x00007f940dccf000)]

Other Threads:
=>0x00007f9404077800 VMThread [stack: 0x00007f93ef4f5000,0x00007f93ef5f6000] [id=8017]
  0x00007f94040c4800 WatcherThread [stack: 0x00007f93eea24000,0x00007f93eeb25000] [id=8025]

VM state:at safepoint (normal execution)

VM Mutex/Monitor currently owned by a thread:  ([mutex/lock_event])
[0x00007f9404006350] Threads_lock - owner thread: 0x00007f9404077800
[0x00007f9404006850] Heap_lock - owner thread: 0x00007f940400a000

Heap:
 PSYoungGen      total 71168K, used 8678K [0x00000000eab00000, 0x00000000efa00000, 0x0000000100000000)
  eden space 62464K, 0% used [0x00000000eab00000,0x00000000eab00000,0x00000000ee800000)
  from space 8704K, 99% used [0x00000000ee800000,0x00000000ef079bb8,0x00000000ef080000)
  to   space 7680K, 0% used [0x00000000ef080000,0x00000000ef080000,0x00000000ef800000)
 ParOldGen       total 42496K, used 20958K [0x00000000c0000000, 0x00000000c2980000, 0x00000000eab00000)
  object space 42496K, 49% used [0x00000000c0000000,0x00000000c1477810,0x00000000c2980000)
 Metaspace       used 5927K, capacity 7152K, committed 7296K, reserved 1056768K
  class space    used 546K, capacity 616K, committed 640K, reserved 1048576K

Card table byte_map: [0x00007f940a7ad000,0x00007f940a9ae000] byte_map_base: 0x00007f940a1ad000

Marking Bits: (ParMarkBitMap*) 0x00007f940d0ab760
 Begin Bits: [0x00007f9408253000, 0x00007f9409253000)
 End Bits:   [0x00007f9409253000, 0x00007f940a253000)

Polling page: 0x00007f940dcf2000

CodeCache: size=245760Kb used=7638Kb max_used=7638Kb free=238121Kb
 bounds [0x00007f93f5000000, 0x00007f93f5780000, 0x00007f9404000000]
 total_blobs=2059 nmethods=1794 adapters=178
 compilation: enabled

Compilation events (10 events):
Event: 12.965 Thread 0x00007f94040bb800 nmethod 1823 0x00007f93f575f550 code [0x00007f93f575f6c0, 0x00007f93f575f928]
Event: 12.965 Thread 0x00007f94040bb800 1849   !   4       com.android.dx.cf.code.Ropper::processBlock (1101 bytes)
Event: 13.003 Thread 0x00007f94040bd000 1851       2       com.android.dx.rop.code.CstInsn::contentEquals (31 bytes)
Event: 13.003 Thread 0x00007f94040bd000 nmethod 1851 0x00007f93f575f0d0 code [0x00007f93f575f240, 0x00007f93f575f458]
Event: 13.017 Thread 0x00007f94040bd000 1852       2       java.util.Arrays::sort (19 bytes)
Event: 13.018 Thread 0x00007f94040bd000 nmethod 1852 0x00007f93f57615d0 code [0x00007f93f5761740, 0x00007f93f57618f8]
Event: 13.079 Thread 0x00007f94040bd000 1853       2       com.android.dx.ssa.InterferenceRegisterMapper::areAnyPinned (81 bytes)
Event: 13.079 Thread 0x00007f94040bd000 nmethod 1853 0x00007f93f5760d50 code [0x00007f93f5760f00, 0x00007f93f5761258]
Event: 13.147 Thread 0x00007f94040bd000 1856       3       com.android.dx.dex.file.AnnotationUtils::makeSignature (251 bytes)
Event: 13.337 Thread 0x00007f94040bd000 nmethod 1856 0x00007f93f5773b90 code [0x00007f93f5774000, 0x00007f93f5776a28]

GC Heap History (10 events):
Event: 3.478 GC heap after
Heap after GC invocations=2 (full 0):
 PSYoungGen      total 18432K, used 2535K [0x00000000eab00000, 0x00000000ecf00000, 0x0000000100000000)
  eden space 15872K, 0% used [0x00000000eab00000,0x00000000eab00000,0x00000000eba80000)
  from space 2560K, 99% used [0x00000000ebd00000,0x00000000ebf79c78,0x00000000ebf80000)
  to   space 2560K, 0% used [0x00000000eba80000,0x00000000eba80000,0x00000000ebd00000)
 ParOldGen       total 42496K, used 3603K [0x00000000c0000000, 0x00000000c2980000, 0x00000000eab00000)
  object space 42496K, 8% used [0x00000000c0000000,0x00000000c0384d18,0x00000000c2980000)
 Metaspace       used 5695K, capacity 6960K, committed 7040K, reserved 1056768K
  class space    used 543K, capacity 616K, committed 640K, reserved 1048576K
}
Event: 4.328 GC heap before
{Heap before GC invocations=3 (full 0):
 PSYoungGen      total 18432K, used 18407K [0x00000000eab00000, 0x00000000ecf00000, 0x0000000100000000)
  eden space 15872K, 100% used [0x00000000eab00000,0x00000000eba80000,0x00000000eba80000)
  from space 2560K, 99% used [0x00000000ebd00000,0x00000000ebf79c78,0x00000000ebf80000)
  to   space 2560K, 0% used [0x00000000eba80000,0x00000000eba80000,0x00000000ebd00000)
 ParOldGen       total 42496K, used 3603K [0x00000000c0000000, 0x00000000c2980000, 0x00000000eab00000)
  object space 42496K, 8% used [0x00000000c0000000,0x00000000c0384d18,0x00000000c2980000)
 Metaspace       used 5773K, capacity 7024K, committed 7296K, reserved 1056768K
  class space    used 544K, capacity 616K, committed 640K, reserved 1048576K
Event: 4.361 GC heap after
Heap after GC invocations=3 (full 0):
 PSYoungGen      total 18432K, used 2528K [0x00000000eab00000, 0x00000000ecf00000, 0x0000000100000000)
  eden space 15872K, 0% used [0x00000000eab00000,0x00000000eab00000,0x00000000eba80000)
  from space 2560K, 98% used [0x00000000eba80000,0x00000000ebcf8048,0x00000000ebd00000)
  to   space 2560K, 0% used [0x00000000ecc80000,0x00000000ecc80000,0x00000000ecf00000)
 ParOldGen       total 42496K, used 6041K [0x00000000c0000000, 0x00000000c2980000, 0x00000000eab00000)
  object space 42496K, 14% used [0x00000000c0000000,0x00000000c05e64c0,0x00000000c2980000)
 Metaspace       used 5773K, capacity 7024K, committed 7296K, reserved 1056768K
  class space    used 544K, capacity 616K, committed 640K, reserved 1048576K
}
Event: 4.755 GC heap before
{Heap before GC invocations=4 (full 0):
 PSYoungGen      total 18432K, used 18400K [0x00000000eab00000, 0x00000000ecf00000, 0x0000000100000000)
  eden space 15872K, 100% used [0x00000000eab00000,0x00000000eba80000,0x00000000eba80000)
  from space 2560K, 98% used [0x00000000eba80000,0x00000000ebcf8048,0x00000000ebd00000)
  to   space 2560K, 0% used [0x00000000ecc80000,0x00000000ecc80000,0x00000000ecf00000)
 ParOldGen       total 42496K, used 6041K [0x00000000c0000000, 0x00000000c2980000, 0x00000000eab00000)
  object space 42496K, 14% used [0x00000000c0000000,0x00000000c05e64c0,0x00000000c2980000)
 Metaspace       used 5806K, capacity 7024K, committed 7296K, reserved 1056768K
  class space    used 544K, capacity 616K, committed 640K, reserved 1048576K
Event: 4.789 GC heap after
Heap after GC invocations=4 (full 0):
 PSYoungGen      total 34304K, used 2528K [0x00000000eab00000, 0x00000000ecf00000, 0x0000000100000000)
  eden space 31744K, 0% used [0x00000000eab00000,0x00000000eab00000,0x00000000eca00000)
  from space 2560K, 98% used [0x00000000ecc80000,0x00000000ecef8028,0x00000000ecf00000)
  to   space 2560K, 0% used [0x00000000eca00000,0x00000000eca00000,0x00000000ecc80000)
 ParOldGen       total 42496K, used 8524K [0x00000000c0000000, 0x00000000c2980000, 0x00000000eab00000)
  object space 42496K, 20% used [0x00000000c0000000,0x00000000c0853008,0x00000000c2980000)
 Metaspace       used 5806K, capacity 7024K, committed 7296K, reserved 1056768K
  class space    used 544K, capacity 616K, committed 640K, reserved 1048576K
}
Event: 5.699 GC heap before
{Heap before GC invocations=5 (full 0):
 PSYoungGen      total 34304K, used 34272K [0x00000000eab00000, 0x00000000ecf00000, 0x0000000100000000)
  eden space 31744K, 100% used [0x00000000eab00000,0x00000000eca00000,0x00000000eca00000)
  from space 2560K, 98% used [0x00000000ecc80000,0x00000000ecef8028,0x00000000ecf00000)
  to   space 2560K, 0% used [0x00000000eca00000,0x00000000eca00000,0x00000000ecc80000)
 ParOldGen       total 42496K, used 8524K [0x00000000c0000000, 0x00000000c2980000, 0x00000000eab00000)
  object space 42496K, 20% used [0x00000000c0000000,0x00000000c0853008,0x00000000c2980000)
 Metaspace       used 5844K, capacity 7088K, committed 7296K, reserved 1056768K
  class space    used 544K, capacity 616K, committed 640K, reserved 1048576K
Event: 5.737 GC heap after
Heap after GC invocations=5 (full 0):
 PSYoungGen      total 34304K, used 2528K [0x00000000eab00000, 0x00000000ef800000, 0x0000000100000000)
  eden space 31744K, 0% used [0x00000000eab00000,0x00000000eab00000,0x00000000eca00000)
  from space 2560K, 98% used [0x00000000eca00000,0x00000000ecc78028,0x00000000ecc80000)
  to   space 7680K, 0% used [0x00000000ef080000,0x00000000ef080000,0x00000000ef800000)
 ParOldGen       total 42496K, used 13813K [0x00000000c0000000, 0x00000000c2980000, 0x00000000eab00000)
  object space 42496K, 32% used [0x00000000c0000000,0x00000000c0d7d6d0,0x00000000c2980000)
 Metaspace       used 5844K, capacity 7088K, committed 7296K, reserved 1056768K
  class space    used 544K, capacity 616K, committed 640K, reserved 1048576K
}
Event: 6.773 GC heap before
{Heap before GC invocations=6 (full 0):
 PSYoungGen      total 34304K, used 34272K [0x00000000eab00000, 0x00000000ef800000, 0x0000000100000000)
  eden space 31744K, 100% used [0x00000000eab00000,0x00000000eca00000,0x00000000eca00000)
  from space 2560K, 98% used [0x00000000eca00000,0x00000000ecc78028,0x00000000ecc80000)
  to   space 7680K, 0% used [0x00000000ef080000,0x00000000ef080000,0x00000000ef800000)
 ParOldGen       total 42496K, used 13813K [0x00000000c0000000, 0x00000000c2980000, 0x00000000eab00000)
  object space 42496K, 32% used [0x00000000c0000000,0x00000000c0d7d6d0,0x00000000c2980000)
 Metaspace       used 5904K, capacity 7088K, committed 7296K, reserved 1056768K
  class space    used 546K, capacity 616K, committed 640K, reserved 1048576K
Event: 6.817 GC heap after
Heap after GC invocations=6 (full 0):
 PSYoungGen      total 70144K, used 7648K [0x00000000eab00000, 0x00000000efa00000, 0x0000000100000000)
  eden space 62464K, 0% used [0x00000000eab00000,0x00000000eab00000,0x00000000ee800000)
  from space 7680K, 99% used [0x00000000ef080000,0x00000000ef7f8028,0x00000000ef800000)
  to   space 8704K, 0% used [0x00000000ee800000,0x00000000ee800000,0x00000000ef080000)
 ParOldGen       total 42496K, used 13875K [0x00000000c0000000, 0x00000000c2980000, 0x00000000eab00000)
  object space 42496K, 32% used [0x00000000c0000000,0x00000000c0d8cf38,0x00000000c2980000)
 Metaspace       used 5904K, capacity 7088K, committed 7296K, reserved 1056768K
  class space    used 546K, capacity 616K, committed 640K, reserved 1048576K
}
Event: 13.478 GC heap before
{Heap before GC invocations=7 (full 0):
 PSYoungGen      total 70144K, used 70112K [0x00000000eab00000, 0x00000000efa00000, 0x0000000100000000)
  eden space 62464K, 100% used [0x00000000eab00000,0x00000000ee800000,0x00000000ee800000)
  from space 7680K, 99% used [0x00000000ef080000,0x00000000ef7f8028,0x00000000ef800000)
  to   space 8704K, 0% used [0x00000000ee800000,0x00000000ee800000,0x00000000ef080000)
 ParOldGen       total 42496K, used 13875K [0x00000000c0000000, 0x00000000c2980000, 0x00000000eab00000)
  object space 42496K, 32% used [0x00000000c0000000,0x00000000c0d8cf38,0x00000000c2980000)
 Metaspace       used 5927K, capacity 7152K, committed 7296K, reserved 1056768K
  class space    used 546K, capacity 616K, committed 640K, reserved 1048576K

Deoptimization events (10 events):
Event: 2.445 Thread 0x00007f940400a000 Uncommon trap: reason=class_check action=maybe_recompile pc=0x00007f93f536d410 method=com.android.dx.ssa.NormalSsaInsn.accept(Lcom/android/dx/ssa/SsaInsn$Visitor;)V @ 9
Event: 2.673 Thread 0x00007f940400a000 Uncommon trap: reason=null_check action=make_not_entrant pc=0x00007f93f53a7f50 method=com.android.dx.rop.type.Type.equals(Ljava/lang/Object;)Z @ 8
Event: 2.685 Thread 0x00007f940400a000 Uncommon trap: reason=class_check action=maybe_recompile pc=0x00007f93f5351890 method=com.android.dx.ssa.NormalSsaInsn.accept(Lcom/android/dx/ssa/SsaInsn$Visitor;)V @ 9
Event: 5.056 Thread 0x00007f940400a000 Uncommon trap: reason=unstable_if action=reinterpret pc=0x00007f93f561b900 method=com.android.dx.ssa.SCCP.simulateBranch(Lcom/android/dx/ssa/SsaInsn;)V @ 548
Event: 5.921 Thread 0x00007f940400a000 Uncommon trap: reason=uninitialized action=reinterpret pc=0x00007f93f5622c4c method=com.android.dx.cf.code.BytecodeArray.parseInstruction(ILcom/android/dx/cf/code/BytecodeArray$Visitor;)I @ 1031
Event: 6.130 Thread 0x00007f940400a000 Uncommon trap: reason=unstable_if action=reinterpret pc=0x00007f93f54c9c04 method=com.android.dx.util.IntList.binarysearch(I)I @ 105
Event: 6.131 Thread 0x00007f940400a000 Uncommon trap: reason=unstable_if action=reinterpret pc=0x00007f93f5691bb8 method=com.android.dx.ssa.LocalVariableExtractor.processBlock(I)V @ 77
Event: 6.132 Thread 0x00007f940400a000 Uncommon trap: reason=unstable_if action=reinterpret pc=0x00007f93f556e40c method=com.android.dx.util.LabeledList.set(ILcom/android/dx/util/LabeledItem;)V @ 16
Event: 6.845 Thread 0x00007f940400a000 Uncommon trap: reason=unstable_if action=reinterpret pc=0x00007f93f56818c8 method=com.android.dx.ssa.LiteralOpUpgrader$1.visitNonMoveInsn(Lcom/android/dx/ssa/NormalSsaInsn;)V @ 55
Event: 6.846 Thread 0x00007f940400a000 Uncommon trap: reason=unstable_if action=reinterpret pc=0x00007f93f54d32fc method=com.android.dx.ssa.SsaMethod.updateOneDefinition(Lcom/android/dx/ssa/SsaInsn;Lcom/android/dx/rop/code/RegisterSpec;)V @ 4

Internal exceptions (3 events):
Event: 0.122 Thread 0x00007f940400a000 Exception <a 'java/lang/NoSuchMethodError': Method sun.misc.Unsafe.defineClass(Ljava/lang/String;[BII)Ljava/lang/Class; name or signature does not match> (0x00000000eab12a38) thrown at [/RE-WORK/workspace/8-2-build-linux-amd64/jdk8u45/3457/hotspot/src/sha
Event: 0.122 Thread 0x00007f940400a000 Exception <a 'java/lang/NoSuchMethodError': Method sun.misc.Unsafe.prefetchRead(Ljava/lang/Object;J)V name or signature does not match> (0x00000000eab12cc8) thrown at [/RE-WORK/workspace/8-2-build-linux-amd64/jdk8u45/3457/hotspot/src/share/vm/prims/jni.cp
Event: 2.673 Thread 0x00007f940400a000 Implicit null exception at 0x00007f93f53a7ea2 to 0x00007f93f53a7f42

Events (10 events):
Event: 6.846 Thread 0x00007f940400a000 DEOPT UNPACKING pc=0x00007f93f5005229 sp=0x00007f940dccc998 mode 2
Event: 7.232 Thread 0x00007f940400a000 DEOPT PACKING pc=0x00007f93f56b037f sp=0x00007f940dccc9e0
Event: 7.232 Thread 0x00007f940400a000 DEOPT UNPACKING pc=0x00007f93f5047233 sp=0x00007f940dccc6f8 mode 0
Event: 7.346 Thread 0x00007f940400a000 DEOPT PACKING pc=0x00007f93f538e889 sp=0x00007f940dccc9d0
Event: 7.346 Thread 0x00007f940400a000 DEOPT UNPACKING pc=0x00007f93f5047233 sp=0x00007f940dccc720 mode 0
Event: 7.577 Thread 0x00007f940400a000 DEOPT PACKING pc=0x00007f93f539af10 sp=0x00007f940dccc8e0
Event: 7.577 Thread 0x00007f940400a000 DEOPT UNPACKING pc=0x00007f93f5047233 sp=0x00007f940dccc620 mode 0
Event: 13.162 Thread 0x00007f940400a000 DEOPT PACKING pc=0x00007f93f5613582 sp=0x00007f940dcccc20
Event: 13.317 Thread 0x00007f940400a000 DEOPT UNPACKING pc=0x00007f93f5047233 sp=0x00007f940dccca70 mode 0
Event: 13.478 Executing VM operation: ParallelGCFailedAllocation


Dynamic libraries:
00400000-00401000 r-xp 00000000 08:03 1572315                            /opt/java/jdk1.8.0_45/bin/java
00600000-00601000 rw-p 00000000 08:03 1572315                            /opt/java/jdk1.8.0_45/bin/java
018b8000-018d9000 rw-p 00000000 00:00 0                                  [heap]
c0000000-c2980000 rw-p 00000000 00:00 0 
c2980000-eab00000 ---p 00000000 00:00 0 
eab00000-efa00000 rw-p 00000000 00:00 0 
f3f00000-100000000 ---p 00000000 00:00 0 
100000000-1000a0000 rw-p 00000000 00:00 0 
1000a0000-140000000 ---p 00000000 00:00 0 
7f93b8000000-7f93b8021000 rw-p 00000000 00:00 0 
7f93b8021000-7f93bc000000 ---p 00000000 00:00 0 
7f93c0000000-7f93c0920000 rw-p 00000000 00:00 0 
7f93c0920000-7f93c4000000 ---p 00000000 00:00 0 
7f93c4000000-7f93c4021000 rw-p 00000000 00:00 0 
7f93c4021000-7f93c8000000 ---p 00000000 00:00 0 
7f93c8000000-7f93c880f000 rw-p 00000000 00:00 0 
7f93c880f000-7f93cc000000 ---p 00000000 00:00 0 
7f93cc000000-7f93cc7fb000 rw-p 00000000 00:00 0 
7f93cc7fb000-7f93d0000000 ---p 00000000 00:00 0 
7f93d0000000-7f93d0021000 rw-p 00000000 00:00 0 
7f93d0021000-7f93d4000000 ---p 00000000 00:00 0 
7f93d4000000-7f93d4021000 rw-p 00000000 00:00 0 
7f93d4021000-7f93d8000000 ---p 00000000 00:00 0 
7f93d8000000-7f93d828a000 rw-p 00000000 00:00 0 
7f93d828a000-7f93dc000000 ---p 00000000 00:00 0 
7f93dc000000-7f93dc021000 rw-p 00000000 00:00 0 
7f93dc021000-7f93e0000000 ---p 00000000 00:00 0 
7f93e0000000-7f93e0021000 rw-p 00000000 00:00 0 
7f93e0021000-7f93e4000000 ---p 00000000 00:00 0 
7f93e4000000-7f93e4021000 rw-p 00000000 00:00 0 
7f93e4021000-7f93e8000000 ---p 00000000 00:00 0 
7f93e8000000-7f93e8021000 rw-p 00000000 00:00 0 
7f93e8021000-7f93ec000000 ---p 00000000 00:00 0 
7f93eea24000-7f93eea25000 ---p 00000000 00:00 0 
7f93eea25000-7f93eeb25000 rw-p 00000000 00:00 0                          [stack:8025]
7f93eeb25000-7f93eeb28000 ---p 00000000 00:00 0 
7f93eeb28000-7f93eec26000 rw-p 00000000 00:00 0                          [stack:8024]
7f93eec26000-7f93eec29000 ---p 00000000 00:00 0 
7f93eec29000-7f93eed27000 rw-p 00000000 00:00 0                          [stack:8023]
7f93eed27000-7f93eed2a000 ---p 00000000 00:00 0 
7f93eed2a000-7f93eee28000 rw-p 00000000 00:00 0                          [stack:8022]
7f93eee28000-7f93eee2b000 ---p 00000000 00:00 0 
7f93eee2b000-7f93eef29000 rw-p 00000000 00:00 0                          [stack:8021]
7f93eef29000-7f93eef2c000 ---p 00000000 00:00 0 
7f93eef2c000-7f93ef02a000 rw-p 00000000 00:00 0                          [stack:8020]
7f93ef02a000-7f93ef2f3000 r--p 00000000 08:03 266989                     /usr/lib/locale/locale-archive
7f93ef2f3000-7f93ef2f6000 ---p 00000000 00:00 0 
7f93ef2f6000-7f93ef3f4000 rw-p 00000000 00:00 0                          [stack:8019]
7f93ef3f4000-7f93ef3f7000 ---p 00000000 00:00 0 
7f93ef3f7000-7f93ef4f5000 rw-p 00000000 00:00 0                          [stack:8018]
7f93ef4f5000-7f93ef4f6000 ---p 00000000 00:00 0 
7f93ef4f6000-7f93f0000000 rw-p 00000000 00:00 0                          [stack:8017]
7f93f0000000-7f93f0021000 rw-p 00000000 00:00 0 
7f93f0021000-7f93f4000000 ---p 00000000 00:00 0 
7f93f4034000-7f93f4049000 r--s 00080000 00:19 11273378                   /home/mike/AndroidStudioProjects/Wordist/app/build/intermediates/exploded-aar/com.google.android.gms/play-services-games/7.5.0/jars/classes.jar
7f93f4049000-7f93f45b1000 rw-p 00000000 00:00 0 
7f93f45b1000-7f93f478a000 r--s 03d09000 08:03 1573810                    /opt/java/jdk1.8.0_45/jre/lib/rt.jar
7f93f478a000-7f93f4e80000 rw-p 00000000 00:00 0 
7f93f4e80000-7f93f5000000 ---p 00000000 00:00 0 
7f93f5000000-7f93f5780000 rwxp 00000000 00:00 0 
7f93f5780000-7f9404000000 ---p 00000000 00:00 0 
7f9404000000-7f9404388000 rw-p 00000000 00:00 0 
7f9404388000-7f9408000000 ---p 00000000 00:00 0 
7f9408002000-7f9408011000 r--s 000dd000 00:19 9438599                    /home/mike/Android/Sdk/build-tools/22.0.1/lib/dx.jar
7f9408011000-7f940a253000 rw-p 00000000 00:00 0 
7f940a253000-7f940a254000 ---p 00000000 00:00 0 
7f940a254000-7f940a354000 rw-p 00000000 00:00 0                          [stack:8016]
7f940a354000-7f940a355000 ---p 00000000 00:00 0 
7f940a355000-7f940a455000 rw-p 00000000 00:00 0                          [stack:8015]
7f940a455000-7f940a456000 ---p 00000000 00:00 0 
7f940a456000-7f940a556000 rw-p 00000000 00:00 0                          [stack:8014]
7f940a556000-7f940a557000 ---p 00000000 00:00 0 
7f940a557000-7f940a66c000 rw-p 00000000 00:00 0                          [stack:8013]
7f940a66c000-7f940a7ad000 ---p 00000000 00:00 0 
7f940a7ad000-7f940a7c2000 rw-p 00000000 00:00 0 
7f940a7c2000-7f940a902000 ---p 00000000 00:00 0 
7f940a902000-7f940a92a000 rw-p 00000000 00:00 0 
7f940a92a000-7f940a9ad000 ---p 00000000 00:00 0 
7f940a9ad000-7f940a9cc000 rw-p 00000000 00:00 0 
7f940a9cc000-7f940ad6e000 ---p 00000000 00:00 0 
7f940ad6e000-7f940ad88000 r-xp 00000000 08:03 1574049                    /opt/java/jdk1.8.0_45/jre/lib/amd64/libzip.so
7f940ad88000-7f940af88000 ---p 0001a000 08:03 1574049                    /opt/java/jdk1.8.0_45/jre/lib/amd64/libzip.so
7f940af88000-7f940af89000 rw-p 0001a000 08:03 1574049                    /opt/java/jdk1.8.0_45/jre/lib/amd64/libzip.so
7f940af89000-7f940af94000 r-xp 00000000 08:03 131807                     /lib/x86_64-linux-gnu/libnss_files-2.19.so
7f940af94000-7f940b193000 ---p 0000b000 08:03 131807                     /lib/x86_64-linux-gnu/libnss_files-2.19.so
7f940b193000-7f940b194000 r--p 0000a000 08:03 131807                     /lib/x86_64-linux-gnu/libnss_files-2.19.so
7f940b194000-7f940b195000 rw-p 0000b000 08:03 131807                     /lib/x86_64-linux-gnu/libnss_files-2.19.so
7f940b195000-7f940b1a0000 r-xp 00000000 08:03 131871                     /lib/x86_64-linux-gnu/libnss_nis-2.19.so
7f940b1a0000-7f940b39f000 ---p 0000b000 08:03 131871                     /lib/x86_64-linux-gnu/libnss_nis-2.19.so
7f940b39f000-7f940b3a0000 r--p 0000a000 08:03 131871                     /lib/x86_64-linux-gnu/libnss_nis-2.19.so
7f940b3a0000-7f940b3a1000 rw-p 0000b000 08:03 131871                     /lib/x86_64-linux-gnu/libnss_nis-2.19.so
7f940b3a1000-7f940b3b8000 r-xp 00000000 08:03 131829                     /lib/x86_64-linux-gnu/libnsl-2.19.so
7f940b3b8000-7f940b5b7000 ---p 00017000 08:03 131829                     /lib/x86_64-linux-gnu/libnsl-2.19.so
7f940b5b7000-7f940b5b8000 r--p 00016000 08:03 131829                     /lib/x86_64-linux-gnu/libnsl-2.19.so
7f940b5b8000-7f940b5b9000 rw-p 00017000 08:03 131829                     /lib/x86_64-linux-gnu/libnsl-2.19.so
7f940b5b9000-7f940b5bb000 rw-p 00000000 00:00 0 
7f940b5bb000-7f940b5c4000 r-xp 00000000 08:03 131828                     /lib/x86_64-linux-gnu/libnss_compat-2.19.so
7f940b5c4000-7f940b7c3000 ---p 00009000 08:03 131828                     /lib/x86_64-linux-gnu/libnss_compat-2.19.so
7f940b7c3000-7f940b7c4000 r--p 00008000 08:03 131828                     /lib/x86_64-linux-gnu/libnss_compat-2.19.so
7f940b7c4000-7f940b7c5000 rw-p 00009000 08:03 131828                     /lib/x86_64-linux-gnu/libnss_compat-2.19.so
7f940b7c5000-7f940b7ef000 r-xp 00000000 08:03 1574040                    /opt/java/jdk1.8.0_45/jre/lib/amd64/libjava.so
7f940b7ef000-7f940b9ef000 ---p 0002a000 08:03 1574040                    /opt/java/jdk1.8.0_45/jre/lib/amd64/libjava.so
7f940b9ef000-7f940b9f1000 rw-p 0002a000 08:03 1574040                    /opt/java/jdk1.8.0_45/jre/lib/amd64/libjava.so
7f940b9f1000-7f940b9fe000 r-xp 00000000 08:03 1574047                    /opt/java/jdk1.8.0_45/jre/lib/amd64/libverify.so
7f940b9fe000-7f940bbfe000 ---p 0000d000 08:03 1574047                    /opt/java/jdk1.8.0_45/jre/lib/amd64/libverify.so
7f940bbfe000-7f940bc00000 rw-p 0000d000 08:03 1574047                    /opt/java/jdk1.8.0_45/jre/lib/amd64/libverify.so
7f940bc00000-7f940bc07000 r-xp 00000000 08:03 131868                     /lib/x86_64-linux-gnu/librt-2.19.so
7f940bc07000-7f940be06000 ---p 00007000 08:03 131868                     /lib/x86_64-linux-gnu/librt-2.19.so
7f940be06000-7f940be07000 r--p 00006000 08:03 131868                     /lib/x86_64-linux-gnu/librt-2.19.so
7f940be07000-7f940be08000 rw-p 00007000 08:03 131868                     /lib/x86_64-linux-gnu/librt-2.19.so
7f940be08000-7f940bf0d000 r-xp 00000000 08:03 131806                     /lib/x86_64-linux-gnu/libm-2.19.so
7f940bf0d000-7f940c10c000 ---p 00105000 08:03 131806                     /lib/x86_64-linux-gnu/libm-2.19.so
7f940c10c000-7f940c10d000 r--p 00104000 08:03 131806                     /lib/x86_64-linux-gnu/libm-2.19.so
7f940c10d000-7f940c10e000 rw-p 00105000 08:03 131806                     /lib/x86_64-linux-gnu/libm-2.19.so
7f940c10e000-7f940cdbc000 r-xp 00000000 08:03 1574060                    /opt/java/jdk1.8.0_45/jre/lib/amd64/server/libjvm.so
7f940cdbc000-7f940cfbb000 ---p 00cae000 08:03 1574060                    /opt/java/jdk1.8.0_45/jre/lib/amd64/server/libjvm.so
7f940cfbb000-7f940d092000 rw-p 00cad000 08:03 1574060                    /opt/java/jdk1.8.0_45/jre/lib/amd64/server/libjvm.so
7f940d092000-7f940d0d6000 rw-p 00000000 00:00 0 
7f940d0d6000-7f940d291000 r-xp 00000000 08:03 131857                     /lib/x86_64-linux-gnu/libc-2.19.so
7f940d291000-7f940d490000 ---p 001bb000 08:03 131857                     /lib/x86_64-linux-gnu/libc-2.19.so
7f940d490000-7f940d494000 r--p 001ba000 08:03 131857                     /lib/x86_64-linux-gnu/libc-2.19.so
7f940d494000-7f940d496000 rw-p 001be000 08:03 131857                     /lib/x86_64-linux-gnu/libc-2.19.so
7f940d496000-7f940d49b000 rw-p 00000000 00:00 0 
7f940d49b000-7f940d49e000 r-xp 00000000 08:03 131810                     /lib/x86_64-linux-gnu/libdl-2.19.so
7f940d49e000-7f940d69d000 ---p 00003000 08:03 131810                     /lib/x86_64-linux-gnu/libdl-2.19.so
7f940d69d000-7f940d69e000 r--p 00002000 08:03 131810                     /lib/x86_64-linux-gnu/libdl-2.19.so
7f940d69e000-7f940d69f000 rw-p 00003000 08:03 131810                     /lib/x86_64-linux-gnu/libdl-2.19.so
7f940d69f000-7f940d6b4000 r-xp 00000000 08:03 1573749                    /opt/java/jdk1.8.0_45/lib/amd64/jli/libjli.so
7f940d6b4000-7f940d8b4000 ---p 00015000 08:03 1573749                    /opt/java/jdk1.8.0_45/lib/amd64/jli/libjli.so
7f940d8b4000-7f940d8b5000 rw-p 00015000 08:03 1573749                    /opt/java/jdk1.8.0_45/lib/amd64/jli/libjli.so
7f940d8b5000-7f940d8ce000 r-xp 00000000 08:03 131858                     /lib/x86_64-linux-gnu/libpthread-2.19.so
7f940d8ce000-7f940dacd000 ---p 00019000 08:03 131858                     /lib/x86_64-linux-gnu/libpthread-2.19.so
7f940dacd000-7f940dace000 r--p 00018000 08:03 131858                     /lib/x86_64-linux-gnu/libpthread-2.19.so
7f940dace000-7f940dacf000 rw-p 00019000 08:03 131858                     /lib/x86_64-linux-gnu/libpthread-2.19.so
7f940dacf000-7f940dad3000 rw-p 00000000 00:00 0 
7f940dad3000-7f940daf6000 r-xp 00000000 08:03 131833                     /lib/x86_64-linux-gnu/ld-2.19.so
7f940dafc000-7f940dbce000 rw-p 00000000 00:00 0 
7f940dbce000-7f940dbd1000 ---p 00000000 00:00 0 
7f940dbd1000-7f940dcd4000 rw-p 00000000 00:00 0                          [stack:8010]
7f940dcd4000-7f940dcd5000 r--p 00000000 08:03 672594                     /usr/share/locale-langpack/en_GB/LC_MESSAGES/libc.mo
7f940dcd5000-7f940dce9000 rw-p 00000000 00:00 0 
7f940dce9000-7f940dcf1000 rw-s 00000000 08:03 1574102                    /tmp/hsperfdata_mike/8008
7f940dcf1000-7f940dcf2000 rw-p 00000000 00:00 0 
7f940dcf2000-7f940dcf3000 ---p 00000000 00:00 0 
7f940dcf3000-7f940dcf5000 rw-p 00000000 00:00 0 
7f940dcf5000-7f940dcf6000 r--p 00022000 08:03 131833                     /lib/x86_64-linux-gnu/ld-2.19.so
7f940dcf6000-7f940dcf7000 rw-p 00023000 08:03 131833                     /lib/x86_64-linux-gnu/ld-2.19.so
7f940dcf7000-7f940dcf8000 rw-p 00000000 00:00 0 
7fffb798a000-7fffb79ab000 rw-p 00000000 00:00 0                          [stack]
7fffb79fe000-7fffb7a00000 r-xp 00000000 00:00 0                          [vdso]
ffffffffff600000-ffffffffff601000 r-xp 00000000 00:00 0                  [vsyscall]

VM Arguments:
jvm_args: -Xmx1024M -Dfile.encoding=UTF-8 -Duser.country=GB -Duser.language=en -Duser.variant 
java_command: com.android.dx.command.Main --dex --output /home/mike/AndroidStudioProjects/Wordist/app/build/intermediates/pre-dexed/debug/classes-ea91d3f4f8fe670d5667e4b1333ae536d248963f.jar /home/mike/AndroidStudioProjects/Wordist/app/build/intermediates/exploded-aar/com.google.android.gms/play-services-games/7.5.0/jars/classes.jar
java_class_path (initial): /home/mike/Android/Sdk/build-tools/22.0.1/lib/dx.jar
Launcher Type: SUN_STANDARD

Environment Variables:
PATH=/usr/local/sbin:/usr/local/bin:/usr/sbin:/usr/bin:/sbin:/bin:/usr/games:/usr/local/games
USERNAME=mike
LD_LIBRARY_PATH=/opt/android-studio/bin:
SHELL=/bin/bash
DISPLAY=:0

Signal Handlers:
SIGSEGV: [libjvm.so+0xaad1e0], sa_mask[0]=11111111011111111101111111111110, sa_flags=SA_RESTART|SA_SIGINFO
SIGBUS: [libjvm.so+0xaad1e0], sa_mask[0]=11111111011111111101111111111110, sa_flags=SA_RESTART|SA_SIGINFO
SIGFPE: [libjvm.so+0x90b450], sa_mask[0]=11111111011111111101111111111110, sa_flags=SA_RESTART|SA_SIGINFO
SIGPIPE: [libjvm.so+0x90b450], sa_mask[0]=11111111011111111101111111111110, sa_flags=SA_RESTART|SA_SIGINFO
SIGXFSZ: [libjvm.so+0x90b450], sa_mask[0]=11111111011111111101111111111110, sa_flags=SA_RESTART|SA_SIGINFO
SIGILL: [libjvm.so+0x90b450], sa_mask[0]=11111111011111111101111111111110, sa_flags=SA_RESTART|SA_SIGINFO
SIGUSR1: SIG_DFL, sa_mask[0]=00000000000000000000000000000000, sa_flags=none
SIGUSR2: [libjvm.so+0x90ca90], sa_mask[0]=00100000000000000000000000000000, sa_flags=SA_RESTART|SA_SIGINFO
SIGHUP: [libjvm.so+0x90dde0], sa_mask[0]=11111111011111111101111111111110, sa_flags=SA_RESTART|SA_SIGINFO
SIGINT: [libjvm.so+0x90dde0], sa_mask[0]=11111111011111111101111111111110, sa_flags=SA_RESTART|SA_SIGINFO
SIGTERM: [libjvm.so+0x90dde0], sa_mask[0]=11111111011111111101111111111110, sa_flags=SA_RESTART|SA_SIGINFO
SIGQUIT: [libjvm.so+0x90dde0], sa_mask[0]=11111111011111111101111111111110, sa_flags=SA_RESTART|SA_SIGINFO


---------------  S Y S T E M  ---------------

OS:DISTRIB_ID=LinuxMint
DISTRIB_RELEASE=17.2
DISTRIB_CODENAME=rafaela
DISTRIB_DESCRIPTION="Linux Mint 17.2 Rafaela"

uname:Linux 3.13.0-37-generic #64-Ubuntu SMP Mon Sep 22 21:28:38 UTC 2014 x86_64
libc:glibc 2.19 NPTL 2.19 
rlimit: STACK 8192k, CORE 0k, NPROC 30882, NOFILE 4096, AS infinity
load average:16.60 4.93 2.22

/proc/meminfo:
MemTotal:        4048044 kB
MemFree:          404644 kB
Buffers:             892 kB
Cached:            67980 kB
SwapCached:            0 kB
Active:          3231960 kB
Inactive:          64796 kB
Active(anon):    3230492 kB
Inactive(anon):    38380 kB
Active(file):       1468 kB
Inactive(file):    26416 kB
Unevictable:         232 kB
Mlocked:             232 kB
SwapTotal:             0 kB
SwapFree:              0 kB
Dirty:                80 kB
Writeback:             0 kB
AnonPages:       3230508 kB
Mapped:           163324 kB
Shmem:             40644 kB
Slab:              79380 kB
SReclaimable:      26708 kB
SUnreclaim:        52672 kB
KernelStack:        5360 kB
PageTables:        32572 kB
NFS_Unstable:          0 kB
Bounce:                0 kB
WritebackTmp:          0 kB
CommitLimit:     2024020 kB
Committed_AS:    5863692 kB
VmallocTotal:   34359738367 kB
VmallocUsed:      305680 kB
VmallocChunk:   34359428348 kB
HardwareCorrupted:     0 kB
AnonHugePages:   1597440 kB
HugePages_Total:       0
HugePages_Free:        0
HugePages_Rsvd:        0
HugePages_Surp:        0
Hugepagesize:       2048 kB
DirectMap4k:      163392 kB
DirectMap2M:     2981888 kB
DirectMap1G:     1048576 kB


CPU:total 4 (4 cores per cpu, 1 threads per core) family 16 model 4 stepping 2, cmov, cx8, fxsr, mmx, sse, sse2, sse3, popcnt, mmxext, 3dnowpref, lzcnt, sse4a, tsc, tscinvbit, tscinv

/proc/cpuinfo:
processor	: 0
vendor_id	: AuthenticAMD
cpu family	: 16
model		: 4
model name	: AMD Phenom(tm) II X4 955 Processor
stepping	: 2
microcode	: 0x1000086
cpu MHz		: 3200.000
cache size	: 512 KB
physical id	: 0
siblings	: 4
core id		: 0
cpu cores	: 4
apicid		: 0
initial apicid	: 0
fpu		: yes
fpu_exception	: yes
cpuid level	: 5
wp		: yes
flags		: fpu vme de pse tsc msr pae mce cx8 apic sep mtrr pge mca cmov pat pse36 clflush mmx fxsr sse sse2 ht syscall nx mmxext fxsr_opt pdpe1gb rdtscp lm 3dnowext 3dnow constant_tsc rep_good nopl nonstop_tsc extd_apicid pni monitor cx16 popcnt lahf_lm cmp_legacy svm extapic cr8_legacy abm sse4a misalignsse 3dnowprefetch osvw ibs skinit wdt hw_pstate npt lbrv svm_lock nrip_save
bogomips	: 6400.02
TLB size	: 1024 4K pages
clflush size	: 64
cache_alignment	: 64
address sizes	: 48 bits physical, 48 bits virtual
power management: ts ttp tm stc 100mhzsteps hwpstate

processor	: 1
vendor_id	: AuthenticAMD
cpu family	: 16
model		: 4
model name	: AMD Phenom(tm) II X4 955 Processor
stepping	: 2
microcode	: 0x1000086
cpu MHz		: 3200.000
cache size	: 512 KB
physical id	: 0
siblings	: 4
core id		: 1
cpu cores	: 4
apicid		: 1
initial apicid	: 1
fpu		: yes
fpu_exception	: yes
cpuid level	: 5
wp		: yes
flags		: fpu vme de pse tsc msr pae mce cx8 apic sep mtrr pge mca cmov pat pse36 clflush mmx fxsr sse sse2 ht syscall nx mmxext fxsr_opt pdpe1gb rdtscp lm 3dnowext 3dnow constant_tsc rep_good nopl nonstop_tsc extd_apicid pni monitor cx16 popcnt lahf_lm cmp_legacy svm extapic cr8_legacy abm sse4a misalignsse 3dnowprefetch osvw ibs skinit wdt hw_pstate npt lbrv svm_lock nrip_save
bogomips	: 6400.02
TLB size	: 1024 4K pages
clflush size	: 64
cache_alignment	: 64
address sizes	: 48 bits physical, 48 bits virtual
power management: ts ttp tm stc 100mhzsteps hwpstate

processor	: 2
vendor_id	: AuthenticAMD
cpu family	: 16
model		: 4
model name	: AMD Phenom(tm) II X4 955 Processor
stepping	: 2
microcode	: 0x1000086
cpu MHz		: 3200.000
cache size	: 512 KB
physical id	: 0
siblings	: 4
core id		: 2
cpu cores	: 4
apicid		: 2
initial apicid	: 2
fpu		: yes
fpu_exception	: yes
cpuid level	: 5
wp		: yes
flags		: fpu vme de pse tsc msr pae mce cx8 apic sep mtrr pge mca cmov pat pse36 clflush mmx fxsr sse sse2 ht syscall nx mmxext fxsr_opt pdpe1gb rdtscp lm 3dnowext 3dnow constant_tsc rep_good nopl nonstop_tsc extd_apicid pni monitor cx16 popcnt lahf_lm cmp_legacy svm extapic cr8_legacy abm sse4a misalignsse 3dnowprefetch osvw ibs skinit wdt hw_pstate npt lbrv svm_lock nrip_save
bogomips	: 6400.02
TLB size	: 1024 4K pages
clflush size	: 64
cache_alignment	: 64
address sizes	: 48 bits physical, 48 bits virtual
power management: ts ttp tm stc 100mhzsteps hwpstate

processor	: 3
vendor_id	: AuthenticAMD
cpu family	: 16
model		: 4
model name	: AMD Phenom(tm) II X4 955 Processor
stepping	: 2
microcode	: 0x1000086
cpu MHz		: 3200.000
cache size	: 512 KB
physical id	: 0
siblings	: 4
core id		: 3
cpu cores	: 4
apicid		: 3
initial apicid	: 3
fpu		: yes
fpu_exception	: yes
cpuid level	: 5
wp		: yes
flags		: fpu vme de pse tsc msr pae mce cx8 apic sep mtrr pge mca cmov pat pse36 clflush mmx fxsr sse sse2 ht syscall nx mmxext fxsr_opt pdpe1gb rdtscp lm 3dnowext 3dnow constant_tsc rep_good nopl nonstop_tsc extd_apicid pni monitor cx16 popcnt lahf_lm cmp_legacy svm extapic cr8_legacy abm sse4a misalignsse 3dnowprefetch osvw ibs skinit wdt hw_pstate npt lbrv svm_lock nrip_save
bogomips	: 6400.02
TLB size	: 1024 4K pages
clflush size	: 64
cache_alignment	: 64
address sizes	: 48 bits physical, 48 bits virtual
power management: ts ttp tm stc 100mhzsteps hwpstate



Memory: 4k page, physical 4048044k(397024k free), swap 0k(0k free)

vm_info: Java HotSpot(TM) 64-Bit Server VM (25.45-b02) for linux-amd64 JRE (1.8.0_45-b14), built on Apr 10 2015 10:07:45 by "java_re" with gcc 4.3.0 20080428 (Red Hat 4.3.0-8)

time: Thu Aug  6 16:41:13 2015
elapsed time: 22 seconds (0d 0h 0m 22s)

