#
# There is insufficient memory for the Java Runtime Environment to continue.
# Native memory allocation (mmap) failed to map 79167488 bytes for committing reserved memory.
# Possible reasons:
#   The system is out of physical RAM or swap space
#   In 32 bit mode, the process size limit was hit
# Possible solutions:
#   Reduce memory load on the system
#   Increase physical memory or swap space
#   Check if swap backing store is full
#   Use 64 bit Java on a 64 bit OS
#   Decrease Java heap size (-Xmx/-Xms)
#   Decrease number of Java threads
#   Decrease Java thread stack sizes (-Xss)
#   Set larger code cache with -XX:ReservedCodeCacheSize=
# This output file may be truncated or incomplete.
#
#  Out of Memory Error (os_linux.cpp:2673), pid=7512, tid=140208402069248
#
# JRE version: Java(TM) SE Runtime Environment (8.0_45-b14) (build 1.8.0_45-b14)
# Java VM: Java HotSpot(TM) 64-Bit Server VM (25.45-b02 mixed mode linux-amd64 compressed oops)
# Failed to write core dump. Core dumps have been disabled. To enable core dumping, try "ulimit -c unlimited" before starting Java again
#

---------------  T H R E A D  ---------------

Current thread (0x00007f84f0077800):  VMThread [stack: 0x00007f84cfeff000,0x00007f84d0000000] [id=7548]

Stack: [0x00007f84cfeff000,0x00007f84d0000000],  sp=0x00007f84cfffe160,  free space=1020k
Native frames: (J=compiled Java code, j=interpreted, Vv=VM code, C=native code)
V  [libjvm.so+0xaac99a]  VMError::report_and_die()+0x2ba
V  [libjvm.so+0x4f333b]  report_vm_out_of_memory(char const*, int, unsigned long, VMErrorType, char const*)+0x8b
V  [libjvm.so+0x90e7c3]  os::Linux::commit_memory_impl(char*, unsigned long, bool)+0x103
V  [libjvm.so+0x90ed19]  os::pd_commit_memory(char*, unsigned long, unsigned long, bool)+0x29
V  [libjvm.so+0x90867a]  os::commit_memory(char*, unsigned long, unsigned long, bool)+0x2a
V  [libjvm.so+0x97bac3]  PSVirtualSpace::expand_by(unsigned long)+0x53
V  [libjvm.so+0x96c320]  PSOldGen::expand(unsigned long)+0x170
V  [libjvm.so+0x96c52b]  PSOldGen::resize(unsigned long)+0x1cb
V  [libjvm.so+0x974241]  PSParallelCompact::invoke_no_policy(bool)+0x9d1
V  [libjvm.so+0x979bed]  PSScavenge::invoke()+0x1ad
V  [libjvm.so+0x932050]  ParallelScavengeHeap::failed_mem_allocate(unsigned long)+0x70
V  [libjvm.so+0xaae1d7]  VM_ParallelGCFailedAllocation::doit()+0x97
V  [libjvm.so+0xab59c5]  VM_Operation::evaluate()+0x55
V  [libjvm.so+0xab3d9a]  VMThread::evaluate_operation(VM_Operation*)+0xba
V  [libjvm.so+0xab411e]  VMThread::loop()+0x1ce
V  [libjvm.so+0xab4590]  VMThread::run()+0x70
V  [libjvm.so+0x910de8]  java_start(Thread*)+0x108

VM_Operation (0x00007f84f67859d0): ParallelGCFailedAllocation, mode: safepoint, requested by thread 0x00007f84f000a000


---------------  P R O C E S S  ---------------

Java Threads: ( => current thread )
  0x00007f84f00c2000 JavaThread "Service Thread" daemon [_thread_blocked, id=7580, stack(0x00007f84cf52f000,0x00007f84cf630000)]
  0x00007f84f00bd000 JavaThread "C1 CompilerThread2" daemon [_thread_blocked, id=7579, stack(0x00007f84cf630000,0x00007f84cf731000)]
  0x00007f84f00bb800 JavaThread "C2 CompilerThread1" daemon [_thread_blocked, id=7578, stack(0x00007f84cf731000,0x00007f84cf832000)]
  0x00007f84f00b8800 JavaThread "C2 CompilerThread0" daemon [_thread_blocked, id=7572, stack(0x00007f84cf832000,0x00007f84cf933000)]
  0x00007f84f00b7000 JavaThread "Signal Dispatcher" daemon [_thread_blocked, id=7568, stack(0x00007f84cf933000,0x00007f84cfa34000)]
  0x00007f84f007f000 JavaThread "Finalizer" daemon [_thread_blocked, id=7556, stack(0x00007f84cfcfd000,0x00007f84cfdfe000)]
  0x00007f84f007c800 JavaThread "Reference Handler" daemon [_thread_blocked, id=7555, stack(0x00007f84cfdfe000,0x00007f84cfeff000)]
  0x00007f84f000a000 JavaThread "main" [_thread_blocked, id=7527, stack(0x00007f84f6687000,0x00007f84f6788000)]

Other Threads:
=>0x00007f84f0077800 VMThread [stack: 0x00007f84cfeff000,0x00007f84d0000000] [id=7548]
  0x00007f84f00c4800 WatcherThread [stack: 0x00007f84cf42e000,0x00007f84cf52f000] [id=7581]

VM state:at safepoint (normal execution)

VM Mutex/Monitor currently owned by a thread:  ([mutex/lock_event])
[0x00007f84f0005cd0] ExpandHeap_lock - owner thread: 0x00007f84f0077800
[0x00007f84f0006350] Threads_lock - owner thread: 0x00007f84f0077800
[0x00007f84f0006850] Heap_lock - owner thread: 0x00007f84f000a000

Heap:
 PSYoungGen      total 195584K, used 3553K [0x00000000eab00000, 0x00000000fd100000, 0x0000000100000000)
  eden space 144384K, 0% used [0x00000000eab00000,0x00000000eab00000,0x00000000f3800000)
  from space 51200K, 6% used [0x00000000f3800000,0x00000000f3b78718,0x00000000f6a00000)
  to   space 66560K, 0% used [0x00000000f9000000,0x00000000f9000000,0x00000000fd100000)
 ParOldGen       total 105984K, used 105604K [0x00000000c0000000, 0x00000000c6780000, 0x00000000eab00000)
  object space 105984K, 99% used [0x00000000c0000000,0x00000000c6721180,0x00000000c6780000)
 Metaspace       used 6004K, capacity 7152K, committed 7296K, reserved 1056768K
  class space    used 566K, capacity 616K, committed 640K, reserved 1048576K

Card table byte_map: [0x00007f84e01f2000,0x00007f84e03f3000] byte_map_base: 0x00007f84dfbf2000

Marking Bits: (ParMarkBitMap*) 0x00007f84f5b64760
 Begin Bits: [0x00007f84ddc98000, 0x00007f84dec98000)
 End Bits:   [0x00007f84dec98000, 0x00007f84dfc98000)

Polling page: 0x00007f84f67ab000

CodeCache: size=245760Kb used=9532Kb max_used=9551Kb free=236227Kb
 bounds [0x00007f84e07b3000, 0x00007f84e1123000, 0x00007f84ef7b3000]
 total_blobs=2178 nmethods=1915 adapters=178
 compilation: enabled

Compilation events (10 events):
Event: 24.400 Thread 0x00007f84f00b8800 nmethod 2031 0x00007f84e109b290 code [0x00007f84e109b5e0, 0x00007f84e109be80]
Event: 24.400 Thread 0x00007f84f00b8800 2032       4       com.android.dx.ssa.SCCP::run (298 bytes)
Event: 24.483 Thread 0x00007f84f00bd000 2034       3       java.util.HashMap::putVal (300 bytes)
Event: 24.484 Thread 0x00007f84f00bd000 nmethod 2034 0x00007f84e10f2e50 code [0x00007f84e10f30c0, 0x00007f84e10f4358]
Event: 24.643 Thread 0x00007f84f00bb800 nmethod 2001 0x00007f84e10f7dd0 code [0x00007f84e10f80c0, 0x00007f84e10f9cf8]
Event: 24.643 Thread 0x00007f84f00bb800 2035 %     4       com.android.dx.ssa.ConstCollector::getConstsSortedByCountUse @ 27 (386 bytes)
Event: 25.399 Thread 0x00007f84f00b8800 nmethod 2032 0x00007f84e11029d0 code [0x00007f84e1103280, 0x00007f84e1107ed0]
Event: 25.409 Thread 0x00007f84f00b8800 2042   !   4       com.android.dx.rop.code.RegisterSpec::intern (70 bytes)
Event: 25.659 Thread 0x00007f84f00b8800 nmethod 2042 0x00007f84e1111f50 code [0x00007f84e1112280, 0x00007f84e1113f30]
Event: 25.659 Thread 0x00007f84f00b8800 2056       4       com.android.dx.cf.code.BasicBlocker::visitConstant (39 bytes)

GC Heap History (10 events):
Event: 14.522 GC heap after
Heap after GC invocations=12 (full 2):
 PSYoungGen      total 138240K, used 0K [0x00000000eab00000, 0x00000000f8a00000, 0x0000000100000000)
  eden space 118784K, 0% used [0x00000000eab00000,0x00000000eab00000,0x00000000f1f00000)
  from space 19456K, 0% used [0x00000000f1f00000,0x00000000f1f00000,0x00000000f3200000)
  to   space 31744K, 0% used [0x00000000f6b00000,0x00000000f6b00000,0x00000000f8a00000)
 ParOldGen       total 105984K, used 51093K [0x00000000c0000000, 0x00000000c6780000, 0x00000000eab00000)
  object space 105984K, 48% used [0x00000000c0000000,0x00000000c31e55f0,0x00000000c6780000)
 Metaspace       used 5998K, capacity 7152K, committed 7296K, reserved 1056768K
  class space    used 566K, capacity 616K, committed 640K, reserved 1048576K
}
Event: 17.301 GC heap before
{Heap before GC invocations=13 (full 2):
 PSYoungGen      total 138240K, used 118784K [0x00000000eab00000, 0x00000000f8a00000, 0x0000000100000000)
  eden space 118784K, 100% used [0x00000000eab00000,0x00000000f1f00000,0x00000000f1f00000)
  from space 19456K, 0% used [0x00000000f1f00000,0x00000000f1f00000,0x00000000f3200000)
  to   space 31744K, 0% used [0x00000000f6b00000,0x00000000f6b00000,0x00000000f8a00000)
 ParOldGen       total 105984K, used 51093K [0x00000000c0000000, 0x00000000c6780000, 0x00000000eab00000)
  object space 105984K, 48% used [0x00000000c0000000,0x00000000c31e55f0,0x00000000c6780000)
 Metaspace       used 6000K, capacity 7152K, committed 7296K, reserved 1056768K
  class space    used 566K, capacity 616K, committed 640K, reserved 1048576K
Event: 17.341 GC heap after
Heap after GC invocations=13 (full 2):
 PSYoungGen      total 141824K, used 7903K [0x00000000eab00000, 0x00000000f7300000, 0x0000000100000000)
  eden space 133632K, 0% used [0x00000000eab00000,0x00000000eab00000,0x00000000f2d80000)
  from space 8192K, 96% used [0x00000000f6b00000,0x00000000f72b7e30,0x00000000f7300000)
  to   space 30720K, 0% used [0x00000000f3700000,0x00000000f3700000,0x00000000f5500000)
 ParOldGen       total 105984K, used 51093K [0x00000000c0000000, 0x00000000c6780000, 0x00000000eab00000)
  object space 105984K, 48% used [0x00000000c0000000,0x00000000c31e55f0,0x00000000c6780000)
 Metaspace       used 6000K, capacity 7152K, committed 7296K, reserved 1056768K
  class space    used 566K, capacity 616K, committed 640K, reserved 1048576K
}
Event: 19.581 GC heap before
{Heap before GC invocations=14 (full 2):
 PSYoungGen      total 141824K, used 141535K [0x00000000eab00000, 0x00000000f7300000, 0x0000000100000000)
  eden space 133632K, 100% used [0x00000000eab00000,0x00000000f2d80000,0x00000000f2d80000)
  from space 8192K, 96% used [0x00000000f6b00000,0x00000000f72b7e30,0x00000000f7300000)
  to   space 30720K, 0% used [0x00000000f3700000,0x00000000f3700000,0x00000000f5500000)
 ParOldGen       total 105984K, used 51093K [0x00000000c0000000, 0x00000000c6780000, 0x00000000eab00000)
  object space 105984K, 48% used [0x00000000c0000000,0x00000000c31e55f0,0x00000000c6780000)
 Metaspace       used 6003K, capacity 7152K, committed 7296K, reserved 1056768K
  class space    used 566K, capacity 616K, committed 640K, reserved 1048576K
Event: 19.722 GC heap after
Heap after GC invocations=14 (full 2):
 PSYoungGen      total 174080K, used 30699K [0x00000000eab00000, 0x00000000f9600000, 0x0000000100000000)
  eden space 143360K, 0% used [0x00000000eab00000,0x00000000eab00000,0x00000000f3700000)
  from space 30720K, 99% used [0x00000000f3700000,0x00000000f54face0,0x00000000f5500000)
  to   space 45056K, 0% used [0x00000000f6a00000,0x00000000f6a00000,0x00000000f9600000)
 ParOldGen       total 105984K, used 75855K [0x00000000c0000000, 0x00000000c6780000, 0x00000000eab00000)
  object space 105984K, 71% used [0x00000000c0000000,0x00000000c4a13ed8,0x00000000c6780000)
 Metaspace       used 6003K, capacity 7152K, committed 7296K, reserved 1056768K
  class space    used 566K, capacity 616K, committed 640K, reserved 1048576K
}
Event: 23.076 GC heap before
{Heap before GC invocations=15 (full 2):
 PSYoungGen      total 174080K, used 174059K [0x00000000eab00000, 0x00000000f9600000, 0x0000000100000000)
  eden space 143360K, 100% used [0x00000000eab00000,0x00000000f3700000,0x00000000f3700000)
  from space 30720K, 99% used [0x00000000f3700000,0x00000000f54face0,0x00000000f5500000)
  to   space 45056K, 0% used [0x00000000f6a00000,0x00000000f6a00000,0x00000000f9600000)
 ParOldGen       total 105984K, used 75855K [0x00000000c0000000, 0x00000000c6780000, 0x00000000eab00000)
  object space 105984K, 71% used [0x00000000c0000000,0x00000000c4a13ed8,0x00000000c6780000)
 Metaspace       used 6004K, capacity 7152K, committed 7296K, reserved 1056768K
  class space    used 566K, capacity 616K, committed 640K, reserved 1048576K
Event: 23.334 GC heap after
Heap after GC invocations=15 (full 2):
 PSYoungGen      total 189440K, used 41163K [0x00000000eab00000, 0x00000000fae00000, 0x0000000100000000)
  eden space 144384K, 0% used [0x00000000eab00000,0x00000000eab00000,0x00000000f3800000)
  from space 45056K, 91% used [0x00000000f6a00000,0x00000000f9232e40,0x00000000f9600000)
  to   space 51200K, 0% used [0x00000000f3800000,0x00000000f3800000,0x00000000f6a00000)
 ParOldGen       total 105984K, used 79965K [0x00000000c0000000, 0x00000000c6780000, 0x00000000eab00000)
  object space 105984K, 75% used [0x00000000c0000000,0x00000000c4e17448,0x00000000c6780000)
 Metaspace       used 6004K, capacity 7152K, committed 7296K, reserved 1056768K
  class space    used 566K, capacity 616K, committed 640K, reserved 1048576K
}
Event: 25.702 GC heap before
{Heap before GC invocations=16 (full 2):
 PSYoungGen      total 189440K, used 185547K [0x00000000eab00000, 0x00000000fae00000, 0x0000000100000000)
  eden space 144384K, 100% used [0x00000000eab00000,0x00000000f3800000,0x00000000f3800000)
  from space 45056K, 91% used [0x00000000f6a00000,0x00000000f9232e40,0x00000000f9600000)
  to   space 51200K, 0% used [0x00000000f3800000,0x00000000f3800000,0x00000000f6a00000)
 ParOldGen       total 105984K, used 79965K [0x00000000c0000000, 0x00000000c6780000, 0x00000000eab00000)
  object space 105984K, 75% used [0x00000000c0000000,0x00000000c4e17448,0x00000000c6780000)
 Metaspace       used 6004K, capacity 7152K, committed 7296K, reserved 1056768K
  class space    used 566K, capacity 616K, committed 640K, reserved 1048576K
Event: 26.046 GC heap after
Heap after GC invocations=16 (full 2):
 PSYoungGen      total 195584K, used 51176K [0x00000000eab00000, 0x00000000fd100000, 0x0000000100000000)
  eden space 144384K, 0% used [0x00000000eab00000,0x00000000eab00000,0x00000000f3800000)
  from space 51200K, 99% used [0x00000000f3800000,0x00000000f69fa170,0x00000000f6a00000)
  to   space 66560K, 0% used [0x00000000f9000000,0x00000000f9000000,0x00000000fd100000)
 ParOldGen       total 105984K, used 97801K [0x00000000c0000000, 0x00000000c6780000, 0x00000000eab00000)
  object space 105984K, 92% used [0x00000000c0000000,0x00000000c5f82568,0x00000000c6780000)
 Metaspace       used 6004K, capacity 7152K, committed 7296K, reserved 1056768K
  class space    used 566K, capacity 616K, committed 640K, reserved 1048576K
}
Event: 26.052 GC heap before
{Heap before GC invocations=17 (full 3):
 PSYoungGen      total 195584K, used 51176K [0x00000000eab00000, 0x00000000fd100000, 0x0000000100000000)
  eden space 144384K, 0% used [0x00000000eab00000,0x00000000eab00000,0x00000000f3800000)
  from space 51200K, 99% used [0x00000000f3800000,0x00000000f69fa170,0x00000000f6a00000)
  to   space 66560K, 0% used [0x00000000f9000000,0x00000000f9000000,0x00000000fd100000)
 ParOldGen       total 105984K, used 97801K [0x00000000c0000000, 0x00000000c6780000, 0x00000000eab00000)
  object space 105984K, 92% used [0x00000000c0000000,0x00000000c5f82568,0x00000000c6780000)
 Metaspace       used 6004K, capacity 7152K, committed 7296K, reserved 1056768K
  class space    used 566K, capacity 616K, committed 640K, reserved 1048576K

Deoptimization events (10 events):
Event: 6.439 Thread 0x00007f84f000a000 Uncommon trap: reason=speculate_class_check action=maybe_recompile pc=0x00007f84e0e30f20 method=com.android.dx.rop.cst.TypedConstant.getBasicType()I @ 1
Event: 9.685 Thread 0x00007f84f000a000 Uncommon trap: reason=unstable_if action=reinterpret pc=0x00007f84e0ba2724 method=com.android.dx.ssa.SetFactory.makeLivenessSet(I)Lcom/android/dx/util/IntSet; @ 4
Event: 9.685 Thread 0x00007f84f000a000 Uncommon trap: reason=unstable_if action=reinterpret pc=0x00007f84e0b787a4 method=com.android.dx.ssa.SetFactory.makeLivenessSet(I)Lcom/android/dx/util/IntSet; @ 4
Event: 9.719 Thread 0x00007f84f000a000 Uncommon trap: reason=class_check action=maybe_recompile pc=0x00007f84e0b8ccbc method=com.android.dx.ssa.back.InterferenceGraph.add(II)V @ 19
Event: 9.719 Thread 0x00007f84f000a000 Uncommon trap: reason=class_check action=maybe_recompile pc=0x00007f84e0b8ccbc method=com.android.dx.ssa.back.InterferenceGraph.add(II)V @ 19
Event: 9.719 Thread 0x00007f84f000a000 Uncommon trap: reason=class_check action=maybe_recompile pc=0x00007f84e0b8ccbc method=com.android.dx.ssa.back.InterferenceGraph.add(II)V @ 19
Event: 9.720 Thread 0x00007f84f000a000 Uncommon trap: reason=class_check action=maybe_recompile pc=0x00007f84e0b8ccbc method=com.android.dx.ssa.back.InterferenceGraph.add(II)V @ 19
Event: 17.351 Thread 0x00007f84f000a000 Uncommon trap: reason=bimorphic action=maybe_recompile pc=0x00007f84e0ecf4b0 method=com.android.dx.cf.code.BytecodeArray.parseInstruction(ILcom/android/dx/cf/code/BytecodeArray$Visitor;)I @ 2484
Event: 17.351 Thread 0x00007f84f000a000 Uncommon trap: reason=bimorphic action=maybe_recompile pc=0x00007f84e0ecf4b0 method=com.android.dx.cf.code.BytecodeArray.parseInstruction(ILcom/android/dx/cf/code/BytecodeArray$Visitor;)I @ 2484
Event: 20.050 Thread 0x00007f84f000a000 Uncommon trap: reason=class_check action=maybe_recompile pc=0x00007f84e0f54d48 method=com.android.dx.cf.code.RopperMachine.run(Lcom/android/dx/cf/code/Frame;II)V @ 1024

Internal exceptions (6 events):
Event: 0.116 Thread 0x00007f84f000a000 Exception <a 'java/lang/NoSuchMethodError': Method sun.misc.Unsafe.defineClass(Ljava/lang/String;[BII)Ljava/lang/Class; name or signature does not match> (0x00000000eab12a38) thrown at [/RE-WORK/workspace/8-2-build-linux-amd64/jdk8u45/3457/hotspot/src/sha
Event: 0.116 Thread 0x00007f84f000a000 Exception <a 'java/lang/NoSuchMethodError': Method sun.misc.Unsafe.prefetchRead(Ljava/lang/Object;J)V name or signature does not match> (0x00000000eab12cc8) thrown at [/RE-WORK/workspace/8-2-build-linux-amd64/jdk8u45/3457/hotspot/src/share/vm/prims/jni.cp
Event: 2.172 Thread 0x00007f84f000a000 Implicit null exception at 0x00007f84e0b3b7a2 to 0x00007f84e0b3b842
Event: 5.900 Thread 0x00007f84f000a000 Exception <a 'java/lang/ArrayIndexOutOfBoundsException': 18> (0x00000000ed578558) thrown at [/RE-WORK/workspace/8-2-build-linux-amd64/jdk8u45/3457/hotspot/src/share/vm/interpreter/interpreterRuntime.cpp, line 366]
Event: 5.901 Thread 0x00007f84f000a000 Exception <a 'java/lang/ArrayIndexOutOfBoundsException'> (0x00000000ed57a028) thrown at [/RE-WORK/workspace/8-2-build-linux-amd64/jdk8u45/3457/hotspot/src/share/vm/runtime/sharedRuntime.cpp, line 605]
Event: 5.902 Thread 0x00007f84f000a000 Exception <a 'java/lang/ArrayIndexOutOfBoundsException'> (0x00000000ed57b260) thrown at [/RE-WORK/workspace/8-2-build-linux-amd64/jdk8u45/3457/hotspot/src/share/vm/runtime/sharedRuntime.cpp, line 605]

Events (10 events):
Event: 23.957 Thread 0x00007f84f000a000 DEOPT UNPACKING pc=0x00007f84e07fa233 sp=0x00007f84f67859a0 mode 0
Event: 24.088 Thread 0x00007f84f000a000 DEOPT PACKING pc=0x00007f84e0bf09e5 sp=0x00007f84f6785a00
Event: 24.088 Thread 0x00007f84f000a000 DEOPT UNPACKING pc=0x00007f84e07fa233 sp=0x00007f84f6785860 mode 0
Event: 24.226 Thread 0x00007f84f000a000 DEOPT PACKING pc=0x00007f84e0c9447d sp=0x00007f84f6785ba0
Event: 24.226 Thread 0x00007f84f000a000 DEOPT UNPACKING pc=0x00007f84e07fa233 sp=0x00007f84f67859a0 mode 0
Event: 24.354 Thread 0x00007f84f000a000 DEOPT PACKING pc=0x00007f84e0c3c3f9 sp=0x00007f84f6785bc0
Event: 24.354 Thread 0x00007f84f000a000 DEOPT UNPACKING pc=0x00007f84e07fa233 sp=0x00007f84f6785970 mode 0
Event: 25.664 Thread 0x00007f84f000a000 DEOPT PACKING pc=0x00007f84e0be34af sp=0x00007f84f6785ba0
Event: 25.664 Thread 0x00007f84f000a000 DEOPT UNPACKING pc=0x00007f84e07fa233 sp=0x00007f84f67859a8 mode 0
Event: 25.702 Executing VM operation: ParallelGCFailedAllocation


Dynamic libraries:
00400000-00401000 r-xp 00000000 08:03 1572315                            /opt/java/jdk1.8.0_45/bin/java
00600000-00601000 rw-p 00000000 08:03 1572315                            /opt/java/jdk1.8.0_45/bin/java
0179d000-017be000 rw-p 00000000 00:00 0                                  [heap]
c0000000-c6780000 rw-p 00000000 00:00 0 
cb300000-eab00000 ---p 00000000 00:00 0 
eab00000-fd100000 rw-p 00000000 00:00 0 
fd100000-100000000 ---p 00000000 00:00 0 
100000000-1000a0000 rw-p 00000000 00:00 0 
1000a0000-140000000 ---p 00000000 00:00 0 
7f84a0000000-7f84a0021000 rw-p 00000000 00:00 0 
7f84a0021000-7f84a4000000 ---p 00000000 00:00 0 
7f84a8000000-7f84a995d000 rw-p 00000000 00:00 0 
7f84a995d000-7f84ac000000 ---p 00000000 00:00 0 
7f84ac000000-7f84ac021000 rw-p 00000000 00:00 0 
7f84ac021000-7f84b0000000 ---p 00000000 00:00 0 
7f84b0000000-7f84b1a12000 rw-p 00000000 00:00 0 
7f84b1a12000-7f84b4000000 ---p 00000000 00:00 0 
7f84b4000000-7f84b47ff000 rw-p 00000000 00:00 0 
7f84b47ff000-7f84b8000000 ---p 00000000 00:00 0 
7f84b8000000-7f84b8021000 rw-p 00000000 00:00 0 
7f84b8021000-7f84bc000000 ---p 00000000 00:00 0 
7f84bc000000-7f84bc021000 rw-p 00000000 00:00 0 
7f84bc021000-7f84c0000000 ---p 00000000 00:00 0 
7f84c0000000-7f84c028c000 rw-p 00000000 00:00 0 
7f84c028c000-7f84c4000000 ---p 00000000 00:00 0 
7f84c4000000-7f84c4021000 rw-p 00000000 00:00 0 
7f84c4021000-7f84c8000000 ---p 00000000 00:00 0 
7f84c8000000-7f84c8084000 rw-p 00000000 00:00 0 
7f84c8084000-7f84cc000000 ---p 00000000 00:00 0 
7f84cf42e000-7f84cf42f000 ---p 00000000 00:00 0 
7f84cf42f000-7f84cf52f000 rw-p 00000000 00:00 0                          [stack:7581]
7f84cf52f000-7f84cf532000 ---p 00000000 00:00 0 
7f84cf532000-7f84cf630000 rw-p 00000000 00:00 0                          [stack:7580]
7f84cf630000-7f84cf633000 ---p 00000000 00:00 0 
7f84cf633000-7f84cf731000 rw-p 00000000 00:00 0                          [stack:7579]
7f84cf731000-7f84cf734000 ---p 00000000 00:00 0 
7f84cf734000-7f84cf832000 rw-p 00000000 00:00 0                          [stack:7578]
7f84cf832000-7f84cf835000 ---p 00000000 00:00 0 
7f84cf835000-7f84cf933000 rw-p 00000000 00:00 0                          [stack:7572]
7f84cf933000-7f84cf936000 ---p 00000000 00:00 0 
7f84cf936000-7f84cfa34000 rw-p 00000000 00:00 0                          [stack:7568]
7f84cfa34000-7f84cfcfd000 r--p 00000000 08:03 266989                     /usr/lib/locale/locale-archive
7f84cfcfd000-7f84cfd00000 ---p 00000000 00:00 0 
7f84cfd00000-7f84cfdfe000 rw-p 00000000 00:00 0                          [stack:7556]
7f84cfdfe000-7f84cfe01000 ---p 00000000 00:00 0 
7f84cfe01000-7f84cfeff000 rw-p 00000000 00:00 0                          [stack:7555]
7f84cfeff000-7f84cff00000 ---p 00000000 00:00 0 
7f84cff00000-7f84d0000000 rw-p 00000000 00:00 0                          [stack:7548]
7f84d0000000-7f84d0021000 rw-p 00000000 00:00 0 
7f84d0021000-7f84d4000000 ---p 00000000 00:00 0 
7f84d4000000-7f84d4021000 rw-p 00000000 00:00 0 
7f84d4021000-7f84d8000000 ---p 00000000 00:00 0 
7f84d8000000-7f84d8021000 rw-p 00000000 00:00 0 
7f84d8021000-7f84dc000000 ---p 00000000 00:00 0 
7f84dc0ed000-7f84dc0f8000 r--s 00079000 00:19 11273014                   /home/mike/AndroidStudioProjects/Wordist/app/build/intermediates/exploded-aar/com.google.android.gms/play-services-analytics/7.5.0/jars/classes.jar
7f84dc0f8000-7f84dd049000 rw-p 00000000 00:00 0 
7f84dd049000-7f84dd222000 r--s 03d09000 08:03 1573810                    /opt/java/jdk1.8.0_45/jre/lib/rt.jar
7f84dd222000-7f84dd918000 rw-p 00000000 00:00 0 
7f84dd918000-7f84dda98000 ---p 00000000 00:00 0 
7f84dda98000-7f84dfc98000 rw-p 00000000 00:00 0 
7f84dfc98000-7f84dfc99000 ---p 00000000 00:00 0 
7f84dfc99000-7f84dfd99000 rw-p 00000000 00:00 0                          [stack:7534]
7f84dfd99000-7f84dfd9a000 ---p 00000000 00:00 0 
7f84dfd9a000-7f84dfe9a000 rw-p 00000000 00:00 0                          [stack:7533]
7f84dfe9a000-7f84dfe9b000 ---p 00000000 00:00 0 
7f84dfe9b000-7f84dff9b000 rw-p 00000000 00:00 0                          [stack:7532]
7f84dff9b000-7f84dff9c000 ---p 00000000 00:00 0 
7f84dff9c000-7f84e00d0000 rw-p 00000000 00:00 0                          [stack:7531]
7f84e00d0000-7f84e01f2000 ---p 00000000 00:00 0 
7f84e01f2000-7f84e0226000 rw-p 00000000 00:00 0 
7f84e0226000-7f84e0347000 ---p 00000000 00:00 0 
7f84e0347000-7f84e03db000 rw-p 00000000 00:00 0 
7f84e03db000-7f84e03f2000 ---p 00000000 00:00 0 
7f84e03f2000-7f84e0419000 rw-p 00000000 00:00 0 
7f84e0419000-7f84e07b3000 ---p 00000000 00:00 0 
7f84e07b3000-7f84e1123000 rwxp 00000000 00:00 0 
7f84e1123000-7f84ef7b3000 ---p 00000000 00:00 0 
7f84ef7b3000-7f84ef7cd000 r-xp 00000000 08:03 1574049                    /opt/java/jdk1.8.0_45/jre/lib/amd64/libzip.so
7f84ef7cd000-7f84ef9cd000 ---p 0001a000 08:03 1574049                    /opt/java/jdk1.8.0_45/jre/lib/amd64/libzip.so
7f84ef9cd000-7f84ef9ce000 rw-p 0001a000 08:03 1574049                    /opt/java/jdk1.8.0_45/jre/lib/amd64/libzip.so
7f84ef9ce000-7f84ef9d9000 r-xp 00000000 08:03 131807                     /lib/x86_64-linux-gnu/libnss_files-2.19.so
7f84ef9d9000-7f84efbd8000 ---p 0000b000 08:03 131807                     /lib/x86_64-linux-gnu/libnss_files-2.19.so
7f84efbd8000-7f84efbd9000 r--p 0000a000 08:03 131807                     /lib/x86_64-linux-gnu/libnss_files-2.19.so
7f84efbd9000-7f84efbda000 rw-p 0000b000 08:03 131807                     /lib/x86_64-linux-gnu/libnss_files-2.19.so
7f84efbda000-7f84efbe5000 r-xp 00000000 08:03 131871                     /lib/x86_64-linux-gnu/libnss_nis-2.19.so
7f84efbe5000-7f84efde4000 ---p 0000b000 08:03 131871                     /lib/x86_64-linux-gnu/libnss_nis-2.19.so
7f84efde4000-7f84efde5000 r--p 0000a000 08:03 131871                     /lib/x86_64-linux-gnu/libnss_nis-2.19.so
7f84efde5000-7f84efde6000 rw-p 0000b000 08:03 131871                     /lib/x86_64-linux-gnu/libnss_nis-2.19.so
7f84efde6000-7f84efdfd000 r-xp 00000000 08:03 131829                     /lib/x86_64-linux-gnu/libnsl-2.19.so
7f84efdfd000-7f84efffc000 ---p 00017000 08:03 131829                     /lib/x86_64-linux-gnu/libnsl-2.19.so
7f84efffc000-7f84efffd000 r--p 00016000 08:03 131829                     /lib/x86_64-linux-gnu/libnsl-2.19.so
7f84efffd000-7f84efffe000 rw-p 00017000 08:03 131829                     /lib/x86_64-linux-gnu/libnsl-2.19.so
7f84efffe000-7f84f0000000 rw-p 00000000 00:00 0 
7f84f0000000-7f84f0388000 rw-p 00000000 00:00 0 
7f84f0388000-7f84f4000000 ---p 00000000 00:00 0 
7f84f4002000-7f84f4011000 r--s 000dd000 00:19 9438599                    /home/mike/Android/Sdk/build-tools/22.0.1/lib/dx.jar
7f84f4011000-7f84f4074000 rw-p 00000000 00:00 0 
7f84f4074000-7f84f407d000 r-xp 00000000 08:03 131828                     /lib/x86_64-linux-gnu/libnss_compat-2.19.so
7f84f407d000-7f84f427c000 ---p 00009000 08:03 131828                     /lib/x86_64-linux-gnu/libnss_compat-2.19.so
7f84f427c000-7f84f427d000 r--p 00008000 08:03 131828                     /lib/x86_64-linux-gnu/libnss_compat-2.19.so
7f84f427d000-7f84f427e000 rw-p 00009000 08:03 131828                     /lib/x86_64-linux-gnu/libnss_compat-2.19.so
7f84f427e000-7f84f42a8000 r-xp 00000000 08:03 1574040                    /opt/java/jdk1.8.0_45/jre/lib/amd64/libjava.so
7f84f42a8000-7f84f44a8000 ---p 0002a000 08:03 1574040                    /opt/java/jdk1.8.0_45/jre/lib/amd64/libjava.so
7f84f44a8000-7f84f44aa000 rw-p 0002a000 08:03 1574040                    /opt/java/jdk1.8.0_45/jre/lib/amd64/libjava.so
7f84f44aa000-7f84f44b7000 r-xp 00000000 08:03 1574047                    /opt/java/jdk1.8.0_45/jre/lib/amd64/libverify.so
7f84f44b7000-7f84f46b7000 ---p 0000d000 08:03 1574047                    /opt/java/jdk1.8.0_45/jre/lib/amd64/libverify.so
7f84f46b7000-7f84f46b9000 rw-p 0000d000 08:03 1574047                    /opt/java/jdk1.8.0_45/jre/lib/amd64/libverify.so
7f84f46b9000-7f84f46c0000 r-xp 00000000 08:03 131868                     /lib/x86_64-linux-gnu/librt-2.19.so
7f84f46c0000-7f84f48bf000 ---p 00007000 08:03 131868                     /lib/x86_64-linux-gnu/librt-2.19.so
7f84f48bf000-7f84f48c0000 r--p 00006000 08:03 131868                     /lib/x86_64-linux-gnu/librt-2.19.so
7f84f48c0000-7f84f48c1000 rw-p 00007000 08:03 131868                     /lib/x86_64-linux-gnu/librt-2.19.so
7f84f48c1000-7f84f49c6000 r-xp 00000000 08:03 131806                     /lib/x86_64-linux-gnu/libm-2.19.so
7f84f49c6000-7f84f4bc5000 ---p 00105000 08:03 131806                     /lib/x86_64-linux-gnu/libm-2.19.so
7f84f4bc5000-7f84f4bc6000 r--p 00104000 08:03 131806                     /lib/x86_64-linux-gnu/libm-2.19.so
7f84f4bc6000-7f84f4bc7000 rw-p 00105000 08:03 131806                     /lib/x86_64-linux-gnu/libm-2.19.so
7f84f4bc7000-7f84f5875000 r-xp 00000000 08:03 1574060                    /opt/java/jdk1.8.0_45/jre/lib/amd64/server/libjvm.so
7f84f5875000-7f84f5a74000 ---p 00cae000 08:03 1574060                    /opt/java/jdk1.8.0_45/jre/lib/amd64/server/libjvm.so
7f84f5a74000-7f84f5b4b000 rw-p 00cad000 08:03 1574060                    /opt/java/jdk1.8.0_45/jre/lib/amd64/server/libjvm.so
7f84f5b4b000-7f84f5b8f000 rw-p 00000000 00:00 0 
7f84f5b8f000-7f84f5d4a000 r-xp 00000000 08:03 131857                     /lib/x86_64-linux-gnu/libc-2.19.so
7f84f5d4a000-7f84f5f49000 ---p 001bb000 08:03 131857                     /lib/x86_64-linux-gnu/libc-2.19.so
7f84f5f49000-7f84f5f4d000 r--p 001ba000 08:03 131857                     /lib/x86_64-linux-gnu/libc-2.19.so
7f84f5f4d000-7f84f5f4f000 rw-p 001be000 08:03 131857                     /lib/x86_64-linux-gnu/libc-2.19.so
7f84f5f4f000-7f84f5f54000 rw-p 00000000 00:00 0 
7f84f5f54000-7f84f5f57000 r-xp 00000000 08:03 131810                     /lib/x86_64-linux-gnu/libdl-2.19.so
7f84f5f57000-7f84f6156000 ---p 00003000 08:03 131810                     /lib/x86_64-linux-gnu/libdl-2.19.so
7f84f6156000-7f84f6157000 r--p 00002000 08:03 131810                     /lib/x86_64-linux-gnu/libdl-2.19.so
7f84f6157000-7f84f6158000 rw-p 00003000 08:03 131810                     /lib/x86_64-linux-gnu/libdl-2.19.so
7f84f6158000-7f84f616d000 r-xp 00000000 08:03 1573749                    /opt/java/jdk1.8.0_45/lib/amd64/jli/libjli.so
7f84f616d000-7f84f636d000 ---p 00015000 08:03 1573749                    /opt/java/jdk1.8.0_45/lib/amd64/jli/libjli.so
7f84f636d000-7f84f636e000 rw-p 00015000 08:03 1573749                    /opt/java/jdk1.8.0_45/lib/amd64/jli/libjli.so
7f84f636e000-7f84f6387000 r-xp 00000000 08:03 131858                     /lib/x86_64-linux-gnu/libpthread-2.19.so
7f84f6387000-7f84f6586000 ---p 00019000 08:03 131858                     /lib/x86_64-linux-gnu/libpthread-2.19.so
7f84f6586000-7f84f6587000 r--p 00018000 08:03 131858                     /lib/x86_64-linux-gnu/libpthread-2.19.so
7f84f6587000-7f84f6588000 rw-p 00019000 08:03 131858                     /lib/x86_64-linux-gnu/libpthread-2.19.so
7f84f6588000-7f84f658c000 rw-p 00000000 00:00 0 
7f84f658c000-7f84f65af000 r-xp 00000000 08:03 131833                     /lib/x86_64-linux-gnu/ld-2.19.so
7f84f65b5000-7f84f6687000 rw-p 00000000 00:00 0 
7f84f6687000-7f84f668a000 ---p 00000000 00:00 0 
7f84f668a000-7f84f678d000 rw-p 00000000 00:00 0                          [stack:7527]
7f84f678d000-7f84f678e000 r--p 00000000 08:03 672594                     /usr/share/locale-langpack/en_GB/LC_MESSAGES/libc.mo
7f84f678e000-7f84f67a2000 rw-p 00000000 00:00 0 
7f84f67a2000-7f84f67aa000 rw-s 00000000 08:03 1574102                    /tmp/hsperfdata_mike/7512
7f84f67aa000-7f84f67ab000 rw-p 00000000 00:00 0 
7f84f67ab000-7f84f67ac000 ---p 00000000 00:00 0 
7f84f67ac000-7f84f67ae000 rw-p 00000000 00:00 0 
7f84f67ae000-7f84f67af000 r--p 00022000 08:03 131833                     /lib/x86_64-linux-gnu/ld-2.19.so
7f84f67af000-7f84f67b0000 rw-p 00023000 08:03 131833                     /lib/x86_64-linux-gnu/ld-2.19.so
7f84f67b0000-7f84f67b1000 rw-p 00000000 00:00 0 
7fffc9196000-7fffc91b7000 rw-p 00000000 00:00 0                          [stack]
7fffc91fe000-7fffc9200000 r-xp 00000000 00:00 0                          [vdso]
ffffffffff600000-ffffffffff601000 r-xp 00000000 00:00 0                  [vsyscall]

VM Arguments:
jvm_args: -Xmx1024M -Dfile.encoding=UTF-8 -Duser.country=GB -Duser.language=en -Duser.variant 
java_command: com.android.dx.command.Main --dex --output /home/mike/AndroidStudioProjects/Wordist/app/build/intermediates/pre-dexed/debug/classes-5ae6288c7a2c285a1f5c65eee856b578a7e5ab4c.jar /home/mike/AndroidStudioProjects/Wordist/app/build/intermediates/exploded-aar/com.google.android.gms/play-services-analytics/7.5.0/jars/classes.jar
java_class_path (initial): /home/mike/Android/Sdk/build-tools/22.0.1/lib/dx.jar
Launcher Type: SUN_STANDARD

Environment Variables:
PATH=/usr/local/sbin:/usr/local/bin:/usr/sbin:/usr/bin:/sbin:/bin:/usr/games:/usr/local/games
USERNAME=mike
LD_LIBRARY_PATH=/opt/android-studio/bin:
SHELL=/bin/bash
DISPLAY=:0

Signal Handlers:
SIGSEGV: [libjvm.so+0xaad1e0], sa_mask[0]=11111111011111111101111111111110, sa_flags=SA_RESTART|SA_SIGINFO
SIGBUS: [libjvm.so+0xaad1e0], sa_mask[0]=11111111011111111101111111111110, sa_flags=SA_RESTART|SA_SIGINFO
SIGFPE: [libjvm.so+0x90b450], sa_mask[0]=11111111011111111101111111111110, sa_flags=SA_RESTART|SA_SIGINFO
SIGPIPE: [libjvm.so+0x90b450], sa_mask[0]=11111111011111111101111111111110, sa_flags=SA_RESTART|SA_SIGINFO
SIGXFSZ: [libjvm.so+0x90b450], sa_mask[0]=11111111011111111101111111111110, sa_flags=SA_RESTART|SA_SIGINFO
SIGILL: [libjvm.so+0x90b450], sa_mask[0]=11111111011111111101111111111110, sa_flags=SA_RESTART|SA_SIGINFO
SIGUSR1: SIG_DFL, sa_mask[0]=00000000000000000000000000000000, sa_flags=none
SIGUSR2: [libjvm.so+0x90ca90], sa_mask[0]=00100000000000000000000000000000, sa_flags=SA_RESTART|SA_SIGINFO
SIGHUP: [libjvm.so+0x90dde0], sa_mask[0]=11111111011111111101111111111110, sa_flags=SA_RESTART|SA_SIGINFO
SIGINT: [libjvm.so+0x90dde0], sa_mask[0]=11111111011111111101111111111110, sa_flags=SA_RESTART|SA_SIGINFO
SIGTERM: [libjvm.so+0x90dde0], sa_mask[0]=11111111011111111101111111111110, sa_flags=SA_RESTART|SA_SIGINFO
SIGQUIT: [libjvm.so+0x90dde0], sa_mask[0]=11111111011111111101111111111110, sa_flags=SA_RESTART|SA_SIGINFO


---------------  S Y S T E M  ---------------

OS:DISTRIB_ID=LinuxMint
DISTRIB_RELEASE=17.2
DISTRIB_CODENAME=rafaela
DISTRIB_DESCRIPTION="Linux Mint 17.2 Rafaela"

uname:Linux 3.13.0-37-generic #64-Ubuntu SMP Mon Sep 22 21:28:38 UTC 2014 x86_64
libc:glibc 2.19 NPTL 2.19 
rlimit: STACK 8192k, CORE 0k, NPROC 30882, NOFILE 4096, AS infinity
load average:6.40 2.18 1.28

/proc/meminfo:
MemTotal:        4048044 kB
MemFree:          117792 kB
Buffers:             732 kB
Cached:            50300 kB
SwapCached:            0 kB
Active:          3537904 kB
Inactive:          44624 kB
Active(anon):    3533500 kB
Inactive(anon):    38200 kB
Active(file):       4404 kB
Inactive(file):     6424 kB
Unevictable:         232 kB
Mlocked:             232 kB
SwapTotal:             0 kB
SwapFree:              0 kB
Dirty:               476 kB
Writeback:             0 kB
AnonPages:       3531536 kB
Mapped:           159424 kB
Shmem:             40464 kB
Slab:              82352 kB
SReclaimable:      28988 kB
SUnreclaim:        53364 kB
KernelStack:        4824 kB
PageTables:        33252 kB
NFS_Unstable:          0 kB
Bounce:                0 kB
WritebackTmp:          0 kB
CommitLimit:     2024020 kB
Committed_AS:    6107736 kB
VmallocTotal:   34359738367 kB
VmallocUsed:      305680 kB
VmallocChunk:   34359428348 kB
HardwareCorrupted:     0 kB
AnonHugePages:   1697792 kB
HugePages_Total:       0
HugePages_Free:        0
HugePages_Rsvd:        0
HugePages_Surp:        0
Hugepagesize:       2048 kB
DirectMap4k:      163392 kB
DirectMap2M:     2981888 kB
DirectMap1G:     1048576 kB


CPU:total 4 (4 cores per cpu, 1 threads per core) family 16 model 4 stepping 2, cmov, cx8, fxsr, mmx, sse, sse2, sse3, popcnt, mmxext, 3dnowpref, lzcnt, sse4a, tsc, tscinvbit, tscinv

/proc/cpuinfo:
processor	: 0
vendor_id	: AuthenticAMD
cpu family	: 16
model		: 4
model name	: AMD Phenom(tm) II X4 955 Processor
stepping	: 2
microcode	: 0x1000086
cpu MHz		: 3200.000
cache size	: 512 KB
physical id	: 0
siblings	: 4
core id		: 0
cpu cores	: 4
apicid		: 0
initial apicid	: 0
fpu		: yes
fpu_exception	: yes
cpuid level	: 5
wp		: yes
flags		: fpu vme de pse tsc msr pae mce cx8 apic sep mtrr pge mca cmov pat pse36 clflush mmx fxsr sse sse2 ht syscall nx mmxext fxsr_opt pdpe1gb rdtscp lm 3dnowext 3dnow constant_tsc rep_good nopl nonstop_tsc extd_apicid pni monitor cx16 popcnt lahf_lm cmp_legacy svm extapic cr8_legacy abm sse4a misalignsse 3dnowprefetch osvw ibs skinit wdt hw_pstate npt lbrv svm_lock nrip_save
bogomips	: 6400.02
TLB size	: 1024 4K pages
clflush size	: 64
cache_alignment	: 64
address sizes	: 48 bits physical, 48 bits virtual
power management: ts ttp tm stc 100mhzsteps hwpstate

processor	: 1
vendor_id	: AuthenticAMD
cpu family	: 16
model		: 4
model name	: AMD Phenom(tm) II X4 955 Processor
stepping	: 2
microcode	: 0x1000086
cpu MHz		: 3200.000
cache size	: 512 KB
physical id	: 0
siblings	: 4
core id		: 1
cpu cores	: 4
apicid		: 1
initial apicid	: 1
fpu		: yes
fpu_exception	: yes
cpuid level	: 5
wp		: yes
flags		: fpu vme de pse tsc msr pae mce cx8 apic sep mtrr pge mca cmov pat pse36 clflush mmx fxsr sse sse2 ht syscall nx mmxext fxsr_opt pdpe1gb rdtscp lm 3dnowext 3dnow constant_tsc rep_good nopl nonstop_tsc extd_apicid pni monitor cx16 popcnt lahf_lm cmp_legacy svm extapic cr8_legacy abm sse4a misalignsse 3dnowprefetch osvw ibs skinit wdt hw_pstate npt lbrv svm_lock nrip_save
bogomips	: 6400.02
TLB size	: 1024 4K pages
clflush size	: 64
cache_alignment	: 64
address sizes	: 48 bits physical, 48 bits virtual
power management: ts ttp tm stc 100mhzsteps hwpstate

processor	: 2
vendor_id	: AuthenticAMD
cpu family	: 16
model		: 4
model name	: AMD Phenom(tm) II X4 955 Processor
stepping	: 2
microcode	: 0x1000086
cpu MHz		: 3200.000
cache size	: 512 KB
physical id	: 0
siblings	: 4
core id		: 2
cpu cores	: 4
apicid		: 2
initial apicid	: 2
fpu		: yes
fpu_exception	: yes
cpuid level	: 5
wp		: yes
flags		: fpu vme de pse tsc msr pae mce cx8 apic sep mtrr pge mca cmov pat pse36 clflush mmx fxsr sse sse2 ht syscall nx mmxext fxsr_opt pdpe1gb rdtscp lm 3dnowext 3dnow constant_tsc rep_good nopl nonstop_tsc extd_apicid pni monitor cx16 popcnt lahf_lm cmp_legacy svm extapic cr8_legacy abm sse4a misalignsse 3dnowprefetch osvw ibs skinit wdt hw_pstate npt lbrv svm_lock nrip_save
bogomips	: 6400.02
TLB size	: 1024 4K pages
clflush size	: 64
cache_alignment	: 64
address sizes	: 48 bits physical, 48 bits virtual
power management: ts ttp tm stc 100mhzsteps hwpstate

processor	: 3
vendor_id	: AuthenticAMD
cpu family	: 16
model		: 4
model name	: AMD Phenom(tm) II X4 955 Processor
stepping	: 2
microcode	: 0x1000086
cpu MHz		: 3200.000
cache size	: 512 KB
physical id	: 0
siblings	: 4
core id		: 3
cpu cores	: 4
apicid		: 3
initial apicid	: 3
fpu		: yes
fpu_exception	: yes
cpuid level	: 5
wp		: yes
flags		: fpu vme de pse tsc msr pae mce cx8 apic sep mtrr pge mca cmov pat pse36 clflush mmx fxsr sse sse2 ht syscall nx mmxext fxsr_opt pdpe1gb rdtscp lm 3dnowext 3dnow constant_tsc rep_good nopl nonstop_tsc extd_apicid pni monitor cx16 popcnt lahf_lm cmp_legacy svm extapic cr8_legacy abm sse4a misalignsse 3dnowprefetch osvw ibs skinit wdt hw_pstate npt lbrv svm_lock nrip_save
bogomips	: 6400.02
TLB size	: 1024 4K pages
clflush size	: 64
cache_alignment	: 64
address sizes	: 48 bits physical, 48 bits virtual
power management: ts ttp tm stc 100mhzsteps hwpstate



Memory: 4k page, physical 4048044k(116356k free), swap 0k(0k free)

vm_info: Java HotSpot(TM) 64-Bit Server VM (25.45-b02) for linux-amd64 JRE (1.8.0_45-b14), built on Apr 10 2015 10:07:45 by "java_re" with gcc 4.3.0 20080428 (Red Hat 4.3.0-8)

time: Thu Aug  6 16:40:43 2015
elapsed time: 27 seconds (0d 0h 0m 27s)

