#
# There is insufficient memory for the Java Runtime Environment to continue.
# Native memory allocation (mmap) failed to map 32505856 bytes for committing reserved memory.
# Possible reasons:
#   The system is out of physical RAM or swap space
#   In 32 bit mode, the process size limit was hit
# Possible solutions:
#   Reduce memory load on the system
#   Increase physical memory or swap space
#   Check if swap backing store is full
#   Use 64 bit Java on a 64 bit OS
#   Decrease Java heap size (-Xmx/-Xms)
#   Decrease number of Java threads
#   Decrease Java thread stack sizes (-Xss)
#   Set larger code cache with -XX:ReservedCodeCacheSize=
# This output file may be truncated or incomplete.
#
#  Out of Memory Error (os_linux.cpp:2673), pid=10028, tid=139893544908544
#
# JRE version: Java(TM) SE Runtime Environment (8.0_45-b14) (build 1.8.0_45-b14)
# Java VM: Java HotSpot(TM) 64-Bit Server VM (25.45-b02 mixed mode linux-amd64 compressed oops)
# Failed to write core dump. Core dumps have been disabled. To enable core dumping, try "ulimit -c unlimited" before starting Java again
#

---------------  T H R E A D  ---------------

Current thread (0x00007f3b98077800):  VMThread [stack: 0x00007f3b80fcf000,0x00007f3b810d0000] [id=10069]

Stack: [0x00007f3b80fcf000,0x00007f3b810d0000],  sp=0x00007f3b810ce2e0,  free space=1020k
Native frames: (J=compiled Java code, j=interpreted, Vv=VM code, C=native code)
V  [libjvm.so+0xaac99a]  VMError::report_and_die()+0x2ba
V  [libjvm.so+0x4f333b]  report_vm_out_of_memory(char const*, int, unsigned long, VMErrorType, char const*)+0x8b
V  [libjvm.so+0x90e7c3]  os::Linux::commit_memory_impl(char*, unsigned long, bool)+0x103
V  [libjvm.so+0x90ed19]  os::pd_commit_memory(char*, unsigned long, unsigned long, bool)+0x29
V  [libjvm.so+0x90867a]  os::commit_memory(char*, unsigned long, unsigned long, bool)+0x2a
V  [libjvm.so+0x97bac3]  PSVirtualSpace::expand_by(unsigned long)+0x53
V  [libjvm.so+0x97cec8]  PSYoungGen::resize_generation(unsigned long, unsigned long)+0xf8
V  [libjvm.so+0x97c022]  PSYoungGen::resize(unsigned long, unsigned long)+0x22
V  [libjvm.so+0x9792fb]  PSScavenge::invoke_no_policy()+0xf7b
V  [libjvm.so+0x979a81]  PSScavenge::invoke()+0x41
V  [libjvm.so+0x932050]  ParallelScavengeHeap::failed_mem_allocate(unsigned long)+0x70
V  [libjvm.so+0xaae1d7]  VM_ParallelGCFailedAllocation::doit()+0x97
V  [libjvm.so+0xab59c5]  VM_Operation::evaluate()+0x55
V  [libjvm.so+0xab3d9a]  VMThread::evaluate_operation(VM_Operation*)+0xba
V  [libjvm.so+0xab411e]  VMThread::loop()+0x1ce
V  [libjvm.so+0xab4590]  VMThread::run()+0x70
V  [libjvm.so+0x910de8]  java_start(Thread*)+0x108

VM_Operation (0x00007f3b9f76aaa0): ParallelGCFailedAllocation, mode: safepoint, requested by thread 0x00007f3b9800a000


---------------  P R O C E S S  ---------------

Java Threads: ( => current thread )
  0x00007f3b980ca800 JavaThread "Service Thread" daemon [_thread_blocked, id=10097, stack(0x00007f3b805ff000,0x00007f3b80700000)]
  0x00007f3b980bd000 JavaThread "C1 CompilerThread2" daemon [_thread_blocked, id=10095, stack(0x00007f3b80700000,0x00007f3b80801000)]
  0x00007f3b980bb800 JavaThread "C2 CompilerThread1" daemon [_thread_blocked, id=10093, stack(0x00007f3b80801000,0x00007f3b80902000)]
  0x00007f3b980b8800 JavaThread "C2 CompilerThread0" daemon [_thread_blocked, id=10089, stack(0x00007f3b80902000,0x00007f3b80a03000)]
  0x00007f3b980b7000 JavaThread "Signal Dispatcher" daemon [_thread_blocked, id=10082, stack(0x00007f3b80a03000,0x00007f3b80b04000)]
  0x00007f3b9807f000 JavaThread "Finalizer" daemon [_thread_blocked, id=10077, stack(0x00007f3b80dcd000,0x00007f3b80ece000)]
  0x00007f3b9807c800 JavaThread "Reference Handler" daemon [_thread_blocked, id=10074, stack(0x00007f3b80ece000,0x00007f3b80fcf000)]
  0x00007f3b9800a000 JavaThread "main" [_thread_blocked, id=10049, stack(0x00007f3b9f66c000,0x00007f3b9f76d000)]

Other Threads:
=>0x00007f3b98077800 VMThread [stack: 0x00007f3b80fcf000,0x00007f3b810d0000] [id=10069]
  0x00007f3b980cd000 WatcherThread [stack: 0x00007f3b804fe000,0x00007f3b805ff000] [id=10099]

VM state:at safepoint (normal execution)

VM Mutex/Monitor currently owned by a thread:  ([mutex/lock_event])
[0x00007f3b98006350] Threads_lock - owner thread: 0x00007f3b98077800
[0x00007f3b98006850] Heap_lock - owner thread: 0x00007f3b9800a000

Heap:
 PSYoungGen      total 34304K, used 2545K [0x00000000eab00000, 0x00000000ecf00000, 0x0000000100000000)
  eden space 31744K, 0% used [0x00000000eab00000,0x00000000eab00000,0x00000000eca00000)
  from space 2560K, 99% used [0x00000000eca00000,0x00000000ecc7c6a8,0x00000000ecc80000)
  to   space 2560K, 0% used [0x00000000ecc80000,0x00000000ecc80000,0x00000000ecf00000)
 ParOldGen       total 42496K, used 8096K [0x00000000c0000000, 0x00000000c2980000, 0x00000000eab00000)
  object space 42496K, 19% used [0x00000000c0000000,0x00000000c07e8188,0x00000000c2980000)
 Metaspace       used 5788K, capacity 7024K, committed 7296K, reserved 1056768K
  class space    used 546K, capacity 616K, committed 640K, reserved 1048576K

Card table byte_map: [0x00007f3b9c249000,0x00007f3b9c44a000] byte_map_base: 0x00007f3b9bc49000

Marking Bits: (ParMarkBitMap*) 0x00007f3b9eb47760
 Begin Bits: [0x00007f3b82000000, 0x00007f3b83000000)
 End Bits:   [0x00007f3b83000000, 0x00007f3b84000000)

Polling page: 0x00007f3b9f78e000

CodeCache: size=245760Kb used=6290Kb max_used=6290Kb free=239470Kb
 bounds [0x00007f3b89000000, 0x00007f3b89630000, 0x00007f3b98000000]
 total_blobs=1788 nmethods=1525 adapters=178
 compilation: enabled

Compilation events (10 events):
Event: 3.813 Thread 0x00007f3b980bd000 1539       2       com.android.dx.dex.code.StdCatchBuilder::<init> (62 bytes)
Event: 3.813 Thread 0x00007f3b980bd000 nmethod 1539 0x00007f3b896278d0 code [0x00007f3b89627a60, 0x00007f3b89627de8]
Event: 3.813 Thread 0x00007f3b980bd000 1540       2       com.android.dx.dex.code.OutputCollector::getFinisher (26 bytes)
Event: 3.813 Thread 0x00007f3b980bd000 nmethod 1540 0x00007f3b89627f90 code [0x00007f3b89628120, 0x00007f3b89628358]
Event: 3.814 Thread 0x00007f3b980bd000 1541       2       com.android.dx.dex.code.OutputCollector::appendSuffixToOutput (45 bytes)
Event: 3.815 Thread 0x00007f3b980bd000 nmethod 1541 0x00007f3b89628450 code [0x00007f3b89628600, 0x00007f3b89628ab8]
Event: 3.815 Thread 0x00007f3b980bd000 1542       2       com.android.dx.dex.code.DalvCode::<init> (68 bytes)
Event: 3.815 Thread 0x00007f3b980bd000 nmethod 1542 0x00007f3b89629050 code [0x00007f3b896291e0, 0x00007f3b896294f8]
Event: 3.818 Thread 0x00007f3b980bd000 1543       2       java.util.HashMap$EntryIterator::next (5 bytes)
Event: 3.819 Thread 0x00007f3b980bd000 nmethod 1543 0x00007f3b89629650 code [0x00007f3b896297c0, 0x00007f3b89629928]

GC Heap History (5 events):
Event: 1.443 GC heap before
{Heap before GC invocations=1 (full 0):
 PSYoungGen      total 18432K, used 15872K [0x00000000eab00000, 0x00000000ebf80000, 0x0000000100000000)
  eden space 15872K, 100% used [0x00000000eab00000,0x00000000eba80000,0x00000000eba80000)
  from space 2560K, 0% used [0x00000000ebd00000,0x00000000ebd00000,0x00000000ebf80000)
  to   space 2560K, 0% used [0x00000000eba80000,0x00000000eba80000,0x00000000ebd00000)
 ParOldGen       total 42496K, used 0K [0x00000000c0000000, 0x00000000c2980000, 0x00000000eab00000)
  object space 42496K, 0% used [0x00000000c0000000,0x00000000c0000000,0x00000000c2980000)
 Metaspace       used 5416K, capacity 6704K, committed 6784K, reserved 1056768K
  class space    used 544K, capacity 616K, committed 640K, reserved 1048576K
Event: 1.554 GC heap after
Heap after GC invocations=1 (full 0):
 PSYoungGen      total 18432K, used 2540K [0x00000000eab00000, 0x00000000ecf00000, 0x0000000100000000)
  eden space 15872K, 0% used [0x00000000eab00000,0x00000000eab00000,0x00000000eba80000)
  from space 2560K, 99% used [0x00000000eba80000,0x00000000ebcfb160,0x00000000ebd00000)
  to   space 2560K, 0% used [0x00000000ecc80000,0x00000000ecc80000,0x00000000ecf00000)
 ParOldGen       total 42496K, used 1420K [0x00000000c0000000, 0x00000000c2980000, 0x00000000eab00000)
  object space 42496K, 3% used [0x00000000c0000000,0x00000000c0163090,0x00000000c2980000)
 Metaspace       used 5416K, capacity 6704K, committed 6784K, reserved 1056768K
  class space    used 544K, capacity 616K, committed 640K, reserved 1048576K
}
Event: 2.463 GC heap before
{Heap before GC invocations=2 (full 0):
 PSYoungGen      total 18432K, used 18412K [0x00000000eab00000, 0x00000000ecf00000, 0x0000000100000000)
  eden space 15872K, 100% used [0x00000000eab00000,0x00000000eba80000,0x00000000eba80000)
  from space 2560K, 99% used [0x00000000eba80000,0x00000000ebcfb160,0x00000000ebd00000)
  to   space 2560K, 0% used [0x00000000ecc80000,0x00000000ecc80000,0x00000000ecf00000)
 ParOldGen       total 42496K, used 1420K [0x00000000c0000000, 0x00000000c2980000, 0x00000000eab00000)
  object space 42496K, 3% used [0x00000000c0000000,0x00000000c0163090,0x00000000c2980000)
 Metaspace       used 5689K, capacity 6960K, committed 7040K, reserved 1056768K
  class space    used 544K, capacity 616K, committed 640K, reserved 1048576K
Event: 2.503 GC heap after
Heap after GC invocations=2 (full 0):
 PSYoungGen      total 34304K, used 2529K [0x00000000eab00000, 0x00000000ecf00000, 0x0000000100000000)
  eden space 31744K, 0% used [0x00000000eab00000,0x00000000eab00000,0x00000000eca00000)
  from space 2560K, 98% used [0x00000000ecc80000,0x00000000ecef86d0,0x00000000ecf00000)
  to   space 2560K, 0% used [0x00000000eca00000,0x00000000eca00000,0x00000000ecc80000)
 ParOldGen       total 42496K, used 3502K [0x00000000c0000000, 0x00000000c2980000, 0x00000000eab00000)
  object space 42496K, 8% used [0x00000000c0000000,0x00000000c036b958,0x00000000c2980000)
 Metaspace       used 5689K, capacity 6960K, committed 7040K, reserved 1056768K
  class space    used 544K, capacity 616K, committed 640K, reserved 1048576K
}
Event: 3.827 GC heap before
{Heap before GC invocations=3 (full 0):
 PSYoungGen      total 34304K, used 34273K [0x00000000eab00000, 0x00000000ecf00000, 0x0000000100000000)
  eden space 31744K, 100% used [0x00000000eab00000,0x00000000eca00000,0x00000000eca00000)
  from space 2560K, 98% used [0x00000000ecc80000,0x00000000ecef86d0,0x00000000ecf00000)
  to   space 2560K, 0% used [0x00000000eca00000,0x00000000eca00000,0x00000000ecc80000)
 ParOldGen       total 42496K, used 3502K [0x00000000c0000000, 0x00000000c2980000, 0x00000000eab00000)
  object space 42496K, 8% used [0x00000000c0000000,0x00000000c036b958,0x00000000c2980000)
 Metaspace       used 5788K, capacity 7024K, committed 7296K, reserved 1056768K
  class space    used 546K, capacity 616K, committed 640K, reserved 1048576K

Deoptimization events (10 events):
Event: 3.046 Thread 0x00007f3b9800a000 Uncommon trap: reason=class_check action=maybe_recompile pc=0x00007f3b89412100 method=java.util.HashMap.putVal(ILjava/lang/Object;Ljava/lang/Object;ZZ)Ljava/lang/Object; @ 203
Event: 3.046 Thread 0x00007f3b9800a000 Uncommon trap: reason=bimorphic action=maybe_recompile pc=0x00007f3b891ffbcc method=java.util.HashMap.getNode(ILjava/lang/Object;)Ljava/util/HashMap$Node; @ 126
Event: 3.046 Thread 0x00007f3b9800a000 Uncommon trap: reason=class_check action=maybe_recompile pc=0x00007f3b89412100 method=java.util.HashMap.putVal(ILjava/lang/Object;Ljava/lang/Object;ZZ)Ljava/lang/Object; @ 203
Event: 3.046 Thread 0x00007f3b9800a000 Uncommon trap: reason=bimorphic action=maybe_recompile pc=0x00007f3b8923a688 method=java.util.HashMap.getNode(ILjava/lang/Object;)Ljava/util/HashMap$Node; @ 126
Event: 3.047 Thread 0x00007f3b9800a000 Uncommon trap: reason=bimorphic action=maybe_recompile pc=0x00007f3b891ffbcc method=java.util.HashMap.getNode(ILjava/lang/Object;)Ljava/util/HashMap$Node; @ 126
Event: 3.054 Thread 0x00007f3b9800a000 Uncommon trap: reason=class_check action=maybe_recompile pc=0x00007f3b89412100 method=java.util.HashMap.putVal(ILjava/lang/Object;Ljava/lang/Object;ZZ)Ljava/lang/Object; @ 203
Event: 3.469 Thread 0x00007f3b9800a000 Uncommon trap: reason=class_check action=maybe_recompile pc=0x00007f3b8949b9bc method=com.android.dx.ssa.NormalSsaInsn.accept(Lcom/android/dx/ssa/SsaInsn$Visitor;)V @ 9
Event: 3.469 Thread 0x00007f3b9800a000 Uncommon trap: reason=class_check action=maybe_recompile pc=0x00007f3b8949b9bc method=com.android.dx.ssa.NormalSsaInsn.accept(Lcom/android/dx/ssa/SsaInsn$Visitor;)V @ 9
Event: 3.469 Thread 0x00007f3b9800a000 Uncommon trap: reason=class_check action=maybe_recompile pc=0x00007f3b8949b9bc method=com.android.dx.ssa.NormalSsaInsn.accept(Lcom/android/dx/ssa/SsaInsn$Visitor;)V @ 9
Event: 3.469 Thread 0x00007f3b9800a000 Uncommon trap: reason=class_check action=maybe_recompile pc=0x00007f3b8949b9bc method=com.android.dx.ssa.NormalSsaInsn.accept(Lcom/android/dx/ssa/SsaInsn$Visitor;)V @ 9

Internal exceptions (3 events):
Event: 0.109 Thread 0x00007f3b9800a000 Exception <a 'java/lang/NoSuchMethodError': Method sun.misc.Unsafe.defineClass(Ljava/lang/String;[BII)Ljava/lang/Class; name or signature does not match> (0x00000000eab12a38) thrown at [/RE-WORK/workspace/8-2-build-linux-amd64/jdk8u45/3457/hotspot/src/sha
Event: 0.110 Thread 0x00007f3b9800a000 Exception <a 'java/lang/NoSuchMethodError': Method sun.misc.Unsafe.prefetchRead(Ljava/lang/Object;J)V name or signature does not match> (0x00000000eab12cc8) thrown at [/RE-WORK/workspace/8-2-build-linux-amd64/jdk8u45/3457/hotspot/src/share/vm/prims/jni.cp
Event: 1.843 Thread 0x00007f3b9800a000 Implicit null exception at 0x00007f3b892f8f77 to 0x00007f3b892fabf1

Events (10 events):
Event: 3.469 Thread 0x00007f3b9800a000 Uncommon trap: trap_request=0xffffffde fr.pc=0x00007f3b8949b9bc
Event: 3.469 Thread 0x00007f3b9800a000 DEOPT PACKING pc=0x00007f3b8949b9bc sp=0x00007f3b9f76ab10
Event: 3.469 Thread 0x00007f3b9800a000 DEOPT UNPACKING pc=0x00007f3b89005229 sp=0x00007f3b9f76ab00 mode 2
Event: 3.469 Thread 0x00007f3b9800a000 Uncommon trap: trap_request=0xffffffde fr.pc=0x00007f3b8949b9bc
Event: 3.469 Thread 0x00007f3b9800a000 DEOPT PACKING pc=0x00007f3b8949b9bc sp=0x00007f3b9f76ab10
Event: 3.469 Thread 0x00007f3b9800a000 DEOPT UNPACKING pc=0x00007f3b89005229 sp=0x00007f3b9f76ab00 mode 2
Event: 3.469 Thread 0x00007f3b9800a000 Uncommon trap: trap_request=0xffffffde fr.pc=0x00007f3b8949b9bc
Event: 3.469 Thread 0x00007f3b9800a000 DEOPT PACKING pc=0x00007f3b8949b9bc sp=0x00007f3b9f76ab10
Event: 3.469 Thread 0x00007f3b9800a000 DEOPT UNPACKING pc=0x00007f3b89005229 sp=0x00007f3b9f76ab00 mode 2
Event: 3.827 Executing VM operation: ParallelGCFailedAllocation


Dynamic libraries:
00400000-00401000 r-xp 00000000 08:03 1572315                            /opt/java/jdk1.8.0_45/bin/java
00600000-00601000 rw-p 00000000 08:03 1572315                            /opt/java/jdk1.8.0_45/bin/java
0208e000-020af000 rw-p 00000000 00:00 0                                  [heap]
c0000000-c2980000 rw-p 00000000 00:00 0 
c2980000-eab00000 ---p 00000000 00:00 0 
eab00000-ecf00000 rw-p 00000000 00:00 0 
eee00000-100000000 ---p 00000000 00:00 0 
100000000-1000a0000 rw-p 00000000 00:00 0 
1000a0000-140000000 ---p 00000000 00:00 0 
7f3b4c000000-7f3b4c021000 rw-p 00000000 00:00 0 
7f3b4c021000-7f3b50000000 ---p 00000000 00:00 0 
7f3b50000000-7f3b50021000 rw-p 00000000 00:00 0 
7f3b50021000-7f3b54000000 ---p 00000000 00:00 0 
7f3b54000000-7f3b546ae000 rw-p 00000000 00:00 0 
7f3b546ae000-7f3b58000000 ---p 00000000 00:00 0 
7f3b58000000-7f3b58830000 rw-p 00000000 00:00 0 
7f3b58830000-7f3b5c000000 ---p 00000000 00:00 0 
7f3b5c000000-7f3b5c021000 rw-p 00000000 00:00 0 
7f3b5c021000-7f3b60000000 ---p 00000000 00:00 0 
7f3b60000000-7f3b60683000 rw-p 00000000 00:00 0 
7f3b60683000-7f3b64000000 ---p 00000000 00:00 0 
7f3b64000000-7f3b64021000 rw-p 00000000 00:00 0 
7f3b64021000-7f3b68000000 ---p 00000000 00:00 0 
7f3b68000000-7f3b68021000 rw-p 00000000 00:00 0 
7f3b68021000-7f3b6c000000 ---p 00000000 00:00 0 
7f3b6c000000-7f3b6c021000 rw-p 00000000 00:00 0 
7f3b6c021000-7f3b70000000 ---p 00000000 00:00 0 
7f3b70000000-7f3b7028a000 rw-p 00000000 00:00 0 
7f3b7028a000-7f3b74000000 ---p 00000000 00:00 0 
7f3b74000000-7f3b74021000 rw-p 00000000 00:00 0 
7f3b74021000-7f3b78000000 ---p 00000000 00:00 0 
7f3b7c000000-7f3b7c021000 rw-p 00000000 00:00 0 
7f3b7c021000-7f3b80000000 ---p 00000000 00:00 0 
7f3b804fe000-7f3b804ff000 ---p 00000000 00:00 0 
7f3b804ff000-7f3b805ff000 rw-p 00000000 00:00 0                          [stack:10099]
7f3b805ff000-7f3b80602000 ---p 00000000 00:00 0 
7f3b80602000-7f3b80700000 rw-p 00000000 00:00 0                          [stack:10097]
7f3b80700000-7f3b80703000 ---p 00000000 00:00 0 
7f3b80703000-7f3b80801000 rw-p 00000000 00:00 0                          [stack:10095]
7f3b80801000-7f3b80804000 ---p 00000000 00:00 0 
7f3b80804000-7f3b80902000 rw-p 00000000 00:00 0                          [stack:10093]
7f3b80902000-7f3b80905000 ---p 00000000 00:00 0 
7f3b80905000-7f3b80a03000 rw-p 00000000 00:00 0                          [stack:10089]
7f3b80a03000-7f3b80a06000 ---p 00000000 00:00 0 
7f3b80a06000-7f3b80b04000 rw-p 00000000 00:00 0                          [stack:10082]
7f3b80b04000-7f3b80dcd000 r--p 00000000 08:03 266989                     /usr/lib/locale/locale-archive
7f3b80dcd000-7f3b80dd0000 ---p 00000000 00:00 0 
7f3b80dd0000-7f3b80ece000 rw-p 00000000 00:00 0                          [stack:10077]
7f3b80ece000-7f3b80ed1000 ---p 00000000 00:00 0 
7f3b80ed1000-7f3b80fcf000 rw-p 00000000 00:00 0                          [stack:10074]
7f3b80fcf000-7f3b80fd0000 ---p 00000000 00:00 0 
7f3b80fd0000-7f3b84000000 rw-p 00000000 00:00 0                          [stack:10069]
7f3b84000000-7f3b84021000 rw-p 00000000 00:00 0 
7f3b84021000-7f3b88000000 ---p 00000000 00:00 0 
7f3b88002000-7f3b88023000 rw-p 00000000 00:00 0 
7f3b88023000-7f3b881fc000 r--s 03d09000 08:03 1573810                    /opt/java/jdk1.8.0_45/jre/lib/rt.jar
7f3b881fc000-7f3b8887c000 rw-p 00000000 00:00 0 
7f3b8887c000-7f3b889fc000 ---p 00000000 00:00 0 
7f3b889fc000-7f3b88bfc000 rw-p 00000000 00:00 0 
7f3b88bfc000-7f3b88bfd000 ---p 00000000 00:00 0 
7f3b88bfd000-7f3b88cfd000 rw-p 00000000 00:00 0                          [stack:10064]
7f3b88cfd000-7f3b88cfe000 ---p 00000000 00:00 0 
7f3b88cfe000-7f3b88dfe000 rw-p 00000000 00:00 0                          [stack:10063]
7f3b88dfe000-7f3b88dff000 ---p 00000000 00:00 0 
7f3b88dff000-7f3b88eff000 rw-p 00000000 00:00 0                          [stack:10062]
7f3b88eff000-7f3b88f00000 ---p 00000000 00:00 0 
7f3b88f00000-7f3b89000000 rw-p 00000000 00:00 0                          [stack:10059]
7f3b89000000-7f3b89630000 rwxp 00000000 00:00 0 
7f3b89630000-7f3b98000000 ---p 00000000 00:00 0 
7f3b98000000-7f3b98391000 rw-p 00000000 00:00 0 
7f3b98391000-7f3b9c000000 ---p 00000000 00:00 0 
7f3b9c009000-7f3b9c00a000 rw-p 00000000 00:00 0 
7f3b9c00a000-7f3b9c00b000 r--p 00000000 08:03 672594                     /usr/share/locale-langpack/en_GB/LC_MESSAGES/libc.mo
7f3b9c00b000-7f3b9c01a000 r--s 000dd000 00:19 9438599                    /home/mike/Android/Sdk/build-tools/22.0.1/lib/dx.jar
7f3b9c01a000-7f3b9c108000 rw-p 00000000 00:00 0 
7f3b9c108000-7f3b9c249000 ---p 00000000 00:00 0 
7f3b9c249000-7f3b9c25e000 rw-p 00000000 00:00 0 
7f3b9c25e000-7f3b9c39e000 ---p 00000000 00:00 0 
7f3b9c39e000-7f3b9c3b1000 rw-p 00000000 00:00 0 
7f3b9c3b1000-7f3b9c449000 ---p 00000000 00:00 0 
7f3b9c449000-7f3b9c463000 rw-p 00000000 00:00 0 
7f3b9c463000-7f3b9c80a000 ---p 00000000 00:00 0 
7f3b9c80a000-7f3b9c824000 r-xp 00000000 08:03 1574049                    /opt/java/jdk1.8.0_45/jre/lib/amd64/libzip.so
7f3b9c824000-7f3b9ca24000 ---p 0001a000 08:03 1574049                    /opt/java/jdk1.8.0_45/jre/lib/amd64/libzip.so
7f3b9ca24000-7f3b9ca25000 rw-p 0001a000 08:03 1574049                    /opt/java/jdk1.8.0_45/jre/lib/amd64/libzip.so
7f3b9ca25000-7f3b9ca30000 r-xp 00000000 08:03 131807                     /lib/x86_64-linux-gnu/libnss_files-2.19.so
7f3b9ca30000-7f3b9cc2f000 ---p 0000b000 08:03 131807                     /lib/x86_64-linux-gnu/libnss_files-2.19.so
7f3b9cc2f000-7f3b9cc30000 r--p 0000a000 08:03 131807                     /lib/x86_64-linux-gnu/libnss_files-2.19.so
7f3b9cc30000-7f3b9cc31000 rw-p 0000b000 08:03 131807                     /lib/x86_64-linux-gnu/libnss_files-2.19.so
7f3b9cc31000-7f3b9cc3c000 r-xp 00000000 08:03 131871                     /lib/x86_64-linux-gnu/libnss_nis-2.19.so
7f3b9cc3c000-7f3b9ce3b000 ---p 0000b000 08:03 131871                     /lib/x86_64-linux-gnu/libnss_nis-2.19.so
7f3b9ce3b000-7f3b9ce3c000 r--p 0000a000 08:03 131871                     /lib/x86_64-linux-gnu/libnss_nis-2.19.so
7f3b9ce3c000-7f3b9ce3d000 rw-p 0000b000 08:03 131871                     /lib/x86_64-linux-gnu/libnss_nis-2.19.so
7f3b9ce3d000-7f3b9ce54000 r-xp 00000000 08:03 131829                     /lib/x86_64-linux-gnu/libnsl-2.19.so
7f3b9ce54000-7f3b9d053000 ---p 00017000 08:03 131829                     /lib/x86_64-linux-gnu/libnsl-2.19.so
7f3b9d053000-7f3b9d054000 r--p 00016000 08:03 131829                     /lib/x86_64-linux-gnu/libnsl-2.19.so
7f3b9d054000-7f3b9d055000 rw-p 00017000 08:03 131829                     /lib/x86_64-linux-gnu/libnsl-2.19.so
7f3b9d055000-7f3b9d057000 rw-p 00000000 00:00 0 
7f3b9d057000-7f3b9d060000 r-xp 00000000 08:03 131828                     /lib/x86_64-linux-gnu/libnss_compat-2.19.so
7f3b9d060000-7f3b9d25f000 ---p 00009000 08:03 131828                     /lib/x86_64-linux-gnu/libnss_compat-2.19.so
7f3b9d25f000-7f3b9d260000 r--p 00008000 08:03 131828                     /lib/x86_64-linux-gnu/libnss_compat-2.19.so
7f3b9d260000-7f3b9d261000 rw-p 00009000 08:03 131828                     /lib/x86_64-linux-gnu/libnss_compat-2.19.so
7f3b9d261000-7f3b9d28b000 r-xp 00000000 08:03 1574040                    /opt/java/jdk1.8.0_45/jre/lib/amd64/libjava.so
7f3b9d28b000-7f3b9d48b000 ---p 0002a000 08:03 1574040                    /opt/java/jdk1.8.0_45/jre/lib/amd64/libjava.so
7f3b9d48b000-7f3b9d48d000 rw-p 0002a000 08:03 1574040                    /opt/java/jdk1.8.0_45/jre/lib/amd64/libjava.so
7f3b9d48d000-7f3b9d49a000 r-xp 00000000 08:03 1574047                    /opt/java/jdk1.8.0_45/jre/lib/amd64/libverify.so
7f3b9d49a000-7f3b9d69a000 ---p 0000d000 08:03 1574047                    /opt/java/jdk1.8.0_45/jre/lib/amd64/libverify.so
7f3b9d69a000-7f3b9d69c000 rw-p 0000d000 08:03 1574047                    /opt/java/jdk1.8.0_45/jre/lib/amd64/libverify.so
7f3b9d69c000-7f3b9d6a3000 r-xp 00000000 08:03 131868                     /lib/x86_64-linux-gnu/librt-2.19.so
7f3b9d6a3000-7f3b9d8a2000 ---p 00007000 08:03 131868                     /lib/x86_64-linux-gnu/librt-2.19.so
7f3b9d8a2000-7f3b9d8a3000 r--p 00006000 08:03 131868                     /lib/x86_64-linux-gnu/librt-2.19.so
7f3b9d8a3000-7f3b9d8a4000 rw-p 00007000 08:03 131868                     /lib/x86_64-linux-gnu/librt-2.19.so
7f3b9d8a4000-7f3b9d9a9000 r-xp 00000000 08:03 131806                     /lib/x86_64-linux-gnu/libm-2.19.so
7f3b9d9a9000-7f3b9dba8000 ---p 00105000 08:03 131806                     /lib/x86_64-linux-gnu/libm-2.19.so
7f3b9dba8000-7f3b9dba9000 r--p 00104000 08:03 131806                     /lib/x86_64-linux-gnu/libm-2.19.so
7f3b9dba9000-7f3b9dbaa000 rw-p 00105000 08:03 131806                     /lib/x86_64-linux-gnu/libm-2.19.so
7f3b9dbaa000-7f3b9e858000 r-xp 00000000 08:03 1574060                    /opt/java/jdk1.8.0_45/jre/lib/amd64/server/libjvm.so
7f3b9e858000-7f3b9ea57000 ---p 00cae000 08:03 1574060                    /opt/java/jdk1.8.0_45/jre/lib/amd64/server/libjvm.so
7f3b9ea57000-7f3b9eb2e000 rw-p 00cad000 08:03 1574060                    /opt/java/jdk1.8.0_45/jre/lib/amd64/server/libjvm.so
7f3b9eb2e000-7f3b9eb72000 rw-p 00000000 00:00 0 
7f3b9eb72000-7f3b9ed2d000 r-xp 00000000 08:03 131857                     /lib/x86_64-linux-gnu/libc-2.19.so
7f3b9ed2d000-7f3b9ef2c000 ---p 001bb000 08:03 131857                     /lib/x86_64-linux-gnu/libc-2.19.so
7f3b9ef2c000-7f3b9ef30000 r--p 001ba000 08:03 131857                     /lib/x86_64-linux-gnu/libc-2.19.so
7f3b9ef30000-7f3b9ef32000 rw-p 001be000 08:03 131857                     /lib/x86_64-linux-gnu/libc-2.19.so
7f3b9ef32000-7f3b9ef37000 rw-p 00000000 00:00 0 
7f3b9ef37000-7f3b9ef3a000 r-xp 00000000 08:03 131810                     /lib/x86_64-linux-gnu/libdl-2.19.so
7f3b9ef3a000-7f3b9f139000 ---p 00003000 08:03 131810                     /lib/x86_64-linux-gnu/libdl-2.19.so
7f3b9f139000-7f3b9f13a000 r--p 00002000 08:03 131810                     /lib/x86_64-linux-gnu/libdl-2.19.so
7f3b9f13a000-7f3b9f13b000 rw-p 00003000 08:03 131810                     /lib/x86_64-linux-gnu/libdl-2.19.so
7f3b9f13b000-7f3b9f150000 r-xp 00000000 08:03 1573749                    /opt/java/jdk1.8.0_45/lib/amd64/jli/libjli.so
7f3b9f150000-7f3b9f350000 ---p 00015000 08:03 1573749                    /opt/java/jdk1.8.0_45/lib/amd64/jli/libjli.so
7f3b9f350000-7f3b9f351000 rw-p 00015000 08:03 1573749                    /opt/java/jdk1.8.0_45/lib/amd64/jli/libjli.so
7f3b9f351000-7f3b9f36a000 r-xp 00000000 08:03 131858                     /lib/x86_64-linux-gnu/libpthread-2.19.so
7f3b9f36a000-7f3b9f569000 ---p 00019000 08:03 131858                     /lib/x86_64-linux-gnu/libpthread-2.19.so
7f3b9f569000-7f3b9f56a000 r--p 00018000 08:03 131858                     /lib/x86_64-linux-gnu/libpthread-2.19.so
7f3b9f56a000-7f3b9f56b000 rw-p 00019000 08:03 131858                     /lib/x86_64-linux-gnu/libpthread-2.19.so
7f3b9f56b000-7f3b9f56f000 rw-p 00000000 00:00 0 
7f3b9f56f000-7f3b9f592000 r-xp 00000000 08:03 131833                     /lib/x86_64-linux-gnu/ld-2.19.so
7f3b9f592000-7f3b9f59a000 r--s 0003d000 00:19 11273419                   /home/mike/AndroidStudioProjects/Wordist/app/build/intermediates/exploded-aar/com.google.android.gms/play-services-maps/7.5.0/jars/classes.jar
7f3b9f59a000-7f3b9f66c000 rw-p 00000000 00:00 0 
7f3b9f66c000-7f3b9f66f000 ---p 00000000 00:00 0 
7f3b9f66f000-7f3b9f785000 rw-p 00000000 00:00 0                          [stack:10049]
7f3b9f785000-7f3b9f78d000 rw-s 00000000 08:03 1574140                    /tmp/hsperfdata_mike/10028
7f3b9f78d000-7f3b9f78e000 rw-p 00000000 00:00 0 
7f3b9f78e000-7f3b9f78f000 ---p 00000000 00:00 0 
7f3b9f78f000-7f3b9f791000 rw-p 00000000 00:00 0 
7f3b9f791000-7f3b9f792000 r--p 00022000 08:03 131833                     /lib/x86_64-linux-gnu/ld-2.19.so
7f3b9f792000-7f3b9f793000 rw-p 00023000 08:03 131833                     /lib/x86_64-linux-gnu/ld-2.19.so
7f3b9f793000-7f3b9f794000 rw-p 00000000 00:00 0 
7fffd0cd3000-7fffd0cf4000 rw-p 00000000 00:00 0                          [stack]
7fffd0dd2000-7fffd0dd4000 r-xp 00000000 00:00 0                          [vdso]
ffffffffff600000-ffffffffff601000 r-xp 00000000 00:00 0                  [vsyscall]

VM Arguments:
jvm_args: -Xmx1024M -Dfile.encoding=UTF-8 -Duser.country=GB -Duser.language=en -Duser.variant 
java_command: com.android.dx.command.Main --dex --output /home/mike/AndroidStudioProjects/Wordist/app/build/intermediates/pre-dexed/debug/classes-58b29387257cd5a83056a0617fb8c89094f81493.jar /home/mike/AndroidStudioProjects/Wordist/app/build/intermediates/exploded-aar/com.google.android.gms/play-services-maps/7.5.0/jars/classes.jar
java_class_path (initial): /home/mike/Android/Sdk/build-tools/22.0.1/lib/dx.jar
Launcher Type: SUN_STANDARD

Environment Variables:
PATH=/usr/local/sbin:/usr/local/bin:/usr/sbin:/usr/bin:/sbin:/bin:/usr/games:/usr/local/games
USERNAME=mike
LD_LIBRARY_PATH=/opt/android-studio/bin:
SHELL=/bin/bash
DISPLAY=:0

Signal Handlers:
SIGSEGV: [libjvm.so+0xaad1e0], sa_mask[0]=11111111011111111101111111111110, sa_flags=SA_RESTART|SA_SIGINFO
SIGBUS: [libjvm.so+0xaad1e0], sa_mask[0]=11111111011111111101111111111110, sa_flags=SA_RESTART|SA_SIGINFO
SIGFPE: [libjvm.so+0x90b450], sa_mask[0]=11111111011111111101111111111110, sa_flags=SA_RESTART|SA_SIGINFO
SIGPIPE: [libjvm.so+0x90b450], sa_mask[0]=11111111011111111101111111111110, sa_flags=SA_RESTART|SA_SIGINFO
SIGXFSZ: [libjvm.so+0x90b450], sa_mask[0]=11111111011111111101111111111110, sa_flags=SA_RESTART|SA_SIGINFO
SIGILL: [libjvm.so+0x90b450], sa_mask[0]=11111111011111111101111111111110, sa_flags=SA_RESTART|SA_SIGINFO
SIGUSR1: SIG_DFL, sa_mask[0]=00000000000000000000000000000000, sa_flags=none
SIGUSR2: [libjvm.so+0x90ca90], sa_mask[0]=00100000000000000000000000000000, sa_flags=SA_RESTART|SA_SIGINFO
SIGHUP: [libjvm.so+0x90dde0], sa_mask[0]=11111111011111111101111111111110, sa_flags=SA_RESTART|SA_SIGINFO
SIGINT: [libjvm.so+0x90dde0], sa_mask[0]=11111111011111111101111111111110, sa_flags=SA_RESTART|SA_SIGINFO
SIGTERM: [libjvm.so+0x90dde0], sa_mask[0]=11111111011111111101111111111110, sa_flags=SA_RESTART|SA_SIGINFO
SIGQUIT: [libjvm.so+0x90dde0], sa_mask[0]=11111111011111111101111111111110, sa_flags=SA_RESTART|SA_SIGINFO


---------------  S Y S T E M  ---------------

OS:DISTRIB_ID=LinuxMint
DISTRIB_RELEASE=17.1
DISTRIB_CODENAME=rebecca
DISTRIB_DESCRIPTION="Linux Mint 17.1 Rebecca"

uname:Linux 3.13.0-37-generic #64-Ubuntu SMP Mon Sep 22 21:28:38 UTC 2014 x86_64
libc:glibc 2.19 NPTL 2.19 
rlimit: STACK 8192k, CORE 0k, NPROC 30866, NOFILE 4096, AS infinity
load average:1.82 2.01 1.22

/proc/meminfo:
MemTotal:        4048044 kB
MemFree:           93224 kB
Buffers:             408 kB
Cached:            47152 kB
SwapCached:            0 kB
Active:          3729592 kB
Inactive:          40056 kB
Active(anon):    3723928 kB
Inactive(anon):    32036 kB
Active(file):       5664 kB
Inactive(file):     8020 kB
Unevictable:         136 kB
Mlocked:             136 kB
SwapTotal:             0 kB
SwapFree:              0 kB
Dirty:               688 kB
Writeback:             0 kB
AnonPages:       3722992 kB
Mapped:            40248 kB
Shmem:             33128 kB
Slab:              58624 kB
SReclaimable:      20856 kB
SUnreclaim:        37768 kB
KernelStack:        4416 kB
PageTables:        26932 kB
NFS_Unstable:          0 kB
Bounce:                0 kB
WritebackTmp:          0 kB
CommitLimit:     2024020 kB
Committed_AS:    5549288 kB
VmallocTotal:   34359738367 kB
VmallocUsed:      310676 kB
VmallocChunk:   34359413752 kB
HardwareCorrupted:     0 kB
AnonHugePages:   2486272 kB
HugePages_Total:       0
HugePages_Free:        0
HugePages_Rsvd:        0
HugePages_Surp:        0
Hugepagesize:       2048 kB
DirectMap4k:       93760 kB
DirectMap2M:     4100096 kB
DirectMap1G:           0 kB


CPU:total 4 (4 cores per cpu, 1 threads per core) family 16 model 4 stepping 2, cmov, cx8, fxsr, mmx, sse, sse2, sse3, popcnt, mmxext, 3dnowpref, lzcnt, sse4a, tsc, tscinvbit, tscinv

/proc/cpuinfo:
processor	: 0
vendor_id	: AuthenticAMD
cpu family	: 16
model		: 4
model name	: AMD Phenom(tm) II X4 955 Processor
stepping	: 2
microcode	: 0x1000086
cpu MHz		: 2100.000
cache size	: 512 KB
physical id	: 0
siblings	: 4
core id		: 0
cpu cores	: 4
apicid		: 0
initial apicid	: 0
fpu		: yes
fpu_exception	: yes
cpuid level	: 5
wp		: yes
flags		: fpu vme de pse tsc msr pae mce cx8 apic sep mtrr pge mca cmov pat pse36 clflush mmx fxsr sse sse2 ht syscall nx mmxext fxsr_opt pdpe1gb rdtscp lm 3dnowext 3dnow constant_tsc rep_good nopl nonstop_tsc extd_apicid pni monitor cx16 popcnt lahf_lm cmp_legacy svm extapic cr8_legacy abm sse4a misalignsse 3dnowprefetch osvw ibs skinit wdt hw_pstate npt lbrv svm_lock nrip_save
bogomips	: 6399.96
TLB size	: 1024 4K pages
clflush size	: 64
cache_alignment	: 64
address sizes	: 48 bits physical, 48 bits virtual
power management: ts ttp tm stc 100mhzsteps hwpstate

processor	: 1
vendor_id	: AuthenticAMD
cpu family	: 16
model		: 4
model name	: AMD Phenom(tm) II X4 955 Processor
stepping	: 2
microcode	: 0x1000086
cpu MHz		: 2100.000
cache size	: 512 KB
physical id	: 0
siblings	: 4
core id		: 1
cpu cores	: 4
apicid		: 1
initial apicid	: 1
fpu		: yes
fpu_exception	: yes
cpuid level	: 5
wp		: yes
flags		: fpu vme de pse tsc msr pae mce cx8 apic sep mtrr pge mca cmov pat pse36 clflush mmx fxsr sse sse2 ht syscall nx mmxext fxsr_opt pdpe1gb rdtscp lm 3dnowext 3dnow constant_tsc rep_good nopl nonstop_tsc extd_apicid pni monitor cx16 popcnt lahf_lm cmp_legacy svm extapic cr8_legacy abm sse4a misalignsse 3dnowprefetch osvw ibs skinit wdt hw_pstate npt lbrv svm_lock nrip_save
bogomips	: 6399.96
TLB size	: 1024 4K pages
clflush size	: 64
cache_alignment	: 64
address sizes	: 48 bits physical, 48 bits virtual
power management: ts ttp tm stc 100mhzsteps hwpstate

processor	: 2
vendor_id	: AuthenticAMD
cpu family	: 16
model		: 4
model name	: AMD Phenom(tm) II X4 955 Processor
stepping	: 2
microcode	: 0x1000086
cpu MHz		: 800.000
cache size	: 512 KB
physical id	: 0
siblings	: 4
core id		: 2
cpu cores	: 4
apicid		: 2
initial apicid	: 2
fpu		: yes
fpu_exception	: yes
cpuid level	: 5
wp		: yes
flags		: fpu vme de pse tsc msr pae mce cx8 apic sep mtrr pge mca cmov pat pse36 clflush mmx fxsr sse sse2 ht syscall nx mmxext fxsr_opt pdpe1gb rdtscp lm 3dnowext 3dnow constant_tsc rep_good nopl nonstop_tsc extd_apicid pni monitor cx16 popcnt lahf_lm cmp_legacy svm extapic cr8_legacy abm sse4a misalignsse 3dnowprefetch osvw ibs skinit wdt hw_pstate npt lbrv svm_lock nrip_save
bogomips	: 6399.96
TLB size	: 1024 4K pages
clflush size	: 64
cache_alignment	: 64
address sizes	: 48 bits physical, 48 bits virtual
power management: ts ttp tm stc 100mhzsteps hwpstate

processor	: 3
vendor_id	: AuthenticAMD
cpu family	: 16
model		: 4
model name	: AMD Phenom(tm) II X4 955 Processor
stepping	: 2
microcode	: 0x1000086
cpu MHz		: 3200.000
cache size	: 512 KB
physical id	: 0
siblings	: 4
core id		: 3
cpu cores	: 4
apicid		: 3
initial apicid	: 3
fpu		: yes
fpu_exception	: yes
cpuid level	: 5
wp		: yes
flags		: fpu vme de pse tsc msr pae mce cx8 apic sep mtrr pge mca cmov pat pse36 clflush mmx fxsr sse sse2 ht syscall nx mmxext fxsr_opt pdpe1gb rdtscp lm 3dnowext 3dnow constant_tsc rep_good nopl nonstop_tsc extd_apicid pni monitor cx16 popcnt lahf_lm cmp_legacy svm extapic cr8_legacy abm sse4a misalignsse 3dnowprefetch osvw ibs skinit wdt hw_pstate npt lbrv svm_lock nrip_save
bogomips	: 6399.96
TLB size	: 1024 4K pages
clflush size	: 64
cache_alignment	: 64
address sizes	: 48 bits physical, 48 bits virtual
power management: ts ttp tm stc 100mhzsteps hwpstate



Memory: 4k page, physical 4048044k(92976k free), swap 0k(0k free)

vm_info: Java HotSpot(TM) 64-Bit Server VM (25.45-b02) for linux-amd64 JRE (1.8.0_45-b14), built on Apr 10 2015 10:07:45 by "java_re" with gcc 4.3.0 20080428 (Red Hat 4.3.0-8)

time: Mon Jun 22 19:54:57 2015
elapsed time: 4 seconds (0d 0h 0m 4s)

