#
# There is insufficient memory for the Java Runtime Environment to continue.
# Native memory allocation (mmap) failed to map 41943040 bytes for committing reserved memory.
# Possible reasons:
#   The system is out of physical RAM or swap space
#   In 32 bit mode, the process size limit was hit
# Possible solutions:
#   Reduce memory load on the system
#   Increase physical memory or swap space
#   Check if swap backing store is full
#   Use 64 bit Java on a 64 bit OS
#   Decrease Java heap size (-Xmx/-Xms)
#   Decrease number of Java threads
#   Decrease Java thread stack sizes (-Xss)
#   Set larger code cache with -XX:ReservedCodeCacheSize=
# This output file may be truncated or incomplete.
#
#  Out of Memory Error (os_linux.cpp:2673), pid=6083, tid=140076062336768
#
# JRE version: Java(TM) SE Runtime Environment (8.0_45-b14) (build 1.8.0_45-b14)
# Java VM: Java HotSpot(TM) 64-Bit Server VM (25.45-b02 mixed mode linux-amd64 compressed oops)
# Failed to write core dump. Core dumps have been disabled. To enable core dumping, try "ulimit -c unlimited" before starting Java again
#

---------------  T H R E A D  ---------------

Current thread (0x00007f6614077800):  VMThread [stack: 0x00007f65ffdfe000,0x00007f65ffeff000] [id=6092]

Stack: [0x00007f65ffdfe000,0x00007f65ffeff000],  sp=0x00007f65ffefcf60,  free space=1019k
Native frames: (J=compiled Java code, j=interpreted, Vv=VM code, C=native code)
V  [libjvm.so+0xaac99a]  VMError::report_and_die()+0x2ba
V  [libjvm.so+0x4f333b]  report_vm_out_of_memory(char const*, int, unsigned long, VMErrorType, char const*)+0x8b
V  [libjvm.so+0x90e7c3]  os::Linux::commit_memory_impl(char*, unsigned long, bool)+0x103
V  [libjvm.so+0x90ed19]  os::pd_commit_memory(char*, unsigned long, unsigned long, bool)+0x29
V  [libjvm.so+0x90867a]  os::commit_memory(char*, unsigned long, unsigned long, bool)+0x2a
V  [libjvm.so+0x97bac3]  PSVirtualSpace::expand_by(unsigned long)+0x53
V  [libjvm.so+0x97cec8]  PSYoungGen::resize_generation(unsigned long, unsigned long)+0xf8
V  [libjvm.so+0x97c022]  PSYoungGen::resize(unsigned long, unsigned long)+0x22
V  [libjvm.so+0x9792fb]  PSScavenge::invoke_no_policy()+0xf7b
V  [libjvm.so+0x979a81]  PSScavenge::invoke()+0x41
V  [libjvm.so+0x932050]  ParallelScavengeHeap::failed_mem_allocate(unsigned long)+0x70
V  [libjvm.so+0xaae1d7]  VM_ParallelGCFailedAllocation::doit()+0x97
V  [libjvm.so+0xab59c5]  VM_Operation::evaluate()+0x55
V  [libjvm.so+0xab3d9a]  VMThread::evaluate_operation(VM_Operation*)+0xba
V  [libjvm.so+0xab411e]  VMThread::loop()+0x1ce
V  [libjvm.so+0xab4590]  VMThread::run()+0x70
V  [libjvm.so+0x910de8]  java_start(Thread*)+0x108

VM_Operation (0x00007f661c5c46b0): ParallelGCFailedAllocation, mode: safepoint, requested by thread 0x00007f661400a000


---------------  P R O C E S S  ---------------

Java Threads: ( => current thread )
  0x00007f66140c2000 JavaThread "Service Thread" daemon [_thread_blocked, id=6099, stack(0x00007f65ff42e000,0x00007f65ff52f000)]
  0x00007f66140bd000 JavaThread "C1 CompilerThread2" daemon [_thread_blocked, id=6098, stack(0x00007f65ff52f000,0x00007f65ff630000)]
  0x00007f66140bb800 JavaThread "C2 CompilerThread1" daemon [_thread_blocked, id=6097, stack(0x00007f65ff630000,0x00007f65ff731000)]
  0x00007f66140b8800 JavaThread "C2 CompilerThread0" daemon [_thread_blocked, id=6096, stack(0x00007f65ff731000,0x00007f65ff832000)]
  0x00007f66140b7000 JavaThread "Signal Dispatcher" daemon [_thread_blocked, id=6095, stack(0x00007f65ff832000,0x00007f65ff933000)]
  0x00007f661407f000 JavaThread "Finalizer" daemon [_thread_blocked, id=6094, stack(0x00007f65ffbfc000,0x00007f65ffcfd000)]
  0x00007f661407c800 JavaThread "Reference Handler" daemon [_thread_blocked, id=6093, stack(0x00007f65ffcfd000,0x00007f65ffdfe000)]
  0x00007f661400a000 JavaThread "main" [_thread_blocked, id=6085, stack(0x00007f661c4c6000,0x00007f661c5c7000)]

Other Threads:
=>0x00007f6614077800 VMThread [stack: 0x00007f65ffdfe000,0x00007f65ffeff000] [id=6092]
  0x00007f66140c4800 WatcherThread [stack: 0x00007f65ff32d000,0x00007f65ff42e000] [id=6100]

VM state:at safepoint (normal execution)

VM Mutex/Monitor currently owned by a thread:  ([mutex/lock_event])
[0x00007f6614006350] Threads_lock - owner thread: 0x00007f6614077800
[0x00007f6614006850] Heap_lock - owner thread: 0x00007f661400a000

Heap:
 PSYoungGen      total 34304K, used 2528K [0x00000000eab00000, 0x00000000ecf00000, 0x0000000100000000)
  eden space 31744K, 0% used [0x00000000eab00000,0x00000000eab00000,0x00000000eca00000)
  from space 2560K, 98% used [0x00000000eca00000,0x00000000ecc78038,0x00000000ecc80000)
  to   space 2560K, 0% used [0x00000000ecc80000,0x00000000ecc80000,0x00000000ecf00000)
 ParOldGen       total 42496K, used 14202K [0x00000000c0000000, 0x00000000c2980000, 0x00000000eab00000)
  object space 42496K, 33% used [0x00000000c0000000,0x00000000c0ddebb8,0x00000000c2980000)
 Metaspace       used 5863K, capacity 7088K, committed 7296K, reserved 1056768K
  class space    used 547K, capacity 616K, committed 640K, reserved 1048576K

Card table byte_map: [0x00007f66190a3000,0x00007f66192a4000] byte_map_base: 0x00007f6618aa3000

Marking Bits: (ParMarkBitMap*) 0x00007f661b9a1760
 Begin Bits: [0x00007f65fb000000, 0x00007f65fc000000)
 End Bits:   [0x00007f65fc000000, 0x00007f65fd000000)

Polling page: 0x00007f661c5e8000

CodeCache: size=245760Kb used=6718Kb max_used=6718Kb free=239041Kb
 bounds [0x00007f6605000000, 0x00007f66056a0000, 0x00007f6614000000]
 total_blobs=1876 nmethods=1613 adapters=178
 compilation: enabled

Compilation events (10 events):
Event: 4.753 Thread 0x00007f66140bd000 1631       2       com.android.dx.dex.file.ValueEncoder::addContents (75 bytes)
Event: 4.753 Thread 0x00007f66140bd000 nmethod 1631 0x00007f6605692090 code [0x00007f6605692280, 0x00007f6605692918]
Event: 4.775 Thread 0x00007f66140bd000 1635       2       com.android.dx.dex.file.ClassDefItem::addDirectMethod (9 bytes)
Event: 4.776 Thread 0x00007f66140bd000 nmethod 1635 0x00007f6605692f50 code [0x00007f66056930e0, 0x00007f6605693418]
Event: 4.776 Thread 0x00007f66140bd000 1636       2       com.android.dx.dex.file.ClassDataItem::addDirectMethod (24 bytes)
Event: 4.776 Thread 0x00007f66140bd000 nmethod 1636 0x00007f66056936d0 code [0x00007f6605693860, 0x00007f6605693bb8]
Event: 4.794 Thread 0x00007f66140bd000 1639       1       com.android.dx.rop.cst.CstLong::getType (4 bytes)
Event: 4.794 Thread 0x00007f66140bd000 nmethod 1639 0x00007f6605693e50 code [0x00007f6605693fa0, 0x00007f66056940b0]
Event: 4.794 Thread 0x00007f66140bd000 1637       1       com.android.dx.cf.attrib.AttInnerClasses::getInnerClasses (5 bytes)
Event: 4.794 Thread 0x00007f66140bd000 nmethod 1637 0x00007f6605694110 code [0x00007f6605694260, 0x00007f6605694370]

GC Heap History (9 events):
Event: 1.780 GC heap before
{Heap before GC invocations=1 (full 0):
 PSYoungGen      total 18432K, used 15872K [0x00000000eab00000, 0x00000000ebf80000, 0x0000000100000000)
  eden space 15872K, 100% used [0x00000000eab00000,0x00000000eba80000,0x00000000eba80000)
  from space 2560K, 0% used [0x00000000ebd00000,0x00000000ebd00000,0x00000000ebf80000)
  to   space 2560K, 0% used [0x00000000eba80000,0x00000000eba80000,0x00000000ebd00000)
 ParOldGen       total 42496K, used 0K [0x00000000c0000000, 0x00000000c2980000, 0x00000000eab00000)
  object space 42496K, 0% used [0x00000000c0000000,0x00000000c0000000,0x00000000c2980000)
 Metaspace       used 5460K, capacity 6704K, committed 6784K, reserved 1056768K
  class space    used 544K, capacity 616K, committed 640K, reserved 1048576K
Event: 1.797 GC heap after
Heap after GC invocations=1 (full 0):
 PSYoungGen      total 18432K, used 2551K [0x00000000eab00000, 0x00000000ebf80000, 0x0000000100000000)
  eden space 15872K, 0% used [0x00000000eab00000,0x00000000eab00000,0x00000000eba80000)
  from space 2560K, 99% used [0x00000000eba80000,0x00000000ebcfdc78,0x00000000ebd00000)
  to   space 2560K, 0% used [0x00000000ebd00000,0x00000000ebd00000,0x00000000ebf80000)
 ParOldGen       total 42496K, used 1818K [0x00000000c0000000, 0x00000000c2980000, 0x00000000eab00000)
  object space 42496K, 4% used [0x00000000c0000000,0x00000000c01c68d0,0x00000000c2980000)
 Metaspace       used 5460K, capacity 6704K, committed 6784K, reserved 1056768K
  class space    used 544K, capacity 616K, committed 640K, reserved 1048576K
}
Event: 2.518 GC heap before
{Heap before GC invocations=2 (full 0):
 PSYoungGen      total 18432K, used 18423K [0x00000000eab00000, 0x00000000ebf80000, 0x0000000100000000)
  eden space 15872K, 100% used [0x00000000eab00000,0x00000000eba80000,0x00000000eba80000)
  from space 2560K, 99% used [0x00000000eba80000,0x00000000ebcfdc78,0x00000000ebd00000)
  to   space 2560K, 0% used [0x00000000ebd00000,0x00000000ebd00000,0x00000000ebf80000)
 ParOldGen       total 42496K, used 1818K [0x00000000c0000000, 0x00000000c2980000, 0x00000000eab00000)
  object space 42496K, 4% used [0x00000000c0000000,0x00000000c01c68d0,0x00000000c2980000)
 Metaspace       used 5688K, capacity 6896K, committed 7040K, reserved 1056768K
  class space    used 544K, capacity 616K, committed 640K, reserved 1048576K
Event: 2.540 GC heap after
Heap after GC invocations=2 (full 0):
 PSYoungGen      total 18432K, used 2535K [0x00000000eab00000, 0x00000000ecf00000, 0x0000000100000000)
  eden space 15872K, 0% used [0x00000000eab00000,0x00000000eab00000,0x00000000eba80000)
  from space 2560K, 99% used [0x00000000ebd00000,0x00000000ebf79c78,0x00000000ebf80000)
  to   space 2560K, 0% used [0x00000000eba80000,0x00000000eba80000,0x00000000ebd00000)
 ParOldGen       total 42496K, used 4415K [0x00000000c0000000, 0x00000000c2980000, 0x00000000eab00000)
  object space 42496K, 10% used [0x00000000c0000000,0x00000000c044fed0,0x00000000c2980000)
 Metaspace       used 5688K, capacity 6896K, committed 7040K, reserved 1056768K
  class space    used 544K, capacity 616K, committed 640K, reserved 1048576K
}
Event: 3.244 GC heap before
{Heap before GC invocations=3 (full 0):
 PSYoungGen      total 18432K, used 18407K [0x00000000eab00000, 0x00000000ecf00000, 0x0000000100000000)
  eden space 15872K, 100% used [0x00000000eab00000,0x00000000eba80000,0x00000000eba80000)
  from space 2560K, 99% used [0x00000000ebd00000,0x00000000ebf79c78,0x00000000ebf80000)
  to   space 2560K, 0% used [0x00000000eba80000,0x00000000eba80000,0x00000000ebd00000)
 ParOldGen       total 42496K, used 4415K [0x00000000c0000000, 0x00000000c2980000, 0x00000000eab00000)
  object space 42496K, 10% used [0x00000000c0000000,0x00000000c044fed0,0x00000000c2980000)
 Metaspace       used 5765K, capacity 7024K, committed 7296K, reserved 1056768K
  class space    used 546K, capacity 616K, committed 640K, reserved 1048576K
Event: 3.265 GC heap after
Heap after GC invocations=3 (full 0):
 PSYoungGen      total 18432K, used 2528K [0x00000000eab00000, 0x00000000ecf00000, 0x0000000100000000)
  eden space 15872K, 0% used [0x00000000eab00000,0x00000000eab00000,0x00000000eba80000)
  from space 2560K, 98% used [0x00000000eba80000,0x00000000ebcf8018,0x00000000ebd00000)
  to   space 2560K, 0% used [0x00000000ecc80000,0x00000000ecc80000,0x00000000ecf00000)
 ParOldGen       total 42496K, used 6835K [0x00000000c0000000, 0x00000000c2980000, 0x00000000eab00000)
  object space 42496K, 16% used [0x00000000c0000000,0x00000000c06aced8,0x00000000c2980000)
 Metaspace       used 5765K, capacity 7024K, committed 7296K, reserved 1056768K
  class space    used 546K, capacity 616K, committed 640K, reserved 1048576K
}
Event: 3.935 GC heap before
{Heap before GC invocations=4 (full 0):
 PSYoungGen      total 18432K, used 18400K [0x00000000eab00000, 0x00000000ecf00000, 0x0000000100000000)
  eden space 15872K, 100% used [0x00000000eab00000,0x00000000eba80000,0x00000000eba80000)
  from space 2560K, 98% used [0x00000000eba80000,0x00000000ebcf8018,0x00000000ebd00000)
  to   space 2560K, 0% used [0x00000000ecc80000,0x00000000ecc80000,0x00000000ecf00000)
 ParOldGen       total 42496K, used 6835K [0x00000000c0000000, 0x00000000c2980000, 0x00000000eab00000)
  object space 42496K, 16% used [0x00000000c0000000,0x00000000c06aced8,0x00000000c2980000)
 Metaspace       used 5818K, capacity 7024K, committed 7296K, reserved 1056768K
  class space    used 546K, capacity 616K, committed 640K, reserved 1048576K
Event: 3.959 GC heap after
Heap after GC invocations=4 (full 0):
 PSYoungGen      total 34304K, used 2528K [0x00000000eab00000, 0x00000000ecf00000, 0x0000000100000000)
  eden space 31744K, 0% used [0x00000000eab00000,0x00000000eab00000,0x00000000eca00000)
  from space 2560K, 98% used [0x00000000ecc80000,0x00000000ecef8018,0x00000000ecf00000)
  to   space 2560K, 0% used [0x00000000eca00000,0x00000000eca00000,0x00000000ecc80000)
 ParOldGen       total 42496K, used 9333K [0x00000000c0000000, 0x00000000c2980000, 0x00000000eab00000)
  object space 42496K, 21% used [0x00000000c0000000,0x00000000c091d4c0,0x00000000c2980000)
 Metaspace       used 5818K, capacity 7024K, committed 7296K, reserved 1056768K
  class space    used 546K, capacity 616K, committed 640K, reserved 1048576K
}
Event: 4.898 GC heap before
{Heap before GC invocations=5 (full 0):
 PSYoungGen      total 34304K, used 34272K [0x00000000eab00000, 0x00000000ecf00000, 0x0000000100000000)
  eden space 31744K, 100% used [0x00000000eab00000,0x00000000eca00000,0x00000000eca00000)
  from space 2560K, 98% used [0x00000000ecc80000,0x00000000ecef8018,0x00000000ecf00000)
  to   space 2560K, 0% used [0x00000000eca00000,0x00000000eca00000,0x00000000ecc80000)
 ParOldGen       total 42496K, used 9333K [0x00000000c0000000, 0x00000000c2980000, 0x00000000eab00000)
  object space 42496K, 21% used [0x00000000c0000000,0x00000000c091d4c0,0x00000000c2980000)
 Metaspace       used 5863K, capacity 7088K, committed 7296K, reserved 1056768K
  class space    used 547K, capacity 616K, committed 640K, reserved 1048576K

Deoptimization events (10 events):
Event: 3.043 Thread 0x00007f661400a000 Uncommon trap: reason=bimorphic action=maybe_recompile pc=0x00007f660529bd1c method=java.util.HashMap.getNode(ILjava/lang/Object;)Ljava/util/HashMap$Node; @ 126
Event: 3.043 Thread 0x00007f661400a000 Uncommon trap: reason=bimorphic action=maybe_recompile pc=0x00007f660529bd1c method=java.util.HashMap.getNode(ILjava/lang/Object;)Ljava/util/HashMap$Node; @ 126
Event: 3.043 Thread 0x00007f661400a000 Uncommon trap: reason=bimorphic action=maybe_recompile pc=0x00007f6605363820 method=java.util.HashMap.getNode(ILjava/lang/Object;)Ljava/util/HashMap$Node; @ 126
Event: 3.198 Thread 0x00007f661400a000 Uncommon trap: reason=unstable_if action=reinterpret pc=0x00007f6605470904 method=com.android.dx.util.LabeledList.set(ILcom/android/dx/util/LabeledItem;)V @ 16
Event: 3.665 Thread 0x00007f661400a000 Uncommon trap: reason=unstable_if action=reinterpret pc=0x00007f66055c74f8 method=com.android.dx.cf.code.ByteCatchList.listFor(I)Lcom/android/dx/cf/code/ByteCatchList; @ 19
Event: 3.985 Thread 0x00007f661400a000 Uncommon trap: reason=bimorphic action=maybe_recompile pc=0x00007f6605600930 method=java.util.HashMap.putVal(ILjava/lang/Object;Ljava/lang/Object;ZZ)Ljava/lang/Object; @ 203
Event: 3.986 Thread 0x00007f661400a000 Uncommon trap: reason=unstable_if action=reinterpret pc=0x00007f6605584d08 method=com.android.dx.ssa.SCCP.simulateStmt(Lcom/android/dx/ssa/SsaInsn;)V @ 53
Event: 4.251 Thread 0x00007f661400a000 Uncommon trap: reason=unstable_if action=reinterpret pc=0x00007f6605650c98 method=java.util.BitSet.clone()Ljava/lang/Object; @ 4
Event: 4.374 Thread 0x00007f661400a000 Uncommon trap: reason=unstable_if action=reinterpret pc=0x00007f660540d23c method=com.android.dx.ssa.SsaMethod.updateOneDefinition(Lcom/android/dx/ssa/SsaInsn;Lcom/android/dx/rop/code/RegisterSpec;)V @ 4
Event: 4.654 Thread 0x00007f661400a000 Uncommon trap: reason=unstable_if action=reinterpret pc=0x00007f660566e0c8 method=com.android.dx.ssa.LiteralOpUpgrader$1.visitNonMoveInsn(Lcom/android/dx/ssa/NormalSsaInsn;)V @ 55

Internal exceptions (2 events):
Event: 0.095 Thread 0x00007f661400a000 Exception <a 'java/lang/NoSuchMethodError': Method sun.misc.Unsafe.defineClass(Ljava/lang/String;[BII)Ljava/lang/Class; name or signature does not match> (0x00000000eab12a38) thrown at [/RE-WORK/workspace/8-2-build-linux-amd64/jdk8u45/3457/hotspot/src/sha
Event: 0.095 Thread 0x00007f661400a000 Exception <a 'java/lang/NoSuchMethodError': Method sun.misc.Unsafe.prefetchRead(Ljava/lang/Object;J)V name or signature does not match> (0x00000000eab12cc8) thrown at [/RE-WORK/workspace/8-2-build-linux-amd64/jdk8u45/3457/hotspot/src/share/vm/prims/jni.cp

Events (10 events):
Event: 4.251 Thread 0x00007f661400a000 DEOPT UNPACKING pc=0x00007f6605005229 sp=0x00007f661c5c4a88 mode 2
Event: 4.368 loading class com/android/dx/rop/code/RegOps
Event: 4.368 loading class com/android/dx/rop/code/RegOps done
Event: 4.374 Thread 0x00007f661400a000 Uncommon trap: trap_request=0xffffff65 fr.pc=0x00007f660540d23c
Event: 4.374 Thread 0x00007f661400a000 DEOPT PACKING pc=0x00007f660540d23c sp=0x00007f661c5c4950
Event: 4.374 Thread 0x00007f661400a000 DEOPT UNPACKING pc=0x00007f6605005229 sp=0x00007f661c5c4918 mode 2
Event: 4.639 Thread 0x00007f661400a000 Uncommon trap: trap_request=0xffffff65 fr.pc=0x00007f660566e0c8
Event: 4.659 Thread 0x00007f661400a000 DEOPT PACKING pc=0x00007f660566e0c8 sp=0x00007f661c5c4b80
Event: 4.661 Thread 0x00007f661400a000 DEOPT UNPACKING pc=0x00007f6605005229 sp=0x00007f661c5c4b90 mode 2
Event: 4.841 Executing VM operation: ParallelGCFailedAllocation


Dynamic libraries:
00400000-00401000 r-xp 00000000 08:03 1572315                            /opt/java/jdk1.8.0_45/bin/java
00600000-00601000 rw-p 00000000 08:03 1572315                            /opt/java/jdk1.8.0_45/bin/java
01eef000-01f10000 rw-p 00000000 00:00 0                                  [heap]
c0000000-c2980000 rw-p 00000000 00:00 0 
c2980000-eab00000 ---p 00000000 00:00 0 
eab00000-ecf00000 rw-p 00000000 00:00 0 
ef700000-100000000 ---p 00000000 00:00 0 
100000000-1000a0000 rw-p 00000000 00:00 0 
1000a0000-140000000 ---p 00000000 00:00 0 
7f65c4000000-7f65c4021000 rw-p 00000000 00:00 0 
7f65c4021000-7f65c8000000 ---p 00000000 00:00 0 
7f65c8000000-7f65c8021000 rw-p 00000000 00:00 0 
7f65c8021000-7f65cc000000 ---p 00000000 00:00 0 
7f65cc000000-7f65cc772000 rw-p 00000000 00:00 0 
7f65cc772000-7f65d0000000 ---p 00000000 00:00 0 
7f65d0000000-7f65d09a7000 rw-p 00000000 00:00 0 
7f65d09a7000-7f65d4000000 ---p 00000000 00:00 0 
7f65d4000000-7f65d4021000 rw-p 00000000 00:00 0 
7f65d4021000-7f65d8000000 ---p 00000000 00:00 0 
7f65d8000000-7f65d89b6000 rw-p 00000000 00:00 0 
7f65d89b6000-7f65dc000000 ---p 00000000 00:00 0 
7f65dc000000-7f65dc021000 rw-p 00000000 00:00 0 
7f65dc021000-7f65e0000000 ---p 00000000 00:00 0 
7f65e0000000-7f65e0021000 rw-p 00000000 00:00 0 
7f65e0021000-7f65e4000000 ---p 00000000 00:00 0 
7f65e4000000-7f65e4021000 rw-p 00000000 00:00 0 
7f65e4021000-7f65e8000000 ---p 00000000 00:00 0 
7f65e8000000-7f65e828a000 rw-p 00000000 00:00 0 
7f65e828a000-7f65ec000000 ---p 00000000 00:00 0 
7f65ec000000-7f65ec021000 rw-p 00000000 00:00 0 
7f65ec021000-7f65f0000000 ---p 00000000 00:00 0 
7f65f4000000-7f65f4021000 rw-p 00000000 00:00 0 
7f65f4021000-7f65f8000000 ---p 00000000 00:00 0 
7f65fb000000-7f65fd000000 rw-p 00000000 00:00 0 
7f65ff32d000-7f65ff32e000 ---p 00000000 00:00 0 
7f65ff32e000-7f65ff42e000 rw-p 00000000 00:00 0                          [stack:6100]
7f65ff42e000-7f65ff431000 ---p 00000000 00:00 0 
7f65ff431000-7f65ff52f000 rw-p 00000000 00:00 0                          [stack:6099]
7f65ff52f000-7f65ff532000 ---p 00000000 00:00 0 
7f65ff532000-7f65ff630000 rw-p 00000000 00:00 0                          [stack:6098]
7f65ff630000-7f65ff633000 ---p 00000000 00:00 0 
7f65ff633000-7f65ff731000 rw-p 00000000 00:00 0                          [stack:6097]
7f65ff731000-7f65ff734000 ---p 00000000 00:00 0 
7f65ff734000-7f65ff832000 rw-p 00000000 00:00 0                          [stack:6096]
7f65ff832000-7f65ff835000 ---p 00000000 00:00 0 
7f65ff835000-7f65ff933000 rw-p 00000000 00:00 0                          [stack:6095]
7f65ff933000-7f65ffbfc000 r--p 00000000 08:03 266989                     /usr/lib/locale/locale-archive
7f65ffbfc000-7f65ffbff000 ---p 00000000 00:00 0 
7f65ffbff000-7f65ffcfd000 rw-p 00000000 00:00 0                          [stack:6094]
7f65ffcfd000-7f65ffd00000 ---p 00000000 00:00 0 
7f65ffd00000-7f65ffdfe000 rw-p 00000000 00:00 0                          [stack:6093]
7f65ffdfe000-7f65ffdff000 ---p 00000000 00:00 0 
7f65ffdff000-7f6600000000 rw-p 00000000 00:00 0                          [stack:6092]
7f6600000000-7f6600021000 rw-p 00000000 00:00 0 
7f6600021000-7f6604000000 ---p 00000000 00:00 0 
7f6604019000-7f6604e27000 rw-p 00000000 00:00 0 
7f6604e27000-7f6605000000 r--s 03d09000 08:03 1573810                    /opt/java/jdk1.8.0_45/jre/lib/rt.jar
7f6605000000-7f66056a0000 rwxp 00000000 00:00 0 
7f66056a0000-7f6614000000 ---p 00000000 00:00 0 
7f6614000000-7f6614389000 rw-p 00000000 00:00 0 
7f6614389000-7f6618000000 ---p 00000000 00:00 0 
7f6618016000-7f661801f000 r--s 00050000 00:19 11272849                   /home/mike/AndroidStudioProjects/Wordist/app/build/intermediates/exploded-aar/com.google.android.gms/play-services-fitness/7.5.0/jars/classes.jar
7f661801f000-7f661802e000 r--s 000dd000 00:19 9438599                    /home/mike/Android/Sdk/build-tools/22.0.1/lib/dx.jar
7f661802e000-7f66187c9000 rw-p 00000000 00:00 0 
7f66187c9000-7f6618949000 ---p 00000000 00:00 0 
7f6618949000-7f6618b49000 rw-p 00000000 00:00 0 
7f6618b49000-7f6618b4a000 ---p 00000000 00:00 0 
7f6618b4a000-7f6618c4a000 rw-p 00000000 00:00 0                          [stack:6091]
7f6618c4a000-7f6618c4b000 ---p 00000000 00:00 0 
7f6618c4b000-7f6618d4b000 rw-p 00000000 00:00 0                          [stack:6090]
7f6618d4b000-7f6618d4c000 ---p 00000000 00:00 0 
7f6618d4c000-7f6618e4c000 rw-p 00000000 00:00 0                          [stack:6089]
7f6618e4c000-7f6618e4d000 ---p 00000000 00:00 0 
7f6618e4d000-7f6618f62000 rw-p 00000000 00:00 0                          [stack:6088]
7f6618f62000-7f66190a3000 ---p 00000000 00:00 0 
7f66190a3000-7f66190b8000 rw-p 00000000 00:00 0 
7f66190b8000-7f66191f8000 ---p 00000000 00:00 0 
7f66191f8000-7f661920b000 rw-p 00000000 00:00 0 
7f661920b000-7f66192a3000 ---p 00000000 00:00 0 
7f66192a3000-7f66192bf000 rw-p 00000000 00:00 0 
7f66192bf000-7f6619664000 ---p 00000000 00:00 0 
7f6619664000-7f661967e000 r-xp 00000000 08:03 1574049                    /opt/java/jdk1.8.0_45/jre/lib/amd64/libzip.so
7f661967e000-7f661987e000 ---p 0001a000 08:03 1574049                    /opt/java/jdk1.8.0_45/jre/lib/amd64/libzip.so
7f661987e000-7f661987f000 rw-p 0001a000 08:03 1574049                    /opt/java/jdk1.8.0_45/jre/lib/amd64/libzip.so
7f661987f000-7f661988a000 r-xp 00000000 08:03 131807                     /lib/x86_64-linux-gnu/libnss_files-2.19.so
7f661988a000-7f6619a89000 ---p 0000b000 08:03 131807                     /lib/x86_64-linux-gnu/libnss_files-2.19.so
7f6619a89000-7f6619a8a000 r--p 0000a000 08:03 131807                     /lib/x86_64-linux-gnu/libnss_files-2.19.so
7f6619a8a000-7f6619a8b000 rw-p 0000b000 08:03 131807                     /lib/x86_64-linux-gnu/libnss_files-2.19.so
7f6619a8b000-7f6619a96000 r-xp 00000000 08:03 131871                     /lib/x86_64-linux-gnu/libnss_nis-2.19.so
7f6619a96000-7f6619c95000 ---p 0000b000 08:03 131871                     /lib/x86_64-linux-gnu/libnss_nis-2.19.so
7f6619c95000-7f6619c96000 r--p 0000a000 08:03 131871                     /lib/x86_64-linux-gnu/libnss_nis-2.19.so
7f6619c96000-7f6619c97000 rw-p 0000b000 08:03 131871                     /lib/x86_64-linux-gnu/libnss_nis-2.19.so
7f6619c97000-7f6619cae000 r-xp 00000000 08:03 131829                     /lib/x86_64-linux-gnu/libnsl-2.19.so
7f6619cae000-7f6619ead000 ---p 00017000 08:03 131829                     /lib/x86_64-linux-gnu/libnsl-2.19.so
7f6619ead000-7f6619eae000 r--p 00016000 08:03 131829                     /lib/x86_64-linux-gnu/libnsl-2.19.so
7f6619eae000-7f6619eaf000 rw-p 00017000 08:03 131829                     /lib/x86_64-linux-gnu/libnsl-2.19.so
7f6619eaf000-7f6619eb1000 rw-p 00000000 00:00 0 
7f6619eb1000-7f6619eba000 r-xp 00000000 08:03 131828                     /lib/x86_64-linux-gnu/libnss_compat-2.19.so
7f6619eba000-7f661a0b9000 ---p 00009000 08:03 131828                     /lib/x86_64-linux-gnu/libnss_compat-2.19.so
7f661a0b9000-7f661a0ba000 r--p 00008000 08:03 131828                     /lib/x86_64-linux-gnu/libnss_compat-2.19.so
7f661a0ba000-7f661a0bb000 rw-p 00009000 08:03 131828                     /lib/x86_64-linux-gnu/libnss_compat-2.19.so
7f661a0bb000-7f661a0e5000 r-xp 00000000 08:03 1574040                    /opt/java/jdk1.8.0_45/jre/lib/amd64/libjava.so
7f661a0e5000-7f661a2e5000 ---p 0002a000 08:03 1574040                    /opt/java/jdk1.8.0_45/jre/lib/amd64/libjava.so
7f661a2e5000-7f661a2e7000 rw-p 0002a000 08:03 1574040                    /opt/java/jdk1.8.0_45/jre/lib/amd64/libjava.so
7f661a2e7000-7f661a2f4000 r-xp 00000000 08:03 1574047                    /opt/java/jdk1.8.0_45/jre/lib/amd64/libverify.so
7f661a2f4000-7f661a4f4000 ---p 0000d000 08:03 1574047                    /opt/java/jdk1.8.0_45/jre/lib/amd64/libverify.so
7f661a4f4000-7f661a4f6000 rw-p 0000d000 08:03 1574047                    /opt/java/jdk1.8.0_45/jre/lib/amd64/libverify.so
7f661a4f6000-7f661a4fd000 r-xp 00000000 08:03 131868                     /lib/x86_64-linux-gnu/librt-2.19.so
7f661a4fd000-7f661a6fc000 ---p 00007000 08:03 131868                     /lib/x86_64-linux-gnu/librt-2.19.so
7f661a6fc000-7f661a6fd000 r--p 00006000 08:03 131868                     /lib/x86_64-linux-gnu/librt-2.19.so
7f661a6fd000-7f661a6fe000 rw-p 00007000 08:03 131868                     /lib/x86_64-linux-gnu/librt-2.19.so
7f661a6fe000-7f661a803000 r-xp 00000000 08:03 131806                     /lib/x86_64-linux-gnu/libm-2.19.so
7f661a803000-7f661aa02000 ---p 00105000 08:03 131806                     /lib/x86_64-linux-gnu/libm-2.19.so
7f661aa02000-7f661aa03000 r--p 00104000 08:03 131806                     /lib/x86_64-linux-gnu/libm-2.19.so
7f661aa03000-7f661aa04000 rw-p 00105000 08:03 131806                     /lib/x86_64-linux-gnu/libm-2.19.so
7f661aa04000-7f661b6b2000 r-xp 00000000 08:03 1574060                    /opt/java/jdk1.8.0_45/jre/lib/amd64/server/libjvm.so
7f661b6b2000-7f661b8b1000 ---p 00cae000 08:03 1574060                    /opt/java/jdk1.8.0_45/jre/lib/amd64/server/libjvm.so
7f661b8b1000-7f661b988000 rw-p 00cad000 08:03 1574060                    /opt/java/jdk1.8.0_45/jre/lib/amd64/server/libjvm.so
7f661b988000-7f661b9cc000 rw-p 00000000 00:00 0 
7f661b9cc000-7f661bb87000 r-xp 00000000 08:03 131857                     /lib/x86_64-linux-gnu/libc-2.19.so
7f661bb87000-7f661bd86000 ---p 001bb000 08:03 131857                     /lib/x86_64-linux-gnu/libc-2.19.so
7f661bd86000-7f661bd8a000 r--p 001ba000 08:03 131857                     /lib/x86_64-linux-gnu/libc-2.19.so
7f661bd8a000-7f661bd8c000 rw-p 001be000 08:03 131857                     /lib/x86_64-linux-gnu/libc-2.19.so
7f661bd8c000-7f661bd91000 rw-p 00000000 00:00 0 
7f661bd91000-7f661bd94000 r-xp 00000000 08:03 131810                     /lib/x86_64-linux-gnu/libdl-2.19.so
7f661bd94000-7f661bf93000 ---p 00003000 08:03 131810                     /lib/x86_64-linux-gnu/libdl-2.19.so
7f661bf93000-7f661bf94000 r--p 00002000 08:03 131810                     /lib/x86_64-linux-gnu/libdl-2.19.so
7f661bf94000-7f661bf95000 rw-p 00003000 08:03 131810                     /lib/x86_64-linux-gnu/libdl-2.19.so
7f661bf95000-7f661bfaa000 r-xp 00000000 08:03 1573749                    /opt/java/jdk1.8.0_45/lib/amd64/jli/libjli.so
7f661bfaa000-7f661c1aa000 ---p 00015000 08:03 1573749                    /opt/java/jdk1.8.0_45/lib/amd64/jli/libjli.so
7f661c1aa000-7f661c1ab000 rw-p 00015000 08:03 1573749                    /opt/java/jdk1.8.0_45/lib/amd64/jli/libjli.so
7f661c1ab000-7f661c1c4000 r-xp 00000000 08:03 131858                     /lib/x86_64-linux-gnu/libpthread-2.19.so
7f661c1c4000-7f661c3c3000 ---p 00019000 08:03 131858                     /lib/x86_64-linux-gnu/libpthread-2.19.so
7f661c3c3000-7f661c3c4000 r--p 00018000 08:03 131858                     /lib/x86_64-linux-gnu/libpthread-2.19.so
7f661c3c4000-7f661c3c5000 rw-p 00019000 08:03 131858                     /lib/x86_64-linux-gnu/libpthread-2.19.so
7f661c3c5000-7f661c3c9000 rw-p 00000000 00:00 0 
7f661c3c9000-7f661c3ec000 r-xp 00000000 08:03 131833                     /lib/x86_64-linux-gnu/ld-2.19.so
7f661c3f2000-7f661c3f3000 rw-p 00000000 00:00 0 
7f661c3f3000-7f661c3f4000 r--p 00000000 08:03 672594                     /usr/share/locale-langpack/en_GB/LC_MESSAGES/libc.mo
7f661c3f4000-7f661c4c6000 rw-p 00000000 00:00 0 
7f661c4c6000-7f661c4c9000 ---p 00000000 00:00 0 
7f661c4c9000-7f661c5df000 rw-p 00000000 00:00 0                          [stack:6085]
7f661c5df000-7f661c5e7000 rw-s 00000000 08:03 1574121                    /tmp/hsperfdata_mike/6083
7f661c5e7000-7f661c5e8000 rw-p 00000000 00:00 0 
7f661c5e8000-7f661c5e9000 ---p 00000000 00:00 0 
7f661c5e9000-7f661c5eb000 rw-p 00000000 00:00 0 
7f661c5eb000-7f661c5ec000 r--p 00022000 08:03 131833                     /lib/x86_64-linux-gnu/ld-2.19.so
7f661c5ec000-7f661c5ed000 rw-p 00023000 08:03 131833                     /lib/x86_64-linux-gnu/ld-2.19.so
7f661c5ed000-7f661c5ee000 rw-p 00000000 00:00 0 
7fffdcbce000-7fffdcbef000 rw-p 00000000 00:00 0                          [stack]
7fffdcbfe000-7fffdcc00000 r-xp 00000000 00:00 0                          [vdso]
ffffffffff600000-ffffffffff601000 r-xp 00000000 00:00 0                  [vsyscall]

VM Arguments:
jvm_args: -Xmx1024M -Dfile.encoding=UTF-8 -Duser.country=GB -Duser.language=en -Duser.variant 
java_command: com.android.dx.command.Main --dex --output /home/mike/AndroidStudioProjects/Wordist/app/build/intermediates/pre-dexed/debug/classes-a01fc196e9b5e27c345b9085d733979499f74bac.jar /home/mike/AndroidStudioProjects/Wordist/app/build/intermediates/exploded-aar/com.google.android.gms/play-services-fitness/7.5.0/jars/classes.jar
java_class_path (initial): /home/mike/Android/Sdk/build-tools/22.0.1/lib/dx.jar
Launcher Type: SUN_STANDARD

Environment Variables:
PATH=/usr/local/sbin:/usr/local/bin:/usr/sbin:/usr/bin:/sbin:/bin:/usr/games:/usr/local/games
USERNAME=mike
LD_LIBRARY_PATH=/opt/android-studio/bin:
SHELL=/bin/bash
DISPLAY=:0

Signal Handlers:
SIGSEGV: [libjvm.so+0xaad1e0], sa_mask[0]=11111111011111111101111111111110, sa_flags=SA_RESTART|SA_SIGINFO
SIGBUS: [libjvm.so+0xaad1e0], sa_mask[0]=11111111011111111101111111111110, sa_flags=SA_RESTART|SA_SIGINFO
SIGFPE: [libjvm.so+0x90b450], sa_mask[0]=11111111011111111101111111111110, sa_flags=SA_RESTART|SA_SIGINFO
SIGPIPE: [libjvm.so+0x90b450], sa_mask[0]=11111111011111111101111111111110, sa_flags=SA_RESTART|SA_SIGINFO
SIGXFSZ: [libjvm.so+0x90b450], sa_mask[0]=11111111011111111101111111111110, sa_flags=SA_RESTART|SA_SIGINFO
SIGILL: [libjvm.so+0x90b450], sa_mask[0]=11111111011111111101111111111110, sa_flags=SA_RESTART|SA_SIGINFO
SIGUSR1: SIG_DFL, sa_mask[0]=00000000000000000000000000000000, sa_flags=none
SIGUSR2: [libjvm.so+0x90ca90], sa_mask[0]=00100000000000000000000000000000, sa_flags=SA_RESTART|SA_SIGINFO
SIGHUP: [libjvm.so+0x90dde0], sa_mask[0]=11111111011111111101111111111110, sa_flags=SA_RESTART|SA_SIGINFO
SIGINT: [libjvm.so+0x90dde0], sa_mask[0]=11111111011111111101111111111110, sa_flags=SA_RESTART|SA_SIGINFO
SIGTERM: [libjvm.so+0x90dde0], sa_mask[0]=11111111011111111101111111111110, sa_flags=SA_RESTART|SA_SIGINFO
SIGQUIT: [libjvm.so+0x90dde0], sa_mask[0]=11111111011111111101111111111110, sa_flags=SA_RESTART|SA_SIGINFO


---------------  S Y S T E M  ---------------

OS:DISTRIB_ID=LinuxMint
DISTRIB_RELEASE=17.1
DISTRIB_CODENAME=rebecca
DISTRIB_DESCRIPTION="Linux Mint 17.1 Rebecca"

uname:Linux 3.13.0-37-generic #64-Ubuntu SMP Mon Sep 22 21:28:38 UTC 2014 x86_64
libc:glibc 2.19 NPTL 2.19 
rlimit: STACK 8192k, CORE 0k, NPROC 30866, NOFILE 4096, AS infinity
load average:6.35 1.91 1.03

/proc/meminfo:
MemTotal:        4048044 kB
MemFree:          152828 kB
Buffers:             732 kB
Cached:            83960 kB
SwapCached:            0 kB
Active:          3634452 kB
Inactive:          81572 kB
Active(anon):    3633224 kB
Inactive(anon):    39980 kB
Active(file):       1228 kB
Inactive(file):    41592 kB
Unevictable:          68 kB
Mlocked:              68 kB
SwapTotal:             0 kB
SwapFree:              0 kB
Dirty:               124 kB
Writeback:             0 kB
AnonPages:       3632296 kB
Mapped:            52688 kB
Shmem:             41080 kB
Slab:              68200 kB
SReclaimable:      25752 kB
SUnreclaim:        42448 kB
KernelStack:        4224 kB
PageTables:        26636 kB
NFS_Unstable:          0 kB
Bounce:                0 kB
WritebackTmp:          0 kB
CommitLimit:     2024020 kB
Committed_AS:    5485884 kB
VmallocTotal:   34359738367 kB
VmallocUsed:      310708 kB
VmallocChunk:   34359346752 kB
HardwareCorrupted:     0 kB
AnonHugePages:   2062336 kB
HugePages_Total:       0
HugePages_Free:        0
HugePages_Rsvd:        0
HugePages_Surp:        0
Hugepagesize:       2048 kB
DirectMap4k:       81472 kB
DirectMap2M:     3063808 kB
DirectMap1G:     1048576 kB


CPU:total 4 (4 cores per cpu, 1 threads per core) family 16 model 4 stepping 2, cmov, cx8, fxsr, mmx, sse, sse2, sse3, popcnt, mmxext, 3dnowpref, lzcnt, sse4a, tsc, tscinvbit, tscinv

/proc/cpuinfo:
processor	: 0
vendor_id	: AuthenticAMD
cpu family	: 16
model		: 4
model name	: AMD Phenom(tm) II X4 955 Processor
stepping	: 2
microcode	: 0x1000086
cpu MHz		: 3200.000
cache size	: 512 KB
physical id	: 0
siblings	: 4
core id		: 0
cpu cores	: 4
apicid		: 0
initial apicid	: 0
fpu		: yes
fpu_exception	: yes
cpuid level	: 5
wp		: yes
flags		: fpu vme de pse tsc msr pae mce cx8 apic sep mtrr pge mca cmov pat pse36 clflush mmx fxsr sse sse2 ht syscall nx mmxext fxsr_opt pdpe1gb rdtscp lm 3dnowext 3dnow constant_tsc rep_good nopl nonstop_tsc extd_apicid pni monitor cx16 popcnt lahf_lm cmp_legacy svm extapic cr8_legacy abm sse4a misalignsse 3dnowprefetch osvw ibs skinit wdt hw_pstate npt lbrv svm_lock nrip_save
bogomips	: 6399.92
TLB size	: 1024 4K pages
clflush size	: 64
cache_alignment	: 64
address sizes	: 48 bits physical, 48 bits virtual
power management: ts ttp tm stc 100mhzsteps hwpstate

processor	: 1
vendor_id	: AuthenticAMD
cpu family	: 16
model		: 4
model name	: AMD Phenom(tm) II X4 955 Processor
stepping	: 2
microcode	: 0x1000086
cpu MHz		: 3200.000
cache size	: 512 KB
physical id	: 0
siblings	: 4
core id		: 1
cpu cores	: 4
apicid		: 1
initial apicid	: 1
fpu		: yes
fpu_exception	: yes
cpuid level	: 5
wp		: yes
flags		: fpu vme de pse tsc msr pae mce cx8 apic sep mtrr pge mca cmov pat pse36 clflush mmx fxsr sse sse2 ht syscall nx mmxext fxsr_opt pdpe1gb rdtscp lm 3dnowext 3dnow constant_tsc rep_good nopl nonstop_tsc extd_apicid pni monitor cx16 popcnt lahf_lm cmp_legacy svm extapic cr8_legacy abm sse4a misalignsse 3dnowprefetch osvw ibs skinit wdt hw_pstate npt lbrv svm_lock nrip_save
bogomips	: 6399.92
TLB size	: 1024 4K pages
clflush size	: 64
cache_alignment	: 64
address sizes	: 48 bits physical, 48 bits virtual
power management: ts ttp tm stc 100mhzsteps hwpstate

processor	: 2
vendor_id	: AuthenticAMD
cpu family	: 16
model		: 4
model name	: AMD Phenom(tm) II X4 955 Processor
stepping	: 2
microcode	: 0x1000086
cpu MHz		: 3200.000
cache size	: 512 KB
physical id	: 0
siblings	: 4
core id		: 2
cpu cores	: 4
apicid		: 2
initial apicid	: 2
fpu		: yes
fpu_exception	: yes
cpuid level	: 5
wp		: yes
flags		: fpu vme de pse tsc msr pae mce cx8 apic sep mtrr pge mca cmov pat pse36 clflush mmx fxsr sse sse2 ht syscall nx mmxext fxsr_opt pdpe1gb rdtscp lm 3dnowext 3dnow constant_tsc rep_good nopl nonstop_tsc extd_apicid pni monitor cx16 popcnt lahf_lm cmp_legacy svm extapic cr8_legacy abm sse4a misalignsse 3dnowprefetch osvw ibs skinit wdt hw_pstate npt lbrv svm_lock nrip_save
bogomips	: 6399.92
TLB size	: 1024 4K pages
clflush size	: 64
cache_alignment	: 64
address sizes	: 48 bits physical, 48 bits virtual
power management: ts ttp tm stc 100mhzsteps hwpstate

processor	: 3
vendor_id	: AuthenticAMD
cpu family	: 16
model		: 4
model name	: AMD Phenom(tm) II X4 955 Processor
stepping	: 2
microcode	: 0x1000086
cpu MHz		: 3200.000
cache size	: 512 KB
physical id	: 0
siblings	: 4
core id		: 3
cpu cores	: 4
apicid		: 3
initial apicid	: 3
fpu		: yes
fpu_exception	: yes
cpuid level	: 5
wp		: yes
flags		: fpu vme de pse tsc msr pae mce cx8 apic sep mtrr pge mca cmov pat pse36 clflush mmx fxsr sse sse2 ht syscall nx mmxext fxsr_opt pdpe1gb rdtscp lm 3dnowext 3dnow constant_tsc rep_good nopl nonstop_tsc extd_apicid pni monitor cx16 popcnt lahf_lm cmp_legacy svm extapic cr8_legacy abm sse4a misalignsse 3dnowprefetch osvw ibs skinit wdt hw_pstate npt lbrv svm_lock nrip_save
bogomips	: 6399.92
TLB size	: 1024 4K pages
clflush size	: 64
cache_alignment	: 64
address sizes	: 48 bits physical, 48 bits virtual
power management: ts ttp tm stc 100mhzsteps hwpstate



Memory: 4k page, physical 4048044k(152580k free), swap 0k(0k free)

vm_info: Java HotSpot(TM) 64-Bit Server VM (25.45-b02) for linux-amd64 JRE (1.8.0_45-b14), built on Apr 10 2015 10:07:45 by "java_re" with gcc 4.3.0 20080428 (Red Hat 4.3.0-8)

time: Mon Jun 22 02:41:00 2015
elapsed time: 7 seconds (0d 0h 0m 7s)

