#
# There is insufficient memory for the Java Runtime Environment to continue.
# Native memory allocation (mmap) failed to map 70254592 bytes for committing reserved memory.
# Possible reasons:
#   The system is out of physical RAM or swap space
#   In 32 bit mode, the process size limit was hit
# Possible solutions:
#   Reduce memory load on the system
#   Increase physical memory or swap space
#   Check if swap backing store is full
#   Use 64 bit Java on a 64 bit OS
#   Decrease Java heap size (-Xmx/-Xms)
#   Decrease number of Java threads
#   Decrease Java thread stack sizes (-Xss)
#   Set larger code cache with -XX:ReservedCodeCacheSize=
# This output file may be truncated or incomplete.
#
#  Out of Memory Error (os_linux.cpp:2673), pid=20620, tid=140406004119296
#
# JRE version: Java(TM) SE Runtime Environment (8.0_45-b14) (build 1.8.0_45-b14)
# Java VM: Java HotSpot(TM) 64-Bit Server VM (25.45-b02 mixed mode linux-amd64 compressed oops)
# Failed to write core dump. Core dumps have been disabled. To enable core dumping, try "ulimit -c unlimited" before starting Java again
#

---------------  T H R E A D  ---------------

Current thread (0x00007fb2e8079800):  VMThread [stack: 0x00007fb2d1eff000,0x00007fb2d2000000] [id=20630]

Stack: [0x00007fb2d1eff000,0x00007fb2d2000000],  sp=0x00007fb2d1ffe2e0,  free space=1020k
Native frames: (J=compiled Java code, j=interpreted, Vv=VM code, C=native code)
V  [libjvm.so+0xaac99a]  VMError::report_and_die()+0x2ba
V  [libjvm.so+0x4f333b]  report_vm_out_of_memory(char const*, int, unsigned long, VMErrorType, char const*)+0x8b
V  [libjvm.so+0x90e7c3]  os::Linux::commit_memory_impl(char*, unsigned long, bool)+0x103
V  [libjvm.so+0x90ed19]  os::pd_commit_memory(char*, unsigned long, unsigned long, bool)+0x29
V  [libjvm.so+0x90867a]  os::commit_memory(char*, unsigned long, unsigned long, bool)+0x2a
V  [libjvm.so+0x97bac3]  PSVirtualSpace::expand_by(unsigned long)+0x53
V  [libjvm.so+0x97cec8]  PSYoungGen::resize_generation(unsigned long, unsigned long)+0xf8
V  [libjvm.so+0x97c022]  PSYoungGen::resize(unsigned long, unsigned long)+0x22
V  [libjvm.so+0x9792fb]  PSScavenge::invoke_no_policy()+0xf7b
V  [libjvm.so+0x979a81]  PSScavenge::invoke()+0x41
V  [libjvm.so+0x932050]  ParallelScavengeHeap::failed_mem_allocate(unsigned long)+0x70
V  [libjvm.so+0xaae1d7]  VM_ParallelGCFailedAllocation::doit()+0x97
V  [libjvm.so+0xab59c5]  VM_Operation::evaluate()+0x55
V  [libjvm.so+0xab3d9a]  VMThread::evaluate_operation(VM_Operation*)+0xba
V  [libjvm.so+0xab411e]  VMThread::loop()+0x1ce
V  [libjvm.so+0xab4590]  VMThread::run()+0x70
V  [libjvm.so+0x910de8]  java_start(Thread*)+0x108

VM_Operation (0x00007fb2f072a210): ParallelGCFailedAllocation, mode: safepoint, requested by thread 0x00007fb2e800b800


---------------  P R O C E S S  ---------------

Java Threads: ( => current thread )
  0x00007fb2e80d4000 JavaThread "Service Thread" daemon [_thread_blocked, id=20637, stack(0x00007fb2d152f000,0x00007fb2d1630000)]
  0x00007fb2e80bf000 JavaThread "C1 CompilerThread2" daemon [_thread_blocked, id=20636, stack(0x00007fb2d1630000,0x00007fb2d1731000)]
  0x00007fb2e80bd000 JavaThread "C2 CompilerThread1" daemon [_thread_blocked, id=20635, stack(0x00007fb2d1731000,0x00007fb2d1832000)]
  0x00007fb2e80ba800 JavaThread "C2 CompilerThread0" daemon [_thread_blocked, id=20634, stack(0x00007fb2d1832000,0x00007fb2d1933000)]
  0x00007fb2e80b9000 JavaThread "Signal Dispatcher" daemon [_thread_blocked, id=20633, stack(0x00007fb2d1933000,0x00007fb2d1a34000)]
  0x00007fb2e8080800 JavaThread "Finalizer" daemon [_thread_blocked, id=20632, stack(0x00007fb2d1cfd000,0x00007fb2d1dfe000)]
  0x00007fb2e807e800 JavaThread "Reference Handler" daemon [_thread_blocked, id=20631, stack(0x00007fb2d1dfe000,0x00007fb2d1eff000)]
  0x00007fb2e800b800 JavaThread "main" [_thread_blocked, id=20625, stack(0x00007fb2f062b000,0x00007fb2f072c000)]

Other Threads:
=>0x00007fb2e8079800 VMThread [stack: 0x00007fb2d1eff000,0x00007fb2d2000000] [id=20630]
  0x00007fb2e80d6800 WatcherThread [stack: 0x00007fb2d142e000,0x00007fb2d152f000] [id=20638]

VM state:at safepoint (normal execution)

VM Mutex/Monitor currently owned by a thread:  ([mutex/lock_event])
[0x00007fb2e8008010] Threads_lock - owner thread: 0x00007fb2e8079800
[0x00007fb2e8008510] Heap_lock - owner thread: 0x00007fb2e800b800

Heap:
 PSYoungGen      total 263680K, used 15343K [0x00000000eab00000, 0x00000000fbd00000, 0x0000000100000000)
  eden space 248320K, 0% used [0x00000000eab00000,0x00000000eab00000,0x00000000f9d80000)
  from space 15360K, 99% used [0x00000000f9d80000,0x00000000fac7bfd0,0x00000000fac80000)
  to   space 13824K, 0% used [0x00000000fac80000,0x00000000fac80000,0x00000000fba00000)
 ParOldGen       total 48640K, used 48054K [0x00000000c0000000, 0x00000000c2f80000, 0x00000000eab00000)
  object space 48640K, 98% used [0x00000000c0000000,0x00000000c2eedbf0,0x00000000c2f80000)
 Metaspace       used 7777K, capacity 8030K, committed 8320K, reserved 1056768K
  class space    used 754K, capacity 785K, committed 896K, reserved 1048576K

Card table byte_map: [0x00007fb2ed20a000,0x00007fb2ed40b000] byte_map_base: 0x00007fb2ecc0a000

Marking Bits: (ParMarkBitMap*) 0x00007fb2efb08760
 Begin Bits: [0x00007fb2d2000000, 0x00007fb2d3000000)
 End Bits:   [0x00007fb2d3000000, 0x00007fb2d4000000)

Polling page: 0x00007fb2f074f000

CodeCache: size=245760Kb used=9354Kb max_used=9366Kb free=236405Kb
 bounds [0x00007fb2d9000000, 0x00007fb2d9940000, 0x00007fb2e8000000]
 total_blobs=2929 nmethods=2633 adapters=210
 compilation: enabled

Compilation events (10 events):
Event: 3.490 Thread 0x00007fb2e80bf000 nmethod 2639 0x00007fb2d9927f90 code [0x00007fb2d9928500, 0x00007fb2d992c688]
Event: 3.490 Thread 0x00007fb2e80bf000 2640       3       java.util.HashMap::putVal (300 bytes)
Event: 3.494 Thread 0x00007fb2e80bd000 nmethod 2641 0x00007fb2d98ee210 code [0x00007fb2d98ee360, 0x00007fb2d98ee4f8]
Event: 3.494 Thread 0x00007fb2e80bd000 2643 %     4       java.util.TimSort::binarySort @ 69 (223 bytes)
Event: 3.494 Thread 0x00007fb2e80bf000 nmethod 2640 0x00007fb2d9923810 code [0x00007fb2d9923a80, 0x00007fb2d9924d18]
Event: 3.506 Thread 0x00007fb2e80bd000 nmethod 2643% 0x00007fb2d9922690 code [0x00007fb2d9922840, 0x00007fb2d99231b8]
Event: 3.506 Thread 0x00007fb2e80bd000 2644       4       java.util.TimSort::countRunAndMakeAscending (128 bytes)
Event: 3.516 Thread 0x00007fb2e80bd000 nmethod 2644 0x00007fb2d9916fd0 code [0x00007fb2d9917160, 0x00007fb2d9917878]
Event: 3.516 Thread 0x00007fb2e80bd000 2642       4       com.android.dx.merge.IndexMap::adjustAnnotationSet (18 bytes)
Event: 3.522 Thread 0x00007fb2e80bd000 nmethod 2642 0x00007fb2d99309d0 code [0x00007fb2d9930b80, 0x00007fb2d9931038]

GC Heap History (10 events):
Event: 1.670 GC heap after
Heap after GC invocations=4 (full 0):
 PSYoungGen      total 66048K, used 2531K [0x00000000eab00000, 0x00000000eee00000, 0x0000000100000000)
  eden space 63488K, 0% used [0x00000000eab00000,0x00000000eab00000,0x00000000ee900000)
  from space 2560K, 98% used [0x00000000eeb80000,0x00000000eedf8f28,0x00000000eee00000)
  to   space 2560K, 0% used [0x00000000ee900000,0x00000000ee900000,0x00000000eeb80000)
 ParOldGen       total 42496K, used 15556K [0x00000000c0000000, 0x00000000c2980000, 0x00000000eab00000)
  object space 42496K, 36% used [0x00000000c0000000,0x00000000c0f310a8,0x00000000c2980000)
 Metaspace       used 7624K, capacity 7928K, committed 8192K, reserved 1056768K
  class space    used 744K, capacity 752K, committed 768K, reserved 1048576K
}
Event: 1.874 GC heap before
{Heap before GC invocations=5 (full 0):
 PSYoungGen      total 66048K, used 64081K [0x00000000eab00000, 0x00000000eee00000, 0x0000000100000000)
  eden space 63488K, 96% used [0x00000000eab00000,0x00000000ee71b890,0x00000000ee900000)
  from space 2560K, 98% used [0x00000000eeb80000,0x00000000eedf8f28,0x00000000eee00000)
  to   space 2560K, 0% used [0x00000000ee900000,0x00000000ee900000,0x00000000eeb80000)
 ParOldGen       total 42496K, used 15556K [0x00000000c0000000, 0x00000000c2980000, 0x00000000eab00000)
  object space 42496K, 36% used [0x00000000c0000000,0x00000000c0f310a8,0x00000000c2980000)
 Metaspace       used 7751K, capacity 7966K, committed 8320K, reserved 1056768K
  class space    used 754K, capacity 785K, committed 896K, reserved 1048576K
Event: 1.883 GC heap after
Heap after GC invocations=5 (full 0):
 PSYoungGen      total 66048K, used 2531K [0x00000000eab00000, 0x00000000f3b00000, 0x0000000100000000)
  eden space 63488K, 0% used [0x00000000eab00000,0x00000000eab00000,0x00000000ee900000)
  from space 2560K, 98% used [0x00000000ee900000,0x00000000eeb78f28,0x00000000eeb80000)
  to   space 10240K, 0% used [0x00000000f3100000,0x00000000f3100000,0x00000000f3b00000)
 ParOldGen       total 42496K, used 18359K [0x00000000c0000000, 0x00000000c2980000, 0x00000000eab00000)
  object space 42496K, 43% used [0x00000000c0000000,0x00000000c11edf78,0x00000000c2980000)
 Metaspace       used 7751K, capacity 7966K, committed 8320K, reserved 1056768K
  class space    used 754K, capacity 785K, committed 896K, reserved 1048576K
}
Event: 2.024 GC heap before
{Heap before GC invocations=6 (full 0):
 PSYoungGen      total 66048K, used 66019K [0x00000000eab00000, 0x00000000f3b00000, 0x0000000100000000)
  eden space 63488K, 100% used [0x00000000eab00000,0x00000000ee900000,0x00000000ee900000)
  from space 2560K, 98% used [0x00000000ee900000,0x00000000eeb78f28,0x00000000eeb80000)
  to   space 10240K, 0% used [0x00000000f3100000,0x00000000f3100000,0x00000000f3b00000)
 ParOldGen       total 42496K, used 18359K [0x00000000c0000000, 0x00000000c2980000, 0x00000000eab00000)
  object space 42496K, 43% used [0x00000000c0000000,0x00000000c11edf78,0x00000000c2980000)
 Metaspace       used 7762K, capacity 8030K, committed 8320K, reserved 1056768K
  class space    used 754K, capacity 785K, committed 896K, reserved 1048576K
Event: 2.038 GC heap after
Heap after GC invocations=6 (full 0):
 PSYoungGen      total 135168K, used 10226K [0x00000000eab00000, 0x00000000f3f00000, 0x0000000100000000)
  eden space 124928K, 0% used [0x00000000eab00000,0x00000000eab00000,0x00000000f2500000)
  from space 10240K, 99% used [0x00000000f3100000,0x00000000f3afc850,0x00000000f3b00000)
  to   space 12288K, 0% used [0x00000000f2500000,0x00000000f2500000,0x00000000f3100000)
 ParOldGen       total 42496K, used 19007K [0x00000000c0000000, 0x00000000c2980000, 0x00000000eab00000)
  object space 42496K, 44% used [0x00000000c0000000,0x00000000c128fcb0,0x00000000c2980000)
 Metaspace       used 7762K, capacity 8030K, committed 8320K, reserved 1056768K
  class space    used 754K, capacity 785K, committed 896K, reserved 1048576K
}
Event: 2.380 GC heap before
{Heap before GC invocations=7 (full 0):
 PSYoungGen      total 135168K, used 135154K [0x00000000eab00000, 0x00000000f3f00000, 0x0000000100000000)
  eden space 124928K, 100% used [0x00000000eab00000,0x00000000f2500000,0x00000000f2500000)
  from space 10240K, 99% used [0x00000000f3100000,0x00000000f3afc850,0x00000000f3b00000)
  to   space 12288K, 0% used [0x00000000f2500000,0x00000000f2500000,0x00000000f3100000)
 ParOldGen       total 42496K, used 19007K [0x00000000c0000000, 0x00000000c2980000, 0x00000000eab00000)
  object space 42496K, 44% used [0x00000000c0000000,0x00000000c128fcb0,0x00000000c2980000)
 Metaspace       used 7769K, capacity 8030K, committed 8320K, reserved 1056768K
  class space    used 754K, capacity 785K, committed 896K, reserved 1048576K
Event: 2.400 GC heap after
Heap after GC invocations=7 (full 0):
 PSYoungGen      total 137216K, used 11386K [0x00000000eab00000, 0x00000000fba00000, 0x0000000100000000)
  eden space 124928K, 0% used [0x00000000eab00000,0x00000000eab00000,0x00000000f2500000)
  from space 12288K, 92% used [0x00000000f2500000,0x00000000f301ebb0,0x00000000f3100000)
  to   space 13824K, 0% used [0x00000000fac80000,0x00000000fac80000,0x00000000fba00000)
 ParOldGen       total 42496K, used 23300K [0x00000000c0000000, 0x00000000c2980000, 0x00000000eab00000)
  object space 42496K, 54% used [0x00000000c0000000,0x00000000c16c1220,0x00000000c2980000)
 Metaspace       used 7769K, capacity 8030K, committed 8320K, reserved 1056768K
  class space    used 754K, capacity 785K, committed 896K, reserved 1048576K
}
Event: 2.637 GC heap before
{Heap before GC invocations=8 (full 0):
 PSYoungGen      total 137216K, used 136314K [0x00000000eab00000, 0x00000000fba00000, 0x0000000100000000)
  eden space 124928K, 100% used [0x00000000eab00000,0x00000000f2500000,0x00000000f2500000)
  from space 12288K, 92% used [0x00000000f2500000,0x00000000f301ebb0,0x00000000f3100000)
  to   space 13824K, 0% used [0x00000000fac80000,0x00000000fac80000,0x00000000fba00000)
 ParOldGen       total 42496K, used 23300K [0x00000000c0000000, 0x00000000c2980000, 0x00000000eab00000)
  object space 42496K, 54% used [0x00000000c0000000,0x00000000c16c1220,0x00000000c2980000)
 Metaspace       used 7776K, capacity 8030K, committed 8320K, reserved 1056768K
  class space    used 754K, capacity 785K, committed 896K, reserved 1048576K
Event: 2.779 GC heap after
Heap after GC invocations=8 (full 0):
 PSYoungGen      total 262144K, used 12466K [0x00000000eab00000, 0x00000000fbd00000, 0x0000000100000000)
  eden space 248320K, 0% used [0x00000000eab00000,0x00000000eab00000,0x00000000f9d80000)
  from space 13824K, 90% used [0x00000000fac80000,0x00000000fb8aca60,0x00000000fba00000)
  to   space 15360K, 0% used [0x00000000f9d80000,0x00000000f9d80000,0x00000000fac80000)
 ParOldGen       total 42496K, used 27743K [0x00000000c0000000, 0x00000000c2980000, 0x00000000eab00000)
  object space 42496K, 65% used [0x00000000c0000000,0x00000000c1b17ce8,0x00000000c2980000)
 Metaspace       used 7776K, capacity 8030K, committed 8320K, reserved 1056768K
  class space    used 754K, capacity 785K, committed 896K, reserved 1048576K
}
Event: 3.574 GC heap before
{Heap before GC invocations=9 (full 0):
 PSYoungGen      total 262144K, used 260786K [0x00000000eab00000, 0x00000000fbd00000, 0x0000000100000000)
  eden space 248320K, 100% used [0x00000000eab00000,0x00000000f9d80000,0x00000000f9d80000)
  from space 13824K, 90% used [0x00000000fac80000,0x00000000fb8aca60,0x00000000fba00000)
  to   space 15360K, 0% used [0x00000000f9d80000,0x00000000f9d80000,0x00000000fac80000)
 ParOldGen       total 42496K, used 27743K [0x00000000c0000000, 0x00000000c2980000, 0x00000000eab00000)
  object space 42496K, 65% used [0x00000000c0000000,0x00000000c1b17ce8,0x00000000c2980000)
 Metaspace       used 7777K, capacity 8030K, committed 8320K, reserved 1056768K
  class space    used 754K, capacity 785K, committed 896K, reserved 1048576K

Deoptimization events (10 events):
Event: 3.025 Thread 0x00007fb2e800b800 Uncommon trap: reason=predicate action=maybe_recompile pc=0x00007fb2d99027d0 method=java.util.TimSort.binarySort([Ljava/lang/Object;IIILjava/util/Comparator;)V @ 37
Event: 3.025 Thread 0x00007fb2e800b800 Uncommon trap: reason=array_check action=maybe_recompile pc=0x00007fb2d98fba6c method=java.util.TimSort.binarySort([Ljava/lang/Object;IIILjava/util/Comparator;)V @ 215
Event: 3.025 Thread 0x00007fb2e800b800 Uncommon trap: reason=array_check action=maybe_recompile pc=0x00007fb2d98fba6c method=java.util.TimSort.binarySort([Ljava/lang/Object;IIILjava/util/Comparator;)V @ 215
Event: 3.025 Thread 0x00007fb2e800b800 Uncommon trap: reason=array_check action=maybe_recompile pc=0x00007fb2d98fbabc method=java.util.TimSort.binarySort([Ljava/lang/Object;IIILjava/util/Comparator;)V @ 193
Event: 3.026 Thread 0x00007fb2e800b800 Uncommon trap: reason=array_check action=maybe_recompile pc=0x00007fb2d98fbabc method=java.util.TimSort.binarySort([Ljava/lang/Object;IIILjava/util/Comparator;)V @ 193
Event: 3.481 Thread 0x00007fb2e800b800 Uncommon trap: reason=unstable_if action=reinterpret pc=0x00007fb2d98c6678 method=java.util.HashMap$TreeNode.putTreeVal(Ljava/util/HashMap;[Ljava/util/HashMap$Node;ILjava/lang/Object;Ljava/lang/Object;)Ljava/util/HashMap$TreeNode; @ 243
Event: 3.482 Thread 0x00007fb2e800b800 Uncommon trap: reason=unstable_if action=reinterpret pc=0x00007fb2d98d573c method=java.util.HashMap$TreeNode.putTreeVal(Ljava/util/HashMap;[Ljava/util/HashMap$Node;ILjava/lang/Object;Ljava/lang/Object;)Ljava/util/HashMap$TreeNode; @ 243
Event: 3.493 Thread 0x00007fb2e800b800 Uncommon trap: reason=predicate action=maybe_recompile pc=0x00007fb2d991d454 method=java.util.TimSort.reverseRange([Ljava/lang/Object;II)V @ 8
Event: 3.493 Thread 0x00007fb2e800b800 Uncommon trap: reason=array_check action=maybe_recompile pc=0x00007fb2d991e3a8 method=java.util.TimSort.binarySort([Ljava/lang/Object;IIILjava/util/Comparator;)V @ 183
Event: 3.493 Thread 0x00007fb2e800b800 Uncommon trap: reason=array_check action=maybe_recompile pc=0x00007fb2d991e3a8 method=java.util.TimSort.binarySort([Ljava/lang/Object;IIILjava/util/Comparator;)V @ 183

Internal exceptions (7 events):
Event: 0.086 Thread 0x00007fb2e800b800 Exception <a 'java/lang/NoSuchMethodError': Method sun.misc.Unsafe.defineClass(Ljava/lang/String;[BII)Ljava/lang/Class; name or signature does not match> (0x00000000eab12a38) thrown at [/RE-WORK/workspace/8-2-build-linux-amd64/jdk8u45/3457/hotspot/src/sha
Event: 0.086 Thread 0x00007fb2e800b800 Exception <a 'java/lang/NoSuchMethodError': Method sun.misc.Unsafe.prefetchRead(Ljava/lang/Object;J)V name or signature does not match> (0x00000000eab12cc8) thrown at [/RE-WORK/workspace/8-2-build-linux-amd64/jdk8u45/3457/hotspot/src/share/vm/prims/jni.cp
Event: 0.959 Thread 0x00007fb2e800b800 Implicit null exception at 0x00007fb2d9515662 to 0x00007fb2d9515702
Event: 1.487 Thread 0x00007fb2e800b800 Exception <a 'java/security/PrivilegedActionException'> (0x00000000eb08d8a0) thrown at [/RE-WORK/workspace/8-2-build-linux-amd64/jdk8u45/3457/hotspot/src/share/vm/prims/jvm.cpp, line 1382]
Event: 1.487 Thread 0x00007fb2e800b800 Exception <a 'java/security/PrivilegedActionException'> (0x00000000eb08dbe8) thrown at [/RE-WORK/workspace/8-2-build-linux-amd64/jdk8u45/3457/hotspot/src/share/vm/prims/jvm.cpp, line 1382]
Event: 1.488 Thread 0x00007fb2e800b800 Exception <a 'java/security/PrivilegedActionException'> (0x00000000eb090098) thrown at [/RE-WORK/workspace/8-2-build-linux-amd64/jdk8u45/3457/hotspot/src/share/vm/prims/jvm.cpp, line 1382]
Event: 1.488 Thread 0x00007fb2e800b800 Exception <a 'java/security/PrivilegedActionException'> (0x00000000eb0903e0) thrown at [/RE-WORK/workspace/8-2-build-linux-amd64/jdk8u45/3457/hotspot/src/share/vm/prims/jvm.cpp, line 1382]

Events (10 events):
Event: 3.493 Thread 0x00007fb2e800b800 Uncommon trap: trap_request=0xffffff86 fr.pc=0x00007fb2d991d454
Event: 3.493 Thread 0x00007fb2e800b800 DEOPT PACKING pc=0x00007fb2d991d454 sp=0x00007fb2f072a380
Event: 3.493 Thread 0x00007fb2e800b800 DEOPT UNPACKING pc=0x00007fb2d9005229 sp=0x00007fb2f072a2d8 mode 2
Event: 3.493 Thread 0x00007fb2e800b800 Uncommon trap: trap_request=0xffffffd6 fr.pc=0x00007fb2d991e3a8
Event: 3.493 Thread 0x00007fb2e800b800 DEOPT PACKING pc=0x00007fb2d991e3a8 sp=0x00007fb2f072a360
Event: 3.493 Thread 0x00007fb2e800b800 DEOPT UNPACKING pc=0x00007fb2d9005229 sp=0x00007fb2f072a310 mode 2
Event: 3.493 Thread 0x00007fb2e800b800 Uncommon trap: trap_request=0xffffffd6 fr.pc=0x00007fb2d991e3a8
Event: 3.493 Thread 0x00007fb2e800b800 DEOPT PACKING pc=0x00007fb2d991e3a8 sp=0x00007fb2f072a360
Event: 3.493 Thread 0x00007fb2e800b800 DEOPT UNPACKING pc=0x00007fb2d9005229 sp=0x00007fb2f072a310 mode 2
Event: 3.574 Executing VM operation: ParallelGCFailedAllocation


Dynamic libraries:
00400000-00401000 r-xp 00000000 08:03 1572315                            /opt/java/jdk1.8.0_45/bin/java
00600000-00601000 rw-p 00000000 08:03 1572315                            /opt/java/jdk1.8.0_45/bin/java
016fb000-0171c000 rw-p 00000000 00:00 0                                  [heap]
c0000000-c2f80000 rw-p 00000000 00:00 0 
c2f80000-eab00000 ---p 00000000 00:00 0 
eab00000-fbd00000 rw-p 00000000 00:00 0 
100000000-1000e0000 rw-p 00000000 00:00 0 
1000e0000-140000000 ---p 00000000 00:00 0 
7fb29c000000-7fb29c021000 rw-p 00000000 00:00 0 
7fb29c021000-7fb2a0000000 ---p 00000000 00:00 0 
7fb2a0000000-7fb2a0021000 rw-p 00000000 00:00 0 
7fb2a0021000-7fb2a4000000 ---p 00000000 00:00 0 
7fb2a4000000-7fb2a4c19000 rw-p 00000000 00:00 0 
7fb2a4c19000-7fb2a8000000 ---p 00000000 00:00 0 
7fb2a8000000-7fb2a880e000 rw-p 00000000 00:00 0 
7fb2a880e000-7fb2ac000000 ---p 00000000 00:00 0 
7fb2ac000000-7fb2ac021000 rw-p 00000000 00:00 0 
7fb2ac021000-7fb2b0000000 ---p 00000000 00:00 0 
7fb2b0000000-7fb2b0933000 rw-p 00000000 00:00 0 
7fb2b0933000-7fb2b4000000 ---p 00000000 00:00 0 
7fb2b4000000-7fb2b4021000 rw-p 00000000 00:00 0 
7fb2b4021000-7fb2b8000000 ---p 00000000 00:00 0 
7fb2b8000000-7fb2b8021000 rw-p 00000000 00:00 0 
7fb2b8021000-7fb2bc000000 ---p 00000000 00:00 0 
7fb2bc000000-7fb2bc021000 rw-p 00000000 00:00 0 
7fb2bc021000-7fb2c0000000 ---p 00000000 00:00 0 
7fb2c0000000-7fb2c028a000 rw-p 00000000 00:00 0 
7fb2c028a000-7fb2c4000000 ---p 00000000 00:00 0 
7fb2c4000000-7fb2c4021000 rw-p 00000000 00:00 0 
7fb2c4021000-7fb2c8000000 ---p 00000000 00:00 0 
7fb2cc000000-7fb2cc021000 rw-p 00000000 00:00 0 
7fb2cc021000-7fb2d0000000 ---p 00000000 00:00 0 
7fb2d142e000-7fb2d142f000 ---p 00000000 00:00 0 
7fb2d142f000-7fb2d152f000 rw-p 00000000 00:00 0                          [stack:20638]
7fb2d152f000-7fb2d1532000 ---p 00000000 00:00 0 
7fb2d1532000-7fb2d1630000 rw-p 00000000 00:00 0                          [stack:20637]
7fb2d1630000-7fb2d1633000 ---p 00000000 00:00 0 
7fb2d1633000-7fb2d1731000 rw-p 00000000 00:00 0                          [stack:20636]
7fb2d1731000-7fb2d1734000 ---p 00000000 00:00 0 
7fb2d1734000-7fb2d1832000 rw-p 00000000 00:00 0                          [stack:20635]
7fb2d1832000-7fb2d1835000 ---p 00000000 00:00 0 
7fb2d1835000-7fb2d1933000 rw-p 00000000 00:00 0                          [stack:20634]
7fb2d1933000-7fb2d1936000 ---p 00000000 00:00 0 
7fb2d1936000-7fb2d1a34000 rw-p 00000000 00:00 0                          [stack:20633]
7fb2d1a34000-7fb2d1cfd000 r--p 00000000 08:03 266989                     /usr/lib/locale/locale-archive
7fb2d1cfd000-7fb2d1d00000 ---p 00000000 00:00 0 
7fb2d1d00000-7fb2d1dfe000 rw-p 00000000 00:00 0                          [stack:20632]
7fb2d1dfe000-7fb2d1e01000 ---p 00000000 00:00 0 
7fb2d1e01000-7fb2d1eff000 rw-p 00000000 00:00 0                          [stack:20631]
7fb2d1eff000-7fb2d1f00000 ---p 00000000 00:00 0 
7fb2d1f00000-7fb2d4000000 rw-p 00000000 00:00 0                          [stack:20630]
7fb2d4000000-7fb2d4021000 rw-p 00000000 00:00 0 
7fb2d4021000-7fb2d8000000 ---p 00000000 00:00 0 
7fb2d8072000-7fb2d808e000 r--s 00393000 08:03 1574015                    /opt/java/jdk1.8.0_45/jre/lib/ext/cldrdata.jar
7fb2d808e000-7fb2d9000000 rw-p 00000000 00:00 0 
7fb2d9000000-7fb2d9940000 rwxp 00000000 00:00 0 
7fb2d9940000-7fb2e8000000 ---p 00000000 00:00 0 
7fb2e8000000-7fb2e83ca000 rw-p 00000000 00:00 0 
7fb2e83ca000-7fb2ec000000 ---p 00000000 00:00 0 
7fb2ec005000-7fb2ec010000 r--s 00116000 08:03 1574017                    /opt/java/jdk1.8.0_45/jre/lib/ext/localedata.jar
7fb2ec010000-7fb2ec01f000 r--s 000dd000 00:19 9438599                    /home/mike/Android/Sdk/build-tools/22.0.1/lib/dx.jar
7fb2ec01f000-7fb2ec061000 rw-p 00000000 00:00 0 
7fb2ec061000-7fb2ec23a000 r--s 03d09000 08:03 1573810                    /opt/java/jdk1.8.0_45/jre/lib/rt.jar
7fb2ec23a000-7fb2ec9f0000 rw-p 00000000 00:00 0 
7fb2ec9f0000-7fb2ecab0000 ---p 00000000 00:00 0 
7fb2ecab0000-7fb2eccb0000 rw-p 00000000 00:00 0 
7fb2eccb0000-7fb2eccb1000 ---p 00000000 00:00 0 
7fb2eccb1000-7fb2ecdb1000 rw-p 00000000 00:00 0                          [stack:20629]
7fb2ecdb1000-7fb2ecdb2000 ---p 00000000 00:00 0 
7fb2ecdb2000-7fb2eceb2000 rw-p 00000000 00:00 0                          [stack:20628]
7fb2eceb2000-7fb2eceb3000 ---p 00000000 00:00 0 
7fb2eceb3000-7fb2ecfb3000 rw-p 00000000 00:00 0                          [stack:20627]
7fb2ecfb3000-7fb2ecfb4000 ---p 00000000 00:00 0 
7fb2ecfb4000-7fb2ed0cc000 rw-p 00000000 00:00 0                          [stack:20626]
7fb2ed0cc000-7fb2ed20a000 ---p 00000000 00:00 0 
7fb2ed20a000-7fb2ed222000 rw-p 00000000 00:00 0 
7fb2ed222000-7fb2ed35f000 ---p 00000000 00:00 0 
7fb2ed35f000-7fb2ed3e9000 rw-p 00000000 00:00 0 
7fb2ed3e9000-7fb2ed40a000 ---p 00000000 00:00 0 
7fb2ed40a000-7fb2ed430000 rw-p 00000000 00:00 0 
7fb2ed430000-7fb2ed7cb000 ---p 00000000 00:00 0 
7fb2ed7cb000-7fb2ed7e5000 r-xp 00000000 08:03 1574049                    /opt/java/jdk1.8.0_45/jre/lib/amd64/libzip.so
7fb2ed7e5000-7fb2ed9e5000 ---p 0001a000 08:03 1574049                    /opt/java/jdk1.8.0_45/jre/lib/amd64/libzip.so
7fb2ed9e5000-7fb2ed9e6000 rw-p 0001a000 08:03 1574049                    /opt/java/jdk1.8.0_45/jre/lib/amd64/libzip.so
7fb2ed9e6000-7fb2ed9f1000 r-xp 00000000 08:03 131807                     /lib/x86_64-linux-gnu/libnss_files-2.19.so
7fb2ed9f1000-7fb2edbf0000 ---p 0000b000 08:03 131807                     /lib/x86_64-linux-gnu/libnss_files-2.19.so
7fb2edbf0000-7fb2edbf1000 r--p 0000a000 08:03 131807                     /lib/x86_64-linux-gnu/libnss_files-2.19.so
7fb2edbf1000-7fb2edbf2000 rw-p 0000b000 08:03 131807                     /lib/x86_64-linux-gnu/libnss_files-2.19.so
7fb2edbf2000-7fb2edbfd000 r-xp 00000000 08:03 131871                     /lib/x86_64-linux-gnu/libnss_nis-2.19.so
7fb2edbfd000-7fb2eddfc000 ---p 0000b000 08:03 131871                     /lib/x86_64-linux-gnu/libnss_nis-2.19.so
7fb2eddfc000-7fb2eddfd000 r--p 0000a000 08:03 131871                     /lib/x86_64-linux-gnu/libnss_nis-2.19.so
7fb2eddfd000-7fb2eddfe000 rw-p 0000b000 08:03 131871                     /lib/x86_64-linux-gnu/libnss_nis-2.19.so
7fb2eddfe000-7fb2ede15000 r-xp 00000000 08:03 131829                     /lib/x86_64-linux-gnu/libnsl-2.19.so
7fb2ede15000-7fb2ee014000 ---p 00017000 08:03 131829                     /lib/x86_64-linux-gnu/libnsl-2.19.so
7fb2ee014000-7fb2ee015000 r--p 00016000 08:03 131829                     /lib/x86_64-linux-gnu/libnsl-2.19.so
7fb2ee015000-7fb2ee016000 rw-p 00017000 08:03 131829                     /lib/x86_64-linux-gnu/libnsl-2.19.so
7fb2ee016000-7fb2ee018000 rw-p 00000000 00:00 0 
7fb2ee018000-7fb2ee021000 r-xp 00000000 08:03 131828                     /lib/x86_64-linux-gnu/libnss_compat-2.19.so
7fb2ee021000-7fb2ee220000 ---p 00009000 08:03 131828                     /lib/x86_64-linux-gnu/libnss_compat-2.19.so
7fb2ee220000-7fb2ee221000 r--p 00008000 08:03 131828                     /lib/x86_64-linux-gnu/libnss_compat-2.19.so
7fb2ee221000-7fb2ee222000 rw-p 00009000 08:03 131828                     /lib/x86_64-linux-gnu/libnss_compat-2.19.so
7fb2ee222000-7fb2ee24c000 r-xp 00000000 08:03 1574040                    /opt/java/jdk1.8.0_45/jre/lib/amd64/libjava.so
7fb2ee24c000-7fb2ee44c000 ---p 0002a000 08:03 1574040                    /opt/java/jdk1.8.0_45/jre/lib/amd64/libjava.so
7fb2ee44c000-7fb2ee44e000 rw-p 0002a000 08:03 1574040                    /opt/java/jdk1.8.0_45/jre/lib/amd64/libjava.so
7fb2ee44e000-7fb2ee45b000 r-xp 00000000 08:03 1574047                    /opt/java/jdk1.8.0_45/jre/lib/amd64/libverify.so
7fb2ee45b000-7fb2ee65b000 ---p 0000d000 08:03 1574047                    /opt/java/jdk1.8.0_45/jre/lib/amd64/libverify.so
7fb2ee65b000-7fb2ee65d000 rw-p 0000d000 08:03 1574047                    /opt/java/jdk1.8.0_45/jre/lib/amd64/libverify.so
7fb2ee65d000-7fb2ee664000 r-xp 00000000 08:03 131868                     /lib/x86_64-linux-gnu/librt-2.19.so
7fb2ee664000-7fb2ee863000 ---p 00007000 08:03 131868                     /lib/x86_64-linux-gnu/librt-2.19.so
7fb2ee863000-7fb2ee864000 r--p 00006000 08:03 131868                     /lib/x86_64-linux-gnu/librt-2.19.so
7fb2ee864000-7fb2ee865000 rw-p 00007000 08:03 131868                     /lib/x86_64-linux-gnu/librt-2.19.so
7fb2ee865000-7fb2ee96a000 r-xp 00000000 08:03 131806                     /lib/x86_64-linux-gnu/libm-2.19.so
7fb2ee96a000-7fb2eeb69000 ---p 00105000 08:03 131806                     /lib/x86_64-linux-gnu/libm-2.19.so
7fb2eeb69000-7fb2eeb6a000 r--p 00104000 08:03 131806                     /lib/x86_64-linux-gnu/libm-2.19.so
7fb2eeb6a000-7fb2eeb6b000 rw-p 00105000 08:03 131806                     /lib/x86_64-linux-gnu/libm-2.19.so
7fb2eeb6b000-7fb2ef819000 r-xp 00000000 08:03 1574060                    /opt/java/jdk1.8.0_45/jre/lib/amd64/server/libjvm.so
7fb2ef819000-7fb2efa18000 ---p 00cae000 08:03 1574060                    /opt/java/jdk1.8.0_45/jre/lib/amd64/server/libjvm.so
7fb2efa18000-7fb2efaef000 rw-p 00cad000 08:03 1574060                    /opt/java/jdk1.8.0_45/jre/lib/amd64/server/libjvm.so
7fb2efaef000-7fb2efb33000 rw-p 00000000 00:00 0 
7fb2efb33000-7fb2efcee000 r-xp 00000000 08:03 131857                     /lib/x86_64-linux-gnu/libc-2.19.so
7fb2efcee000-7fb2efeed000 ---p 001bb000 08:03 131857                     /lib/x86_64-linux-gnu/libc-2.19.so
7fb2efeed000-7fb2efef1000 r--p 001ba000 08:03 131857                     /lib/x86_64-linux-gnu/libc-2.19.so
7fb2efef1000-7fb2efef3000 rw-p 001be000 08:03 131857                     /lib/x86_64-linux-gnu/libc-2.19.so
7fb2efef3000-7fb2efef8000 rw-p 00000000 00:00 0 
7fb2efef8000-7fb2efefb000 r-xp 00000000 08:03 131810                     /lib/x86_64-linux-gnu/libdl-2.19.so
7fb2efefb000-7fb2f00fa000 ---p 00003000 08:03 131810                     /lib/x86_64-linux-gnu/libdl-2.19.so
7fb2f00fa000-7fb2f00fb000 r--p 00002000 08:03 131810                     /lib/x86_64-linux-gnu/libdl-2.19.so
7fb2f00fb000-7fb2f00fc000 rw-p 00003000 08:03 131810                     /lib/x86_64-linux-gnu/libdl-2.19.so
7fb2f00fc000-7fb2f0111000 r-xp 00000000 08:03 1573749                    /opt/java/jdk1.8.0_45/lib/amd64/jli/libjli.so
7fb2f0111000-7fb2f0311000 ---p 00015000 08:03 1573749                    /opt/java/jdk1.8.0_45/lib/amd64/jli/libjli.so
7fb2f0311000-7fb2f0312000 rw-p 00015000 08:03 1573749                    /opt/java/jdk1.8.0_45/lib/amd64/jli/libjli.so
7fb2f0312000-7fb2f032b000 r-xp 00000000 08:03 131858                     /lib/x86_64-linux-gnu/libpthread-2.19.so
7fb2f032b000-7fb2f052a000 ---p 00019000 08:03 131858                     /lib/x86_64-linux-gnu/libpthread-2.19.so
7fb2f052a000-7fb2f052b000 r--p 00018000 08:03 131858                     /lib/x86_64-linux-gnu/libpthread-2.19.so
7fb2f052b000-7fb2f052c000 rw-p 00019000 08:03 131858                     /lib/x86_64-linux-gnu/libpthread-2.19.so
7fb2f052c000-7fb2f0530000 rw-p 00000000 00:00 0 
7fb2f0530000-7fb2f0553000 r-xp 00000000 08:03 131833                     /lib/x86_64-linux-gnu/ld-2.19.so
7fb2f0554000-7fb2f0559000 r--s 00094000 08:03 1573828                    /opt/java/jdk1.8.0_45/jre/lib/jsse.jar
7fb2f0559000-7fb2f062b000 rw-p 00000000 00:00 0 
7fb2f062b000-7fb2f062e000 ---p 00000000 00:00 0 
7fb2f062e000-7fb2f0731000 rw-p 00000000 00:00 0                          [stack:20625]
7fb2f0731000-7fb2f0732000 r--p 00000000 08:03 672594                     /usr/share/locale-langpack/en_GB/LC_MESSAGES/libc.mo
7fb2f0732000-7fb2f0746000 rw-p 00000000 00:00 0 
7fb2f0746000-7fb2f074e000 rw-s 00000000 08:03 1569958                    /tmp/hsperfdata_mike/20620
7fb2f074e000-7fb2f074f000 rw-p 00000000 00:00 0 
7fb2f074f000-7fb2f0750000 ---p 00000000 00:00 0 
7fb2f0750000-7fb2f0752000 rw-p 00000000 00:00 0 
7fb2f0752000-7fb2f0753000 r--p 00022000 08:03 131833                     /lib/x86_64-linux-gnu/ld-2.19.so
7fb2f0753000-7fb2f0754000 rw-p 00023000 08:03 131833                     /lib/x86_64-linux-gnu/ld-2.19.so
7fb2f0754000-7fb2f0755000 rw-p 00000000 00:00 0 
7fff46770000-7fff46792000 rw-p 00000000 00:00 0                          [stack]
7fff467cb000-7fff467cd000 r-xp 00000000 00:00 0                          [vdso]
ffffffffff600000-ffffffffff601000 r-xp 00000000 00:00 0                  [vsyscall]

VM Arguments:
jvm_args: -Xmx1024M -Dfile.encoding=UTF-8 -Duser.country=GB -Duser.language=en -Duser.variant 
java_command: com.android.dx.command.Main --dex --output /home/mike/AndroidStudioProjects/Wordist/app/build/intermediates/dex/debug /home/mike/AndroidStudioProjects/Wordist/app/build/intermediates/classes/debug /home/mike/AndroidStudioProjects/Wordist/app/build/intermediates/pre-dexed/debug/support-annotations-22.2.0-bfa71d602cc0e11fce5350ed544c9f5e4d4a05e4.jar /home/mike/AndroidStudioProjects/Wordist/app/build/intermediates/pre-dexed/debug/classes-e01224f4b848d2f70fe036e6ffd03fad8e49b557.jar /home/mike/AndroidStudioProjects/Wordist/app/build/intermediates/pre-dexed/debug/classes-2ab3d19bd8375c4756f92f9df195e4252f17cf71.jar /home/mike/AndroidStudioProjects/Wordist/app/build/intermediates/pre-dexed/debug/classes-674e81071699e5047dc949309e33eaff0b6cf792.jar /home/mike/AndroidStudioProjects/Wordist/app/build/intermediates/pre-dexed/debug/classes-becf46f026f107f6ad7542c9b7c8b1bd96840546.jar /home/mike/AndroidStudioProjects/Wordist/app/build/intermediates/pre-dexed/debug/internal_impl-22.0.0-badf73acff408b2f94e3947ab7ebff932b700965.jar /home/mike/AndroidStudioProjects/Wordist/app/build/intermediates/pre-dexed/debug/classes-b97a6c1cf7fbeb04f196fcf80c57d4257edcc6dd.jar /home/mike/AndroidStudioProjects/Wordist/app/build/intermediates/pre-dexed/debug/classes-d24eb526a194db96263c3f6685649fd0fe6c44d5.jar /home/mike/AndroidStudioProjects/Wordist/app/build/intermediates/pre-dexed/debug/classes-d336082364352f264572be55a9b357e5ff0d11af.jar /home/mike/AndroidStudioProjects/Wordist/app/build/intermediates/pre-dexed/debug/classes-7a28f4ba4fb32a581ec7923ddf90ef95697adfea.jar /home/mike/AndroidStudioProjects/Wordist/app/build/intermediates/pre-dexed/debug/classes-2fffb6f7a97d395100aaf3eefa7e7444903a76be.jar /home/mike/AndroidStudioProjects/Wordist/app/build/intermediates/pre-dexed/debug/classes-cc0797b316f66372a2b35e75e646f3b4068a1b62.jar /home/mike/AndroidStudioProjects/Wordist/app/build/intermediates/pre-dexed/debug/classes-ba694547ab3fc3fe5bc8d34ae51866c6cab4beda.jar /home/mike/An
java_class_path (initial): /home/mike/Android/Sdk/build-tools/22.0.1/lib/dx.jar
Launcher Type: SUN_STANDARD

Environment Variables:
PATH=/usr/local/sbin:/usr/local/bin:/usr/sbin:/usr/bin:/sbin:/bin:/usr/games:/usr/local/games
USERNAME=mike
LD_LIBRARY_PATH=/opt/android-studio/bin:
SHELL=/bin/bash
DISPLAY=:0

Signal Handlers:
SIGSEGV: [libjvm.so+0xaad1e0], sa_mask[0]=11111111011111111101111111111110, sa_flags=SA_RESTART|SA_SIGINFO
SIGBUS: [libjvm.so+0xaad1e0], sa_mask[0]=11111111011111111101111111111110, sa_flags=SA_RESTART|SA_SIGINFO
SIGFPE: [libjvm.so+0x90b450], sa_mask[0]=11111111011111111101111111111110, sa_flags=SA_RESTART|SA_SIGINFO
SIGPIPE: [libjvm.so+0x90b450], sa_mask[0]=11111111011111111101111111111110, sa_flags=SA_RESTART|SA_SIGINFO
SIGXFSZ: [libjvm.so+0x90b450], sa_mask[0]=11111111011111111101111111111110, sa_flags=SA_RESTART|SA_SIGINFO
SIGILL: [libjvm.so+0x90b450], sa_mask[0]=11111111011111111101111111111110, sa_flags=SA_RESTART|SA_SIGINFO
SIGUSR1: SIG_DFL, sa_mask[0]=00000000000000000000000000000000, sa_flags=none
SIGUSR2: [libjvm.so+0x90ca90], sa_mask[0]=00100000000000000000000000000000, sa_flags=SA_RESTART|SA_SIGINFO
SIGHUP: [libjvm.so+0x90dde0], sa_mask[0]=11111111011111111101111111111110, sa_flags=SA_RESTART|SA_SIGINFO
SIGINT: [libjvm.so+0x90dde0], sa_mask[0]=11111111011111111101111111111110, sa_flags=SA_RESTART|SA_SIGINFO
SIGTERM: [libjvm.so+0x90dde0], sa_mask[0]=11111111011111111101111111111110, sa_flags=SA_RESTART|SA_SIGINFO
SIGQUIT: [libjvm.so+0x90dde0], sa_mask[0]=11111111011111111101111111111110, sa_flags=SA_RESTART|SA_SIGINFO


---------------  S Y S T E M  ---------------

OS:DISTRIB_ID=LinuxMint
DISTRIB_RELEASE=17.2
DISTRIB_CODENAME=rafaela
DISTRIB_DESCRIPTION="Linux Mint 17.2 Rafaela"

uname:Linux 3.13.0-37-generic #64-Ubuntu SMP Mon Sep 22 21:28:38 UTC 2014 x86_64
libc:glibc 2.19 NPTL 2.19 
rlimit: STACK 8192k, CORE 0k, NPROC 30882, NOFILE 4096, AS infinity
load average:1.04 1.09 1.20

/proc/meminfo:
MemTotal:        4048044 kB
MemFree:          118996 kB
Buffers:            1836 kB
Cached:            90468 kB
SwapCached:            0 kB
Active:          3449764 kB
Inactive:          69408 kB
Active(anon):    3429412 kB
Inactive(anon):    43396 kB
Active(file):      20352 kB
Inactive(file):    26012 kB
Unevictable:          88 kB
Mlocked:              88 kB
SwapTotal:             0 kB
SwapFree:              0 kB
Dirty:              1376 kB
Writeback:           296 kB
AnonPages:       3427184 kB
Mapped:           200352 kB
Shmem:             45732 kB
Slab:              69916 kB
SReclaimable:      27372 kB
SUnreclaim:        42544 kB
KernelStack:        4456 kB
PageTables:        32788 kB
NFS_Unstable:          0 kB
Bounce:                0 kB
WritebackTmp:          0 kB
CommitLimit:     2024020 kB
Committed_AS:    5744612 kB
VmallocTotal:   34359738367 kB
VmallocUsed:      305612 kB
VmallocChunk:   34359429816 kB
HardwareCorrupted:     0 kB
AnonHugePages:   1527808 kB
HugePages_Total:       0
HugePages_Free:        0
HugePages_Rsvd:        0
HugePages_Surp:        0
Hugepagesize:       2048 kB
DirectMap4k:      163392 kB
DirectMap2M:     2981888 kB
DirectMap1G:     1048576 kB


CPU:total 4 (4 cores per cpu, 1 threads per core) family 16 model 4 stepping 2, cmov, cx8, fxsr, mmx, sse, sse2, sse3, popcnt, mmxext, 3dnowpref, lzcnt, sse4a, tsc, tscinvbit, tscinv

/proc/cpuinfo:
processor	: 0
vendor_id	: AuthenticAMD
cpu family	: 16
model		: 4
model name	: AMD Phenom(tm) II X4 955 Processor
stepping	: 2
microcode	: 0x1000086
cpu MHz		: 2100.000
cache size	: 512 KB
physical id	: 0
siblings	: 4
core id		: 0
cpu cores	: 4
apicid		: 0
initial apicid	: 0
fpu		: yes
fpu_exception	: yes
cpuid level	: 5
wp		: yes
flags		: fpu vme de pse tsc msr pae mce cx8 apic sep mtrr pge mca cmov pat pse36 clflush mmx fxsr sse sse2 ht syscall nx mmxext fxsr_opt pdpe1gb rdtscp lm 3dnowext 3dnow constant_tsc rep_good nopl nonstop_tsc extd_apicid pni monitor cx16 popcnt lahf_lm cmp_legacy svm extapic cr8_legacy abm sse4a misalignsse 3dnowprefetch osvw ibs skinit wdt hw_pstate npt lbrv svm_lock nrip_save
bogomips	: 6399.93
TLB size	: 1024 4K pages
clflush size	: 64
cache_alignment	: 64
address sizes	: 48 bits physical, 48 bits virtual
power management: ts ttp tm stc 100mhzsteps hwpstate

processor	: 1
vendor_id	: AuthenticAMD
cpu family	: 16
model		: 4
model name	: AMD Phenom(tm) II X4 955 Processor
stepping	: 2
microcode	: 0x1000086
cpu MHz		: 800.000
cache size	: 512 KB
physical id	: 0
siblings	: 4
core id		: 1
cpu cores	: 4
apicid		: 1
initial apicid	: 1
fpu		: yes
fpu_exception	: yes
cpuid level	: 5
wp		: yes
flags		: fpu vme de pse tsc msr pae mce cx8 apic sep mtrr pge mca cmov pat pse36 clflush mmx fxsr sse sse2 ht syscall nx mmxext fxsr_opt pdpe1gb rdtscp lm 3dnowext 3dnow constant_tsc rep_good nopl nonstop_tsc extd_apicid pni monitor cx16 popcnt lahf_lm cmp_legacy svm extapic cr8_legacy abm sse4a misalignsse 3dnowprefetch osvw ibs skinit wdt hw_pstate npt lbrv svm_lock nrip_save
bogomips	: 6399.93
TLB size	: 1024 4K pages
clflush size	: 64
cache_alignment	: 64
address sizes	: 48 bits physical, 48 bits virtual
power management: ts ttp tm stc 100mhzsteps hwpstate

processor	: 2
vendor_id	: AuthenticAMD
cpu family	: 16
model		: 4
model name	: AMD Phenom(tm) II X4 955 Processor
stepping	: 2
microcode	: 0x1000086
cpu MHz		: 2100.000
cache size	: 512 KB
physical id	: 0
siblings	: 4
core id		: 2
cpu cores	: 4
apicid		: 2
initial apicid	: 2
fpu		: yes
fpu_exception	: yes
cpuid level	: 5
wp		: yes
flags		: fpu vme de pse tsc msr pae mce cx8 apic sep mtrr pge mca cmov pat pse36 clflush mmx fxsr sse sse2 ht syscall nx mmxext fxsr_opt pdpe1gb rdtscp lm 3dnowext 3dnow constant_tsc rep_good nopl nonstop_tsc extd_apicid pni monitor cx16 popcnt lahf_lm cmp_legacy svm extapic cr8_legacy abm sse4a misalignsse 3dnowprefetch osvw ibs skinit wdt hw_pstate npt lbrv svm_lock nrip_save
bogomips	: 6399.93
TLB size	: 1024 4K pages
clflush size	: 64
cache_alignment	: 64
address sizes	: 48 bits physical, 48 bits virtual
power management: ts ttp tm stc 100mhzsteps hwpstate

processor	: 3
vendor_id	: AuthenticAMD
cpu family	: 16
model		: 4
model name	: AMD Phenom(tm) II X4 955 Processor
stepping	: 2
microcode	: 0x1000086
cpu MHz		: 800.000
cache size	: 512 KB
physical id	: 0
siblings	: 4
core id		: 3
cpu cores	: 4
apicid		: 3
initial apicid	: 3
fpu		: yes
fpu_exception	: yes
cpuid level	: 5
wp		: yes
flags		: fpu vme de pse tsc msr pae mce cx8 apic sep mtrr pge mca cmov pat pse36 clflush mmx fxsr sse sse2 ht syscall nx mmxext fxsr_opt pdpe1gb rdtscp lm 3dnowext 3dnow constant_tsc rep_good nopl nonstop_tsc extd_apicid pni monitor cx16 popcnt lahf_lm cmp_legacy svm extapic cr8_legacy abm sse4a misalignsse 3dnowprefetch osvw ibs skinit wdt hw_pstate npt lbrv svm_lock nrip_save
bogomips	: 6399.93
TLB size	: 1024 4K pages
clflush size	: 64
cache_alignment	: 64
address sizes	: 48 bits physical, 48 bits virtual
power management: ts ttp tm stc 100mhzsteps hwpstate



Memory: 4k page, physical 4048044k(118996k free), swap 0k(0k free)

vm_info: Java HotSpot(TM) 64-Bit Server VM (25.45-b02) for linux-amd64 JRE (1.8.0_45-b14), built on Apr 10 2015 10:07:45 by "java_re" with gcc 4.3.0 20080428 (Red Hat 4.3.0-8)

time: Fri Aug 21 18:59:28 2015
elapsed time: 3 seconds (0d 0h 0m 3s)

