#
# There is insufficient memory for the Java Runtime Environment to continue.
# Native memory allocation (mmap) failed to map 73400320 bytes for committing reserved memory.
# Possible reasons:
#   The system is out of physical RAM or swap space
#   In 32 bit mode, the process size limit was hit
# Possible solutions:
#   Reduce memory load on the system
#   Increase physical memory or swap space
#   Check if swap backing store is full
#   Use 64 bit Java on a 64 bit OS
#   Decrease Java heap size (-Xmx/-Xms)
#   Decrease number of Java threads
#   Decrease Java thread stack sizes (-Xss)
#   Set larger code cache with -XX:ReservedCodeCacheSize=
# This output file may be truncated or incomplete.
#
#  Out of Memory Error (os_linux.cpp:2673), pid=4719, tid=140583611492096
#
# JRE version: Java(TM) SE Runtime Environment (8.0_45-b14) (build 1.8.0_45-b14)
# Java VM: Java HotSpot(TM) 64-Bit Server VM (25.45-b02 mixed mode linux-amd64 compressed oops)
# Failed to write core dump. Core dumps have been disabled. To enable core dumping, try "ulimit -c unlimited" before starting Java again
#

---------------  T H R E A D  ---------------

Current thread (0x00007fdc28079800):  VMThread [stack: 0x00007fdc2c296000,0x00007fdc2c397000] [id=4728]

Stack: [0x00007fdc2c296000,0x00007fdc2c397000],  sp=0x00007fdc2c395160,  free space=1020k
Native frames: (J=compiled Java code, j=interpreted, Vv=VM code, C=native code)
V  [libjvm.so+0xaac99a]  VMError::report_and_die()+0x2ba
V  [libjvm.so+0x4f333b]  report_vm_out_of_memory(char const*, int, unsigned long, VMErrorType, char const*)+0x8b
V  [libjvm.so+0x90e7c3]  os::Linux::commit_memory_impl(char*, unsigned long, bool)+0x103
V  [libjvm.so+0x90ed19]  os::pd_commit_memory(char*, unsigned long, unsigned long, bool)+0x29
V  [libjvm.so+0x90867a]  os::commit_memory(char*, unsigned long, unsigned long, bool)+0x2a
V  [libjvm.so+0x97bac3]  PSVirtualSpace::expand_by(unsigned long)+0x53
V  [libjvm.so+0x97cec8]  PSYoungGen::resize_generation(unsigned long, unsigned long)+0xf8
V  [libjvm.so+0x97c022]  PSYoungGen::resize(unsigned long, unsigned long)+0x22
V  [libjvm.so+0x9792fb]  PSScavenge::invoke_no_policy()+0xf7b
V  [libjvm.so+0x979a81]  PSScavenge::invoke()+0x41
V  [libjvm.so+0x932050]  ParallelScavengeHeap::failed_mem_allocate(unsigned long)+0x70
V  [libjvm.so+0xaae1d7]  VM_ParallelGCFailedAllocation::doit()+0x97
V  [libjvm.so+0xab59c5]  VM_Operation::evaluate()+0x55
V  [libjvm.so+0xab3d9a]  VMThread::evaluate_operation(VM_Operation*)+0xba
V  [libjvm.so+0xab411e]  VMThread::loop()+0x1ce
V  [libjvm.so+0xab4590]  VMThread::run()+0x70
V  [libjvm.so+0x910de8]  java_start(Thread*)+0x108

VM_Operation (0x00007fdc31a16170): ParallelGCFailedAllocation, mode: safepoint, requested by thread 0x00007fdc2800b800


---------------  P R O C E S S  ---------------

Java Threads: ( => current thread )
  0x00007fdc280cc000 JavaThread "Service Thread" daemon [_thread_blocked, id=4735, stack(0x00007fdc18832000,0x00007fdc18933000)]
  0x00007fdc280bf000 JavaThread "C1 CompilerThread2" daemon [_thread_blocked, id=4734, stack(0x00007fdc18933000,0x00007fdc18a34000)]
  0x00007fdc280bd000 JavaThread "C2 CompilerThread1" daemon [_thread_blocked, id=4733, stack(0x00007fdc18a34000,0x00007fdc18b35000)]
  0x00007fdc280ba000 JavaThread "C2 CompilerThread0" daemon [_thread_blocked, id=4732, stack(0x00007fdc18b35000,0x00007fdc18c36000)]
  0x00007fdc280b9000 JavaThread "Signal Dispatcher" daemon [_thread_blocked, id=4731, stack(0x00007fdc18c36000,0x00007fdc18d37000)]
  0x00007fdc28080800 JavaThread "Finalizer" daemon [_thread_blocked, id=4730, stack(0x00007fdc2c094000,0x00007fdc2c195000)]
  0x00007fdc2807e800 JavaThread "Reference Handler" daemon [_thread_blocked, id=4729, stack(0x00007fdc2c195000,0x00007fdc2c296000)]
  0x00007fdc2800b800 JavaThread "main" [_thread_blocked, id=4723, stack(0x00007fdc31917000,0x00007fdc31a18000)]

Other Threads:
=>0x00007fdc28079800 VMThread [stack: 0x00007fdc2c296000,0x00007fdc2c397000] [id=4728]
  0x00007fdc280ce800 WatcherThread [stack: 0x00007fdc18731000,0x00007fdc18832000] [id=4736]

VM state:at safepoint (normal execution)

VM Mutex/Monitor currently owned by a thread:  ([mutex/lock_event])
[0x00007fdc28007df0] Threads_lock - owner thread: 0x00007fdc28079800
[0x00007fdc280082f0] Heap_lock - owner thread: 0x00007fdc2800b800

Heap:
 PSYoungGen      total 264704K, used 11764K [0x00000000eab00000, 0x00000000fba00000, 0x0000000100000000)
  eden space 252928K, 0% used [0x00000000eab00000,0x00000000eab00000,0x00000000fa200000)
  from space 11776K, 99% used [0x00000000fa200000,0x00000000fad7d228,0x00000000fad80000)
  to   space 10752K, 0% used [0x00000000fad80000,0x00000000fad80000,0x00000000fb800000)
 ParOldGen       total 44032K, used 42924K [0x00000000c0000000, 0x00000000c2b00000, 0x00000000eab00000)
  object space 44032K, 97% used [0x00000000c0000000,0x00000000c29eb048,0x00000000c2b00000)
 Metaspace       used 7761K, capacity 7966K, committed 8320K, reserved 1056768K
  class space    used 754K, capacity 785K, committed 896K, reserved 1048576K

Card table byte_map: [0x00007fdc2e4f4000,0x00007fdc2e6f5000] byte_map_base: 0x00007fdc2def4000

Marking Bits: (ParMarkBitMap*) 0x00007fdc30df2760
 Begin Bits: [0x00007fdc06000000, 0x00007fdc07000000)
 End Bits:   [0x00007fdc07000000, 0x00007fdc08000000)

Polling page: 0x00007fdc31a39000

CodeCache: size=245760Kb used=9134Kb max_used=9147Kb free=236625Kb
 bounds [0x00007fdc19000000, 0x00007fdc19900000, 0x00007fdc28000000]
 total_blobs=2858 nmethods=2562 adapters=210
 compilation: enabled

Compilation events (10 events):
Event: 3.542 Thread 0x00007fdc280bd000 2593       4       com.android.dx.io.instructions.DecodedInstruction::getLiteralByte (58 bytes)
Event: 3.542 Thread 0x00007fdc280ba000 2594       4       com.android.dex.Dex$Section::skip (30 bytes)
Event: 3.542 Thread 0x00007fdc280bd000 nmethod 2593 0x00007fdc198ca5d0 code [0x00007fdc198ca720, 0x00007fdc198ca7b8]
Event: 3.543 Thread 0x00007fdc280ba000 nmethod 2594 0x00007fdc198d76d0 code [0x00007fdc198d7820, 0x00007fdc198d7918]
Event: 3.564 Thread 0x00007fdc280bf000 2595       3       com.android.dx.io.instructions.InstructionCodec$7::decode (50 bytes)
Event: 3.565 Thread 0x00007fdc280bf000 nmethod 2595 0x00007fdc198e69d0 code [0x00007fdc198e6ba0, 0x00007fdc198e73f8]
Event: 3.565 Thread 0x00007fdc280bf000 2596       3       com.android.dx.io.instructions.InstructionCodec$7::encode (23 bytes)
Event: 3.565 Thread 0x00007fdc280bf000 nmethod 2596 0x00007fdc198f2f10 code [0x00007fdc198f30c0, 0x00007fdc198f3a28]
Event: 3.565 Thread 0x00007fdc280bd000 2597       4       com.android.dx.io.instructions.InstructionCodec$28::decode (7 bytes)
Event: 3.568 Thread 0x00007fdc280ba000 2598       4       com.android.dx.io.instructions.InstructionCodec::decodeRegisterRange (53 bytes)

GC Heap History (10 events):
Event: 1.826 GC heap after
Heap after GC invocations=4 (full 0):
 PSYoungGen      total 66048K, used 2551K [0x00000000eab00000, 0x00000000eee00000, 0x0000000100000000)
  eden space 63488K, 0% used [0x00000000eab00000,0x00000000eab00000,0x00000000ee900000)
  from space 2560K, 99% used [0x00000000eeb80000,0x00000000eedfdfa0,0x00000000eee00000)
  to   space 2560K, 0% used [0x00000000ee900000,0x00000000ee900000,0x00000000eeb80000)
 ParOldGen       total 42496K, used 15344K [0x00000000c0000000, 0x00000000c2980000, 0x00000000eab00000)
  object space 42496K, 36% used [0x00000000c0000000,0x00000000c0efc048,0x00000000c2980000)
 Metaspace       used 7607K, capacity 7928K, committed 8192K, reserved 1056768K
  class space    used 745K, capacity 752K, committed 768K, reserved 1048576K
}
Event: 2.035 GC heap before
{Heap before GC invocations=5 (full 0):
 PSYoungGen      total 66048K, used 66039K [0x00000000eab00000, 0x00000000eee00000, 0x0000000100000000)
  eden space 63488K, 100% used [0x00000000eab00000,0x00000000ee900000,0x00000000ee900000)
  from space 2560K, 99% used [0x00000000eeb80000,0x00000000eedfdfa0,0x00000000eee00000)
  to   space 2560K, 0% used [0x00000000ee900000,0x00000000ee900000,0x00000000eeb80000)
 ParOldGen       total 42496K, used 15344K [0x00000000c0000000, 0x00000000c2980000, 0x00000000eab00000)
  object space 42496K, 36% used [0x00000000c0000000,0x00000000c0efc048,0x00000000c2980000)
 Metaspace       used 7727K, capacity 7966K, committed 8320K, reserved 1056768K
  class space    used 754K, capacity 785K, committed 896K, reserved 1048576K
Event: 2.048 GC heap after
Heap after GC invocations=5 (full 0):
 PSYoungGen      total 66048K, used 2531K [0x00000000eab00000, 0x00000000f3e00000, 0x0000000100000000)
  eden space 63488K, 0% used [0x00000000eab00000,0x00000000eab00000,0x00000000ee900000)
  from space 2560K, 98% used [0x00000000ee900000,0x00000000eeb78e58,0x00000000eeb80000)
  to   space 11776K, 0% used [0x00000000f3280000,0x00000000f3280000,0x00000000f3e00000)
 ParOldGen       total 42496K, used 21170K [0x00000000c0000000, 0x00000000c2980000, 0x00000000eab00000)
  object space 42496K, 49% used [0x00000000c0000000,0x00000000c14aca40,0x00000000c2980000)
 Metaspace       used 7727K, capacity 7966K, committed 8320K, reserved 1056768K
  class space    used 754K, capacity 785K, committed 896K, reserved 1048576K
}
Event: 2.207 GC heap before
{Heap before GC invocations=6 (full 0):
 PSYoungGen      total 66048K, used 66019K [0x00000000eab00000, 0x00000000f3e00000, 0x0000000100000000)
  eden space 63488K, 100% used [0x00000000eab00000,0x00000000ee900000,0x00000000ee900000)
  from space 2560K, 98% used [0x00000000ee900000,0x00000000eeb78e58,0x00000000eeb80000)
  to   space 11776K, 0% used [0x00000000f3280000,0x00000000f3280000,0x00000000f3e00000)
 ParOldGen       total 42496K, used 21170K [0x00000000c0000000, 0x00000000c2980000, 0x00000000eab00000)
  object space 42496K, 49% used [0x00000000c0000000,0x00000000c14aca40,0x00000000c2980000)
 Metaspace       used 7740K, capacity 7966K, committed 8320K, reserved 1056768K
  class space    used 754K, capacity 785K, committed 896K, reserved 1048576K
Event: 2.245 GC heap after
Heap after GC invocations=6 (full 0):
 PSYoungGen      total 137728K, used 6696K [0x00000000eab00000, 0x00000000f3d00000, 0x0000000100000000)
  eden space 126976K, 0% used [0x00000000eab00000,0x00000000eab00000,0x00000000f2700000)
  from space 10752K, 62% used [0x00000000f3280000,0x00000000f390a1a0,0x00000000f3d00000)
  to   space 11264K, 0% used [0x00000000f2700000,0x00000000f2700000,0x00000000f3200000)
 ParOldGen       total 42496K, used 21170K [0x00000000c0000000, 0x00000000c2980000, 0x00000000eab00000)
  object space 42496K, 49% used [0x00000000c0000000,0x00000000c14aca40,0x00000000c2980000)
 Metaspace       used 7740K, capacity 7966K, committed 8320K, reserved 1056768K
  class space    used 754K, capacity 785K, committed 896K, reserved 1048576K
}
Event: 2.612 GC heap before
{Heap before GC invocations=7 (full 0):
 PSYoungGen      total 137728K, used 133672K [0x00000000eab00000, 0x00000000f3d00000, 0x0000000100000000)
  eden space 126976K, 100% used [0x00000000eab00000,0x00000000f2700000,0x00000000f2700000)
  from space 10752K, 62% used [0x00000000f3280000,0x00000000f390a1a0,0x00000000f3d00000)
  to   space 11264K, 0% used [0x00000000f2700000,0x00000000f2700000,0x00000000f3200000)
 ParOldGen       total 42496K, used 21170K [0x00000000c0000000, 0x00000000c2980000, 0x00000000eab00000)
  object space 42496K, 49% used [0x00000000c0000000,0x00000000c14aca40,0x00000000c2980000)
 Metaspace       used 7747K, capacity 7966K, committed 8320K, reserved 1056768K
  class space    used 754K, capacity 785K, committed 896K, reserved 1048576K
Event: 2.629 GC heap after
Heap after GC invocations=7 (full 0):
 PSYoungGen      total 138240K, used 6202K [0x00000000eab00000, 0x00000000fb800000, 0x0000000100000000)
  eden space 126976K, 0% used [0x00000000eab00000,0x00000000eab00000,0x00000000f2700000)
  from space 11264K, 55% used [0x00000000f2700000,0x00000000f2d0ead8,0x00000000f3200000)
  to   space 10752K, 0% used [0x00000000fad80000,0x00000000fad80000,0x00000000fb800000)
 ParOldGen       total 42496K, used 23381K [0x00000000c0000000, 0x00000000c2980000, 0x00000000eab00000)
  object space 42496K, 55% used [0x00000000c0000000,0x00000000c16d5520,0x00000000c2980000)
 Metaspace       used 7747K, capacity 7966K, committed 8320K, reserved 1056768K
  class space    used 754K, capacity 785K, committed 896K, reserved 1048576K
}
Event: 2.888 GC heap before
{Heap before GC invocations=8 (full 0):
 PSYoungGen      total 138240K, used 133178K [0x00000000eab00000, 0x00000000fb800000, 0x0000000100000000)
  eden space 126976K, 100% used [0x00000000eab00000,0x00000000f2700000,0x00000000f2700000)
  from space 11264K, 55% used [0x00000000f2700000,0x00000000f2d0ead8,0x00000000f3200000)
  to   space 10752K, 0% used [0x00000000fad80000,0x00000000fad80000,0x00000000fb800000)
 ParOldGen       total 42496K, used 23381K [0x00000000c0000000, 0x00000000c2980000, 0x00000000eab00000)
  object space 42496K, 55% used [0x00000000c0000000,0x00000000c16d5520,0x00000000c2980000)
 Metaspace       used 7753K, capacity 7966K, committed 8320K, reserved 1056768K
  class space    used 754K, capacity 785K, committed 896K, reserved 1048576K
Event: 2.902 GC heap after
Heap after GC invocations=8 (full 0):
 PSYoungGen      total 263680K, used 10105K [0x00000000eab00000, 0x00000000fba00000, 0x0000000100000000)
  eden space 252928K, 0% used [0x00000000eab00000,0x00000000eab00000,0x00000000fa200000)
  from space 10752K, 93% used [0x00000000fad80000,0x00000000fb75e538,0x00000000fb800000)
  to   space 11776K, 0% used [0x00000000fa200000,0x00000000fa200000,0x00000000fad80000)
 ParOldGen       total 42496K, used 27043K [0x00000000c0000000, 0x00000000c2980000, 0x00000000eab00000)
  object space 42496K, 63% used [0x00000000c0000000,0x00000000c1a68e78,0x00000000c2980000)
 Metaspace       used 7753K, capacity 7966K, committed 8320K, reserved 1056768K
  class space    used 754K, capacity 785K, committed 896K, reserved 1048576K
}
Event: 3.570 GC heap before
{Heap before GC invocations=9 (full 0):
 PSYoungGen      total 263680K, used 263033K [0x00000000eab00000, 0x00000000fba00000, 0x0000000100000000)
  eden space 252928K, 100% used [0x00000000eab00000,0x00000000fa200000,0x00000000fa200000)
  from space 10752K, 93% used [0x00000000fad80000,0x00000000fb75e538,0x00000000fb800000)
  to   space 11776K, 0% used [0x00000000fa200000,0x00000000fa200000,0x00000000fad80000)
 ParOldGen       total 42496K, used 27043K [0x00000000c0000000, 0x00000000c2980000, 0x00000000eab00000)
  object space 42496K, 63% used [0x00000000c0000000,0x00000000c1a68e78,0x00000000c2980000)
 Metaspace       used 7761K, capacity 7966K, committed 8320K, reserved 1056768K
  class space    used 754K, capacity 785K, committed 896K, reserved 1048576K

Deoptimization events (10 events):
Event: 1.458 Thread 0x00007fdc2800b800 Uncommon trap: reason=class_check action=maybe_recompile pc=0x00007fdc1958e7ac method=java.util.HashMap.putVal(ILjava/lang/Object;Ljava/lang/Object;ZZ)Ljava/lang/Object; @ 56
Event: 1.534 Thread 0x00007fdc2800b800 Uncommon trap: reason=unstable_if action=reinterpret pc=0x00007fdc1964a3e0 method=java.util.HashMap.putVal(ILjava/lang/Object;Ljava/lang/Object;ZZ)Ljava/lang/Object; @ 162
Event: 1.534 Thread 0x00007fdc2800b800 Uncommon trap: reason=unstable_if action=reinterpret pc=0x00007fdc196471a4 method=java.util.HashMap.putVal(ILjava/lang/Object;Ljava/lang/Object;ZZ)Ljava/lang/Object; @ 162
Event: 1.637 Thread 0x00007fdc2800b800 Uncommon trap: reason=predicate action=maybe_recompile pc=0x00007fdc196d9344 method=com.android.dex.Leb128.readUnsignedLeb128(Lcom/android/dex/util/ByteInput;)I @ 41
Event: 1.652 Thread 0x00007fdc2800b800 Uncommon trap: reason=unstable_if action=reinterpret pc=0x00007fdc196ff994 method=com.android.dx.merge.IndexMap.adjustString(I)I @ 2
Event: 1.674 Thread 0x00007fdc2800b800 Uncommon trap: reason=unstable_if action=reinterpret pc=0x00007fdc19568414 method=java.util.HashMap.getNode(ILjava/lang/Object;)Ljava/util/HashMap$Node; @ 84
Event: 1.674 Thread 0x00007fdc2800b800 Uncommon trap: reason=unstable_if action=reinterpret pc=0x00007fdc1955dc2c method=java.util.HashMap.getNode(ILjava/lang/Object;)Ljava/util/HashMap$Node; @ 84
Event: 1.691 Thread 0x00007fdc2800b800 Uncommon trap: reason=unstable_if action=reinterpret pc=0x00007fdc19698560 method=com.android.dex.FieldId.compareTo(Lcom/android/dex/FieldId;)I @ 8
Event: 2.100 Thread 0x00007fdc2800b800 Uncommon trap: reason=unstable_if action=reinterpret pc=0x00007fdc197c3b68 method=com.android.dex.EncodedValueCodec.readUnsignedInt(Lcom/android/dex/util/ByteInput;IZ)I @ 3
Event: 2.306 Thread 0x00007fdc2800b800 Uncommon trap: reason=unloaded action=reinterpret pc=0x00007fdc1974d588 method=com.android.dx.merge.IndexMap$EncodedValueTransformer.transform(Lcom/android/dex/EncodedValueReader;)V @ 263

Internal exceptions (7 events):
Event: 0.292 Thread 0x00007fdc2800b800 Exception <a 'java/lang/NoSuchMethodError': Method sun.misc.Unsafe.defineClass(Ljava/lang/String;[BII)Ljava/lang/Class; name or signature does not match> (0x00000000eab12a38) thrown at [/RE-WORK/workspace/8-2-build-linux-amd64/jdk8u45/3457/hotspot/src/sha
Event: 0.292 Thread 0x00007fdc2800b800 Exception <a 'java/lang/NoSuchMethodError': Method sun.misc.Unsafe.prefetchRead(Ljava/lang/Object;J)V name or signature does not match> (0x00000000eab12cc8) thrown at [/RE-WORK/workspace/8-2-build-linux-amd64/jdk8u45/3457/hotspot/src/share/vm/prims/jni.cp
Event: 1.175 Thread 0x00007fdc2800b800 Implicit null exception at 0x00007fdc194d6162 to 0x00007fdc194d6202
Event: 1.617 Thread 0x00007fdc2800b800 Exception <a 'java/security/PrivilegedActionException'> (0x00000000eaccebb8) thrown at [/RE-WORK/workspace/8-2-build-linux-amd64/jdk8u45/3457/hotspot/src/share/vm/prims/jvm.cpp, line 1382]
Event: 1.618 Thread 0x00007fdc2800b800 Exception <a 'java/security/PrivilegedActionException'> (0x00000000eaccef00) thrown at [/RE-WORK/workspace/8-2-build-linux-amd64/jdk8u45/3457/hotspot/src/share/vm/prims/jvm.cpp, line 1382]
Event: 1.618 Thread 0x00007fdc2800b800 Exception <a 'java/security/PrivilegedActionException'> (0x00000000eacd13b0) thrown at [/RE-WORK/workspace/8-2-build-linux-amd64/jdk8u45/3457/hotspot/src/share/vm/prims/jvm.cpp, line 1382]
Event: 1.618 Thread 0x00007fdc2800b800 Exception <a 'java/security/PrivilegedActionException'> (0x00000000eacd16f8) thrown at [/RE-WORK/workspace/8-2-build-linux-amd64/jdk8u45/3457/hotspot/src/share/vm/prims/jvm.cpp, line 1382]

Events (10 events):
Event: 3.075 Thread 0x00007fdc2800b800 DEOPT UNPACKING pc=0x00007fdc19047233 sp=0x00007fdc31a15f50 mode 0
Event: 3.362 Thread 0x00007fdc2800b800 DEOPT PACKING pc=0x00007fdc1977f10f sp=0x00007fdc31a162a0
Event: 3.362 Thread 0x00007fdc2800b800 DEOPT UNPACKING pc=0x00007fdc19047233 sp=0x00007fdc31a15fe0 mode 0
Event: 3.363 Thread 0x00007fdc2800b800 DEOPT PACKING pc=0x00007fdc1977f10f sp=0x00007fdc31a162a0
Event: 3.363 Thread 0x00007fdc2800b800 DEOPT UNPACKING pc=0x00007fdc19047233 sp=0x00007fdc31a15fe0 mode 0
Event: 3.364 Thread 0x00007fdc2800b800 DEOPT PACKING pc=0x00007fdc1977f10f sp=0x00007fdc31a162a0
Event: 3.364 Thread 0x00007fdc2800b800 DEOPT UNPACKING pc=0x00007fdc19047233 sp=0x00007fdc31a15fe0 mode 0
Event: 3.375 Thread 0x00007fdc2800b800 DEOPT PACKING pc=0x00007fdc1982ed56 sp=0x00007fdc31a164c0
Event: 3.375 Thread 0x00007fdc2800b800 DEOPT UNPACKING pc=0x00007fdc19047233 sp=0x00007fdc31a16270 mode 0
Event: 3.570 Executing VM operation: ParallelGCFailedAllocation


Dynamic libraries:
00400000-00401000 r-xp 00000000 08:03 1572315                            /opt/java/jdk1.8.0_45/bin/java
00600000-00601000 rw-p 00000000 08:03 1572315                            /opt/java/jdk1.8.0_45/bin/java
00c4d000-00c6e000 rw-p 00000000 00:00 0                                  [heap]
c0000000-c2b00000 rw-p 00000000 00:00 0 
c2b00000-eab00000 ---p 00000000 00:00 0 
eab00000-fba00000 rw-p 00000000 00:00 0 
100000000-1000e0000 rw-p 00000000 00:00 0 
1000e0000-140000000 ---p 00000000 00:00 0 
7fdbe0000000-7fdbe0021000 rw-p 00000000 00:00 0 
7fdbe0021000-7fdbe4000000 ---p 00000000 00:00 0 
7fdbe4000000-7fdbe4021000 rw-p 00000000 00:00 0 
7fdbe4021000-7fdbe8000000 ---p 00000000 00:00 0 
7fdbe8000000-7fdbe8c03000 rw-p 00000000 00:00 0 
7fdbe8c03000-7fdbec000000 ---p 00000000 00:00 0 
7fdbec000000-7fdbec81c000 rw-p 00000000 00:00 0 
7fdbec81c000-7fdbf0000000 ---p 00000000 00:00 0 
7fdbf0000000-7fdbf0021000 rw-p 00000000 00:00 0 
7fdbf0021000-7fdbf4000000 ---p 00000000 00:00 0 
7fdbf4000000-7fdbf536d000 rw-p 00000000 00:00 0 
7fdbf536d000-7fdbf8000000 ---p 00000000 00:00 0 
7fdbf8000000-7fdbf8021000 rw-p 00000000 00:00 0 
7fdbf8021000-7fdbfc000000 ---p 00000000 00:00 0 
7fdbfc000000-7fdbfc021000 rw-p 00000000 00:00 0 
7fdbfc021000-7fdc00000000 ---p 00000000 00:00 0 
7fdc00000000-7fdc00292000 rw-p 00000000 00:00 0 
7fdc00292000-7fdc04000000 ---p 00000000 00:00 0 
7fdc06000000-7fdc08000000 rw-p 00000000 00:00 0 
7fdc08000000-7fdc08021000 rw-p 00000000 00:00 0 
7fdc08021000-7fdc0c000000 ---p 00000000 00:00 0 
7fdc0c000000-7fdc0c021000 rw-p 00000000 00:00 0 
7fdc0c021000-7fdc10000000 ---p 00000000 00:00 0 
7fdc10000000-7fdc10021000 rw-p 00000000 00:00 0 
7fdc10021000-7fdc14000000 ---p 00000000 00:00 0 
7fdc14000000-7fdc14021000 rw-p 00000000 00:00 0 
7fdc14021000-7fdc18000000 ---p 00000000 00:00 0 
7fdc18731000-7fdc18732000 ---p 00000000 00:00 0 
7fdc18732000-7fdc18832000 rw-p 00000000 00:00 0                          [stack:4736]
7fdc18832000-7fdc18835000 ---p 00000000 00:00 0 
7fdc18835000-7fdc18933000 rw-p 00000000 00:00 0                          [stack:4735]
7fdc18933000-7fdc18936000 ---p 00000000 00:00 0 
7fdc18936000-7fdc18a34000 rw-p 00000000 00:00 0                          [stack:4734]
7fdc18a34000-7fdc18a37000 ---p 00000000 00:00 0 
7fdc18a37000-7fdc18b35000 rw-p 00000000 00:00 0                          [stack:4733]
7fdc18b35000-7fdc18b38000 ---p 00000000 00:00 0 
7fdc18b38000-7fdc18c36000 rw-p 00000000 00:00 0                          [stack:4732]
7fdc18c36000-7fdc18c39000 ---p 00000000 00:00 0 
7fdc18c39000-7fdc18d37000 rw-p 00000000 00:00 0                          [stack:4731]
7fdc18d37000-7fdc19000000 r--p 00000000 08:03 266989                     /usr/lib/locale/locale-archive
7fdc19000000-7fdc19900000 rwxp 00000000 00:00 0 
7fdc19900000-7fdc28000000 ---p 00000000 00:00 0 
7fdc28000000-7fdc2839a000 rw-p 00000000 00:00 0 
7fdc2839a000-7fdc2c000000 ---p 00000000 00:00 0 
7fdc2c05e000-7fdc2c069000 r--s 00116000 08:03 1574017                    /opt/java/jdk1.8.0_45/jre/lib/ext/localedata.jar
7fdc2c069000-7fdc2c085000 r--s 00393000 08:03 1574015                    /opt/java/jdk1.8.0_45/jre/lib/ext/cldrdata.jar
7fdc2c085000-7fdc2c094000 r--s 000dd000 00:19 9438599                    /home/mike/Android/Sdk/build-tools/22.0.1/lib/dx.jar
7fdc2c094000-7fdc2c097000 ---p 00000000 00:00 0 
7fdc2c097000-7fdc2c195000 rw-p 00000000 00:00 0                          [stack:4730]
7fdc2c195000-7fdc2c198000 ---p 00000000 00:00 0 
7fdc2c198000-7fdc2c296000 rw-p 00000000 00:00 0                          [stack:4729]
7fdc2c296000-7fdc2c297000 ---p 00000000 00:00 0 
7fdc2c297000-7fdc2d34b000 rw-p 00000000 00:00 0                          [stack:4728]
7fdc2d34b000-7fdc2d524000 r--s 03d09000 08:03 1573810                    /opt/java/jdk1.8.0_45/jre/lib/rt.jar
7fdc2d524000-7fdc2dcda000 rw-p 00000000 00:00 0 
7fdc2dcda000-7fdc2dd9a000 ---p 00000000 00:00 0 
7fdc2dd9a000-7fdc2df9a000 rw-p 00000000 00:00 0 
7fdc2df9a000-7fdc2df9b000 ---p 00000000 00:00 0 
7fdc2df9b000-7fdc2e09b000 rw-p 00000000 00:00 0                          [stack:4727]
7fdc2e09b000-7fdc2e09c000 ---p 00000000 00:00 0 
7fdc2e09c000-7fdc2e19c000 rw-p 00000000 00:00 0                          [stack:4726]
7fdc2e19c000-7fdc2e19d000 ---p 00000000 00:00 0 
7fdc2e19d000-7fdc2e29d000 rw-p 00000000 00:00 0                          [stack:4725]
7fdc2e29d000-7fdc2e29e000 ---p 00000000 00:00 0 
7fdc2e29e000-7fdc2e3b4000 rw-p 00000000 00:00 0                          [stack:4724]
7fdc2e3b4000-7fdc2e4f4000 ---p 00000000 00:00 0 
7fdc2e4f4000-7fdc2e50a000 rw-p 00000000 00:00 0 
7fdc2e50a000-7fdc2e649000 ---p 00000000 00:00 0 
7fdc2e649000-7fdc2e6d1000 rw-p 00000000 00:00 0 
7fdc2e6d1000-7fdc2e6f4000 ---p 00000000 00:00 0 
7fdc2e6f4000-7fdc2e719000 rw-p 00000000 00:00 0 
7fdc2e719000-7fdc2eab5000 ---p 00000000 00:00 0 
7fdc2eab5000-7fdc2eacf000 r-xp 00000000 08:03 1574049                    /opt/java/jdk1.8.0_45/jre/lib/amd64/libzip.so
7fdc2eacf000-7fdc2eccf000 ---p 0001a000 08:03 1574049                    /opt/java/jdk1.8.0_45/jre/lib/amd64/libzip.so
7fdc2eccf000-7fdc2ecd0000 rw-p 0001a000 08:03 1574049                    /opt/java/jdk1.8.0_45/jre/lib/amd64/libzip.so
7fdc2ecd0000-7fdc2ecdb000 r-xp 00000000 08:03 131807                     /lib/x86_64-linux-gnu/libnss_files-2.19.so
7fdc2ecdb000-7fdc2eeda000 ---p 0000b000 08:03 131807                     /lib/x86_64-linux-gnu/libnss_files-2.19.so
7fdc2eeda000-7fdc2eedb000 r--p 0000a000 08:03 131807                     /lib/x86_64-linux-gnu/libnss_files-2.19.so
7fdc2eedb000-7fdc2eedc000 rw-p 0000b000 08:03 131807                     /lib/x86_64-linux-gnu/libnss_files-2.19.so
7fdc2eedc000-7fdc2eee7000 r-xp 00000000 08:03 131871                     /lib/x86_64-linux-gnu/libnss_nis-2.19.so
7fdc2eee7000-7fdc2f0e6000 ---p 0000b000 08:03 131871                     /lib/x86_64-linux-gnu/libnss_nis-2.19.so
7fdc2f0e6000-7fdc2f0e7000 r--p 0000a000 08:03 131871                     /lib/x86_64-linux-gnu/libnss_nis-2.19.so
7fdc2f0e7000-7fdc2f0e8000 rw-p 0000b000 08:03 131871                     /lib/x86_64-linux-gnu/libnss_nis-2.19.so
7fdc2f0e8000-7fdc2f0ff000 r-xp 00000000 08:03 131829                     /lib/x86_64-linux-gnu/libnsl-2.19.so
7fdc2f0ff000-7fdc2f2fe000 ---p 00017000 08:03 131829                     /lib/x86_64-linux-gnu/libnsl-2.19.so
7fdc2f2fe000-7fdc2f2ff000 r--p 00016000 08:03 131829                     /lib/x86_64-linux-gnu/libnsl-2.19.so
7fdc2f2ff000-7fdc2f300000 rw-p 00017000 08:03 131829                     /lib/x86_64-linux-gnu/libnsl-2.19.so
7fdc2f300000-7fdc2f302000 rw-p 00000000 00:00 0 
7fdc2f302000-7fdc2f30b000 r-xp 00000000 08:03 131828                     /lib/x86_64-linux-gnu/libnss_compat-2.19.so
7fdc2f30b000-7fdc2f50a000 ---p 00009000 08:03 131828                     /lib/x86_64-linux-gnu/libnss_compat-2.19.so
7fdc2f50a000-7fdc2f50b000 r--p 00008000 08:03 131828                     /lib/x86_64-linux-gnu/libnss_compat-2.19.so
7fdc2f50b000-7fdc2f50c000 rw-p 00009000 08:03 131828                     /lib/x86_64-linux-gnu/libnss_compat-2.19.so
7fdc2f50c000-7fdc2f536000 r-xp 00000000 08:03 1574040                    /opt/java/jdk1.8.0_45/jre/lib/amd64/libjava.so
7fdc2f536000-7fdc2f736000 ---p 0002a000 08:03 1574040                    /opt/java/jdk1.8.0_45/jre/lib/amd64/libjava.so
7fdc2f736000-7fdc2f738000 rw-p 0002a000 08:03 1574040                    /opt/java/jdk1.8.0_45/jre/lib/amd64/libjava.so
7fdc2f738000-7fdc2f745000 r-xp 00000000 08:03 1574047                    /opt/java/jdk1.8.0_45/jre/lib/amd64/libverify.so
7fdc2f745000-7fdc2f945000 ---p 0000d000 08:03 1574047                    /opt/java/jdk1.8.0_45/jre/lib/amd64/libverify.so
7fdc2f945000-7fdc2f947000 rw-p 0000d000 08:03 1574047                    /opt/java/jdk1.8.0_45/jre/lib/amd64/libverify.so
7fdc2f947000-7fdc2f94e000 r-xp 00000000 08:03 131868                     /lib/x86_64-linux-gnu/librt-2.19.so
7fdc2f94e000-7fdc2fb4d000 ---p 00007000 08:03 131868                     /lib/x86_64-linux-gnu/librt-2.19.so
7fdc2fb4d000-7fdc2fb4e000 r--p 00006000 08:03 131868                     /lib/x86_64-linux-gnu/librt-2.19.so
7fdc2fb4e000-7fdc2fb4f000 rw-p 00007000 08:03 131868                     /lib/x86_64-linux-gnu/librt-2.19.so
7fdc2fb4f000-7fdc2fc54000 r-xp 00000000 08:03 131806                     /lib/x86_64-linux-gnu/libm-2.19.so
7fdc2fc54000-7fdc2fe53000 ---p 00105000 08:03 131806                     /lib/x86_64-linux-gnu/libm-2.19.so
7fdc2fe53000-7fdc2fe54000 r--p 00104000 08:03 131806                     /lib/x86_64-linux-gnu/libm-2.19.so
7fdc2fe54000-7fdc2fe55000 rw-p 00105000 08:03 131806                     /lib/x86_64-linux-gnu/libm-2.19.so
7fdc2fe55000-7fdc30b03000 r-xp 00000000 08:03 1574060                    /opt/java/jdk1.8.0_45/jre/lib/amd64/server/libjvm.so
7fdc30b03000-7fdc30d02000 ---p 00cae000 08:03 1574060                    /opt/java/jdk1.8.0_45/jre/lib/amd64/server/libjvm.so
7fdc30d02000-7fdc30dd9000 rw-p 00cad000 08:03 1574060                    /opt/java/jdk1.8.0_45/jre/lib/amd64/server/libjvm.so
7fdc30dd9000-7fdc30e1d000 rw-p 00000000 00:00 0 
7fdc30e1d000-7fdc30fd8000 r-xp 00000000 08:03 131857                     /lib/x86_64-linux-gnu/libc-2.19.so
7fdc30fd8000-7fdc311d7000 ---p 001bb000 08:03 131857                     /lib/x86_64-linux-gnu/libc-2.19.so
7fdc311d7000-7fdc311db000 r--p 001ba000 08:03 131857                     /lib/x86_64-linux-gnu/libc-2.19.so
7fdc311db000-7fdc311dd000 rw-p 001be000 08:03 131857                     /lib/x86_64-linux-gnu/libc-2.19.so
7fdc311dd000-7fdc311e2000 rw-p 00000000 00:00 0 
7fdc311e2000-7fdc311e5000 r-xp 00000000 08:03 131810                     /lib/x86_64-linux-gnu/libdl-2.19.so
7fdc311e5000-7fdc313e4000 ---p 00003000 08:03 131810                     /lib/x86_64-linux-gnu/libdl-2.19.so
7fdc313e4000-7fdc313e5000 r--p 00002000 08:03 131810                     /lib/x86_64-linux-gnu/libdl-2.19.so
7fdc313e5000-7fdc313e6000 rw-p 00003000 08:03 131810                     /lib/x86_64-linux-gnu/libdl-2.19.so
7fdc313e6000-7fdc313fb000 r-xp 00000000 08:03 1573749                    /opt/java/jdk1.8.0_45/lib/amd64/jli/libjli.so
7fdc313fb000-7fdc315fb000 ---p 00015000 08:03 1573749                    /opt/java/jdk1.8.0_45/lib/amd64/jli/libjli.so
7fdc315fb000-7fdc315fc000 rw-p 00015000 08:03 1573749                    /opt/java/jdk1.8.0_45/lib/amd64/jli/libjli.so
7fdc315fc000-7fdc31615000 r-xp 00000000 08:03 131858                     /lib/x86_64-linux-gnu/libpthread-2.19.so
7fdc31615000-7fdc31814000 ---p 00019000 08:03 131858                     /lib/x86_64-linux-gnu/libpthread-2.19.so
7fdc31814000-7fdc31815000 r--p 00018000 08:03 131858                     /lib/x86_64-linux-gnu/libpthread-2.19.so
7fdc31815000-7fdc31816000 rw-p 00019000 08:03 131858                     /lib/x86_64-linux-gnu/libpthread-2.19.so
7fdc31816000-7fdc3181a000 rw-p 00000000 00:00 0 
7fdc3181a000-7fdc3183d000 r-xp 00000000 08:03 131833                     /lib/x86_64-linux-gnu/ld-2.19.so
7fdc3183e000-7fdc3183f000 rw-p 00000000 00:00 0 
7fdc3183f000-7fdc31840000 r--p 00000000 08:03 672594                     /usr/share/locale-langpack/en_GB/LC_MESSAGES/libc.mo
7fdc31840000-7fdc31845000 r--s 00094000 08:03 1573828                    /opt/java/jdk1.8.0_45/jre/lib/jsse.jar
7fdc31845000-7fdc31917000 rw-p 00000000 00:00 0 
7fdc31917000-7fdc3191a000 ---p 00000000 00:00 0 
7fdc3191a000-7fdc31a30000 rw-p 00000000 00:00 0                          [stack:4723]
7fdc31a30000-7fdc31a38000 rw-s 00000000 08:03 1574113                    /tmp/hsperfdata_mike/4719
7fdc31a38000-7fdc31a39000 rw-p 00000000 00:00 0 
7fdc31a39000-7fdc31a3a000 ---p 00000000 00:00 0 
7fdc31a3a000-7fdc31a3c000 rw-p 00000000 00:00 0 
7fdc31a3c000-7fdc31a3d000 r--p 00022000 08:03 131833                     /lib/x86_64-linux-gnu/ld-2.19.so
7fdc31a3d000-7fdc31a3e000 rw-p 00023000 08:03 131833                     /lib/x86_64-linux-gnu/ld-2.19.so
7fdc31a3e000-7fdc31a3f000 rw-p 00000000 00:00 0 
7fff1c287000-7fff1c2a9000 rw-p 00000000 00:00 0                          [stack]
7fff1c39b000-7fff1c39d000 r-xp 00000000 00:00 0                          [vdso]
ffffffffff600000-ffffffffff601000 r-xp 00000000 00:00 0                  [vsyscall]

VM Arguments:
jvm_args: -Xmx1024M -Dfile.encoding=UTF-8 -Duser.country=GB -Duser.language=en -Duser.variant 
java_command: com.android.dx.command.Main --dex --output /home/mike/AndroidStudioProjects/Wordist/app/build/intermediates/dex/debug /home/mike/AndroidStudioProjects/Wordist/app/build/intermediates/classes/debug /home/mike/AndroidStudioProjects/Wordist/app/build/intermediates/pre-dexed/debug/support-annotations-22.1.1-54ad1e10ea40c0340437050c86aa0e6e8ee262e6.jar /home/mike/AndroidStudioProjects/Wordist/app/build/intermediates/pre-dexed/debug/classes-e01224f4b848d2f70fe036e6ffd03fad8e49b557.jar /home/mike/AndroidStudioProjects/Wordist/app/build/intermediates/pre-dexed/debug/classes-2ab3d19bd8375c4756f92f9df195e4252f17cf71.jar /home/mike/AndroidStudioProjects/Wordist/app/build/intermediates/pre-dexed/debug/classes-674e81071699e5047dc949309e33eaff0b6cf792.jar /home/mike/AndroidStudioProjects/Wordist/app/build/intermediates/pre-dexed/debug/internal_impl-22.0.0-badf73acff408b2f94e3947ab7ebff932b700965.jar /home/mike/AndroidStudioProjects/Wordist/app/build/intermediates/pre-dexed/debug/classes-b97a6c1cf7fbeb04f196fcf80c57d4257edcc6dd.jar /home/mike/AndroidStudioProjects/Wordist/app/build/intermediates/pre-dexed/debug/classes-d24eb526a194db96263c3f6685649fd0fe6c44d5.jar /home/mike/AndroidStudioProjects/Wordist/app/build/intermediates/pre-dexed/debug/classes-7a28f4ba4fb32a581ec7923ddf90ef95697adfea.jar /home/mike/AndroidStudioProjects/Wordist/app/build/intermediates/pre-dexed/debug/classes-2fffb6f7a97d395100aaf3eefa7e7444903a76be.jar /home/mike/AndroidStudioProjects/Wordist/app/build/intermediates/pre-dexed/debug/classes-cc0797b316f66372a2b35e75e646f3b4068a1b62.jar /home/mike/AndroidStudioProjects/Wordist/app/build/intermediates/pre-dexed/debug/classes-ba694547ab3fc3fe5bc8d34ae51866c6cab4beda.jar /home/mike/AndroidStudioProjects/Wordist/app/build/intermediates/pre-dexed/debug/classes-137b98b536e4a331a4b67052cd2264e1af3633e9.jar /home/mike/AndroidStudioProjects/Wordist/app/build/intermediates/pre-dexed/debug/classes-d59b62fbaf9b5683c1ab50b0492d3f2097297188.jar /home/mike/An
java_class_path (initial): /home/mike/Android/Sdk/build-tools/22.0.1/lib/dx.jar
Launcher Type: SUN_STANDARD

Environment Variables:
PATH=/usr/local/sbin:/usr/local/bin:/usr/sbin:/usr/bin:/sbin:/bin:/usr/games:/usr/local/games
USERNAME=mike
LD_LIBRARY_PATH=/opt/android-studio/bin:
SHELL=/bin/bash
DISPLAY=:0

Signal Handlers:
SIGSEGV: [libjvm.so+0xaad1e0], sa_mask[0]=11111111011111111101111111111110, sa_flags=SA_RESTART|SA_SIGINFO
SIGBUS: [libjvm.so+0xaad1e0], sa_mask[0]=11111111011111111101111111111110, sa_flags=SA_RESTART|SA_SIGINFO
SIGFPE: [libjvm.so+0x90b450], sa_mask[0]=11111111011111111101111111111110, sa_flags=SA_RESTART|SA_SIGINFO
SIGPIPE: [libjvm.so+0x90b450], sa_mask[0]=11111111011111111101111111111110, sa_flags=SA_RESTART|SA_SIGINFO
SIGXFSZ: [libjvm.so+0x90b450], sa_mask[0]=11111111011111111101111111111110, sa_flags=SA_RESTART|SA_SIGINFO
SIGILL: [libjvm.so+0x90b450], sa_mask[0]=11111111011111111101111111111110, sa_flags=SA_RESTART|SA_SIGINFO
SIGUSR1: SIG_DFL, sa_mask[0]=00000000000000000000000000000000, sa_flags=none
SIGUSR2: [libjvm.so+0x90ca90], sa_mask[0]=00100000000000000000000000000000, sa_flags=SA_RESTART|SA_SIGINFO
SIGHUP: [libjvm.so+0x90dde0], sa_mask[0]=11111111011111111101111111111110, sa_flags=SA_RESTART|SA_SIGINFO
SIGINT: [libjvm.so+0x90dde0], sa_mask[0]=11111111011111111101111111111110, sa_flags=SA_RESTART|SA_SIGINFO
SIGTERM: [libjvm.so+0x90dde0], sa_mask[0]=11111111011111111101111111111110, sa_flags=SA_RESTART|SA_SIGINFO
SIGQUIT: [libjvm.so+0x90dde0], sa_mask[0]=11111111011111111101111111111110, sa_flags=SA_RESTART|SA_SIGINFO


---------------  S Y S T E M  ---------------

OS:DISTRIB_ID=LinuxMint
DISTRIB_RELEASE=17.1
DISTRIB_CODENAME=rebecca
DISTRIB_DESCRIPTION="Linux Mint 17.1 Rebecca"

uname:Linux 3.13.0-37-generic #64-Ubuntu SMP Mon Sep 22 21:28:38 UTC 2014 x86_64
libc:glibc 2.19 NPTL 2.19 
rlimit: STACK 8192k, CORE 0k, NPROC 30866, NOFILE 4096, AS infinity
load average:1.28 0.97 0.70

/proc/meminfo:
MemTotal:        4048044 kB
MemFree:          110160 kB
Buffers:            1312 kB
Cached:           128688 kB
SwapCached:            0 kB
Active:          3631420 kB
Inactive:         101740 kB
Active(anon):    3606876 kB
Inactive(anon):    75808 kB
Active(file):      24544 kB
Inactive(file):    25932 kB
Unevictable:         152 kB
Mlocked:             152 kB
SwapTotal:             0 kB
SwapFree:              0 kB
Dirty:               636 kB
Writeback:           208 kB
AnonPages:       3603712 kB
Mapped:           119124 kB
Shmem:             79312 kB
Slab:              75056 kB
SReclaimable:      31304 kB
SUnreclaim:        43752 kB
KernelStack:        4640 kB
PageTables:        35416 kB
NFS_Unstable:          0 kB
Bounce:                0 kB
WritebackTmp:          0 kB
CommitLimit:     2024020 kB
Committed_AS:    6631480 kB
VmallocTotal:   34359738367 kB
VmallocUsed:      310676 kB
VmallocChunk:   34359413752 kB
HardwareCorrupted:     0 kB
AnonHugePages:   1640448 kB
HugePages_Total:       0
HugePages_Free:        0
HugePages_Rsvd:        0
HugePages_Surp:        0
Hugepagesize:       2048 kB
DirectMap4k:       93760 kB
DirectMap2M:     4100096 kB
DirectMap1G:           0 kB


CPU:total 4 (4 cores per cpu, 1 threads per core) family 16 model 4 stepping 2, cmov, cx8, fxsr, mmx, sse, sse2, sse3, popcnt, mmxext, 3dnowpref, lzcnt, sse4a, tsc, tscinvbit, tscinv

/proc/cpuinfo:
processor	: 0
vendor_id	: AuthenticAMD
cpu family	: 16
model		: 4
model name	: AMD Phenom(tm) II X4 955 Processor
stepping	: 2
microcode	: 0x1000086
cpu MHz		: 3200.000
cache size	: 512 KB
physical id	: 0
siblings	: 4
core id		: 0
cpu cores	: 4
apicid		: 0
initial apicid	: 0
fpu		: yes
fpu_exception	: yes
cpuid level	: 5
wp		: yes
flags		: fpu vme de pse tsc msr pae mce cx8 apic sep mtrr pge mca cmov pat pse36 clflush mmx fxsr sse sse2 ht syscall nx mmxext fxsr_opt pdpe1gb rdtscp lm 3dnowext 3dnow constant_tsc rep_good nopl nonstop_tsc extd_apicid pni monitor cx16 popcnt lahf_lm cmp_legacy svm extapic cr8_legacy abm sse4a misalignsse 3dnowprefetch osvw ibs skinit wdt hw_pstate npt lbrv svm_lock nrip_save
bogomips	: 6399.96
TLB size	: 1024 4K pages
clflush size	: 64
cache_alignment	: 64
address sizes	: 48 bits physical, 48 bits virtual
power management: ts ttp tm stc 100mhzsteps hwpstate

processor	: 1
vendor_id	: AuthenticAMD
cpu family	: 16
model		: 4
model name	: AMD Phenom(tm) II X4 955 Processor
stepping	: 2
microcode	: 0x1000086
cpu MHz		: 800.000
cache size	: 512 KB
physical id	: 0
siblings	: 4
core id		: 1
cpu cores	: 4
apicid		: 1
initial apicid	: 1
fpu		: yes
fpu_exception	: yes
cpuid level	: 5
wp		: yes
flags		: fpu vme de pse tsc msr pae mce cx8 apic sep mtrr pge mca cmov pat pse36 clflush mmx fxsr sse sse2 ht syscall nx mmxext fxsr_opt pdpe1gb rdtscp lm 3dnowext 3dnow constant_tsc rep_good nopl nonstop_tsc extd_apicid pni monitor cx16 popcnt lahf_lm cmp_legacy svm extapic cr8_legacy abm sse4a misalignsse 3dnowprefetch osvw ibs skinit wdt hw_pstate npt lbrv svm_lock nrip_save
bogomips	: 6399.96
TLB size	: 1024 4K pages
clflush size	: 64
cache_alignment	: 64
address sizes	: 48 bits physical, 48 bits virtual
power management: ts ttp tm stc 100mhzsteps hwpstate

processor	: 2
vendor_id	: AuthenticAMD
cpu family	: 16
model		: 4
model name	: AMD Phenom(tm) II X4 955 Processor
stepping	: 2
microcode	: 0x1000086
cpu MHz		: 2100.000
cache size	: 512 KB
physical id	: 0
siblings	: 4
core id		: 2
cpu cores	: 4
apicid		: 2
initial apicid	: 2
fpu		: yes
fpu_exception	: yes
cpuid level	: 5
wp		: yes
flags		: fpu vme de pse tsc msr pae mce cx8 apic sep mtrr pge mca cmov pat pse36 clflush mmx fxsr sse sse2 ht syscall nx mmxext fxsr_opt pdpe1gb rdtscp lm 3dnowext 3dnow constant_tsc rep_good nopl nonstop_tsc extd_apicid pni monitor cx16 popcnt lahf_lm cmp_legacy svm extapic cr8_legacy abm sse4a misalignsse 3dnowprefetch osvw ibs skinit wdt hw_pstate npt lbrv svm_lock nrip_save
bogomips	: 6399.96
TLB size	: 1024 4K pages
clflush size	: 64
cache_alignment	: 64
address sizes	: 48 bits physical, 48 bits virtual
power management: ts ttp tm stc 100mhzsteps hwpstate

processor	: 3
vendor_id	: AuthenticAMD
cpu family	: 16
model		: 4
model name	: AMD Phenom(tm) II X4 955 Processor
stepping	: 2
microcode	: 0x1000086
cpu MHz		: 2100.000
cache size	: 512 KB
physical id	: 0
siblings	: 4
core id		: 3
cpu cores	: 4
apicid		: 3
initial apicid	: 3
fpu		: yes
fpu_exception	: yes
cpuid level	: 5
wp		: yes
flags		: fpu vme de pse tsc msr pae mce cx8 apic sep mtrr pge mca cmov pat pse36 clflush mmx fxsr sse sse2 ht syscall nx mmxext fxsr_opt pdpe1gb rdtscp lm 3dnowext 3dnow constant_tsc rep_good nopl nonstop_tsc extd_apicid pni monitor cx16 popcnt lahf_lm cmp_legacy svm extapic cr8_legacy abm sse4a misalignsse 3dnowprefetch osvw ibs skinit wdt hw_pstate npt lbrv svm_lock nrip_save
bogomips	: 6399.96
TLB size	: 1024 4K pages
clflush size	: 64
cache_alignment	: 64
address sizes	: 48 bits physical, 48 bits virtual
power management: ts ttp tm stc 100mhzsteps hwpstate



Memory: 4k page, physical 4048044k(110160k free), swap 0k(0k free)

vm_info: Java HotSpot(TM) 64-Bit Server VM (25.45-b02) for linux-amd64 JRE (1.8.0_45-b14), built on Apr 10 2015 10:07:45 by "java_re" with gcc 4.3.0 20080428 (Red Hat 4.3.0-8)

time: Mon Jun 22 17:51:57 2015
elapsed time: 4 seconds (0d 0h 0m 4s)

