#
# There is insufficient memory for the Java Runtime Environment to continue.
# Native memory allocation (mmap) failed to map 91226112 bytes for committing reserved memory.
# Possible reasons:
#   The system is out of physical RAM or swap space
#   In 32 bit mode, the process size limit was hit
# Possible solutions:
#   Reduce memory load on the system
#   Increase physical memory or swap space
#   Check if swap backing store is full
#   Use 64 bit Java on a 64 bit OS
#   Decrease Java heap size (-Xmx/-Xms)
#   Decrease number of Java threads
#   Decrease Java thread stack sizes (-Xss)
#   Set larger code cache with -XX:ReservedCodeCacheSize=
# This output file may be truncated or incomplete.
#
#  Out of Memory Error (os_linux.cpp:2673), pid=24462, tid=140223250007808
#
# JRE version: Java(TM) SE Runtime Environment (8.0_45-b14) (build 1.8.0_45-b14)
# Java VM: Java HotSpot(TM) 64-Bit Server VM (25.45-b02 mixed mode linux-amd64 compressed oops)
# Failed to write core dump. Core dumps have been disabled. To enable core dumping, try "ulimit -c unlimited" before starting Java again
#

---------------  T H R E A D  ---------------

Current thread (0x00007f885c079800):  VMThread [stack: 0x00007f8844f18000,0x00007f8845019000] [id=24471]

Stack: [0x00007f8844f18000,0x00007f8845019000],  sp=0x00007f88450171e0,  free space=1020k
Native frames: (J=compiled Java code, j=interpreted, Vv=VM code, C=native code)
V  [libjvm.so+0xaac99a]  VMError::report_and_die()+0x2ba
V  [libjvm.so+0x4f333b]  report_vm_out_of_memory(char const*, int, unsigned long, VMErrorType, char const*)+0x8b
V  [libjvm.so+0x90e7c3]  os::Linux::commit_memory_impl(char*, unsigned long, bool)+0x103
V  [libjvm.so+0x90ed19]  os::pd_commit_memory(char*, unsigned long, unsigned long, bool)+0x29
V  [libjvm.so+0x90867a]  os::commit_memory(char*, unsigned long, unsigned long, bool)+0x2a
V  [libjvm.so+0x97bac3]  PSVirtualSpace::expand_by(unsigned long)+0x53
V  [libjvm.so+0x97cec8]  PSYoungGen::resize_generation(unsigned long, unsigned long)+0xf8
V  [libjvm.so+0x97c022]  PSYoungGen::resize(unsigned long, unsigned long)+0x22
V  [libjvm.so+0x9792fb]  PSScavenge::invoke_no_policy()+0xf7b
V  [libjvm.so+0x979a81]  PSScavenge::invoke()+0x41
V  [libjvm.so+0x932050]  ParallelScavengeHeap::failed_mem_allocate(unsigned long)+0x70
V  [libjvm.so+0xaae1d7]  VM_ParallelGCFailedAllocation::doit()+0x97
V  [libjvm.so+0xab59c5]  VM_Operation::evaluate()+0x55
V  [libjvm.so+0xab3d9a]  VMThread::evaluate_operation(VM_Operation*)+0xba
V  [libjvm.so+0xab411e]  VMThread::loop()+0x1ce
V  [libjvm.so+0xab4590]  VMThread::run()+0x70
V  [libjvm.so+0x910de8]  java_start(Thread*)+0x108

VM_Operation (0x00007f88636d13a0): ParallelGCFailedAllocation, mode: safepoint, requested by thread 0x00007f885c00c000


---------------  P R O C E S S  ---------------

Java Threads: ( => current thread )
  0x00007f885c0c4000 JavaThread "Service Thread" daemon [_thread_blocked, id=24478, stack(0x00007f8844548000,0x00007f8844649000)]
  0x00007f885c0bf000 JavaThread "C1 CompilerThread2" daemon [_thread_blocked, id=24477, stack(0x00007f8844649000,0x00007f884474a000)]
  0x00007f885c0bd000 JavaThread "C2 CompilerThread1" daemon [_thread_blocked, id=24476, stack(0x00007f884474a000,0x00007f884484b000)]
  0x00007f885c0ba800 JavaThread "C2 CompilerThread0" daemon [_thread_blocked, id=24475, stack(0x00007f884484b000,0x00007f884494c000)]
  0x00007f885c0b9000 JavaThread "Signal Dispatcher" daemon [_thread_blocked, id=24474, stack(0x00007f884494c000,0x00007f8844a4d000)]
  0x00007f885c080800 JavaThread "Finalizer" daemon [_thread_blocked, id=24473, stack(0x00007f8844d16000,0x00007f8844e17000)]
  0x00007f885c07e800 JavaThread "Reference Handler" daemon [_thread_blocked, id=24472, stack(0x00007f8844e17000,0x00007f8844f18000)]
  0x00007f885c00c000 JavaThread "main" [_thread_blocked, id=24466, stack(0x00007f88635d2000,0x00007f88636d3000)]

Other Threads:
=>0x00007f885c079800 VMThread [stack: 0x00007f8844f18000,0x00007f8845019000] [id=24471]
  0x00007f885c0c6800 WatcherThread [stack: 0x00007f8844447000,0x00007f8844548000] [id=24479]

VM state:at safepoint (normal execution)

VM Mutex/Monitor currently owned by a thread:  ([mutex/lock_event])
[0x00007f885c008070] Threads_lock - owner thread: 0x00007f885c079800
[0x00007f885c008570] Heap_lock - owner thread: 0x00007f885c00c000

Heap:
 PSYoungGen      total 66048K, used 2550K [0x00000000eab00000, 0x00000000eee00000, 0x0000000100000000)
  eden space 63488K, 0% used [0x00000000eab00000,0x00000000eab00000,0x00000000ee900000)
  from space 2560K, 99% used [0x00000000ee900000,0x00000000eeb7d950,0x00000000eeb80000)
  to   space 2560K, 0% used [0x00000000eeb80000,0x00000000eeb80000,0x00000000eee00000)
 ParOldGen       total 42496K, used 27743K [0x00000000c0000000, 0x00000000c2980000, 0x00000000eab00000)
  object space 42496K, 65% used [0x00000000c0000000,0x00000000c1b17ef8,0x00000000c2980000)
 Metaspace       used 7736K, capacity 7966K, committed 8320K, reserved 1056768K
  class space    used 754K, capacity 785K, committed 896K, reserved 1048576K

Card table byte_map: [0x00007f88601b1000,0x00007f88603b2000] byte_map_base: 0x00007f885fbb1000

Marking Bits: (ParMarkBitMap*) 0x00007f8862aaf760
 Begin Bits: [0x00007f8846000000, 0x00007f8847000000)
 End Bits:   [0x00007f8847000000, 0x00007f8848000000)

Polling page: 0x00007f88636f6000

CodeCache: size=245760Kb used=8634Kb max_used=8641Kb free=237125Kb
 bounds [0x00007f884d000000, 0x00007f884d880000, 0x00007f885c000000]
 total_blobs=2782 nmethods=2487 adapters=210
 compilation: enabled

Compilation events (10 events):
Event: 3.793 Thread 0x00007f885c0ba800 nmethod 2480 0x00007f884d86ac10 code [0x00007f884d86ad60, 0x00007f884d86ae58]
Event: 3.793 Thread 0x00007f885c0ba800 2492       4       com.android.dx.io.instructions.InstructionCodec$18::decode (51 bytes)
Event: 3.805 Thread 0x00007f885c0ba800 nmethod 2492 0x00007f884d871e10 code [0x00007f884d871f80, 0x00007f884d872218]
Event: 3.805 Thread 0x00007f885c0ba800 2497       4       com.android.dx.merge.DexMerger::transformDebugInfoItem (313 bytes)
Event: 3.819 Thread 0x00007f885c0bf000 2500       2       sun.reflect.ClassFileAssembler::emitByte (11 bytes)
Event: 3.819 Thread 0x00007f885c0bf000 nmethod 2500 0x00007f884d86dd90 code [0x00007f884d86df00, 0x00007f884d86e0a8]
Event: 3.819 Thread 0x00007f885c0bf000 2501       2       sun.reflect.ByteVectorImpl::add (38 bytes)
Event: 3.820 Thread 0x00007f885c0bf000 nmethod 2501 0x00007f884d86d210 code [0x00007f884d86d380, 0x00007f884d86d548]
Event: 3.852 Thread 0x00007f885c0bf000 2502       2       java.util.regex.Matcher::reset (83 bytes)
Event: 3.852 Thread 0x00007f885c0bf000 nmethod 2502 0x00007f884d8758d0 code [0x00007f884d875a40, 0x00007f884d875cc8]

GC Heap History (9 events):
Event: 1.498 GC heap before
{Heap before GC invocations=1 (full 0):
 PSYoungGen      total 18432K, used 15872K [0x00000000eab00000, 0x00000000ebf80000, 0x0000000100000000)
  eden space 15872K, 100% used [0x00000000eab00000,0x00000000eba80000,0x00000000eba80000)
  from space 2560K, 0% used [0x00000000ebd00000,0x00000000ebd00000,0x00000000ebf80000)
  to   space 2560K, 0% used [0x00000000eba80000,0x00000000eba80000,0x00000000ebd00000)
 ParOldGen       total 42496K, used 0K [0x00000000c0000000, 0x00000000c2980000, 0x00000000eab00000)
  object space 42496K, 0% used [0x00000000c0000000,0x00000000c0000000,0x00000000c2980000)
 Metaspace       used 5290K, capacity 6640K, committed 6784K, reserved 1056768K
  class space    used 535K, capacity 616K, committed 640K, reserved 1048576K
Event: 1.703 GC heap after
Heap after GC invocations=1 (full 0):
 PSYoungGen      total 18432K, used 2550K [0x00000000eab00000, 0x00000000ecf00000, 0x0000000100000000)
  eden space 15872K, 0% used [0x00000000eab00000,0x00000000eab00000,0x00000000eba80000)
  from space 2560K, 99% used [0x00000000eba80000,0x00000000ebcfd988,0x00000000ebd00000)
  to   space 2560K, 0% used [0x00000000ecc80000,0x00000000ecc80000,0x00000000ecf00000)
 ParOldGen       total 42496K, used 2279K [0x00000000c0000000, 0x00000000c2980000, 0x00000000eab00000)
  object space 42496K, 5% used [0x00000000c0000000,0x00000000c0239df0,0x00000000c2980000)
 Metaspace       used 5290K, capacity 6640K, committed 6784K, reserved 1056768K
  class space    used 535K, capacity 616K, committed 640K, reserved 1048576K
}
Event: 2.057 GC heap before
{Heap before GC invocations=2 (full 0):
 PSYoungGen      total 18432K, used 18422K [0x00000000eab00000, 0x00000000ecf00000, 0x0000000100000000)
  eden space 15872K, 100% used [0x00000000eab00000,0x00000000eba80000,0x00000000eba80000)
  from space 2560K, 99% used [0x00000000eba80000,0x00000000ebcfd988,0x00000000ebd00000)
  to   space 2560K, 0% used [0x00000000ecc80000,0x00000000ecc80000,0x00000000ecf00000)
 ParOldGen       total 42496K, used 2279K [0x00000000c0000000, 0x00000000c2980000, 0x00000000eab00000)
  object space 42496K, 5% used [0x00000000c0000000,0x00000000c0239df0,0x00000000c2980000)
 Metaspace       used 5532K, capacity 6896K, committed 7040K, reserved 1056768K
  class space    used 538K, capacity 616K, committed 640K, reserved 1048576K
Event: 2.079 GC heap after
Heap after GC invocations=2 (full 0):
 PSYoungGen      total 34304K, used 2546K [0x00000000eab00000, 0x00000000ecf00000, 0x0000000100000000)
  eden space 31744K, 0% used [0x00000000eab00000,0x00000000eab00000,0x00000000eca00000)
  from space 2560K, 99% used [0x00000000ecc80000,0x00000000ecefc948,0x00000000ecf00000)
  to   space 2560K, 0% used [0x00000000eca00000,0x00000000eca00000,0x00000000ecc80000)
 ParOldGen       total 42496K, used 6000K [0x00000000c0000000, 0x00000000c2980000, 0x00000000eab00000)
  object space 42496K, 14% used [0x00000000c0000000,0x00000000c05dc398,0x00000000c2980000)
 Metaspace       used 5532K, capacity 6896K, committed 7040K, reserved 1056768K
  class space    used 538K, capacity 616K, committed 640K, reserved 1048576K
}
Event: 2.537 GC heap before
{Heap before GC invocations=3 (full 0):
 PSYoungGen      total 34304K, used 33757K [0x00000000eab00000, 0x00000000ecf00000, 0x0000000100000000)
  eden space 31744K, 98% used [0x00000000eab00000,0x00000000ec97ac70,0x00000000eca00000)
  from space 2560K, 99% used [0x00000000ecc80000,0x00000000ecefc948,0x00000000ecf00000)
  to   space 2560K, 0% used [0x00000000eca00000,0x00000000eca00000,0x00000000ecc80000)
 ParOldGen       total 42496K, used 6000K [0x00000000c0000000, 0x00000000c2980000, 0x00000000eab00000)
  object space 42496K, 14% used [0x00000000c0000000,0x00000000c05dc398,0x00000000c2980000)
 Metaspace       used 5603K, capacity 6896K, committed 7040K, reserved 1056768K
  class space    used 541K, capacity 616K, committed 640K, reserved 1048576K
Event: 2.557 GC heap after
Heap after GC invocations=3 (full 0):
 PSYoungGen      total 34304K, used 2546K [0x00000000eab00000, 0x00000000eee00000, 0x0000000100000000)
  eden space 31744K, 0% used [0x00000000eab00000,0x00000000eab00000,0x00000000eca00000)
  from space 2560K, 99% used [0x00000000eca00000,0x00000000ecc7c870,0x00000000ecc80000)
  to   space 2560K, 0% used [0x00000000eeb80000,0x00000000eeb80000,0x00000000eee00000)
 ParOldGen       total 42496K, used 14561K [0x00000000c0000000, 0x00000000c2980000, 0x00000000eab00000)
  object space 42496K, 34% used [0x00000000c0000000,0x00000000c0e387b8,0x00000000c2980000)
 Metaspace       used 5603K, capacity 6896K, committed 7040K, reserved 1056768K
  class space    used 541K, capacity 616K, committed 640K, reserved 1048576K
}
Event: 3.518 GC heap before
{Heap before GC invocations=4 (full 0):
 PSYoungGen      total 34304K, used 34290K [0x00000000eab00000, 0x00000000eee00000, 0x0000000100000000)
  eden space 31744K, 100% used [0x00000000eab00000,0x00000000eca00000,0x00000000eca00000)
  from space 2560K, 99% used [0x00000000eca00000,0x00000000ecc7c870,0x00000000ecc80000)
  to   space 2560K, 0% used [0x00000000eeb80000,0x00000000eeb80000,0x00000000eee00000)
 ParOldGen       total 42496K, used 14561K [0x00000000c0000000, 0x00000000c2980000, 0x00000000eab00000)
  object space 42496K, 34% used [0x00000000c0000000,0x00000000c0e387b8,0x00000000c2980000)
 Metaspace       used 7605K, capacity 7928K, committed 8192K, reserved 1056768K
  class space    used 744K, capacity 752K, committed 768K, reserved 1048576K
Event: 3.533 GC heap after
Heap after GC invocations=4 (full 0):
 PSYoungGen      total 66048K, used 2532K [0x00000000eab00000, 0x00000000eee00000, 0x0000000100000000)
  eden space 63488K, 0% used [0x00000000eab00000,0x00000000eab00000,0x00000000ee900000)
  from space 2560K, 98% used [0x00000000eeb80000,0x00000000eedf9008,0x00000000eee00000)
  to   space 2560K, 0% used [0x00000000ee900000,0x00000000ee900000,0x00000000eeb80000)
 ParOldGen       total 42496K, used 25035K [0x00000000c0000000, 0x00000000c2980000, 0x00000000eab00000)
  object space 42496K, 58% used [0x00000000c0000000,0x00000000c1872f30,0x00000000c2980000)
 Metaspace       used 7605K, capacity 7928K, committed 8192K, reserved 1056768K
  class space    used 744K, capacity 752K, committed 768K, reserved 1048576K
}
Event: 3.927 GC heap before
{Heap before GC invocations=5 (full 0):
 PSYoungGen      total 66048K, used 66020K [0x00000000eab00000, 0x00000000eee00000, 0x0000000100000000)
  eden space 63488K, 100% used [0x00000000eab00000,0x00000000ee900000,0x00000000ee900000)
  from space 2560K, 98% used [0x00000000eeb80000,0x00000000eedf9008,0x00000000eee00000)
  to   space 2560K, 0% used [0x00000000ee900000,0x00000000ee900000,0x00000000eeb80000)
 ParOldGen       total 42496K, used 25035K [0x00000000c0000000, 0x00000000c2980000, 0x00000000eab00000)
  object space 42496K, 58% used [0x00000000c0000000,0x00000000c1872f30,0x00000000c2980000)
 Metaspace       used 7736K, capacity 7966K, committed 8320K, reserved 1056768K
  class space    used 754K, capacity 785K, committed 896K, reserved 1048576K

Deoptimization events (10 events):
Event: 3.358 Thread 0x00007f885c00c000 Uncommon trap: reason=unstable_if action=reinterpret pc=0x00007f884d6f8b80 method=com.android.dex.util.Unsigned.compare(II)I @ 26
Event: 3.365 Thread 0x00007f885c00c000 Uncommon trap: reason=predicate action=maybe_recompile pc=0x00007f884d746b3c method=com.android.dex.Leb128.readUnsignedLeb128(Lcom/android/dex/util/ByteInput;)I @ 41
Event: 3.372 Thread 0x00007f885c00c000 Uncommon trap: reason=unstable_if action=reinterpret pc=0x00007f884d5b3714 method=java.util.HashMap.getNode(ILjava/lang/Object;)Ljava/util/HashMap$Node; @ 84
Event: 3.372 Thread 0x00007f885c00c000 Uncommon trap: reason=unstable_if action=reinterpret pc=0x00007f884d58496c method=java.util.HashMap.getNode(ILjava/lang/Object;)Ljava/util/HashMap$Node; @ 84
Event: 3.456 Thread 0x00007f885c00c000 Uncommon trap: reason=unstable_if action=reinterpret pc=0x00007f884d772ae0 method=com.android.dex.FieldId.compareTo(Lcom/android/dex/FieldId;)I @ 8
Event: 3.484 Thread 0x00007f885c00c000 Uncommon trap: reason=unstable_if action=reinterpret pc=0x00007f884d6ffc14 method=com.android.dex.FieldId.compareTo(Lcom/android/dex/FieldId;)I @ 8
Event: 3.646 Thread 0x00007f885c00c000 Uncommon trap: reason=unstable_if action=reinterpret pc=0x00007f884d828528 method=com.android.dex.EncodedValueCodec.readUnsignedInt(Lcom/android/dex/util/ByteInput;IZ)I @ 3
Event: 3.712 Thread 0x00007f885c00c000 Uncommon trap: reason=unstable_if action=reinterpret pc=0x00007f884d858840 method=java.util.HashMap$TreeNode.balanceInsertion(Ljava/util/HashMap$TreeNode;Ljava/util/HashMap$TreeNode;)Ljava/util/HashMap$TreeNode; @ 47
Event: 3.716 Thread 0x00007f885c00c000 Uncommon trap: reason=unstable_if action=reinterpret pc=0x00007f884d8174d4 method=java.util.HashMap$TreeNode.find(ILjava/lang/Object;Ljava/lang/Class;)Ljava/util/HashMap$TreeNode; @ 58
Event: 3.716 Thread 0x00007f885c00c000 Uncommon trap: reason=unstable_if action=reinterpret pc=0x00007f884d815fcc method=java.util.HashMap$TreeNode.find(ILjava/lang/Object;Ljava/lang/Class;)Ljava/util/HashMap$TreeNode; @ 58

Internal exceptions (8 events):
Event: 0.337 Thread 0x00007f885c00c000 Exception <a 'java/lang/NoSuchMethodError': Method sun.misc.Unsafe.defineClass(Ljava/lang/String;[BII)Ljava/lang/Class; name or signature does not match> (0x00000000eab12a38) thrown at [/RE-WORK/workspace/8-2-build-linux-amd64/jdk8u45/3457/hotspot/src/sha
Event: 0.337 Thread 0x00007f885c00c000 Exception <a 'java/lang/NoSuchMethodError': Method sun.misc.Unsafe.prefetchRead(Ljava/lang/Object;J)V name or signature does not match> (0x00000000eab12cc8) thrown at [/RE-WORK/workspace/8-2-build-linux-amd64/jdk8u45/3457/hotspot/src/share/vm/prims/jni.cp
Event: 1.460 Thread 0x00007f885c00c000 Implicit null exception at 0x00007f884d29d25e to 0x00007f884d29d8e1
Event: 2.137 Thread 0x00007f885c00c000 Implicit null exception at 0x00007f884d4f1f22 to 0x00007f884d4f1fc2
Event: 3.290 Thread 0x00007f885c00c000 Exception <a 'java/security/PrivilegedActionException'> (0x00000000eb3c4ac8) thrown at [/RE-WORK/workspace/8-2-build-linux-amd64/jdk8u45/3457/hotspot/src/share/vm/prims/jvm.cpp, line 1382]
Event: 3.290 Thread 0x00007f885c00c000 Exception <a 'java/security/PrivilegedActionException'> (0x00000000eb3c4e10) thrown at [/RE-WORK/workspace/8-2-build-linux-amd64/jdk8u45/3457/hotspot/src/share/vm/prims/jvm.cpp, line 1382]
Event: 3.290 Thread 0x00007f885c00c000 Exception <a 'java/security/PrivilegedActionException'> (0x00000000eb3c72e0) thrown at [/RE-WORK/workspace/8-2-build-linux-amd64/jdk8u45/3457/hotspot/src/share/vm/prims/jvm.cpp, line 1382]
Event: 3.290 Thread 0x00007f885c00c000 Exception <a 'java/security/PrivilegedActionException'> (0x00000000eb3c7628) thrown at [/RE-WORK/workspace/8-2-build-linux-amd64/jdk8u45/3457/hotspot/src/share/vm/prims/jvm.cpp, line 1382]

Events (10 events):
Event: 3.820 loading class sun/reflect/Label$PatchInfo done
Event: 3.820 loading class sun/reflect/MethodAccessorGenerator$1
Event: 3.821 loading class sun/reflect/MethodAccessorGenerator$1 done
Event: 3.821 loading class sun/reflect/ClassDefiner
Event: 3.821 loading class sun/reflect/ClassDefiner done
Event: 3.821 loading class sun/reflect/ClassDefiner$1
Event: 3.821 loading class sun/reflect/ClassDefiner$1 done
Event: 3.822 loading class sun/reflect/BootstrapConstructorAccessorImpl
Event: 3.822 loading class sun/reflect/BootstrapConstructorAccessorImpl done
Event: 3.882 Executing VM operation: ParallelGCFailedAllocation


Dynamic libraries:
00400000-00401000 r-xp 00000000 08:03 1572315                            /opt/java/jdk1.8.0_45/bin/java
00600000-00601000 rw-p 00000000 08:03 1572315                            /opt/java/jdk1.8.0_45/bin/java
01157000-01178000 rw-p 00000000 00:00 0                                  [heap]
c0000000-c2980000 rw-p 00000000 00:00 0 
c2980000-eab00000 ---p 00000000 00:00 0 
eab00000-eee00000 rw-p 00000000 00:00 0 
f4500000-100000000 ---p 00000000 00:00 0 
100000000-1000e0000 rw-p 00000000 00:00 0 
1000e0000-140000000 ---p 00000000 00:00 0 
7f8810000000-7f8810021000 rw-p 00000000 00:00 0 
7f8810021000-7f8814000000 ---p 00000000 00:00 0 
7f8818000000-7f88185f4000 rw-p 00000000 00:00 0 
7f88185f4000-7f881c000000 ---p 00000000 00:00 0 
7f881c000000-7f881c021000 rw-p 00000000 00:00 0 
7f881c021000-7f8820000000 ---p 00000000 00:00 0 
7f8820000000-7f882066d000 rw-p 00000000 00:00 0 
7f882066d000-7f8824000000 ---p 00000000 00:00 0 
7f8824000000-7f8824a5b000 rw-p 00000000 00:00 0 
7f8824a5b000-7f8828000000 ---p 00000000 00:00 0 
7f8828000000-7f8828021000 rw-p 00000000 00:00 0 
7f8828021000-7f882c000000 ---p 00000000 00:00 0 
7f882c000000-7f882c021000 rw-p 00000000 00:00 0 
7f882c021000-7f8830000000 ---p 00000000 00:00 0 
7f8830000000-7f883028a000 rw-p 00000000 00:00 0 
7f883028a000-7f8834000000 ---p 00000000 00:00 0 
7f8834000000-7f8834021000 rw-p 00000000 00:00 0 
7f8834021000-7f8838000000 ---p 00000000 00:00 0 
7f8838000000-7f8838021000 rw-p 00000000 00:00 0 
7f8838021000-7f883c000000 ---p 00000000 00:00 0 
7f883c000000-7f883c021000 rw-p 00000000 00:00 0 
7f883c021000-7f8840000000 ---p 00000000 00:00 0 
7f8840000000-7f8840021000 rw-p 00000000 00:00 0 
7f8840021000-7f8844000000 ---p 00000000 00:00 0 
7f884443c000-7f8844447000 r--s 00116000 08:03 1574017                    /opt/java/jdk1.8.0_45/jre/lib/ext/localedata.jar
7f8844447000-7f8844448000 ---p 00000000 00:00 0 
7f8844448000-7f8844548000 rw-p 00000000 00:00 0                          [stack:24479]
7f8844548000-7f884454b000 ---p 00000000 00:00 0 
7f884454b000-7f8844649000 rw-p 00000000 00:00 0                          [stack:24478]
7f8844649000-7f884464c000 ---p 00000000 00:00 0 
7f884464c000-7f884474a000 rw-p 00000000 00:00 0                          [stack:24477]
7f884474a000-7f884474d000 ---p 00000000 00:00 0 
7f884474d000-7f884484b000 rw-p 00000000 00:00 0                          [stack:24476]
7f884484b000-7f884484e000 ---p 00000000 00:00 0 
7f884484e000-7f884494c000 rw-p 00000000 00:00 0                          [stack:24475]
7f884494c000-7f884494f000 ---p 00000000 00:00 0 
7f884494f000-7f8844a4d000 rw-p 00000000 00:00 0                          [stack:24474]
7f8844a4d000-7f8844d16000 r--p 00000000 08:03 266989                     /usr/lib/locale/locale-archive
7f8844d16000-7f8844d19000 ---p 00000000 00:00 0 
7f8844d19000-7f8844e17000 rw-p 00000000 00:00 0                          [stack:24473]
7f8844e17000-7f8844e1a000 ---p 00000000 00:00 0 
7f8844e1a000-7f8844f18000 rw-p 00000000 00:00 0                          [stack:24472]
7f8844f18000-7f8844f19000 ---p 00000000 00:00 0 
7f8844f19000-7f8845e27000 rw-p 00000000 00:00 0                          [stack:24471]
7f8845e27000-7f8846000000 r--s 03d09000 08:03 1573810                    /opt/java/jdk1.8.0_45/jre/lib/rt.jar
7f8846000000-7f8848000000 rw-p 00000000 00:00 0 
7f8848000000-7f8848021000 rw-p 00000000 00:00 0 
7f8848021000-7f884c000000 ---p 00000000 00:00 0 
7f884c006000-7f884c022000 r--s 00393000 08:03 1574015                    /opt/java/jdk1.8.0_45/jre/lib/ext/cldrdata.jar
7f884c022000-7f884c93c000 rw-p 00000000 00:00 0 
7f884c93c000-7f884c9fc000 ---p 00000000 00:00 0 
7f884c9fc000-7f884cbfc000 rw-p 00000000 00:00 0 
7f884cbfc000-7f884cbfd000 ---p 00000000 00:00 0 
7f884cbfd000-7f884ccfd000 rw-p 00000000 00:00 0                          [stack:24470]
7f884ccfd000-7f884ccfe000 ---p 00000000 00:00 0 
7f884ccfe000-7f884cdfe000 rw-p 00000000 00:00 0                          [stack:24469]
7f884cdfe000-7f884cdff000 ---p 00000000 00:00 0 
7f884cdff000-7f884ceff000 rw-p 00000000 00:00 0                          [stack:24468]
7f884ceff000-7f884cf00000 ---p 00000000 00:00 0 
7f884cf00000-7f884d000000 rw-p 00000000 00:00 0                          [stack:24467]
7f884d000000-7f884d880000 rwxp 00000000 00:00 0 
7f884d880000-7f885c000000 ---p 00000000 00:00 0 
7f885c000000-7f885c3d2000 rw-p 00000000 00:00 0 
7f885c3d2000-7f8860000000 ---p 00000000 00:00 0 
7f886000a000-7f8860019000 r--s 000dd000 00:19 9438599                    /home/mike/Android/Sdk/build-tools/22.0.1/lib/dx.jar
7f8860019000-7f8860070000 rw-p 00000000 00:00 0 
7f8860070000-7f88601b1000 ---p 00000000 00:00 0 
7f88601b1000-7f88601c6000 rw-p 00000000 00:00 0 
7f88601c6000-7f8860306000 ---p 00000000 00:00 0 
7f8860306000-7f8860328000 rw-p 00000000 00:00 0 
7f8860328000-7f88603b1000 ---p 00000000 00:00 0 
7f88603b1000-7f88603d4000 rw-p 00000000 00:00 0 
7f88603d4000-7f8860772000 ---p 00000000 00:00 0 
7f8860772000-7f886078c000 r-xp 00000000 08:03 1574049                    /opt/java/jdk1.8.0_45/jre/lib/amd64/libzip.so
7f886078c000-7f886098c000 ---p 0001a000 08:03 1574049                    /opt/java/jdk1.8.0_45/jre/lib/amd64/libzip.so
7f886098c000-7f886098d000 rw-p 0001a000 08:03 1574049                    /opt/java/jdk1.8.0_45/jre/lib/amd64/libzip.so
7f886098d000-7f8860998000 r-xp 00000000 08:03 131807                     /lib/x86_64-linux-gnu/libnss_files-2.19.so
7f8860998000-7f8860b97000 ---p 0000b000 08:03 131807                     /lib/x86_64-linux-gnu/libnss_files-2.19.so
7f8860b97000-7f8860b98000 r--p 0000a000 08:03 131807                     /lib/x86_64-linux-gnu/libnss_files-2.19.so
7f8860b98000-7f8860b99000 rw-p 0000b000 08:03 131807                     /lib/x86_64-linux-gnu/libnss_files-2.19.so
7f8860b99000-7f8860ba4000 r-xp 00000000 08:03 131871                     /lib/x86_64-linux-gnu/libnss_nis-2.19.so
7f8860ba4000-7f8860da3000 ---p 0000b000 08:03 131871                     /lib/x86_64-linux-gnu/libnss_nis-2.19.so
7f8860da3000-7f8860da4000 r--p 0000a000 08:03 131871                     /lib/x86_64-linux-gnu/libnss_nis-2.19.so
7f8860da4000-7f8860da5000 rw-p 0000b000 08:03 131871                     /lib/x86_64-linux-gnu/libnss_nis-2.19.so
7f8860da5000-7f8860dbc000 r-xp 00000000 08:03 131829                     /lib/x86_64-linux-gnu/libnsl-2.19.so
7f8860dbc000-7f8860fbb000 ---p 00017000 08:03 131829                     /lib/x86_64-linux-gnu/libnsl-2.19.so
7f8860fbb000-7f8860fbc000 r--p 00016000 08:03 131829                     /lib/x86_64-linux-gnu/libnsl-2.19.so
7f8860fbc000-7f8860fbd000 rw-p 00017000 08:03 131829                     /lib/x86_64-linux-gnu/libnsl-2.19.so
7f8860fbd000-7f8860fbf000 rw-p 00000000 00:00 0 
7f8860fbf000-7f8860fc8000 r-xp 00000000 08:03 131828                     /lib/x86_64-linux-gnu/libnss_compat-2.19.so
7f8860fc8000-7f88611c7000 ---p 00009000 08:03 131828                     /lib/x86_64-linux-gnu/libnss_compat-2.19.so
7f88611c7000-7f88611c8000 r--p 00008000 08:03 131828                     /lib/x86_64-linux-gnu/libnss_compat-2.19.so
7f88611c8000-7f88611c9000 rw-p 00009000 08:03 131828                     /lib/x86_64-linux-gnu/libnss_compat-2.19.so
7f88611c9000-7f88611f3000 r-xp 00000000 08:03 1574040                    /opt/java/jdk1.8.0_45/jre/lib/amd64/libjava.so
7f88611f3000-7f88613f3000 ---p 0002a000 08:03 1574040                    /opt/java/jdk1.8.0_45/jre/lib/amd64/libjava.so
7f88613f3000-7f88613f5000 rw-p 0002a000 08:03 1574040                    /opt/java/jdk1.8.0_45/jre/lib/amd64/libjava.so
7f88613f5000-7f8861402000 r-xp 00000000 08:03 1574047                    /opt/java/jdk1.8.0_45/jre/lib/amd64/libverify.so
7f8861402000-7f8861602000 ---p 0000d000 08:03 1574047                    /opt/java/jdk1.8.0_45/jre/lib/amd64/libverify.so
7f8861602000-7f8861604000 rw-p 0000d000 08:03 1574047                    /opt/java/jdk1.8.0_45/jre/lib/amd64/libverify.so
7f8861604000-7f886160b000 r-xp 00000000 08:03 131868                     /lib/x86_64-linux-gnu/librt-2.19.so
7f886160b000-7f886180a000 ---p 00007000 08:03 131868                     /lib/x86_64-linux-gnu/librt-2.19.so
7f886180a000-7f886180b000 r--p 00006000 08:03 131868                     /lib/x86_64-linux-gnu/librt-2.19.so
7f886180b000-7f886180c000 rw-p 00007000 08:03 131868                     /lib/x86_64-linux-gnu/librt-2.19.so
7f886180c000-7f8861911000 r-xp 00000000 08:03 131806                     /lib/x86_64-linux-gnu/libm-2.19.so
7f8861911000-7f8861b10000 ---p 00105000 08:03 131806                     /lib/x86_64-linux-gnu/libm-2.19.so
7f8861b10000-7f8861b11000 r--p 00104000 08:03 131806                     /lib/x86_64-linux-gnu/libm-2.19.so
7f8861b11000-7f8861b12000 rw-p 00105000 08:03 131806                     /lib/x86_64-linux-gnu/libm-2.19.so
7f8861b12000-7f88627c0000 r-xp 00000000 08:03 1574060                    /opt/java/jdk1.8.0_45/jre/lib/amd64/server/libjvm.so
7f88627c0000-7f88629bf000 ---p 00cae000 08:03 1574060                    /opt/java/jdk1.8.0_45/jre/lib/amd64/server/libjvm.so
7f88629bf000-7f8862a96000 rw-p 00cad000 08:03 1574060                    /opt/java/jdk1.8.0_45/jre/lib/amd64/server/libjvm.so
7f8862a96000-7f8862ada000 rw-p 00000000 00:00 0 
7f8862ada000-7f8862c95000 r-xp 00000000 08:03 131857                     /lib/x86_64-linux-gnu/libc-2.19.so
7f8862c95000-7f8862e94000 ---p 001bb000 08:03 131857                     /lib/x86_64-linux-gnu/libc-2.19.so
7f8862e94000-7f8862e98000 r--p 001ba000 08:03 131857                     /lib/x86_64-linux-gnu/libc-2.19.so
7f8862e98000-7f8862e9a000 rw-p 001be000 08:03 131857                     /lib/x86_64-linux-gnu/libc-2.19.so
7f8862e9a000-7f8862e9f000 rw-p 00000000 00:00 0 
7f8862e9f000-7f8862ea2000 r-xp 00000000 08:03 131810                     /lib/x86_64-linux-gnu/libdl-2.19.so
7f8862ea2000-7f88630a1000 ---p 00003000 08:03 131810                     /lib/x86_64-linux-gnu/libdl-2.19.so
7f88630a1000-7f88630a2000 r--p 00002000 08:03 131810                     /lib/x86_64-linux-gnu/libdl-2.19.so
7f88630a2000-7f88630a3000 rw-p 00003000 08:03 131810                     /lib/x86_64-linux-gnu/libdl-2.19.so
7f88630a3000-7f88630b8000 r-xp 00000000 08:03 1573749                    /opt/java/jdk1.8.0_45/lib/amd64/jli/libjli.so
7f88630b8000-7f88632b8000 ---p 00015000 08:03 1573749                    /opt/java/jdk1.8.0_45/lib/amd64/jli/libjli.so
7f88632b8000-7f88632b9000 rw-p 00015000 08:03 1573749                    /opt/java/jdk1.8.0_45/lib/amd64/jli/libjli.so
7f88632b9000-7f88632d2000 r-xp 00000000 08:03 131858                     /lib/x86_64-linux-gnu/libpthread-2.19.so
7f88632d2000-7f88634d1000 ---p 00019000 08:03 131858                     /lib/x86_64-linux-gnu/libpthread-2.19.so
7f88634d1000-7f88634d2000 r--p 00018000 08:03 131858                     /lib/x86_64-linux-gnu/libpthread-2.19.so
7f88634d2000-7f88634d3000 rw-p 00019000 08:03 131858                     /lib/x86_64-linux-gnu/libpthread-2.19.so
7f88634d3000-7f88634d7000 rw-p 00000000 00:00 0 
7f88634d7000-7f88634fa000 r-xp 00000000 08:03 131833                     /lib/x86_64-linux-gnu/ld-2.19.so
7f88634fb000-7f8863500000 r--s 00094000 08:03 1573828                    /opt/java/jdk1.8.0_45/jre/lib/jsse.jar
7f8863500000-7f88635d2000 rw-p 00000000 00:00 0 
7f88635d2000-7f88635d5000 ---p 00000000 00:00 0 
7f88635d5000-7f88636d8000 rw-p 00000000 00:00 0                          [stack:24466]
7f88636d8000-7f88636d9000 r--p 00000000 08:03 672594                     /usr/share/locale-langpack/en_GB/LC_MESSAGES/libc.mo
7f88636d9000-7f88636ed000 rw-p 00000000 00:00 0 
7f88636ed000-7f88636f5000 rw-s 00000000 08:03 1574161                    /tmp/hsperfdata_mike/24462
7f88636f5000-7f88636f6000 rw-p 00000000 00:00 0 
7f88636f6000-7f88636f7000 ---p 00000000 00:00 0 
7f88636f7000-7f88636f9000 rw-p 00000000 00:00 0 
7f88636f9000-7f88636fa000 r--p 00022000 08:03 131833                     /lib/x86_64-linux-gnu/ld-2.19.so
7f88636fa000-7f88636fb000 rw-p 00023000 08:03 131833                     /lib/x86_64-linux-gnu/ld-2.19.so
7f88636fb000-7f88636fc000 rw-p 00000000 00:00 0 
7fffb183b000-7fffb185d000 rw-p 00000000 00:00 0                          [stack]
7fffb18eb000-7fffb18ed000 r-xp 00000000 00:00 0                          [vdso]
ffffffffff600000-ffffffffff601000 r-xp 00000000 00:00 0                  [vsyscall]

VM Arguments:
jvm_args: -Xmx1024M -Dfile.encoding=UTF-8 -Duser.country=GB -Duser.language=en -Duser.variant 
java_command: com.android.dx.command.Main --dex --output /home/mike/AndroidStudioProjects/Wordist/app/build/intermediates/dex/release /home/mike/AndroidStudioProjects/Wordist/app/build/intermediates/classes/release /home/mike/AndroidStudioProjects/Wordist/app/build/intermediates/pre-dexed/release/support-annotations-22.2.0-bfa71d602cc0e11fce5350ed544c9f5e4d4a05e4.jar /home/mike/AndroidStudioProjects/Wordist/app/build/intermediates/pre-dexed/release/classes-9c4e5ca92c4ea70961d67c0a97ababefe673fb81.jar /home/mike/AndroidStudioProjects/Wordist/app/build/intermediates/pre-dexed/release/classes-d226535b7952fda3a9a980a1f601e8b29e9ef482.jar /home/mike/AndroidStudioProjects/Wordist/app/build/intermediates/pre-dexed/release/internal_impl-22.2.0-58158417214e4227ac1350c0dac59685c0c93f77.jar /home/mike/AndroidStudioProjects/Wordist/app/build/intermediates/pre-dexed/release/classes-5eb43b55c91741188ff70cdae235c4b65d0c0b31.jar /home/mike/AndroidStudioProjects/Wordist/app/build/intermediates/pre-dexed/release/classes-c010f5be654112ca44ad36a367fc44f8f0029d43.jar /home/mike/AndroidStudioProjects/Wordist/app/build/intermediates/pre-dexed/release/classes-64c8f94603d816a86cc9355c0552637c9213ad18.jar /home/mike/AndroidStudioProjects/Wordist/app/build/intermediates/pre-dexed/release/classes-d336082364352f264572be55a9b357e5ff0d11af.jar /home/mike/AndroidStudioProjects/Wordist/app/build/intermediates/pre-dexed/release/classes-d00afa822cc6c9fe9c1bdedef3b617547c852166.jar /home/mike/AndroidStudioProjects/Wordist/app/build/intermediates/pre-dexed/release/classes-0a544f5234ef674ea11f5b20103f0ce9191e08b7.jar /home/mike/AndroidStudioProjects/Wordist/app/build/intermediates/pre-dexed/release/classes-e77b49a04defe40ece13be738a2c3293c88f74d5.jar /home/mike/AndroidStudioProjects/Wordist/app/build/intermediates/pre-dexed/release/classes-4fe46cb4cff6871994b7baaaa48ab6f79ed71187.jar /home/mike/AndroidStudioProjects/Wordist/app/build/intermediates/pre-dexed/release/classes-9ee79aa81796d4fbd6cad990af31
java_class_path (initial): /home/mike/Android/Sdk/build-tools/22.0.1/lib/dx.jar
Launcher Type: SUN_STANDARD

Environment Variables:
PATH=/usr/local/sbin:/usr/local/bin:/usr/sbin:/usr/bin:/sbin:/bin:/usr/games:/usr/local/games
USERNAME=mike
LD_LIBRARY_PATH=/opt/android-studio/bin:
SHELL=/bin/bash
DISPLAY=:0

Signal Handlers:
SIGSEGV: [libjvm.so+0xaad1e0], sa_mask[0]=11111111011111111101111111111110, sa_flags=SA_RESTART|SA_SIGINFO
SIGBUS: [libjvm.so+0xaad1e0], sa_mask[0]=11111111011111111101111111111110, sa_flags=SA_RESTART|SA_SIGINFO
SIGFPE: [libjvm.so+0x90b450], sa_mask[0]=11111111011111111101111111111110, sa_flags=SA_RESTART|SA_SIGINFO
SIGPIPE: [libjvm.so+0x90b450], sa_mask[0]=11111111011111111101111111111110, sa_flags=SA_RESTART|SA_SIGINFO
SIGXFSZ: [libjvm.so+0x90b450], sa_mask[0]=11111111011111111101111111111110, sa_flags=SA_RESTART|SA_SIGINFO
SIGILL: [libjvm.so+0x90b450], sa_mask[0]=11111111011111111101111111111110, sa_flags=SA_RESTART|SA_SIGINFO
SIGUSR1: SIG_DFL, sa_mask[0]=00000000000000000000000000000000, sa_flags=none
SIGUSR2: [libjvm.so+0x90ca90], sa_mask[0]=00100000000000000000000000000000, sa_flags=SA_RESTART|SA_SIGINFO
SIGHUP: [libjvm.so+0x90dde0], sa_mask[0]=11111111011111111101111111111110, sa_flags=SA_RESTART|SA_SIGINFO
SIGINT: [libjvm.so+0x90dde0], sa_mask[0]=11111111011111111101111111111110, sa_flags=SA_RESTART|SA_SIGINFO
SIGTERM: [libjvm.so+0x90dde0], sa_mask[0]=11111111011111111101111111111110, sa_flags=SA_RESTART|SA_SIGINFO
SIGQUIT: [libjvm.so+0x90dde0], sa_mask[0]=11111111011111111101111111111110, sa_flags=SA_RESTART|SA_SIGINFO


---------------  S Y S T E M  ---------------

OS:DISTRIB_ID=LinuxMint
DISTRIB_RELEASE=17.2
DISTRIB_CODENAME=rafaela
DISTRIB_DESCRIPTION="Linux Mint 17.2 Rafaela"

uname:Linux 3.13.0-37-generic #64-Ubuntu SMP Mon Sep 22 21:28:38 UTC 2014 x86_64
libc:glibc 2.19 NPTL 2.19 
rlimit: STACK 8192k, CORE 0k, NPROC 30882, NOFILE 4096, AS infinity
load average:1.28 1.03 1.87

/proc/meminfo:
MemTotal:        4048044 kB
MemFree:          131172 kB
Buffers:             452 kB
Cached:            63632 kB
SwapCached:            0 kB
Active:          3450428 kB
Inactive:          57972 kB
Active(anon):    3447300 kB
Inactive(anon):    48076 kB
Active(file):       3128 kB
Inactive(file):     9896 kB
Unevictable:          88 kB
Mlocked:              88 kB
SwapTotal:             0 kB
SwapFree:              0 kB
Dirty:               184 kB
Writeback:             0 kB
AnonPages:       3445100 kB
Mapped:           164044 kB
Shmem:             50364 kB
Slab:              74944 kB
SReclaimable:      24652 kB
SUnreclaim:        50292 kB
KernelStack:        4584 kB
PageTables:        34612 kB
NFS_Unstable:          0 kB
Bounce:                0 kB
WritebackTmp:          0 kB
CommitLimit:     2024020 kB
Committed_AS:    6150156 kB
VmallocTotal:   34359738367 kB
VmallocUsed:      305612 kB
VmallocChunk:   34359429988 kB
HardwareCorrupted:     0 kB
AnonHugePages:   1503232 kB
HugePages_Total:       0
HugePages_Free:        0
HugePages_Rsvd:        0
HugePages_Surp:        0
Hugepagesize:       2048 kB
DirectMap4k:      185920 kB
DirectMap2M:     2959360 kB
DirectMap1G:     1048576 kB


CPU:total 4 (4 cores per cpu, 1 threads per core) family 16 model 4 stepping 2, cmov, cx8, fxsr, mmx, sse, sse2, sse3, popcnt, mmxext, 3dnowpref, lzcnt, sse4a, tsc, tscinvbit, tscinv

/proc/cpuinfo:
processor	: 0
vendor_id	: AuthenticAMD
cpu family	: 16
model		: 4
model name	: AMD Phenom(tm) II X4 955 Processor
stepping	: 2
microcode	: 0x1000086
cpu MHz		: 800.000
cache size	: 512 KB
physical id	: 0
siblings	: 4
core id		: 0
cpu cores	: 4
apicid		: 0
initial apicid	: 0
fpu		: yes
fpu_exception	: yes
cpuid level	: 5
wp		: yes
flags		: fpu vme de pse tsc msr pae mce cx8 apic sep mtrr pge mca cmov pat pse36 clflush mmx fxsr sse sse2 ht syscall nx mmxext fxsr_opt pdpe1gb rdtscp lm 3dnowext 3dnow constant_tsc rep_good nopl nonstop_tsc extd_apicid pni monitor cx16 popcnt lahf_lm cmp_legacy svm extapic cr8_legacy abm sse4a misalignsse 3dnowprefetch osvw ibs skinit wdt hw_pstate npt lbrv svm_lock nrip_save
bogomips	: 6399.91
TLB size	: 1024 4K pages
clflush size	: 64
cache_alignment	: 64
address sizes	: 48 bits physical, 48 bits virtual
power management: ts ttp tm stc 100mhzsteps hwpstate

processor	: 1
vendor_id	: AuthenticAMD
cpu family	: 16
model		: 4
model name	: AMD Phenom(tm) II X4 955 Processor
stepping	: 2
microcode	: 0x1000086
cpu MHz		: 2100.000
cache size	: 512 KB
physical id	: 0
siblings	: 4
core id		: 1
cpu cores	: 4
apicid		: 1
initial apicid	: 1
fpu		: yes
fpu_exception	: yes
cpuid level	: 5
wp		: yes
flags		: fpu vme de pse tsc msr pae mce cx8 apic sep mtrr pge mca cmov pat pse36 clflush mmx fxsr sse sse2 ht syscall nx mmxext fxsr_opt pdpe1gb rdtscp lm 3dnowext 3dnow constant_tsc rep_good nopl nonstop_tsc extd_apicid pni monitor cx16 popcnt lahf_lm cmp_legacy svm extapic cr8_legacy abm sse4a misalignsse 3dnowprefetch osvw ibs skinit wdt hw_pstate npt lbrv svm_lock nrip_save
bogomips	: 6399.91
TLB size	: 1024 4K pages
clflush size	: 64
cache_alignment	: 64
address sizes	: 48 bits physical, 48 bits virtual
power management: ts ttp tm stc 100mhzsteps hwpstate

processor	: 2
vendor_id	: AuthenticAMD
cpu family	: 16
model		: 4
model name	: AMD Phenom(tm) II X4 955 Processor
stepping	: 2
microcode	: 0x1000086
cpu MHz		: 2500.000
cache size	: 512 KB
physical id	: 0
siblings	: 4
core id		: 2
cpu cores	: 4
apicid		: 2
initial apicid	: 2
fpu		: yes
fpu_exception	: yes
cpuid level	: 5
wp		: yes
flags		: fpu vme de pse tsc msr pae mce cx8 apic sep mtrr pge mca cmov pat pse36 clflush mmx fxsr sse sse2 ht syscall nx mmxext fxsr_opt pdpe1gb rdtscp lm 3dnowext 3dnow constant_tsc rep_good nopl nonstop_tsc extd_apicid pni monitor cx16 popcnt lahf_lm cmp_legacy svm extapic cr8_legacy abm sse4a misalignsse 3dnowprefetch osvw ibs skinit wdt hw_pstate npt lbrv svm_lock nrip_save
bogomips	: 6399.91
TLB size	: 1024 4K pages
clflush size	: 64
cache_alignment	: 64
address sizes	: 48 bits physical, 48 bits virtual
power management: ts ttp tm stc 100mhzsteps hwpstate

processor	: 3
vendor_id	: AuthenticAMD
cpu family	: 16
model		: 4
model name	: AMD Phenom(tm) II X4 955 Processor
stepping	: 2
microcode	: 0x1000086
cpu MHz		: 3200.000
cache size	: 512 KB
physical id	: 0
siblings	: 4
core id		: 3
cpu cores	: 4
apicid		: 3
initial apicid	: 3
fpu		: yes
fpu_exception	: yes
cpuid level	: 5
wp		: yes
flags		: fpu vme de pse tsc msr pae mce cx8 apic sep mtrr pge mca cmov pat pse36 clflush mmx fxsr sse sse2 ht syscall nx mmxext fxsr_opt pdpe1gb rdtscp lm 3dnowext 3dnow constant_tsc rep_good nopl nonstop_tsc extd_apicid pni monitor cx16 popcnt lahf_lm cmp_legacy svm extapic cr8_legacy abm sse4a misalignsse 3dnowprefetch osvw ibs skinit wdt hw_pstate npt lbrv svm_lock nrip_save
bogomips	: 6399.91
TLB size	: 1024 4K pages
clflush size	: 64
cache_alignment	: 64
address sizes	: 48 bits physical, 48 bits virtual
power management: ts ttp tm stc 100mhzsteps hwpstate



Memory: 4k page, physical 4048044k(130676k free), swap 0k(0k free)

vm_info: Java HotSpot(TM) 64-Bit Server VM (25.45-b02) for linux-amd64 JRE (1.8.0_45-b14), built on Apr 10 2015 10:07:45 by "java_re" with gcc 4.3.0 20080428 (Red Hat 4.3.0-8)

time: Fri Aug 21 22:41:16 2015
elapsed time: 4 seconds (0d 0h 0m 4s)

