#
# There is insufficient memory for the Java Runtime Environment to continue.
# Native memory allocation (mmap) failed to map 66060288 bytes for committing reserved memory.
# Possible reasons:
#   The system is out of physical RAM or swap space
#   In 32 bit mode, the process size limit was hit
# Possible solutions:
#   Reduce memory load on the system
#   Increase physical memory or swap space
#   Check if swap backing store is full
#   Use 64 bit Java on a 64 bit OS
#   Decrease Java heap size (-Xmx/-Xms)
#   Decrease number of Java threads
#   Decrease Java thread stack sizes (-Xss)
#   Set larger code cache with -XX:ReservedCodeCacheSize=
# This output file may be truncated or incomplete.
#
#  Out of Memory Error (os_linux.cpp:2673), pid=22065, tid=140254231107328
#
# JRE version: Java(TM) SE Runtime Environment (8.0_45-b14) (build 1.8.0_45-b14)
# Java VM: Java HotSpot(TM) 64-Bit Server VM (25.45-b02 mixed mode linux-amd64 compressed oops)
# Failed to write core dump. Core dumps have been disabled. To enable core dumping, try "ulimit -c unlimited" before starting Java again
#

---------------  T H R E A D  ---------------

Current thread (0x00007f8f94079800):  VMThread [stack: 0x00007f8f7b8f9000,0x00007f8f7b9fa000] [id=22074]

Stack: [0x00007f8f7b8f9000,0x00007f8f7b9fa000],  sp=0x00007f8f7b9f8060,  free space=1020k
Native frames: (J=compiled Java code, j=interpreted, Vv=VM code, C=native code)
V  [libjvm.so+0xaac99a]  VMError::report_and_die()+0x2ba
V  [libjvm.so+0x4f333b]  report_vm_out_of_memory(char const*, int, unsigned long, VMErrorType, char const*)+0x8b
V  [libjvm.so+0x90e7c3]  os::Linux::commit_memory_impl(char*, unsigned long, bool)+0x103
V  [libjvm.so+0x90ed19]  os::pd_commit_memory(char*, unsigned long, unsigned long, bool)+0x29
V  [libjvm.so+0x90867a]  os::commit_memory(char*, unsigned long, unsigned long, bool)+0x2a
V  [libjvm.so+0x97bac3]  PSVirtualSpace::expand_by(unsigned long)+0x53
V  [libjvm.so+0x97cec8]  PSYoungGen::resize_generation(unsigned long, unsigned long)+0xf8
V  [libjvm.so+0x97c022]  PSYoungGen::resize(unsigned long, unsigned long)+0x22
V  [libjvm.so+0x9792fb]  PSScavenge::invoke_no_policy()+0xf7b
V  [libjvm.so+0x979a81]  PSScavenge::invoke()+0x41
V  [libjvm.so+0x932050]  ParallelScavengeHeap::failed_mem_allocate(unsigned long)+0x70
V  [libjvm.so+0xaae1d7]  VM_ParallelGCFailedAllocation::doit()+0x97
V  [libjvm.so+0xab59c5]  VM_Operation::evaluate()+0x55
V  [libjvm.so+0xab3d9a]  VMThread::evaluate_operation(VM_Operation*)+0xba
V  [libjvm.so+0xab415d]  VMThread::loop()+0x20d
V  [libjvm.so+0xab4590]  VMThread::run()+0x70
V  [libjvm.so+0x910de8]  java_start(Thread*)+0x108

VM_Operation (0x00007f8f9a0eafc0): ParallelGCFailedAllocation, mode: safepoint, requested by thread 0x00007f8f9400b800


---------------  P R O C E S S  ---------------

Java Threads: ( => current thread )
  0x00007f8f940ca000 JavaThread "Service Thread" daemon [_thread_blocked, id=22081, stack(0x00007f8f7af29000,0x00007f8f7b02a000)]
  0x00007f8f940bd000 JavaThread "C1 CompilerThread2" daemon [_thread_blocked, id=22080, stack(0x00007f8f7b02a000,0x00007f8f7b12b000)]
  0x00007f8f940bb000 JavaThread "C2 CompilerThread1" daemon [_thread_blocked, id=22079, stack(0x00007f8f7b12b000,0x00007f8f7b22c000)]
  0x00007f8f940b8000 JavaThread "C2 CompilerThread0" daemon [_thread_in_native, id=22078, stack(0x00007f8f7b22c000,0x00007f8f7b32d000)]
  0x00007f8f940b7000 JavaThread "Signal Dispatcher" daemon [_thread_blocked, id=22077, stack(0x00007f8f7b32d000,0x00007f8f7b42e000)]
  0x00007f8f94080800 JavaThread "Finalizer" daemon [_thread_blocked, id=22076, stack(0x00007f8f7b6f7000,0x00007f8f7b7f8000)]
  0x00007f8f9407e800 JavaThread "Reference Handler" daemon [_thread_blocked, id=22075, stack(0x00007f8f7b7f8000,0x00007f8f7b8f9000)]
  0x00007f8f9400b800 JavaThread "main" [_thread_blocked, id=22069, stack(0x00007f8f99fec000,0x00007f8f9a0ed000)]

Other Threads:
=>0x00007f8f94079800 VMThread [stack: 0x00007f8f7b8f9000,0x00007f8f7b9fa000] [id=22074]
  0x00007f8f940cc800 WatcherThread [stack: 0x00007f8f7ae28000,0x00007f8f7af29000] [id=22082]

VM state:at safepoint (normal execution)

VM Mutex/Monitor currently owned by a thread:  ([mutex/lock_event])
[0x00007f8f94008010] Threads_lock - owner thread: 0x00007f8f94079800
[0x00007f8f94008510] Heap_lock - owner thread: 0x00007f8f9400b800

Heap:
 PSYoungGen      total 71680K, used 3159K [0x00000000eab00000, 0x00000000ef900000, 0x0000000100000000)
  eden space 63488K, 0% used [0x00000000eab00000,0x00000000eab00000,0x00000000ee900000)
  from space 8192K, 38% used [0x00000000ee900000,0x00000000eec15c50,0x00000000ef100000)
  to   space 8192K, 0% used [0x00000000ef100000,0x00000000ef100000,0x00000000ef900000)
 ParOldGen       total 42496K, used 18709K [0x00000000c0000000, 0x00000000c2980000, 0x00000000eab00000)
  object space 42496K, 44% used [0x00000000c0000000,0x00000000c12454f0,0x00000000c2980000)
 Metaspace       used 7770K, capacity 8030K, committed 8320K, reserved 1056768K
  class space    used 754K, capacity 785K, committed 896K, reserved 1048576K

Card table byte_map: [0x00007f8f83bad000,0x00007f8f83dae000] byte_map_base: 0x00007f8f835ad000

Marking Bits: (ParMarkBitMap*) 0x00007f8f994c9760
 Begin Bits: [0x00007f8f81653000, 0x00007f8f82653000)
 End Bits:   [0x00007f8f82653000, 0x00007f8f83653000)

Polling page: 0x00007f8f9a110000

CodeCache: size=245760Kb used=8845Kb max_used=8845Kb free=236914Kb
 bounds [0x00007f8f8416e000, 0x00007f8f84a1e000, 0x00007f8f9316e000]
 total_blobs=2802 nmethods=2505 adapters=210
 compilation: enabled

Compilation events (10 events):
Event: 2.964 Thread 0x00007f8f940bd000 nmethod 2512 0x00007f8f84a17350 code [0x00007f8f84a174c0, 0x00007f8f84a17830]
Event: 2.976 Thread 0x00007f8f940bd000 2515       2       com.android.dx.io.instructions.InstructionCodec$32::decode (74 bytes)
Event: 2.979 Thread 0x00007f8f940bd000 nmethod 2515 0x00007f8f84a17950 code [0x00007f8f84a17b80, 0x00007f8f84a18598]
Event: 2.979 Thread 0x00007f8f940bd000 2517       2       com.android.dx.io.instructions.InstructionCodec$32::encode (95 bytes)
Event: 2.981 Thread 0x00007f8f940bd000 nmethod 2517 0x00007f8f84a19290 code [0x00007f8f84a19460, 0x00007f8f84a19a68]
Event: 2.981 Thread 0x00007f8f940bd000 2516       2       com.android.dx.io.instructions.PackedSwitchPayloadDecodedInstruction::<init> (22 bytes)
Event: 2.981 Thread 0x00007f8f940bd000 nmethod 2516 0x00007f8f84a1a1d0 code [0x00007f8f84a1a340, 0x00007f8f84a1a508]
Event: 3.191 Thread 0x00007f8f940bd000 2520       2       com.android.dex.EncodedValueReader::readBoolean (24 bytes)
Event: 3.972 Thread 0x00007f8f940bd000 nmethod 2520 0x00007f8f84a1ab10 code [0x00007f8f84a1ac80, 0x00007f8f84a1ae28]
Event: 4.344 Thread 0x00007f8f940bd000 2522       2       java.util.regex.Matcher::search (109 bytes)

GC Heap History (10 events):
Event: 1.166 GC heap after
Heap after GC invocations=2 (full 0):
 PSYoungGen      total 18432K, used 2560K [0x00000000eab00000, 0x00000000ecf00000, 0x0000000100000000)
  eden space 15872K, 0% used [0x00000000eab00000,0x00000000eab00000,0x00000000eba80000)
  from space 2560K, 100% used [0x00000000ebd00000,0x00000000ebf80000,0x00000000ebf80000)
  to   space 2560K, 0% used [0x00000000eba80000,0x00000000eba80000,0x00000000ebd00000)
 ParOldGen       total 42496K, used 5845K [0x00000000c0000000, 0x00000000c2980000, 0x00000000eab00000)
  object space 42496K, 13% used [0x00000000c0000000,0x00000000c05b5688,0x00000000c2980000)
 Metaspace       used 5574K, capacity 6896K, committed 7040K, reserved 1056768K
  class space    used 539K, capacity 616K, committed 640K, reserved 1048576K
}
Event: 1.268 GC heap before
{Heap before GC invocations=3 (full 0):
 PSYoungGen      total 18432K, used 18055K [0x00000000eab00000, 0x00000000ecf00000, 0x0000000100000000)
  eden space 15872K, 97% used [0x00000000eab00000,0x00000000eba21ce0,0x00000000eba80000)
  from space 2560K, 100% used [0x00000000ebd00000,0x00000000ebf80000,0x00000000ebf80000)
  to   space 2560K, 0% used [0x00000000eba80000,0x00000000eba80000,0x00000000ebd00000)
 ParOldGen       total 42496K, used 5845K [0x00000000c0000000, 0x00000000c2980000, 0x00000000eab00000)
  object space 42496K, 13% used [0x00000000c0000000,0x00000000c05b5688,0x00000000c2980000)
 Metaspace       used 5631K, capacity 6960K, committed 7040K, reserved 1056768K
  class space    used 541K, capacity 616K, committed 640K, reserved 1048576K
Event: 1.781 GC heap after
Heap after GC invocations=3 (full 0):
 PSYoungGen      total 18432K, used 2535K [0x00000000eab00000, 0x00000000ecf00000, 0x0000000100000000)
  eden space 15872K, 0% used [0x00000000eab00000,0x00000000eab00000,0x00000000eba80000)
  from space 2560K, 99% used [0x00000000eba80000,0x00000000ebcf9c48,0x00000000ebd00000)
  to   space 2560K, 0% used [0x00000000ecc80000,0x00000000ecc80000,0x00000000ecf00000)
 ParOldGen       total 42496K, used 10202K [0x00000000c0000000, 0x00000000c2980000, 0x00000000eab00000)
  object space 42496K, 24% used [0x00000000c0000000,0x00000000c09f6a70,0x00000000c2980000)
 Metaspace       used 5631K, capacity 6960K, committed 7040K, reserved 1056768K
  class space    used 541K, capacity 616K, committed 640K, reserved 1048576K
}
Event: 2.019 GC heap before
{Heap before GC invocations=4 (full 0):
 PSYoungGen      total 18432K, used 18407K [0x00000000eab00000, 0x00000000ecf00000, 0x0000000100000000)
  eden space 15872K, 100% used [0x00000000eab00000,0x00000000eba80000,0x00000000eba80000)
  from space 2560K, 99% used [0x00000000eba80000,0x00000000ebcf9c48,0x00000000ebd00000)
  to   space 2560K, 0% used [0x00000000ecc80000,0x00000000ecc80000,0x00000000ecf00000)
 ParOldGen       total 42496K, used 10202K [0x00000000c0000000, 0x00000000c2980000, 0x00000000eab00000)
  object space 42496K, 24% used [0x00000000c0000000,0x00000000c09f6a70,0x00000000c2980000)
 Metaspace       used 5928K, capacity 7152K, committed 7296K, reserved 1056768K
  class space    used 562K, capacity 616K, committed 640K, reserved 1048576K
Event: 2.027 GC heap after
Heap after GC invocations=4 (full 0):
 PSYoungGen      total 34304K, used 2534K [0x00000000eab00000, 0x00000000ecf00000, 0x0000000100000000)
  eden space 31744K, 0% used [0x00000000eab00000,0x00000000eab00000,0x00000000eca00000)
  from space 2560K, 99% used [0x00000000ecc80000,0x00000000ecef9a40,0x00000000ecf00000)
  to   space 2560K, 0% used [0x00000000eca00000,0x00000000eca00000,0x00000000ecc80000)
 ParOldGen       total 42496K, used 14489K [0x00000000c0000000, 0x00000000c2980000, 0x00000000eab00000)
  object space 42496K, 34% used [0x00000000c0000000,0x00000000c0e266b8,0x00000000c2980000)
 Metaspace       used 5928K, capacity 7152K, committed 7296K, reserved 1056768K
  class space    used 562K, capacity 616K, committed 640K, reserved 1048576K
}
Event: 2.471 GC heap before
{Heap before GC invocations=5 (full 0):
 PSYoungGen      total 34304K, used 34278K [0x00000000eab00000, 0x00000000ecf00000, 0x0000000100000000)
  eden space 31744K, 100% used [0x00000000eab00000,0x00000000eca00000,0x00000000eca00000)
  from space 2560K, 99% used [0x00000000ecc80000,0x00000000ecef9a40,0x00000000ecf00000)
  to   space 2560K, 0% used [0x00000000eca00000,0x00000000eca00000,0x00000000ecc80000)
 ParOldGen       total 42496K, used 14489K [0x00000000c0000000, 0x00000000c2980000, 0x00000000eab00000)
  object space 42496K, 34% used [0x00000000c0000000,0x00000000c0e266b8,0x00000000c2980000)
 Metaspace       used 7634K, capacity 7928K, committed 8192K, reserved 1056768K
  class space    used 744K, capacity 752K, committed 768K, reserved 1048576K
Event: 2.481 GC heap after
Heap after GC invocations=5 (full 0):
 PSYoungGen      total 34304K, used 2553K [0x00000000eab00000, 0x00000000ef900000, 0x0000000100000000)
  eden space 31744K, 0% used [0x00000000eab00000,0x00000000eab00000,0x00000000eca00000)
  from space 2560K, 99% used [0x00000000eca00000,0x00000000ecc7e4b8,0x00000000ecc80000)
  to   space 8192K, 0% used [0x00000000ef100000,0x00000000ef100000,0x00000000ef900000)
 ParOldGen       total 42496K, used 16601K [0x00000000c0000000, 0x00000000c2980000, 0x00000000eab00000)
  object space 42496K, 39% used [0x00000000c0000000,0x00000000c1036788,0x00000000c2980000)
 Metaspace       used 7634K, capacity 7928K, committed 8192K, reserved 1056768K
  class space    used 744K, capacity 752K, committed 768K, reserved 1048576K
}
Event: 2.633 GC heap before
{Heap before GC invocations=6 (full 0):
 PSYoungGen      total 34304K, used 34297K [0x00000000eab00000, 0x00000000ef900000, 0x0000000100000000)
  eden space 31744K, 100% used [0x00000000eab00000,0x00000000eca00000,0x00000000eca00000)
  from space 2560K, 99% used [0x00000000eca00000,0x00000000ecc7e4b8,0x00000000ecc80000)
  to   space 8192K, 0% used [0x00000000ef100000,0x00000000ef100000,0x00000000ef900000)
 ParOldGen       total 42496K, used 16601K [0x00000000c0000000, 0x00000000c2980000, 0x00000000eab00000)
  object space 42496K, 39% used [0x00000000c0000000,0x00000000c1036788,0x00000000c2980000)
 Metaspace       used 7665K, capacity 7992K, committed 8192K, reserved 1056768K
  class space    used 745K, capacity 752K, committed 768K, reserved 1048576K
Event: 2.645 GC heap after
Heap after GC invocations=6 (full 0):
 PSYoungGen      total 71680K, used 4471K [0x00000000eab00000, 0x00000000ef900000, 0x0000000100000000)
  eden space 63488K, 0% used [0x00000000eab00000,0x00000000eab00000,0x00000000ee900000)
  from space 8192K, 54% used [0x00000000ef100000,0x00000000ef55dd80,0x00000000ef900000)
  to   space 8192K, 0% used [0x00000000ee900000,0x00000000ee900000,0x00000000ef100000)
 ParOldGen       total 42496K, used 16609K [0x00000000c0000000, 0x00000000c2980000, 0x00000000eab00000)
  object space 42496K, 39% used [0x00000000c0000000,0x00000000c1038788,0x00000000c2980000)
 Metaspace       used 7665K, capacity 7992K, committed 8192K, reserved 1056768K
  class space    used 745K, capacity 752K, committed 768K, reserved 1048576K
}
Event: 4.592 GC heap before
{Heap before GC invocations=7 (full 0):
 PSYoungGen      total 71680K, used 67959K [0x00000000eab00000, 0x00000000ef900000, 0x0000000100000000)
  eden space 63488K, 100% used [0x00000000eab00000,0x00000000ee900000,0x00000000ee900000)
  from space 8192K, 54% used [0x00000000ef100000,0x00000000ef55dd80,0x00000000ef900000)
  to   space 8192K, 0% used [0x00000000ee900000,0x00000000ee900000,0x00000000ef100000)
 ParOldGen       total 42496K, used 16609K [0x00000000c0000000, 0x00000000c2980000, 0x00000000eab00000)
  object space 42496K, 39% used [0x00000000c0000000,0x00000000c1038788,0x00000000c2980000)
 Metaspace       used 7770K, capacity 8030K, committed 8320K, reserved 1056768K
  class space    used 754K, capacity 785K, committed 896K, reserved 1048576K

Deoptimization events (10 events):
Event: 2.199 Thread 0x00007f8f9400b800 Uncommon trap: reason=unstable_if action=reinterpret pc=0x00007f8f84833a20 method=java.util.HashMap.putVal(ILjava/lang/Object;Ljava/lang/Object;ZZ)Ljava/lang/Object; @ 162
Event: 2.199 Thread 0x00007f8f9400b800 Uncommon trap: reason=unstable_if action=reinterpret pc=0x00007f8f84834ca4 method=java.util.HashMap.putVal(ILjava/lang/Object;Ljava/lang/Object;ZZ)Ljava/lang/Object; @ 162
Event: 2.210 Thread 0x00007f8f9400b800 Uncommon trap: reason=unstable_if action=reinterpret pc=0x00007f8f84725194 method=java.util.HashMap.getNode(ILjava/lang/Object;)Ljava/util/HashMap$Node; @ 84
Event: 2.234 Thread 0x00007f8f9400b800 Uncommon trap: reason=unstable_if action=reinterpret pc=0x00007f8f846f68ec method=java.util.HashMap.getNode(ILjava/lang/Object;)Ljava/util/HashMap$Node; @ 84
Event: 2.254 Thread 0x00007f8f9400b800 Uncommon trap: reason=unstable_if action=reinterpret pc=0x00007f8f8487d294 method=com.android.dx.merge.IndexMap.adjustString(I)I @ 2
Event: 2.287 Thread 0x00007f8f9400b800 Uncommon trap: reason=unstable_if action=reinterpret pc=0x00007f8f848e16c0 method=java.util.HashMap.putVal(ILjava/lang/Object;Ljava/lang/Object;ZZ)Ljava/lang/Object; @ 94
Event: 2.288 Thread 0x00007f8f9400b800 Uncommon trap: reason=unstable_if action=reinterpret pc=0x00007f8f84844e38 method=sun.misc.MetaIndex.mayContain(Ljava/lang/String;)Z @ 13
Event: 2.325 Thread 0x00007f8f9400b800 Uncommon trap: reason=predicate action=maybe_recompile pc=0x00007f8f848d62bc method=com.android.dex.Leb128.readUnsignedLeb128(Lcom/android/dex/util/ByteInput;)I @ 41
Event: 2.377 Thread 0x00007f8f9400b800 Uncommon trap: reason=unstable_if action=reinterpret pc=0x00007f8f84884da0 method=com.android.dex.FieldId.compareTo(Lcom/android/dex/FieldId;)I @ 8
Event: 2.423 Thread 0x00007f8f9400b800 Uncommon trap: reason=unstable_if action=reinterpret pc=0x00007f8f84882294 method=com.android.dex.FieldId.compareTo(Lcom/android/dex/FieldId;)I @ 8

Internal exceptions (7 events):
Event: 0.158 Thread 0x00007f8f9400b800 Exception <a 'java/lang/NoSuchMethodError': Method sun.misc.Unsafe.defineClass(Ljava/lang/String;[BII)Ljava/lang/Class; name or signature does not match> (0x00000000eab12a38) thrown at [/RE-WORK/workspace/8-2-build-linux-amd64/jdk8u45/3457/hotspot/src/sha
Event: 0.158 Thread 0x00007f8f9400b800 Exception <a 'java/lang/NoSuchMethodError': Method sun.misc.Unsafe.prefetchRead(Ljava/lang/Object;J)V name or signature does not match> (0x00000000eab12cc8) thrown at [/RE-WORK/workspace/8-2-build-linux-amd64/jdk8u45/3457/hotspot/src/share/vm/prims/jni.cp
Event: 1.194 Thread 0x00007f8f9400b800 Implicit null exception at 0x00007f8f846a69a2 to 0x00007f8f846a6a42
Event: 2.289 Thread 0x00007f8f9400b800 Exception <a 'java/security/PrivilegedActionException'> (0x00000000eb0d6f60) thrown at [/RE-WORK/workspace/8-2-build-linux-amd64/jdk8u45/3457/hotspot/src/share/vm/prims/jvm.cpp, line 1382]
Event: 2.289 Thread 0x00007f8f9400b800 Exception <a 'java/security/PrivilegedActionException'> (0x00000000eb0d72a8) thrown at [/RE-WORK/workspace/8-2-build-linux-amd64/jdk8u45/3457/hotspot/src/share/vm/prims/jvm.cpp, line 1382]
Event: 2.289 Thread 0x00007f8f9400b800 Exception <a 'java/security/PrivilegedActionException'> (0x00000000eb0d9758) thrown at [/RE-WORK/workspace/8-2-build-linux-amd64/jdk8u45/3457/hotspot/src/share/vm/prims/jvm.cpp, line 1382]
Event: 2.289 Thread 0x00007f8f9400b800 Exception <a 'java/security/PrivilegedActionException'> (0x00000000eb0d9aa0) thrown at [/RE-WORK/workspace/8-2-build-linux-amd64/jdk8u45/3457/hotspot/src/share/vm/prims/jvm.cpp, line 1382]

Events (10 events):
Event: 2.905 loading class sun/reflect/Label$PatchInfo done
Event: 2.906 loading class sun/reflect/MethodAccessorGenerator$1
Event: 2.910 loading class sun/reflect/MethodAccessorGenerator$1 done
Event: 2.910 loading class sun/reflect/ClassDefiner
Event: 2.910 loading class sun/reflect/ClassDefiner done
Event: 2.910 loading class sun/reflect/ClassDefiner$1
Event: 2.910 loading class sun/reflect/ClassDefiner$1 done
Event: 2.911 loading class sun/reflect/BootstrapConstructorAccessorImpl
Event: 2.911 loading class sun/reflect/BootstrapConstructorAccessorImpl done
Event: 4.479 Executing VM operation: EnableBiasedLocking


Dynamic libraries:
00400000-00401000 r-xp 00000000 08:03 1572315                            /opt/java/jdk1.8.0_45/bin/java
00600000-00601000 rw-p 00000000 08:03 1572315                            /opt/java/jdk1.8.0_45/bin/java
01595000-015b6000 rw-p 00000000 00:00 0                                  [heap]
c0000000-c2980000 rw-p 00000000 00:00 0 
c2980000-eab00000 ---p 00000000 00:00 0 
eab00000-ef900000 rw-p 00000000 00:00 0 
f3800000-100000000 ---p 00000000 00:00 0 
100000000-1000e0000 rw-p 00000000 00:00 0 
1000e0000-140000000 ---p 00000000 00:00 0 
7f8f44000000-7f8f44021000 rw-p 00000000 00:00 0 
7f8f44021000-7f8f48000000 ---p 00000000 00:00 0 
7f8f48000000-7f8f48021000 rw-p 00000000 00:00 0 
7f8f48021000-7f8f4c000000 ---p 00000000 00:00 0 
7f8f4c000000-7f8f4cb66000 rw-p 00000000 00:00 0 
7f8f4cb66000-7f8f50000000 ---p 00000000 00:00 0 
7f8f50000000-7f8f507cc000 rw-p 00000000 00:00 0 
7f8f507cc000-7f8f54000000 ---p 00000000 00:00 0 
7f8f54000000-7f8f54021000 rw-p 00000000 00:00 0 
7f8f54021000-7f8f58000000 ---p 00000000 00:00 0 
7f8f58000000-7f8f58aaa000 rw-p 00000000 00:00 0 
7f8f58aaa000-7f8f5c000000 ---p 00000000 00:00 0 
7f8f5c000000-7f8f5c021000 rw-p 00000000 00:00 0 
7f8f5c021000-7f8f60000000 ---p 00000000 00:00 0 
7f8f60000000-7f8f60021000 rw-p 00000000 00:00 0 
7f8f60021000-7f8f64000000 ---p 00000000 00:00 0 
7f8f64000000-7f8f64021000 rw-p 00000000 00:00 0 
7f8f64021000-7f8f68000000 ---p 00000000 00:00 0 
7f8f68000000-7f8f6828a000 rw-p 00000000 00:00 0 
7f8f6828a000-7f8f6c000000 ---p 00000000 00:00 0 
7f8f6c000000-7f8f6c021000 rw-p 00000000 00:00 0 
7f8f6c021000-7f8f70000000 ---p 00000000 00:00 0 
7f8f74000000-7f8f74021000 rw-p 00000000 00:00 0 
7f8f74021000-7f8f78000000 ---p 00000000 00:00 0 
7f8f7ae28000-7f8f7ae29000 ---p 00000000 00:00 0 
7f8f7ae29000-7f8f7af29000 rw-p 00000000 00:00 0                          [stack:22082]
7f8f7af29000-7f8f7af2c000 ---p 00000000 00:00 0 
7f8f7af2c000-7f8f7b02a000 rw-p 00000000 00:00 0                          [stack:22081]
7f8f7b02a000-7f8f7b02d000 ---p 00000000 00:00 0 
7f8f7b02d000-7f8f7b12b000 rw-p 00000000 00:00 0                          [stack:22080]
7f8f7b12b000-7f8f7b12e000 ---p 00000000 00:00 0 
7f8f7b12e000-7f8f7b22c000 rw-p 00000000 00:00 0                          [stack:22079]
7f8f7b22c000-7f8f7b22f000 ---p 00000000 00:00 0 
7f8f7b22f000-7f8f7b32d000 rw-p 00000000 00:00 0                          [stack:22078]
7f8f7b32d000-7f8f7b330000 ---p 00000000 00:00 0 
7f8f7b330000-7f8f7b42e000 rw-p 00000000 00:00 0                          [stack:22077]
7f8f7b42e000-7f8f7b6f7000 r--p 00000000 08:03 266989                     /usr/lib/locale/locale-archive
7f8f7b6f7000-7f8f7b6fa000 ---p 00000000 00:00 0 
7f8f7b6fa000-7f8f7b7f8000 rw-p 00000000 00:00 0                          [stack:22076]
7f8f7b7f8000-7f8f7b7fb000 ---p 00000000 00:00 0 
7f8f7b7fb000-7f8f7b8f9000 rw-p 00000000 00:00 0                          [stack:22075]
7f8f7b8f9000-7f8f7b8fa000 ---p 00000000 00:00 0 
7f8f7b8fa000-7f8f7c000000 rw-p 00000000 00:00 0                          [stack:22074]
7f8f7c000000-7f8f7c021000 rw-p 00000000 00:00 0 
7f8f7c021000-7f8f80000000 ---p 00000000 00:00 0 
7f8f8003a000-7f8f80056000 r--s 00393000 08:03 1574015                    /opt/java/jdk1.8.0_45/jre/lib/ext/cldrdata.jar
7f8f80056000-7f8f80a04000 rw-p 00000000 00:00 0 
7f8f80a04000-7f8f80bdd000 r--s 03d09000 08:03 1573810                    /opt/java/jdk1.8.0_45/jre/lib/rt.jar
7f8f80bdd000-7f8f81393000 rw-p 00000000 00:00 0 
7f8f81393000-7f8f81453000 ---p 00000000 00:00 0 
7f8f81453000-7f8f83653000 rw-p 00000000 00:00 0 
7f8f83653000-7f8f83654000 ---p 00000000 00:00 0 
7f8f83654000-7f8f83754000 rw-p 00000000 00:00 0                          [stack:22073]
7f8f83754000-7f8f83755000 ---p 00000000 00:00 0 
7f8f83755000-7f8f83855000 rw-p 00000000 00:00 0                          [stack:22072]
7f8f83855000-7f8f83856000 ---p 00000000 00:00 0 
7f8f83856000-7f8f83956000 rw-p 00000000 00:00 0                          [stack:22071]
7f8f83956000-7f8f83957000 ---p 00000000 00:00 0 
7f8f83957000-7f8f83a6c000 rw-p 00000000 00:00 0                          [stack:22070]
7f8f83a6c000-7f8f83bad000 ---p 00000000 00:00 0 
7f8f83bad000-7f8f83bc2000 rw-p 00000000 00:00 0 
7f8f83bc2000-7f8f83d02000 ---p 00000000 00:00 0 
7f8f83d02000-7f8f83d2a000 rw-p 00000000 00:00 0 
7f8f83d2a000-7f8f83dad000 ---p 00000000 00:00 0 
7f8f83dad000-7f8f83dd1000 rw-p 00000000 00:00 0 
7f8f83dd1000-7f8f8416e000 ---p 00000000 00:00 0 
7f8f8416e000-7f8f84a1e000 rwxp 00000000 00:00 0 
7f8f84a1e000-7f8f9316e000 ---p 00000000 00:00 0 
7f8f9316e000-7f8f93188000 r-xp 00000000 08:03 1574049                    /opt/java/jdk1.8.0_45/jre/lib/amd64/libzip.so
7f8f93188000-7f8f93388000 ---p 0001a000 08:03 1574049                    /opt/java/jdk1.8.0_45/jre/lib/amd64/libzip.so
7f8f93388000-7f8f93389000 rw-p 0001a000 08:03 1574049                    /opt/java/jdk1.8.0_45/jre/lib/amd64/libzip.so
7f8f93389000-7f8f93394000 r-xp 00000000 08:03 131807                     /lib/x86_64-linux-gnu/libnss_files-2.19.so
7f8f93394000-7f8f93593000 ---p 0000b000 08:03 131807                     /lib/x86_64-linux-gnu/libnss_files-2.19.so
7f8f93593000-7f8f93594000 r--p 0000a000 08:03 131807                     /lib/x86_64-linux-gnu/libnss_files-2.19.so
7f8f93594000-7f8f93595000 rw-p 0000b000 08:03 131807                     /lib/x86_64-linux-gnu/libnss_files-2.19.so
7f8f93595000-7f8f935a0000 r-xp 00000000 08:03 131871                     /lib/x86_64-linux-gnu/libnss_nis-2.19.so
7f8f935a0000-7f8f9379f000 ---p 0000b000 08:03 131871                     /lib/x86_64-linux-gnu/libnss_nis-2.19.so
7f8f9379f000-7f8f937a0000 r--p 0000a000 08:03 131871                     /lib/x86_64-linux-gnu/libnss_nis-2.19.so
7f8f937a0000-7f8f937a1000 rw-p 0000b000 08:03 131871                     /lib/x86_64-linux-gnu/libnss_nis-2.19.so
7f8f937a1000-7f8f937b8000 r-xp 00000000 08:03 131829                     /lib/x86_64-linux-gnu/libnsl-2.19.so
7f8f937b8000-7f8f939b7000 ---p 00017000 08:03 131829                     /lib/x86_64-linux-gnu/libnsl-2.19.so
7f8f939b7000-7f8f939b8000 r--p 00016000 08:03 131829                     /lib/x86_64-linux-gnu/libnsl-2.19.so
7f8f939b8000-7f8f939b9000 rw-p 00017000 08:03 131829                     /lib/x86_64-linux-gnu/libnsl-2.19.so
7f8f939b9000-7f8f939bb000 rw-p 00000000 00:00 0 
7f8f939bb000-7f8f939c4000 r-xp 00000000 08:03 131828                     /lib/x86_64-linux-gnu/libnss_compat-2.19.so
7f8f939c4000-7f8f93bc3000 ---p 00009000 08:03 131828                     /lib/x86_64-linux-gnu/libnss_compat-2.19.so
7f8f93bc3000-7f8f93bc4000 r--p 00008000 08:03 131828                     /lib/x86_64-linux-gnu/libnss_compat-2.19.so
7f8f93bc4000-7f8f93bc5000 rw-p 00009000 08:03 131828                     /lib/x86_64-linux-gnu/libnss_compat-2.19.so
7f8f93bc5000-7f8f93bef000 r-xp 00000000 08:03 1574040                    /opt/java/jdk1.8.0_45/jre/lib/amd64/libjava.so
7f8f93bef000-7f8f93def000 ---p 0002a000 08:03 1574040                    /opt/java/jdk1.8.0_45/jre/lib/amd64/libjava.so
7f8f93def000-7f8f93df1000 rw-p 0002a000 08:03 1574040                    /opt/java/jdk1.8.0_45/jre/lib/amd64/libjava.so
7f8f93df1000-7f8f93dfe000 r-xp 00000000 08:03 1574047                    /opt/java/jdk1.8.0_45/jre/lib/amd64/libverify.so
7f8f93dfe000-7f8f93ffe000 ---p 0000d000 08:03 1574047                    /opt/java/jdk1.8.0_45/jre/lib/amd64/libverify.so
7f8f93ffe000-7f8f94000000 rw-p 0000d000 08:03 1574047                    /opt/java/jdk1.8.0_45/jre/lib/amd64/libverify.so
7f8f94000000-7f8f943c0000 rw-p 00000000 00:00 0 
7f8f943c0000-7f8f98000000 ---p 00000000 00:00 0 
7f8f98004000-7f8f9800f000 r--s 00116000 08:03 1574017                    /opt/java/jdk1.8.0_45/jre/lib/ext/localedata.jar
7f8f9800f000-7f8f9801e000 r--s 000dd000 00:19 9438599                    /home/mike/Android/Sdk/build-tools/22.0.1/lib/dx.jar
7f8f9801e000-7f8f98025000 r-xp 00000000 08:03 131868                     /lib/x86_64-linux-gnu/librt-2.19.so
7f8f98025000-7f8f98224000 ---p 00007000 08:03 131868                     /lib/x86_64-linux-gnu/librt-2.19.so
7f8f98224000-7f8f98225000 r--p 00006000 08:03 131868                     /lib/x86_64-linux-gnu/librt-2.19.so
7f8f98225000-7f8f98226000 rw-p 00007000 08:03 131868                     /lib/x86_64-linux-gnu/librt-2.19.so
7f8f98226000-7f8f9832b000 r-xp 00000000 08:03 131806                     /lib/x86_64-linux-gnu/libm-2.19.so
7f8f9832b000-7f8f9852a000 ---p 00105000 08:03 131806                     /lib/x86_64-linux-gnu/libm-2.19.so
7f8f9852a000-7f8f9852b000 r--p 00104000 08:03 131806                     /lib/x86_64-linux-gnu/libm-2.19.so
7f8f9852b000-7f8f9852c000 rw-p 00105000 08:03 131806                     /lib/x86_64-linux-gnu/libm-2.19.so
7f8f9852c000-7f8f991da000 r-xp 00000000 08:03 1574060                    /opt/java/jdk1.8.0_45/jre/lib/amd64/server/libjvm.so
7f8f991da000-7f8f993d9000 ---p 00cae000 08:03 1574060                    /opt/java/jdk1.8.0_45/jre/lib/amd64/server/libjvm.so
7f8f993d9000-7f8f994b0000 rw-p 00cad000 08:03 1574060                    /opt/java/jdk1.8.0_45/jre/lib/amd64/server/libjvm.so
7f8f994b0000-7f8f994f4000 rw-p 00000000 00:00 0 
7f8f994f4000-7f8f996af000 r-xp 00000000 08:03 131857                     /lib/x86_64-linux-gnu/libc-2.19.so
7f8f996af000-7f8f998ae000 ---p 001bb000 08:03 131857                     /lib/x86_64-linux-gnu/libc-2.19.so
7f8f998ae000-7f8f998b2000 r--p 001ba000 08:03 131857                     /lib/x86_64-linux-gnu/libc-2.19.so
7f8f998b2000-7f8f998b4000 rw-p 001be000 08:03 131857                     /lib/x86_64-linux-gnu/libc-2.19.so
7f8f998b4000-7f8f998b9000 rw-p 00000000 00:00 0 
7f8f998b9000-7f8f998bc000 r-xp 00000000 08:03 131810                     /lib/x86_64-linux-gnu/libdl-2.19.so
7f8f998bc000-7f8f99abb000 ---p 00003000 08:03 131810                     /lib/x86_64-linux-gnu/libdl-2.19.so
7f8f99abb000-7f8f99abc000 r--p 00002000 08:03 131810                     /lib/x86_64-linux-gnu/libdl-2.19.so
7f8f99abc000-7f8f99abd000 rw-p 00003000 08:03 131810                     /lib/x86_64-linux-gnu/libdl-2.19.so
7f8f99abd000-7f8f99ad2000 r-xp 00000000 08:03 1573749                    /opt/java/jdk1.8.0_45/lib/amd64/jli/libjli.so
7f8f99ad2000-7f8f99cd2000 ---p 00015000 08:03 1573749                    /opt/java/jdk1.8.0_45/lib/amd64/jli/libjli.so
7f8f99cd2000-7f8f99cd3000 rw-p 00015000 08:03 1573749                    /opt/java/jdk1.8.0_45/lib/amd64/jli/libjli.so
7f8f99cd3000-7f8f99cec000 r-xp 00000000 08:03 131858                     /lib/x86_64-linux-gnu/libpthread-2.19.so
7f8f99cec000-7f8f99eeb000 ---p 00019000 08:03 131858                     /lib/x86_64-linux-gnu/libpthread-2.19.so
7f8f99eeb000-7f8f99eec000 r--p 00018000 08:03 131858                     /lib/x86_64-linux-gnu/libpthread-2.19.so
7f8f99eec000-7f8f99eed000 rw-p 00019000 08:03 131858                     /lib/x86_64-linux-gnu/libpthread-2.19.so
7f8f99eed000-7f8f99ef1000 rw-p 00000000 00:00 0 
7f8f99ef1000-7f8f99f14000 r-xp 00000000 08:03 131833                     /lib/x86_64-linux-gnu/ld-2.19.so
7f8f99f15000-7f8f99f1a000 r--s 00094000 08:03 1573828                    /opt/java/jdk1.8.0_45/jre/lib/jsse.jar
7f8f99f1a000-7f8f99fec000 rw-p 00000000 00:00 0 
7f8f99fec000-7f8f99fef000 ---p 00000000 00:00 0 
7f8f99fef000-7f8f9a0f2000 rw-p 00000000 00:00 0                          [stack:22069]
7f8f9a0f2000-7f8f9a0f3000 r--p 00000000 08:03 672594                     /usr/share/locale-langpack/en_GB/LC_MESSAGES/libc.mo
7f8f9a0f3000-7f8f9a107000 rw-p 00000000 00:00 0 
7f8f9a107000-7f8f9a10f000 rw-s 00000000 08:03 1569886                    /tmp/hsperfdata_mike/22065
7f8f9a10f000-7f8f9a110000 rw-p 00000000 00:00 0 
7f8f9a110000-7f8f9a111000 ---p 00000000 00:00 0 
7f8f9a111000-7f8f9a113000 rw-p 00000000 00:00 0 
7f8f9a113000-7f8f9a114000 r--p 00022000 08:03 131833                     /lib/x86_64-linux-gnu/ld-2.19.so
7f8f9a114000-7f8f9a115000 rw-p 00023000 08:03 131833                     /lib/x86_64-linux-gnu/ld-2.19.so
7f8f9a115000-7f8f9a116000 rw-p 00000000 00:00 0 
7fffd893b000-7fffd895d000 rw-p 00000000 00:00 0                          [stack]
7fffd8995000-7fffd8997000 r-xp 00000000 00:00 0                          [vdso]
ffffffffff600000-ffffffffff601000 r-xp 00000000 00:00 0                  [vsyscall]

VM Arguments:
jvm_args: -Xmx1024M -Dfile.encoding=UTF-8 -Duser.country=GB -Duser.language=en -Duser.variant 
java_command: com.android.dx.command.Main --dex --output /home/mike/AndroidStudioProjects/Wordist/app/build/intermediates/dex/debug /home/mike/AndroidStudioProjects/Wordist/app/build/intermediates/classes/debug /home/mike/AndroidStudioProjects/Wordist/app/build/intermediates/pre-dexed/debug/support-annotations-22.2.0-bfa71d602cc0e11fce5350ed544c9f5e4d4a05e4.jar /home/mike/AndroidStudioProjects/Wordist/app/build/intermediates/pre-dexed/debug/classes-e01224f4b848d2f70fe036e6ffd03fad8e49b557.jar /home/mike/AndroidStudioProjects/Wordist/app/build/intermediates/pre-dexed/debug/classes-2ab3d19bd8375c4756f92f9df195e4252f17cf71.jar /home/mike/AndroidStudioProjects/Wordist/app/build/intermediates/pre-dexed/debug/classes-674e81071699e5047dc949309e33eaff0b6cf792.jar /home/mike/AndroidStudioProjects/Wordist/app/build/intermediates/pre-dexed/debug/classes-becf46f026f107f6ad7542c9b7c8b1bd96840546.jar /home/mike/AndroidStudioProjects/Wordist/app/build/intermediates/pre-dexed/debug/internal_impl-22.0.0-badf73acff408b2f94e3947ab7ebff932b700965.jar /home/mike/AndroidStudioProjects/Wordist/app/build/intermediates/pre-dexed/debug/classes-b97a6c1cf7fbeb04f196fcf80c57d4257edcc6dd.jar /home/mike/AndroidStudioProjects/Wordist/app/build/intermediates/pre-dexed/debug/classes-d24eb526a194db96263c3f6685649fd0fe6c44d5.jar /home/mike/AndroidStudioProjects/Wordist/app/build/intermediates/pre-dexed/debug/classes-d336082364352f264572be55a9b357e5ff0d11af.jar /home/mike/AndroidStudioProjects/Wordist/app/build/intermediates/pre-dexed/debug/classes-7a28f4ba4fb32a581ec7923ddf90ef95697adfea.jar /home/mike/AndroidStudioProjects/Wordist/app/build/intermediates/pre-dexed/debug/classes-2fffb6f7a97d395100aaf3eefa7e7444903a76be.jar /home/mike/AndroidStudioProjects/Wordist/app/build/intermediates/pre-dexed/debug/classes-cc0797b316f66372a2b35e75e646f3b4068a1b62.jar /home/mike/AndroidStudioProjects/Wordist/app/build/intermediates/pre-dexed/debug/classes-ba694547ab3fc3fe5bc8d34ae51866c6cab4beda.jar /home/mike/An
java_class_path (initial): /home/mike/Android/Sdk/build-tools/22.0.1/lib/dx.jar
Launcher Type: SUN_STANDARD

Environment Variables:
PATH=/usr/local/sbin:/usr/local/bin:/usr/sbin:/usr/bin:/sbin:/bin:/usr/games:/usr/local/games
USERNAME=mike
LD_LIBRARY_PATH=/opt/android-studio/bin:
SHELL=/bin/bash
DISPLAY=:0

Signal Handlers:
SIGSEGV: [libjvm.so+0xaad1e0], sa_mask[0]=11111111011111111101111111111110, sa_flags=SA_RESTART|SA_SIGINFO
SIGBUS: [libjvm.so+0xaad1e0], sa_mask[0]=11111111011111111101111111111110, sa_flags=SA_RESTART|SA_SIGINFO
SIGFPE: [libjvm.so+0x90b450], sa_mask[0]=11111111011111111101111111111110, sa_flags=SA_RESTART|SA_SIGINFO
SIGPIPE: [libjvm.so+0x90b450], sa_mask[0]=11111111011111111101111111111110, sa_flags=SA_RESTART|SA_SIGINFO
SIGXFSZ: [libjvm.so+0x90b450], sa_mask[0]=11111111011111111101111111111110, sa_flags=SA_RESTART|SA_SIGINFO
SIGILL: [libjvm.so+0x90b450], sa_mask[0]=11111111011111111101111111111110, sa_flags=SA_RESTART|SA_SIGINFO
SIGUSR1: SIG_DFL, sa_mask[0]=00000000000000000000000000000000, sa_flags=none
SIGUSR2: [libjvm.so+0x90ca90], sa_mask[0]=00100000000000000000000000000000, sa_flags=SA_RESTART|SA_SIGINFO
SIGHUP: [libjvm.so+0x90dde0], sa_mask[0]=11111111011111111101111111111110, sa_flags=SA_RESTART|SA_SIGINFO
SIGINT: [libjvm.so+0x90dde0], sa_mask[0]=11111111011111111101111111111110, sa_flags=SA_RESTART|SA_SIGINFO
SIGTERM: [libjvm.so+0x90dde0], sa_mask[0]=11111111011111111101111111111110, sa_flags=SA_RESTART|SA_SIGINFO
SIGQUIT: [libjvm.so+0x90dde0], sa_mask[0]=11111111011111111101111111111110, sa_flags=SA_RESTART|SA_SIGINFO


---------------  S Y S T E M  ---------------

OS:DISTRIB_ID=LinuxMint
DISTRIB_RELEASE=17.2
DISTRIB_CODENAME=rafaela
DISTRIB_DESCRIPTION="Linux Mint 17.2 Rafaela"

uname:Linux 3.13.0-37-generic #64-Ubuntu SMP Mon Sep 22 21:28:38 UTC 2014 x86_64
libc:glibc 2.19 NPTL 2.19 
rlimit: STACK 8192k, CORE 0k, NPROC 30882, NOFILE 4096, AS infinity
load average:7.69 2.92 1.49

/proc/meminfo:
MemTotal:        4048044 kB
MemFree:           89644 kB
Buffers:             324 kB
Cached:            76820 kB
SwapCached:            0 kB
Active:          3509440 kB
Inactive:          73244 kB
Active(anon):    3508192 kB
Inactive(anon):    65204 kB
Active(file):       1248 kB
Inactive(file):     8040 kB
Unevictable:         160 kB
Mlocked:             160 kB
SwapTotal:             0 kB
SwapFree:              0 kB
Dirty:                 8 kB
Writeback:             0 kB
AnonPages:       3506028 kB
Mapped:           189648 kB
Shmem:             67528 kB
Slab:              69064 kB
SReclaimable:      26504 kB
SUnreclaim:        42560 kB
KernelStack:        4568 kB
PageTables:        33936 kB
NFS_Unstable:          0 kB
Bounce:                0 kB
WritebackTmp:          0 kB
CommitLimit:     2024020 kB
Committed_AS:    6230132 kB
VmallocTotal:   34359738367 kB
VmallocUsed:      305644 kB
VmallocChunk:   34359429816 kB
HardwareCorrupted:     0 kB
AnonHugePages:   1630208 kB
HugePages_Total:       0
HugePages_Free:        0
HugePages_Rsvd:        0
HugePages_Surp:        0
Hugepagesize:       2048 kB
DirectMap4k:      163392 kB
DirectMap2M:     2981888 kB
DirectMap1G:     1048576 kB


CPU:total 4 (4 cores per cpu, 1 threads per core) family 16 model 4 stepping 2, cmov, cx8, fxsr, mmx, sse, sse2, sse3, popcnt, mmxext, 3dnowpref, lzcnt, sse4a, tsc, tscinvbit, tscinv

/proc/cpuinfo:
processor	: 0
vendor_id	: AuthenticAMD
cpu family	: 16
model		: 4
model name	: AMD Phenom(tm) II X4 955 Processor
stepping	: 2
microcode	: 0x1000086
cpu MHz		: 800.000
cache size	: 512 KB
physical id	: 0
siblings	: 4
core id		: 0
cpu cores	: 4
apicid		: 0
initial apicid	: 0
fpu		: yes
fpu_exception	: yes
cpuid level	: 5
wp		: yes
flags		: fpu vme de pse tsc msr pae mce cx8 apic sep mtrr pge mca cmov pat pse36 clflush mmx fxsr sse sse2 ht syscall nx mmxext fxsr_opt pdpe1gb rdtscp lm 3dnowext 3dnow constant_tsc rep_good nopl nonstop_tsc extd_apicid pni monitor cx16 popcnt lahf_lm cmp_legacy svm extapic cr8_legacy abm sse4a misalignsse 3dnowprefetch osvw ibs skinit wdt hw_pstate npt lbrv svm_lock nrip_save
bogomips	: 6399.93
TLB size	: 1024 4K pages
clflush size	: 64
cache_alignment	: 64
address sizes	: 48 bits physical, 48 bits virtual
power management: ts ttp tm stc 100mhzsteps hwpstate

processor	: 1
vendor_id	: AuthenticAMD
cpu family	: 16
model		: 4
model name	: AMD Phenom(tm) II X4 955 Processor
stepping	: 2
microcode	: 0x1000086
cpu MHz		: 2500.000
cache size	: 512 KB
physical id	: 0
siblings	: 4
core id		: 1
cpu cores	: 4
apicid		: 1
initial apicid	: 1
fpu		: yes
fpu_exception	: yes
cpuid level	: 5
wp		: yes
flags		: fpu vme de pse tsc msr pae mce cx8 apic sep mtrr pge mca cmov pat pse36 clflush mmx fxsr sse sse2 ht syscall nx mmxext fxsr_opt pdpe1gb rdtscp lm 3dnowext 3dnow constant_tsc rep_good nopl nonstop_tsc extd_apicid pni monitor cx16 popcnt lahf_lm cmp_legacy svm extapic cr8_legacy abm sse4a misalignsse 3dnowprefetch osvw ibs skinit wdt hw_pstate npt lbrv svm_lock nrip_save
bogomips	: 6399.93
TLB size	: 1024 4K pages
clflush size	: 64
cache_alignment	: 64
address sizes	: 48 bits physical, 48 bits virtual
power management: ts ttp tm stc 100mhzsteps hwpstate

processor	: 2
vendor_id	: AuthenticAMD
cpu family	: 16
model		: 4
model name	: AMD Phenom(tm) II X4 955 Processor
stepping	: 2
microcode	: 0x1000086
cpu MHz		: 800.000
cache size	: 512 KB
physical id	: 0
siblings	: 4
core id		: 2
cpu cores	: 4
apicid		: 2
initial apicid	: 2
fpu		: yes
fpu_exception	: yes
cpuid level	: 5
wp		: yes
flags		: fpu vme de pse tsc msr pae mce cx8 apic sep mtrr pge mca cmov pat pse36 clflush mmx fxsr sse sse2 ht syscall nx mmxext fxsr_opt pdpe1gb rdtscp lm 3dnowext 3dnow constant_tsc rep_good nopl nonstop_tsc extd_apicid pni monitor cx16 popcnt lahf_lm cmp_legacy svm extapic cr8_legacy abm sse4a misalignsse 3dnowprefetch osvw ibs skinit wdt hw_pstate npt lbrv svm_lock nrip_save
bogomips	: 6399.93
TLB size	: 1024 4K pages
clflush size	: 64
cache_alignment	: 64
address sizes	: 48 bits physical, 48 bits virtual
power management: ts ttp tm stc 100mhzsteps hwpstate

processor	: 3
vendor_id	: AuthenticAMD
cpu family	: 16
model		: 4
model name	: AMD Phenom(tm) II X4 955 Processor
stepping	: 2
microcode	: 0x1000086
cpu MHz		: 800.000
cache size	: 512 KB
physical id	: 0
siblings	: 4
core id		: 3
cpu cores	: 4
apicid		: 3
initial apicid	: 3
fpu		: yes
fpu_exception	: yes
cpuid level	: 5
wp		: yes
flags		: fpu vme de pse tsc msr pae mce cx8 apic sep mtrr pge mca cmov pat pse36 clflush mmx fxsr sse sse2 ht syscall nx mmxext fxsr_opt pdpe1gb rdtscp lm 3dnowext 3dnow constant_tsc rep_good nopl nonstop_tsc extd_apicid pni monitor cx16 popcnt lahf_lm cmp_legacy svm extapic cr8_legacy abm sse4a misalignsse 3dnowprefetch osvw ibs skinit wdt hw_pstate npt lbrv svm_lock nrip_save
bogomips	: 6399.93
TLB size	: 1024 4K pages
clflush size	: 64
cache_alignment	: 64
address sizes	: 48 bits physical, 48 bits virtual
power management: ts ttp tm stc 100mhzsteps hwpstate



Memory: 4k page, physical 4048044k(88652k free), swap 0k(0k free)

vm_info: Java HotSpot(TM) 64-Bit Server VM (25.45-b02) for linux-amd64 JRE (1.8.0_45-b14), built on Apr 10 2015 10:07:45 by "java_re" with gcc 4.3.0 20080428 (Red Hat 4.3.0-8)

time: Fri Aug 21 19:39:21 2015
elapsed time: 20 seconds (0d 0h 0m 20s)

