#
# There is insufficient memory for the Java Runtime Environment to continue.
# Native memory allocation (mmap) failed to map 121634816 bytes for committing reserved memory.
# Possible reasons:
#   The system is out of physical RAM or swap space
#   In 32 bit mode, the process size limit was hit
# Possible solutions:
#   Reduce memory load on the system
#   Increase physical memory or swap space
#   Check if swap backing store is full
#   Use 64 bit Java on a 64 bit OS
#   Decrease Java heap size (-Xmx/-Xms)
#   Decrease number of Java threads
#   Decrease Java thread stack sizes (-Xss)
#   Set larger code cache with -XX:ReservedCodeCacheSize=
# This output file may be truncated or incomplete.
#
#  Out of Memory Error (os_linux.cpp:2673), pid=6129, tid=139954061408000
#
# JRE version: Java(TM) SE Runtime Environment (8.0_45-b14) (build 1.8.0_45-b14)
# Java VM: Java HotSpot(TM) 64-Bit Server VM (25.45-b02 mixed mode linux-amd64 compressed oops)
# Failed to write core dump. Core dumps have been disabled. To enable core dumping, try "ulimit -c unlimited" before starting Java again
#

---------------  T H R E A D  ---------------

Current thread (0x00007f49ac079800):  VMThread [stack: 0x00007f49980d7000,0x00007f49981d8000] [id=6139]

Stack: [0x00007f49980d7000,0x00007f49981d8000],  sp=0x00007f49981d6060,  free space=1020k
Native frames: (J=compiled Java code, j=interpreted, Vv=VM code, C=native code)
V  [libjvm.so+0xaac99a]  VMError::report_and_die()+0x2ba
V  [libjvm.so+0x4f333b]  report_vm_out_of_memory(char const*, int, unsigned long, VMErrorType, char const*)+0x8b
V  [libjvm.so+0x90e7c3]  os::Linux::commit_memory_impl(char*, unsigned long, bool)+0x103
V  [libjvm.so+0x90ed19]  os::pd_commit_memory(char*, unsigned long, unsigned long, bool)+0x29
V  [libjvm.so+0x90867a]  os::commit_memory(char*, unsigned long, unsigned long, bool)+0x2a
V  [libjvm.so+0x97bac3]  PSVirtualSpace::expand_by(unsigned long)+0x53
V  [libjvm.so+0x97cec8]  PSYoungGen::resize_generation(unsigned long, unsigned long)+0xf8
V  [libjvm.so+0x97c022]  PSYoungGen::resize(unsigned long, unsigned long)+0x22
V  [libjvm.so+0x9792fb]  PSScavenge::invoke_no_policy()+0xf7b
V  [libjvm.so+0x979a81]  PSScavenge::invoke()+0x41
V  [libjvm.so+0x932050]  ParallelScavengeHeap::failed_mem_allocate(unsigned long)+0x70
V  [libjvm.so+0xaae1d7]  VM_ParallelGCFailedAllocation::doit()+0x97
V  [libjvm.so+0xab59c5]  VM_Operation::evaluate()+0x55
V  [libjvm.so+0xab3d9a]  VMThread::evaluate_operation(VM_Operation*)+0xba
V  [libjvm.so+0xab411e]  VMThread::loop()+0x1ce
V  [libjvm.so+0xab4590]  VMThread::run()+0x70
V  [libjvm.so+0x910de8]  java_start(Thread*)+0x108

VM_Operation (0x00007f49b285d440): ParallelGCFailedAllocation, mode: safepoint, requested by thread 0x00007f49ac00c000


---------------  P R O C E S S  ---------------

Java Threads: ( => current thread )
  0x00007f49ac0d4000 JavaThread "Service Thread" daemon [_thread_blocked, id=6146, stack(0x00007f4993630000,0x00007f4993731000)]
  0x00007f49ac0bf000 JavaThread "C1 CompilerThread2" daemon [_thread_blocked, id=6145, stack(0x00007f4993731000,0x00007f4993832000)]
  0x00007f49ac0bd000 JavaThread "C2 CompilerThread1" daemon [_thread_blocked, id=6144, stack(0x00007f4993832000,0x00007f4993933000)]
  0x00007f49ac0ba800 JavaThread "C2 CompilerThread0" daemon [_thread_blocked, id=6143, stack(0x00007f4993933000,0x00007f4993a34000)]
  0x00007f49ac0b9000 JavaThread "Signal Dispatcher" daemon [_thread_blocked, id=6142, stack(0x00007f4993a34000,0x00007f4993b35000)]
  0x00007f49ac080800 JavaThread "Finalizer" daemon [_thread_blocked, id=6141, stack(0x00007f4993dfe000,0x00007f4993eff000)]
  0x00007f49ac07e800 JavaThread "Reference Handler" daemon [_thread_blocked, id=6140, stack(0x00007f4993eff000,0x00007f4994000000)]
  0x00007f49ac00c000 JavaThread "main" [_thread_blocked, id=6134, stack(0x00007f49b275e000,0x00007f49b285f000)]

Other Threads:
=>0x00007f49ac079800 VMThread [stack: 0x00007f49980d7000,0x00007f49981d8000] [id=6139]
  0x00007f49ac0df000 WatcherThread [stack: 0x00007f499352f000,0x00007f4993630000] [id=6147]

VM state:at safepoint (normal execution)

VM Mutex/Monitor currently owned by a thread:  ([mutex/lock_event])
[0x00007f49ac008070] Threads_lock - owner thread: 0x00007f49ac079800
[0x00007f49ac008570] Heap_lock - owner thread: 0x00007f49ac00c000

Heap:
 PSYoungGen      total 214528K, used 12014K [0x00000000eab00000, 0x00000000f8c00000, 0x0000000100000000)
  eden space 199680K, 0% used [0x00000000eab00000,0x00000000eab00000,0x00000000f6e00000)
  from space 14848K, 80% used [0x00000000f6e00000,0x00000000f79bbbe8,0x00000000f7c80000)
  to   space 13824K, 0% used [0x00000000f7c80000,0x00000000f7c80000,0x00000000f8a00000)
 ParOldGen       total 42496K, used 39702K [0x00000000c0000000, 0x00000000c2980000, 0x00000000eab00000)
  object space 42496K, 93% used [0x00000000c0000000,0x00000000c26c5be8,0x00000000c2980000)
 Metaspace       used 7780K, capacity 8030K, committed 8320K, reserved 1056768K
  class space    used 754K, capacity 785K, committed 896K, reserved 1048576K

Card table byte_map: [0x00007f499c1f2000,0x00007f499c3f3000] byte_map_base: 0x00007f499bbf2000

Marking Bits: (ParMarkBitMap*) 0x00007f49b1c3b760
 Begin Bits: [0x00007f4999d99000, 0x00007f499ad99000)
 End Bits:   [0x00007f499ad99000, 0x00007f499bd99000)

Polling page: 0x00007f49b2882000

CodeCache: size=245760Kb used=9378Kb max_used=9389Kb free=236381Kb
 bounds [0x00007f499c7b3000, 0x00007f499d0f3000, 0x00007f49ab7b3000]
 total_blobs=2927 nmethods=2631 adapters=210
 compilation: enabled

Compilation events (10 events):
Event: 4.289 Thread 0x00007f49ac0bd000 nmethod 2660 0x00007f499d0e5650 code [0x00007f499d0e57c0, 0x00007f499d0e5a98]
Event: 4.291 Thread 0x00007f49ac0ba800 nmethod 2661 0x00007f499d0e2150 code [0x00007f499d0e22a0, 0x00007f499d0e2518]
Event: 4.295 Thread 0x00007f49ac0bd000 2662       4       java.security.MessageDigest::update (45 bytes)
Event: 4.299 Thread 0x00007f49ac0ba800 2663       4       sun.security.provider.DigestBase::engineUpdate (189 bytes)
Event: 4.303 Thread 0x00007f49ac0bd000 nmethod 2662 0x00007f499d0e5dd0 code [0x00007f499d0e5f60, 0x00007f499d0e6478]
Event: 4.303 Thread 0x00007f49ac0bd000 2664       4       java.security.MessageDigest$Delegate::engineUpdate (11 bytes)
Event: 4.307 Thread 0x00007f49ac0ba800 nmethod 2663 0x00007f499d0e6990 code [0x00007f499d0e6b00, 0x00007f499d0e6f58]
Event: 4.310 Thread 0x00007f49ac0bd000 nmethod 2664 0x00007f499d0e7250 code [0x00007f499d0e73e0, 0x00007f499d0e7878]
Event: 4.323 Thread 0x00007f49ac0ba800 2665       4       java.util.zip.Adler32::update (51 bytes)
Event: 4.324 Thread 0x00007f49ac0ba800 nmethod 2665 0x00007f499d0dd4d0 code [0x00007f499d0dd620, 0x00007f499d0dd748]

GC Heap History (10 events):
Event: 2.797 GC heap after
Heap after GC invocations=6 (full 0):
 PSYoungGen      total 73216K, used 9359K [0x00000000eab00000, 0x00000000efe00000, 0x0000000100000000)
  eden space 62976K, 0% used [0x00000000eab00000,0x00000000eab00000,0x00000000ee880000)
  from space 10240K, 91% used [0x00000000ef300000,0x00000000efc23c48,0x00000000efd00000)
  to   space 10752K, 0% used [0x00000000ee880000,0x00000000ee880000,0x00000000ef300000)
 ParOldGen       total 42496K, used 21670K [0x00000000c0000000, 0x00000000c2980000, 0x00000000eab00000)
  object space 42496K, 50% used [0x00000000c0000000,0x00000000c1529af0,0x00000000c2980000)
 Metaspace       used 7642K, capacity 7928K, committed 8192K, reserved 1056768K
  class space    used 745K, capacity 752K, committed 768K, reserved 1048576K
}
Event: 3.193 GC heap before
{Heap before GC invocations=7 (full 0):
 PSYoungGen      total 73216K, used 72335K [0x00000000eab00000, 0x00000000efe00000, 0x0000000100000000)
  eden space 62976K, 100% used [0x00000000eab00000,0x00000000ee880000,0x00000000ee880000)
  from space 10240K, 91% used [0x00000000ef300000,0x00000000efc23c48,0x00000000efd00000)
  to   space 10752K, 0% used [0x00000000ee880000,0x00000000ee880000,0x00000000ef300000)
 ParOldGen       total 42496K, used 21670K [0x00000000c0000000, 0x00000000c2980000, 0x00000000eab00000)
  object space 42496K, 50% used [0x00000000c0000000,0x00000000c1529af0,0x00000000c2980000)
 Metaspace       used 7743K, capacity 7966K, committed 8320K, reserved 1056768K
  class space    used 754K, capacity 785K, committed 896K, reserved 1048576K
Event: 3.208 GC heap after
Heap after GC invocations=7 (full 0):
 PSYoungGen      total 73728K, used 10551K [0x00000000eab00000, 0x00000000f3e00000, 0x0000000100000000)
  eden space 62976K, 0% used [0x00000000eab00000,0x00000000eab00000,0x00000000ee880000)
  from space 10752K, 98% used [0x00000000ee880000,0x00000000ef2cdd70,0x00000000ef300000)
  to   space 12288K, 0% used [0x00000000f3200000,0x00000000f3200000,0x00000000f3e00000)
 ParOldGen       total 42496K, used 23677K [0x00000000c0000000, 0x00000000c2980000, 0x00000000eab00000)
  object space 42496K, 55% used [0x00000000c0000000,0x00000000c171f650,0x00000000c2980000)
 Metaspace       used 7743K, capacity 7966K, committed 8320K, reserved 1056768K
  class space    used 754K, capacity 785K, committed 896K, reserved 1048576K
}
Event: 3.349 GC heap before
{Heap before GC invocations=8 (full 0):
 PSYoungGen      total 73728K, used 73527K [0x00000000eab00000, 0x00000000f3e00000, 0x0000000100000000)
  eden space 62976K, 100% used [0x00000000eab00000,0x00000000ee880000,0x00000000ee880000)
  from space 10752K, 98% used [0x00000000ee880000,0x00000000ef2cdd70,0x00000000ef300000)
  to   space 12288K, 0% used [0x00000000f3200000,0x00000000f3200000,0x00000000f3e00000)
 ParOldGen       total 42496K, used 23677K [0x00000000c0000000, 0x00000000c2980000, 0x00000000eab00000)
  object space 42496K, 55% used [0x00000000c0000000,0x00000000c171f650,0x00000000c2980000)
 Metaspace       used 7756K, capacity 7966K, committed 8320K, reserved 1056768K
  class space    used 754K, capacity 785K, committed 896K, reserved 1048576K
Event: 3.366 GC heap after
Heap after GC invocations=8 (full 0):
 PSYoungGen      total 137728K, used 10733K [0x00000000eab00000, 0x00000000f3f00000, 0x0000000100000000)
  eden space 125440K, 0% used [0x00000000eab00000,0x00000000eab00000,0x00000000f2580000)
  from space 12288K, 87% used [0x00000000f3200000,0x00000000f3c7b6a0,0x00000000f3e00000)
  to   space 12800K, 0% used [0x00000000f2580000,0x00000000f2580000,0x00000000f3200000)
 ParOldGen       total 42496K, used 23730K [0x00000000c0000000, 0x00000000c2980000, 0x00000000eab00000)
  object space 42496K, 55% used [0x00000000c0000000,0x00000000c172c9c0,0x00000000c2980000)
 Metaspace       used 7756K, capacity 7966K, committed 8320K, reserved 1056768K
  class space    used 754K, capacity 785K, committed 896K, reserved 1048576K
}
Event: 3.655 GC heap before
{Heap before GC invocations=9 (full 0):
 PSYoungGen      total 137728K, used 136173K [0x00000000eab00000, 0x00000000f3f00000, 0x0000000100000000)
  eden space 125440K, 100% used [0x00000000eab00000,0x00000000f2580000,0x00000000f2580000)
  from space 12288K, 87% used [0x00000000f3200000,0x00000000f3c7b6a0,0x00000000f3e00000)
  to   space 12800K, 0% used [0x00000000f2580000,0x00000000f2580000,0x00000000f3200000)
 ParOldGen       total 42496K, used 23730K [0x00000000c0000000, 0x00000000c2980000, 0x00000000eab00000)
  object space 42496K, 55% used [0x00000000c0000000,0x00000000c172c9c0,0x00000000c2980000)
 Metaspace       used 7762K, capacity 7966K, committed 8320K, reserved 1056768K
  class space    used 754K, capacity 785K, committed 896K, reserved 1048576K
Event: 3.666 GC heap after
Heap after GC invocations=9 (full 0):
 PSYoungGen      total 138240K, used 10906K [0x00000000eab00000, 0x00000000f8a00000, 0x0000000100000000)
  eden space 125440K, 0% used [0x00000000eab00000,0x00000000eab00000,0x00000000f2580000)
  from space 12800K, 85% used [0x00000000f2580000,0x00000000f30268f8,0x00000000f3200000)
  to   space 13824K, 0% used [0x00000000f7c80000,0x00000000f7c80000,0x00000000f8a00000)
 ParOldGen       total 42496K, used 24522K [0x00000000c0000000, 0x00000000c2980000, 0x00000000eab00000)
  object space 42496K, 57% used [0x00000000c0000000,0x00000000c17f29f0,0x00000000c2980000)
 Metaspace       used 7762K, capacity 7966K, committed 8320K, reserved 1056768K
  class space    used 754K, capacity 785K, committed 896K, reserved 1048576K
}
Event: 3.908 GC heap before
{Heap before GC invocations=10 (full 0):
 PSYoungGen      total 138240K, used 136346K [0x00000000eab00000, 0x00000000f8a00000, 0x0000000100000000)
  eden space 125440K, 100% used [0x00000000eab00000,0x00000000f2580000,0x00000000f2580000)
  from space 12800K, 85% used [0x00000000f2580000,0x00000000f30268f8,0x00000000f3200000)
  to   space 13824K, 0% used [0x00000000f7c80000,0x00000000f7c80000,0x00000000f8a00000)
 ParOldGen       total 42496K, used 24522K [0x00000000c0000000, 0x00000000c2980000, 0x00000000eab00000)
  object space 42496K, 57% used [0x00000000c0000000,0x00000000c17f29f0,0x00000000c2980000)
 Metaspace       used 7775K, capacity 7966K, committed 8320K, reserved 1056768K
  class space    used 754K, capacity 785K, committed 896K, reserved 1048576K
Event: 3.928 GC heap after
Heap after GC invocations=10 (full 0):
 PSYoungGen      total 213504K, used 13316K [0x00000000eab00000, 0x00000000f8c00000, 0x0000000100000000)
  eden space 199680K, 0% used [0x00000000eab00000,0x00000000eab00000,0x00000000f6e00000)
  from space 13824K, 96% used [0x00000000f7c80000,0x00000000f89811e0,0x00000000f8a00000)
  to   space 14848K, 0% used [0x00000000f6e00000,0x00000000f6e00000,0x00000000f7c80000)
 ParOldGen       total 42496K, used 27511K [0x00000000c0000000, 0x00000000c2980000, 0x00000000eab00000)
  object space 42496K, 64% used [0x00000000c0000000,0x00000000c1addf28,0x00000000c2980000)
 Metaspace       used 7775K, capacity 7966K, committed 8320K, reserved 1056768K
  class space    used 754K, capacity 785K, committed 896K, reserved 1048576K
}
Event: 4.328 GC heap before
{Heap before GC invocations=11 (full 0):
 PSYoungGen      total 213504K, used 210249K [0x00000000eab00000, 0x00000000f8c00000, 0x0000000100000000)
  eden space 199680K, 98% used [0x00000000eab00000,0x00000000f6b51450,0x00000000f6e00000)
  from space 13824K, 96% used [0x00000000f7c80000,0x00000000f89811e0,0x00000000f8a00000)
  to   space 14848K, 0% used [0x00000000f6e00000,0x00000000f6e00000,0x00000000f7c80000)
 ParOldGen       total 42496K, used 27511K [0x00000000c0000000, 0x00000000c2980000, 0x00000000eab00000)
  object space 42496K, 64% used [0x00000000c0000000,0x00000000c1addf28,0x00000000c2980000)
 Metaspace       used 7780K, capacity 8030K, committed 8320K, reserved 1056768K
  class space    used 754K, capacity 785K, committed 896K, reserved 1048576K

Deoptimization events (10 events):
Event: 2.461 Thread 0x00007f49ac00c000 Uncommon trap: reason=class_check action=maybe_recompile pc=0x00007f499cc97ba8 method=java.util.ArrayList.<init>(Ljava/util/Collection;)V @ 6
Event: 2.470 Thread 0x00007f49ac00c000 Uncommon trap: reason=class_check action=maybe_recompile pc=0x00007f499cc97ba8 method=java.util.ArrayList.<init>(Ljava/util/Collection;)V @ 6
Event: 2.515 Thread 0x00007f49ac00c000 Uncommon trap: reason=predicate action=maybe_recompile pc=0x00007f499cee0f7c method=com.android.dex.Leb128.readUnsignedLeb128(Lcom/android/dex/util/ByteInput;)I @ 41
Event: 2.522 Thread 0x00007f49ac00c000 Uncommon trap: reason=unstable_if action=reinterpret pc=0x00007f499cd4f114 method=java.util.HashMap.getNode(ILjava/lang/Object;)Ljava/util/HashMap$Node; @ 84
Event: 2.522 Thread 0x00007f49ac00c000 Uncommon trap: reason=unstable_if action=reinterpret pc=0x00007f499ccfc76c method=java.util.HashMap.getNode(ILjava/lang/Object;)Ljava/util/HashMap$Node; @ 84
Event: 2.598 Thread 0x00007f49ac00c000 Uncommon trap: reason=unstable_if action=reinterpret pc=0x00007f499ce75d20 method=com.android.dex.FieldId.compareTo(Lcom/android/dex/FieldId;)I @ 8
Event: 2.623 Thread 0x00007f49ac00c000 Uncommon trap: reason=unstable_if action=reinterpret pc=0x00007f499ce8ac94 method=com.android.dex.FieldId.compareTo(Lcom/android/dex/FieldId;)I @ 8
Event: 2.765 Thread 0x00007f49ac00c000 Uncommon trap: reason=unstable_if action=reinterpret pc=0x00007f499cfbf55c method=com.android.dex.EncodedValueCodec.readUnsignedInt(Lcom/android/dex/util/ByteInput;IZ)I @ 3
Event: 3.528 Thread 0x00007f49ac00c000 Uncommon trap: reason=unstable_if action=reinterpret pc=0x00007f499cfce328 method=java.util.HashMap$TreeNode.balanceInsertion(Ljava/util/HashMap$TreeNode;Ljava/util/HashMap$TreeNode;)Ljava/util/HashMap$TreeNode; @ 189
Event: 3.995 Thread 0x00007f49ac00c000 Uncommon trap: reason=unstable_if action=reinterpret pc=0x00007f499d06bfb4 method=java.util.HashMap$TreeNode.putTreeVal(Ljava/util/HashMap;[Ljava/util/HashMap$Node;ILjava/lang/Object;Ljava/lang/Object;)Ljava/util/HashMap$TreeNode; @ 285

Internal exceptions (8 events):
Event: 0.192 Thread 0x00007f49ac00c000 Exception <a 'java/lang/NoSuchMethodError': Method sun.misc.Unsafe.defineClass(Ljava/lang/String;[BII)Ljava/lang/Class; name or signature does not match> (0x00000000eab12a38) thrown at [/RE-WORK/workspace/8-2-build-linux-amd64/jdk8u45/3457/hotspot/src/sha
Event: 0.192 Thread 0x00007f49ac00c000 Exception <a 'java/lang/NoSuchMethodError': Method sun.misc.Unsafe.prefetchRead(Ljava/lang/Object;J)V name or signature does not match> (0x00000000eab12cc8) thrown at [/RE-WORK/workspace/8-2-build-linux-amd64/jdk8u45/3457/hotspot/src/share/vm/prims/jni.cp
Event: 1.293 Thread 0x00007f49ac00c000 Implicit null exception at 0x00007f499ca38d82 to 0x00007f499ca3914d
Event: 1.844 Thread 0x00007f49ac00c000 Implicit null exception at 0x00007f499cc972a2 to 0x00007f499cc97342
Event: 2.456 Thread 0x00007f49ac00c000 Exception <a 'java/security/PrivilegedActionException'> (0x00000000eb3b5380) thrown at [/RE-WORK/workspace/8-2-build-linux-amd64/jdk8u45/3457/hotspot/src/share/vm/prims/jvm.cpp, line 1382]
Event: 2.456 Thread 0x00007f49ac00c000 Exception <a 'java/security/PrivilegedActionException'> (0x00000000eb3b56c8) thrown at [/RE-WORK/workspace/8-2-build-linux-amd64/jdk8u45/3457/hotspot/src/share/vm/prims/jvm.cpp, line 1382]
Event: 2.457 Thread 0x00007f49ac00c000 Exception <a 'java/security/PrivilegedActionException'> (0x00000000eb3b7b78) thrown at [/RE-WORK/workspace/8-2-build-linux-amd64/jdk8u45/3457/hotspot/src/share/vm/prims/jvm.cpp, line 1382]
Event: 2.457 Thread 0x00007f49ac00c000 Exception <a 'java/security/PrivilegedActionException'> (0x00000000eb3b7ec0) thrown at [/RE-WORK/workspace/8-2-build-linux-amd64/jdk8u45/3457/hotspot/src/share/vm/prims/jvm.cpp, line 1382]

Events (10 events):
Event: 4.180 Thread 0x00007f49ac00c000 DEOPT UNPACKING pc=0x00007f499c7fa233 sp=0x00007f49b285d000 mode 0
Event: 4.199 Thread 0x00007f49ac00c000 DEOPT PACKING pc=0x00007f499d032756 sp=0x00007f49b285d4c0
Event: 4.199 Thread 0x00007f49ac00c000 DEOPT UNPACKING pc=0x00007f499c7fa233 sp=0x00007f49b285d270 mode 0
Event: 4.199 Thread 0x00007f49ac00c000 DEOPT PACKING pc=0x00007f499cf9a520 sp=0x00007f49b285d360
Event: 4.199 Thread 0x00007f49ac00c000 DEOPT UNPACKING pc=0x00007f499c7fa233 sp=0x00007f49b285d0a8 mode 0
Event: 4.200 Thread 0x00007f49ac00c000 DEOPT PACKING pc=0x00007f499cf9a520 sp=0x00007f49b285d360
Event: 4.200 Thread 0x00007f49ac00c000 DEOPT UNPACKING pc=0x00007f499c7fa233 sp=0x00007f49b285d0a8 mode 0
Event: 4.253 Executing VM operation: EnableBiasedLocking
Event: 4.253 Executing VM operation: EnableBiasedLocking done
Event: 4.328 Executing VM operation: ParallelGCFailedAllocation


Dynamic libraries:
00400000-00401000 r-xp 00000000 08:03 1572315                            /opt/java/jdk1.8.0_45/bin/java
00600000-00601000 rw-p 00000000 08:03 1572315                            /opt/java/jdk1.8.0_45/bin/java
00b8f000-00bb0000 rw-p 00000000 00:00 0                                  [heap]
c0000000-c2980000 rw-p 00000000 00:00 0 
c2980000-eab00000 ---p 00000000 00:00 0 
eab00000-f8c00000 rw-p 00000000 00:00 0 
100000000-1000e0000 rw-p 00000000 00:00 0 
1000e0000-140000000 ---p 00000000 00:00 0 
7f495c000000-7f495c021000 rw-p 00000000 00:00 0 
7f495c021000-7f4960000000 ---p 00000000 00:00 0 
7f4960000000-7f4960021000 rw-p 00000000 00:00 0 
7f4960021000-7f4964000000 ---p 00000000 00:00 0 
7f4964000000-7f4964dff000 rw-p 00000000 00:00 0 
7f4964dff000-7f4968000000 ---p 00000000 00:00 0 
7f4968000000-7f496881e000 rw-p 00000000 00:00 0 
7f496881e000-7f496c000000 ---p 00000000 00:00 0 
7f496c000000-7f496c021000 rw-p 00000000 00:00 0 
7f496c021000-7f4970000000 ---p 00000000 00:00 0 
7f4970000000-7f4970f6b000 rw-p 00000000 00:00 0 
7f4970f6b000-7f4974000000 ---p 00000000 00:00 0 
7f4974000000-7f4974021000 rw-p 00000000 00:00 0 
7f4974021000-7f4978000000 ---p 00000000 00:00 0 
7f4978000000-7f4978021000 rw-p 00000000 00:00 0 
7f4978021000-7f497c000000 ---p 00000000 00:00 0 
7f497c000000-7f497c021000 rw-p 00000000 00:00 0 
7f497c021000-7f4980000000 ---p 00000000 00:00 0 
7f4980000000-7f498028a000 rw-p 00000000 00:00 0 
7f498028a000-7f4984000000 ---p 00000000 00:00 0 
7f4984000000-7f4984021000 rw-p 00000000 00:00 0 
7f4984021000-7f4988000000 ---p 00000000 00:00 0 
7f498c000000-7f498c021000 rw-p 00000000 00:00 0 
7f498c021000-7f4990000000 ---p 00000000 00:00 0 
7f499352f000-7f4993530000 ---p 00000000 00:00 0 
7f4993530000-7f4993630000 rw-p 00000000 00:00 0                          [stack:6147]
7f4993630000-7f4993633000 ---p 00000000 00:00 0 
7f4993633000-7f4993731000 rw-p 00000000 00:00 0                          [stack:6146]
7f4993731000-7f4993734000 ---p 00000000 00:00 0 
7f4993734000-7f4993832000 rw-p 00000000 00:00 0                          [stack:6145]
7f4993832000-7f4993835000 ---p 00000000 00:00 0 
7f4993835000-7f4993933000 rw-p 00000000 00:00 0                          [stack:6144]
7f4993933000-7f4993936000 ---p 00000000 00:00 0 
7f4993936000-7f4993a34000 rw-p 00000000 00:00 0                          [stack:6143]
7f4993a34000-7f4993a37000 ---p 00000000 00:00 0 
7f4993a37000-7f4993b35000 rw-p 00000000 00:00 0                          [stack:6142]
7f4993b35000-7f4993dfe000 r--p 00000000 08:03 266989                     /usr/lib/locale/locale-archive
7f4993dfe000-7f4993e01000 ---p 00000000 00:00 0 
7f4993e01000-7f4993eff000 rw-p 00000000 00:00 0                          [stack:6141]
7f4993eff000-7f4993f02000 ---p 00000000 00:00 0 
7f4993f02000-7f4994000000 rw-p 00000000 00:00 0                          [stack:6140]
7f4994000000-7f4994021000 rw-p 00000000 00:00 0 
7f4994021000-7f4998000000 ---p 00000000 00:00 0 
7f49980a1000-7f49980ac000 r--s 00116000 08:03 1574017                    /opt/java/jdk1.8.0_45/jre/lib/ext/localedata.jar
7f49980ac000-7f49980c8000 r--s 00393000 08:03 1574015                    /opt/java/jdk1.8.0_45/jre/lib/ext/cldrdata.jar
7f49980c8000-7f49980d7000 r--s 000dd000 00:19 9438599                    /home/mike/Android/Sdk/build-tools/22.0.1/lib/dx.jar
7f49980d7000-7f49980d8000 ---p 00000000 00:00 0 
7f49980d8000-7f499914a000 rw-p 00000000 00:00 0                          [stack:6139]
7f499914a000-7f4999323000 r--s 03d09000 08:03 1573810                    /opt/java/jdk1.8.0_45/jre/lib/rt.jar
7f4999323000-7f4999ad9000 rw-p 00000000 00:00 0 
7f4999ad9000-7f4999b99000 ---p 00000000 00:00 0 
7f4999b99000-7f499bd99000 rw-p 00000000 00:00 0 
7f499bd99000-7f499bd9a000 ---p 00000000 00:00 0 
7f499bd9a000-7f499be9a000 rw-p 00000000 00:00 0                          [stack:6138]
7f499be9a000-7f499be9b000 ---p 00000000 00:00 0 
7f499be9b000-7f499bf9b000 rw-p 00000000 00:00 0                          [stack:6137]
7f499bf9b000-7f499bf9c000 ---p 00000000 00:00 0 
7f499bf9c000-7f499c0b1000 rw-p 00000000 00:00 0                          [stack:6136]
7f499c0b1000-7f499c1f2000 ---p 00000000 00:00 0 
7f499c1f2000-7f499c207000 rw-p 00000000 00:00 0 
7f499c207000-7f499c347000 ---p 00000000 00:00 0 
7f499c347000-7f499c3b8000 rw-p 00000000 00:00 0 
7f499c3b8000-7f499c3f2000 ---p 00000000 00:00 0 
7f499c3f2000-7f499c418000 rw-p 00000000 00:00 0 
7f499c418000-7f499c7b3000 ---p 00000000 00:00 0 
7f499c7b3000-7f499d0f3000 rwxp 00000000 00:00 0 
7f499d0f3000-7f49ab7b3000 ---p 00000000 00:00 0 
7f49ab7b3000-7f49ab7cd000 r-xp 00000000 08:03 1574049                    /opt/java/jdk1.8.0_45/jre/lib/amd64/libzip.so
7f49ab7cd000-7f49ab9cd000 ---p 0001a000 08:03 1574049                    /opt/java/jdk1.8.0_45/jre/lib/amd64/libzip.so
7f49ab9cd000-7f49ab9ce000 rw-p 0001a000 08:03 1574049                    /opt/java/jdk1.8.0_45/jre/lib/amd64/libzip.so
7f49ab9ce000-7f49ab9d9000 r-xp 00000000 08:03 131807                     /lib/x86_64-linux-gnu/libnss_files-2.19.so
7f49ab9d9000-7f49abbd8000 ---p 0000b000 08:03 131807                     /lib/x86_64-linux-gnu/libnss_files-2.19.so
7f49abbd8000-7f49abbd9000 r--p 0000a000 08:03 131807                     /lib/x86_64-linux-gnu/libnss_files-2.19.so
7f49abbd9000-7f49abbda000 rw-p 0000b000 08:03 131807                     /lib/x86_64-linux-gnu/libnss_files-2.19.so
7f49abbda000-7f49abbe5000 r-xp 00000000 08:03 131871                     /lib/x86_64-linux-gnu/libnss_nis-2.19.so
7f49abbe5000-7f49abde4000 ---p 0000b000 08:03 131871                     /lib/x86_64-linux-gnu/libnss_nis-2.19.so
7f49abde4000-7f49abde5000 r--p 0000a000 08:03 131871                     /lib/x86_64-linux-gnu/libnss_nis-2.19.so
7f49abde5000-7f49abde6000 rw-p 0000b000 08:03 131871                     /lib/x86_64-linux-gnu/libnss_nis-2.19.so
7f49abde6000-7f49abdfd000 r-xp 00000000 08:03 131829                     /lib/x86_64-linux-gnu/libnsl-2.19.so
7f49abdfd000-7f49abffc000 ---p 00017000 08:03 131829                     /lib/x86_64-linux-gnu/libnsl-2.19.so
7f49abffc000-7f49abffd000 r--p 00016000 08:03 131829                     /lib/x86_64-linux-gnu/libnsl-2.19.so
7f49abffd000-7f49abffe000 rw-p 00017000 08:03 131829                     /lib/x86_64-linux-gnu/libnsl-2.19.so
7f49abffe000-7f49ac000000 rw-p 00000000 00:00 0 
7f49ac000000-7f49ac3da000 rw-p 00000000 00:00 0 
7f49ac3da000-7f49b0000000 ---p 00000000 00:00 0 
7f49b0008000-7f49b004a000 rw-p 00000000 00:00 0 
7f49b004a000-7f49b004b000 ---p 00000000 00:00 0 
7f49b004b000-7f49b014b000 rw-p 00000000 00:00 0                          [stack:6135]
7f49b014b000-7f49b0154000 r-xp 00000000 08:03 131828                     /lib/x86_64-linux-gnu/libnss_compat-2.19.so
7f49b0154000-7f49b0353000 ---p 00009000 08:03 131828                     /lib/x86_64-linux-gnu/libnss_compat-2.19.so
7f49b0353000-7f49b0354000 r--p 00008000 08:03 131828                     /lib/x86_64-linux-gnu/libnss_compat-2.19.so
7f49b0354000-7f49b0355000 rw-p 00009000 08:03 131828                     /lib/x86_64-linux-gnu/libnss_compat-2.19.so
7f49b0355000-7f49b037f000 r-xp 00000000 08:03 1574040                    /opt/java/jdk1.8.0_45/jre/lib/amd64/libjava.so
7f49b037f000-7f49b057f000 ---p 0002a000 08:03 1574040                    /opt/java/jdk1.8.0_45/jre/lib/amd64/libjava.so
7f49b057f000-7f49b0581000 rw-p 0002a000 08:03 1574040                    /opt/java/jdk1.8.0_45/jre/lib/amd64/libjava.so
7f49b0581000-7f49b058e000 r-xp 00000000 08:03 1574047                    /opt/java/jdk1.8.0_45/jre/lib/amd64/libverify.so
7f49b058e000-7f49b078e000 ---p 0000d000 08:03 1574047                    /opt/java/jdk1.8.0_45/jre/lib/amd64/libverify.so
7f49b078e000-7f49b0790000 rw-p 0000d000 08:03 1574047                    /opt/java/jdk1.8.0_45/jre/lib/amd64/libverify.so
7f49b0790000-7f49b0797000 r-xp 00000000 08:03 131868                     /lib/x86_64-linux-gnu/librt-2.19.so
7f49b0797000-7f49b0996000 ---p 00007000 08:03 131868                     /lib/x86_64-linux-gnu/librt-2.19.so
7f49b0996000-7f49b0997000 r--p 00006000 08:03 131868                     /lib/x86_64-linux-gnu/librt-2.19.so
7f49b0997000-7f49b0998000 rw-p 00007000 08:03 131868                     /lib/x86_64-linux-gnu/librt-2.19.so
7f49b0998000-7f49b0a9d000 r-xp 00000000 08:03 131806                     /lib/x86_64-linux-gnu/libm-2.19.so
7f49b0a9d000-7f49b0c9c000 ---p 00105000 08:03 131806                     /lib/x86_64-linux-gnu/libm-2.19.so
7f49b0c9c000-7f49b0c9d000 r--p 00104000 08:03 131806                     /lib/x86_64-linux-gnu/libm-2.19.so
7f49b0c9d000-7f49b0c9e000 rw-p 00105000 08:03 131806                     /lib/x86_64-linux-gnu/libm-2.19.so
7f49b0c9e000-7f49b194c000 r-xp 00000000 08:03 1574060                    /opt/java/jdk1.8.0_45/jre/lib/amd64/server/libjvm.so
7f49b194c000-7f49b1b4b000 ---p 00cae000 08:03 1574060                    /opt/java/jdk1.8.0_45/jre/lib/amd64/server/libjvm.so
7f49b1b4b000-7f49b1c22000 rw-p 00cad000 08:03 1574060                    /opt/java/jdk1.8.0_45/jre/lib/amd64/server/libjvm.so
7f49b1c22000-7f49b1c66000 rw-p 00000000 00:00 0 
7f49b1c66000-7f49b1e21000 r-xp 00000000 08:03 131857                     /lib/x86_64-linux-gnu/libc-2.19.so
7f49b1e21000-7f49b2020000 ---p 001bb000 08:03 131857                     /lib/x86_64-linux-gnu/libc-2.19.so
7f49b2020000-7f49b2024000 r--p 001ba000 08:03 131857                     /lib/x86_64-linux-gnu/libc-2.19.so
7f49b2024000-7f49b2026000 rw-p 001be000 08:03 131857                     /lib/x86_64-linux-gnu/libc-2.19.so
7f49b2026000-7f49b202b000 rw-p 00000000 00:00 0 
7f49b202b000-7f49b202e000 r-xp 00000000 08:03 131810                     /lib/x86_64-linux-gnu/libdl-2.19.so
7f49b202e000-7f49b222d000 ---p 00003000 08:03 131810                     /lib/x86_64-linux-gnu/libdl-2.19.so
7f49b222d000-7f49b222e000 r--p 00002000 08:03 131810                     /lib/x86_64-linux-gnu/libdl-2.19.so
7f49b222e000-7f49b222f000 rw-p 00003000 08:03 131810                     /lib/x86_64-linux-gnu/libdl-2.19.so
7f49b222f000-7f49b2244000 r-xp 00000000 08:03 1573749                    /opt/java/jdk1.8.0_45/lib/amd64/jli/libjli.so
7f49b2244000-7f49b2444000 ---p 00015000 08:03 1573749                    /opt/java/jdk1.8.0_45/lib/amd64/jli/libjli.so
7f49b2444000-7f49b2445000 rw-p 00015000 08:03 1573749                    /opt/java/jdk1.8.0_45/lib/amd64/jli/libjli.so
7f49b2445000-7f49b245e000 r-xp 00000000 08:03 131858                     /lib/x86_64-linux-gnu/libpthread-2.19.so
7f49b245e000-7f49b265d000 ---p 00019000 08:03 131858                     /lib/x86_64-linux-gnu/libpthread-2.19.so
7f49b265d000-7f49b265e000 r--p 00018000 08:03 131858                     /lib/x86_64-linux-gnu/libpthread-2.19.so
7f49b265e000-7f49b265f000 rw-p 00019000 08:03 131858                     /lib/x86_64-linux-gnu/libpthread-2.19.so
7f49b265f000-7f49b2663000 rw-p 00000000 00:00 0 
7f49b2663000-7f49b2686000 r-xp 00000000 08:03 131833                     /lib/x86_64-linux-gnu/ld-2.19.so
7f49b2687000-7f49b268c000 r--s 00094000 08:03 1573828                    /opt/java/jdk1.8.0_45/jre/lib/jsse.jar
7f49b268c000-7f49b275e000 rw-p 00000000 00:00 0 
7f49b275e000-7f49b2761000 ---p 00000000 00:00 0 
7f49b2761000-7f49b2864000 rw-p 00000000 00:00 0                          [stack:6134]
7f49b2864000-7f49b2865000 r--p 00000000 08:03 672594                     /usr/share/locale-langpack/en_GB/LC_MESSAGES/libc.mo
7f49b2865000-7f49b2879000 rw-p 00000000 00:00 0 
7f49b2879000-7f49b2881000 rw-s 00000000 08:03 1574100                    /tmp/hsperfdata_mike/6129
7f49b2881000-7f49b2882000 rw-p 00000000 00:00 0 
7f49b2882000-7f49b2883000 ---p 00000000 00:00 0 
7f49b2883000-7f49b2885000 rw-p 00000000 00:00 0 
7f49b2885000-7f49b2886000 r--p 00022000 08:03 131833                     /lib/x86_64-linux-gnu/ld-2.19.so
7f49b2886000-7f49b2887000 rw-p 00023000 08:03 131833                     /lib/x86_64-linux-gnu/ld-2.19.so
7f49b2887000-7f49b2888000 rw-p 00000000 00:00 0 
7fff23ffc000-7fff2401e000 rw-p 00000000 00:00 0                          [stack]
7fff241fe000-7fff24200000 r-xp 00000000 00:00 0                          [vdso]
ffffffffff600000-ffffffffff601000 r-xp 00000000 00:00 0                  [vsyscall]

VM Arguments:
jvm_args: -Xmx1024M -Dfile.encoding=UTF-8 -Duser.country=GB -Duser.language=en -Duser.variant 
java_command: com.android.dx.command.Main --dex --output /home/mike/AndroidStudioProjects/Wordist/app/build/intermediates/dex/release /home/mike/AndroidStudioProjects/Wordist/app/build/intermediates/classes/release /home/mike/AndroidStudioProjects/Wordist/app/build/intermediates/pre-dexed/release/support-annotations-22.2.0-bfa71d602cc0e11fce5350ed544c9f5e4d4a05e4.jar /home/mike/AndroidStudioProjects/Wordist/app/build/intermediates/pre-dexed/release/classes-9c4e5ca92c4ea70961d67c0a97ababefe673fb81.jar /home/mike/AndroidStudioProjects/Wordist/app/build/intermediates/pre-dexed/release/classes-d226535b7952fda3a9a980a1f601e8b29e9ef482.jar /home/mike/AndroidStudioProjects/Wordist/app/build/intermediates/pre-dexed/release/internal_impl-22.2.0-58158417214e4227ac1350c0dac59685c0c93f77.jar /home/mike/AndroidStudioProjects/Wordist/app/build/intermediates/pre-dexed/release/classes-5eb43b55c91741188ff70cdae235c4b65d0c0b31.jar /home/mike/AndroidStudioProjects/Wordist/app/build/intermediates/pre-dexed/release/classes-c010f5be654112ca44ad36a367fc44f8f0029d43.jar /home/mike/AndroidStudioProjects/Wordist/app/build/intermediates/pre-dexed/release/classes-64c8f94603d816a86cc9355c0552637c9213ad18.jar /home/mike/AndroidStudioProjects/Wordist/app/build/intermediates/pre-dexed/release/classes-d336082364352f264572be55a9b357e5ff0d11af.jar /home/mike/AndroidStudioProjects/Wordist/app/build/intermediates/pre-dexed/release/classes-d00afa822cc6c9fe9c1bdedef3b617547c852166.jar /home/mike/AndroidStudioProjects/Wordist/app/build/intermediates/pre-dexed/release/classes-0a544f5234ef674ea11f5b20103f0ce9191e08b7.jar /home/mike/AndroidStudioProjects/Wordist/app/build/intermediates/pre-dexed/release/classes-e77b49a04defe40ece13be738a2c3293c88f74d5.jar /home/mike/AndroidStudioProjects/Wordist/app/build/intermediates/pre-dexed/release/classes-4fe46cb4cff6871994b7baaaa48ab6f79ed71187.jar /home/mike/AndroidStudioProjects/Wordist/app/build/intermediates/pre-dexed/release/classes-9ee79aa81796d4fbd6cad990af31
java_class_path (initial): /home/mike/Android/Sdk/build-tools/22.0.1/lib/dx.jar
Launcher Type: SUN_STANDARD

Environment Variables:
PATH=/usr/local/sbin:/usr/local/bin:/usr/sbin:/usr/bin:/sbin:/bin:/usr/games:/usr/local/games
USERNAME=mike
LD_LIBRARY_PATH=/opt/android-studio/bin:
SHELL=/bin/bash
DISPLAY=:0

Signal Handlers:
SIGSEGV: [libjvm.so+0xaad1e0], sa_mask[0]=11111111011111111101111111111110, sa_flags=SA_RESTART|SA_SIGINFO
SIGBUS: [libjvm.so+0xaad1e0], sa_mask[0]=11111111011111111101111111111110, sa_flags=SA_RESTART|SA_SIGINFO
SIGFPE: [libjvm.so+0x90b450], sa_mask[0]=11111111011111111101111111111110, sa_flags=SA_RESTART|SA_SIGINFO
SIGPIPE: [libjvm.so+0x90b450], sa_mask[0]=11111111011111111101111111111110, sa_flags=SA_RESTART|SA_SIGINFO
SIGXFSZ: [libjvm.so+0x90b450], sa_mask[0]=11111111011111111101111111111110, sa_flags=SA_RESTART|SA_SIGINFO
SIGILL: [libjvm.so+0x90b450], sa_mask[0]=11111111011111111101111111111110, sa_flags=SA_RESTART|SA_SIGINFO
SIGUSR1: SIG_DFL, sa_mask[0]=00000000000000000000000000000000, sa_flags=none
SIGUSR2: [libjvm.so+0x90ca90], sa_mask[0]=00100000000000000000000000000000, sa_flags=SA_RESTART|SA_SIGINFO
SIGHUP: [libjvm.so+0x90dde0], sa_mask[0]=11111111011111111101111111111110, sa_flags=SA_RESTART|SA_SIGINFO
SIGINT: [libjvm.so+0x90dde0], sa_mask[0]=11111111011111111101111111111110, sa_flags=SA_RESTART|SA_SIGINFO
SIGTERM: [libjvm.so+0x90dde0], sa_mask[0]=11111111011111111101111111111110, sa_flags=SA_RESTART|SA_SIGINFO
SIGQUIT: [libjvm.so+0x90dde0], sa_mask[0]=11111111011111111101111111111110, sa_flags=SA_RESTART|SA_SIGINFO


---------------  S Y S T E M  ---------------

OS:DISTRIB_ID=LinuxMint
DISTRIB_RELEASE=17.2
DISTRIB_CODENAME=rafaela
DISTRIB_DESCRIPTION="Linux Mint 17.2 Rafaela"

uname:Linux 3.13.0-37-generic #64-Ubuntu SMP Mon Sep 22 21:28:38 UTC 2014 x86_64
libc:glibc 2.19 NPTL 2.19 
rlimit: STACK 8192k, CORE 0k, NPROC 30882, NOFILE 4096, AS infinity
load average:3.08 2.32 1.50

/proc/meminfo:
MemTotal:        4048044 kB
MemFree:          130892 kB
Buffers:            8972 kB
Cached:           129268 kB
SwapCached:            0 kB
Active:          3450620 kB
Inactive:          98008 kB
Active(anon):    3412296 kB
Inactive(anon):    61708 kB
Active(file):      38324 kB
Inactive(file):    36300 kB
Unevictable:         232 kB
Mlocked:             232 kB
SwapTotal:             0 kB
SwapFree:              0 kB
Dirty:              6208 kB
Writeback:          3520 kB
AnonPages:       3410300 kB
Mapped:           225404 kB
Shmem:             63988 kB
Slab:              85052 kB
SReclaimable:      30404 kB
SUnreclaim:        54648 kB
KernelStack:        4552 kB
PageTables:        33192 kB
NFS_Unstable:          0 kB
Bounce:                0 kB
WritebackTmp:          0 kB
CommitLimit:     2024020 kB
Committed_AS:    5970464 kB
VmallocTotal:   34359738367 kB
VmallocUsed:      305680 kB
VmallocChunk:   34359429372 kB
HardwareCorrupted:     0 kB
AnonHugePages:   1161216 kB
HugePages_Total:       0
HugePages_Free:        0
HugePages_Rsvd:        0
HugePages_Surp:        0
Hugepagesize:       2048 kB
DirectMap4k:      149056 kB
DirectMap2M:     2996224 kB
DirectMap1G:     1048576 kB


CPU:total 4 (4 cores per cpu, 1 threads per core) family 16 model 4 stepping 2, cmov, cx8, fxsr, mmx, sse, sse2, sse3, popcnt, mmxext, 3dnowpref, lzcnt, sse4a, tsc, tscinvbit, tscinv

/proc/cpuinfo:
processor	: 0
vendor_id	: AuthenticAMD
cpu family	: 16
model		: 4
model name	: AMD Phenom(tm) II X4 955 Processor
stepping	: 2
microcode	: 0x1000086
cpu MHz		: 2100.000
cache size	: 512 KB
physical id	: 0
siblings	: 4
core id		: 0
cpu cores	: 4
apicid		: 0
initial apicid	: 0
fpu		: yes
fpu_exception	: yes
cpuid level	: 5
wp		: yes
flags		: fpu vme de pse tsc msr pae mce cx8 apic sep mtrr pge mca cmov pat pse36 clflush mmx fxsr sse sse2 ht syscall nx mmxext fxsr_opt pdpe1gb rdtscp lm 3dnowext 3dnow constant_tsc rep_good nopl nonstop_tsc extd_apicid pni monitor cx16 popcnt lahf_lm cmp_legacy svm extapic cr8_legacy abm sse4a misalignsse 3dnowprefetch osvw ibs skinit wdt hw_pstate npt lbrv svm_lock nrip_save
bogomips	: 6399.92
TLB size	: 1024 4K pages
clflush size	: 64
cache_alignment	: 64
address sizes	: 48 bits physical, 48 bits virtual
power management: ts ttp tm stc 100mhzsteps hwpstate

processor	: 1
vendor_id	: AuthenticAMD
cpu family	: 16
model		: 4
model name	: AMD Phenom(tm) II X4 955 Processor
stepping	: 2
microcode	: 0x1000086
cpu MHz		: 800.000
cache size	: 512 KB
physical id	: 0
siblings	: 4
core id		: 1
cpu cores	: 4
apicid		: 1
initial apicid	: 1
fpu		: yes
fpu_exception	: yes
cpuid level	: 5
wp		: yes
flags		: fpu vme de pse tsc msr pae mce cx8 apic sep mtrr pge mca cmov pat pse36 clflush mmx fxsr sse sse2 ht syscall nx mmxext fxsr_opt pdpe1gb rdtscp lm 3dnowext 3dnow constant_tsc rep_good nopl nonstop_tsc extd_apicid pni monitor cx16 popcnt lahf_lm cmp_legacy svm extapic cr8_legacy abm sse4a misalignsse 3dnowprefetch osvw ibs skinit wdt hw_pstate npt lbrv svm_lock nrip_save
bogomips	: 6399.92
TLB size	: 1024 4K pages
clflush size	: 64
cache_alignment	: 64
address sizes	: 48 bits physical, 48 bits virtual
power management: ts ttp tm stc 100mhzsteps hwpstate

processor	: 2
vendor_id	: AuthenticAMD
cpu family	: 16
model		: 4
model name	: AMD Phenom(tm) II X4 955 Processor
stepping	: 2
microcode	: 0x1000086
cpu MHz		: 800.000
cache size	: 512 KB
physical id	: 0
siblings	: 4
core id		: 2
cpu cores	: 4
apicid		: 2
initial apicid	: 2
fpu		: yes
fpu_exception	: yes
cpuid level	: 5
wp		: yes
flags		: fpu vme de pse tsc msr pae mce cx8 apic sep mtrr pge mca cmov pat pse36 clflush mmx fxsr sse sse2 ht syscall nx mmxext fxsr_opt pdpe1gb rdtscp lm 3dnowext 3dnow constant_tsc rep_good nopl nonstop_tsc extd_apicid pni monitor cx16 popcnt lahf_lm cmp_legacy svm extapic cr8_legacy abm sse4a misalignsse 3dnowprefetch osvw ibs skinit wdt hw_pstate npt lbrv svm_lock nrip_save
bogomips	: 6399.92
TLB size	: 1024 4K pages
clflush size	: 64
cache_alignment	: 64
address sizes	: 48 bits physical, 48 bits virtual
power management: ts ttp tm stc 100mhzsteps hwpstate

processor	: 3
vendor_id	: AuthenticAMD
cpu family	: 16
model		: 4
model name	: AMD Phenom(tm) II X4 955 Processor
stepping	: 2
microcode	: 0x1000086
cpu MHz		: 800.000
cache size	: 512 KB
physical id	: 0
siblings	: 4
core id		: 3
cpu cores	: 4
apicid		: 3
initial apicid	: 3
fpu		: yes
fpu_exception	: yes
cpuid level	: 5
wp		: yes
flags		: fpu vme de pse tsc msr pae mce cx8 apic sep mtrr pge mca cmov pat pse36 clflush mmx fxsr sse sse2 ht syscall nx mmxext fxsr_opt pdpe1gb rdtscp lm 3dnowext 3dnow constant_tsc rep_good nopl nonstop_tsc extd_apicid pni monitor cx16 popcnt lahf_lm cmp_legacy svm extapic cr8_legacy abm sse4a misalignsse 3dnowprefetch osvw ibs skinit wdt hw_pstate npt lbrv svm_lock nrip_save
bogomips	: 6399.92
TLB size	: 1024 4K pages
clflush size	: 64
cache_alignment	: 64
address sizes	: 48 bits physical, 48 bits virtual
power management: ts ttp tm stc 100mhzsteps hwpstate



Memory: 4k page, physical 4048044k(130888k free), swap 0k(0k free)

vm_info: Java HotSpot(TM) 64-Bit Server VM (25.45-b02) for linux-amd64 JRE (1.8.0_45-b14), built on Apr 10 2015 10:07:45 by "java_re" with gcc 4.3.0 20080428 (Red Hat 4.3.0-8)

time: Mon Aug 24 06:44:16 2015
elapsed time: 4 seconds (0d 0h 0m 4s)

