#
# There is insufficient memory for the Java Runtime Environment to continue.
# Native memory allocation (mmap) failed to map 74448896 bytes for committing reserved memory.
# Possible reasons:
#   The system is out of physical RAM or swap space
#   In 32 bit mode, the process size limit was hit
# Possible solutions:
#   Reduce memory load on the system
#   Increase physical memory or swap space
#   Check if swap backing store is full
#   Use 64 bit Java on a 64 bit OS
#   Decrease Java heap size (-Xmx/-Xms)
#   Decrease number of Java threads
#   Decrease Java thread stack sizes (-Xss)
#   Set larger code cache with -XX:ReservedCodeCacheSize=
# This output file may be truncated or incomplete.
#
#  Out of Memory Error (os_linux.cpp:2673), pid=19345, tid=140244522256128
#
# JRE version: Java(TM) SE Runtime Environment (8.0_45-b14) (build 1.8.0_45-b14)
# Java VM: Java HotSpot(TM) 64-Bit Server VM (25.45-b02 mixed mode linux-amd64 compressed oops)
# Failed to write core dump. Core dumps have been disabled. To enable core dumping, try "ulimit -c unlimited" before starting Java again
#

---------------  T H R E A D  ---------------

Current thread (0x00007f8d4c077800):  VMThread [stack: 0x00007f8d38de4000,0x00007f8d38ee5000] [id=19355]

Stack: [0x00007f8d38de4000,0x00007f8d38ee5000],  sp=0x00007f8d38ee3060,  free space=1020k
Native frames: (J=compiled Java code, j=interpreted, Vv=VM code, C=native code)
V  [libjvm.so+0xaac99a]  VMError::report_and_die()+0x2ba
V  [libjvm.so+0x4f333b]  report_vm_out_of_memory(char const*, int, unsigned long, VMErrorType, char const*)+0x8b
V  [libjvm.so+0x90e7c3]  os::Linux::commit_memory_impl(char*, unsigned long, bool)+0x103
V  [libjvm.so+0x90ed19]  os::pd_commit_memory(char*, unsigned long, unsigned long, bool)+0x29
V  [libjvm.so+0x90867a]  os::commit_memory(char*, unsigned long, unsigned long, bool)+0x2a
V  [libjvm.so+0x97bac3]  PSVirtualSpace::expand_by(unsigned long)+0x53
V  [libjvm.so+0x97cec8]  PSYoungGen::resize_generation(unsigned long, unsigned long)+0xf8
V  [libjvm.so+0x97c022]  PSYoungGen::resize(unsigned long, unsigned long)+0x22
V  [libjvm.so+0x9792fb]  PSScavenge::invoke_no_policy()+0xf7b
V  [libjvm.so+0x979a81]  PSScavenge::invoke()+0x41
V  [libjvm.so+0x932050]  ParallelScavengeHeap::failed_mem_allocate(unsigned long)+0x70
V  [libjvm.so+0xaae1d7]  VM_ParallelGCFailedAllocation::doit()+0x97
V  [libjvm.so+0xab59c5]  VM_Operation::evaluate()+0x55
V  [libjvm.so+0xab3d9a]  VMThread::evaluate_operation(VM_Operation*)+0xba
V  [libjvm.so+0xab411e]  VMThread::loop()+0x1ce
V  [libjvm.so+0xab4590]  VMThread::run()+0x70
V  [libjvm.so+0x910de8]  java_start(Thread*)+0x108

VM_Operation (0x00007f8d5356ac50): ParallelGCFailedAllocation, mode: safepoint, requested by thread 0x00007f8d4c00a000


---------------  P R O C E S S  ---------------

Java Threads: ( => current thread )
  0x00007f8d4c0c2000 JavaThread "Service Thread" daemon [_thread_blocked, id=19362, stack(0x00007f8d38414000,0x00007f8d38515000)]
  0x00007f8d4c0bd000 JavaThread "C1 CompilerThread2" daemon [_thread_blocked, id=19361, stack(0x00007f8d38515000,0x00007f8d38616000)]
  0x00007f8d4c0bb800 JavaThread "C2 CompilerThread1" daemon [_thread_blocked, id=19360, stack(0x00007f8d38616000,0x00007f8d38717000)]
  0x00007f8d4c0b8800 JavaThread "C2 CompilerThread0" daemon [_thread_blocked, id=19359, stack(0x00007f8d38717000,0x00007f8d38818000)]
  0x00007f8d4c0b7000 JavaThread "Signal Dispatcher" daemon [_thread_blocked, id=19358, stack(0x00007f8d38818000,0x00007f8d38919000)]
  0x00007f8d4c07f000 JavaThread "Finalizer" daemon [_thread_blocked, id=19357, stack(0x00007f8d38be2000,0x00007f8d38ce3000)]
  0x00007f8d4c07c800 JavaThread "Reference Handler" daemon [_thread_blocked, id=19356, stack(0x00007f8d38ce3000,0x00007f8d38de4000)]
  0x00007f8d4c00a000 JavaThread "main" [_thread_blocked, id=19347, stack(0x00007f8d5346d000,0x00007f8d5356e000)]

Other Threads:
=>0x00007f8d4c077800 VMThread [stack: 0x00007f8d38de4000,0x00007f8d38ee5000] [id=19355]
  0x00007f8d4c0c4800 WatcherThread [stack: 0x00007f8d38313000,0x00007f8d38414000] [id=19363]

VM state:at safepoint (normal execution)

VM Mutex/Monitor currently owned by a thread:  ([mutex/lock_event])
[0x00007f8d4c006350] Threads_lock - owner thread: 0x00007f8d4c077800
[0x00007f8d4c006850] Heap_lock - owner thread: 0x00007f8d4c00a000

Heap:
 PSYoungGen      total 72192K, used 9207K [0x00000000eab00000, 0x00000000efb00000, 0x0000000100000000)
  eden space 62976K, 0% used [0x00000000eab00000,0x00000000eab00000,0x00000000ee880000)
  from space 9216K, 99% used [0x00000000ee880000,0x00000000ef17ddf0,0x00000000ef180000)
  to   space 8704K, 0% used [0x00000000ef180000,0x00000000ef180000,0x00000000efa00000)
 ParOldGen       total 42496K, used 23587K [0x00000000c0000000, 0x00000000c2980000, 0x00000000eab00000)
  object space 42496K, 55% used [0x00000000c0000000,0x00000000c1708f00,0x00000000c2980000)
 Metaspace       used 5929K, capacity 7152K, committed 7296K, reserved 1056768K
  class space    used 546K, capacity 616K, committed 640K, reserved 1048576K

Card table byte_map: [0x00007f8d5004c000,0x00007f8d5024d000] byte_map_base: 0x00007f8d4fa4c000

Marking Bits: (ParMarkBitMap*) 0x00007f8d5294a760
 Begin Bits: [0x00007f8d3aaa6000, 0x00007f8d3baa6000)
 End Bits:   [0x00007f8d3baa6000, 0x00007f8d3caa6000)

Polling page: 0x00007f8d53591000

CodeCache: size=245760Kb used=7409Kb max_used=7409Kb free=238351Kb
 bounds [0x00007f8d3d000000, 0x00007f8d3d750000, 0x00007f8d4c000000]
 total_blobs=1998 nmethods=1735 adapters=178
 compilation: enabled

Compilation events (10 events):
Event: 10.036 Thread 0x00007f8d4c0bd000 1787       2       com.android.dx.rop.code.SwitchInsn::accept (8 bytes)
Event: 10.036 Thread 0x00007f8d4c0bd000 nmethod 1787 0x00007f8d3d6fbd50 code [0x00007f8d3d6fbec0, 0x00007f8d3d6fc048]
Event: 10.075 Thread 0x00007f8d4c0bd000 1788       2       java.util.Arrays::sort (19 bytes)
Event: 10.075 Thread 0x00007f8d4c0bd000 nmethod 1788 0x00007f8d3d727510 code [0x00007f8d3d727680, 0x00007f8d3d727838]
Event: 10.075 Thread 0x00007f8d4c0bd000 1789       2       java.util.DualPivotQuicksort::sort (614 bytes)
Event: 10.077 Thread 0x00007f8d4c0bd000 nmethod 1789 0x00007f8d3d730b90 code [0x00007f8d3d730de0, 0x00007f8d3d731b38]
Event: 10.108 Thread 0x00007f8d4c0bd000 1790       2       com.android.dx.dex.code.BlockAddresses::getStart (7 bytes)
Event: 10.109 Thread 0x00007f8d4c0bd000 nmethod 1790 0x00007f8d3d7307d0 code [0x00007f8d3d730940, 0x00007f8d3d730ab0]
Event: 10.124 Thread 0x00007f8d4c0bd000 1791       2       com.android.dx.rop.type.Type::<init> (8 bytes)
Event: 10.124 Thread 0x00007f8d4c0bd000 nmethod 1791 0x00007f8d3d727190 code [0x00007f8d3d727300, 0x00007f8d3d727488]

GC Heap History (10 events):
Event: 3.200 GC heap after
Heap after GC invocations=2 (full 0):
 PSYoungGen      total 18432K, used 2535K [0x00000000eab00000, 0x00000000ecf00000, 0x0000000100000000)
  eden space 15872K, 0% used [0x00000000eab00000,0x00000000eab00000,0x00000000eba80000)
  from space 2560K, 99% used [0x00000000ebd00000,0x00000000ebf79c78,0x00000000ebf80000)
  to   space 2560K, 0% used [0x00000000eba80000,0x00000000eba80000,0x00000000ebd00000)
 ParOldGen       total 42496K, used 3938K [0x00000000c0000000, 0x00000000c2980000, 0x00000000eab00000)
  object space 42496K, 9% used [0x00000000c0000000,0x00000000c03d89d8,0x00000000c2980000)
 Metaspace       used 5726K, capacity 6960K, committed 7040K, reserved 1056768K
  class space    used 546K, capacity 616K, committed 640K, reserved 1048576K
}
Event: 3.958 GC heap before
{Heap before GC invocations=3 (full 0):
 PSYoungGen      total 18432K, used 18407K [0x00000000eab00000, 0x00000000ecf00000, 0x0000000100000000)
  eden space 15872K, 100% used [0x00000000eab00000,0x00000000eba80000,0x00000000eba80000)
  from space 2560K, 99% used [0x00000000ebd00000,0x00000000ebf79c78,0x00000000ebf80000)
  to   space 2560K, 0% used [0x00000000eba80000,0x00000000eba80000,0x00000000ebd00000)
 ParOldGen       total 42496K, used 3938K [0x00000000c0000000, 0x00000000c2980000, 0x00000000eab00000)
  object space 42496K, 9% used [0x00000000c0000000,0x00000000c03d89d8,0x00000000c2980000)
 Metaspace       used 5771K, capacity 7024K, committed 7296K, reserved 1056768K
  class space    used 546K, capacity 616K, committed 640K, reserved 1048576K
Event: 3.990 GC heap after
Heap after GC invocations=3 (full 0):
 PSYoungGen      total 18432K, used 2554K [0x00000000eab00000, 0x00000000ecf00000, 0x0000000100000000)
  eden space 15872K, 0% used [0x00000000eab00000,0x00000000eab00000,0x00000000eba80000)
  from space 2560K, 99% used [0x00000000eba80000,0x00000000ebcfea80,0x00000000ebd00000)
  to   space 2560K, 0% used [0x00000000ecc80000,0x00000000ecc80000,0x00000000ecf00000)
 ParOldGen       total 42496K, used 6444K [0x00000000c0000000, 0x00000000c2980000, 0x00000000eab00000)
  object space 42496K, 15% used [0x00000000c0000000,0x00000000c064b2a0,0x00000000c2980000)
 Metaspace       used 5771K, capacity 7024K, committed 7296K, reserved 1056768K
  class space    used 546K, capacity 616K, committed 640K, reserved 1048576K
}
Event: 5.317 GC heap before
{Heap before GC invocations=4 (full 0):
 PSYoungGen      total 18432K, used 18426K [0x00000000eab00000, 0x00000000ecf00000, 0x0000000100000000)
  eden space 15872K, 100% used [0x00000000eab00000,0x00000000eba80000,0x00000000eba80000)
  from space 2560K, 99% used [0x00000000eba80000,0x00000000ebcfea80,0x00000000ebd00000)
  to   space 2560K, 0% used [0x00000000ecc80000,0x00000000ecc80000,0x00000000ecf00000)
 ParOldGen       total 42496K, used 6444K [0x00000000c0000000, 0x00000000c2980000, 0x00000000eab00000)
  object space 42496K, 15% used [0x00000000c0000000,0x00000000c064b2a0,0x00000000c2980000)
 Metaspace       used 5844K, capacity 7024K, committed 7296K, reserved 1056768K
  class space    used 546K, capacity 616K, committed 640K, reserved 1048576K
Event: 5.343 GC heap after
Heap after GC invocations=4 (full 0):
 PSYoungGen      total 34304K, used 2560K [0x00000000eab00000, 0x00000000ecf00000, 0x0000000100000000)
  eden space 31744K, 0% used [0x00000000eab00000,0x00000000eab00000,0x00000000eca00000)
  from space 2560K, 100% used [0x00000000ecc80000,0x00000000ecf00000,0x00000000ecf00000)
  to   space 2560K, 0% used [0x00000000eca00000,0x00000000eca00000,0x00000000ecc80000)
 ParOldGen       total 42496K, used 9393K [0x00000000c0000000, 0x00000000c2980000, 0x00000000eab00000)
  object space 42496K, 22% used [0x00000000c0000000,0x00000000c092c548,0x00000000c2980000)
 Metaspace       used 5844K, capacity 7024K, committed 7296K, reserved 1056768K
  class space    used 546K, capacity 616K, committed 640K, reserved 1048576K
}
Event: 7.249 GC heap before
{Heap before GC invocations=5 (full 0):
 PSYoungGen      total 34304K, used 34304K [0x00000000eab00000, 0x00000000ecf00000, 0x0000000100000000)
  eden space 31744K, 100% used [0x00000000eab00000,0x00000000eca00000,0x00000000eca00000)
  from space 2560K, 100% used [0x00000000ecc80000,0x00000000ecf00000,0x00000000ecf00000)
  to   space 2560K, 0% used [0x00000000eca00000,0x00000000eca00000,0x00000000ecc80000)
 ParOldGen       total 42496K, used 9393K [0x00000000c0000000, 0x00000000c2980000, 0x00000000eab00000)
  object space 42496K, 22% used [0x00000000c0000000,0x00000000c092c548,0x00000000c2980000)
 Metaspace       used 5907K, capacity 7088K, committed 7296K, reserved 1056768K
  class space    used 546K, capacity 616K, committed 640K, reserved 1048576K
Event: 7.324 GC heap after
Heap after GC invocations=5 (full 0):
 PSYoungGen      total 34304K, used 2560K [0x00000000eab00000, 0x00000000efa00000, 0x0000000100000000)
  eden space 31744K, 0% used [0x00000000eab00000,0x00000000eab00000,0x00000000eca00000)
  from space 2560K, 100% used [0x00000000eca00000,0x00000000ecc80000,0x00000000ecc80000)
  to   space 8704K, 0% used [0x00000000ef180000,0x00000000ef180000,0x00000000efa00000)
 ParOldGen       total 42496K, used 15391K [0x00000000c0000000, 0x00000000c2980000, 0x00000000eab00000)
  object space 42496K, 36% used [0x00000000c0000000,0x00000000c0f07c20,0x00000000c2980000)
 Metaspace       used 5907K, capacity 7088K, committed 7296K, reserved 1056768K
  class space    used 546K, capacity 616K, committed 640K, reserved 1048576K
}
Event: 8.199 GC heap before
{Heap before GC invocations=6 (full 0):
 PSYoungGen      total 34304K, used 34304K [0x00000000eab00000, 0x00000000efa00000, 0x0000000100000000)
  eden space 31744K, 100% used [0x00000000eab00000,0x00000000eca00000,0x00000000eca00000)
  from space 2560K, 100% used [0x00000000eca00000,0x00000000ecc80000,0x00000000ecc80000)
  to   space 8704K, 0% used [0x00000000ef180000,0x00000000ef180000,0x00000000efa00000)
 ParOldGen       total 42496K, used 15391K [0x00000000c0000000, 0x00000000c2980000, 0x00000000eab00000)
  object space 42496K, 36% used [0x00000000c0000000,0x00000000c0f07c20,0x00000000c2980000)
 Metaspace       used 5915K, capacity 7088K, committed 7296K, reserved 1056768K
  class space    used 546K, capacity 616K, committed 640K, reserved 1048576K
Event: 8.244 GC heap after
Heap after GC invocations=6 (full 0):
 PSYoungGen      total 71680K, used 7646K [0x00000000eab00000, 0x00000000efb00000, 0x0000000100000000)
  eden space 62976K, 0% used [0x00000000eab00000,0x00000000eab00000,0x00000000ee880000)
  from space 8704K, 87% used [0x00000000ef180000,0x00000000ef8f7bd0,0x00000000efa00000)
  to   space 9216K, 0% used [0x00000000ee880000,0x00000000ee880000,0x00000000ef180000)
 ParOldGen       total 42496K, used 15391K [0x00000000c0000000, 0x00000000c2980000, 0x00000000eab00000)
  object space 42496K, 36% used [0x00000000c0000000,0x00000000c0f07c20,0x00000000c2980000)
 Metaspace       used 5915K, capacity 7088K, committed 7296K, reserved 1056768K
  class space    used 546K, capacity 616K, committed 640K, reserved 1048576K
}
Event: 10.338 GC heap before
{Heap before GC invocations=7 (full 0):
 PSYoungGen      total 71680K, used 70622K [0x00000000eab00000, 0x00000000efb00000, 0x0000000100000000)
  eden space 62976K, 100% used [0x00000000eab00000,0x00000000ee880000,0x00000000ee880000)
  from space 8704K, 87% used [0x00000000ef180000,0x00000000ef8f7bd0,0x00000000efa00000)
  to   space 9216K, 0% used [0x00000000ee880000,0x00000000ee880000,0x00000000ef180000)
 ParOldGen       total 42496K, used 15391K [0x00000000c0000000, 0x00000000c2980000, 0x00000000eab00000)
  object space 42496K, 36% used [0x00000000c0000000,0x00000000c0f07c20,0x00000000c2980000)
 Metaspace       used 5929K, capacity 7152K, committed 7296K, reserved 1056768K
  class space    used 546K, capacity 616K, committed 640K, reserved 1048576K

Deoptimization events (10 events):
Event: 8.105 Thread 0x00007f8d4c00a000 Uncommon trap: reason=null_check action=make_not_entrant pc=0x00007f8d3d6e3498 method=com.android.dx.ssa.SsaRenamer.getLocalForNewReg(I)Lcom/android/dx/rop/code/LocalItem; @ 19
Event: 8.257 Thread 0x00007f8d4c00a000 Uncommon trap: reason=class_check action=maybe_recompile pc=0x00007f8d3d504ea8 method=java.util.HashMap.putVal(ILjava/lang/Object;Ljava/lang/Object;ZZ)Ljava/lang/Object; @ 203
Event: 8.258 Thread 0x00007f8d4c00a000 Uncommon trap: reason=bimorphic action=maybe_recompile pc=0x00007f8d3d529cf4 method=java.util.HashMap.getNode(ILjava/lang/Object;)Ljava/util/HashMap$Node; @ 126
Event: 8.258 Thread 0x00007f8d4c00a000 Uncommon trap: reason=bimorphic action=maybe_recompile pc=0x00007f8d3d529cf4 method=java.util.HashMap.getNode(ILjava/lang/Object;)Ljava/util/HashMap$Node; @ 126
Event: 8.273 Thread 0x00007f8d4c00a000 Uncommon trap: reason=bimorphic action=maybe_recompile pc=0x00007f8d3d64c980 method=com.android.dx.ssa.SCCP.setLatticeValueTo(IILcom/android/dx/rop/cst/Constant;)Z @ 43
Event: 8.273 Thread 0x00007f8d4c00a000 Uncommon trap: reason=bimorphic action=maybe_recompile pc=0x00007f8d3d64c980 method=com.android.dx.ssa.SCCP.setLatticeValueTo(IILcom/android/dx/rop/cst/Constant;)Z @ 43
Event: 9.045 Thread 0x00007f8d4c00a000 Uncommon trap: reason=bimorphic action=maybe_recompile pc=0x00007f8d3d6bde8c method=com.android.dx.cf.code.BytecodeArray.parseInstruction(ILcom/android/dx/cf/code/BytecodeArray$Visitor;)I @ 2484
Event: 9.045 Thread 0x00007f8d4c00a000 Uncommon trap: reason=bimorphic action=maybe_recompile pc=0x00007f8d3d6bde8c method=com.android.dx.cf.code.BytecodeArray.parseInstruction(ILcom/android/dx/cf/code/BytecodeArray$Visitor;)I @ 2484
Event: 9.126 Thread 0x00007f8d4c00a000 Uncommon trap: reason=bimorphic action=maybe_recompile pc=0x00007f8d3d6ba21c method=com.android.dx.cf.code.BytecodeArray.parseInstruction(ILcom/android/dx/cf/code/BytecodeArray$Visitor;)I @ 2281
Event: 9.126 Thread 0x00007f8d4c00a000 Uncommon trap: reason=bimorphic action=maybe_recompile pc=0x00007f8d3d6ba21c method=com.android.dx.cf.code.BytecodeArray.parseInstruction(ILcom/android/dx/cf/code/BytecodeArray$Visitor;)I @ 2281

Internal exceptions (4 events):
Event: 0.111 Thread 0x00007f8d4c00a000 Exception <a 'java/lang/NoSuchMethodError': Method sun.misc.Unsafe.defineClass(Ljava/lang/String;[BII)Ljava/lang/Class; name or signature does not match> (0x00000000eab12a38) thrown at [/RE-WORK/workspace/8-2-build-linux-amd64/jdk8u45/3457/hotspot/src/sha
Event: 0.111 Thread 0x00007f8d4c00a000 Exception <a 'java/lang/NoSuchMethodError': Method sun.misc.Unsafe.prefetchRead(Ljava/lang/Object;J)V name or signature does not match> (0x00000000eab12cc8) thrown at [/RE-WORK/workspace/8-2-build-linux-amd64/jdk8u45/3457/hotspot/src/share/vm/prims/jni.cp
Event: 5.047 Thread 0x00007f8d4c00a000 Implicit null exception at 0x00007f8d3d4a63a2 to 0x00007f8d3d4a6442
Event: 8.105 Thread 0x00007f8d4c00a000 Implicit null exception at 0x00007f8d3d6e12f8 to 0x00007f8d3d6e3465

Events (10 events):
Event: 9.045 Thread 0x00007f8d4c00a000 Uncommon trap: trap_request=0xffffffc6 fr.pc=0x00007f8d3d6bde8c
Event: 9.045 Thread 0x00007f8d4c00a000 DEOPT PACKING pc=0x00007f8d3d6bde8c sp=0x00007f8d5356b760
Event: 9.045 Thread 0x00007f8d4c00a000 DEOPT UNPACKING pc=0x00007f8d3d005229 sp=0x00007f8d5356b728 mode 2
Event: 9.126 Thread 0x00007f8d4c00a000 Uncommon trap: trap_request=0xffffffc6 fr.pc=0x00007f8d3d6ba21c
Event: 9.126 Thread 0x00007f8d4c00a000 DEOPT PACKING pc=0x00007f8d3d6ba21c sp=0x00007f8d5356b900
Event: 9.126 Thread 0x00007f8d4c00a000 DEOPT UNPACKING pc=0x00007f8d3d005229 sp=0x00007f8d5356b8d0 mode 2
Event: 9.126 Thread 0x00007f8d4c00a000 Uncommon trap: trap_request=0xffffffc6 fr.pc=0x00007f8d3d6ba21c
Event: 9.126 Thread 0x00007f8d4c00a000 DEOPT PACKING pc=0x00007f8d3d6ba21c sp=0x00007f8d5356b760
Event: 9.126 Thread 0x00007f8d4c00a000 DEOPT UNPACKING pc=0x00007f8d3d005229 sp=0x00007f8d5356b730 mode 2
Event: 10.243 Executing VM operation: ParallelGCFailedAllocation


Dynamic libraries:
00400000-00401000 r-xp 00000000 08:03 1572315                            /opt/java/jdk1.8.0_45/bin/java
00600000-00601000 rw-p 00000000 08:03 1572315                            /opt/java/jdk1.8.0_45/bin/java
01a74000-01a95000 rw-p 00000000 00:00 0                                  [heap]
c0000000-c2980000 rw-p 00000000 00:00 0 
c2980000-eab00000 ---p 00000000 00:00 0 
eab00000-efb00000 rw-p 00000000 00:00 0 
f4200000-100000000 ---p 00000000 00:00 0 
100000000-1000a0000 rw-p 00000000 00:00 0 
1000a0000-140000000 ---p 00000000 00:00 0 
7f8d04000000-7f8d04021000 rw-p 00000000 00:00 0 
7f8d04021000-7f8d08000000 ---p 00000000 00:00 0 
7f8d08000000-7f8d08021000 rw-p 00000000 00:00 0 
7f8d08021000-7f8d0c000000 ---p 00000000 00:00 0 
7f8d0c000000-7f8d0cbca000 rw-p 00000000 00:00 0 
7f8d0cbca000-7f8d10000000 ---p 00000000 00:00 0 
7f8d10000000-7f8d10a19000 rw-p 00000000 00:00 0 
7f8d10a19000-7f8d14000000 ---p 00000000 00:00 0 
7f8d14000000-7f8d14021000 rw-p 00000000 00:00 0 
7f8d14021000-7f8d18000000 ---p 00000000 00:00 0 
7f8d18000000-7f8d18cc7000 rw-p 00000000 00:00 0 
7f8d18cc7000-7f8d1c000000 ---p 00000000 00:00 0 
7f8d1c000000-7f8d1c021000 rw-p 00000000 00:00 0 
7f8d1c021000-7f8d20000000 ---p 00000000 00:00 0 
7f8d20000000-7f8d20021000 rw-p 00000000 00:00 0 
7f8d20021000-7f8d24000000 ---p 00000000 00:00 0 
7f8d24000000-7f8d24021000 rw-p 00000000 00:00 0 
7f8d24021000-7f8d28000000 ---p 00000000 00:00 0 
7f8d28000000-7f8d28292000 rw-p 00000000 00:00 0 
7f8d28292000-7f8d2c000000 ---p 00000000 00:00 0 
7f8d2c000000-7f8d2c021000 rw-p 00000000 00:00 0 
7f8d2c021000-7f8d30000000 ---p 00000000 00:00 0 
7f8d30000000-7f8d30021000 rw-p 00000000 00:00 0 
7f8d30021000-7f8d34000000 ---p 00000000 00:00 0 
7f8d34000000-7f8d34021000 rw-p 00000000 00:00 0 
7f8d34021000-7f8d38000000 ---p 00000000 00:00 0 
7f8d382f3000-7f8d38304000 r--s 000a6000 00:19 11273048                   /home/mike/AndroidStudioProjects/Wordist/app/build/intermediates/exploded-aar/com.google.android.gms/play-services-base/7.5.0/jars/classes.jar
7f8d38304000-7f8d38313000 r--s 000dd000 00:19 9438599                    /home/mike/Android/Sdk/build-tools/22.0.1/lib/dx.jar
7f8d38313000-7f8d38314000 ---p 00000000 00:00 0 
7f8d38314000-7f8d38414000 rw-p 00000000 00:00 0                          [stack:19363]
7f8d38414000-7f8d38417000 ---p 00000000 00:00 0 
7f8d38417000-7f8d38515000 rw-p 00000000 00:00 0                          [stack:19362]
7f8d38515000-7f8d38518000 ---p 00000000 00:00 0 
7f8d38518000-7f8d38616000 rw-p 00000000 00:00 0                          [stack:19361]
7f8d38616000-7f8d38619000 ---p 00000000 00:00 0 
7f8d38619000-7f8d38717000 rw-p 00000000 00:00 0                          [stack:19360]
7f8d38717000-7f8d3871a000 ---p 00000000 00:00 0 
7f8d3871a000-7f8d38818000 rw-p 00000000 00:00 0                          [stack:19359]
7f8d38818000-7f8d3881b000 ---p 00000000 00:00 0 
7f8d3881b000-7f8d38919000 rw-p 00000000 00:00 0                          [stack:19358]
7f8d38919000-7f8d38be2000 r--p 00000000 08:03 266989                     /usr/lib/locale/locale-archive
7f8d38be2000-7f8d38be5000 ---p 00000000 00:00 0 
7f8d38be5000-7f8d38ce3000 rw-p 00000000 00:00 0                          [stack:19357]
7f8d38ce3000-7f8d38ce6000 ---p 00000000 00:00 0 
7f8d38ce6000-7f8d38de4000 rw-p 00000000 00:00 0                          [stack:19356]
7f8d38de4000-7f8d38de5000 ---p 00000000 00:00 0 
7f8d38de5000-7f8d39e57000 rw-p 00000000 00:00 0                          [stack:19355]
7f8d39e57000-7f8d3a030000 r--s 03d09000 08:03 1573810                    /opt/java/jdk1.8.0_45/jre/lib/rt.jar
7f8d3a030000-7f8d3a726000 rw-p 00000000 00:00 0 
7f8d3a726000-7f8d3a8a6000 ---p 00000000 00:00 0 
7f8d3a8a6000-7f8d3caa6000 rw-p 00000000 00:00 0 
7f8d3caa6000-7f8d3caa7000 ---p 00000000 00:00 0 
7f8d3caa7000-7f8d3cba7000 rw-p 00000000 00:00 0                          [stack:19354]
7f8d3cba7000-7f8d3cba8000 ---p 00000000 00:00 0 
7f8d3cba8000-7f8d3cca8000 rw-p 00000000 00:00 0                          [stack:19353]
7f8d3cca8000-7f8d3cca9000 ---p 00000000 00:00 0 
7f8d3cca9000-7f8d3cda9000 rw-p 00000000 00:00 0                          [stack:19352]
7f8d3cda9000-7f8d3cdaa000 ---p 00000000 00:00 0 
7f8d3cdaa000-7f8d3cebf000 rw-p 00000000 00:00 0                          [stack:19349]
7f8d3cebf000-7f8d3d000000 ---p 00000000 00:00 0 
7f8d3d000000-7f8d3d750000 rwxp 00000000 00:00 0 
7f8d3d750000-7f8d4c000000 ---p 00000000 00:00 0 
7f8d4c000000-7f8d4c388000 rw-p 00000000 00:00 0 
7f8d4c388000-7f8d50000000 ---p 00000000 00:00 0 
7f8d5000a000-7f8d50061000 rw-p 00000000 00:00 0 
7f8d50061000-7f8d501a1000 ---p 00000000 00:00 0 
7f8d501a1000-7f8d501ca000 rw-p 00000000 00:00 0 
7f8d501ca000-7f8d5024c000 ---p 00000000 00:00 0 
7f8d5024c000-7f8d5026b000 rw-p 00000000 00:00 0 
7f8d5026b000-7f8d5060d000 ---p 00000000 00:00 0 
7f8d5060d000-7f8d50627000 r-xp 00000000 08:03 1574049                    /opt/java/jdk1.8.0_45/jre/lib/amd64/libzip.so
7f8d50627000-7f8d50827000 ---p 0001a000 08:03 1574049                    /opt/java/jdk1.8.0_45/jre/lib/amd64/libzip.so
7f8d50827000-7f8d50828000 rw-p 0001a000 08:03 1574049                    /opt/java/jdk1.8.0_45/jre/lib/amd64/libzip.so
7f8d50828000-7f8d50833000 r-xp 00000000 08:03 131807                     /lib/x86_64-linux-gnu/libnss_files-2.19.so
7f8d50833000-7f8d50a32000 ---p 0000b000 08:03 131807                     /lib/x86_64-linux-gnu/libnss_files-2.19.so
7f8d50a32000-7f8d50a33000 r--p 0000a000 08:03 131807                     /lib/x86_64-linux-gnu/libnss_files-2.19.so
7f8d50a33000-7f8d50a34000 rw-p 0000b000 08:03 131807                     /lib/x86_64-linux-gnu/libnss_files-2.19.so
7f8d50a34000-7f8d50a3f000 r-xp 00000000 08:03 131871                     /lib/x86_64-linux-gnu/libnss_nis-2.19.so
7f8d50a3f000-7f8d50c3e000 ---p 0000b000 08:03 131871                     /lib/x86_64-linux-gnu/libnss_nis-2.19.so
7f8d50c3e000-7f8d50c3f000 r--p 0000a000 08:03 131871                     /lib/x86_64-linux-gnu/libnss_nis-2.19.so
7f8d50c3f000-7f8d50c40000 rw-p 0000b000 08:03 131871                     /lib/x86_64-linux-gnu/libnss_nis-2.19.so
7f8d50c40000-7f8d50c57000 r-xp 00000000 08:03 131829                     /lib/x86_64-linux-gnu/libnsl-2.19.so
7f8d50c57000-7f8d50e56000 ---p 00017000 08:03 131829                     /lib/x86_64-linux-gnu/libnsl-2.19.so
7f8d50e56000-7f8d50e57000 r--p 00016000 08:03 131829                     /lib/x86_64-linux-gnu/libnsl-2.19.so
7f8d50e57000-7f8d50e58000 rw-p 00017000 08:03 131829                     /lib/x86_64-linux-gnu/libnsl-2.19.so
7f8d50e58000-7f8d50e5a000 rw-p 00000000 00:00 0 
7f8d50e5a000-7f8d50e63000 r-xp 00000000 08:03 131828                     /lib/x86_64-linux-gnu/libnss_compat-2.19.so
7f8d50e63000-7f8d51062000 ---p 00009000 08:03 131828                     /lib/x86_64-linux-gnu/libnss_compat-2.19.so
7f8d51062000-7f8d51063000 r--p 00008000 08:03 131828                     /lib/x86_64-linux-gnu/libnss_compat-2.19.so
7f8d51063000-7f8d51064000 rw-p 00009000 08:03 131828                     /lib/x86_64-linux-gnu/libnss_compat-2.19.so
7f8d51064000-7f8d5108e000 r-xp 00000000 08:03 1574040                    /opt/java/jdk1.8.0_45/jre/lib/amd64/libjava.so
7f8d5108e000-7f8d5128e000 ---p 0002a000 08:03 1574040                    /opt/java/jdk1.8.0_45/jre/lib/amd64/libjava.so
7f8d5128e000-7f8d51290000 rw-p 0002a000 08:03 1574040                    /opt/java/jdk1.8.0_45/jre/lib/amd64/libjava.so
7f8d51290000-7f8d5129d000 r-xp 00000000 08:03 1574047                    /opt/java/jdk1.8.0_45/jre/lib/amd64/libverify.so
7f8d5129d000-7f8d5149d000 ---p 0000d000 08:03 1574047                    /opt/java/jdk1.8.0_45/jre/lib/amd64/libverify.so
7f8d5149d000-7f8d5149f000 rw-p 0000d000 08:03 1574047                    /opt/java/jdk1.8.0_45/jre/lib/amd64/libverify.so
7f8d5149f000-7f8d514a6000 r-xp 00000000 08:03 131868                     /lib/x86_64-linux-gnu/librt-2.19.so
7f8d514a6000-7f8d516a5000 ---p 00007000 08:03 131868                     /lib/x86_64-linux-gnu/librt-2.19.so
7f8d516a5000-7f8d516a6000 r--p 00006000 08:03 131868                     /lib/x86_64-linux-gnu/librt-2.19.so
7f8d516a6000-7f8d516a7000 rw-p 00007000 08:03 131868                     /lib/x86_64-linux-gnu/librt-2.19.so
7f8d516a7000-7f8d517ac000 r-xp 00000000 08:03 131806                     /lib/x86_64-linux-gnu/libm-2.19.so
7f8d517ac000-7f8d519ab000 ---p 00105000 08:03 131806                     /lib/x86_64-linux-gnu/libm-2.19.so
7f8d519ab000-7f8d519ac000 r--p 00104000 08:03 131806                     /lib/x86_64-linux-gnu/libm-2.19.so
7f8d519ac000-7f8d519ad000 rw-p 00105000 08:03 131806                     /lib/x86_64-linux-gnu/libm-2.19.so
7f8d519ad000-7f8d5265b000 r-xp 00000000 08:03 1574060                    /opt/java/jdk1.8.0_45/jre/lib/amd64/server/libjvm.so
7f8d5265b000-7f8d5285a000 ---p 00cae000 08:03 1574060                    /opt/java/jdk1.8.0_45/jre/lib/amd64/server/libjvm.so
7f8d5285a000-7f8d52931000 rw-p 00cad000 08:03 1574060                    /opt/java/jdk1.8.0_45/jre/lib/amd64/server/libjvm.so
7f8d52931000-7f8d52975000 rw-p 00000000 00:00 0 
7f8d52975000-7f8d52b30000 r-xp 00000000 08:03 131857                     /lib/x86_64-linux-gnu/libc-2.19.so
7f8d52b30000-7f8d52d2f000 ---p 001bb000 08:03 131857                     /lib/x86_64-linux-gnu/libc-2.19.so
7f8d52d2f000-7f8d52d33000 r--p 001ba000 08:03 131857                     /lib/x86_64-linux-gnu/libc-2.19.so
7f8d52d33000-7f8d52d35000 rw-p 001be000 08:03 131857                     /lib/x86_64-linux-gnu/libc-2.19.so
7f8d52d35000-7f8d52d3a000 rw-p 00000000 00:00 0 
7f8d52d3a000-7f8d52d3d000 r-xp 00000000 08:03 131810                     /lib/x86_64-linux-gnu/libdl-2.19.so
7f8d52d3d000-7f8d52f3c000 ---p 00003000 08:03 131810                     /lib/x86_64-linux-gnu/libdl-2.19.so
7f8d52f3c000-7f8d52f3d000 r--p 00002000 08:03 131810                     /lib/x86_64-linux-gnu/libdl-2.19.so
7f8d52f3d000-7f8d52f3e000 rw-p 00003000 08:03 131810                     /lib/x86_64-linux-gnu/libdl-2.19.so
7f8d52f3e000-7f8d52f53000 r-xp 00000000 08:03 1573749                    /opt/java/jdk1.8.0_45/lib/amd64/jli/libjli.so
7f8d52f53000-7f8d53153000 ---p 00015000 08:03 1573749                    /opt/java/jdk1.8.0_45/lib/amd64/jli/libjli.so
7f8d53153000-7f8d53154000 rw-p 00015000 08:03 1573749                    /opt/java/jdk1.8.0_45/lib/amd64/jli/libjli.so
7f8d53154000-7f8d5316d000 r-xp 00000000 08:03 131858                     /lib/x86_64-linux-gnu/libpthread-2.19.so
7f8d5316d000-7f8d5336c000 ---p 00019000 08:03 131858                     /lib/x86_64-linux-gnu/libpthread-2.19.so
7f8d5336c000-7f8d5336d000 r--p 00018000 08:03 131858                     /lib/x86_64-linux-gnu/libpthread-2.19.so
7f8d5336d000-7f8d5336e000 rw-p 00019000 08:03 131858                     /lib/x86_64-linux-gnu/libpthread-2.19.so
7f8d5336e000-7f8d53372000 rw-p 00000000 00:00 0 
7f8d53372000-7f8d53395000 r-xp 00000000 08:03 131833                     /lib/x86_64-linux-gnu/ld-2.19.so
7f8d5339b000-7f8d5346d000 rw-p 00000000 00:00 0 
7f8d5346d000-7f8d53470000 ---p 00000000 00:00 0 
7f8d53470000-7f8d53573000 rw-p 00000000 00:00 0                          [stack:19347]
7f8d53573000-7f8d53574000 r--p 00000000 08:03 672594                     /usr/share/locale-langpack/en_GB/LC_MESSAGES/libc.mo
7f8d53574000-7f8d53588000 rw-p 00000000 00:00 0 
7f8d53588000-7f8d53590000 rw-s 00000000 08:03 1574117                    /tmp/hsperfdata_mike/19345
7f8d53590000-7f8d53591000 rw-p 00000000 00:00 0 
7f8d53591000-7f8d53592000 ---p 00000000 00:00 0 
7f8d53592000-7f8d53594000 rw-p 00000000 00:00 0 
7f8d53594000-7f8d53595000 r--p 00022000 08:03 131833                     /lib/x86_64-linux-gnu/ld-2.19.so
7f8d53595000-7f8d53596000 rw-p 00023000 08:03 131833                     /lib/x86_64-linux-gnu/ld-2.19.so
7f8d53596000-7f8d53597000 rw-p 00000000 00:00 0 
7fffbef14000-7fffbef35000 rw-p 00000000 00:00 0                          [stack]
7fffbefe5000-7fffbefe7000 r-xp 00000000 00:00 0                          [vdso]
ffffffffff600000-ffffffffff601000 r-xp 00000000 00:00 0                  [vsyscall]

VM Arguments:
jvm_args: -Xmx1024M -Dfile.encoding=UTF-8 -Duser.country=GB -Duser.language=en -Duser.variant 
java_command: com.android.dx.command.Main --dex --output /home/mike/AndroidStudioProjects/Wordist/app/build/intermediates/pre-dexed/debug/classes-d3188609738824ad1ea909b07182f672b4c10e72.jar /home/mike/AndroidStudioProjects/Wordist/app/build/intermediates/exploded-aar/com.google.android.gms/play-services-base/7.5.0/jars/classes.jar
java_class_path (initial): /home/mike/Android/Sdk/build-tools/22.0.1/lib/dx.jar
Launcher Type: SUN_STANDARD

Environment Variables:
PATH=/usr/local/sbin:/usr/local/bin:/usr/sbin:/usr/bin:/sbin:/bin:/usr/games:/usr/local/games
USERNAME=mike
LD_LIBRARY_PATH=/opt/android-studio/bin:
SHELL=/bin/bash
DISPLAY=:0

Signal Handlers:
SIGSEGV: [libjvm.so+0xaad1e0], sa_mask[0]=11111111011111111101111111111110, sa_flags=SA_RESTART|SA_SIGINFO
SIGBUS: [libjvm.so+0xaad1e0], sa_mask[0]=11111111011111111101111111111110, sa_flags=SA_RESTART|SA_SIGINFO
SIGFPE: [libjvm.so+0x90b450], sa_mask[0]=11111111011111111101111111111110, sa_flags=SA_RESTART|SA_SIGINFO
SIGPIPE: [libjvm.so+0x90b450], sa_mask[0]=11111111011111111101111111111110, sa_flags=SA_RESTART|SA_SIGINFO
SIGXFSZ: [libjvm.so+0x90b450], sa_mask[0]=11111111011111111101111111111110, sa_flags=SA_RESTART|SA_SIGINFO
SIGILL: [libjvm.so+0x90b450], sa_mask[0]=11111111011111111101111111111110, sa_flags=SA_RESTART|SA_SIGINFO
SIGUSR1: SIG_DFL, sa_mask[0]=00000000000000000000000000000000, sa_flags=none
SIGUSR2: [libjvm.so+0x90ca90], sa_mask[0]=00100000000000000000000000000000, sa_flags=SA_RESTART|SA_SIGINFO
SIGHUP: [libjvm.so+0x90dde0], sa_mask[0]=11111111011111111101111111111110, sa_flags=SA_RESTART|SA_SIGINFO
SIGINT: [libjvm.so+0x90dde0], sa_mask[0]=11111111011111111101111111111110, sa_flags=SA_RESTART|SA_SIGINFO
SIGTERM: [libjvm.so+0x90dde0], sa_mask[0]=11111111011111111101111111111110, sa_flags=SA_RESTART|SA_SIGINFO
SIGQUIT: [libjvm.so+0x90dde0], sa_mask[0]=11111111011111111101111111111110, sa_flags=SA_RESTART|SA_SIGINFO


---------------  S Y S T E M  ---------------

OS:DISTRIB_ID=LinuxMint
DISTRIB_RELEASE=17.2
DISTRIB_CODENAME=rafaela
DISTRIB_DESCRIPTION="Linux Mint 17.2 Rafaela"

uname:Linux 3.13.0-37-generic #64-Ubuntu SMP Mon Sep 22 21:28:38 UTC 2014 x86_64
libc:glibc 2.19 NPTL 2.19 
rlimit: STACK 8192k, CORE 0k, NPROC 30882, NOFILE 4096, AS infinity
load average:6.47 2.19 1.70

/proc/meminfo:
MemTotal:        4048044 kB
MemFree:          140216 kB
Buffers:            1044 kB
Cached:           105436 kB
SwapCached:            0 kB
Active:          3339964 kB
Inactive:         102464 kB
Active(anon):    3339176 kB
Inactive(anon):    44884 kB
Active(file):        788 kB
Inactive(file):    57580 kB
Unevictable:         232 kB
Mlocked:             232 kB
SwapTotal:             0 kB
SwapFree:              0 kB
Dirty:                48 kB
Writeback:             0 kB
AnonPages:       3336576 kB
Mapped:           213684 kB
Shmem:             47716 kB
Slab:              72608 kB
SReclaimable:      27288 kB
SUnreclaim:        45320 kB
KernelStack:        5632 kB
PageTables:        41412 kB
NFS_Unstable:          0 kB
Bounce:                0 kB
WritebackTmp:          0 kB
CommitLimit:     2024020 kB
Committed_AS:    6765944 kB
VmallocTotal:   34359738367 kB
VmallocUsed:      306232 kB
VmallocChunk:   34359429364 kB
HardwareCorrupted:     0 kB
AnonHugePages:   1224704 kB
HugePages_Total:       0
HugePages_Free:        0
HugePages_Rsvd:        0
HugePages_Surp:        0
Hugepagesize:       2048 kB
DirectMap4k:      413248 kB
DirectMap2M:     3780608 kB
DirectMap1G:           0 kB


CPU:total 4 (4 cores per cpu, 1 threads per core) family 16 model 4 stepping 2, cmov, cx8, fxsr, mmx, sse, sse2, sse3, popcnt, mmxext, 3dnowpref, lzcnt, sse4a, tsc, tscinvbit, tscinv

/proc/cpuinfo:
processor	: 0
vendor_id	: AuthenticAMD
cpu family	: 16
model		: 4
model name	: AMD Phenom(tm) II X4 955 Processor
stepping	: 2
microcode	: 0x1000086
cpu MHz		: 800.000
cache size	: 512 KB
physical id	: 0
siblings	: 4
core id		: 0
cpu cores	: 4
apicid		: 0
initial apicid	: 0
fpu		: yes
fpu_exception	: yes
cpuid level	: 5
wp		: yes
flags		: fpu vme de pse tsc msr pae mce cx8 apic sep mtrr pge mca cmov pat pse36 clflush mmx fxsr sse sse2 ht syscall nx mmxext fxsr_opt pdpe1gb rdtscp lm 3dnowext 3dnow constant_tsc rep_good nopl nonstop_tsc extd_apicid pni monitor cx16 popcnt lahf_lm cmp_legacy svm extapic cr8_legacy abm sse4a misalignsse 3dnowprefetch osvw ibs skinit wdt hw_pstate npt lbrv svm_lock nrip_save
bogomips	: 6399.87
TLB size	: 1024 4K pages
clflush size	: 64
cache_alignment	: 64
address sizes	: 48 bits physical, 48 bits virtual
power management: ts ttp tm stc 100mhzsteps hwpstate

processor	: 1
vendor_id	: AuthenticAMD
cpu family	: 16
model		: 4
model name	: AMD Phenom(tm) II X4 955 Processor
stepping	: 2
microcode	: 0x1000086
cpu MHz		: 2100.000
cache size	: 512 KB
physical id	: 0
siblings	: 4
core id		: 1
cpu cores	: 4
apicid		: 1
initial apicid	: 1
fpu		: yes
fpu_exception	: yes
cpuid level	: 5
wp		: yes
flags		: fpu vme de pse tsc msr pae mce cx8 apic sep mtrr pge mca cmov pat pse36 clflush mmx fxsr sse sse2 ht syscall nx mmxext fxsr_opt pdpe1gb rdtscp lm 3dnowext 3dnow constant_tsc rep_good nopl nonstop_tsc extd_apicid pni monitor cx16 popcnt lahf_lm cmp_legacy svm extapic cr8_legacy abm sse4a misalignsse 3dnowprefetch osvw ibs skinit wdt hw_pstate npt lbrv svm_lock nrip_save
bogomips	: 6399.87
TLB size	: 1024 4K pages
clflush size	: 64
cache_alignment	: 64
address sizes	: 48 bits physical, 48 bits virtual
power management: ts ttp tm stc 100mhzsteps hwpstate

processor	: 2
vendor_id	: AuthenticAMD
cpu family	: 16
model		: 4
model name	: AMD Phenom(tm) II X4 955 Processor
stepping	: 2
microcode	: 0x1000086
cpu MHz		: 3200.000
cache size	: 512 KB
physical id	: 0
siblings	: 4
core id		: 2
cpu cores	: 4
apicid		: 2
initial apicid	: 2
fpu		: yes
fpu_exception	: yes
cpuid level	: 5
wp		: yes
flags		: fpu vme de pse tsc msr pae mce cx8 apic sep mtrr pge mca cmov pat pse36 clflush mmx fxsr sse sse2 ht syscall nx mmxext fxsr_opt pdpe1gb rdtscp lm 3dnowext 3dnow constant_tsc rep_good nopl nonstop_tsc extd_apicid pni monitor cx16 popcnt lahf_lm cmp_legacy svm extapic cr8_legacy abm sse4a misalignsse 3dnowprefetch osvw ibs skinit wdt hw_pstate npt lbrv svm_lock nrip_save
bogomips	: 6399.87
TLB size	: 1024 4K pages
clflush size	: 64
cache_alignment	: 64
address sizes	: 48 bits physical, 48 bits virtual
power management: ts ttp tm stc 100mhzsteps hwpstate

processor	: 3
vendor_id	: AuthenticAMD
cpu family	: 16
model		: 4
model name	: AMD Phenom(tm) II X4 955 Processor
stepping	: 2
microcode	: 0x1000086
cpu MHz		: 3200.000
cache size	: 512 KB
physical id	: 0
siblings	: 4
core id		: 3
cpu cores	: 4
apicid		: 3
initial apicid	: 3
fpu		: yes
fpu_exception	: yes
cpuid level	: 5
wp		: yes
flags		: fpu vme de pse tsc msr pae mce cx8 apic sep mtrr pge mca cmov pat pse36 clflush mmx fxsr sse sse2 ht syscall nx mmxext fxsr_opt pdpe1gb rdtscp lm 3dnowext 3dnow constant_tsc rep_good nopl nonstop_tsc extd_apicid pni monitor cx16 popcnt lahf_lm cmp_legacy svm extapic cr8_legacy abm sse4a misalignsse 3dnowprefetch osvw ibs skinit wdt hw_pstate npt lbrv svm_lock nrip_save
bogomips	: 6399.87
TLB size	: 1024 4K pages
clflush size	: 64
cache_alignment	: 64
address sizes	: 48 bits physical, 48 bits virtual
power management: ts ttp tm stc 100mhzsteps hwpstate



Memory: 4k page, physical 4048044k(140216k free), swap 0k(0k free)

vm_info: Java HotSpot(TM) 64-Bit Server VM (25.45-b02) for linux-amd64 JRE (1.8.0_45-b14), built on Apr 10 2015 10:07:45 by "java_re" with gcc 4.3.0 20080428 (Red Hat 4.3.0-8)

time: Wed Aug  5 14:42:34 2015
elapsed time: 18 seconds (0d 0h 0m 18s)

